****************************************************************
  Sure Independence Screening and Sparsifying Operator (SISSO)  
             Version SISSO.3.3, July, 2023.                
****************************************************************

Read in data from train.dat
Read in data from SISSO.in
Property type:     1
Number of tasks:        1
Descriptor dimension:        2
Number of samples for the task(s):     36
Restarts :  0
Number of scalar features:       19
Tier of the feature space:        3
Maximal feature complexity (number of operators in a feature):        6
Unit of input primary feature, each represented by a row vector: 
    1.00
    1.00
    1.00
    1.00
    1.00
    1.00
    1.00
    1.00
    1.00
    1.00
    1.00
    1.00
    1.00
    1.00
    1.00
    1.00
    1.00
    1.00
    1.00
The feature will be discarded if the minimum of the maximal abs. value in it <    0.10000E-02
The faature will be discarded if the maximum of the maximal abs. value in it >     0.10000E+06
Size of the SIS-selected (single) subspace :  10000 10000
Operators for feature construction: (+)(-)(*) (+)(-)(*) (+)(-)(*) 
Method for sparse regression:  L0        
Fitting intercept:      T
Metric for model selection: RMSE
Number of the top-ranked models to output:      100
--------------------------------------------------------------------------------

Dimension:   1
-------------------
Feature Construction (FC) starts ...
Population Standard Deviation (SD) of the task 001:   22.35505
Total number of features in the space phi00:             19
Total number of features in the space phi01:            636
Total number of features in the space phi02:         198968
Total number of features in the space phi03:     4881966574
Size of the SIS-selected subspace from phi03:      10000
Time (second) used for this FC:          876.38

Descriptor Identification (DI) starts ...
Total number of SIS-selected features from all dimensions:      10000
 
  1D descriptor: 
     d001 = (((feature12+feature17)-feature18)*((feature10*feature12)-(feature11*feature17)))    feature_ID:000001

  1D model(y=sum(ci*di)+c0): 
     coeff.(ci)_task001:     0.9243866302E+02
             c0_task001:     0.2832632053E+02
     RMSE,MaxAE_task001:     0.1158905287E+02    0.2269293606E+02

     RMSE and MaxAE of the model:  11.589053 22.692936
--------------------------------------------------------------------------------
Time (second) used for this DI:            0.09

Dimension:   2
-------------------
Feature Construction (FC) starts ...
Total number of features in the space phi00:             19
Total number of features in the space phi01:            636
Total number of features in the space phi02:         198968
Total number of features in the space phi03:     4881966574
Size of the SIS-selected subspace from phi03:      10000
Time (second) used for this FC:          878.58

Descriptor Identification (DI) starts ...
Total number of SIS-selected features from all dimensions:      20000
 
Final model/descriptor !
================================================================================
  2D descriptor: 
     d001 = (((feature10+feature12)-feature18)*((feature19-feature4)*(feature11-feature12)))    feature_ID:000506
     d002 = (((feature13-feature17)-feature3)*((feature13-feature3)*(feature16-feature18)))    feature_ID:014818

  2D model(y=sum(ci*di)+c0): 
     coeff.(ci)_task001:    -0.1019947862E+03    0.1148293464E+04
             c0_task001:     0.2284413621E+02
     RMSE,MaxAE_task001:     0.8037372988E+01    0.2346408977E+02

     RMSE and MaxAE of the model:   8.037373 23.464090
================================================================================
Time (second) used for this DI:           25.65
Total time (second):         1781.65
Have a nice day !    

