
       ==============================================
       |                                            |
       |                 C R E S T                  |
       |                                            |
       |  Conformer-Rotamer Ensemble Sampling Tool  |
       |          based on the GFN methods          |
       |             P.Pracht, S.Grimme             |
       |          Universitaet Bonn, MCTC           |
       ==============================================
       Version 2.12,   Thu 19. Mai 16:32:32 CEST 2022
  Using the xTB program. Compatible with xTB version 6.4.0

   Cite work conducted with this code as

   • P.Pracht, F.Bohle, S.Grimme, PCCP, 2020, 22, 7169-7192.
   • S.Grimme, JCTC, 2019, 15, 2847-2862.

   and for works involving QCG as

   • S.Spicher, C.Plett, P.Pracht, A.Hansen, S.Grimme,
     JCTC, 2022, 18 (5), 3174-3189.

   with help from:
   C.Bannwarth, F.Bohle, S.Ehlert, S.Grimme,
   C.Plett, P.Pracht, S.Spicher

   This program is distributed in the hope that it will be useful,
   but WITHOUT ANY WARRANTY; without even the implied warranty of
   MERCHANTABILITY or FITNESS FOR A PARTICULAR PURPOSE.

 Command line input:
 > crest out.xyz --gfn 2 --chrg 0 -T 1 --noreftopo

  -gfn2 : Use of GFN2-xTB requested.
  --chrg 0
  -T 1 (CPUs/Threads selected)

 -------------------------
 xTB Geometry Optimization
 -------------------------
 Geometry successfully optimized.

------------------------------------------------
Generating MTD length from a flexibility measure
------------------------------------------------
 Calculating WBOs... done.
 Calculating NCI flexibility... done.
     covalent flexibility measure :   0.314
 non-covalent flexibility measure :   0.519
 flexibility measure :   0.302
 t(MTD) / ps    :     7.0
 Σ(t(MTD)) / ps :    98.0 (14 MTDs)

-------------------------------------
Starting a trial MTD to test settings
-------------------------------------
 Estimated runtime for one MTD (7.0 ps) on a single thread: 43 min 52 sec
 Estimated runtime for a batch of 14 MTDs on 1 threads: 10 h 14 min 10 sec

 list of Vbias parameters applied:
$metadyn    0.00300   1.300
$metadyn    0.00150   1.300
$metadyn    0.00075   1.300
$metadyn    0.00300   0.780
$metadyn    0.00150   0.780
$metadyn    0.00075   0.780
$metadyn    0.00300   0.468
$metadyn    0.00150   0.468
$metadyn    0.00075   0.468
$metadyn    0.00300   0.281
$metadyn    0.00150   0.281
$metadyn    0.00075   0.281
$metadyn    0.00100   0.100
$metadyn    0.00500   0.800

*******************************************************************************************
**                        N E W    I T E R A T I O N    C Y C L E                        **
*******************************************************************************************

========================================
            MTD Iteration  1
========================================

     ========================================
     |         Meta-MD (MTD) Sampling       |
     ========================================

Starting Meta-MD  14 with the settings:
     MD time /ps        :     7.0
     dt /fs             :     5.0
     dumpstep(trj) /fs  :     100
     dumpstep(Vbias)/ps :     1.0
     Vbias factor k /Eh :  0.1800
     Vbias exp α /bohr⁻²:    0.80
*Meta-MTD 14 finished*
Starting Meta-MD  13 with the settings:
     MD time /ps        :     7.0
     dt /fs             :     5.0
     dumpstep(trj) /fs  :     100
     dumpstep(Vbias)/ps :     1.0
     Vbias factor k /Eh :  0.0360
     Vbias exp α /bohr⁻²:    0.10
*Meta-MTD 13 finished*
Starting Meta-MD  12 with the settings:
     MD time /ps        :     7.0
     dt /fs             :     5.0
     dumpstep(trj) /fs  :     100
     dumpstep(Vbias)/ps :     1.0
     Vbias factor k /Eh :  0.0270
     Vbias exp α /bohr⁻²:    0.28
*Meta-MTD 12 finished*
Starting Meta-MD  11 with the settings:
     MD time /ps        :     7.0
     dt /fs             :     5.0
     dumpstep(trj) /fs  :     100
     dumpstep(Vbias)/ps :     1.0
     Vbias factor k /Eh :  0.0540
     Vbias exp α /bohr⁻²:    0.28
*Meta-MTD 11 finished*
Starting Meta-MD  10 with the settings:
     MD time /ps        :     7.0
     dt /fs             :     5.0
     dumpstep(trj) /fs  :     100
     dumpstep(Vbias)/ps :     1.0
     Vbias factor k /Eh :  0.1080
     Vbias exp α /bohr⁻²:    0.28
*Meta-MTD 10 finished*
Starting Meta-MD   9 with the settings:
     MD time /ps        :     7.0
     dt /fs             :     5.0
     dumpstep(trj) /fs  :     100
     dumpstep(Vbias)/ps :     1.0
     Vbias factor k /Eh :  0.0270
     Vbias exp α /bohr⁻²:    0.47
*Meta-MTD 9 finished*
Starting Meta-MD   8 with the settings:
     MD time /ps        :     7.0
     dt /fs             :     5.0
     dumpstep(trj) /fs  :     100
     dumpstep(Vbias)/ps :     1.0
     Vbias factor k /Eh :  0.0540
     Vbias exp α /bohr⁻²:    0.47
*Meta-MTD 8 finished*
Starting Meta-MD   7 with the settings:
     MD time /ps        :     7.0
     dt /fs             :     5.0
     dumpstep(trj) /fs  :     100
     dumpstep(Vbias)/ps :     1.0
     Vbias factor k /Eh :  0.1080
     Vbias exp α /bohr⁻²:    0.47
*Meta-MTD 7 finished*
Starting Meta-MD   6 with the settings:
     MD time /ps        :     7.0
     dt /fs             :     5.0
     dumpstep(trj) /fs  :     100
     dumpstep(Vbias)/ps :     1.0
     Vbias factor k /Eh :  0.0270
     Vbias exp α /bohr⁻²:    0.78
*Meta-MTD 6 finished*
Starting Meta-MD   5 with the settings:
     MD time /ps        :     7.0
     dt /fs             :     5.0
     dumpstep(trj) /fs  :     100
     dumpstep(Vbias)/ps :     1.0
     Vbias factor k /Eh :  0.0540
     Vbias exp α /bohr⁻²:    0.78
*Meta-MTD 5 finished*
Starting Meta-MD   4 with the settings:
     MD time /ps        :     7.0
     dt /fs             :     5.0
     dumpstep(trj) /fs  :     100
     dumpstep(Vbias)/ps :     1.0
     Vbias factor k /Eh :  0.1080
     Vbias exp α /bohr⁻²:    0.78
*Meta-MTD 4 finished*
Starting Meta-MD   3 with the settings:
     MD time /ps        :     7.0
     dt /fs             :     5.0
     dumpstep(trj) /fs  :     100
     dumpstep(Vbias)/ps :     1.0
     Vbias factor k /Eh :  0.0270
     Vbias exp α /bohr⁻²:    1.30
*Meta-MTD 3 finished*
Starting Meta-MD   2 with the settings:
     MD time /ps        :     7.0
     dt /fs             :     5.0
     dumpstep(trj) /fs  :     100
     dumpstep(Vbias)/ps :     1.0
     Vbias factor k /Eh :  0.0540
     Vbias exp α /bohr⁻²:    1.30
*Meta-MTD 2 finished*
Starting Meta-MD   1 with the settings:
     MD time /ps        :     7.0
     dt /fs             :     5.0
     dumpstep(trj) /fs  :     100
     dumpstep(Vbias)/ps :     1.0
     Vbias factor k /Eh :  0.1080
     Vbias exp α /bohr⁻²:    1.30
*Meta-MTD 1 finished*

-----------------------
Multilevel Optimization
-----------------------

 -------------------------
 1. crude pre-optimization
 -------------------------
 Optimizing all 966 structures from file "crest_rotamers_0.xyz" ...
 1 2 3 4 5 6 7 8 9 10 11 12 13 14 15 16 17 18 19 20 21 22 23 24 25 26 27 28 29 30 31 32 33 34 35 36 37 38 39 40 41 42 43 44 45 46 47 48 49 50 51 52 53 54 55 56 57 58 59 60 61 62 63 64 65 66 67 68 69 70 71 72 73 74 75 76 77 78 79 80 81 82 83 84 85 86 87 88 89 90 91 92 93 94 95 96 97 98 99 100 101 102 103 104 105 106 107 108 109 110 111 112 113 114 115 116 117 118 119 120 121 122 123 124 125 126 127 128 129 130 131 132 133 134 135 136 137 138 139 140 141 142 143 144 145 146 147 148 149 150 151 152 153 154 155 156 157 158 159 160 161 162 163 164 165 166 167 168 169 170 171 172 173 174 175 176 177 178 179 180 181 182 183 184 185 186 187 188 189 190 191 192 193 194 195 196 197 198 199 200 201 202 203 204 205 206 207 208 209 210 211 212 213 214 215 216 217 218 219 220 221 222 223 224 225 226 227 228 229 230 231 232 233 234 235 236 237 238 239 240 241 242 243 244 245 246 247 248 249 250 251 252 253 254 255 256 257 258 259 260 261 262 263 264 265 266 267 268 269 270 271 272 273 274 275 276 277 278 279 280 281 282 283 284 285 286 287 288 289 290 291 292 293 294 295 296 297 298 299 300 301 302 303 304 305 306 307 308 309 310 311 312 313 314 315 316 317 318 319 320 321 322 323 324 325 326 327 328 329 330 331 332 333 334 335 336 337 338 339 340 341 342 343 344 345 346 347 348 349 350 351 352 353 354 355 356 357 358 359 360 361 362 363 364 365 366 367 368 369 370 371 372 373 374 375 376 377 378 379 380 381 382 383 384 385 386 387 388 389 390 391 392 393 394 395 396 397 398 399 400 401 402 403 404 405 406 407 408 409 410 411 412 413 414 415 416 417 418 419 420 421 422 423 424 425 426 427 428 429 430 431 432 433 434 435 436 437 438 439 440 441 442 443 444 445 446 447 448 449 450 451 452 453 454 455 456 457 458 459 460 461 462 463 464 465 466 467 468 469 470 471 472 473 474 475 476 477 478 479 480 481 482 483 484 485 486 487 488 489 490 491 492 493 494 495 496 497 498 499 500 501 502 503 504 505 506 507 508 509 510 511 512 513 514 515 516 517 518 519 520 521 522 523 524 525 526 527 528 529 530 531 532 533 534 535 536 537 538 539 540 541 542 543 544 545 546 547 548 549 550 551 552 553 554 555 556 557 558 559 560 561 562 563 564 565 566 567 568 569 570 571 572 573 574 575 576 577 578 579 580 581 582 583 584 585 586 587 588 589 590 591 592 593 594 595 596 597 598 599 600 601 602 603 604 605 606 607 608 609 610 611 612 613 614 615 616 617 618 619 620 621 622 623 624 625 626 627 628 629 630 631 632 633 634 635 636 637 638 639 640 641 642 643 644 645 646 647 648 649 650 651 652 653 654 655 656 657 658 659 660 661 662 663 664 665 666 667 668 669 670 671 672 673 674 675 676 677 678 679 680 681 682 683 684 685 686 687 688 689 690 691 692 693 694 695 696 697 698 699 700 701 702 703 704 705 706 707 708 709 710 711 712 713 714 715 716 717 718 719 720 721 722 723 724 725 726 727 728 729 730 731 732 733 734 735 736 737 738 739 740 741 742 743 744 745 746 747 748 749 750 751 752 753 754 755 756 757 758 759 760 761 762 763 764 765 766 767 768 769 770 771 772 773 774 775 776 777 778 779 780 781 782 783 784 785 786 787 788 789 790 791 792 793 794 795 796 797 798 799 800 801 802 803 804 805 806 807 808 809 810 811 812 813 814 815 816 817 818 819 820 821 822 823 824 825 826 827 828 829 830 831 832 833 834 835 836 837 838 839 840 841 842 843 844 845 846 847 848 849 850 851 852 853 854 855 856 857 858 859 860 861 862 863 864 865 866 867 868 869 870 871 872 873 874 875 876 877 878 879 880 881 882 883 884 885 886 887 888 889 890 891 892 893 894 895 896 897 898 899 900 901 902 903 904 905 906 907 908 909 910 911 912 913 914 915 916 917 918 919 920 921 922 923 924 925 926 927 928 929 930 931 932 933 934 935 936 937 938 939 940 941 942 943 944 945 946 947 948 949 950 951 952 953 954 955 956 957 958 959 960 961 962 963 964 965 966
 done.
 running RMSDs...
 done.
 E lowest :   -41.02741
 964 structures remain within    12.00 kcal/mol window

 -------------------------------------
 2. optimization with tight thresholds
 -------------------------------------
 Optimizing all 965 structures from file "crest_rotamers_1.xyz" ...
 1 2 3 4 5 6 7 8 9 10 11 12 13 14 15 16 17 18 19 20 21 22 23 24 25 26 27 28 29 30 31 32 33 34 35 36 37 38 39 40 41 42 43 44 45 46 47 48 49 50 51 52 53 54 55 56 57 58 59 60 61 62 63 64 65 66 67 68 69 70 71 72 73 74 75 76 77 78 79 80 81 82 83 84 85 86 87 88 89 90 91 92 93 94 95 96 97 98 99 100 101 102 103 104 105 106 107 108 109 110 111 112 113 114 115 116 117 118 119 120 121 122 123 124 125 126 127 128 129 130 131 132 133 134 135 136 137 138 139 140 141 142 143 144 145 146 147 148 149 150 151 152 153 154 155 156 157 158 159 160 161 162 163 164 165 166 167 168 169 170 171 172 173 174 175 176 177 178 179 180 181 182 183 184 185 186 187 188 189 190 191 192 193 194 195 196 197 198 199 200 201 202 203 204 205 206 207 208 209 210 211 212 213 214 215 216 217 218 219 220 221 222 223 224 225 226 227 228 229 230 231 232 233 234 235 236 237 238 239 240 241 242 243 244 245 246 247 248 249 250 251 252 253 254 255 256 257 258 259 260 261 262 263 264 265 266 267 268 269 270 271 272 273 274 275 276 277 278 279 280 281 282 283 284 285 286 287 288 289 290 291 292 293 294 295 296 297 298 299 300 301 302 303 304 305 306 307 308 309 310 311 312 313 314 315 316 317 318 319 320 321 322 323 324 325 326 327 328 329 330 331 332 333 334 335 336 337 338 339 340 341 342 343 344 345 346 347 348 349 350 351 352 353 354 355 356 357 358 359 360 361 362 363 364 365 366 367 368 369 370 371 372 373 374 375 376 377 378 379 380 381 382 383 384 385 386 387 388 389 390 391 392 393 394 395 396 397 398 399 400 401 402 403 404 405 406 407 408 409 410 411 412 413 414 415 416 417 418 419 420 421 422 423 424 425 426 427 428 429 430 431 432 433 434 435 436 437 438 439 440 441 442 443 444 445 446 447 448 449 450 451 452 453 454 455 456 457 458 459 460 461 462 463 464 465 466 467 468 469 470 471 472 473 474 475 476 477 478 479 480 481 482 483 484 485 486 487 488 489 490 491 492 493 494 495 496 497 498 499 500 501 502 503 504 505 506 507 508 509 510 511 512 513 514 515 516 517 518 519 520 521 522 523 524 525 526 527 528 529 530 531 532 533 534 535 536 537 538 539 540 541 542 543 544 545 546 547 548 549 550 551 552 553 554 555 556 557 558 559 560 561 562 563 564 565 566 567 568 569 570 571 572 573 574 575 576 577 578 579 580 581 582 583 584 585 586 587 588 589 590 591 592 593 594 595 596 597 598 599 600 601 602 603 604 605 606 607 608 609 610 611 612 613 614 615 616 617 618 619 620 621 622 623 624 625 626 627 628 629 630 631 632 633 634 635 636 637 638 639 640 641 642 643 644 645 646 647 648 649 650 651 652 653 654 655 656 657 658 659 660 661 662 663 664 665 666 667 668 669 670 671 672 673 674 675 676 677 678 679 680 681 682 683 684 685 686 687 688 689 690 691 692 693 694 695 696 697 698 699 700 701 702 703 704 705 706 707 708 709 710 711 712 713 714 715 716 717 718 719 720 721 722 723 724 725 726 727 728 729 730 731 732 733 734 735 736 737 738 739 740 741 742 743 744 745 746 747 748 749 750 751 752 753 754 755 756 757 758 759 760 761 762 763 764 765 766 767 768 769 770 771 772 773 774 775 776 777 778 779 780 781 782 783 784 785 786 787 788 789 790 791 792 793 794 795 796 797 798 799 800 801 802 803 804 805 806 807 808 809 810 811 812 813 814 815 816 817 818 819 820 821 822 823 824 825 826 827 828 829 830 831 832 833 834 835 836 837 838 839 840 841 842 843 844 845 846 847 848 849 850 851 852 853 854 855 856 857 858 859 860 861 862 863 864 865 866 867 868 869 870 871 872 873 874 875 876 877 878 879 880 881 882 883 884 885 886 887 888 889 890 891 892 893 894 895 896 897 898 899 900 901 902 903 904 905 906 907 908 909 910 911 912 913 914 915 916 917 918 919 920 921 922 923 924 925 926 927 928 929 930 931 932 933 934 935 936 937 938 939 940 941 942 943 944 945 946 947 948 949 950 951 952 953 954 955 956 957 958 959 960 961 962 963 964 965
 done.
 running RMSDs...
 done.
 E lowest :   -41.02970
 685 structures remain within     6.00 kcal/mol window


========================================
            MTD Iteration  2
========================================

     ========================================
     |         Meta-MD (MTD) Sampling       |
     ========================================

Starting Meta-MD  12 with the settings:
     MD time /ps        :     7.0
     dt /fs             :     5.0
     dumpstep(trj) /fs  :     100
     dumpstep(Vbias)/ps :     1.0
     Vbias factor k /Eh :  0.0270
     Vbias exp α /bohr⁻²:    0.28
*Meta-MTD 12 finished*
Starting Meta-MD  11 with the settings:
     MD time /ps        :     7.0
     dt /fs             :     5.0
     dumpstep(trj) /fs  :     100
     dumpstep(Vbias)/ps :     1.0
     Vbias factor k /Eh :  0.0540
     Vbias exp α /bohr⁻²:    0.28
*Meta-MTD 11 finished*
Starting Meta-MD  10 with the settings:
     MD time /ps        :     7.0
     dt /fs             :     5.0
     dumpstep(trj) /fs  :     100
     dumpstep(Vbias)/ps :     1.0
     Vbias factor k /Eh :  0.1080
     Vbias exp α /bohr⁻²:    0.28
*Meta-MTD 10 finished*
Starting Meta-MD   9 with the settings:
     MD time /ps        :     7.0
     dt /fs             :     5.0
     dumpstep(trj) /fs  :     100
     dumpstep(Vbias)/ps :     1.0
     Vbias factor k /Eh :  0.0270
     Vbias exp α /bohr⁻²:    0.47
*Meta-MTD 9 finished*
Starting Meta-MD   8 with the settings:
     MD time /ps        :     7.0
     dt /fs             :     5.0
     dumpstep(trj) /fs  :     100
     dumpstep(Vbias)/ps :     1.0
     Vbias factor k /Eh :  0.0540
     Vbias exp α /bohr⁻²:    0.47
*Meta-MTD 8 finished*
Starting Meta-MD   7 with the settings:
     MD time /ps        :     7.0
     dt /fs             :     5.0
     dumpstep(trj) /fs  :     100
     dumpstep(Vbias)/ps :     1.0
     Vbias factor k /Eh :  0.1080
     Vbias exp α /bohr⁻²:    0.47
*Meta-MTD 7 finished*
Starting Meta-MD   6 with the settings:
     MD time /ps        :     7.0
     dt /fs             :     5.0
     dumpstep(trj) /fs  :     100
     dumpstep(Vbias)/ps :     1.0
     Vbias factor k /Eh :  0.0270
     Vbias exp α /bohr⁻²:    0.78
*Meta-MTD 6 finished*
Starting Meta-MD   5 with the settings:
     MD time /ps        :     7.0
     dt /fs             :     5.0
     dumpstep(trj) /fs  :     100
     dumpstep(Vbias)/ps :     1.0
     Vbias factor k /Eh :  0.0540
     Vbias exp α /bohr⁻²:    0.78
*Meta-MTD 5 finished*
Starting Meta-MD   4 with the settings:
     MD time /ps        :     7.0
     dt /fs             :     5.0
     dumpstep(trj) /fs  :     100
     dumpstep(Vbias)/ps :     1.0
     Vbias factor k /Eh :  0.1080
     Vbias exp α /bohr⁻²:    0.78
*Meta-MTD 4 finished*
Starting Meta-MD   3 with the settings:
     MD time /ps        :     7.0
     dt /fs             :     5.0
     dumpstep(trj) /fs  :     100
     dumpstep(Vbias)/ps :     1.0
     Vbias factor k /Eh :  0.0270
     Vbias exp α /bohr⁻²:    1.30
*Meta-MTD 3 finished*
Starting Meta-MD   2 with the settings:
     MD time /ps        :     7.0
     dt /fs             :     5.0
     dumpstep(trj) /fs  :     100
     dumpstep(Vbias)/ps :     1.0
     Vbias factor k /Eh :  0.0540
     Vbias exp α /bohr⁻²:    1.30
*Meta-MTD 2 finished*
Starting Meta-MD   1 with the settings:
     MD time /ps        :     7.0
     dt /fs             :     5.0
     dumpstep(trj) /fs  :     100
     dumpstep(Vbias)/ps :     1.0
     Vbias factor k /Eh :  0.1080
     Vbias exp α /bohr⁻²:    1.30
*Meta-MTD 1 finished*

-----------------------
Multilevel Optimization
-----------------------

 -------------------------
 1. crude pre-optimization
 -------------------------
 Optimizing all 828 structures from file "crest_rotamers_0.xyz" ...
 1 2 3 4 5 6 7 8 9 10 11 12 13 14 15 16 17 18 19 20 21 22 23 24 25 26 27 28 29 30 31 32 33 34 35 36 37 38 39 40 41 42 43 44 45 46 47 48 49 50 51 52 53 54 55 56 57 58 59 60 61 62 63 64 65 66 67 68 69 70 71 72 73 74 75 76 77 78 79 80 81 82 83 84 85 86 87 88 89 90 91 92 93 94 95 96 97 98 99 100 101 102 103 104 105 106 107 108 109 110 111 112 113 114 115 116 117 118 119 120 121 122 123 124 125 126 127 128 129 130 131 132 133 134 135 136 137 138 139 140 141 142 143 144 145 146 147 148 149 150 151 152 153 154 155 156 157 158 159 160 161 162 163 164 165 166 167 168 169 170 171 172 173 174 175 176 177 178 179 180 181 182 183 184 185 186 187 188 189 190 191 192 193 194 195 196 197 198 199 200 201 202 203 204 205 206 207 208 209 210 211 212 213 214 215 216 217 218 219 220 221 222 223 224 225 226 227 228 229 230 231 232 233 234 235 236 237 238 239 240 241 242 243 244 245 246 247 248 249 250 251 252 253 254 255 256 257 258 259 260 261 262 263 264 265 266 267 268 269 270 271 272 273 274 275 276 277 278 279 280 281 282 283 284 285 286 287 288 289 290 291 292 293 294 295 296 297 298 299 300 301 302 303 304 305 306 307 308 309 310 311 312 313 314 315 316 317 318 319 320 321 322 323 324 325 326 327 328 329 330 331 332 333 334 335 336 337 338 339 340 341 342 343 344 345 346 347 348 349 350 351 352 353 354 355 356 357 358 359 360 361 362 363 364 365 366 367 368 369 370 371 372 373 374 375 376 377 378 379 380 381 382 383 384 385 386 387 388 389 390 391 392 393 394 395 396 397 398 399 400 401 402 403 404 405 406 407 408 409 410 411 412 413 414 415 416 417 418 419 420 421 422 423 424 425 426 427 428 429 430 431 432 433 434 435 436 437 438 439 440 441 442 443 444 445 446 447 448 449 450 451 452 453 454 455 456 457 458 459 460 461 462 463 464 465 466 467 468 469 470 471 472 473 474 475 476 477 478 479 480 481 482 483 484 485 486 487 488 489 490 491 492 493 494 495 496 497 498 499 500 501 502 503 504 505 506 507 508 509 510 511 512 513 514 515 516 517 518 519 520 521 522 523 524 525 526 527 528 529 530 531 532 533 534 535 536 537 538 539 540 541 542 543 544 545 546 547 548 549 550 551 552 553 554 555 556 557 558 559 560 561 562 563 564 565 566 567 568 569 570 571 572 573 574 575 576 577 578 579 580 581 582 583 584 585 586 587 588 589 590 591 592 593 594 595 596 597 598 599 600 601 602 603 604 605 606 607 608 609 610 611 612 613 614 615 616 617 618 619 620 621 622 623 624 625 626 627 628 629 630 631 632 633 634 635 636 637 638 639 640 641 642 643 644 645 646 647 648 649 650 651 652 653 654 655 656 657 658 659 660 661 662 663 664 665 666 667 668 669 670 671 672 673 674 675 676 677 678 679 680 681 682 683 684 685 686 687 688 689 690 691 692 693 694 695 696 697 698 699 700 701 702 703 704 705 706 707 708 709 710 711 712 713 714 715 716 717 718 719 720 721 722 723 724 725 726 727 728 729 730 731 732 733 734 735 736 737 738 739 740 741 742 743 744 745 746 747 748 749 750 751 752 753 754 755 756 757 758 759 760 761 762 763 764 765 766 767 768 769 770 771 772 773 774 775 776 777 778 779 780 781 782 783 784 785 786 787 788 789 790 791 792 793 794 795 796 797 798 799 800 801 802 803 804 805 806 807 808 809 810 811 812 813 814 815 816 817 818 819 820 821 822 823 824 825 826 827 828
 done.
 running RMSDs...
 done.
 E lowest :   -41.02923
 827 structures remain within    12.00 kcal/mol window

 -------------------------------------
 2. optimization with tight thresholds
 -------------------------------------
 Optimizing all 828 structures from file "crest_rotamers_1.xyz" ...
 1 2 3 4 5 6 7 8 9 10 11 12 13 14 15 16 17 18 19 20 21 22 23 24 25 26 27 28 29 30 31 32 33 34 35 36 37 38 39 40 41 42 43 44 45 46 47 48 49 50 51 52 53 54 55 56 57 58 59 60 61 62 63 64 65 66 67 68 69 70 71 72 73 74 75 76 77 78 79 80 81 82 83 84 85 86 87 88 89 90 91 92 93 94 95 96 97 98 99 100 101 102 103 104 105 106 107 108 109 110 111 112 113 114 115 116 117 118 119 120 121 122 123 124 125 126 127 128 129 130 131 132 133 134 135 136 137 138 139 140 141 142 143 144 145 146 147 148 149 150 151 152 153 154 155 156 157 158 159 160 161 162 163 164 165 166 167 168 169 170 171 172 173 174 175 176 177 178 179 180 181 182 183 184 185 186 187 188 189 190 191 192 193 194 195 196 197 198 199 200 201 202 203 204 205 206 207 208 209 210 211 212 213 214 215 216 217 218 219 220 221 222 223 224 225 226 227 228 229 230 231 232 233 234 235 236 237 238 239 240 241 242 243 244 245 246 247 248 249 250 251 252 253 254 255 256 257 258 259 260 261 262 263 264 265 266 267 268 269 270 271 272 273 274 275 276 277 278 279 280 281 282 283 284 285 286 287 288 289 290 291 292 293 294 295 296 297 298 299 300 301 302 303 304 305 306 307 308 309 310 311 312 313 314 315 316 317 318 319 320 321 322 323 324 325 326 327 328 329 330 331 332 333 334 335 336 337 338 339 340 341 342 343 344 345 346 347 348 349 350 351 352 353 354 355 356 357 358 359 360 361 362 363 364 365 366 367 368 369 370 371 372 373 374 375 376 377 378 379 380 381 382 383 384 385 386 387 388 389 390 391 392 393 394 395 396 397 398 399 400 401 402 403 404 405 406 407 408 409 410 411 412 413 414 415 416 417 418 419 420 421 422 423 424 425 426 427 428 429 430 431 432 433 434 435 436 437 438 439 440 441 442 443 444 445 446 447 448 449 450 451 452 453 454 455 456 457 458 459 460 461 462 463 464 465 466 467 468 469 470 471 472 473 474 475 476 477 478 479 480 481 482 483 484 485 486 487 488 489 490 491 492 493 494 495 496 497 498 499 500 501 502 503 504 505 506 507 508 509 510 511 512 513 514 515 516 517 518 519 520 521 522 523 524 525 526 527 528 529 530 531 532 533 534 535 536 537 538 539 540 541 542 543 544 545 546 547 548 549 550 551 552 553 554 555 556 557 558 559 560 561 562 563 564 565 566 567 568 569 570 571 572 573 574 575 576 577 578 579 580 581 582 583 584 585 586 587 588 589 590 591 592 593 594 595 596 597 598 599 600 601 602 603 604 605 606 607 608 609 610 611 612 613 614 615 616 617 618 619 620 621 622 623 624 625 626 627 628 629 630 631 632 633 634 635 636 637 638 639 640 641 642 643 644 645 646 647 648 649 650 651 652 653 654 655 656 657 658 659 660 661 662 663 664 665 666 667 668 669 670 671 672 673 674 675 676 677 678 679 680 681 682 683 684 685 686 687 688 689 690 691 692 693 694 695 696 697 698 699 700 701 702 703 704 705 706 707 708 709 710 711 712 713 714 715 716 717 718 719 720 721 722 723 724 725 726 727 728 729 730 731 732 733 734 735 736 737 738 739 740 741 742 743 744 745 746 747 748 749 750 751 752 753 754 755 756 757 758 759 760 761 762 763 764 765 766 767 768 769 770 771 772 773 774 775 776 777 778 779 780 781 782 783 784 785 786 787 788 789 790 791 792 793 794 795 796 797 798 799 800 801 802 803 804 805 806 807 808 809 810 811 812 813 814 815 816 817 818 819 820 821 822 823 824 825 826 827 828
 done.
 running RMSDs...
 done.
 E lowest :   -41.02970
 612 structures remain within     6.00 kcal/mol window

========================================
            MTD Iterations done         
========================================
 Collecting ensmbles.
 running RMSDs...
 done.
 E lowest :   -41.02970
 1289 structures remain within     6.00 kcal/mol window

-----------------------------------------------
Additional regular MDs on lowest 4 conformer(s)
-----------------------------------------------
Starting MD   8 with the settings:
     MD time /ps        :     3.5
     MD Temperature /K  :   500.0
     dt /fs             :     5.0
     dumpstep(trj) /fs  :     100
*MD 8 finished*
Starting MD   7 with the settings:
     MD time /ps        :     3.5
     MD Temperature /K  :   400.0
     dt /fs             :     5.0
     dumpstep(trj) /fs  :     100
*MD 7 finished*
Starting MD   6 with the settings:
     MD time /ps        :     3.5
     MD Temperature /K  :   500.0
     dt /fs             :     5.0
     dumpstep(trj) /fs  :     100
*MD 6 finished*
Starting MD   5 with the settings:
     MD time /ps        :     3.5
     MD Temperature /K  :   400.0
     dt /fs             :     5.0
     dumpstep(trj) /fs  :     100
*MD 5 finished*
Starting MD   4 with the settings:
     MD time /ps        :     3.5
     MD Temperature /K  :   500.0
     dt /fs             :     5.0
     dumpstep(trj) /fs  :     100
*MD 4 finished*
Starting MD   3 with the settings:
     MD time /ps        :     3.5
     MD Temperature /K  :   400.0
     dt /fs             :     5.0
     dumpstep(trj) /fs  :     100
*MD 3 finished*
Starting MD   2 with the settings:
     MD time /ps        :     3.5
     MD Temperature /K  :   500.0
     dt /fs             :     5.0
     dumpstep(trj) /fs  :     100
*MD 2 finished*
Starting MD   1 with the settings:
     MD time /ps        :     3.5
     MD Temperature /K  :   400.0
     dt /fs             :     5.0
     dumpstep(trj) /fs  :     100
*MD 1 finished*
 Appending file crest_rotamers_1.xyz with new structures

 -------------------------------------------
 Ensemble optimization with tight thresholds
 -------------------------------------------
 Optimizing all 1561 structures from file "crest_rotamers_1.xyz" ...
 1 2 3 4 5 6 7 8 9 10 11 12 13 14 15 16 17 18 19 20 21 22 23 24 25 26 27 28 29 30 31 32 33 34 35 36 37 38 39 40 41 42 43 44 45 46 47 48 49 50 51 52 53 54 55 56 57 58 59 60 61 62 63 64 65 66 67 68 69 70 71 72 73 74 75 76 77 78 79 80 81 82 83 84 85 86 87 88 89 90 91 92 93 94 95 96 97 98 99 100 101 102 103 104 105 106 107 108 109 110 111 112 113 114 115 116 117 118 119 120 121 122 123 124 125 126 127 128 129 130 131 132 133 134 135 136 137 138 139 140 141 142 143 144 145 146 147 148 149 150 151 152 153 154 155 156 157 158 159 160 161 162 163 164 165 166 167 168 169 170 171 172 173 174 175 176 177 178 179 180 181 182 183 184 185 186 187 188 189 190 191 192 193 194 195 196 197 198 199 200 201 202 203 204 205 206 207 208 209 210 211 212 213 214 215 216 217 218 219 220 221 222 223 224 225 226 227 228 229 230 231 232 233 234 235 236 237 238 239 240 241 242 243 244 245 246 247 248 249 250 251 252 253 254 255 256 257 258 259 260 261 262 263 264 265 266 267 268 269 270 271 272 273 274 275 276 277 278 279 280 281 282 283 284 285 286 287 288 289 290 291 292 293 294 295 296 297 298 299 300 301 302 303 304 305 306 307 308 309 310 311 312 313 314 315 316 317 318 319 320 321 322 323 324 325 326 327 328 329 330 331 332 333 334 335 336 337 338 339 340 341 342 343 344 345 346 347 348 349 350 351 352 353 354 355 356 357 358 359 360 361 362 363 364 365 366 367 368 369 370 371 372 373 374 375 376 377 378 379 380 381 382 383 384 385 386 387 388 389 390 391 392 393 394 395 396 397 398 399 400 401 402 403 404 405 406 407 408 409 410 411 412 413 414 415 416 417 418 419 420 421 422 423 424 425 426 427 428 429 430 431 432 433 434 435 436 437 438 439 440 441 442 443 444 445 446 447 448 449 450 451 452 453 454 455 456 457 458 459 460 461 462 463 464 465 466 467 468 469 470 471 472 473 474 475 476 477 478 479 480 481 482 483 484 485 486 487 488 489 490 491 492 493 494 495 496 497 498 499 500 501 502 503 504 505 506 507 508 509 510 511 512 513 514 515 516 517 518 519 520 521 522 523 524 525 526 527 528 529 530 531 532 533 534 535 536 537 538 539 540 541 542 543 544 545 546 547 548 549 550 551 552 553 554 555 556 557 558 559 560 561 562 563 564 565 566 567 568 569 570 571 572 573 574 575 576 577 578 579 580 581 582 583 584 585 586 587 588 589 590 591 592 593 594 595 596 597 598 599 600 601 602 603 604 605 606 607 608 609 610 611 612 613 614 615 616 617 618 619 620 621 622 623 624 625 626 627 628 629 630 631 632 633 634 635 636 637 638 639 640 641 642 643 644 645 646 647 648 649 650 651 652 653 654 655 656 657 658 659 660 661 662 663 664 665 666 667 668 669 670 671 672 673 674 675 676 677 678 679 680 681 682 683 684 685 686 687 688 689 690 691 692 693 694 695 696 697 698 699 700 701 702 703 704 705 706 707 708 709 710 711 712 713 714 715 716 717 718 719 720 721 722 723 724 725 726 727 728 729 730 731 732 733 734 735 736 737 738 739 740 741 742 743 744 745 746 747 748 749 750 751 752 753 754 755 756 757 758 759 760 761 762 763 764 765 766 767 768 769 770 771 772 773 774 775 776 777 778 779 780 781 782 783 784 785 786 787 788 789 790 791 792 793 794 795 796 797 798 799 800 801 802 803 804 805 806 807 808 809 810 811 812 813 814 815 816 817 818 819 820 821 822 823 824 825 826 827 828 829 830 831 832 833 834 835 836 837 838 839 840 841 842 843 844 845 846 847 848 849 850 851 852 853 854 855 856 857 858 859 860 861 862 863 864 865 866 867 868 869 870 871 872 873 874 875 876 877 878 879 880 881 882 883 884 885 886 887 888 889 890 891 892 893 894 895 896 897 898 899 900 901 902 903 904 905 906 907 908 909 910 911 912 913 914 915 916 917 918 919 920 921 922 923 924 925 926 927 928 929 930 931 932 933 934 935 936 937 938 939 940 941 942 943 944 945 946 947 948 949 950 951 952 953 954 955 956 957 958 959 960 961 962 963 964 965 966 967 968 969 970 971 972 973 974 975 976 977 978 979 980 981 982 983 984 985 986 987 988 989 990 991 992 993 994 995 996 997 998 999 1000 1001 1002 1003 1004 1005 1006 1007 1008 1009 1010 1011 1012 1013 1014 1015 1016 1017 1018 1019 1020 1021 1022 1023 1024 1025 1026 1027 1028 1029 1030 1031 1032 1033 1034 1035 1036 1037 1038 1039 1040 1041 1042 1043 1044 1045 1046 1047 1048 1049 1050 1051 1052 1053 1054 1055 1056 1057 1058 1059 1060 1061 1062 1063 1064 1065 1066 1067 1068 1069 1070 1071 1072 1073 1074 1075 1076 1077 1078 1079 1080 1081 1082 1083 1084 1085 1086 1087 1088 1089 1090 1091 1092 1093 1094 1095 1096 1097 1098 1099 1100 1101 1102 1103 1104 1105 1106 1107 1108 1109 1110 1111 1112 1113 1114 1115 1116 1117 1118 1119 1120 1121 1122 1123 1124 1125 1126 1127 1128 1129 1130 1131 1132 1133 1134 1135 1136 1137 1138 1139 1140 1141 1142 1143 1144 1145 1146 1147 1148 1149 1150 1151 1152 1153 1154 1155 1156 1157 1158 1159 1160 1161 1162 1163 1164 1165 1166 1167 1168 1169 1170 1171 1172 1173 1174 1175 1176 1177 1178 1179 1180 1181 1182 1183 1184 1185 1186 1187 1188 1189 1190 1191 1192 1193 1194 1195 1196 1197 1198 1199 1200 1201 1202 1203 1204 1205 1206 1207 1208 1209 1210 1211 1212 1213 1214 1215 1216 1217 1218 1219 1220 1221 1222 1223 1224 1225 1226 1227 1228 1229 1230 1231 1232 1233 1234 1235 1236 1237 1238 1239 1240 1241 1242 1243 1244 1245 1246 1247 1248 1249 1250 1251 1252 1253 1254 1255 1256 1257 1258 1259 1260 1261 1262 1263 1264 1265 1266 1267 1268 1269 1270 1271 1272 1273 1274 1275 1276 1277 1278 1279 1280 1281 1282 1283 1284 1285 1286 1287 1288 1289 1290 1291 1292 1293 1294 1295 1296 1297 1298 1299 1300 1301 1302 1303 1304 1305 1306 1307 1308 1309 1310 1311 1312 1313 1314 1315 1316 1317 1318 1319 1320 1321 1322 1323 1324 1325 1326 1327 1328 1329 1330 1331 1332 1333 1334 1335 1336 1337 1338 1339 1340 1341 1342 1343 1344 1345 1346 1347 1348 1349 1350 1351 1352 1353 1354 1355 1356 1357 1358 1359 1360 1361 1362 1363 1364 1365 1366 1367 1368 1369 1370 1371 1372 1373 1374 1375 1376 1377 1378 1379 1380 1381 1382 1383 1384 1385 1386 1387 1388 1389 1390 1391 1392 1393 1394 1395 1396 1397 1398 1399 1400 1401 1402 1403 1404 1405 1406 1407 1408 1409 1410 1411 1412 1413 1414 1415 1416 1417 1418 1419 1420 1421 1422 1423 1424 1425 1426 1427 1428 1429 1430 1431 1432 1433 1434 1435 1436 1437 1438 1439 1440 1441 1442 1443 1444 1445 1446 1447 1448 1449 1450 1451 1452 1453 1454 1455 1456 1457 1458 1459 1460 1461 1462 1463 1464 1465 1466 1467 1468 1469 1470 1471 1472 1473 1474 1475 1476 1477 1478 1479 1480 1481 1482 1483 1484 1485 1486 1487 1488 1489 1490 1491 1492 1493 1494 1495 1496 1497 1498 1499 1500 1501 1502 1503 1504 1505 1506 1507 1508 1509 1510 1511 1512 1513 1514 1515 1516 1517 1518 1519 1520 1521 1522 1523 1524 1525 1526 1527 1528 1529 1530 1531 1532 1533 1534 1535 1536 1537 1538 1539 1540 1541 1542 1543 1544 1545 1546 1547 1548 1549 1550 1551 1552 1553 1554 1555 1556 1557 1558 1559 1560 1561
 done.
 running RMSDs...
 done.
 E lowest :   -41.02970
 1426 structures remain within     6.00 kcal/mol window


     ========================================
     |        Structure Crossing (GC)       |
     ========================================
 =============================
  # threads =           1
 =============================
 input  file name : crest_rotamers_3.xyz
number of atoms                :    36
number of points on xyz files  :  1426
conformer energy window  /kcal :    6.00
CN per atom difference cut-off :  0.3000
RMSD threshold                 :  0.2500
max. # of generated structures : 350
 reading xyz file ...
 # in E window               1426
 generating pairs ...     1017450
   7.0 % done
  14.0 % done
  21.0 % done
  28.1 % done
  35.1 % done
  42.1 % done
  49.1 % done
  56.1 % done
  63.1 % done
  70.1 % done
  77.1 % done
  84.2 % done
  91.2 % done
  98.2 % done
 generated pairs           :      123379
 number of clash discarded :      892646
 average rmsd w.r.t input  :14.83965
 sd of ensemble            :11.22556
 number of new structures      :         689
 removed identical structures  :          11
 writing          350  TMPCONF* dirs ...
 --------------------------
 GC: loose pre-optimization
 --------------------------
 Starting optimization of generated structures
 350 jobs to do.
 1 2 3 4 5 6 7 8 9 10 11 12 13 14 15 16 17 18 19 20 21 22 23 24 25 26 27 28 29 30 31 32 33 34 35 36 37 38 39 40 41 42 43 44 45 46 47 48 49 50 51 52 53 54 55 56 57 58 59 60 61 62 63 64 65 66 67 68 69 70 71 72 73 74 75 76 77 78 79 80 81 82 83 84 85 86 87 88 89 90 91 92 93 94 95 96 97 98 99 100 101 102 103 104 105 106 107 108 109 110 111 112 113 114 115 116 117 118 119 120 121 122 123 124 125 126 127 128 129 130 131 132 133 134 135 136 137 138 139 140 141 142 143 144 145 146 147 148 149 150 151 152 153 154 155 156 157 158 159 160 161 162 163 164 165 166 167 168 169 170 171 172 173 174 175 176 177 178 179 180 181 182 183 184 185 186 187 188 189 190 191 192 193 194 195 196 197 198 199 200 201 202 203 204 205 206 207 208 209 210 211 212 213 214 215 216 217 218 219 220 221 222 223 224 225 226 227 228 229 230 231 232 233 234 235 236 237 238 239 240 241 242 243 244 245 246 247 248 249 250 251 252 253 254 255 256 257 258 259 260 261 262 263 264 265 266 267 268 269 270 271 272 273 274 275 276 277 278 279 280 281 282 283 284 285 286 287 288 289 290 291 292 293 294 295 296 297 298 299 300 301 302 303 304 305 306 307 308 309 310 311 312 313 314 315 316 317 318 319 320 321 322 323 324 325 326 327 328 329 330 331 332 333 334 335 336 337 338 339 340 341 342 343 344 345 346 347 348 349 350 
 done.
 Now appending opt.xyz file with new structures
 running RMSDs...
 done.
 E lowest :   -41.02027
 350 structures remain within    10.00 kcal/mol window
 --------------------------------------
 GC: optimization with tight thresholds
 --------------------------------------
 Optimizing all 350 structures from file "crest_rotamers_1.xyz" ...
 1 2 3 4 5 6 7 8 9 10 11 12 13 14 15 16 17 18 19 20 21 22 23 24 25 26 27 28 29 30 31 32 33 34 35 36 37 38 39 40 41 42 43 44 45 46 47 48 49 50 51 52 53 54 55 56 57 58 59 60 61 62 63 64 65 66 67 68 69 70 71 72 73 74 75 76 77 78 79 80 81 82 83 84 85 86 87 88 89 90 91 92 93 94 95 96 97 98 99 100 101 102 103 104 105 106 107 108 109 110 111 112 113 114 115 116 117 118 119 120 121 122 123 124 125 126 127 128 129 130 131 132 133 134 135 136 137 138 139 140 141 142 143 144 145 146 147 148 149 150 151 152 153 154 155 156 157 158 159 160 161 162 163 164 165 166 167 168 169 170 171 172 173 174 175 176 177 178 179 180 181 182 183 184 185 186 187 188 189 190 191 192 193 194 195 196 197 198 199 200 201 202 203 204 205 206 207 208 209 210 211 212 213 214 215 216 217 218 219 220 221 222 223 224 225 226 227 228 229 230 231 232 233 234 235 236 237 238 239 240 241 242 243 244 245 246 247 248 249 250 251 252 253 254 255 256 257 258 259 260 261 262 263 264 265 266 267 268 269 270 271 272 273 274 275 276 277 278 279 280 281 282 283 284 285 286 287 288 289 290 291 292 293 294 295 296 297 298 299 300 301 302 303 304 305 306 307 308 309 310 311 312 313 314 315 316 317 318 319 320 321 322 323 324 325 326 327 328 329 330 331 332 333 334 335 336 337 338 339 340 341 342 343 344 345 346 347 348 349 350
 done.
 running RMSDs...
 done.
 E lowest :   -41.02970


   ================================================
   |           Final Geometry Optimization        |
   ================================================
 ------------------------------------------------
 Ensemble optimization with very tight thresholds
 ------------------------------------------------
 Optimizing all 1666 structures from file "crest_rotamers_4.xyz" ...
 1 2 3 4 5 6 7 8 9 10 11 12 13 14 15 16 17 18 19 20 21 22 23 24 25 26 27 28 29 30 31 32 33 34 35 36 37 38 39 40 41 42 43 44 45 46 47 48 49 50 51 52 53 54 55 56 57 58 59 60 61 62 63 64 65 66 67 68 69 70 71 72 73 74 75 76 77 78 79 80 81 82 83 84 85 86 87 88 89 90 91 92 93 94 95 96 97 98 99 100 101 102 103 104 105 106 107 108 109 110 111 112 113 114 115 116 117 118 119 120 121 122 123 124 125 126 127 128 129 130 131 132 133 134 135 136 137 138 139 140 141 142 143 144 145 146 147 148 149 150 151 152 153 154 155 156 157 158 159 160 161 162 163 164 165 166 167 168 169 170 171 172 173 174 175 176 177 178 179 180 181 182 183 184 185 186 187 188 189 190 191 192 193 194 195 196 197 198 199 200 201 202 203 204 205 206 207 208 209 210 211 212 213 214 215 216 217 218 219 220 221 222 223 224 225 226 227 228 229 230 231 232 233 234 235 236 237 238 239 240 241 242 243 244 245 246 247 248 249 250 251 252 253 254 255 256 257 258 259 260 261 262 263 264 265 266 267 268 269 270 271 272 273 274 275 276 277 278 279 280 281 282 283 284 285 286 287 288 289 290 291 292 293 294 295 296 297 298 299 300 301 302 303 304 305 306 307 308 309 310 311 312 313 314 315 316 317 318 319 320 321 322 323 324 325 326 327 328 329 330 331 332 333 334 335 336 337 338 339 340 341 342 343 344 345 346 347 348 349 350 351 352 353 354 355 356 357 358 359 360 361 362 363 364 365 366 367 368 369 370 371 372 373 374 375 376 377 378 379 380 381 382 383 384 385 386 387 388 389 390 391 392 393 394 395 396 397 398 399 400 401 402 403 404 405 406 407 408 409 410 411 412 413 414 415 416 417 418 419 420 421 422 423 424 425 426 427 428 429 430 431 432 433 434 435 436 437 438 439 440 441 442 443 444 445 446 447 448 449 450 451 452 453 454 455 456 457 458 459 460 461 462 463 464 465 466 467 468 469 470 471 472 473 474 475 476 477 478 479 480 481 482 483 484 485 486 487 488 489 490 491 492 493 494 495 496 497 498 499 500 501 502 503 504 505 506 507 508 509 510 511 512 513 514 515 516 517 518 519 520 521 522 523 524 525 526 527 528 529 530 531 532 533 534 535 536 537 538 539 540 541 542 543 544 545 546 547 548 549 550 551 552 553 554 555 556 557 558 559 560 561 562 563 564 565 566 567 568 569 570 571 572 573 574 575 576 577 578 579 580 581 582 583 584 585 586 587 588 589 590 591 592 593 594 595 596 597 598 599 600 601 602 603 604 605 606 607 608 609 610 611 612 613 614 615 616 617 618 619 620 621 622 623 624 625 626 627 628 629 630 631 632 633 634 635 636 637 638 639 640 641 642 643 644 645 646 647 648 649 650 651 652 653 654 655 656 657 658 659 660 661 662 663 664 665 666 667 668 669 670 671 672 673 674 675 676 677 678 679 680 681 682 683 684 685 686 687 688 689 690 691 692 693 694 695 696 697 698 699 700 701 702 703 704 705 706 707 708 709 710 711 712 713 714 715 716 717 718 719 720 721 722 723 724 725 726 727 728 729 730 731 732 733 734 735 736 737 738 739 740 741 742 743 744 745 746 747 748 749 750 751 752 753 754 755 756 757 758 759 760 761 762 763 764 765 766 767 768 769 770 771 772 773 774 775 776 777 778 779 780 781 782 783 784 785 786 787 788 789 790 791 792 793 794 795 796 797 798 799 800 801 802 803 804 805 806 807 808 809 810 811 812 813 814 815 816 817 818 819 820 821 822 823 824 825 826 827 828 829 830 831 832 833 834 835 836 837 838 839 840 841 842 843 844 845 846 847 848 849 850 851 852 853 854 855 856 857 858 859 860 861 862 863 864 865 866 867 868 869 870 871 872 873 874 875 876 877 878 879 880 881 882 883 884 885 886 887 888 889 890 891 892 893 894 895 896 897 898 899 900 901 902 903 904 905 906 907 908 909 910 911 912 913 914 915 916 917 918 919 920 921 922 923 924 925 926 927 928 929 930 931 932 933 934 935 936 937 938 939 940 941 942 943 944 945 946 947 948 949 950 951 952 953 954 955 956 957 958 959 960 961 962 963 964 965 966 967 968 969 970 971 972 973 974 975 976 977 978 979 980 981 982 983 984 985 986 987 988 989 990 991 992 993 994 995 996 997 998 999 1000 1001 1002 1003 1004 1005 1006 1007 1008 1009 1010 1011 1012 1013 1014 1015 1016 1017 1018 1019 1020 1021 1022 1023 1024 1025 1026 1027 1028 1029 1030 1031 1032 1033 1034 1035 1036 1037 1038 1039 1040 1041 1042 1043 1044 1045 1046 1047 1048 1049 1050 1051 1052 1053 1054 1055 1056 1057 1058 1059 1060 1061 1062 1063 1064 1065 1066 1067 1068 1069 1070 1071 1072 1073 1074 1075 1076 1077 1078 1079 1080 1081 1082 1083 1084 1085 1086 1087 1088 1089 1090 1091 1092 1093 1094 1095 1096 1097 1098 1099 1100 1101 1102 1103 1104 1105 1106 1107 1108 1109 1110 1111 1112 1113 1114 1115 1116 1117 1118 1119 1120 1121 1122 1123 1124 1125 1126 1127 1128 1129 1130 1131 1132 1133 1134 1135 1136 1137 1138 1139 1140 1141 1142 1143 1144 1145 1146 1147 1148 1149 1150 1151 1152 1153 1154 1155 1156 1157 1158 1159 1160 1161 1162 1163 1164 1165 1166 1167 1168 1169 1170 1171 1172 1173 1174 1175 1176 1177 1178 1179 1180 1181 1182 1183 1184 1185 1186 1187 1188 1189 1190 1191 1192 1193 1194 1195 1196 1197 1198 1199 1200 1201 1202 1203 1204 1205 1206 1207 1208 1209 1210 1211 1212 1213 1214 1215 1216 1217 1218 1219 1220 1221 1222 1223 1224 1225 1226 1227 1228 1229 1230 1231 1232 1233 1234 1235 1236 1237 1238 1239 1240 1241 1242 1243 1244 1245 1246 1247 1248 1249 1250 1251 1252 1253 1254 1255 1256 1257 1258 1259 1260 1261 1262 1263 1264 1265 1266 1267 1268 1269 1270 1271 1272 1273 1274 1275 1276 1277 1278 1279 1280 1281 1282 1283 1284 1285 1286 1287 1288 1289 1290 1291 1292 1293 1294 1295 1296 1297 1298 1299 1300 1301 1302 1303 1304 1305 1306 1307 1308 1309 1310 1311 1312 1313 1314 1315 1316 1317 1318 1319 1320 1321 1322 1323 1324 1325 1326 1327 1328 1329 1330 1331 1332 1333 1334 1335 1336 1337 1338 1339 1340 1341 1342 1343 1344 1345 1346 1347 1348 1349 1350 1351 1352 1353 1354 1355 1356 1357 1358 1359 1360 1361 1362 1363 1364 1365 1366 1367 1368 1369 1370 1371 1372 1373 1374 1375 1376 1377 1378 1379 1380 1381 1382 1383 1384 1385 1386 1387 1388 1389 1390 1391 1392 1393 1394 1395 1396 1397 1398 1399 1400 1401 1402 1403 1404 1405 1406 1407 1408 1409 1410 1411 1412 1413 1414 1415 1416 1417 1418 1419 1420 1421 1422 1423 1424 1425 1426 1427 1428 1429 1430 1431 1432 1433 1434 1435 1436 1437 1438 1439 1440 1441 1442 1443 1444 1445 1446 1447 1448 1449 1450 1451 1452 1453 1454 1455 1456 1457 1458 1459 1460 1461 1462 1463 1464 1465 1466 1467 1468 1469 1470 1471 1472 1473 1474 1475 1476 1477 1478 1479 1480 1481 1482 1483 1484 1485 1486 1487 1488 1489 1490 1491 1492 1493 1494 1495 1496 1497 1498 1499 1500 1501 1502 1503 1504 1505 1506 1507 1508 1509 1510 1511 1512 1513 1514 1515 1516 1517 1518 1519 1520 1521 1522 1523 1524 1525 1526 1527 1528 1529 1530 1531 1532 1533 1534 1535 1536 1537 1538 1539 1540 1541 1542 1543 1544 1545 1546 1547 1548 1549 1550 1551 1552 1553 1554 1555 1556 1557 1558 1559 1560 1561 1562 1563 1564 1565 1566 1567 1568 1569 1570 1571 1572 1573 1574 1575 1576 1577 1578 1579 1580 1581 1582 1583 1584 1585 1586 1587 1588 1589 1590 1591 1592 1593 1594 1595 1596 1597 1598 1599 1600 1601 1602 1603 1604 1605 1606 1607 1608 1609 1610 1611 1612 1613 1614 1615 1616 1617 1618 1619 1620 1621 1622 1623 1624 1625 1626 1627 1628 1629 1630 1631 1632 1633 1634 1635 1636 1637 1638 1639 1640 1641 1642 1643 1644 1645 1646 1647 1648 1649 1650 1651 1652 1653 1654 1655 1656 1657 1658 1659 1660 1661 1662 1663 1664 1665 1666
 done.
 running RMSDs...
 done.
 E lowest :   -41.03014
 558 structures remain within     6.00 kcal/mol window

 input  file name : crest_rotamers_5.xyz
 output file name : crest_rotamers_6.xyz
 number of atoms                :   36
 number of points on xyz files  :   1666
 RMSD threshold                 :   0.1250
 Bconst threshold               :   0.0100
 population threshold           :   0.0500
 conformer energy window  /kcal :   6.0000
 # fragment in coord            :     2
 # bonds in reference structure :    34
 number of reliable points      :  1666
 number of removed by energy    :  1080
 number of remaining points     :   586
 reference state Etot :  -41.030142859999998
 number of doubles removed by rot/RMSD         :          28
 total number unique points considered further :         558
       Erel/kcal        Etot weight/tot  conformer     set   degen     origin
       1   0.000   -41.03014    0.02807    0.02807       1       1     mtd10
       2   0.280   -41.02970    0.01750    0.15710       2       9     md2
       3   0.280   -41.02970    0.01749                                mtd4
       4   0.281   -41.02970    0.01749                                mtd5
       5   0.281   -41.02969    0.01747                                md2
       6   0.281   -41.02969    0.01746                                mtd5
       7   0.281   -41.02969    0.01746                                md7
       8   0.281   -41.02969    0.01746                                md1
       9   0.284   -41.02969    0.01740                                mtd1
      10   0.285   -41.02969    0.01736                                mtd11
      11   0.296   -41.02967    0.01704    0.01704       3       1     md1
      12   0.432   -41.02945    0.01355    0.18926       4      14     mtd5
      13   0.432   -41.02945    0.01354                                md7
      14   0.432   -41.02945    0.01354                                md6
      15   0.432   -41.02945    0.01354                                mtd5
      16   0.432   -41.02945    0.01353                                md4
      17   0.433   -41.02945    0.01353                                mtd11
      18   0.433   -41.02945    0.01353                                md5
      19   0.433   -41.02945    0.01353                                mtd5
      20   0.433   -41.02945    0.01352                                md3
      21   0.434   -41.02945    0.01351                                md3
      22   0.434   -41.02945    0.01351                                mtd9
      23   0.434   -41.02945    0.01351                                mtd5
      24   0.436   -41.02945    0.01346                                md5
      25   0.436   -41.02945    0.01346                                md7
      26   0.530   -41.02930    0.01148    0.05733       5       5     mtd5
      27   0.531   -41.02930    0.01147                                md7
      28   0.531   -41.02930    0.01146                                md8
      29   0.531   -41.02930    0.01146                                mtd5
      30   0.531   -41.02930    0.01146                                mtd3
      31   0.760   -41.02893    0.00778    0.02327       6       3     md3
      32   0.762   -41.02893    0.00776                                mtd5
      33   0.766   -41.02892    0.00772                                mtd5
      34   0.814   -41.02885    0.00712    0.07737       7      11     mtd2
      35   0.814   -41.02885    0.00712                                mtd6
      36   0.814   -41.02885    0.00711                                md8
      37   0.815   -41.02884    0.00711                                md2
      38   0.815   -41.02884    0.00710                                md8
      39   0.815   -41.02884    0.00710                                md8
      40   0.817   -41.02884    0.00708                                mtd4
      41   0.819   -41.02884    0.00705                                md8
      42   0.820   -41.02884    0.00704                                md2
      43   0.825   -41.02883    0.00698                                mtd5
      44   0.862   -41.02877    0.00656                                mtd4
      45   0.869   -41.02876    0.00649    0.02581       8       4     mtd3
      46   0.869   -41.02876    0.00648                                md5
      47   0.874   -41.02875    0.00643                                md6
      48   0.876   -41.02875    0.00641                                mtd11
      49   0.885   -41.02873    0.00631    0.01222       9       2     mtd1
      50   0.924   -41.02867    0.00591                                mtd1
      51   0.918   -41.02868    0.00597    0.00597      10       1     mtd10
      52   0.938   -41.02865    0.00577    0.01726      11       3     mtd9
      53   0.941   -41.02864    0.00575                                md3
      54   0.941   -41.02864    0.00574                                mtd1
      55   0.952   -41.02863    0.00563    0.00563      12       1     md2
      56   0.981   -41.02858    0.00537    0.04660      13       9     md2
      57   1.024   -41.02851    0.00499                                mtd5
      58   0.987   -41.02857    0.00532                                mtd10
      59   0.997   -41.02855    0.00523                                mtd5
      60   1.004   -41.02854    0.00516                                mtd2
      61   1.005   -41.02854    0.00516                                mtd5
      62   1.006   -41.02854    0.00514                                mtd5
      63   1.008   -41.02854    0.00512                                md2
      64   1.009   -41.02853    0.00512                                md2
      65   1.022   -41.02851    0.00501    0.00501      14       1     mtd5
      66   1.041   -41.02848    0.00485    0.00485      15       1     mtd10
      67   1.098   -41.02839    0.00441    0.00871      16       2     mtd11
      68   1.112   -41.02837    0.00430                                md3
      69   1.112   -41.02837    0.00430    0.00430      17       1     mtd5
      70   1.105   -41.02838    0.00435    0.00862      18       2     md3
      71   1.117   -41.02836    0.00426                                mtd5
      72   1.124   -41.02835    0.00421    0.00421      19       1     mtd5
      73   1.135   -41.02833    0.00414    0.00414      20       1     mtd5
      74   1.261   -41.02813    0.00335    0.01656      21       5     mtd3
      75   1.263   -41.02813    0.00334                                mtd3
      76   1.265   -41.02813    0.00333                                mtd9
      77   1.274   -41.02811    0.00328                                mtd11
      78   1.274   -41.02811    0.00327                                mtd6
      79   1.301   -41.02807    0.00313    0.00313      22       1     mtd11
      80   1.305   -41.02806    0.00311    0.00311      23       1     mtd5
      81   1.308   -41.02806    0.00309    0.00617      24       2     mtd9
      82   1.310   -41.02806    0.00308                                mtd5
      83   1.316   -41.02805    0.00305    0.00606      25       2     mtd3
      84   1.325   -41.02803    0.00301                                mtd11
      85   1.334   -41.02802    0.00296    0.00296      26       1     mtd5
      86   1.347   -41.02800    0.00290    0.00290      27       1     mtd10
      87   1.355   -41.02798    0.00286    0.00286      28       1     mtd9
      88   1.374   -41.02795    0.00277    0.01091      29       4     mtd1
      89   1.379   -41.02795    0.00274                                mtd3
      90   1.385   -41.02794    0.00271                                mtd3
      91   1.391   -41.02793    0.00269                                mtd11
      92   1.415   -41.02789    0.00258    0.00258      30       1     mtd5
      93   1.416   -41.02789    0.00258    0.00258      31       1     mtd10
      94   1.417   -41.02789    0.00257    0.00257      32       1     mtd9
      95   1.424   -41.02787    0.00254    0.00508      33       2     mtd3
      96   1.425   -41.02787    0.00254                                mtd9
      97   1.443   -41.02784    0.00246    0.00728      34       3     mtd3
      98   1.454   -41.02783    0.00242                                mtd9
      99   1.459   -41.02782    0.00240                                mtd9
     100   1.480   -41.02778    0.00231    0.00231      35       1     mtd6
     101   1.481   -41.02778    0.00231    0.00231      36       1     mtd6
     102   1.492   -41.02777    0.00227    0.01126      37       5     mtd9
     103   1.492   -41.02777    0.00227                                mtd2
     104   1.495   -41.02776    0.00226                                mtd10
     105   1.497   -41.02776    0.00225                                mtd1
     106   1.505   -41.02775    0.00222                                mtd9
     107   1.505   -41.02774    0.00222    0.00886      38       4     mtd11
     108   1.505   -41.02774    0.00222                                mtd3
     109   1.508   -41.02774    0.00221                                mtd5
     110   1.505   -41.02775    0.00222                                mtd4
     111   1.513   -41.02773    0.00219    0.00219      39       1     mtd2
     112   1.531   -41.02770    0.00212    0.00212      40       1     mtd6
     113   1.551   -41.02767    0.00205    0.00408      41       2     mtd9
     114   1.558   -41.02766    0.00203                                mtd14
     115   1.553   -41.02767    0.00204    0.00406      42       2     mtd3
     116   1.562   -41.02765    0.00202                                mtd5
     117   1.562   -41.02765    0.00201    0.00402      43       2     mtd5
     118   1.564   -41.02765    0.00201                                mtd9
     119   1.566   -41.02765    0.00200    0.01585      44       8     mtd10
     120   1.567   -41.02765    0.00200                                mtd12
     121   1.584   -41.02762    0.00194                                mtd5
     122   1.567   -41.02765    0.00200                                mtd5
     123   1.567   -41.02765    0.00200                                mtd9
     124   1.568   -41.02764    0.00200                                mtd4
     125   1.587   -41.02761    0.00193                                mtd4
     126   1.569   -41.02764    0.00199                                mtd5
     127   1.602   -41.02759    0.00188    0.00188      45       1     mtd5
     128   1.575   -41.02763    0.00197    0.00197      46       1     mtd11
     129   1.604   -41.02759    0.00188    0.00188      47       1     md3
     130   1.605   -41.02759    0.00187    0.00187      48       1     mtd2
     131   1.605   -41.02758    0.00187    0.00942      49       5     mtd2
     132   1.606   -41.02758    0.00187                                md6
     133   1.608   -41.02758    0.00187                                md3
     134   1.609   -41.02758    0.00186                                mtd9
     135   1.580   -41.02762    0.00195                                mtd3
     136   1.606   -41.02758    0.00187    0.01112      50       6     md6
     137   1.609   -41.02758    0.00186                                mtd3
     138   1.611   -41.02757    0.00185                                mtd3
     139   1.621   -41.02756    0.00182                                mtd2
     140   1.606   -41.02758    0.00187                                mtd10
     141   1.614   -41.02757    0.00185                                md3
     142   1.624   -41.02756    0.00182    0.00182      51       1     md8
     143   1.634   -41.02754    0.00178    0.00178      52       1     mtd3
     144   1.634   -41.02754    0.00178    0.00178      53       1     mtd3
     145   1.639   -41.02753    0.00177    0.00351      54       2     mtd3
     146   1.650   -41.02751    0.00174                                md6
     147   1.619   -41.02756    0.00183    0.00183      55       1     mtd10
     148   1.657   -41.02750    0.00172    0.00343      56       2     mtd3
     149   1.657   -41.02750    0.00172                                mtd3
     150   1.657   -41.02750    0.00172    0.00343      57       2     mtd5
     151   1.658   -41.02750    0.00171                                mtd2
     152   1.660   -41.02750    0.00171    0.01171      58       7     mtd4
     153   1.660   -41.02750    0.00171                                md6
     154   1.678   -41.02747    0.00166                                mtd10
     155   1.661   -41.02750    0.00170                                mtd10
     156   1.678   -41.02747    0.00166                                mtd5
     157   1.708   -41.02742    0.00158                                mtd1
     158   1.662   -41.02749    0.00170                                mtd5
     159   1.664   -41.02749    0.00170    0.00170      59       1     md2
     160   1.664   -41.02749    0.00170    0.00339      60       2     mtd1
     161   1.665   -41.02749    0.00169                                mtd3
     162   1.725   -41.02739    0.00153    0.00153      61       1     mtd6
     163   1.738   -41.02737    0.00150    0.00296      62       2     mtd3
     164   1.752   -41.02735    0.00146                                mtd10
     165   1.742   -41.02737    0.00149    0.00294      63       2     mtd11
     166   1.755   -41.02735    0.00145                                mtd9
     167   1.756   -41.02735    0.00145    0.00145      64       1     mtd3
     168   1.759   -41.02734    0.00145    0.00145      65       1     md7
     169   1.768   -41.02733    0.00142    0.00142      66       1     mtd6
     170   1.779   -41.02731    0.00140    0.00140      67       1     mtd5
     171   1.782   -41.02730    0.00139    0.00139      68       1     mtd10
     172   1.783   -41.02730    0.00139    0.00139      69       1     mtd10
     173   1.799   -41.02728    0.00135    0.00135      70       1     md7
     174   1.813   -41.02725    0.00132    0.00132      71       1     mtd9
     175   1.836   -41.02722    0.00127    0.00127      72       1     md6
     176   1.933   -41.02706    0.00108    0.00108      73       1     mtd5
     177   1.937   -41.02706    0.00107    0.00532      74       5     mtd5
     178   1.937   -41.02706    0.00107                                md4
     179   1.940   -41.02705    0.00107                                mtd8
     180   1.944   -41.02705    0.00106                                mtd8
     181   1.948   -41.02704    0.00105                                mtd7
     182   1.941   -41.02705    0.00106    0.00318      75       3     mtd11
     183   1.941   -41.02705    0.00106                                mtd9
     184   1.949   -41.02704    0.00105                                mtd8
     185   1.973   -41.02700    0.00101    0.00101      76       1     mtd3
     186   1.974   -41.02700    0.00101    0.00101      77       1     md7
     187   1.979   -41.02699    0.00100    0.00100      78       1     mtd9
     188   2.010   -41.02694    0.00095    0.00470      79       5     mtd3
     189   2.011   -41.02694    0.00095                                mtd3
     190   2.012   -41.02694    0.00094                                mtd4
     191   2.015   -41.02693    0.00094                                md8
     192   2.021   -41.02692    0.00093                                md8
     193   2.024   -41.02692    0.00092    0.00092      80       1     mtd5
     194   2.028   -41.02691    0.00092    0.00179      81       2     md5
     195   2.061   -41.02686    0.00087                                mtd10
     196   2.063   -41.02686    0.00087    0.00087      82       1     mtd12
     197   2.064   -41.02685    0.00086    0.00086      83       1     md5
     198   2.038   -41.02690    0.00090    0.00090      84       1     mtd11
     199   2.089   -41.02681    0.00083    0.00083      85       1     mtd3
     200   2.106   -41.02679    0.00081    0.00081      86       1     mtd12
     201   2.107   -41.02678    0.00080    0.00161      87       2     md8
     202   2.108   -41.02678    0.00080                                mtd3
     203   2.120   -41.02677    0.00079    0.00314      88       4     mtd4
     204   2.121   -41.02676    0.00079                                mtd3
     205   2.121   -41.02676    0.00078                                mtd3
     206   2.125   -41.02676    0.00078                                mtd5
     207   2.129   -41.02675    0.00078    0.00078      89       1     mtd3
     208   2.144   -41.02673    0.00075    0.00075      90       1     mtd2
     209   2.168   -41.02669    0.00073    0.00073      91       1     mtd3
     210   2.169   -41.02669    0.00072    0.00072      92       1     mtd1
     211   2.178   -41.02667    0.00071    0.00071      93       1     mtd4
     212   2.185   -41.02666    0.00070    0.00141      94       2     mtd3
     213   2.189   -41.02666    0.00070                                md7
     214   2.205   -41.02663    0.00068    0.00138      95       2     mtd14
     215   2.187   -41.02666    0.00070                                mtd14
     216   2.214   -41.02661    0.00067    0.00067      96       1     mtd14
     217   2.203   -41.02663    0.00068    0.00135      97       2     mtd1
     218   2.214   -41.02661    0.00067                                mtd14
     219   2.220   -41.02661    0.00066    0.00066      98       1     md8
     220   2.223   -41.02660    0.00066    0.00066      99       1     mtd4
     221   2.232   -41.02659    0.00065    0.00065     100       1     mtd5
     222   2.239   -41.02658    0.00064    0.00064     101       1     md2
     223   2.242   -41.02657    0.00064    0.00124     102       2     mtd9
     224   2.280   -41.02651    0.00060                                mtd9
     225   2.242   -41.02657    0.00064    0.00064     103       1     mtd4
     226   2.291   -41.02649    0.00059    0.00059     104       1     mtd3
     227   2.315   -41.02645    0.00057    0.00057     105       1     mtd13
     228   2.324   -41.02644    0.00056    0.00111     106       2     md1
     229   2.328   -41.02643    0.00055                                mtd9
     230   2.338   -41.02642    0.00054    0.00054     107       1     mtd5
     231   2.391   -41.02633    0.00050    0.00050     108       1     mtd5
     232   2.392   -41.02633    0.00050    0.00050     109       1     mtd12
     233   2.398   -41.02632    0.00049    0.00049     110       1     mtd5
     234   2.400   -41.02632    0.00049    0.00049     111       1     mtd10
     235   2.433   -41.02627    0.00046    0.00136     112       3     mtd4
     236   2.451   -41.02624    0.00045                                md2
     237   2.461   -41.02622    0.00044                                mtd1
     238   2.464   -41.02622    0.00044    0.00090     113       2     md4
     239   2.434   -41.02626    0.00046                                md6
     240   2.465   -41.02621    0.00044    0.00044     114       1     md1
     241   2.435   -41.02626    0.00046    0.00090     115       2     mtd5
     242   2.468   -41.02621    0.00044                                md4
     243   2.484   -41.02619    0.00043    0.00043     116       1     mtd4
     244   2.493   -41.02617    0.00042    0.00042     117       1     md1
     245   2.494   -41.02617    0.00042    0.00042     118       1     mtd9
     246   2.512   -41.02614    0.00041    0.00041     119       1     mtd6
     247   2.523   -41.02612    0.00040    0.00040     120       1     mtd6
     248   2.558   -41.02607    0.00038    0.00038     121       1     md1
     249   2.575   -41.02604    0.00036    0.00036     122       1     md7
     250   2.580   -41.02603    0.00036    0.00036     123       1     mtd2
     251   2.597   -41.02600    0.00035    0.00035     124       1     mtd10
     252   2.598   -41.02600    0.00035    0.00035     125       1     mtd3
     253   2.598   -41.02600    0.00035    0.00035     126       1     md7
     254   2.603   -41.02600    0.00035    0.00035     127       1     mtd2
     255   2.645   -41.02593    0.00032    0.00032     128       1     mtd2
     256   2.663   -41.02590    0.00031    0.00031     129       1     mtd9
     257   2.665   -41.02590    0.00031    0.00062     130       2     mtd9
     258   2.673   -41.02588    0.00031                                mtd1
     259   2.667   -41.02589    0.00031    0.00062     131       2     mtd5
     260   2.684   -41.02587    0.00030                                md1
     261   2.697   -41.02584    0.00030    0.00030     132       1     mtd3
     262   2.710   -41.02582    0.00029    0.00029     133       1     mtd3
     263   2.711   -41.02582    0.00029    0.00029     134       1     mtd4
     264   2.675   -41.02588    0.00031    0.00060     135       2     mtd5
     265   2.715   -41.02582    0.00029                                mtd1
     266   2.715   -41.02582    0.00029    0.00029     136       1     md3
     267   2.718   -41.02581    0.00029    0.00057     137       2     mtd2
     268   2.718   -41.02581    0.00029                                mtd2
     269   2.724   -41.02580    0.00028    0.00028     138       1     mtd6
     270   2.731   -41.02579    0.00028    0.00028     139       1     mtd12
     271   2.739   -41.02578    0.00028    0.00028     140       1     mtd2
     272   2.739   -41.02578    0.00028    0.00028     141       1     mtd2
     273   2.740   -41.02578    0.00028    0.00055     142       2     md3
     274   2.751   -41.02576    0.00027                                mtd6
     275   2.751   -41.02576    0.00027    0.00027     143       1     mtd2
     276   2.752   -41.02576    0.00027    0.00027     144       1     md3
     277   2.741   -41.02577    0.00028    0.00028     145       1     mtd3
     278   2.759   -41.02575    0.00027    0.00027     146       1     mtd1
     279   2.762   -41.02574    0.00027    0.00027     147       1     mtd3
     280   2.763   -41.02574    0.00027    0.00027     148       1     mtd6
     281   2.768   -41.02573    0.00026    0.00132     149       5     md5
     282   2.768   -41.02573    0.00026                                mtd7
     283   2.768   -41.02573    0.00026                                md6
     284   2.769   -41.02573    0.00026                                mtd6
     285   2.769   -41.02573    0.00026                                md5
     286   2.774   -41.02572    0.00026    0.00026     150       1     mtd6
     287   2.797   -41.02568    0.00025    0.00025     151       1     md1
     288   2.807   -41.02567    0.00025    0.00025     152       1     md2
     289   2.835   -41.02563    0.00024    0.00024     153       1     mtd3
     290   2.837   -41.02562    0.00023    0.00023     154       1     mtd10
     291   2.838   -41.02562    0.00023    0.00023     155       1     mtd10
     292   2.840   -41.02562    0.00023    0.00023     156       1     mtd13
     293   2.841   -41.02561    0.00023    0.00046     157       2     mtd2
     294   2.844   -41.02561    0.00023                                mtd1
     295   2.850   -41.02560    0.00023    0.00023     158       1     mtd13
     296   2.851   -41.02560    0.00023    0.00023     159       1     mtd3
     297   2.859   -41.02559    0.00023    0.00045     160       2     md4
     298   2.871   -41.02557    0.00022                                md1
     299   2.869   -41.02557    0.00022    0.00022     161       1     mtd6
     300   2.884   -41.02555    0.00022    0.00043     162       2     md3
     301   2.884   -41.02555    0.00022                                mtd3
     302   2.896   -41.02553    0.00021    0.00021     163       1     mtd12
     303   2.916   -41.02550    0.00021    0.00021     164       1     mtd6
     304   2.919   -41.02549    0.00020    0.00020     165       1     mtd6
     305   2.919   -41.02549    0.00020    0.00020     166       1     mtd3
     306   2.925   -41.02548    0.00020    0.00020     167       1     mtd9
     307   2.928   -41.02548    0.00020    0.00020     168       1     md5
     308   2.933   -41.02547    0.00020    0.00039     169       2     mtd3
     309   2.947   -41.02545    0.00019                                mtd9
     310   2.936   -41.02546    0.00020    0.00020     170       1     md4
     311   2.954   -41.02543    0.00019    0.00019     171       1     mtd6
     312   2.957   -41.02543    0.00019    0.00019     172       1     mtd6
     313   2.964   -41.02542    0.00019    0.00056     173       3     md4
     314   2.973   -41.02541    0.00019                                md8
     315   2.966   -41.02542    0.00019                                md2
     316   2.977   -41.02540    0.00019    0.00019     174       1     md4
     317   2.967   -41.02541    0.00019    0.00019     175       1     md4
     318   2.992   -41.02537    0.00018    0.00018     176       1     md5
     319   3.003   -41.02536    0.00018    0.00052     177       3     mtd1
     320   3.021   -41.02533    0.00017                                mtd2
     321   3.010   -41.02535    0.00018                                mtd7
     322   3.028   -41.02532    0.00017    0.00017     178       1     mtd4
     323   3.011   -41.02534    0.00018    0.00018     179       1     mtd8
     324   3.042   -41.02529    0.00017    0.00017     180       1     mtd10
     325   3.045   -41.02529    0.00017    0.00017     181       1     md2
     326   3.050   -41.02528    0.00016    0.00016     182       1     md1
     327   3.050   -41.02528    0.00016    0.00016     183       1     mtd11
     328   3.072   -41.02525    0.00016    0.00016     184       1     mtd3
     329   3.073   -41.02525    0.00016    0.00016     185       1     mtd9
     330   3.079   -41.02524    0.00016    0.00031     186       2     mtd2
     331   3.080   -41.02524    0.00016                                md3
     332   3.086   -41.02523    0.00015    0.00015     187       1     mtd6
     333   3.099   -41.02520    0.00015    0.00015     188       1     mtd3
     334   3.104   -41.02520    0.00015    0.00015     189       1     mtd10
     335   3.111   -41.02519    0.00015    0.00044     190       3     md5
     336   3.128   -41.02516    0.00014                                md4
     337   3.113   -41.02518    0.00015                                mtd6
     338   3.125   -41.02516    0.00014    0.00014     191       1     mtd9
     339   3.132   -41.02515    0.00014    0.00014     192       1     mtd9
     340   3.144   -41.02513    0.00014    0.00014     193       1     mtd3
     341   3.167   -41.02510    0.00013    0.00013     194       1     mtd12
     342   3.184   -41.02507    0.00013    0.00013     195       1     mtd1
     343   3.188   -41.02506    0.00013    0.00013     196       1     mtd3
     344   3.191   -41.02506    0.00013    0.00026     197       2     mtd9
     345   3.193   -41.02505    0.00013                                mtd9
     346   3.192   -41.02506    0.00013    0.00013     198       1     mtd6
     347   3.196   -41.02505    0.00013    0.00026     199       2     mtd1
     348   3.198   -41.02505    0.00013                                mtd1
     349   3.202   -41.02504    0.00013    0.00013     200       1     mtd4
     350   3.202   -41.02504    0.00013    0.00013     201       1     md3
     351   3.205   -41.02504    0.00013    0.00013     202       1     mtd4
     352   3.211   -41.02503    0.00012    0.00012     203       1     mtd7
     353   3.222   -41.02501    0.00012    0.00012     204       1     mtd6
     354   3.236   -41.02499    0.00012    0.00024     205       2     mtd10
     355   3.238   -41.02498    0.00012                                md1
     356   3.253   -41.02496    0.00012    0.00012     206       1     mtd10
     357   3.270   -41.02493    0.00011    0.00011     207       1     mtd4
     358   3.272   -41.02493    0.00011    0.00011     208       1     mtd10
     359   3.277   -41.02492    0.00011    0.00011     209       1     mtd6
     360   3.317   -41.02486    0.00010    0.00010     210       1     mtd12
     361   3.344   -41.02481    0.00010    0.00010     211       1     md5
     362   3.352   -41.02480    0.00010    0.00010     212       1     mtd12
     363   3.353   -41.02480    0.00010    0.00010     213       1     mtd4
     364   3.385   -41.02475    0.00009    0.00009     214       1     mtd14
     365   3.388   -41.02474    0.00009    0.00009     215       1     md3
     366   3.392   -41.02474    0.00009    0.00009     216       1     md5
     367   3.397   -41.02473    0.00009    0.00009     217       1     mtd1
     368   3.397   -41.02473    0.00009    0.00009     218       1     mtd14
     369   3.402   -41.02472    0.00009    0.00009     219       1     mtd9
     370   3.422   -41.02469    0.00009    0.00009     220       1     md3
     371   3.428   -41.02468    0.00009    0.00009     221       1     md4
     372   3.449   -41.02465    0.00008    0.00008     222       1     md8
     373   3.450   -41.02465    0.00008    0.00008     223       1     mtd10
     374   3.456   -41.02463    0.00008    0.00008     224       1     mtd10
     375   3.460   -41.02463    0.00008    0.00008     225       1     mtd6
     376   3.494   -41.02458    0.00008    0.00008     226       1     mtd3
     377   3.541   -41.02450    0.00007    0.00007     227       1     mtd6
     378   3.557   -41.02447    0.00007    0.00014     228       2     mtd1
     379   3.576   -41.02444    0.00007                                mtd6
     380   3.583   -41.02443    0.00007    0.00013     229       2     mtd6
     381   3.593   -41.02442    0.00007                                mtd3
     382   3.558   -41.02447    0.00007    0.00007     230       1     mtd6
     383   3.604   -41.02440    0.00006    0.00006     231       1     md3
     384   3.577   -41.02444    0.00007    0.00007     232       1     mtd6
     385   3.607   -41.02440    0.00006    0.00006     233       1     md8
     386   3.613   -41.02439    0.00006    0.00006     234       1     mtd6
     387   3.625   -41.02437    0.00006    0.00006     235       1     mtd3
     388   3.633   -41.02435    0.00006    0.00006     236       1     mtd11
     389   3.640   -41.02434    0.00006    0.00006     237       1     mtd9
     390   3.647   -41.02433    0.00006    0.00006     238       1     md7
     391   3.668   -41.02430    0.00006    0.00006     239       1     mtd3
     392   3.675   -41.02429    0.00006    0.00006     240       1     mtd3
     393   3.680   -41.02428    0.00006    0.00006     241       1     mtd4
     394   3.681   -41.02428    0.00006    0.00006     242       1     mtd10
     395   3.688   -41.02427    0.00006    0.00011     243       2     mtd1
     396   3.700   -41.02425    0.00005                                mtd1
     397   3.700   -41.02425    0.00005    0.00011     244       2     mtd1
     398   3.706   -41.02424    0.00005                                mtd6
     399   3.710   -41.02423    0.00005    0.00005     245       1     mtd9
     400   3.710   -41.02423    0.00005    0.00005     246       1     mtd14
     401   3.728   -41.02420    0.00005    0.00005     247       1     mtd2
     402   3.728   -41.02420    0.00005    0.00005     248       1     mtd2
     403   3.729   -41.02420    0.00005    0.00005     249       1     mtd1
     404   3.701   -41.02424    0.00005    0.00011     250       2     mtd3
     405   3.735   -41.02419    0.00005                                mtd2
     406   3.741   -41.02418    0.00005    0.00010     251       2     md8
     407   3.742   -41.02418    0.00005                                mtd3
     408   3.742   -41.02418    0.00005    0.00005     252       1     md8
     409   3.744   -41.02418    0.00005    0.00005     253       1     mtd3
     410   3.767   -41.02414    0.00005    0.00005     254       1     mtd2
     411   3.780   -41.02412    0.00005    0.00005     255       1     mtd6
     412   3.795   -41.02409    0.00005    0.00005     256       1     md2
     413   3.798   -41.02409    0.00005    0.00005     257       1     mtd1
     414   3.806   -41.02408    0.00005    0.00005     258       1     mtd6
     415   3.810   -41.02407    0.00005    0.00005     259       1     md8
     416   3.814   -41.02406    0.00005    0.00009     260       2     mtd1
     417   3.826   -41.02405    0.00004                                md8
     418   3.826   -41.02405    0.00004    0.00004     261       1     md8
     419   3.827   -41.02404    0.00004    0.00004     262       1     md2
     420   3.819   -41.02406    0.00004    0.00004     263       1     mtd9
     421   3.829   -41.02404    0.00004    0.00004     264       1     mtd6
     422   3.831   -41.02404    0.00004    0.00009     265       2     mtd1
     423   3.834   -41.02403    0.00004                                md2
     424   3.834   -41.02403    0.00004    0.00004     266       1     md8
     425   3.860   -41.02399    0.00004    0.00004     267       1     mtd1
     426   3.874   -41.02397    0.00004    0.00004     268       1     md2
     427   3.874   -41.02397    0.00004    0.00004     269       1     md4
     428   3.875   -41.02397    0.00004    0.00004     270       1     md8
     429   3.878   -41.02396    0.00004    0.00004     271       1     md8
     430   3.901   -41.02393    0.00004    0.00004     272       1     mtd6
     431   3.906   -41.02392    0.00004    0.00004     273       1     md7
     432   3.910   -41.02391    0.00004    0.00004     274       1     mtd6
     433   3.923   -41.02389    0.00004    0.00004     275       1     mtd6
     434   3.928   -41.02388    0.00004    0.00004     276       1     md8
     435   3.935   -41.02387    0.00004    0.00004     277       1     mtd9
     436   3.973   -41.02381    0.00003    0.00003     278       1     md5
     437   3.974   -41.02381    0.00003    0.00003     279       1     mtd6
     438   3.977   -41.02381    0.00003    0.00003     280       1     md7
     439   3.998   -41.02377    0.00003    0.00003     281       1     mtd6
     440   3.998   -41.02377    0.00003    0.00003     282       1     mtd6
     441   4.005   -41.02376    0.00003    0.00003     283       1     mtd1
     442   4.006   -41.02376    0.00003    0.00003     284       1     mtd6
     443   4.024   -41.02373    0.00003    0.00003     285       1     mtd6
     444   4.025   -41.02373    0.00003    0.00003     286       1     mtd13
     445   4.026   -41.02373    0.00003    0.00003     287       1     mtd9
     446   4.041   -41.02370    0.00003    0.00003     288       1     mtd11
     447   4.052   -41.02368    0.00003    0.00003     289       1     mtd2
     448   4.060   -41.02367    0.00003    0.00006     290       2     mtd2
     449   4.077   -41.02365    0.00003                                mtd2
     450   4.068   -41.02366    0.00003    0.00003     291       1     mtd3
     451   4.080   -41.02364    0.00003    0.00009     292       3     mtd2
     452   4.083   -41.02364    0.00003                                mtd2
     453   4.087   -41.02363    0.00003                                mtd2
     454   4.112   -41.02359    0.00003    0.00003     293       1     mtd1
     455   4.120   -41.02358    0.00003    0.00003     294       1     mtd2
     456   4.122   -41.02357    0.00003    0.00003     295       1     mtd6
     457   4.126   -41.02357    0.00003    0.00005     296       2     md5
     458   4.130   -41.02356    0.00003                                mtd11
     459   4.161   -41.02351    0.00003    0.00003     297       1     mtd2
     460   4.168   -41.02350    0.00002    0.00002     298       1     mtd6
     461   4.181   -41.02348    0.00002    0.00002     299       1     mtd1
     462   4.185   -41.02347    0.00002    0.00002     300       1     md2
     463   4.193   -41.02346    0.00002    0.00002     301       1     mtd1
     464   4.200   -41.02345    0.00002    0.00002     302       1     mtd9
     465   4.201   -41.02345    0.00002    0.00002     303       1     mtd2
     466   4.221   -41.02342    0.00002    0.00002     304       1     mtd9
     467   4.227   -41.02341    0.00002    0.00002     305       1     mtd9
     468   4.228   -41.02340    0.00002    0.00002     306       1     mtd1
     469   4.245   -41.02338    0.00002    0.00002     307       1     mtd1
     470   4.251   -41.02337    0.00002    0.00002     308       1     md3
     471   4.264   -41.02335    0.00002    0.00002     309       1     mtd7
     472   4.312   -41.02327    0.00002    0.00002     310       1     mtd4
     473   4.319   -41.02326    0.00002    0.00002     311       1     mtd1
     474   4.328   -41.02325    0.00002    0.00002     312       1     mtd6
     475   4.350   -41.02321    0.00002    0.00002     313       1     md8
     476   4.354   -41.02320    0.00002    0.00004     314       2     mtd2
     477   4.365   -41.02319    0.00002                                mtd2
     478   4.403   -41.02313    0.00002    0.00002     315       1     md4
     479   4.413   -41.02311    0.00002    0.00002     316       1     mtd4
     480   4.417   -41.02310    0.00002    0.00005     317       3     md4
     481   4.418   -41.02310    0.00002                                md4
     482   4.431   -41.02308    0.00002                                md4
     483   4.433   -41.02308    0.00002    0.00002     318       1     mtd6
     484   4.435   -41.02307    0.00002    0.00002     319       1     mtd11
     485   4.448   -41.02305    0.00002    0.00002     320       1     mtd1
     486   4.473   -41.02301    0.00001    0.00001     321       1     md6
     487   4.478   -41.02301    0.00001    0.00001     322       1     mtd6
     488   4.483   -41.02300    0.00001    0.00001     323       1     md2
     489   4.490   -41.02299    0.00001    0.00001     324       1     mtd6
     490   4.495   -41.02298    0.00001    0.00001     325       1     mtd2
     491   4.496   -41.02298    0.00001    0.00001     326       1     md8
     492   4.499   -41.02297    0.00001    0.00001     327       1     mtd5
     493   4.507   -41.02296    0.00001    0.00001     328       1     mtd1
     494   4.509   -41.02296    0.00001    0.00001     329       1     mtd2
     495   4.511   -41.02295    0.00001    0.00001     330       1     mtd5
     496   4.524   -41.02293    0.00001    0.00001     331       1     mtd4
     497   4.556   -41.02288    0.00001    0.00001     332       1     mtd2
     498   4.559   -41.02288    0.00001    0.00001     333       1     mtd9
     499   4.567   -41.02287    0.00001    0.00001     334       1     mtd2
     500   4.624   -41.02277    0.00001    0.00001     335       1     mtd1
     501   4.635   -41.02276    0.00001    0.00001     336       1     md2
     502   4.647   -41.02274    0.00001    0.00001     337       1     md7
     503   4.662   -41.02271    0.00001    0.00001     338       1     md4
     504   4.698   -41.02266    0.00001    0.00001     339       1     md5
     505   4.706   -41.02264    0.00001    0.00001     340       1     mtd1
     506   4.722   -41.02262    0.00001    0.00002     341       2     mtd2
     507   4.768   -41.02254    0.00001                                mtd2
     508   4.770   -41.02254    0.00001    0.00001     342       1     mtd2
     509   4.733   -41.02260    0.00001    0.00001     343       1     mtd2
     510   4.783   -41.02252    0.00001    0.00001     344       1     md5
     511   4.792   -41.02251    0.00001    0.00001     345       1     md5
     512   4.800   -41.02249    0.00001    0.00001     346       1     mtd7
     513   4.805   -41.02249    0.00001    0.00001     347       1     mtd14
     514   4.814   -41.02247    0.00001    0.00001     348       1     mtd4
     515   4.823   -41.02246    0.00001    0.00001     349       1     md7
     516   4.861   -41.02240    0.00001    0.00001     350       1     mtd5
     517   4.886   -41.02236    0.00001    0.00001     351       1     mtd6
     518   4.889   -41.02235    0.00001    0.00001     352       1     mtd5
     519   4.912   -41.02232    0.00001    0.00001     353       1     mtd4
     520   4.913   -41.02231    0.00001    0.00001     354       1     mtd9
     521   4.918   -41.02231    0.00001    0.00001     355       1     mtd9
     522   4.956   -41.02224    0.00001    0.00001     356       1     mtd10
     523   4.961   -41.02224    0.00001    0.00001     357       1     mtd6
     524   4.999   -41.02218    0.00001    0.00001     358       1     mtd5
     525   5.006   -41.02217    0.00001    0.00001     359       1     mtd9
     526   5.060   -41.02208    0.00001    0.00001     360       1     mtd2
     527   5.111   -41.02200    0.00001    0.00001     361       1     md4
     528   5.129   -41.02197    0.00000    0.00000     362       1     mtd9
     529   5.143   -41.02195    0.00000    0.00000     363       1     mtd6
     530   5.182   -41.02188    0.00000    0.00000     364       1     md4
     531   5.242   -41.02179    0.00000    0.00000     365       1     mtd1
     532   5.295   -41.02171    0.00000    0.00000     366       1     mtd6
     533   5.297   -41.02170    0.00000    0.00000     367       1     mtd2
     534   5.331   -41.02165    0.00000    0.00000     368       1     mtd13
     535   5.331   -41.02165    0.00000    0.00000     369       1     mtd6
     536   5.370   -41.02159    0.00000    0.00000     370       1     md5
     537   5.374   -41.02158    0.00000    0.00000     371       1     md5
     538   5.391   -41.02155    0.00000    0.00000     372       1     mtd2
     539   5.428   -41.02149    0.00000    0.00000     373       1     mtd6
     540   5.476   -41.02142    0.00000    0.00000     374       1     mtd3
     541   5.484   -41.02140    0.00000    0.00000     375       1     mtd1
     542   5.522   -41.02134    0.00000    0.00000     376       1     mtd2
     543   5.532   -41.02133    0.00000    0.00000     377       1     mtd1
     544   5.532   -41.02133    0.00000    0.00000     378       2     mtd2
     545   5.547   -41.02130    0.00000                                mtd2
     546   5.619   -41.02119    0.00000    0.00000     379       2     mtd2
     547   5.622   -41.02118    0.00000                                mtd2
     548   5.682   -41.02109    0.00000    0.00000     380       2     mtd1
     549   5.687   -41.02108    0.00000                                mtd1
     550   5.685   -41.02108    0.00000    0.00000     381       1     mtd10
     551   5.697   -41.02106    0.00000    0.00000     382       1     mtd1
     552   5.809   -41.02088    0.00000    0.00000     383       1     mtd2
     553   5.811   -41.02088    0.00000    0.00000     384       1     mtd6
     554   5.866   -41.02079    0.00000    0.00000     385       1     mtd10
     555   5.908   -41.02073    0.00000    0.00000     386       1     mtd4
     556   5.983   -41.02061    0.00000    0.00000     387       1     mtd5
     557   5.985   -41.02061    0.00000    0.00000     388       1     md5
     558   5.997   -41.02059    0.00000    0.00000     389       1     md5
T /K                                  :   298.15
E lowest                              :   -41.03014
ensemble average energy (kcal)        :    0.925
ensemble entropy (J/mol K, cal/mol K) :   42.676   10.200
ensemble free energy (kcal/mol)       :   -3.041
population of lowest in %             :    2.807
 number of unique conformers for further calc          389
 list of relative energies saved as "crest.energies"

 -----------------
 Wall Time Summary
 -----------------
             test MD wall time :         0h : 0m : 6s
                 MTD wall time :         0h :17m :14s
      multilevel OPT wall time :         0h :59m :24s
                  MD wall time :         0h :23m :18s
                  GC wall time :         0h : 5m :17s
--------------------
Overall wall time  : 1h :59m :26s

 CREST terminated normally.
