****************************************************************
  Sure Independence Screening and Sparsifying Operator (SISSO)  
             Version SISSO.3.3, July, 2023.                
****************************************************************

Read in data from train.dat
Read in data from SISSO.in
Property type:     1
Number of tasks:        1
Descriptor dimension:        2
Number of samples for the task(s):     36
Restarts :  0
Number of scalar features:       19
Tier of the feature space:        3
Maximal feature complexity (number of operators in a feature):        6
Unit of input primary feature, each represented by a row vector: 
    1.00
    1.00
    1.00
    1.00
    1.00
    1.00
    1.00
    1.00
    1.00
    1.00
    1.00
    1.00
    1.00
    1.00
    1.00
    1.00
    1.00
    1.00
    1.00
The feature will be discarded if the minimum of the maximal abs. value in it <    0.10000E-02
The faature will be discarded if the maximum of the maximal abs. value in it >     0.10000E+06
Size of the SIS-selected (single) subspace :  10000 10000
Operators for feature construction: (+)(-)(*) (+)(-)(*) (+)(-)(*) 
Method for sparse regression:  L0        
Fitting intercept:      T
Metric for model selection: RMSE
Number of the top-ranked models to output:      100
--------------------------------------------------------------------------------

Dimension:   1
-------------------
Feature Construction (FC) starts ...
Population Standard Deviation (SD) of the task 001:   23.53971
Total number of features in the space phi00:             19
Total number of features in the space phi01:            643
Total number of features in the space phi02:         212463
Total number of features in the space phi03:     5389568860
Size of the SIS-selected subspace from phi03:      10000
Time (second) used for this FC:         1048.27

Descriptor Identification (DI) starts ...
Total number of SIS-selected features from all dimensions:      10000
 
  1D descriptor: 
     d001 = (((feature1+feature17)-feature9)+((feature5+feature18)-(feature9-feature6)))    feature_ID:000001

  1D model(y=sum(ci*di)+c0): 
     coeff.(ci)_task001:    -0.2446640079E+02
             c0_task001:     0.4092745860E+02
     RMSE,MaxAE_task001:     0.1192869279E+02    0.3143029604E+02

     RMSE and MaxAE of the model:  11.928693 31.430296
--------------------------------------------------------------------------------
Time (second) used for this DI:            0.14

Dimension:   2
-------------------
Feature Construction (FC) starts ...
Total number of features in the space phi00:             19
Total number of features in the space phi01:            643
Total number of features in the space phi02:         212463
Total number of features in the space phi03:     5389568860
Size of the SIS-selected subspace from phi03:      10000
Time (second) used for this FC:         1047.08

Descriptor Identification (DI) starts ...
Total number of SIS-selected features from all dimensions:      20000
 
Final model/descriptor !
================================================================================
  2D descriptor: 
     d001 = ((feature9*(feature10+feature13))-((feature1+feature17)*(feature5+feature18)))    feature_ID:005264
     d002 = (((feature19-feature15)-feature7)*((feature12*feature18)*(feature16-feature18)))    feature_ID:010003

  2D model(y=sum(ci*di)+c0): 
     coeff.(ci)_task001:     0.4286150284E+02   -0.5196396639E+03
             c0_task001:     0.4172340481E+02
     RMSE,MaxAE_task001:     0.8047548671E+01    0.2361595212E+02

     RMSE and MaxAE of the model:   8.047549 23.615952
================================================================================
Time (second) used for this DI:           25.49
Total time (second):         2121.87
Have a nice day !    

