****************************************************************
  Sure Independence Screening and Sparsifying Operator (SISSO)  
             Version SISSO.3.3, July, 2023.                
****************************************************************

Read in data from train.dat
Read in data from SISSO.in
Property type:     1
Number of tasks:        1
Descriptor dimension:        2
Number of samples for the task(s):     36
Restarts :  0
Number of scalar features:       24
Tier of the feature space:        3
Maximal feature complexity (number of operators in a feature):        6
Unit of input primary feature, each represented by a row vector: 
    1.00
    1.00
    1.00
    1.00
    1.00
    1.00
    1.00
    1.00
    1.00
    1.00
    1.00
    1.00
    1.00
    1.00
    1.00
    1.00
    1.00
    1.00
    1.00
    1.00
    1.00
    1.00
    1.00
    1.00
The feature will be discarded if the minimum of the maximal abs. value in it <    0.10000E-02
The faature will be discarded if the maximum of the maximal abs. value in it >     0.10000E+06
Size of the SIS-selected (single) subspace :  10000 10000
Operators for feature construction: (+)(-)(*) (+)(-)(*) (+)(-)(*) 
Method for sparse regression:  L0        
Fitting intercept:      T
Metric for model selection: RMSE
Number of the top-ranked models to output:      100
--------------------------------------------------------------------------------

Dimension:   1
-------------------
Feature Construction (FC) starts ...
Population Standard Deviation (SD) of the task 001:  102.21639
Total number of features in the space phi00:             24
Total number of features in the space phi01:            994
Total number of features in the space phi02:         434212
Total number of features in the space phi03:    19945086379
Size of the SIS-selected subspace from phi03:      10000
Time (second) used for this FC:         2995.58

Descriptor Identification (DI) starts ...
Total number of SIS-selected features from all dimensions:      10000
 
  1D descriptor: 
     d001 = ((feature21*(feature18-feature22))+((feature23-feature5)*(feature22-feature21)))    feature_ID:000001

  1D model(y=sum(ci*di)+c0): 
     coeff.(ci)_task001:     0.3031098811E+03
             c0_task001:     0.3303197771E+03
     RMSE,MaxAE_task001:     0.3551669065E+02    0.1097161796E+03

     RMSE and MaxAE of the model:  35.516691109.716180
--------------------------------------------------------------------------------
Time (second) used for this DI:           19.72

Dimension:   2
-------------------
Feature Construction (FC) starts ...
Total number of features in the space phi00:             24
Total number of features in the space phi01:            994
Total number of features in the space phi02:         434212
Total number of features in the space phi03:    19945086379
Size of the SIS-selected subspace from phi03:      10000
Time (second) used for this FC:         2994.11

Descriptor Identification (DI) starts ...
Total number of SIS-selected features from all dimensions:      20000
 
Final model/descriptor !
================================================================================
  2D descriptor: 
     d001 = (((feature18-feature2)-feature21)*((feature21+feature23)-(feature5+feature7)))    feature_ID:002792
     d002 = (((feature23-feature22)-feature22)*((feature15-feature4)*(feature17-feature22)))    feature_ID:018746

  2D model(y=sum(ci*di)+c0): 
     coeff.(ci)_task001:     0.1447520191E+03   -0.4714902703E+03
             c0_task001:     0.3210081847E+03
     RMSE,MaxAE_task001:     0.2455557723E+02    0.6846698959E+02

     RMSE and MaxAE of the model:  24.555577 68.466990
================================================================================
Time (second) used for this DI:           25.48
Total time (second):         6036.31
Have a nice day !    

