****************************************************************
  Sure Independence Screening and Sparsifying Operator (SISSO)  
             Version SISSO.3.3, July, 2023.                
****************************************************************

Read in data from train.dat
Read in data from SISSO.in
Property type:     1
Number of tasks:        1
Descriptor dimension:        2
Number of samples for the task(s):     36
Restarts :  0
Number of scalar features:       20
Tier of the feature space:        3
Maximal feature complexity (number of operators in a feature):        6
Unit of input primary feature, each represented by a row vector: 
    1.00
    1.00
    1.00
    1.00
    1.00
    1.00
    1.00
    1.00
    1.00
    1.00
    1.00
    1.00
    1.00
    1.00
    1.00
    1.00
    1.00
    1.00
    1.00
    1.00
The feature will be discarded if the minimum of the maximal abs. value in it <    0.10000E-02
The faature will be discarded if the maximum of the maximal abs. value in it >     0.10000E+06
Size of the SIS-selected (single) subspace :  10000 10000
Operators for feature construction: (+)(-)(*) (+)(-)(*) (+)(-)(*) 
Method for sparse regression:  L0        
Fitting intercept:      T
Metric for model selection: RMSE
Number of the top-ranked models to output:      100
--------------------------------------------------------------------------------

Dimension:   1
-------------------
Feature Construction (FC) starts ...
Population Standard Deviation (SD) of the task 001:   21.96885
Total number of features in the space phi00:             20
Total number of features in the space phi01:            691
Total number of features in the space phi02:         214756
Total number of features in the space phi03:     5774676070
Size of the SIS-selected subspace from phi03:      10000
Time (second) used for this FC:         1077.92

Descriptor Identification (DI) starts ...
Total number of SIS-selected features from all dimensions:      10000
 
  1D descriptor: 
     d001 = ((feature17+(feature2+feature19))*((feature10+feature19)-(feature12-feature8)))    feature_ID:000001

  1D model(y=sum(ci*di)+c0): 
     coeff.(ci)_task001:    -0.3536105310E+02
             c0_task001:     0.3946245751E+02
     RMSE,MaxAE_task001:     0.1090090121E+02    0.3053537642E+02

     RMSE and MaxAE of the model:  10.900901 30.535376
--------------------------------------------------------------------------------
Time (second) used for this DI:            0.13

Dimension:   2
-------------------
Feature Construction (FC) starts ...
Total number of features in the space phi00:             20
Total number of features in the space phi01:            691
Total number of features in the space phi02:         214756
Total number of features in the space phi03:     5774676070
Size of the SIS-selected subspace from phi03:      10000
Time (second) used for this FC:         1079.16

Descriptor Identification (DI) starts ...
Total number of SIS-selected features from all dimensions:      20000
 
Final model/descriptor !
================================================================================
  2D descriptor: 
     d001 = (((feature2+feature14)*(feature12-feature13))-(feature13*(feature8-feature17)))    feature_ID:000055
     d002 = (((feature20-feature18)-feature9)*((feature12*feature19)-(feature15*feature20)))    feature_ID:010075

  2D model(y=sum(ci*di)+c0): 
     coeff.(ci)_task001:     0.5552718147E+02    0.2184295631E+03
             c0_task001:     0.1677093781E+02
     RMSE,MaxAE_task001:     0.8212122106E+01    0.2402179407E+02

     RMSE and MaxAE of the model:   8.212122 24.021794
================================================================================
Time (second) used for this DI:           25.64
Total time (second):         2183.71
Have a nice day !    

