
       ==============================================
       |                                            |
       |                 C R E S T                  |
       |                                            |
       |  Conformer-Rotamer Ensemble Sampling Tool  |
       |          based on the GFN methods          |
       |             P.Pracht, S.Grimme             |
       |          Universitaet Bonn, MCTC           |
       ==============================================
       Version 2.12,   Thu 19. Mai 16:32:32 CEST 2022
  Using the xTB program. Compatible with xTB version 6.4.0

   Cite work conducted with this code as

   • P.Pracht, F.Bohle, S.Grimme, PCCP, 2020, 22, 7169-7192.
   • S.Grimme, JCTC, 2019, 15, 2847-2862.

   and for works involving QCG as

   • S.Spicher, C.Plett, P.Pracht, A.Hansen, S.Grimme,
     JCTC, 2022, 18 (5), 3174-3189.

   with help from:
   C.Bannwarth, F.Bohle, S.Ehlert, S.Grimme,
   C.Plett, P.Pracht, S.Spicher

   This program is distributed in the hope that it will be useful,
   but WITHOUT ANY WARRANTY; without even the implied warranty of
   MERCHANTABILITY or FITNESS FOR A PARTICULAR PURPOSE.

 Command line input:
 > crest out.xyz --gfn 2 --chrg 0 -T 1 --noreftopo

  -gfn2 : Use of GFN2-xTB requested.
  --chrg 0
  -T 1 (CPUs/Threads selected)

 -------------------------
 xTB Geometry Optimization
 -------------------------
 Geometry successfully optimized.

------------------------------------------------
Generating MTD length from a flexibility measure
------------------------------------------------
 Calculating WBOs... done.
 Calculating NCI flexibility... done.
     covalent flexibility measure :   0.203
 non-covalent flexibility measure :   0.595
 flexibility measure :   0.236
 t(MTD) / ps    :     5.0
 Σ(t(MTD)) / ps :    70.0 (14 MTDs)

-------------------------------------
Starting a trial MTD to test settings
-------------------------------------
 Estimated runtime for one MTD (5.0 ps) on a single thread: 24 min 22 sec
 Estimated runtime for a batch of 14 MTDs on 1 threads: 5 h 41 min 2 sec

 list of Vbias parameters applied:
$metadyn    0.00300   1.300
$metadyn    0.00150   1.300
$metadyn    0.00075   1.300
$metadyn    0.00300   0.780
$metadyn    0.00150   0.780
$metadyn    0.00075   0.780
$metadyn    0.00300   0.468
$metadyn    0.00150   0.468
$metadyn    0.00075   0.468
$metadyn    0.00300   0.281
$metadyn    0.00150   0.281
$metadyn    0.00075   0.281
$metadyn    0.00100   0.100
$metadyn    0.00500   0.800

*******************************************************************************************
**                        N E W    I T E R A T I O N    C Y C L E                        **
*******************************************************************************************

========================================
            MTD Iteration  1
========================================

     ========================================
     |         Meta-MD (MTD) Sampling       |
     ========================================

Starting Meta-MD  14 with the settings:
     MD time /ps        :     5.0
     dt /fs             :     5.0
     dumpstep(trj) /fs  :     100
     dumpstep(Vbias)/ps :     1.0
     Vbias factor k /Eh :  0.1500
     Vbias exp α /bohr⁻²:    0.80
*Meta-MTD 14 finished*
Starting Meta-MD  13 with the settings:
     MD time /ps        :     5.0
     dt /fs             :     5.0
     dumpstep(trj) /fs  :     100
     dumpstep(Vbias)/ps :     1.0
     Vbias factor k /Eh :  0.0300
     Vbias exp α /bohr⁻²:    0.10
*Meta-MTD 13 finished*
Starting Meta-MD  12 with the settings:
     MD time /ps        :     5.0
     dt /fs             :     5.0
     dumpstep(trj) /fs  :     100
     dumpstep(Vbias)/ps :     1.0
     Vbias factor k /Eh :  0.0225
     Vbias exp α /bohr⁻²:    0.28
*Meta-MTD 12 finished*
Starting Meta-MD  11 with the settings:
     MD time /ps        :     5.0
     dt /fs             :     5.0
     dumpstep(trj) /fs  :     100
     dumpstep(Vbias)/ps :     1.0
     Vbias factor k /Eh :  0.0450
     Vbias exp α /bohr⁻²:    0.28
*Meta-MTD 11 finished*
Starting Meta-MD  10 with the settings:
     MD time /ps        :     5.0
     dt /fs             :     5.0
     dumpstep(trj) /fs  :     100
     dumpstep(Vbias)/ps :     1.0
     Vbias factor k /Eh :  0.0900
     Vbias exp α /bohr⁻²:    0.28
*Meta-MTD 10 finished*
Starting Meta-MD   9 with the settings:
     MD time /ps        :     5.0
     dt /fs             :     5.0
     dumpstep(trj) /fs  :     100
     dumpstep(Vbias)/ps :     1.0
     Vbias factor k /Eh :  0.0225
     Vbias exp α /bohr⁻²:    0.47
*Meta-MTD 9 finished*
Starting Meta-MD   8 with the settings:
     MD time /ps        :     5.0
     dt /fs             :     5.0
     dumpstep(trj) /fs  :     100
     dumpstep(Vbias)/ps :     1.0
     Vbias factor k /Eh :  0.0450
     Vbias exp α /bohr⁻²:    0.47
*Meta-MTD 8 finished*
Starting Meta-MD   7 with the settings:
     MD time /ps        :     5.0
     dt /fs             :     5.0
     dumpstep(trj) /fs  :     100
     dumpstep(Vbias)/ps :     1.0
     Vbias factor k /Eh :  0.0900
     Vbias exp α /bohr⁻²:    0.47
*Meta-MTD 7 finished*
Starting Meta-MD   6 with the settings:
     MD time /ps        :     5.0
     dt /fs             :     5.0
     dumpstep(trj) /fs  :     100
     dumpstep(Vbias)/ps :     1.0
     Vbias factor k /Eh :  0.0225
     Vbias exp α /bohr⁻²:    0.78
*Meta-MTD 6 finished*
Starting Meta-MD   5 with the settings:
     MD time /ps        :     5.0
     dt /fs             :     5.0
     dumpstep(trj) /fs  :     100
     dumpstep(Vbias)/ps :     1.0
     Vbias factor k /Eh :  0.0450
     Vbias exp α /bohr⁻²:    0.78
*Meta-MTD 5 finished*
Starting Meta-MD   4 with the settings:
     MD time /ps        :     5.0
     dt /fs             :     5.0
     dumpstep(trj) /fs  :     100
     dumpstep(Vbias)/ps :     1.0
     Vbias factor k /Eh :  0.0900
     Vbias exp α /bohr⁻²:    0.78
*Meta-MTD 4 finished*
Starting Meta-MD   3 with the settings:
     MD time /ps        :     5.0
     dt /fs             :     5.0
     dumpstep(trj) /fs  :     100
     dumpstep(Vbias)/ps :     1.0
     Vbias factor k /Eh :  0.0225
     Vbias exp α /bohr⁻²:    1.30
*Meta-MTD 3 finished*
Starting Meta-MD   2 with the settings:
     MD time /ps        :     5.0
     dt /fs             :     5.0
     dumpstep(trj) /fs  :     100
     dumpstep(Vbias)/ps :     1.0
     Vbias factor k /Eh :  0.0450
     Vbias exp α /bohr⁻²:    1.30
*Meta-MTD 2 finished*
Starting Meta-MD   1 with the settings:
     MD time /ps        :     5.0
     dt /fs             :     5.0
     dumpstep(trj) /fs  :     100
     dumpstep(Vbias)/ps :     1.0
     Vbias factor k /Eh :  0.0900
     Vbias exp α /bohr⁻²:    1.30
*Meta-MTD 1 finished*

-----------------------
Multilevel Optimization
-----------------------

 -------------------------
 1. crude pre-optimization
 -------------------------
 Optimizing all 686 structures from file "crest_rotamers_0.xyz" ...
 1 2 3 4 5 6 7 8 9 10 11 12 13 14 15 16 17 18 19 20 21 22 23 24 25 26 27 28 29 30 31 32 33 34 35 36 37 38 39 40 41 42 43 44 45 46 47 48 49 50 51 52 53 54 55 56 57 58 59 60 61 62 63 64 65 66 67 68 69 70 71 72 73 74 75 76 77 78 79 80 81 82 83 84 85 86 87 88 89 90 91 92 93 94 95 96 97 98 99 100 101 102 103 104 105 106 107 108 109 110 111 112 113 114 115 116 117 118 119 120 121 122 123 124 125 126 127 128 129 130 131 132 133 134 135 136 137 138 139 140 141 142 143 144 145 146 147 148 149 150 151 152 153 154 155 156 157 158 159 160 161 162 163 164 165 166 167 168 169 170 171 172 173 174 175 176 177 178 179 180 181 182 183 184 185 186 187 188 189 190 191 192 193 194 195 196 197 198 199 200 201 202 203 204 205 206 207 208 209 210 211 212 213 214 215 216 217 218 219 220 221 222 223 224 225 226 227 228 229 230 231 232 233 234 235 236 237 238 239 240 241 242 243 244 245 246 247 248 249 250 251 252 253 254 255 256 257 258 259 260 261 262 263 264 265 266 267 268 269 270 271 272 273 274 275 276 277 278 279 280 281 282 283 284 285 286 287 288 289 290 291 292 293 294 295 296 297 298 299 300 301 302 303 304 305 306 307 308 309 310 311 312 313 314 315 316 317 318 319 320 321 322 323 324 325 326 327 328 329 330 331 332 333 334 335 336 337 338 339 340 341 342 343 344 345 346 347 348 349 350 351 352 353 354 355 356 357 358 359 360 361 362 363 364 365 366 367 368 369 370 371 372 373 374 375 376 377 378 379 380 381 382 383 384 385 386 387 388 389 390 391 392 393 394 395 396 397 398 399 400 401 402 403 404 405 406 407 408 409 410 411 412 413 414 415 416 417 418 419 420 421 422 423 424 425 426 427 428 429 430 431 432 433 434 435 436 437 438 439 440 441 442 443 444 445 446 447 448 449 450 451 452 453 454 455 456 457 458 459 460 461 462 463 464 465 466 467 468 469 470 471 472 473 474 475 476 477 478 479 480 481 482 483 484 485 486 487 488 489 490 491 492 493 494 495 496 497 498 499 500 501 502 503 504 505 506 507 508 509 510 511 512 513 514 515 516 517 518 519 520 521 522 523 524 525 526 527 528 529 530 531 532 533 534 535 536 537 538 539 540 541 542 543 544 545 546 547 548 549 550 551 552 553 554 555 556 557 558 559 560 561 562 563 564 565 566 567 568 569 570 571 572 573 574 575 576 577 578 579 580 581 582 583 584 585 586 587 588 589 590 591 592 593 594 595 596 597 598 599 600 601 602 603 604 605 606 607 608 609 610 611 612 613 614 615 616 617 618 619 620 621 622 623 624 625 626 627 628 629 630 631 632 633 634 635 636 637 638 639 640 641 642 643 644 645 646 647 648 649 650 651 652 653 654 655 656 657 658 659 660 661 662 663 664 665 666 667 668 669 670 671 672 673 674 675 676 677 678 679 680 681 682 683 684 685 686
 done.
 running RMSDs...
 done.
 E lowest :   -40.32157
 366 structures remain within    12.00 kcal/mol window

 -------------------------------------
 2. optimization with tight thresholds
 -------------------------------------
 Optimizing all 367 structures from file "crest_rotamers_1.xyz" ...
 1 2 3 4 5 6 7 8 9 10 11 12 13 14 15 16 17 18 19 20 21 22 23 24 25 26 27 28 29 30 31 32 33 34 35 36 37 38 39 40 41 42 43 44 45 46 47 48 49 50 51 52 53 54 55 56 57 58 59 60 61 62 63 64 65 66 67 68 69 70 71 72 73 74 75 76 77 78 79 80 81 82 83 84 85 86 87 88 89 90 91 92 93 94 95 96 97 98 99 100 101 102 103 104 105 106 107 108 109 110 111 112 113 114 115 116 117 118 119 120 121 122 123 124 125 126 127 128 129 130 131 132 133 134 135 136 137 138 139 140 141 142 143 144 145 146 147 148 149 150 151 152 153 154 155 156 157 158 159 160 161 162 163 164 165 166 167 168 169 170 171 172 173 174 175 176 177 178 179 180 181 182 183 184 185 186 187 188 189 190 191 192 193 194 195 196 197 198 199 200 201 202 203 204 205 206 207 208 209 210 211 212 213 214 215 216 217 218 219 220 221 222 223 224 225 226 227 228 229 230 231 232 233 234 235 236 237 238 239 240 241 242 243 244 245 246 247 248 249 250 251 252 253 254 255 256 257 258 259 260 261 262 263 264 265 266 267 268 269 270 271 272 273 274 275 276 277 278 279 280 281 282 283 284 285 286 287 288 289 290 291 292 293 294 295 296 297 298 299 300 301 302 303 304 305 306 307 308 309 310 311 312 313 314 315 316 317 318 319 320 321 322 323 324 325 326 327 328 329 330 331 332 333 334 335 336 337 338 339 340 341 342 343 344 345 346 347 348 349 350 351 352 353 354 355 356 357 358 359 360 361 362 363 364 365 366 367
 done.
 running RMSDs...
 done.
 E lowest :   -40.32230
 97 structures remain within     6.00 kcal/mol window


========================================
            MTD Iteration  2
========================================

     ========================================
     |         Meta-MD (MTD) Sampling       |
     ========================================

Starting Meta-MD  12 with the settings:
     MD time /ps        :     5.0
     dt /fs             :     5.0
     dumpstep(trj) /fs  :     100
     dumpstep(Vbias)/ps :     1.0
     Vbias factor k /Eh :  0.0225
     Vbias exp α /bohr⁻²:    0.28
*Meta-MTD 12 finished*
Starting Meta-MD  11 with the settings:
     MD time /ps        :     5.0
     dt /fs             :     5.0
     dumpstep(trj) /fs  :     100
     dumpstep(Vbias)/ps :     1.0
     Vbias factor k /Eh :  0.0450
     Vbias exp α /bohr⁻²:    0.28
*Meta-MTD 11 finished*
Starting Meta-MD  10 with the settings:
     MD time /ps        :     5.0
     dt /fs             :     5.0
     dumpstep(trj) /fs  :     100
     dumpstep(Vbias)/ps :     1.0
     Vbias factor k /Eh :  0.0900
     Vbias exp α /bohr⁻²:    0.28
*Meta-MTD 10 finished*
Starting Meta-MD   9 with the settings:
     MD time /ps        :     5.0
     dt /fs             :     5.0
     dumpstep(trj) /fs  :     100
     dumpstep(Vbias)/ps :     1.0
     Vbias factor k /Eh :  0.0225
     Vbias exp α /bohr⁻²:    0.47
*Meta-MTD 9 finished*
Starting Meta-MD   8 with the settings:
     MD time /ps        :     5.0
     dt /fs             :     5.0
     dumpstep(trj) /fs  :     100
     dumpstep(Vbias)/ps :     1.0
     Vbias factor k /Eh :  0.0450
     Vbias exp α /bohr⁻²:    0.47
*Meta-MTD 8 finished*
Starting Meta-MD   7 with the settings:
     MD time /ps        :     5.0
     dt /fs             :     5.0
     dumpstep(trj) /fs  :     100
     dumpstep(Vbias)/ps :     1.0
     Vbias factor k /Eh :  0.0900
     Vbias exp α /bohr⁻²:    0.47
*Meta-MTD 7 finished*
Starting Meta-MD   6 with the settings:
     MD time /ps        :     5.0
     dt /fs             :     5.0
     dumpstep(trj) /fs  :     100
     dumpstep(Vbias)/ps :     1.0
     Vbias factor k /Eh :  0.0225
     Vbias exp α /bohr⁻²:    0.78
*Meta-MTD 6 finished*
Starting Meta-MD   5 with the settings:
     MD time /ps        :     5.0
     dt /fs             :     5.0
     dumpstep(trj) /fs  :     100
     dumpstep(Vbias)/ps :     1.0
     Vbias factor k /Eh :  0.0450
     Vbias exp α /bohr⁻²:    0.78
*Meta-MTD 5 finished*
Starting Meta-MD   4 with the settings:
     MD time /ps        :     5.0
     dt /fs             :     5.0
     dumpstep(trj) /fs  :     100
     dumpstep(Vbias)/ps :     1.0
     Vbias factor k /Eh :  0.0900
     Vbias exp α /bohr⁻²:    0.78
*Meta-MTD 4 finished*
Starting Meta-MD   3 with the settings:
     MD time /ps        :     5.0
     dt /fs             :     5.0
     dumpstep(trj) /fs  :     100
     dumpstep(Vbias)/ps :     1.0
     Vbias factor k /Eh :  0.0225
     Vbias exp α /bohr⁻²:    1.30
*Meta-MTD 3 finished*
Starting Meta-MD   2 with the settings:
     MD time /ps        :     5.0
     dt /fs             :     5.0
     dumpstep(trj) /fs  :     100
     dumpstep(Vbias)/ps :     1.0
     Vbias factor k /Eh :  0.0450
     Vbias exp α /bohr⁻²:    1.30
*Meta-MTD 2 finished*
Starting Meta-MD   1 with the settings:
     MD time /ps        :     5.0
     dt /fs             :     5.0
     dumpstep(trj) /fs  :     100
     dumpstep(Vbias)/ps :     1.0
     Vbias factor k /Eh :  0.0900
     Vbias exp α /bohr⁻²:    1.30
*Meta-MTD 1 finished*

-----------------------
Multilevel Optimization
-----------------------

 -------------------------
 1. crude pre-optimization
 -------------------------
 Optimizing all 588 structures from file "crest_rotamers_0.xyz" ...
 1 2 3 4 5 6 7 8 9 10 11 12 13 14 15 16 17 18 19 20 21 22 23 24 25 26 27 28 29 30 31 32 33 34 35 36 37 38 39 40 41 42 43 44 45 46 47 48 49 50 51 52 53 54 55 56 57 58 59 60 61 62 63 64 65 66 67 68 69 70 71 72 73 74 75 76 77 78 79 80 81 82 83 84 85 86 87 88 89 90 91 92 93 94 95 96 97 98 99 100 101 102 103 104 105 106 107 108 109 110 111 112 113 114 115 116 117 118 119 120 121 122 123 124 125 126 127 128 129 130 131 132 133 134 135 136 137 138 139 140 141 142 143 144 145 146 147 148 149 150 151 152 153 154 155 156 157 158 159 160 161 162 163 164 165 166 167 168 169 170 171 172 173 174 175 176 177 178 179 180 181 182 183 184 185 186 187 188 189 190 191 192 193 194 195 196 197 198 199 200 201 202 203 204 205 206 207 208 209 210 211 212 213 214 215 216 217 218 219 220 221 222 223 224 225 226 227 228 229 230 231 232 233 234 235 236 237 238 239 240 241 242 243 244 245 246 247 248 249 250 251 252 253 254 255 256 257 258 259 260 261 262 263 264 265 266 267 268 269 270 271 272 273 274 275 276 277 278 279 280 281 282 283 284 285 286 287 288 289 290 291 292 293 294 295 296 297 298 299 300 301 302 303 304 305 306 307 308 309 310 311 312 313 314 315 316 317 318 319 320 321 322 323 324 325 326 327 328 329 330 331 332 333 334 335 336 337 338 339 340 341 342 343 344 345 346 347 348 349 350 351 352 353 354 355 356 357 358 359 360 361 362 363 364 365 366 367 368 369 370 371 372 373 374 375 376 377 378 379 380 381 382 383 384 385 386 387 388 389 390 391 392 393 394 395 396 397 398 399 400 401 402 403 404 405 406 407 408 409 410 411 412 413 414 415 416 417 418 419 420 421 422 423 424 425 426 427 428 429 430 431 432 433 434 435 436 437 438 439 440 441 442 443 444 445 446 447 448 449 450 451 452 453 454 455 456 457 458 459 460 461 462 463 464 465 466 467 468 469 470 471 472 473 474 475 476 477 478 479 480 481 482 483 484 485 486 487 488 489 490 491 492 493 494 495 496 497 498 499 500 501 502 503 504 505 506 507 508 509 510 511 512 513 514 515 516 517 518 519 520 521 522 523 524 525 526 527 528 529 530 531 532 533 534 535 536 537 538 539 540 541 542 543 544 545 546 547 548 549 550 551 552 553 554 555 556 557 558 559 560 561 562 563 564 565 566 567 568 569 570 571 572 573 574 575 576 577 578 579 580 581 582 583 584 585 586 587 588
 done.
 running RMSDs...
 done.
 E lowest :   -40.32184
 371 structures remain within    12.00 kcal/mol window

 -------------------------------------
 2. optimization with tight thresholds
 -------------------------------------
 Optimizing all 372 structures from file "crest_rotamers_1.xyz" ...
 1 2 3 4 5 6 7 8 9 10 11 12 13 14 15 16 17 18 19 20 21 22 23 24 25 26 27 28 29 30 31 32 33 34 35 36 37 38 39 40 41 42 43 44 45 46 47 48 49 50 51 52 53 54 55 56 57 58 59 60 61 62 63 64 65 66 67 68 69 70 71 72 73 74 75 76 77 78 79 80 81 82 83 84 85 86 87 88 89 90 91 92 93 94 95 96 97 98 99 100 101 102 103 104 105 106 107 108 109 110 111 112 113 114 115 116 117 118 119 120 121 122 123 124 125 126 127 128 129 130 131 132 133 134 135 136 137 138 139 140 141 142 143 144 145 146 147 148 149 150 151 152 153 154 155 156 157 158 159 160 161 162 163 164 165 166 167 168 169 170 171 172 173 174 175 176 177 178 179 180 181 182 183 184 185 186 187 188 189 190 191 192 193 194 195 196 197 198 199 200 201 202 203 204 205 206 207 208 209 210 211 212 213 214 215 216 217 218 219 220 221 222 223 224 225 226 227 228 229 230 231 232 233 234 235 236 237 238 239 240 241 242 243 244 245 246 247 248 249 250 251 252 253 254 255 256 257 258 259 260 261 262 263 264 265 266 267 268 269 270 271 272 273 274 275 276 277 278 279 280 281 282 283 284 285 286 287 288 289 290 291 292 293 294 295 296 297 298 299 300 301 302 303 304 305 306 307 308 309 310 311 312 313 314 315 316 317 318 319 320 321 322 323 324 325 326 327 328 329 330 331 332 333 334 335 336 337 338 339 340 341 342 343 344 345 346 347 348 349 350 351 352 353 354 355 356 357 358 359 360 361 362 363 364 365 366 367 368 369 370 371 372
 done.
 running RMSDs...
 done.
 E lowest :   -40.32230
 50 structures remain within     6.00 kcal/mol window

========================================
            MTD Iterations done         
========================================
 Collecting ensmbles.
 running RMSDs...
 done.
 E lowest :   -40.32230
 140 structures remain within     6.00 kcal/mol window

-----------------------------------------------
Additional regular MDs on lowest 4 conformer(s)
-----------------------------------------------
Starting MD   8 with the settings:
     MD time /ps        :     2.5
     MD Temperature /K  :   500.0
     dt /fs             :     5.0
     dumpstep(trj) /fs  :     100
*MD 8 finished*
Starting MD   7 with the settings:
     MD time /ps        :     2.5
     MD Temperature /K  :   400.0
     dt /fs             :     5.0
     dumpstep(trj) /fs  :     100
*MD 7 finished*
Starting MD   6 with the settings:
     MD time /ps        :     2.5
     MD Temperature /K  :   500.0
     dt /fs             :     5.0
     dumpstep(trj) /fs  :     100
*MD 6 finished*
Starting MD   5 with the settings:
     MD time /ps        :     2.5
     MD Temperature /K  :   400.0
     dt /fs             :     5.0
     dumpstep(trj) /fs  :     100
*MD 5 finished*
Starting MD   4 with the settings:
     MD time /ps        :     2.5
     MD Temperature /K  :   500.0
     dt /fs             :     5.0
     dumpstep(trj) /fs  :     100
*MD 4 finished*
Starting MD   3 with the settings:
     MD time /ps        :     2.5
     MD Temperature /K  :   400.0
     dt /fs             :     5.0
     dumpstep(trj) /fs  :     100
*MD 3 finished*
Starting MD   2 with the settings:
     MD time /ps        :     2.5
     MD Temperature /K  :   500.0
     dt /fs             :     5.0
     dumpstep(trj) /fs  :     100
*MD 2 finished*
Starting MD   1 with the settings:
     MD time /ps        :     2.5
     MD Temperature /K  :   400.0
     dt /fs             :     5.0
     dumpstep(trj) /fs  :     100
*MD 1 finished*
 Appending file crest_rotamers_1.xyz with new structures

 -------------------------------------------
 Ensemble optimization with tight thresholds
 -------------------------------------------
 Optimizing all 332 structures from file "crest_rotamers_1.xyz" ...
 1 2 3 4 5 6 7 8 9 10 11 12 13 14 15 16 17 18 19 20 21 22 23 24 25 26 27 28 29 30 31 32 33 34 35 36 37 38 39 40 41 42 43 44 45 46 47 48 49 50 51 52 53 54 55 56 57 58 59 60 61 62 63 64 65 66 67 68 69 70 71 72 73 74 75 76 77 78 79 80 81 82 83 84 85 86 87 88 89 90 91 92 93 94 95 96 97 98 99 100 101 102 103 104 105 106 107 108 109 110 111 112 113 114 115 116 117 118 119 120 121 122 123 124 125 126 127 128 129 130 131 132 133 134 135 136 137 138 139 140 141 142 143 144 145 146 147 148 149 150 151 152 153 154 155 156 157 158 159 160 161 162 163 164 165 166 167 168 169 170 171 172 173 174 175 176 177 178 179 180 181 182 183 184 185 186 187 188 189 190 191 192 193 194 195 196 197 198 199 200 201 202 203 204 205 206 207 208 209 210 211 212 213 214 215 216 217 218 219 220 221 222 223 224 225 226 227 228 229 230 231 232 233 234 235 236 237 238 239 240 241 242 243 244 245 246 247 248 249 250 251 252 253 254 255 256 257 258 259 260 261 262 263 264 265 266 267 268 269 270 271 272 273 274 275 276 277 278 279 280 281 282 283 284 285 286 287 288 289 290 291 292 293 294 295 296 297 298 299 300 301 302 303 304 305 306 307 308 309 310 311 312 313 314 315 316 317 318 319 320 321 322 323 324 325 326 327 328 329 330 331 332
 done.
 running RMSDs...
 done.
 E lowest :   -40.32231
 180 structures remain within     6.00 kcal/mol window


     ========================================
     |        Structure Crossing (GC)       |
     ========================================
 =============================
  # threads =           1
 =============================
 input  file name : crest_rotamers_3.xyz
number of atoms                :    30
number of points on xyz files  :   180
conformer energy window  /kcal :    6.00
CN per atom difference cut-off :  0.3000
RMSD threshold                 :  0.2500
max. # of generated structures : 250
 reading xyz file ...
 # in E window                180
 generating pairs ...       16289
  55.6 % done
 generated pairs           :        3723
 number of clash discarded :       12387
 average rmsd w.r.t input  : 2.60628
 sd of ensemble            : 0.85514
 number of new structures      :         161
 removed identical structures  :         339
 writing          161  TMPCONF* dirs ...
 --------------------------
 GC: loose pre-optimization
 --------------------------
 Starting optimization of generated structures
 161 jobs to do.
 1 2 3 4 5 6 7 8 9 10 11 12 13 14 15 16 17 18 19 20 21 22 23 24 25 26 27 28 29 30 31 32 33 34 35 36 37 38 39 40 41 42 43 44 45 46 47 48 49 50 51 52 53 54 55 56 57 58 59 60 61 62 63 64 65 66 67 68 69 70 71 72 73 74 75 76 77 78 79 80 81 82 83 84 85 86 87 88 89 90 91 92 93 94 95 96 97 98 99 100 101 102 103 104 105 106 107 108 109 110 111 112 113 114 115 116 117 118 119 120 121 122 123 124 125 126 127 128 129 130 131 132 133 134 135 136 137 138 139 140 141 142 143 144 145 146 147 148 149 150 151 152 153 154 155 156 157 158 159 160 161 
 done.
 Now appending opt.xyz file with new structures
 running RMSDs...
 done.
 E lowest :   -40.32230
 130 structures remain within    10.00 kcal/mol window
 --------------------------------------
 GC: optimization with tight thresholds
 --------------------------------------
 Optimizing all 130 structures from file "crest_rotamers_1.xyz" ...
 1 2 3 4 5 6 7 8 9 10 11 12 13 14 15 16 17 18 19 20 21 22 23 24 25 26 27 28 29 30 31 32 33 34 35 36 37 38 39 40 41 42 43 44 45 46 47 48 49 50 51 52 53 54 55 56 57 58 59 60 61 62 63 64 65 66 67 68 69 70 71 72 73 74 75 76 77 78 79 80 81 82 83 84 85 86 87 88 89 90 91 92 93 94 95 96 97 98 99 100 101 102 103 104 105 106 107 108 109 110 111 112 113 114 115 116 117 118 119 120 121 122 123 124 125 126 127 128 129 130
 done.
 running RMSDs...
 done.
 E lowest :   -40.32231


   ================================================
   |           Final Geometry Optimization        |
   ================================================
 ------------------------------------------------
 Ensemble optimization with very tight thresholds
 ------------------------------------------------
 Optimizing all 240 structures from file "crest_rotamers_4.xyz" ...
 1 2 3 4 5 6 7 8 9 10 11 12 13 14 15 16 17 18 19 20 21 22 23 24 25 26 27 28 29 30 31 32 33 34 35 36 37 38 39 40 41 42 43 44 45 46 47 48 49 50 51 52 53 54 55 56 57 58 59 60 61 62 63 64 65 66 67 68 69 70 71 72 73 74 75 76 77 78 79 80 81 82 83 84 85 86 87 88 89 90 91 92 93 94 95 96 97 98 99 100 101 102 103 104 105 106 107 108 109 110 111 112 113 114 115 116 117 118 119 120 121 122 123 124 125 126 127 128 129 130 131 132 133 134 135 136 137 138 139 140 141 142 143 144 145 146 147 148 149 150 151 152 153 154 155 156 157 158 159 160 161 162 163 164 165 166 167 168 169 170 171 172 173 174 175 176 177 178 179 180 181 182 183 184 185 186 187 188 189 190 191 192 193 194 195 196 197 198 199 200 201 202 203 204 205 206 207 208 209 210 211 212 213 214 215 216 217 218 219 220 221 222 223 224 225 226 227 228 229 230 231 232 233 234 235 236 237 238 239 240
 done.
 running RMSDs...
 done.
 E lowest :   -40.32231
 238 structures remain within     6.00 kcal/mol window

 input  file name : crest_rotamers_5.xyz
 output file name : crest_rotamers_6.xyz
 number of atoms                :   30
 number of points on xyz files  :   240
 RMSD threshold                 :   0.1250
 Bconst threshold               :   0.0100
 population threshold           :   0.0500
 conformer energy window  /kcal :   6.0000
 # fragment in coord            :     2
 # bonds in reference structure :    28
 number of reliable points      :   240
 reference state Etot :  -40.322305720000003
 number of doubles removed by rot/RMSD         :           2
 total number unique points considered further :         238
       Erel/kcal        Etot weight/tot  conformer     set   degen     origin
       1   0.000   -40.32231    0.00554    0.19340       1      35     gc
       2   0.000   -40.32231    0.00554                                md2
       3   0.000   -40.32231    0.00554                                mtd2
       4   0.000   -40.32231    0.00554                                mtd12
       5   0.000   -40.32231    0.00554                                mtd9
       6   0.000   -40.32231    0.00554                                mtd3
       7   0.000   -40.32231    0.00554                                gc
       8   0.000   -40.32231    0.00554                                md1
       9   0.000   -40.32231    0.00554                                gc
      10   0.000   -40.32231    0.00554                                gc
      11   0.001   -40.32230    0.00554                                gc
      12   0.001   -40.32230    0.00554                                gc
      13   0.001   -40.32230    0.00554                                gc
      14   0.001   -40.32230    0.00554                                mtd7
      15   0.001   -40.32230    0.00554                                mtd1
      16   0.001   -40.32230    0.00554                                mtd1
      17   0.001   -40.32230    0.00553                                mtd14
      18   0.001   -40.32230    0.00553                                gc
      19   0.001   -40.32230    0.00553                                mtd4
      20   0.001   -40.32230    0.00553                                mtd7
      21   0.002   -40.32230    0.00553                                mtd5
      22   0.002   -40.32230    0.00553                                md7
      23   0.002   -40.32230    0.00553                                gc
      24   0.002   -40.32230    0.00553                                gc
      25   0.002   -40.32230    0.00552                                mtd3
      26   0.002   -40.32230    0.00552                                gc
      27   0.002   -40.32230    0.00552                                gc
      28   0.003   -40.32230    0.00551                                gc
      29   0.004   -40.32230    0.00551                                gc
      30   0.004   -40.32230    0.00550                                mtd4
      31   0.005   -40.32230    0.00550                                gc
      32   0.006   -40.32230    0.00549                                gc
      33   0.006   -40.32230    0.00549                                gc
      34   0.007   -40.32230    0.00548                                gc
      35   0.007   -40.32229    0.00548                                gc
      36   0.081   -40.32218    0.00483    0.44219       2      93     mtd5
      37   0.081   -40.32218    0.00483                                gc
      38   0.081   -40.32218    0.00483                                mtd3
      39   0.081   -40.32218    0.00483                                gc
      40   0.082   -40.32218    0.00483                                md4
      41   0.082   -40.32218    0.00483                                mtd8
      42   0.082   -40.32218    0.00483                                md8
      43   0.082   -40.32218    0.00483                                md6
      44   0.082   -40.32218    0.00483                                mtd9
      45   0.082   -40.32218    0.00483                                md4
      46   0.082   -40.32218    0.00483                                mtd2
      47   0.082   -40.32218    0.00483                                mtd2
      48   0.082   -40.32218    0.00483                                mtd3
      49   0.082   -40.32218    0.00483                                gc
      50   0.082   -40.32218    0.00483                                mtd12
      51   0.082   -40.32218    0.00483                                mtd14
      52   0.082   -40.32218    0.00483                                gc
      53   0.082   -40.32218    0.00483                                mtd12
      54   0.082   -40.32218    0.00483                                gc
      55   0.082   -40.32217    0.00483                                gc
      56   0.082   -40.32217    0.00483                                mtd13
      57   0.082   -40.32217    0.00483                                mtd3
      58   0.082   -40.32217    0.00483                                mtd5
      59   0.082   -40.32217    0.00482                                gc
      60   0.082   -40.32217    0.00482                                gc
      61   0.082   -40.32217    0.00482                                mtd3
      62   0.083   -40.32217    0.00482                                gc
      63   0.083   -40.32217    0.00482                                md4
      64   0.083   -40.32217    0.00482                                mtd6
      65   0.083   -40.32217    0.00482                                gc
      66   0.083   -40.32217    0.00482                                gc
      67   0.083   -40.32217    0.00482                                gc
      68   0.083   -40.32217    0.00482                                mtd12
      69   0.083   -40.32217    0.00482                                md7
      70   0.083   -40.32217    0.00482                                md7
      71   0.083   -40.32217    0.00482                                gc
      72   0.083   -40.32217    0.00482                                mtd14
      73   0.083   -40.32217    0.00482                                md6
      74   0.083   -40.32217    0.00482                                mtd12
      75   0.083   -40.32217    0.00482                                mtd12
      76   0.083   -40.32217    0.00482                                gc
      77   0.083   -40.32217    0.00482                                mtd11
      78   0.084   -40.32217    0.00482                                mtd5
      79   0.084   -40.32217    0.00481                                mtd14
      80   0.084   -40.32217    0.00481                                gc
      81   0.084   -40.32217    0.00481                                gc
      82   0.084   -40.32217    0.00481                                mtd2
      83   0.084   -40.32217    0.00481                                mtd3
      84   0.084   -40.32217    0.00481                                gc
      85   0.084   -40.32217    0.00481                                mtd2
      86   0.084   -40.32217    0.00481                                gc
      87   0.085   -40.32217    0.00480                                mtd7
      88   0.085   -40.32217    0.00480                                mtd2
      89   0.085   -40.32217    0.00480                                mtd3
      90   0.086   -40.32217    0.00480                                mtd3
      91   0.086   -40.32217    0.00480                                mtd7
      92   0.087   -40.32217    0.00479                                gc
      93   0.087   -40.32217    0.00479                                mtd3
      94   0.087   -40.32217    0.00479                                mtd3
      95   0.087   -40.32217    0.00479                                mtd9
      96   0.087   -40.32217    0.00478                                mtd12
      97   0.088   -40.32217    0.00478                                mtd12
      98   0.088   -40.32217    0.00478                                md7
      99   0.088   -40.32217    0.00478                                gc
     100   0.089   -40.32216    0.00477                                mtd1
     101   0.089   -40.32216    0.00477                                gc
     102   0.089   -40.32216    0.00477                                gc
     103   0.092   -40.32216    0.00475                                mtd1
     104   0.093   -40.32216    0.00474                                gc
     105   0.094   -40.32216    0.00473                                gc
     106   0.094   -40.32216    0.00473                                mtd4
     107   0.096   -40.32215    0.00471                                mtd3
     108   0.096   -40.32215    0.00471                                mtd2
     109   0.097   -40.32215    0.00470                                gc
     110   0.098   -40.32215    0.00470                                gc
     111   0.099   -40.32215    0.00469                                mtd2
     112   0.100   -40.32215    0.00468                                mtd5
     113   0.106   -40.32214    0.00463                                mtd14
     114   0.113   -40.32213    0.00458                                gc
     115   0.114   -40.32212    0.00457                                gc
     116   0.115   -40.32212    0.00457                                gc
     117   0.117   -40.32212    0.00455                                mtd1
     118   0.117   -40.32212    0.00455                                md6
     119   0.119   -40.32212    0.00453                                gc
     120   0.122   -40.32211    0.00452                                gc
     121   0.122   -40.32211    0.00451                                gc
     122   0.123   -40.32211    0.00451                                mtd12
     123   0.124   -40.32211    0.00450                                gc
     124   0.124   -40.32211    0.00450                                md7
     125   0.124   -40.32211    0.00450                                gc
     126   0.125   -40.32211    0.00449                                gc
     127   0.125   -40.32211    0.00449                                gc
     128   0.127   -40.32210    0.00448                                gc
     129   0.155   -40.32206    0.00427    0.33971       3      81     md6
     130   0.155   -40.32206    0.00427                                mtd2
     131   0.155   -40.32206    0.00427                                md6
     132   0.155   -40.32206    0.00427                                mtd6
     133   0.155   -40.32206    0.00427                                mtd8
     134   0.155   -40.32206    0.00427                                md5
     135   0.156   -40.32206    0.00426                                mtd14
     136   0.156   -40.32206    0.00426                                mtd12
     137   0.156   -40.32206    0.00426                                mtd12
     138   0.156   -40.32206    0.00426                                mtd1
     139   0.156   -40.32206    0.00426                                md8
     140   0.156   -40.32206    0.00426                                md8
     141   0.156   -40.32206    0.00426                                md6
     142   0.156   -40.32206    0.00426                                md6
     143   0.157   -40.32206    0.00426                                md5
     144   0.157   -40.32206    0.00426                                mtd2
     145   0.157   -40.32206    0.00425                                mtd2
     146   0.157   -40.32206    0.00425                                mtd1
     147   0.157   -40.32205    0.00425                                mtd2
     148   0.158   -40.32205    0.00425                                mtd3
     149   0.159   -40.32205    0.00424                                mtd3
     150   0.159   -40.32205    0.00424                                md5
     151   0.160   -40.32205    0.00423                                md7
     152   0.160   -40.32205    0.00423                                mtd3
     153   0.160   -40.32205    0.00423                                md8
     154   0.160   -40.32205    0.00423                                mtd14
     155   0.160   -40.32205    0.00423                                mtd8
     156   0.160   -40.32205    0.00423                                md5
     157   0.160   -40.32205    0.00423                                md8
     158   0.160   -40.32205    0.00423                                mtd1
     159   0.160   -40.32205    0.00423                                mtd2
     160   0.160   -40.32205    0.00423                                md6
     161   0.160   -40.32205    0.00423                                mtd3
     162   0.160   -40.32205    0.00423                                mtd7
     163   0.161   -40.32205    0.00423                                md5
     164   0.161   -40.32205    0.00423                                mtd12
     165   0.161   -40.32205    0.00423                                mtd6
     166   0.161   -40.32205    0.00423                                mtd7
     167   0.161   -40.32205    0.00423                                mtd10
     168   0.161   -40.32205    0.00422                                md5
     169   0.161   -40.32205    0.00422                                md8
     170   0.162   -40.32205    0.00422                                md8
     171   0.162   -40.32205    0.00422                                mtd3
     172   0.162   -40.32205    0.00422                                md8
     173   0.163   -40.32205    0.00421                                mtd9
     174   0.163   -40.32205    0.00421                                md8
     175   0.163   -40.32205    0.00421                                mtd1
     176   0.163   -40.32205    0.00421                                mtd2
     177   0.164   -40.32204    0.00421                                mtd2
     178   0.164   -40.32204    0.00420                                mtd3
     179   0.164   -40.32204    0.00420                                mtd2
     180   0.164   -40.32204    0.00420                                mtd3
     181   0.165   -40.32204    0.00420                                mtd14
     182   0.165   -40.32204    0.00420                                mtd2
     183   0.165   -40.32204    0.00420                                mtd3
     184   0.166   -40.32204    0.00419                                mtd8
     185   0.166   -40.32204    0.00419                                md8
     186   0.166   -40.32204    0.00419                                mtd1
     187   0.166   -40.32204    0.00419                                md8
     188   0.166   -40.32204    0.00419                                md6
     189   0.166   -40.32204    0.00419                                mtd8
     190   0.167   -40.32204    0.00418                                mtd10
     191   0.196   -40.32199    0.00398                                mtd6
     192   0.199   -40.32199    0.00397                                mtd12
     193   0.167   -40.32204    0.00418                                md8
     194   0.168   -40.32204    0.00418                                mtd8
     195   0.171   -40.32203    0.00415                                mtd2
     196   0.199   -40.32199    0.00396                                mtd2
     197   0.172   -40.32203    0.00415                                gc
     198   0.199   -40.32199    0.00396                                mtd2
     199   0.173   -40.32203    0.00414                                gc
     200   0.173   -40.32203    0.00414                                mtd3
     201   0.178   -40.32202    0.00411                                md6
     202   0.179   -40.32202    0.00410                                md8
     203   0.201   -40.32199    0.00395                                mtd1
     204   0.180   -40.32202    0.00409                                mtd1
     205   0.181   -40.32202    0.00408                                gc
     206   0.182   -40.32202    0.00408                                gc
     207   0.183   -40.32201    0.00407                                mtd3
     208   0.185   -40.32201    0.00406                                mtd3
     209   0.186   -40.32201    0.00405                                mtd2
     210   0.187   -40.32201    0.00405    0.02006       4       5     md5
     211   0.190   -40.32200    0.00403                                mtd2
     212   0.194   -40.32200    0.00400                                mtd12
     213   0.194   -40.32200    0.00400                                gc
     214   0.194   -40.32200    0.00400                                mtd6
     215   0.231   -40.32194    0.00375    0.00375       5       1     md5
     216   1.089   -40.32057    0.00088    0.00088       6       1     md7
     217   5.669   -40.31327    0.00000    0.00000       7       3     mtd14
     218   5.669   -40.31327    0.00000                                mtd14
     219   5.676   -40.31326    0.00000                                mtd1
     220   5.676   -40.31326    0.00000    0.00000       8       1     mtd9
     221   5.681   -40.31325    0.00000    0.00000       9       5     mtd7
     222   5.682   -40.31325    0.00000                                mtd4
     223   5.682   -40.31325    0.00000                                mtd4
     224   5.682   -40.31325    0.00000                                mtd4
     225   5.686   -40.31324    0.00000                                mtd9
     226   5.689   -40.31324    0.00000    0.00000      10       1     mtd4
     227   5.684   -40.31325    0.00000    0.00000      11       3     mtd6
     228   5.691   -40.31324    0.00000                                mtd4
     229   5.693   -40.31323    0.00000                                mtd4
     230   5.706   -40.31321    0.00000    0.00000      12       2     mtd4
     231   5.706   -40.31321    0.00000                                mtd4
     232   5.721   -40.31319    0.00000    0.00000      13       6     mtd5
     233   5.722   -40.31319    0.00000                                mtd4
     234   5.722   -40.31319    0.00000                                mtd9
     235   5.722   -40.31319    0.00000                                mtd7
     236   5.723   -40.31319    0.00000                                mtd1
     237   5.731   -40.31317    0.00000                                mtd5
     238   5.748   -40.31315    0.00000    0.00000      14       1     mtd5
T /K                                  :   298.15
E lowest                              :   -40.32231
ensemble average energy (kcal)        :    0.102
ensemble entropy (J/mol K, cal/mol K) :   44.631   10.667
ensemble free energy (kcal/mol)       :   -3.180
population of lowest in %             :   19.340
 number of unique conformers for further calc           14
 list of relative energies saved as "crest.energies"

 -----------------
 Wall Time Summary
 -----------------
             test MD wall time :         0h : 0m : 5s
                 MTD wall time :         0h :10m :42s
      multilevel OPT wall time :         0h :33m :13s
                  MD wall time :         0h : 6m :42s
                  GC wall time :         0h : 3m :29s
--------------------
Overall wall time  : 0h :55m :41s

 CREST terminated normally.
