****************************************************************
  Sure Independence Screening and Sparsifying Operator (SISSO)  
             Version SISSO.3.3, July, 2023.                
****************************************************************

Read in data from train.dat
Read in data from SISSO.in
Property type:     1
Number of tasks:        1
Descriptor dimension:        2
Number of samples for the task(s):     36
Restarts :  0
Number of scalar features:       17
Tier of the feature space:        3
Maximal feature complexity (number of operators in a feature):        6
Unit of input primary feature, each represented by a row vector: 
    1.00
    1.00
    1.00
    1.00
    1.00
    1.00
    1.00
    1.00
    1.00
    1.00
    1.00
    1.00
    1.00
    1.00
    1.00
    1.00
    1.00
The feature will be discarded if the minimum of the maximal abs. value in it <    0.10000E-02
The faature will be discarded if the maximum of the maximal abs. value in it >     0.10000E+06
Size of the SIS-selected (single) subspace :  10000 10000
Operators for feature construction: (+)(-)(*) (+)(-)(*) (+)(-)(*) 
Method for sparse regression:  L0        
Fitting intercept:      T
Metric for model selection: RMSE
Number of the top-ranked models to output:      100
--------------------------------------------------------------------------------

Dimension:   1
-------------------
Feature Construction (FC) starts ...
Population Standard Deviation (SD) of the task 001:   21.78393
Total number of features in the space phi00:             17
Total number of features in the space phi01:            508
Total number of features in the space phi02:         128819
Total number of features in the space phi03:     2274398902
Size of the SIS-selected subspace from phi03:      10000
Time (second) used for this FC:          420.95

Descriptor Identification (DI) starts ...
Total number of SIS-selected features from all dimensions:      10000
 
  1D descriptor: 
     d001 = ((feature17*(feature12-feature16))-((feature1+feature11)*(feature6+feature15)))    feature_ID:000001

  1D model(y=sum(ci*di)+c0): 
     coeff.(ci)_task001:     0.5432005158E+02
             c0_task001:     0.5963829822E+02
     RMSE,MaxAE_task001:     0.9904448414E+01    0.3123819356E+02

     RMSE and MaxAE of the model:   9.904448 31.238194
--------------------------------------------------------------------------------
Time (second) used for this DI:            0.10

Dimension:   2
-------------------
Feature Construction (FC) starts ...
Total number of features in the space phi00:             17
Total number of features in the space phi01:            508
Total number of features in the space phi02:         128819
Total number of features in the space phi03:     2274398902
Size of the SIS-selected subspace from phi03:      10000
Time (second) used for this FC:          423.41

Descriptor Identification (DI) starts ...
Total number of SIS-selected features from all dimensions:      20000
 
Final model/descriptor !
================================================================================
  2D descriptor: 
     d001 = ((feature9*(feature16-feature6))+((feature12+feature17)*(feature12-feature16)))    feature_ID:000234
     d002 = (((feature10-feature12)-feature9)*((feature10-feature11)*(feature15-feature17)))    feature_ID:014799

  2D model(y=sum(ci*di)+c0): 
     coeff.(ci)_task001:     0.3216566908E+02   -0.1462176682E+03
             c0_task001:     0.3550187806E+02
     RMSE,MaxAE_task001:     0.6341548513E+01    0.1625410183E+02

     RMSE and MaxAE of the model:   6.341549 16.254102
================================================================================
Time (second) used for this DI:           25.52
Total time (second):          870.63
Have a nice day !    

