
       ==============================================
       |                                            |
       |                 C R E S T                  |
       |                                            |
       |  Conformer-Rotamer Ensemble Sampling Tool  |
       |          based on the GFN methods          |
       |             P.Pracht, S.Grimme             |
       |          Universitaet Bonn, MCTC           |
       ==============================================
       Version 2.12,   Thu 19. Mai 16:32:32 CEST 2022
  Using the xTB program. Compatible with xTB version 6.4.0

   Cite work conducted with this code as

   • P.Pracht, F.Bohle, S.Grimme, PCCP, 2020, 22, 7169-7192.
   • S.Grimme, JCTC, 2019, 15, 2847-2862.

   and for works involving QCG as

   • S.Spicher, C.Plett, P.Pracht, A.Hansen, S.Grimme,
     JCTC, 2022, 18 (5), 3174-3189.

   with help from:
   C.Bannwarth, F.Bohle, S.Ehlert, S.Grimme,
   C.Plett, P.Pracht, S.Spicher

   This program is distributed in the hope that it will be useful,
   but WITHOUT ANY WARRANTY; without even the implied warranty of
   MERCHANTABILITY or FITNESS FOR A PARTICULAR PURPOSE.

 Command line input:
 > crest out.xyz --gfn 2 --chrg 0 -T 1 --noreftopo

  -gfn2 : Use of GFN2-xTB requested.
  --chrg 0
  -T 1 (CPUs/Threads selected)

 -------------------------
 xTB Geometry Optimization
 -------------------------
 Geometry successfully optimized.

------------------------------------------------
Generating MTD length from a flexibility measure
------------------------------------------------
 Calculating WBOs... done.
 Calculating NCI flexibility... done.
     covalent flexibility measure :   0.320
 non-covalent flexibility measure :   0.775
 flexibility measure :   0.380
 t(MTD) / ps    :    10.0
 Σ(t(MTD)) / ps :   140.0 (14 MTDs)

-------------------------------------
Starting a trial MTD to test settings
-------------------------------------
 Estimated runtime for one MTD (10.0 ps) on a single thread: 1 h 26 min 31 sec
 Estimated runtime for a batch of 14 MTDs on 1 threads: 20 h 11 min 8 sec

 list of Vbias parameters applied:
$metadyn    0.00300   1.300
$metadyn    0.00150   1.300
$metadyn    0.00075   1.300
$metadyn    0.00300   0.780
$metadyn    0.00150   0.780
$metadyn    0.00075   0.780
$metadyn    0.00300   0.468
$metadyn    0.00150   0.468
$metadyn    0.00075   0.468
$metadyn    0.00300   0.281
$metadyn    0.00150   0.281
$metadyn    0.00075   0.281
$metadyn    0.00100   0.100
$metadyn    0.00500   0.800

*******************************************************************************************
**                        N E W    I T E R A T I O N    C Y C L E                        **
*******************************************************************************************

========================================
            MTD Iteration  1
========================================

     ========================================
     |         Meta-MD (MTD) Sampling       |
     ========================================

Starting Meta-MD  14 with the settings:
     MD time /ps        :    10.0
     dt /fs             :     5.0
     dumpstep(trj) /fs  :     100
     dumpstep(Vbias)/ps :     1.0
     Vbias factor k /Eh :  0.2000
     Vbias exp α /bohr⁻²:    0.80
*Meta-MTD 14 finished*
Starting Meta-MD  13 with the settings:
     MD time /ps        :    10.0
     dt /fs             :     5.0
     dumpstep(trj) /fs  :     100
     dumpstep(Vbias)/ps :     1.0
     Vbias factor k /Eh :  0.0400
     Vbias exp α /bohr⁻²:    0.10
*Meta-MTD 13 finished*
Starting Meta-MD  12 with the settings:
     MD time /ps        :    10.0
     dt /fs             :     5.0
     dumpstep(trj) /fs  :     100
     dumpstep(Vbias)/ps :     1.0
     Vbias factor k /Eh :  0.0300
     Vbias exp α /bohr⁻²:    0.28
*Meta-MTD 12 finished*
Starting Meta-MD  11 with the settings:
     MD time /ps        :    10.0
     dt /fs             :     5.0
     dumpstep(trj) /fs  :     100
     dumpstep(Vbias)/ps :     1.0
     Vbias factor k /Eh :  0.0600
     Vbias exp α /bohr⁻²:    0.28
*Meta-MTD 11 finished*
Starting Meta-MD  10 with the settings:
     MD time /ps        :    10.0
     dt /fs             :     5.0
     dumpstep(trj) /fs  :     100
     dumpstep(Vbias)/ps :     1.0
     Vbias factor k /Eh :  0.1200
     Vbias exp α /bohr⁻²:    0.28
*Meta-MTD 10 finished*
Starting Meta-MD   9 with the settings:
     MD time /ps        :    10.0
     dt /fs             :     5.0
     dumpstep(trj) /fs  :     100
     dumpstep(Vbias)/ps :     1.0
     Vbias factor k /Eh :  0.0300
     Vbias exp α /bohr⁻²:    0.47
*Meta-MTD 9 finished*
Starting Meta-MD   8 with the settings:
     MD time /ps        :    10.0
     dt /fs             :     5.0
     dumpstep(trj) /fs  :     100
     dumpstep(Vbias)/ps :     1.0
     Vbias factor k /Eh :  0.0600
     Vbias exp α /bohr⁻²:    0.47
*Meta-MTD 8 finished*
Starting Meta-MD   7 with the settings:
     MD time /ps        :    10.0
     dt /fs             :     5.0
     dumpstep(trj) /fs  :     100
     dumpstep(Vbias)/ps :     1.0
     Vbias factor k /Eh :  0.1200
     Vbias exp α /bohr⁻²:    0.47
*Meta-MTD 7 finished*
Starting Meta-MD   6 with the settings:
     MD time /ps        :    10.0
     dt /fs             :     5.0
     dumpstep(trj) /fs  :     100
     dumpstep(Vbias)/ps :     1.0
     Vbias factor k /Eh :  0.0300
     Vbias exp α /bohr⁻²:    0.78
*Meta-MTD 6 finished*
Starting Meta-MD   5 with the settings:
     MD time /ps        :    10.0
     dt /fs             :     5.0
     dumpstep(trj) /fs  :     100
     dumpstep(Vbias)/ps :     1.0
     Vbias factor k /Eh :  0.0600
     Vbias exp α /bohr⁻²:    0.78
*Meta-MTD 5 finished*
Starting Meta-MD   4 with the settings:
     MD time /ps        :    10.0
     dt /fs             :     5.0
     dumpstep(trj) /fs  :     100
     dumpstep(Vbias)/ps :     1.0
     Vbias factor k /Eh :  0.1200
     Vbias exp α /bohr⁻²:    0.78
*Meta-MTD 4 finished*
Starting Meta-MD   3 with the settings:
     MD time /ps        :    10.0
     dt /fs             :     5.0
     dumpstep(trj) /fs  :     100
     dumpstep(Vbias)/ps :     1.0
     Vbias factor k /Eh :  0.0300
     Vbias exp α /bohr⁻²:    1.30
*Meta-MTD 3 finished*
Starting Meta-MD   2 with the settings:
     MD time /ps        :    10.0
     dt /fs             :     5.0
     dumpstep(trj) /fs  :     100
     dumpstep(Vbias)/ps :     1.0
     Vbias factor k /Eh :  0.0600
     Vbias exp α /bohr⁻²:    1.30
*Meta-MTD 2 finished*
Starting Meta-MD   1 with the settings:
     MD time /ps        :    10.0
     dt /fs             :     5.0
     dumpstep(trj) /fs  :     100
     dumpstep(Vbias)/ps :     1.0
     Vbias factor k /Eh :  0.1200
     Vbias exp α /bohr⁻²:    1.30
*Meta-MTD 1 finished*

-----------------------
Multilevel Optimization
-----------------------

 -------------------------
 1. crude pre-optimization
 -------------------------
 Optimizing all 1386 structures from file "crest_rotamers_0.xyz" ...
 1 2 3 4 5 6 7 8 9 10 11 12 13 14 15 16 17 18 19 20 21 22 23 24 25 26 27 28 29 30 31 32 33 34 35 36 37 38 39 40 41 42 43 44 45 46 47 48 49 50 51 52 53 54 55 56 57 58 59 60 61 62 63 64 65 66 67 68 69 70 71 72 73 74 75 76 77 78 79 80 81 82 83 84 85 86 87 88 89 90 91 92 93 94 95 96 97 98 99 100 101 102 103 104 105 106 107 108 109 110 111 112 113 114 115 116 117 118 119 120 121 122 123 124 125 126 127 128 129 130 131 132 133 134 135 136 137 138 139 140 141 142 143 144 145 146 147 148 149 150 151 152 153 154 155 156 157 158 159 160 161 162 163 164 165 166 167 168 169 170 171 172 173 174 175 176 177 178 179 180 181 182 183 184 185 186 187 188 189 190 191 192 193 194 195 196 197 198 199 200 201 202 203 204 205 206 207 208 209 210 211 212 213 214 215 216 217 218 219 220 221 222 223 224 225 226 227 228 229 230 231 232 233 234 235 236 237 238 239 240 241 242 243 244 245 246 247 248 249 250 251 252 253 254 255 256 257 258 259 260 261 262 263 264 265 266 267 268 269 270 271 272 273 274 275 276 277 278 279 280 281 282 283 284 285 286 287 288 289 290 291 292 293 294 295 296 297 298 299 300 301 302 303 304 305 306 307 308 309 310 311 312 313 314 315 316 317 318 319 320 321 322 323 324 325 326 327 328 329 330 331 332 333 334 335 336 337 338 339 340 341 342 343 344 345 346 347 348 349 350 351 352 353 354 355 356 357 358 359 360 361 362 363 364 365 366 367 368 369 370 371 372 373 374 375 376 377 378 379 380 381 382 383 384 385 386 387 388 389 390 391 392 393 394 395 396 397 398 399 400 401 402 403 404 405 406 407 408 409 410 411 412 413 414 415 416 417 418 419 420 421 422 423 424 425 426 427 428 429 430 431 432 433 434 435 436 437 438 439 440 441 442 443 444 445 446 447 448 449 450 451 452 453 454 455 456 457 458 459 460 461 462 463 464 465 466 467 468 469 470 471 472 473 474 475 476 477 478 479 480 481 482 483 484 485 486 487 488 489 490 491 492 493 494 495 496 497 498 499 500 501 502 503 504 505 506 507 508 509 510 511 512 513 514 515 516 517 518 519 520 521 522 523 524 525 526 527 528 529 530 531 532 533 534 535 536 537 538 539 540 541 542 543 544 545 546 547 548 549 550 551 552 553 554 555 556 557 558 559 560 561 562 563 564 565 566 567 568 569 570 571 572 573 574 575 576 577 578 579 580 581 582 583 584 585 586 587 588 589 590 591 592 593 594 595 596 597 598 599 600 601 602 603 604 605 606 607 608 609 610 611 612 613 614 615 616 617 618 619 620 621 622 623 624 625 626 627 628 629 630 631 632 633 634 635 636 637 638 639 640 641 642 643 644 645 646 647 648 649 650 651 652 653 654 655 656 657 658 659 660 661 662 663 664 665 666 667 668 669 670 671 672 673 674 675 676 677 678 679 680 681 682 683 684 685 686 687 688 689 690 691 692 693 694 695 696 697 698 699 700 701 702 703 704 705 706 707 708 709 710 711 712 713 714 715 716 717 718 719 720 721 722 723 724 725 726 727 728 729 730 731 732 733 734 735 736 737 738 739 740 741 742 743 744 745 746 747 748 749 750 751 752 753 754 755 756 757 758 759 760 761 762 763 764 765 766 767 768 769 770 771 772 773 774 775 776 777 778 779 780 781 782 783 784 785 786 787 788 789 790 791 792 793 794 795 796 797 798 799 800 801 802 803 804 805 806 807 808 809 810 811 812 813 814 815 816 817 818 819 820 821 822 823 824 825 826 827 828 829 830 831 832 833 834 835 836 837 838 839 840 841 842 843 844 845 846 847 848 849 850 851 852 853 854 855 856 857 858 859 860 861 862 863 864 865 866 867 868 869 870 871 872 873 874 875 876 877 878 879 880 881 882 883 884 885 886 887 888 889 890 891 892 893 894 895 896 897 898 899 900 901 902 903 904 905 906 907 908 909 910 911 912 913 914 915 916 917 918 919 920 921 922 923 924 925 926 927 928 929 930 931 932 933 934 935 936 937 938 939 940 941 942 943 944 945 946 947 948 949 950 951 952 953 954 955 956 957 958 959 960 961 962 963 964 965 966 967 968 969 970 971 972 973 974 975 976 977 978 979 980 981 982 983 984 985 986 987 988 989 990 991 992 993 994 995 996 997 998 999 1000 1001 1002 1003 1004 1005 1006 1007 1008 1009 1010 1011 1012 1013 1014 1015 1016 1017 1018 1019 1020 1021 1022 1023 1024 1025 1026 1027 1028 1029 1030 1031 1032 1033 1034 1035 1036 1037 1038 1039 1040 1041 1042 1043 1044 1045 1046 1047 1048 1049 1050 1051 1052 1053 1054 1055 1056 1057 1058 1059 1060 1061 1062 1063 1064 1065 1066 1067 1068 1069 1070 1071 1072 1073 1074 1075 1076 1077 1078 1079 1080 1081 1082 1083 1084 1085 1086 1087 1088 1089 1090 1091 1092 1093 1094 1095 1096 1097 1098 1099 1100 1101 1102 1103 1104 1105 1106 1107 1108 1109 1110 1111 1112 1113 1114 1115 1116 1117 1118 1119 1120 1121 1122 1123 1124 1125 1126 1127 1128 1129 1130 1131 1132 1133 1134 1135 1136 1137 1138 1139 1140 1141 1142 1143 1144 1145 1146 1147 1148 1149 1150 1151 1152 1153 1154 1155 1156 1157 1158 1159 1160 1161 1162 1163 1164 1165 1166 1167 1168 1169 1170 1171 1172 1173 1174 1175 1176 1177 1178 1179 1180 1181 1182 1183 1184 1185 1186 1187 1188 1189 1190 1191 1192 1193 1194 1195 1196 1197 1198 1199 1200 1201 1202 1203 1204 1205 1206 1207 1208 1209 1210 1211 1212 1213 1214 1215 1216 1217 1218 1219 1220 1221 1222 1223 1224 1225 1226 1227 1228 1229 1230 1231 1232 1233 1234 1235 1236 1237 1238 1239 1240 1241 1242 1243 1244 1245 1246 1247 1248 1249 1250 1251 1252 1253 1254 1255 1256 1257 1258 1259 1260 1261 1262 1263 1264 1265 1266 1267 1268 1269 1270 1271 1272 1273 1274 1275 1276 1277 1278 1279 1280 1281 1282 1283 1284 1285 1286 1287 1288 1289 1290 1291 1292 1293 1294 1295 1296 1297 1298 1299 1300 1301 1302 1303 1304 1305 1306 1307 1308 1309 1310 1311 1312 1313 1314 1315 1316 1317 1318 1319 1320 1321 1322 1323 1324 1325 1326 1327 1328 1329 1330 1331 1332 1333 1334 1335 1336 1337 1338 1339 1340 1341 1342 1343 1344 1345 1346 1347 1348 1349 1350 1351 1352 1353 1354 1355 1356 1357 1358 1359 1360 1361 1362 1363 1364 1365 1366 1367 1368 1369 1370 1371 1372 1373 1374 1375 1376 1377 1378 1379 1380 1381 1382 1383 1384 1385 1386
 done.
 running RMSDs...
 done.
 E lowest :   -54.25078
 1383 structures remain within    12.00 kcal/mol window

 -------------------------------------
 2. optimization with tight thresholds
 -------------------------------------
 Optimizing all 1384 structures from file "crest_rotamers_1.xyz" ...
 1 2 3 4 5 6 7 8 9 10 11 12 13 14 15 16 17 18 19 20 21 22 23 24 25 26 27 28 29 30 31 32 33 34 35 36 37 38 39 40 41 42 43 44 45 46 47 48 49 50 51 52 53 54 55 56 57 58 59 60 61 62 63 64 65 66 67 68 69 70 71 72 73 74 75 76 77 78 79 80 81 82 83 84 85 86 87 88 89 90 91 92 93 94 95 96 97 98 99 100 101 102 103 104 105 106 107 108 109 110 111 112 113 114 115 116 117 118 119 120 121 122 123 124 125 126 127 128 129 130 131 132 133 134 135 136 137 138 139 140 141 142 143 144 145 146 147 148 149 150 151 152 153 154 155 156 157 158 159 160 161 162 163 164 165 166 167 168 169 170 171 172 173 174 175 176 177 178 179 180 181 182 183 184 185 186 187 188 189 190 191 192 193 194 195 196 197 198 199 200 201 202 203 204 205 206 207 208 209 210 211 212 213 214 215 216 217 218 219 220 221 222 223 224 225 226 227 228 229 230 231 232 233 234 235 236 237 238 239 240 241 242 243 244 245 246 247 248 249 250 251 252 253 254 255 256 257 258 259 260 261 262 263 264 265 266 267 268 269 270 271 272 273 274 275 276 277 278 279 280 281 282 283 284 285 286 287 288 289 290 291 292 293 294 295 296 297 298 299 300 301 302 303 304 305 306 307 308 309 310 311 312 313 314 315 316 317 318 319 320 321 322 323 324 325 326 327 328 329 330 331 332 333 334 335 336 337 338 339 340 341 342 343 344 345 346 347 348 349 350 351 352 353 354 355 356 357 358 359 360 361 362 363 364 365 366 367 368 369 370 371 372 373 374 375 376 377 378 379 380 381 382 383 384 385 386 387 388 389 390 391 392 393 394 395 396 397 398 399 400 401 402 403 404 405 406 407 408 409 410 411 412 413 414 415 416 417 418 419 420 421 422 423 424 425 426 427 428 429 430 431 432 433 434 435 436 437 438 439 440 441 442 443 444 445 446 447 448 449 450 451 452 453 454 455 456 457 458 459 460 461 462 463 464 465 466 467 468 469 470 471 472 473 474 475 476 477 478 479 480 481 482 483 484 485 486 487 488 489 490 491 492 493 494 495 496 497 498 499 500 501 502 503 504 505 506 507 508 509 510 511 512 513 514 515 516 517 518 519 520 521 522 523 524 525 526 527 528 529 530 531 532 533 534 535 536 537 538 539 540 541 542 543 544 545 546 547 548 549 550 551 552 553 554 555 556 557 558 559 560 561 562 563 564 565 566 567 568 569 570 571 572 573 574 575 576 577 578 579 580 581 582 583 584 585 586 587 588 589 590 591 592 593 594 595 596 597 598 599 600 601 602 603 604 605 606 607 608 609 610 611 612 613 614 615 616 617 618 619 620 621 622 623 624 625 626 627 628 629 630 631 632 633 634 635 636 637 638 639 640 641 642 643 644 645 646 647 648 649 650 651 652 653 654 655 656 657 658 659 660 661 662 663 664 665 666 667 668 669 670 671 672 673 674 675 676 677 678 679 680 681 682 683 684 685 686 687 688 689 690 691 692 693 694 695 696 697 698 699 700 701 702 703 704 705 706 707 708 709 710 711 712 713 714 715 716 717 718 719 720 721 722 723 724 725 726 727 728 729 730 731 732 733 734 735 736 737 738 739 740 741 742 743 744 745 746 747 748 749 750 751 752 753 754 755 756 757 758 759 760 761 762 763 764 765 766 767 768 769 770 771 772 773 774 775 776 777 778 779 780 781 782 783 784 785 786 787 788 789 790 791 792 793 794 795 796 797 798 799 800 801 802 803 804 805 806 807 808 809 810 811 812 813 814 815 816 817 818 819 820 821 822 823 824 825 826 827 828 829 830 831 832 833 834 835 836 837 838 839 840 841 842 843 844 845 846 847 848 849 850 851 852 853 854 855 856 857 858 859 860 861 862 863 864 865 866 867 868 869 870 871 872 873 874 875 876 877 878 879 880 881 882 883 884 885 886 887 888 889 890 891 892 893 894 895 896 897 898 899 900 901 902 903 904 905 906 907 908 909 910 911 912 913 914 915 916 917 918 919 920 921 922 923 924 925 926 927 928 929 930 931 932 933 934 935 936 937 938 939 940 941 942 943 944 945 946 947 948 949 950 951 952 953 954 955 956 957 958 959 960 961 962 963 964 965 966 967 968 969 970 971 972 973 974 975 976 977 978 979 980 981 982 983 984 985 986 987 988 989 990 991 992 993 994 995 996 997 998 999 1000 1001 1002 1003 1004 1005 1006 1007 1008 1009 1010 1011 1012 1013 1014 1015 1016 1017 1018 1019 1020 1021 1022 1023 1024 1025 1026 1027 1028 1029 1030 1031 1032 1033 1034 1035 1036 1037 1038 1039 1040 1041 1042 1043 1044 1045 1046 1047 1048 1049 1050 1051 1052 1053 1054 1055 1056 1057 1058 1059 1060 1061 1062 1063 1064 1065 1066 1067 1068 1069 1070 1071 1072 1073 1074 1075 1076 1077 1078 1079 1080 1081 1082 1083 1084 1085 1086 1087 1088 1089 1090 1091 1092 1093 1094 1095 1096 1097 1098 1099 1100 1101 1102 1103 1104 1105 1106 1107 1108 1109 1110 1111 1112 1113 1114 1115 1116 1117 1118 1119 1120 1121 1122 1123 1124 1125 1126 1127 1128 1129 1130 1131 1132 1133 1134 1135 1136 1137 1138 1139 1140 1141 1142 1143 1144 1145 1146 1147 1148 1149 1150 1151 1152 1153 1154 1155 1156 1157 1158 1159 1160 1161 1162 1163 1164 1165 1166 1167 1168 1169 1170 1171 1172 1173 1174 1175 1176 1177 1178 1179 1180 1181 1182 1183 1184 1185 1186 1187 1188 1189 1190 1191 1192 1193 1194 1195 1196 1197 1198 1199 1200 1201 1202 1203 1204 1205 1206 1207 1208 1209 1210 1211 1212 1213 1214 1215 1216 1217 1218 1219 1220 1221 1222 1223 1224 1225 1226 1227 1228 1229 1230 1231 1232 1233 1234 1235 1236 1237 1238 1239 1240 1241 1242 1243 1244 1245 1246 1247 1248 1249 1250 1251 1252 1253 1254 1255 1256 1257 1258 1259 1260 1261 1262 1263 1264 1265 1266 1267 1268 1269 1270 1271 1272 1273 1274 1275 1276 1277 1278 1279 1280 1281 1282 1283 1284 1285 1286 1287 1288 1289 1290 1291 1292 1293 1294 1295 1296 1297 1298 1299 1300 1301 1302 1303 1304 1305 1306 1307 1308 1309 1310 1311 1312 1313 1314 1315 1316 1317 1318 1319 1320 1321 1322 1323 1324 1325 1326 1327 1328 1329 1330 1331 1332 1333 1334 1335 1336 1337 1338 1339 1340 1341 1342 1343 1344 1345 1346 1347 1348 1349 1350 1351 1352 1353 1354 1355 1356 1357 1358 1359 1360 1361 1362 1363 1364 1365 1366 1367 1368 1369 1370 1371 1372 1373 1374 1375 1376 1377 1378 1379 1380 1381 1382 1383 1384
 done.
 running RMSDs...
 done.
 E lowest :   -54.26848
 13 structures remain within     6.00 kcal/mol window
 This is less than 5% of the initial 1384 structures.
 Increasing energy window to include more...
 running RMSDs...
 done.
 E lowest :   -54.26848
 54 structures remain within     9.00 kcal/mol window


========================================
            MTD Iteration  2
========================================

     ========================================
     |         Meta-MD (MTD) Sampling       |
     ========================================

Starting Meta-MD  12 with the settings:
     MD time /ps        :    10.0
     dt /fs             :     5.0
     dumpstep(trj) /fs  :     100
     dumpstep(Vbias)/ps :     1.0
     Vbias factor k /Eh :  0.0300
     Vbias exp α /bohr⁻²:    0.28
*Meta-MTD 12 finished*
Starting Meta-MD  11 with the settings:
     MD time /ps        :    10.0
     dt /fs             :     5.0
     dumpstep(trj) /fs  :     100
     dumpstep(Vbias)/ps :     1.0
     Vbias factor k /Eh :  0.0600
     Vbias exp α /bohr⁻²:    0.28
*Meta-MTD 11 finished*
Starting Meta-MD  10 with the settings:
     MD time /ps        :    10.0
     dt /fs             :     5.0
     dumpstep(trj) /fs  :     100
     dumpstep(Vbias)/ps :     1.0
     Vbias factor k /Eh :  0.1200
     Vbias exp α /bohr⁻²:    0.28
*Meta-MTD 10 finished*
Starting Meta-MD   9 with the settings:
     MD time /ps        :    10.0
     dt /fs             :     5.0
     dumpstep(trj) /fs  :     100
     dumpstep(Vbias)/ps :     1.0
     Vbias factor k /Eh :  0.0300
     Vbias exp α /bohr⁻²:    0.47
*Meta-MTD 9 finished*
Starting Meta-MD   8 with the settings:
     MD time /ps        :    10.0
     dt /fs             :     5.0
     dumpstep(trj) /fs  :     100
     dumpstep(Vbias)/ps :     1.0
     Vbias factor k /Eh :  0.0600
     Vbias exp α /bohr⁻²:    0.47
*Meta-MTD 8 finished*
Starting Meta-MD   7 with the settings:
     MD time /ps        :    10.0
     dt /fs             :     5.0
     dumpstep(trj) /fs  :     100
     dumpstep(Vbias)/ps :     1.0
     Vbias factor k /Eh :  0.1200
     Vbias exp α /bohr⁻²:    0.47
*Meta-MTD 7 finished*
Starting Meta-MD   6 with the settings:
     MD time /ps        :    10.0
     dt /fs             :     5.0
     dumpstep(trj) /fs  :     100
     dumpstep(Vbias)/ps :     1.0
     Vbias factor k /Eh :  0.0300
     Vbias exp α /bohr⁻²:    0.78
*Meta-MTD 6 finished*
Starting Meta-MD   5 with the settings:
     MD time /ps        :    10.0
     dt /fs             :     5.0
     dumpstep(trj) /fs  :     100
     dumpstep(Vbias)/ps :     1.0
     Vbias factor k /Eh :  0.0600
     Vbias exp α /bohr⁻²:    0.78
*Meta-MTD 5 finished*
Starting Meta-MD   4 with the settings:
     MD time /ps        :    10.0
     dt /fs             :     5.0
     dumpstep(trj) /fs  :     100
     dumpstep(Vbias)/ps :     1.0
     Vbias factor k /Eh :  0.1200
     Vbias exp α /bohr⁻²:    0.78
*Meta-MTD 4 finished*
Starting Meta-MD   3 with the settings:
     MD time /ps        :    10.0
     dt /fs             :     5.0
     dumpstep(trj) /fs  :     100
     dumpstep(Vbias)/ps :     1.0
     Vbias factor k /Eh :  0.0300
     Vbias exp α /bohr⁻²:    1.30
*Meta-MTD 3 finished*
Starting Meta-MD   2 with the settings:
     MD time /ps        :    10.0
     dt /fs             :     5.0
     dumpstep(trj) /fs  :     100
     dumpstep(Vbias)/ps :     1.0
     Vbias factor k /Eh :  0.0600
     Vbias exp α /bohr⁻²:    1.30
*Meta-MTD 2 finished*
Starting Meta-MD   1 with the settings:
     MD time /ps        :    10.0
     dt /fs             :     5.0
     dumpstep(trj) /fs  :     100
     dumpstep(Vbias)/ps :     1.0
     Vbias factor k /Eh :  0.1200
     Vbias exp α /bohr⁻²:    1.30
*Meta-MTD 1 finished*

-----------------------
Multilevel Optimization
-----------------------

 -------------------------
 1. crude pre-optimization
 -------------------------
 Optimizing all 1188 structures from file "crest_rotamers_0.xyz" ...
 1 2 3 4 5 6 7 8 9 10 11 12 13 14 15 16 17 18 19 20 21 22 23 24 25 26 27 28 29 30 31 32 33 34 35 36 37 38 39 40 41 42 43 44 45 46 47 48 49 50 51 52 53 54 55 56 57 58 59 60 61 62 63 64 65 66 67 68 69 70 71 72 73 74 75 76 77 78 79 80 81 82 83 84 85 86 87 88 89 90 91 92 93 94 95 96 97 98 99 100 101 102 103 104 105 106 107 108 109 110 111 112 113 114 115 116 117 118 119 120 121 122 123 124 125 126 127 128 129 130 131 132 133 134 135 136 137 138 139 140 141 142 143 144 145 146 147 148 149 150 151 152 153 154 155 156 157 158 159 160 161 162 163 164 165 166 167 168 169 170 171 172 173 174 175 176 177 178 179 180 181 182 183 184 185 186 187 188 189 190 191 192 193 194 195 196 197 198 199 200 201 202 203 204 205 206 207 208 209 210 211 212 213 214 215 216 217 218 219 220 221 222 223 224 225 226 227 228 229 230 231 232 233 234 235 236 237 238 239 240 241 242 243 244 245 246 247 248 249 250 251 252 253 254 255 256 257 258 259 260 261 262 263 264 265 266 267 268 269 270 271 272 273 274 275 276 277 278 279 280 281 282 283 284 285 286 287 288 289 290 291 292 293 294 295 296 297 298 299 300 301 302 303 304 305 306 307 308 309 310 311 312 313 314 315 316 317 318 319 320 321 322 323 324 325 326 327 328 329 330 331 332 333 334 335 336 337 338 339 340 341 342 343 344 345 346 347 348 349 350 351 352 353 354 355 356 357 358 359 360 361 362 363 364 365 366 367 368 369 370 371 372 373 374 375 376 377 378 379 380 381 382 383 384 385 386 387 388 389 390 391 392 393 394 395 396 397 398 399 400 401 402 403 404 405 406 407 408 409 410 411 412 413 414 415 416 417 418 419 420 421 422 423 424 425 426 427 428 429 430 431 432 433 434 435 436 437 438 439 440 441 442 443 444 445 446 447 448 449 450 451 452 453 454 455 456 457 458 459 460 461 462 463 464 465 466 467 468 469 470 471 472 473 474 475 476 477 478 479 480 481 482 483 484 485 486 487 488 489 490 491 492 493 494 495 496 497 498 499 500 501 502 503 504 505 506 507 508 509 510 511 512 513 514 515 516 517 518 519 520 521 522 523 524 525 526 527 528 529 530 531 532 533 534 535 536 537 538 539 540 541 542 543 544 545 546 547 548 549 550 551 552 553 554 555 556 557 558 559 560 561 562 563 564 565 566 567 568 569 570 571 572 573 574 575 576 577 578 579 580 581 582 583 584 585 586 587 588 589 590 591 592 593 594 595 596 597 598 599 600 601 602 603 604 605 606 607 608 609 610 611 612 613 614 615 616 617 618 619 620 621 622 623 624 625 626 627 628 629 630 631 632 633 634 635 636 637 638 639 640 641 642 643 644 645 646 647 648 649 650 651 652 653 654 655 656 657 658 659 660 661 662 663 664 665 666 667 668 669 670 671 672 673 674 675 676 677 678 679 680 681 682 683 684 685 686 687 688 689 690 691 692 693 694 695 696 697 698 699 700 701 702 703 704 705 706 707 708 709 710 711 712 713 714 715 716 717 718 719 720 721 722 723 724 725 726 727 728 729 730 731 732 733 734 735 736 737 738 739 740 741 742 743 744 745 746 747 748 749 750 751 752 753 754 755 756 757 758 759 760 761 762 763 764 765 766 767 768 769 770 771 772 773 774 775 776 777 778 779 780 781 782 783 784 785 786 787 788 789 790 791 792 793 794 795 796 797 798 799 800 801 802 803 804 805 806 807 808 809 810 811 812 813 814 815 816 817 818 819 820 821 822 823 824 825 826 827 828 829 830 831 832 833 834 835 836 837 838 839 840 841 842 843 844 845 846 847 848 849 850 851 852 853 854 855 856 857 858 859 860 861 862 863 864 865 866 867 868 869 870 871 872 873 874 875 876 877 878 879 880 881 882 883 884 885 886 887 888 889 890 891 892 893 894 895 896 897 898 899 900 901 902 903 904 905 906 907 908 909 910 911 912 913 914 915 916 917 918 919 920 921 922 923 924 925 926 927 928 929 930 931 932 933 934 935 936 937 938 939 940 941 942 943 944 945 946 947 948 949 950 951 952 953 954 955 956 957 958 959 960 961 962 963 964 965 966 967 968 969 970 971 972 973 974 975 976 977 978 979 980 981 982 983 984 985 986 987 988 989 990 991 992 993 994 995 996 997 998 999 1000 1001 1002 1003 1004 1005 1006 1007 1008 1009 1010 1011 1012 1013 1014 1015 1016 1017 1018 1019 1020 1021 1022 1023 1024 1025 1026 1027 1028 1029 1030 1031 1032 1033 1034 1035 1036 1037 1038 1039 1040 1041 1042 1043 1044 1045 1046 1047 1048 1049 1050 1051 1052 1053 1054 1055 1056 1057 1058 1059 1060 1061 1062 1063 1064 1065 1066 1067 1068 1069 1070 1071 1072 1073 1074 1075 1076 1077 1078 1079 1080 1081 1082 1083 1084 1085 1086 1087 1088 1089 1090 1091 1092 1093 1094 1095 1096 1097 1098 1099 1100 1101 1102 1103 1104 1105 1106 1107 1108 1109 1110 1111 1112 1113 1114 1115 1116 1117 1118 1119 1120 1121 1122 1123 1124 1125 1126 1127 1128 1129 1130 1131 1132 1133 1134 1135 1136 1137 1138 1139 1140 1141 1142 1143 1144 1145 1146 1147 1148 1149 1150 1151 1152 1153 1154 1155 1156 1157 1158 1159 1160 1161 1162 1163 1164 1165 1166 1167 1168 1169 1170 1171 1172 1173 1174 1175 1176 1177 1178 1179 1180 1181 1182 1183 1184 1185 1186 1187 1188
 done.
 running RMSDs...
 done.
 E lowest :   -54.26800
 830 structures remain within    12.00 kcal/mol window

 -------------------------------------
 2. optimization with tight thresholds
 -------------------------------------
 Optimizing all 831 structures from file "crest_rotamers_1.xyz" ...
 1 2 3 4 5 6 7 8 9 10 11 12 13 14 15 16 17 18 19 20 21 22 23 24 25 26 27 28 29 30 31 32 33 34 35 36 37 38 39 40 41 42 43 44 45 46 47 48 49 50 51 52 53 54 55 56 57 58 59 60 61 62 63 64 65 66 67 68 69 70 71 72 73 74 75 76 77 78 79 80 81 82 83 84 85 86 87 88 89 90 91 92 93 94 95 96 97 98 99 100 101 102 103 104 105 106 107 108 109 110 111 112 113 114 115 116 117 118 119 120 121 122 123 124 125 126 127 128 129 130 131 132 133 134 135 136 137 138 139 140 141 142 143 144 145 146 147 148 149 150 151 152 153 154 155 156 157 158 159 160 161 162 163 164 165 166 167 168 169 170 171 172 173 174 175 176 177 178 179 180 181 182 183 184 185 186 187 188 189 190 191 192 193 194 195 196 197 198 199 200 201 202 203 204 205 206 207 208 209 210 211 212 213 214 215 216 217 218 219 220 221 222 223 224 225 226 227 228 229 230 231 232 233 234 235 236 237 238 239 240 241 242 243 244 245 246 247 248 249 250 251 252 253 254 255 256 257 258 259 260 261 262 263 264 265 266 267 268 269 270 271 272 273 274 275 276 277 278 279 280 281 282 283 284 285 286 287 288 289 290 291 292 293 294 295 296 297 298 299 300 301 302 303 304 305 306 307 308 309 310 311 312 313 314 315 316 317 318 319 320 321 322 323 324 325 326 327 328 329 330 331 332 333 334 335 336 337 338 339 340 341 342 343 344 345 346 347 348 349 350 351 352 353 354 355 356 357 358 359 360 361 362 363 364 365 366 367 368 369 370 371 372 373 374 375 376 377 378 379 380 381 382 383 384 385 386 387 388 389 390 391 392 393 394 395 396 397 398 399 400 401 402 403 404 405 406 407 408 409 410 411 412 413 414 415 416 417 418 419 420 421 422 423 424 425 426 427 428 429 430 431 432 433 434 435 436 437 438 439 440 441 442 443 444 445 446 447 448 449 450 451 452 453 454 455 456 457 458 459 460 461 462 463 464 465 466 467 468 469 470 471 472 473 474 475 476 477 478 479 480 481 482 483 484 485 486 487 488 489 490 491 492 493 494 495 496 497 498 499 500 501 502 503 504 505 506 507 508 509 510 511 512 513 514 515 516 517 518 519 520 521 522 523 524 525 526 527 528 529 530 531 532 533 534 535 536 537 538 539 540 541 542 543 544 545 546 547 548 549 550 551 552 553 554 555 556 557 558 559 560 561 562 563 564 565 566 567 568 569 570 571 572 573 574 575 576 577 578 579 580 581 582 583 584 585 586 587 588 589 590 591 592 593 594 595 596 597 598 599 600 601 602 603 604 605 606 607 608 609 610 611 612 613 614 615 616 617 618 619 620 621 622 623 624 625 626 627 628 629 630 631 632 633 634 635 636 637 638 639 640 641 642 643 644 645 646 647 648 649 650 651 652 653 654 655 656 657 658 659 660 661 662 663 664 665 666 667 668 669 670 671 672 673 674 675 676 677 678 679 680 681 682 683 684 685 686 687 688 689 690 691 692 693 694 695 696 697 698 699 700 701 702 703 704 705 706 707 708 709 710 711 712 713 714 715 716 717 718 719 720 721 722 723 724 725 726 727 728 729 730 731 732 733 734 735 736 737 738 739 740 741 742 743 744 745 746 747 748 749 750 751 752 753 754 755 756 757 758 759 760 761 762 763 764 765 766 767 768 769 770 771 772 773 774 775 776 777 778 779 780 781 782 783 784 785 786 787 788 789 790 791 792 793 794 795 796 797 798 799 800 801 802 803 804 805 806 807 808 809 810 811 812 813 814 815 816 817 818 819 820 821 822 823 824 825 826 827 828 829 830 831
 done.
 running RMSDs...
 done.
 E lowest :   -54.26848
 411 structures remain within     6.00 kcal/mol window

========================================
            MTD Iterations done         
========================================
 Collecting ensmbles.
 running RMSDs...
 done.
 E lowest :   -54.26848
 423 structures remain within     6.00 kcal/mol window

 -------------------------------
 Additional orientation sampling
 -------------------------------
 Optimizing all 138 structures from file "oh_ensemble.xyz" ...
 1 2 3 4 5 6 7 8 9 10 11 12 13 14 15 16 17 18 19 20 21 22 23 24 25 26 27 28 29 30 31 32 33 34 35 36 37 38 39 40 41 42 43 44 45 46 47 48 49 50 51 52 53 54 55 56 57 58 59 60 61 62 63 64 65 66 67 68 69 70 71 72 73 74 75 76 77 78 79 80 81 82 83 84 85 86 87 88 89 90 91 92 93 94 95 96 97 98 99 100 101 102 103 104 105 106 107 108 109 110 111 112 113 114 115 116 117 118 119 120 121 122 123 124 125 126 127 128 129 130 131 132 133 134 135 136 137 138
 done.
 running RMSDs...
 done.
 E lowest :   -54.26848
 423 structures remain within     6.00 kcal/mol window

-----------------------------------------------
Additional regular MDs on lowest 4 conformer(s)
-----------------------------------------------
Starting MD   8 with the settings:
     MD time /ps        :     5.0
     MD Temperature /K  :   500.0
     dt /fs             :     5.0
     dumpstep(trj) /fs  :     100
*MD 8 finished*
Starting MD   7 with the settings:
     MD time /ps        :     5.0
     MD Temperature /K  :   400.0
     dt /fs             :     5.0
     dumpstep(trj) /fs  :     100
*MD 7 finished*
Starting MD   6 with the settings:
     MD time /ps        :     5.0
     MD Temperature /K  :   500.0
     dt /fs             :     5.0
     dumpstep(trj) /fs  :     100
*MD 6 finished*
Starting MD   5 with the settings:
     MD time /ps        :     5.0
     MD Temperature /K  :   400.0
     dt /fs             :     5.0
     dumpstep(trj) /fs  :     100
*MD 5 finished*
Starting MD   4 with the settings:
     MD time /ps        :     5.0
     MD Temperature /K  :   500.0
     dt /fs             :     5.0
     dumpstep(trj) /fs  :     100
*MD 4 finished*
Starting MD   3 with the settings:
     MD time /ps        :     5.0
     MD Temperature /K  :   400.0
     dt /fs             :     5.0
     dumpstep(trj) /fs  :     100
*MD 3 finished*
Starting MD   2 with the settings:
     MD time /ps        :     5.0
     MD Temperature /K  :   500.0
     dt /fs             :     5.0
     dumpstep(trj) /fs  :     100
*MD 2 finished*
Starting MD   1 with the settings:
     MD time /ps        :     5.0
     MD Temperature /K  :   400.0
     dt /fs             :     5.0
     dumpstep(trj) /fs  :     100
*MD 1 finished*
 Appending file crest_rotamers_2.xyz with new structures

 -------------------------------------------
 Ensemble optimization with tight thresholds
 -------------------------------------------
 Optimizing all 815 structures from file "crest_rotamers_2.xyz" ...
 1 2 3 4 5 6 7 8 9 10 11 12 13 14 15 16 17 18 19 20 21 22 23 24 25 26 27 28 29 30 31 32 33 34 35 36 37 38 39 40 41 42 43 44 45 46 47 48 49 50 51 52 53 54 55 56 57 58 59 60 61 62 63 64 65 66 67 68 69 70 71 72 73 74 75 76 77 78 79 80 81 82 83 84 85 86 87 88 89 90 91 92 93 94 95 96 97 98 99 100 101 102 103 104 105 106 107 108 109 110 111 112 113 114 115 116 117 118 119 120 121 122 123 124 125 126 127 128 129 130 131 132 133 134 135 136 137 138 139 140 141 142 143 144 145 146 147 148 149 150 151 152 153 154 155 156 157 158 159 160 161 162 163 164 165 166 167 168 169 170 171 172 173 174 175 176 177 178 179 180 181 182 183 184 185 186 187 188 189 190 191 192 193 194 195 196 197 198 199 200 201 202 203 204 205 206 207 208 209 210 211 212 213 214 215 216 217 218 219 220 221 222 223 224 225 226 227 228 229 230 231 232 233 234 235 236 237 238 239 240 241 242 243 244 245 246 247 248 249 250 251 252 253 254 255 256 257 258 259 260 261 262 263 264 265 266 267 268 269 270 271 272 273 274 275 276 277 278 279 280 281 282 283 284 285 286 287 288 289 290 291 292 293 294 295 296 297 298 299 300 301 302 303 304 305 306 307 308 309 310 311 312 313 314 315 316 317 318 319 320 321 322 323 324 325 326 327 328 329 330 331 332 333 334 335 336 337 338 339 340 341 342 343 344 345 346 347 348 349 350 351 352 353 354 355 356 357 358 359 360 361 362 363 364 365 366 367 368 369 370 371 372 373 374 375 376 377 378 379 380 381 382 383 384 385 386 387 388 389 390 391 392 393 394 395 396 397 398 399 400 401 402 403 404 405 406 407 408 409 410 411 412 413 414 415 416 417 418 419 420 421 422 423 424 425 426 427 428 429 430 431 432 433 434 435 436 437 438 439 440 441 442 443 444 445 446 447 448 449 450 451 452 453 454 455 456 457 458 459 460 461 462 463 464 465 466 467 468 469 470 471 472 473 474 475 476 477 478 479 480 481 482 483 484 485 486 487 488 489 490 491 492 493 494 495 496 497 498 499 500 501 502 503 504 505 506 507 508 509 510 511 512 513 514 515 516 517 518 519 520 521 522 523 524 525 526 527 528 529 530 531 532 533 534 535 536 537 538 539 540 541 542 543 544 545 546 547 548 549 550 551 552 553 554 555 556 557 558 559 560 561 562 563 564 565 566 567 568 569 570 571 572 573 574 575 576 577 578 579 580 581 582 583 584 585 586 587 588 589 590 591 592 593 594 595 596 597 598 599 600 601 602 603 604 605 606 607 608 609 610 611 612 613 614 615 616 617 618 619 620 621 622 623 624 625 626 627 628 629 630 631 632 633 634 635 636 637 638 639 640 641 642 643 644 645 646 647 648 649 650 651 652 653 654 655 656 657 658 659 660 661 662 663 664 665 666 667 668 669 670 671 672 673 674 675 676 677 678 679 680 681 682 683 684 685 686 687 688 689 690 691 692 693 694 695 696 697 698 699 700 701 702 703 704 705 706 707 708 709 710 711 712 713 714 715 716 717 718 719 720 721 722 723 724 725 726 727 728 729 730 731 732 733 734 735 736 737 738 739 740 741 742 743 744 745 746 747 748 749 750 751 752 753 754 755 756 757 758 759 760 761 762 763 764 765 766 767 768 769 770 771 772 773 774 775 776 777 778 779 780 781 782 783 784 785 786 787 788 789 790 791 792 793 794 795 796 797 798 799 800 801 802 803 804 805 806 807 808 809 810 811 812 813 814 815
 done.
 running RMSDs...
 done.
 E lowest :   -54.26849
 506 structures remain within     6.00 kcal/mol window


     ========================================
     |        Structure Crossing (GC)       |
     ========================================
 =============================
  # threads =           1
 =============================
 input  file name : crest_rotamers_4.xyz
number of atoms                :    40
number of points on xyz files  :   506
conformer energy window  /kcal :    6.00
CN per atom difference cut-off :  0.3000
RMSD threshold                 :  0.2500
max. # of generated structures : 500
 reading xyz file ...
 # in E window                506
 generating pairs ...      128270
  19.8 % done
  39.5 % done
  59.3 % done
  79.1 % done
  98.8 % done
 generated pairs           :       46428
 number of clash discarded :       81337
 average rmsd w.r.t input  : 3.66228
 sd of ensemble            : 1.11459
 number of new structures      :         148
 removed identical structures  :         852
 writing          148  TMPCONF* dirs ...
 --------------------------
 GC: loose pre-optimization
 --------------------------
 Starting optimization of generated structures
 148 jobs to do.
 1 2 3 4 5 6 7 8 9 10 11 12 13 14 15 16 17 18 19 20 21 22 23 24 25 26 27 28 29 30 31 32 33 34 35 36 37 38 39 40 41 42 43 44 45 46 47 48 49 50 51 52 53 54 55 56 57 58 59 60 61 62 63 64 65 66 67 68 69 70 71 72 73 74 75 76 77 78 79 80 81 82 83 84 85 86 87 88 89 90 91 92 93 94 95 96 97 98 99 100 101 102 103 104 105 106 107 108 109 110 111 112 113 114 115 116 117 118 119 120 121 122 123 124 125 126 127 128 129 130 131 132 133 134 135 136 137 138 139 140 141 142 143 144 145 146 147 148 
 done.
 Now appending opt.xyz file with new structures
 running RMSDs...
 done.
 E lowest :   -54.26848
 113 structures remain within    10.00 kcal/mol window
 --------------------------------------
 GC: optimization with tight thresholds
 --------------------------------------
 Optimizing all 113 structures from file "crest_rotamers_1.xyz" ...
 1 2 3 4 5 6 7 8 9 10 11 12 13 14 15 16 17 18 19 20 21 22 23 24 25 26 27 28 29 30 31 32 33 34 35 36 37 38 39 40 41 42 43 44 45 46 47 48 49 50 51 52 53 54 55 56 57 58 59 60 61 62 63 64 65 66 67 68 69 70 71 72 73 74 75 76 77 78 79 80 81 82 83 84 85 86 87 88 89 90 91 92 93 94 95 96 97 98 99 100 101 102 103 104 105 106 107 108 109 110 111 112 113
 done.
 running RMSDs...
 done.
 E lowest :   -54.26849


   ================================================
   |           Final Geometry Optimization        |
   ================================================
 ------------------------------------------------
 Ensemble optimization with very tight thresholds
 ------------------------------------------------
 Optimizing all 554 structures from file "crest_rotamers_5.xyz" ...
 1 2 3 4 5 6 7 8 9 10 11 12 13 14 15 16 17 18 19 20 21 22 23 24 25 26 27 28 29 30 31 32 33 34 35 36 37 38 39 40 41 42 43 44 45 46 47 48 49 50 51 52 53 54 55 56 57 58 59 60 61 62 63 64 65 66 67 68 69 70 71 72 73 74 75 76 77 78 79 80 81 82 83 84 85 86 87 88 89 90 91 92 93 94 95 96 97 98 99 100 101 102 103 104 105 106 107 108 109 110 111 112 113 114 115 116 117 118 119 120 121 122 123 124 125 126 127 128 129 130 131 132 133 134 135 136 137 138 139 140 141 142 143 144 145 146 147 148 149 150 151 152 153 154 155 156 157 158 159 160 161 162 163 164 165 166 167 168 169 170 171 172 173 174 175 176 177 178 179 180 181 182 183 184 185 186 187 188 189 190 191 192 193 194 195 196 197 198 199 200 201 202 203 204 205 206 207 208 209 210 211 212 213 214 215 216 217 218 219 220 221 222 223 224 225 226 227 228 229 230 231 232 233 234 235 236 237 238 239 240 241 242 243 244 245 246 247 248 249 250 251 252 253 254 255 256 257 258 259 260 261 262 263 264 265 266 267 268 269 270 271 272 273 274 275 276 277 278 279 280 281 282 283 284 285 286 287 288 289 290 291 292 293 294 295 296 297 298 299 300 301 302 303 304 305 306 307 308 309 310 311 312 313 314 315 316 317 318 319 320 321 322 323 324 325 326 327 328 329 330 331 332 333 334 335 336 337 338 339 340 341 342 343 344 345 346 347 348 349 350 351 352 353 354 355 356 357 358 359 360 361 362 363 364 365 366 367 368 369 370 371 372 373 374 375 376 377 378 379 380 381 382 383 384 385 386 387 388 389 390 391 392 393 394 395 396 397 398 399 400 401 402 403 404 405 406 407 408 409 410 411 412 413 414 415 416 417 418 419 420 421 422 423 424 425 426 427 428 429 430 431 432 433 434 435 436 437 438 439 440 441 442 443 444 445 446 447 448 449 450 451 452 453 454 455 456 457 458 459 460 461 462 463 464 465 466 467 468 469 470 471 472 473 474 475 476 477 478 479 480 481 482 483 484 485 486 487 488 489 490 491 492 493 494 495 496 497 498 499 500 501 502 503 504 505 506 507 508 509 510 511 512 513 514 515 516 517 518 519 520 521 522 523 524 525 526 527 528 529 530 531 532 533 534 535 536 537 538 539 540 541 542 543 544 545 546 547 548 549 550 551 552 553 554
 done.
 running RMSDs...
 done.
 E lowest :   -54.26849
 534 structures remain within     6.00 kcal/mol window

 input  file name : crest_rotamers_6.xyz
 output file name : crest_rotamers_7.xyz
 number of atoms                :   40
 number of points on xyz files  :   554
 RMSD threshold                 :   0.1250
 Bconst threshold               :   0.0100
 population threshold           :   0.0500
 conformer energy window  /kcal :   6.0000
 # fragment in coord            :     2
 # bonds in reference structure :    38
 number of reliable points      :   554
 reference state Etot :  -54.268486809999999
 number of doubles removed by rot/RMSD         :          20
 total number unique points considered further :         534
       Erel/kcal        Etot weight/tot  conformer     set   degen     origin
       1   0.000   -54.26849    0.00317    0.19253       1      61     gc
       2   0.000   -54.26849    0.00317                                gc
       3   0.000   -54.26849    0.00317                                gc
       4   0.000   -54.26849    0.00317                                gc
       5   0.000   -54.26849    0.00317                                gc
       6   0.000   -54.26849    0.00317                                gc
       7   0.000   -54.26849    0.00317                                gc
       8   0.000   -54.26849    0.00317                                gc
       9   0.000   -54.26849    0.00317                                gc
      10   0.000   -54.26849    0.00317                                gc
      11   0.001   -54.26849    0.00316                                gc
      12   0.001   -54.26849    0.00316                                gc
      13   0.001   -54.26849    0.00316                                gc
      14   0.001   -54.26849    0.00316                                gc
      15   0.001   -54.26849    0.00316                                gc
      16   0.001   -54.26849    0.00316                                gc
      17   0.001   -54.26849    0.00316                                gc
      18   0.001   -54.26849    0.00316                                md1
      19   0.001   -54.26849    0.00316                                gc
      20   0.001   -54.26849    0.00316                                gc
      21   0.001   -54.26849    0.00316                                md2
      22   0.001   -54.26848    0.00316                                gc
      23   0.001   -54.26848    0.00316                                gc
      24   0.001   -54.26848    0.00316                                gc
      25   0.001   -54.26848    0.00316                                gc
      26   0.001   -54.26848    0.00316                                gc
      27   0.001   -54.26848    0.00316                                mtd8
      28   0.002   -54.26848    0.00316                                gc
      29   0.002   -54.26848    0.00316                                gc
      30   0.002   -54.26848    0.00316                                gc
      31   0.002   -54.26848    0.00316                                gc
      32   0.002   -54.26848    0.00316                                gc
      33   0.002   -54.26848    0.00316                                gc
      34   0.002   -54.26848    0.00316                                gc
      35   0.002   -54.26848    0.00316                                gc
      36   0.002   -54.26848    0.00316                                gc
      37   0.002   -54.26848    0.00316                                gc
      38   0.002   -54.26848    0.00316                                gc
      39   0.002   -54.26848    0.00316                                gc
      40   0.002   -54.26848    0.00316                                gc
      41   0.002   -54.26848    0.00316                                gc
      42   0.002   -54.26848    0.00316                                gc
      43   0.002   -54.26848    0.00316                                gc
      44   0.002   -54.26848    0.00316                                gc
      45   0.003   -54.26848    0.00315                                gc
      46   0.003   -54.26848    0.00315                                gc
      47   0.003   -54.26848    0.00315                                gc
      48   0.003   -54.26848    0.00315                                gc
      49   0.003   -54.26848    0.00315                                gc
      50   0.004   -54.26848    0.00315                                gc
      51   0.004   -54.26848    0.00315                                gc
      52   0.004   -54.26848    0.00315                                gc
      53   0.005   -54.26848    0.00314                                gc
      54   0.007   -54.26848    0.00313                                md5
      55   0.007   -54.26848    0.00313                                mtd2
      56   0.007   -54.26848    0.00313                                md8
      57   0.007   -54.26848    0.00313                                md6
      58   0.007   -54.26848    0.00313                                md8
      59   0.007   -54.26848    0.00313                                mtd3
      60   0.007   -54.26848    0.00313                                md7
      61   0.007   -54.26848    0.00313                                md8
      62   0.007   -54.26848    0.00313    0.14203       2      46     mtd9
      63   0.008   -54.26847    0.00313                                mtd6
      64   0.008   -54.26847    0.00313                                gc
      65   0.008   -54.26847    0.00313                                md4
      66   0.008   -54.26847    0.00312                                mtd8
      67   0.006   -54.26848    0.00314                                md3
      68   0.008   -54.26847    0.00312                                mtd2
      69   0.008   -54.26847    0.00312                                mtd6
      70   0.008   -54.26847    0.00312                                md5
      71   0.009   -54.26847    0.00312                                md4
      72   0.006   -54.26848    0.00314                                mtd2
      73   0.009   -54.26847    0.00312                                md7
      74   0.010   -54.26847    0.00312                                md8
      75   0.010   -54.26847    0.00312                                md8
      76   0.011   -54.26847    0.00311                                mtd10
      77   0.011   -54.26847    0.00311                                gc
      78   0.011   -54.26847    0.00311                                md8
      79   0.011   -54.26847    0.00311                                md4
      80   0.011   -54.26847    0.00311                                md6
      81   0.012   -54.26847    0.00311                                md3
      82   0.012   -54.26847    0.00310                                md3
      83   0.006   -54.26848    0.00314                                md8
      84   0.014   -54.26847    0.00310                                mtd1
      85   0.014   -54.26847    0.00310                                mtd2
      86   0.015   -54.26846    0.00309                                gc
      87   0.016   -54.26846    0.00308                                mtd2
      88   0.017   -54.26846    0.00308                                md8
      89   0.018   -54.26846    0.00307                                mtd2
      90   0.019   -54.26846    0.00307                                mtd2
      91   0.006   -54.26848    0.00314                                md4
      92   0.021   -54.26845    0.00306                                md5
      93   0.021   -54.26845    0.00306                                mtd9
      94   0.024   -54.26845    0.00304                                md7
      95   0.025   -54.26845    0.00304                                md5
      96   0.029   -54.26844    0.00302                                mtd7
      97   0.031   -54.26844    0.00301                                md5
      98   0.032   -54.26844    0.00300                                mtd8
      99   0.033   -54.26843    0.00300                                md4
     100   0.033   -54.26843    0.00300                                md5
     101   0.034   -54.26843    0.00299                                mtd2
     102   0.006   -54.26848    0.00313                                mtd2
     103   0.006   -54.26848    0.00313                                md7
     104   0.036   -54.26843    0.00298                                mtd11
     105   0.006   -54.26848    0.00313                                mtd5
     106   0.006   -54.26848    0.00313                                md7
     107   0.045   -54.26841    0.00293                                mtd10
     108   0.053   -54.26840    0.00290    0.02546       3       9     mtd4
     109   0.037   -54.26843    0.00298                                md8
     110   0.073   -54.26837    0.00280                                mtd10
     111   0.077   -54.26836    0.00278                                md7
     112   0.079   -54.26836    0.00277                                mtd2
     113   0.054   -54.26840    0.00289                                mtd8
     114   0.096   -54.26833    0.00270                                gc
     115   0.058   -54.26839    0.00287                                mtd8
     116   0.081   -54.26836    0.00276                                mtd2
     117   0.060   -54.26839    0.00287    0.06055       4      22     mtd2
     118   0.082   -54.26836    0.00276                                mtd3
     119   0.062   -54.26839    0.00286                                md3
     120   0.062   -54.26839    0.00285                                mtd10
     121   0.083   -54.26836    0.00276                                gc
     122   0.084   -54.26835    0.00275                                md4
     123   0.070   -54.26837    0.00281                                md4
     124   0.071   -54.26837    0.00281                                mtd2
     125   0.084   -54.26835    0.00275                                mtd7
     126   0.085   -54.26835    0.00274                                mtd6
     127   0.086   -54.26835    0.00274                                mtd4
     128   0.087   -54.26835    0.00274                                mtd8
     129   0.088   -54.26835    0.00273                                md7
     130   0.088   -54.26835    0.00273                                mtd8
     131   0.089   -54.26834    0.00273                                md1
     132   0.096   -54.26833    0.00270                                mtd6
     133   0.091   -54.26834    0.00272                                mtd3
     134   0.098   -54.26833    0.00269                                md5
     135   0.092   -54.26834    0.00271                                mtd6
     136   0.092   -54.26834    0.00271                                gc
     137   0.099   -54.26833    0.00268                                mtd2
     138   0.092   -54.26834    0.00271                                mtd6
     139   0.094   -54.26834    0.00271    0.00271       5       1     md4
     140   0.094   -54.26834    0.00271    0.02109       6       8     md5
     141   0.095   -54.26834    0.00270                                mtd2
     142   0.103   -54.26832    0.00266                                mtd10
     143   0.103   -54.26832    0.00266                                mtd2
     144   0.104   -54.26832    0.00266                                mtd11
     145   0.095   -54.26834    0.00270                                gc
     146   0.140   -54.26826    0.00250                                mtd4
     147   0.141   -54.26826    0.00250                                md3
     148   0.142   -54.26826    0.00249    0.01456       7       6     md1
     149   0.148   -54.26825    0.00247                                md4
     150   0.149   -54.26825    0.00246                                mtd8
     151   0.167   -54.26822    0.00239                                mtd6
     152   0.168   -54.26822    0.00239                                mtd1
     153   0.177   -54.26821    0.00235                                md3
     154   0.177   -54.26821    0.00235    0.00707       8       3     md4
     155   0.172   -54.26821    0.00237                                mtd5
     156   0.178   -54.26820    0.00235                                mtd2
     157   0.198   -54.26817    0.00227    0.09811       9      45     md5
     158   0.201   -54.26817    0.00226                                mtd4
     159   0.216   -54.26814    0.00220                                mtd6
     160   0.216   -54.26814    0.00220                                mtd1
     161   0.217   -54.26814    0.00220                                mtd5
     162   0.217   -54.26814    0.00220                                mtd6
     163   0.217   -54.26814    0.00220                                mtd1
     164   0.217   -54.26814    0.00220                                mtd4
     165   0.218   -54.26814    0.00220                                mtd1
     166   0.218   -54.26814    0.00220                                mtd8
     167   0.218   -54.26814    0.00219                                mtd1
     168   0.218   -54.26814    0.00219                                mtd2
     169   0.218   -54.26814    0.00219                                mtd1
     170   0.218   -54.26814    0.00219                                mtd1
     171   0.218   -54.26814    0.00219                                mtd6
     172   0.218   -54.26814    0.00219                                mtd1
     173   0.218   -54.26814    0.00219                                mtd10
     174   0.219   -54.26814    0.00219                                mtd6
     175   0.219   -54.26814    0.00219                                mtd1
     176   0.219   -54.26814    0.00219                                mtd6
     177   0.219   -54.26814    0.00219                                mtd1
     178   0.220   -54.26814    0.00219                                mtd6
     179   0.221   -54.26814    0.00218                                mtd6
     180   0.221   -54.26813    0.00218                                mtd4
     181   0.222   -54.26813    0.00218                                md6
     182   0.223   -54.26813    0.00218                                mtd2
     183   0.223   -54.26813    0.00218                                mtd6
     184   0.228   -54.26812    0.00216                                mtd10
     185   0.223   -54.26813    0.00218                                mtd2
     186   0.228   -54.26812    0.00216                                mtd5
     187   0.223   -54.26813    0.00218                                mtd6
     188   0.229   -54.26812    0.00216                                mtd1
     189   0.229   -54.26812    0.00216                                mtd1
     190   0.223   -54.26813    0.00217                                mtd12
     191   0.229   -54.26812    0.00215                                mtd5
     192   0.230   -54.26812    0.00215                                mtd8
     193   0.224   -54.26813    0.00217                                mtd3
     194   0.224   -54.26813    0.00217                                mtd12
     195   0.231   -54.26812    0.00215                                mtd1
     196   0.231   -54.26812    0.00215                                mtd3
     197   0.232   -54.26812    0.00214                                md1
     198   0.224   -54.26813    0.00217                                md1
     199   0.233   -54.26812    0.00214                                mtd8
     200   0.233   -54.26811    0.00214                                mtd1
     201   0.236   -54.26811    0.00213                                mtd1
     202   0.237   -54.26811    0.00213    0.04265      10      20     mtd11
     203   0.225   -54.26813    0.00217                                mtd6
     204   0.225   -54.26813    0.00217                                mtd8
     205   0.225   -54.26813    0.00217                                mtd8
     206   0.225   -54.26813    0.00217                                mtd3
     207   0.225   -54.26813    0.00217                                mtd4
     208   0.226   -54.26813    0.00217                                md4
     209   0.240   -54.26810    0.00211                                mtd10
     210   0.243   -54.26810    0.00210                                mtd10
     211   0.243   -54.26810    0.00210                                mtd5
     212   0.226   -54.26813    0.00216                                mtd3
     213   0.227   -54.26813    0.00216                                mtd8
     214   0.227   -54.26813    0.00216                                mtd10
     215   0.227   -54.26812    0.00216                                mtd8
     216   0.250   -54.26809    0.00208                                md8
     217   0.227   -54.26812    0.00216                                mtd3
     218   0.227   -54.26812    0.00216                                mtd3
     219   0.280   -54.26804    0.00198                                mtd7
     220   0.244   -54.26810    0.00210                                mtd11
     221   0.249   -54.26809    0.00208                                md4
     222   0.250   -54.26809    0.00208    0.02224      11      11     md1
     223   0.250   -54.26809    0.00208                                mtd8
     224   0.252   -54.26809    0.00207                                mtd7
     225   0.282   -54.26804    0.00197                                mtd2
     226   0.256   -54.26808    0.00206                                mtd11
     227   0.259   -54.26807    0.00205                                mtd1
     228   0.282   -54.26804    0.00197                                mtd4
     229   0.263   -54.26807    0.00203                                mtd2
     230   0.285   -54.26803    0.00196                                mtd5
     231   0.264   -54.26807    0.00203                                mtd1
     232   0.292   -54.26802    0.00194                                mtd12
     233   0.266   -54.26806    0.00202    0.00202      12       1     mtd3
     234   0.298   -54.26801    0.00192    0.01958      13      10     mtd6
     235   0.273   -54.26805    0.00200                                mtd5
     236   0.279   -54.26804    0.00198                                mtd2
     237   0.299   -54.26801    0.00191                                mtd6
     238   0.286   -54.26803    0.00196                                md6
     239   0.286   -54.26803    0.00196                                mtd3
     240   0.280   -54.26804    0.00198                                mtd1
     241   0.287   -54.26803    0.00195                                mtd4
     242   0.280   -54.26804    0.00198                                mtd2
     243   0.287   -54.26803    0.00195                                mtd6
     244   0.289   -54.26803    0.00195    0.02842      14      15     mtd4
     245   0.291   -54.26802    0.00194                                mtd3
     246   0.312   -54.26799    0.00187                                mtd6
     247   0.300   -54.26801    0.00191                                md8
     248   0.303   -54.26800    0.00190                                mtd3
     249   0.304   -54.26800    0.00190                                mtd7
     250   0.291   -54.26802    0.00194                                mtd3
     251   0.305   -54.26800    0.00189                                mtd2
     252   0.308   -54.26800    0.00189                                mtd12
     253   0.308   -54.26800    0.00188                                md1
     254   0.312   -54.26799    0.00187                                mtd4
     255   0.312   -54.26799    0.00187                                md6
     256   0.314   -54.26799    0.00187                                mtd1
     257   0.317   -54.26798    0.00186                                mtd3
     258   0.308   -54.26800    0.00188                                md1
     259   0.317   -54.26798    0.00186    0.04939      15      27     mtd8
     260   0.340   -54.26795    0.00179                                mtd6
     261   0.317   -54.26798    0.00186                                mtd7
     262   0.319   -54.26798    0.00185                                mtd6
     263   0.320   -54.26798    0.00185                                mtd3
     264   0.308   -54.26800    0.00188                                mtd6
     265   0.309   -54.26799    0.00188                                md6
     266   0.322   -54.26797    0.00184                                mtd1
     267   0.324   -54.26797    0.00183                                mtd1
     268   0.324   -54.26797    0.00183                                mtd2
     269   0.310   -54.26799    0.00188                                mtd5
     270   0.325   -54.26797    0.00183                                md8
     271   0.311   -54.26799    0.00188                                mtd10
     272   0.325   -54.26797    0.00183                                mtd6
     273   0.340   -54.26794    0.00179                                md1
     274   0.325   -54.26797    0.00183                                mtd11
     275   0.312   -54.26799    0.00187                                mtd8
     276   0.326   -54.26797    0.00183                                mtd1
     277   0.342   -54.26794    0.00178                                mtd2
     278   0.327   -54.26797    0.00182                                md1
     279   0.342   -54.26794    0.00178                                mtd2
     280   0.329   -54.26796    0.00182                                mtd1
     281   0.331   -54.26796    0.00181                                mtd10
     282   0.335   -54.26795    0.00180                                mtd8
     283   0.336   -54.26795    0.00180                                mtd1
     284   0.337   -54.26795    0.00180                                md1
     285   0.345   -54.26794    0.00177                                mtd3
     286   0.337   -54.26795    0.00180    0.01419      16       8     md6
     287   0.337   -54.26795    0.00179                                md6
     288   0.337   -54.26795    0.00179                                md6
     289   0.338   -54.26795    0.00179                                mtd1
     290   0.339   -54.26795    0.00179                                mtd10
     291   0.347   -54.26793    0.00177                                mtd2
     292   0.358   -54.26792    0.00173                                md4
     293   0.359   -54.26792    0.00173                                mtd2
     294   0.361   -54.26791    0.00172    0.01864      17      11     mtd2
     295   0.351   -54.26793    0.00175                                mtd7
     296   0.353   -54.26793    0.00175                                mtd2
     297   0.381   -54.26788    0.00167                                md1
     298   0.387   -54.26787    0.00165                                md4
     299   0.363   -54.26791    0.00172                                mtd6
     300   0.369   -54.26790    0.00170                                mtd1
     301   0.387   -54.26787    0.00165                                mtd2
     302   0.377   -54.26789    0.00168                                md6
     303   0.377   -54.26789    0.00168                                mtd7
     304   0.377   -54.26789    0.00168                                mtd4
     305   0.377   -54.26789    0.00168    0.02431      18      15     mtd7
     306   0.393   -54.26786    0.00163                                mtd5
     307   0.393   -54.26786    0.00163                                mtd8
     308   0.396   -54.26786    0.00163                                mtd6
     309   0.378   -54.26789    0.00168                                md1
     310   0.399   -54.26785    0.00162                                mtd8
     311   0.378   -54.26788    0.00168                                mtd10
     312   0.400   -54.26785    0.00162                                mtd1
     313   0.404   -54.26784    0.00160                                mtd11
     314   0.404   -54.26784    0.00160                                mtd2
     315   0.406   -54.26784    0.00160                                mtd9
     316   0.411   -54.26783    0.00158                                mtd3
     317   0.407   -54.26784    0.00160                                mtd3
     318   0.412   -54.26783    0.00158                                mtd11
     319   0.408   -54.26784    0.00159                                mtd3
     320   0.409   -54.26784    0.00159    0.02138      19      14     mtd2
     321   0.409   -54.26783    0.00159                                mtd4
     322   0.413   -54.26783    0.00158                                mtd2
     323   0.414   -54.26783    0.00158                                md1
     324   0.438   -54.26779    0.00151                                mtd8
     325   0.419   -54.26782    0.00156                                mtd2
     326   0.439   -54.26779    0.00151                                mtd4
     327   0.441   -54.26778    0.00151                                mtd11
     328   0.443   -54.26778    0.00150                                mtd8
     329   0.445   -54.26778    0.00150                                mtd3
     330   0.446   -54.26778    0.00149                                mtd2
     331   0.447   -54.26777    0.00149                                mtd3
     332   0.450   -54.26777    0.00148                                mtd12
     333   0.450   -54.26777    0.00148                                mtd12
     334   0.421   -54.26782    0.00156    0.00768      20       5     mtd12
     335   0.428   -54.26781    0.00154                                md4
     336   0.432   -54.26780    0.00153                                mtd2
     337   0.432   -54.26780    0.00153                                mtd1
     338   0.432   -54.26780    0.00153                                mtd2
     339   0.432   -54.26780    0.00153    0.01926      21      13     mtd1
     340   0.436   -54.26779    0.00152                                mtd1
     341   0.455   -54.26776    0.00147                                mtd2
     342   0.458   -54.26776    0.00146                                mtd4
     343   0.459   -54.26776    0.00146                                mtd3
     344   0.437   -54.26779    0.00152                                mtd7
     345   0.438   -54.26779    0.00151                                mtd2
     346   0.463   -54.26775    0.00145                                mtd7
     347   0.466   -54.26774    0.00144                                mtd6
     348   0.440   -54.26779    0.00151                                mtd7
     349   0.440   -54.26779    0.00151                                mtd7
     350   0.467   -54.26774    0.00144                                mtd2
     351   0.469   -54.26774    0.00144                                mtd1
     352   0.472   -54.26773    0.00143    0.01143      22       8     mtd7
     353   0.441   -54.26778    0.00151                                mtd1
     354   0.463   -54.26775    0.00145                                mtd8
     355   0.476   -54.26773    0.00142                                mtd1
     356   0.464   -54.26775    0.00145                                mtd2
     357   0.488   -54.26771    0.00139                                mtd8
     358   0.482   -54.26772    0.00141                                mtd8
     359   0.492   -54.26770    0.00138                                mtd7
     360   0.485   -54.26771    0.00140    0.00416      23       3     mtd1
     361   0.489   -54.26771    0.00139                                mtd7
     362   0.494   -54.26770    0.00138                                mtd7
     363   0.508   -54.26768    0.00134    0.00806      24       6     mtd3
     364   0.488   -54.26771    0.00139                                mtd3
     365   0.527   -54.26765    0.00130                                mtd7
     366   0.514   -54.26767    0.00133                                mtd7
     367   0.490   -54.26771    0.00139                                mtd2
     368   0.529   -54.26764    0.00130                                mtd1
     369   0.518   -54.26766    0.00132    0.00392      25       3     mtd10
     370   0.520   -54.26766    0.00132                                mtd4
     371   0.536   -54.26763    0.00128                                mtd1
     372   0.542   -54.26762    0.00127    0.00613      26       5     mtd11
     373   0.576   -54.26757    0.00120                                mtd1
     374   0.543   -54.26762    0.00127                                mtd2
     375   0.577   -54.26757    0.00120                                mtd1
     376   0.577   -54.26757    0.00120                                mtd4
     377   0.583   -54.26756    0.00119    0.00838      27       7     mtd2
     378   0.587   -54.26755    0.00118                                mtd4
     379   0.592   -54.26754    0.00117                                mtd7
     380   0.590   -54.26755    0.00117                                mtd4
     381   0.548   -54.26761    0.00126                                mtd3
     382   0.552   -54.26761    0.00125                                md6
     383   0.591   -54.26755    0.00117                                mtd3
     384   0.562   -54.26759    0.00123    0.00123      28       1     mtd7
     385   0.593   -54.26754    0.00117    0.01129      29      10     mtd2
     386   0.593   -54.26754    0.00116                                mtd1
     387   0.596   -54.26754    0.00116                                md1
     388   0.608   -54.26752    0.00114                                mtd7
     389   0.608   -54.26752    0.00114                                mtd1
     390   0.613   -54.26751    0.00113                                mtd3
     391   0.626   -54.26749    0.00110                                mtd6
     392   0.614   -54.26751    0.00112                                mtd6
     393   0.636   -54.26747    0.00108                                mtd9
     394   0.636   -54.26747    0.00108                                md8
     395   0.636   -54.26747    0.00108    0.00654      30       6     mtd5
     396   0.615   -54.26751    0.00112                                mtd8
     397   0.638   -54.26747    0.00108                                mtd5
     398   0.642   -54.26746    0.00107                                md8
     399   0.643   -54.26746    0.00107                                mtd12
     400   0.623   -54.26749    0.00111                                md8
     401   0.645   -54.26746    0.00107    0.01710      31      16     mtd3
     402   0.645   -54.26746    0.00107                                mtd3
     403   0.647   -54.26746    0.00106                                mtd1
     404   0.626   -54.26749    0.00110                                mtd9
     405   0.647   -54.26746    0.00106                                md6
     406   0.630   -54.26748    0.00110                                mtd3
     407   0.630   -54.26748    0.00109                                mtd12
     408   0.655   -54.26744    0.00105                                mtd9
     409   0.630   -54.26748    0.00109                                mtd12
     410   0.631   -54.26748    0.00109                                md8
     411   0.659   -54.26744    0.00104                                mtd3
     412   0.632   -54.26748    0.00109                                mtd10
     413   0.663   -54.26743    0.00104                                mtd1
     414   0.659   -54.26744    0.00104                                mtd8
     415   0.648   -54.26745    0.00106                                mtd7
     416   0.667   -54.26742    0.00103                                mtd9
     417   0.648   -54.26745    0.00106    0.00416      32       4     mtd2
     418   0.684   -54.26740    0.00100                                mtd6
     419   0.663   -54.26743    0.00104                                md8
     420   0.649   -54.26745    0.00106                                mtd4
     421   0.668   -54.26742    0.00103    0.00308      33       3     mtd1
     422   0.685   -54.26740    0.00100                                mtd5
     423   0.651   -54.26745    0.00106                                mtd6
     424   0.653   -54.26745    0.00105    0.00928      34       9     mtd12
     425   0.670   -54.26742    0.00102                                mtd7
     426   0.666   -54.26743    0.00103                                mtd9
     427   0.670   -54.26742    0.00102                                mtd9
     428   0.654   -54.26745    0.00105                                mtd9
     429   0.671   -54.26742    0.00102                                mtd9
     430   0.660   -54.26744    0.00104                                md8
     431   0.675   -54.26741    0.00102                                mtd5
     432   0.676   -54.26741    0.00101                                md4
     433   0.676   -54.26741    0.00101    0.00101      35       1     mtd5
     434   0.681   -54.26740    0.00100    0.00100      36       1     mtd12
     435   0.699   -54.26737    0.00097    0.00193      37       2     mtd6
     436   0.710   -54.26735    0.00096                                mtd8
     437   0.709   -54.26736    0.00096    0.00563      38       6     mtd1
     438   0.737   -54.26731    0.00091                                mtd9
     439   0.713   -54.26735    0.00095                                mtd4
     440   0.719   -54.26734    0.00094                                mtd1
     441   0.725   -54.26733    0.00093                                mtd9
     442   0.730   -54.26732    0.00093                                mtd9
     443   0.732   -54.26732    0.00092    0.00092      39       1     mtd9
     444   0.747   -54.26730    0.00090    0.00090      40       1     mtd6
     445   0.748   -54.26729    0.00090    0.00260      41       3     mtd3
     446   0.770   -54.26726    0.00087                                mtd11
     447   0.789   -54.26723    0.00084                                mtd8
     448   0.821   -54.26718    0.00079    0.00157      42       2     md8
     449   0.835   -54.26716    0.00077                                mtd7
     450   0.875   -54.26709    0.00072    0.01330      43      18     mtd10
     451   0.839   -54.26715    0.00077                                md8
     452   0.842   -54.26714    0.00077                                md8
     453   0.844   -54.26714    0.00076                                mtd9
     454   0.845   -54.26714    0.00076                                mtd3
     455   0.852   -54.26713    0.00075                                mtd9
     456   0.857   -54.26712    0.00075                                md8
     457   0.864   -54.26711    0.00074                                md8
     458   0.875   -54.26709    0.00072                                mtd9
     459   0.835   -54.26716    0.00077                                mtd12
     460   0.875   -54.26709    0.00072                                mtd6
     461   0.876   -54.26709    0.00072                                mtd10
     462   0.876   -54.26709    0.00072                                mtd9
     463   0.877   -54.26709    0.00072                                mtd6
     464   0.878   -54.26709    0.00072                                mtd9
     465   0.880   -54.26708    0.00072                                mtd10
     466   0.869   -54.26710    0.00073                                mtd9
     467   0.880   -54.26708    0.00072                                mtd10
     468   0.870   -54.26710    0.00073    0.00073      44       1     mtd10
     469   0.871   -54.26710    0.00073    0.01709      45      24     mtd1
     470   0.882   -54.26708    0.00072                                mtd9
     471   0.882   -54.26708    0.00072                                mtd6
     472   0.871   -54.26710    0.00073                                mtd9
     473   0.883   -54.26708    0.00072                                mtd6
     474   0.872   -54.26710    0.00073                                mtd6
     475   0.884   -54.26708    0.00071                                mtd5
     476   0.873   -54.26710    0.00073                                mtd9
     477   0.873   -54.26710    0.00073                                mtd10
     478   0.873   -54.26710    0.00073                                mtd9
     479   0.884   -54.26708    0.00071                                mtd10
     480   0.874   -54.26709    0.00073                                mtd10
     481   0.884   -54.26708    0.00071                                mtd5
     482   0.875   -54.26709    0.00073                                mtd3
     483   0.897   -54.26706    0.00070                                mtd9
     484   0.899   -54.26705    0.00070                                mtd6
     485   0.886   -54.26707    0.00071                                mtd9
     486   0.900   -54.26705    0.00070                                mtd6
     487   0.886   -54.26707    0.00071                                mtd1
     488   0.901   -54.26705    0.00069                                mtd9
     489   0.920   -54.26702    0.00067                                mtd1
     490   0.887   -54.26707    0.00071                                mtd11
     491   0.889   -54.26707    0.00071                                mtd9
     492   0.903   -54.26705    0.00069                                mtd9
     493   0.904   -54.26705    0.00069    0.00899      46      13     mtd9
     494   0.904   -54.26705    0.00069                                mtd9
     495   0.892   -54.26707    0.00070                                mtd1
     496   0.905   -54.26704    0.00069                                mtd10
     497   0.907   -54.26704    0.00069                                mtd10
     498   0.893   -54.26706    0.00070                                mtd9
     499   0.908   -54.26704    0.00069                                mtd9
     500   0.894   -54.26706    0.00070                                md8
     501   0.924   -54.26701    0.00067                                mtd1
     502   0.894   -54.26706    0.00070                                md8
     503   0.894   -54.26706    0.00070                                mtd5
     504   0.925   -54.26701    0.00067                                mtd9
     505   0.896   -54.26706    0.00070                                mtd6
     506   0.909   -54.26704    0.00068    0.00136      47       2     mtd6
     507   0.914   -54.26703    0.00068                                mtd5
     508   0.922   -54.26702    0.00067    0.00200      48       3     mtd1
     509   0.915   -54.26703    0.00068                                mtd6
     510   0.937   -54.26699    0.00065                                mtd9
     511   0.939   -54.26699    0.00065    0.00065      49       1     mtd10
     512   0.939   -54.26699    0.00065    0.00255      50       4     mtd10
     513   0.945   -54.26698    0.00064                                mtd9
     514   0.950   -54.26697    0.00064                                mtd9
     515   0.966   -54.26695    0.00062                                mtd9
     516   0.972   -54.26694    0.00061    0.00061      51       1     mtd10
     517   0.953   -54.26697    0.00064    0.00123      52       2     mtd11
     518   0.987   -54.26691    0.00060                                mtd6
     519   1.008   -54.26688    0.00058    0.00058      53       1     mtd9
     520   1.033   -54.26684    0.00056    0.00056      54       1     mtd9
     521   1.050   -54.26681    0.00054    0.00105      55       2     mtd4
     522   1.087   -54.26676    0.00051                                mtd8
     523   1.095   -54.26674    0.00050    0.00100      56       2     mtd6
     524   1.097   -54.26674    0.00050                                mtd9
     525   1.104   -54.26673    0.00049    0.00049      57       1     mtd10
     526   1.121   -54.26670    0.00048    0.00095      58       2     mtd4
     527   1.127   -54.26669    0.00047                                mtd4
     528   1.161   -54.26664    0.00045    0.00088      59       2     mtd9
     529   1.182   -54.26660    0.00043                                mtd9
     530   1.223   -54.26654    0.00040    0.00040      60       1     mtd8
     531   1.281   -54.26645    0.00037    0.00071      61       2     mtd3
     532   1.312   -54.26640    0.00035                                mtd3
     533   1.336   -54.26636    0.00033    0.00033      62       1     mtd3
     534   1.338   -54.26636    0.00033    0.00033      63       1     mtd3
T /K                                  :   298.15
E lowest                              :   -54.26849
ensemble average energy (kcal)        :    0.245
ensemble entropy (J/mol K, cal/mol K) :   51.286   12.258
ensemble free energy (kcal/mol)       :   -3.655
population of lowest in %             :   19.253
 number of unique conformers for further calc           63
 list of relative energies saved as "crest.energies"

 -----------------
 Wall Time Summary
 -----------------
             test MD wall time :         0h : 0m : 8s
                 MTD wall time :         0h :34m :30s
      multilevel OPT wall time :         2h :19m :57s
                  MD wall time :         0h :41m :14s
                  GC wall time :         0h : 3m :35s
--------------------
Overall wall time  : 3h :45m :45s

 CREST terminated normally.
