****************************************************************
  Sure Independence Screening and Sparsifying Operator (SISSO)  
             Version SISSO.3.3, July, 2023.                
****************************************************************

Read in data from train.dat
Read in data from SISSO.in
Property type:     1
Number of tasks:        1
Descriptor dimension:        2
Number of samples for the task(s):     36
Restarts :  0
Number of scalar features:       21
Tier of the feature space:        3
Maximal feature complexity (number of operators in a feature):        6
Unit of input primary feature, each represented by a row vector: 
    1.00
    1.00
    1.00
    1.00
    1.00
    1.00
    1.00
    1.00
    1.00
    1.00
    1.00
    1.00
    1.00
    1.00
    1.00
    1.00
    1.00
    1.00
    1.00
    1.00
    1.00
The feature will be discarded if the minimum of the maximal abs. value in it <    0.10000E-02
The faature will be discarded if the maximum of the maximal abs. value in it >     0.10000E+06
Size of the SIS-selected (single) subspace :  10000 10000
Operators for feature construction: (+)(-)(*) (+)(-)(*) (+)(-)(*) 
Method for sparse regression:  L0        
Fitting intercept:      T
Metric for model selection: RMSE
Number of the top-ranked models to output:      100
--------------------------------------------------------------------------------

Dimension:   1
-------------------
Feature Construction (FC) starts ...
Population Standard Deviation (SD) of the task 001:   20.66142
Total number of features in the space phi00:             21
Total number of features in the space phi01:            771
Total number of features in the space phi02:         278324
Total number of features in the space phi03:     8930164793
Size of the SIS-selected subspace from phi03:      10000
Time (second) used for this FC:         1617.78

Descriptor Identification (DI) starts ...
Total number of SIS-selected features from all dimensions:      10000
 
  1D descriptor: 
     d001 = (((feature18-feature20)*(feature19+feature20))-(feature14*(feature14-feature18)))    feature_ID:000001

  1D model(y=sum(ci*di)+c0): 
     coeff.(ci)_task001:    -0.4615554915E+02
             c0_task001:     0.2971148662E+02
     RMSE,MaxAE_task001:     0.1090031573E+02    0.2539430240E+02

     RMSE and MaxAE of the model:  10.900316 25.394302
--------------------------------------------------------------------------------
Time (second) used for this DI:            0.09

Dimension:   2
-------------------
Feature Construction (FC) starts ...
Total number of features in the space phi00:             21
Total number of features in the space phi01:            771
Total number of features in the space phi02:         278324
Total number of features in the space phi03:     8930164793
Size of the SIS-selected subspace from phi03:      10000
Time (second) used for this FC:         1619.36

Descriptor Identification (DI) starts ...
Total number of SIS-selected features from all dimensions:      20000
 
Final model/descriptor !
================================================================================
  2D descriptor: 
     d001 = ((feature14*(feature14-feature18))*((feature3+feature21)*(feature8+feature14)))    feature_ID:000365
     d002 = ((feature15*(feature18-feature20))*((feature17-feature19)-(feature19-feature6)))    feature_ID:014058

  2D model(y=sum(ci*di)+c0): 
     coeff.(ci)_task001:     0.1457398483E+03    0.4956451621E+03
             c0_task001:     0.3116965853E+02
     RMSE,MaxAE_task001:     0.7342871672E+01    0.2085045454E+02

     RMSE and MaxAE of the model:   7.342872 20.850455
================================================================================
Time (second) used for this DI:           25.81
Total time (second):         3263.84
Have a nice day !    

