****************************************************************
  Sure Independence Screening and Sparsifying Operator (SISSO)  
             Version SISSO.3.3, July, 2023.                
****************************************************************

Read in data from train.dat
Read in data from SISSO.in
Property type:     1
Number of tasks:        1
Descriptor dimension:        2
Number of samples for the task(s):     36
Restarts :  0
Number of scalar features:       16
Tier of the feature space:        3
Maximal feature complexity (number of operators in a feature):        6
Unit of input primary feature, each represented by a row vector: 
    1.00
    1.00
    1.00
    1.00
    1.00
    1.00
    1.00
    1.00
    1.00
    1.00
    1.00
    1.00
    1.00
    1.00
    1.00
    1.00
The feature will be discarded if the minimum of the maximal abs. value in it <    0.10000E-02
The faature will be discarded if the maximum of the maximal abs. value in it >     0.10000E+06
Size of the SIS-selected (single) subspace :  10000 10000
Operators for feature construction: (+)(-)(*) (+)(-)(*) (+)(-)(*) 
Method for sparse regression:  L0        
Fitting intercept:      T
Metric for model selection: RMSE
Number of the top-ranked models to output:      100
--------------------------------------------------------------------------------

Dimension:   1
-------------------
Feature Construction (FC) starts ...
Population Standard Deviation (SD) of the task 001:   22.94981
Total number of features in the space phi00:             16
Total number of features in the space phi01:            450
Total number of features in the space phi02:         103129
Total number of features in the space phi03:     1532671156
Size of the SIS-selected subspace from phi03:      10000
Time (second) used for this FC:          229.36

Descriptor Identification (DI) starts ...
Total number of SIS-selected features from all dimensions:      10000
 
  1D descriptor: 
     d001 = (((feature8-feature15)*(feature12+feature15))-(feature16*(feature5+feature13)))    feature_ID:000001

  1D model(y=sum(ci*di)+c0): 
     coeff.(ci)_task001:     0.5135352612E+02
             c0_task001:     0.6690557246E+02
     RMSE,MaxAE_task001:     0.1161362669E+02    0.2800627214E+02

     RMSE and MaxAE of the model:  11.613627 28.006272
--------------------------------------------------------------------------------
Time (second) used for this DI:            0.14

Dimension:   2
-------------------
Feature Construction (FC) starts ...
Total number of features in the space phi00:             16
Total number of features in the space phi01:            450
Total number of features in the space phi02:         103129
Total number of features in the space phi03:     1532671156
Size of the SIS-selected subspace from phi03:      10000
Time (second) used for this FC:          230.52

Descriptor Identification (DI) starts ...
Total number of SIS-selected features from all dimensions:      20000
 
Final model/descriptor !
================================================================================
  2D descriptor: 
     d001 = (((feature3+feature15)*(feature8-feature15))-(feature13*feature16))    feature_ID:000699
     d002 = (((feature16-feature15)-feature9)*((feature6+feature15)*(feature10*feature14)))    feature_ID:010731

  2D model(y=sum(ci*di)+c0): 
     coeff.(ci)_task001:     0.8525957845E+02    0.1690032799E+03
             c0_task001:     0.8381008841E+02
     RMSE,MaxAE_task001:     0.7874970572E+01    0.1931180955E+02

     RMSE and MaxAE of the model:   7.874971 19.311810
================================================================================
Time (second) used for this DI:           25.65
Total time (second):          486.41
Have a nice day !    

