****************************************************************
  Sure Independence Screening and Sparsifying Operator (SISSO)  
             Version SISSO.3.3, July, 2023.                
****************************************************************

Read in data from train.dat
Read in data from SISSO.in
Property type:     1
Number of tasks:        1
Descriptor dimension:        2
Number of samples for the task(s):     36
Restarts :  0
Number of scalar features:       19
Tier of the feature space:        3
Maximal feature complexity (number of operators in a feature):        6
Unit of input primary feature, each represented by a row vector: 
    1.00
    1.00
    1.00
    1.00
    1.00
    1.00
    1.00
    1.00
    1.00
    1.00
    1.00
    1.00
    1.00
    1.00
    1.00
    1.00
    1.00
    1.00
    1.00
The feature will be discarded if the minimum of the maximal abs. value in it <    0.10000E-02
The faature will be discarded if the maximum of the maximal abs. value in it >     0.10000E+06
Size of the SIS-selected (single) subspace :  10000 10000
Operators for feature construction: (+)(-)(*) (+)(-)(*) (+)(-)(*) 
Method for sparse regression:  L0        
Fitting intercept:      T
Metric for model selection: RMSE
Number of the top-ranked models to output:      100
--------------------------------------------------------------------------------

Dimension:   1
-------------------
Feature Construction (FC) starts ...
Population Standard Deviation (SD) of the task 001:    9.71764
Total number of features in the space phi00:             19
Total number of features in the space phi01:            617
Total number of features in the space phi02:         181281
Total number of features in the space phi03:     4199739271
Size of the SIS-selected subspace from phi03:      10000
Time (second) used for this FC:          716.28

Descriptor Identification (DI) starts ...
Total number of SIS-selected features from all dimensions:      10000
 
  1D descriptor: 
     d001 = (((feature18-feature11)-feature11)*((feature13+feature15)-(feature6+feature9)))    feature_ID:000001

  1D model(y=sum(ci*di)+c0): 
     coeff.(ci)_task001:    -0.1167916250E+02
             c0_task001:     0.3689288100E+01
     RMSE,MaxAE_task001:     0.4885208830E+01    0.1542118893E+02

     RMSE and MaxAE of the model:   4.885209 15.421189
--------------------------------------------------------------------------------
Time (second) used for this DI:            0.17

Dimension:   2
-------------------
Feature Construction (FC) starts ...
Total number of features in the space phi00:             19
Total number of features in the space phi01:            617
Total number of features in the space phi02:         181281
Total number of features in the space phi03:     4199739271
Size of the SIS-selected subspace from phi03:      10000
Time (second) used for this FC:          716.64

Descriptor Identification (DI) starts ...
Total number of SIS-selected features from all dimensions:      20000
 
Final model/descriptor !
================================================================================
  2D descriptor: 
     d001 = (((feature11+feature13)-feature6)*((feature11*feature13)*(feature11+feature15)))    feature_ID:002346
     d002 = (((feature14+feature17)-feature19)*((feature13-feature18)*(feature17-feature19)))    feature_ID:010002

  2D model(y=sum(ci*di)+c0): 
     coeff.(ci)_task001:     0.1693642530E+02    0.3911756149E+03
             c0_task001:     0.1962796386E+01
     RMSE,MaxAE_task001:     0.2827714697E+01    0.9092356939E+01

     RMSE and MaxAE of the model:   2.827715  9.092357
================================================================================
Time (second) used for this DI:           25.65
Total time (second):         1477.96
Have a nice day !    

