****************************************************************
  Sure Independence Screening and Sparsifying Operator (SISSO)  
             Version SISSO.3.3, July, 2023.                
****************************************************************

Read in data from train.dat
Read in data from SISSO.in
Property type:     1
Number of tasks:        1
Descriptor dimension:        2
Number of samples for the task(s):     36
Restarts :  0
Number of scalar features:       21
Tier of the feature space:        3
Maximal feature complexity (number of operators in a feature):        6
Unit of input primary feature, each represented by a row vector: 
    1.00
    1.00
    1.00
    1.00
    1.00
    1.00
    1.00
    1.00
    1.00
    1.00
    1.00
    1.00
    1.00
    1.00
    1.00
    1.00
    1.00
    1.00
    1.00
    1.00
    1.00
The feature will be discarded if the minimum of the maximal abs. value in it <    0.10000E-02
The faature will be discarded if the maximum of the maximal abs. value in it >     0.10000E+06
Size of the SIS-selected (single) subspace :  10000 10000
Operators for feature construction: (+)(-)(*) (+)(-)(*) (+)(-)(*) 
Method for sparse regression:  L0        
Fitting intercept:      T
Metric for model selection: RMSE
Number of the top-ranked models to output:      100
--------------------------------------------------------------------------------

Dimension:   1
-------------------
Feature Construction (FC) starts ...
Population Standard Deviation (SD) of the task 001:   22.61206
Total number of features in the space phi00:             21
Total number of features in the space phi01:            746
Total number of features in the space phi02:         230329
Total number of features in the space phi03:     6763384238
Size of the SIS-selected subspace from phi03:      10000
Time (second) used for this FC:         1119.81

Descriptor Identification (DI) starts ...
Total number of SIS-selected features from all dimensions:      10000
 
  1D descriptor: 
     d001 = ((feature21*(feature9+feature20))-((feature3+feature14)*(feature16+feature20)))    feature_ID:000001

  1D model(y=sum(ci*di)+c0): 
     coeff.(ci)_task001:    -0.2988396640E+02
             c0_task001:     0.3907812674E+02
     RMSE,MaxAE_task001:     0.1106850024E+02    0.2677510072E+02

     RMSE and MaxAE of the model:  11.068500 26.775101
--------------------------------------------------------------------------------
Time (second) used for this DI:            0.24

Dimension:   2
-------------------
Feature Construction (FC) starts ...
Total number of features in the space phi00:             21
Total number of features in the space phi01:            746
Total number of features in the space phi02:         230329
Total number of features in the space phi03:     6763384238
Size of the SIS-selected subspace from phi03:      10000
Time (second) used for this FC:         1118.00

Descriptor Identification (DI) starts ...
Total number of SIS-selected features from all dimensions:      20000
 
Final model/descriptor !
================================================================================
  2D descriptor: 
     d001 = ((feature16*(feature10+feature16))+((feature3+feature20)*(feature14-feature21)))    feature_ID:009984
     d002 = ((feature15*(feature17-feature21))*((feature12+feature16)-(feature17-feature9)))    feature_ID:016458

  2D model(y=sum(ci*di)+c0): 
     coeff.(ci)_task001:     0.3262010998E+02    0.1259539664E+03
             c0_task001:     0.4014048556E+02
     RMSE,MaxAE_task001:     0.8762345612E+01    0.2746877483E+02

     RMSE and MaxAE of the model:   8.762346 27.468775
================================================================================
Time (second) used for this DI:           30.65
Total time (second):         2269.62
Have a nice day !    

