****************************************************************
  Sure Independence Screening and Sparsifying Operator (SISSO)  
             Version SISSO.3.3, July, 2023.                
****************************************************************

Read in data from train.dat
Read in data from SISSO.in
Property type:     1
Number of tasks:        1
Descriptor dimension:        2
Number of samples for the task(s):     36
Restarts :  0
Number of scalar features:       22
Tier of the feature space:        3
Maximal feature complexity (number of operators in a feature):        6
Unit of input primary feature, each represented by a row vector: 
    1.00
    1.00
    1.00
    1.00
    1.00
    1.00
    1.00
    1.00
    1.00
    1.00
    1.00
    1.00
    1.00
    1.00
    1.00
    1.00
    1.00
    1.00
    1.00
    1.00
    1.00
    1.00
The feature will be discarded if the minimum of the maximal abs. value in it <    0.10000E-02
The faature will be discarded if the maximum of the maximal abs. value in it >     0.10000E+06
Size of the SIS-selected (single) subspace :  10000 10000
Operators for feature construction: (+)(-)(*) (+)(-)(*) (+)(-)(*) 
Method for sparse regression:  L0        
Fitting intercept:      T
Metric for model selection: RMSE
Number of the top-ranked models to output:      100
--------------------------------------------------------------------------------

Dimension:   1
-------------------
Feature Construction (FC) starts ...
Population Standard Deviation (SD) of the task 001:   22.78361
Total number of features in the space phi00:             22
Total number of features in the space phi01:            839
Total number of features in the space phi02:         311221
Total number of features in the space phi03:    11097851883
Size of the SIS-selected subspace from phi03:      10000
Time (second) used for this FC:         1918.83

Descriptor Identification (DI) starts ...
Total number of SIS-selected features from all dimensions:      10000
 
  1D descriptor: 
     d001 = ((feature16*(feature21-feature3))+((feature4-feature17)*(feature9+feature17)))    feature_ID:000001

  1D model(y=sum(ci*di)+c0): 
     coeff.(ci)_task001:    -0.5734809331E+02
             c0_task001:     0.2876296341E+02
     RMSE,MaxAE_task001:     0.1091962402E+02    0.2917815663E+02

     RMSE and MaxAE of the model:  10.919624 29.178157
--------------------------------------------------------------------------------
Time (second) used for this DI:            0.12

Dimension:   2
-------------------
Feature Construction (FC) starts ...
Total number of features in the space phi00:             22
Total number of features in the space phi01:            839
Total number of features in the space phi02:         311221
Total number of features in the space phi03:    11097851883
Size of the SIS-selected subspace from phi03:      10000
Time (second) used for this FC:         1914.53

Descriptor Identification (DI) starts ...
Total number of SIS-selected features from all dimensions:      20000
 
Final model/descriptor !
================================================================================
  2D descriptor: 
     d001 = ((feature17+(feature3+feature20))*((feature15+feature22)-(feature17+feature20)))    feature_ID:000475
     d002 = (((feature13+feature17)-feature21)*((feature16-feature21)*(feature18-feature19)))    feature_ID:011555

  2D model(y=sum(ci*di)+c0): 
     coeff.(ci)_task001:    -0.2145926643E+02   -0.1318215644E+03
             c0_task001:     0.3055420212E+02
     RMSE,MaxAE_task001:     0.7610754195E+01    0.1958737040E+02

     RMSE and MaxAE of the model:   7.610754 19.587370
================================================================================
Time (second) used for this DI:           26.40
Total time (second):         3860.72
Have a nice day !    

