
       ==============================================
       |                                            |
       |                 C R E S T                  |
       |                                            |
       |  Conformer-Rotamer Ensemble Sampling Tool  |
       |          based on the GFN methods          |
       |             P.Pracht, S.Grimme             |
       |          Universitaet Bonn, MCTC           |
       ==============================================
       Version 2.12,   Thu 19. Mai 16:32:32 CEST 2022
  Using the xTB program. Compatible with xTB version 6.4.0

   Cite work conducted with this code as

   • P.Pracht, F.Bohle, S.Grimme, PCCP, 2020, 22, 7169-7192.
   • S.Grimme, JCTC, 2019, 15, 2847-2862.

   and for works involving QCG as

   • S.Spicher, C.Plett, P.Pracht, A.Hansen, S.Grimme,
     JCTC, 2022, 18 (5), 3174-3189.

   with help from:
   C.Bannwarth, F.Bohle, S.Ehlert, S.Grimme,
   C.Plett, P.Pracht, S.Spicher

   This program is distributed in the hope that it will be useful,
   but WITHOUT ANY WARRANTY; without even the implied warranty of
   MERCHANTABILITY or FITNESS FOR A PARTICULAR PURPOSE.

 Command line input:
 > crest out.xyz --gfn 2 --chrg 0 -T 1 --noreftopo

  -gfn2 : Use of GFN2-xTB requested.
  --chrg 0
  -T 1 (CPUs/Threads selected)

 -------------------------
 xTB Geometry Optimization
 -------------------------
 Geometry successfully optimized.

------------------------------------------------
Generating MTD length from a flexibility measure
------------------------------------------------
 Calculating WBOs... done.
 Calculating NCI flexibility... done.
     covalent flexibility measure :   0.494
 non-covalent flexibility measure :   0.759
 flexibility measure :   0.513
 t(MTD) / ps    :     5.0
 Σ(t(MTD)) / ps :    70.0 (14 MTDs)

-------------------------------------
Starting a trial MTD to test settings
-------------------------------------
 Estimated runtime for one MTD (5.0 ps) on a single thread: 19 min 26 sec
 Estimated runtime for a batch of 14 MTDs on 1 threads: 4 h 32 min 5 sec

 list of Vbias parameters applied:
$metadyn    0.00300   1.300
$metadyn    0.00150   1.300
$metadyn    0.00075   1.300
$metadyn    0.00300   0.780
$metadyn    0.00150   0.780
$metadyn    0.00075   0.780
$metadyn    0.00300   0.468
$metadyn    0.00150   0.468
$metadyn    0.00075   0.468
$metadyn    0.00300   0.281
$metadyn    0.00150   0.281
$metadyn    0.00075   0.281
$metadyn    0.00100   0.100
$metadyn    0.00500   0.800

*******************************************************************************************
**                        N E W    I T E R A T I O N    C Y C L E                        **
*******************************************************************************************

========================================
            MTD Iteration  1
========================================

     ========================================
     |         Meta-MD (MTD) Sampling       |
     ========================================

Starting Meta-MD  14 with the settings:
     MD time /ps        :     5.0
     dt /fs             :     5.0
     dumpstep(trj) /fs  :     100
     dumpstep(Vbias)/ps :     1.0
     Vbias factor k /Eh :  0.0950
     Vbias exp α /bohr⁻²:    0.80
*Meta-MTD 14 finished*
Starting Meta-MD  13 with the settings:
     MD time /ps        :     5.0
     dt /fs             :     5.0
     dumpstep(trj) /fs  :     100
     dumpstep(Vbias)/ps :     1.0
     Vbias factor k /Eh :  0.0190
     Vbias exp α /bohr⁻²:    0.10
*Meta-MTD 13 finished*
Starting Meta-MD  12 with the settings:
     MD time /ps        :     5.0
     dt /fs             :     5.0
     dumpstep(trj) /fs  :     100
     dumpstep(Vbias)/ps :     1.0
     Vbias factor k /Eh :  0.0143
     Vbias exp α /bohr⁻²:    0.28
*Meta-MTD 12 finished*
Starting Meta-MD  11 with the settings:
     MD time /ps        :     5.0
     dt /fs             :     5.0
     dumpstep(trj) /fs  :     100
     dumpstep(Vbias)/ps :     1.0
     Vbias factor k /Eh :  0.0285
     Vbias exp α /bohr⁻²:    0.28
*Meta-MTD 11 finished*
Starting Meta-MD  10 with the settings:
     MD time /ps        :     5.0
     dt /fs             :     5.0
     dumpstep(trj) /fs  :     100
     dumpstep(Vbias)/ps :     1.0
     Vbias factor k /Eh :  0.0570
     Vbias exp α /bohr⁻²:    0.28
*Meta-MTD 10 finished*
Starting Meta-MD   9 with the settings:
     MD time /ps        :     5.0
     dt /fs             :     5.0
     dumpstep(trj) /fs  :     100
     dumpstep(Vbias)/ps :     1.0
     Vbias factor k /Eh :  0.0143
     Vbias exp α /bohr⁻²:    0.47
*Meta-MTD 9 finished*
Starting Meta-MD   8 with the settings:
     MD time /ps        :     5.0
     dt /fs             :     5.0
     dumpstep(trj) /fs  :     100
     dumpstep(Vbias)/ps :     1.0
     Vbias factor k /Eh :  0.0285
     Vbias exp α /bohr⁻²:    0.47
*Meta-MTD 8 finished*
Starting Meta-MD   7 with the settings:
     MD time /ps        :     5.0
     dt /fs             :     5.0
     dumpstep(trj) /fs  :     100
     dumpstep(Vbias)/ps :     1.0
     Vbias factor k /Eh :  0.0570
     Vbias exp α /bohr⁻²:    0.47
*Meta-MTD 7 finished*
Starting Meta-MD   6 with the settings:
     MD time /ps        :     5.0
     dt /fs             :     5.0
     dumpstep(trj) /fs  :     100
     dumpstep(Vbias)/ps :     1.0
     Vbias factor k /Eh :  0.0143
     Vbias exp α /bohr⁻²:    0.78
*Meta-MTD 6 finished*
Starting Meta-MD   5 with the settings:
     MD time /ps        :     5.0
     dt /fs             :     5.0
     dumpstep(trj) /fs  :     100
     dumpstep(Vbias)/ps :     1.0
     Vbias factor k /Eh :  0.0285
     Vbias exp α /bohr⁻²:    0.78
*Meta-MTD 5 finished*
Starting Meta-MD   4 with the settings:
     MD time /ps        :     5.0
     dt /fs             :     5.0
     dumpstep(trj) /fs  :     100
     dumpstep(Vbias)/ps :     1.0
     Vbias factor k /Eh :  0.0570
     Vbias exp α /bohr⁻²:    0.78
*Meta-MTD 4 finished*
Starting Meta-MD   3 with the settings:
     MD time /ps        :     5.0
     dt /fs             :     5.0
     dumpstep(trj) /fs  :     100
     dumpstep(Vbias)/ps :     1.0
     Vbias factor k /Eh :  0.0143
     Vbias exp α /bohr⁻²:    1.30
*Meta-MTD 3 finished*
Starting Meta-MD   2 with the settings:
     MD time /ps        :     5.0
     dt /fs             :     5.0
     dumpstep(trj) /fs  :     100
     dumpstep(Vbias)/ps :     1.0
     Vbias factor k /Eh :  0.0285
     Vbias exp α /bohr⁻²:    1.30
*Meta-MTD 2 finished*
Starting Meta-MD   1 with the settings:
     MD time /ps        :     5.0
     dt /fs             :     5.0
     dumpstep(trj) /fs  :     100
     dumpstep(Vbias)/ps :     1.0
     Vbias factor k /Eh :  0.0570
     Vbias exp α /bohr⁻²:    1.30
*Meta-MTD 1 finished*

-----------------------
Multilevel Optimization
-----------------------

 -------------------------
 1. crude pre-optimization
 -------------------------
 Optimizing all 686 structures from file "crest_rotamers_0.xyz" ...
 1 2 3 4 5 6 7 8 9 10 11 12 13 14 15 16 17 18 19 20 21 22 23 24 25 26 27 28 29 30 31 32 33 34 35 36 37 38 39 40 41 42 43 44 45 46 47 48 49 50 51 52 53 54 55 56 57 58 59 60 61 62 63 64 65 66 67 68 69 70 71 72 73 74 75 76 77 78 79 80 81 82 83 84 85 86 87 88 89 90 91 92 93 94 95 96 97 98 99 100 101 102 103 104 105 106 107 108 109 110 111 112 113 114 115 116 117 118 119 120 121 122 123 124 125 126 127 128 129 130 131 132 133 134 135 136 137 138 139 140 141 142 143 144 145 146 147 148 149 150 151 152 153 154 155 156 157 158 159 160 161 162 163 164 165 166 167 168 169 170 171 172 173 174 175 176 177 178 179 180 181 182 183 184 185 186 187 188 189 190 191 192 193 194 195 196 197 198 199 200 201 202 203 204 205 206 207 208 209 210 211 212 213 214 215 216 217 218 219 220 221 222 223 224 225 226 227 228 229 230 231 232 233 234 235 236 237 238 239 240 241 242 243 244 245 246 247 248 249 250 251 252 253 254 255 256 257 258 259 260 261 262 263 264 265 266 267 268 269 270 271 272 273 274 275 276 277 278 279 280 281 282 283 284 285 286 287 288 289 290 291 292 293 294 295 296 297 298 299 300 301 302 303 304 305 306 307 308 309 310 311 312 313 314 315 316 317 318 319 320 321 322 323 324 325 326 327 328 329 330 331 332 333 334 335 336 337 338 339 340 341 342 343 344 345 346 347 348 349 350 351 352 353 354 355 356 357 358 359 360 361 362 363 364 365 366 367 368 369 370 371 372 373 374 375 376 377 378 379 380 381 382 383 384 385 386 387 388 389 390 391 392 393 394 395 396 397 398 399 400 401 402 403 404 405 406 407 408 409 410 411 412 413 414 415 416 417 418 419 420 421 422 423 424 425 426 427 428 429 430 431 432 433 434 435 436 437 438 439 440 441 442 443 444 445 446 447 448 449 450 451 452 453 454 455 456 457 458 459 460 461 462 463 464 465 466 467 468 469 470 471 472 473 474 475 476 477 478 479 480 481 482 483 484 485 486 487 488 489 490 491 492 493 494 495 496 497 498 499 500 501 502 503 504 505 506 507 508 509 510 511 512 513 514 515 516 517 518 519 520 521 522 523 524 525 526 527 528 529 530 531 532 533 534 535 536 537 538 539 540 541 542 543 544 545 546 547 548 549 550 551 552 553 554 555 556 557 558 559 560 561 562 563 564 565 566 567 568 569 570 571 572 573 574 575 576 577 578 579 580 581 582 583 584 585 586 587 588 589 590 591 592 593 594 595 596 597 598 599 600 601 602 603 604 605 606 607 608 609 610 611 612 613 614 615 616 617 618 619 620 621 622 623 624 625 626 627 628 629 630 631 632 633 634 635 636 637 638 639 640 641 642 643 644 645 646 647 648 649 650 651 652 653 654 655 656 657 658 659 660 661 662 663 664 665 666 667 668 669 670 671 672 673 674 675 676 677 678 679 680 681 682 683 684 685 686
 done.
 running RMSDs...
 done.
 E lowest :   -32.10243
 505 structures remain within    12.00 kcal/mol window

 -------------------------------------
 2. optimization with tight thresholds
 -------------------------------------
 Optimizing all 506 structures from file "crest_rotamers_1.xyz" ...
 1 2 3 4 5 6 7 8 9 10 11 12 13 14 15 16 17 18 19 20 21 22 23 24 25 26 27 28 29 30 31 32 33 34 35 36 37 38 39 40 41 42 43 44 45 46 47 48 49 50 51 52 53 54 55 56 57 58 59 60 61 62 63 64 65 66 67 68 69 70 71 72 73 74 75 76 77 78 79 80 81 82 83 84 85 86 87 88 89 90 91 92 93 94 95 96 97 98 99 100 101 102 103 104 105 106 107 108 109 110 111 112 113 114 115 116 117 118 119 120 121 122 123 124 125 126 127 128 129 130 131 132 133 134 135 136 137 138 139 140 141 142 143 144 145 146 147 148 149 150 151 152 153 154 155 156 157 158 159 160 161 162 163 164 165 166 167 168 169 170 171 172 173 174 175 176 177 178 179 180 181 182 183 184 185 186 187 188 189 190 191 192 193 194 195 196 197 198 199 200 201 202 203 204 205 206 207 208 209 210 211 212 213 214 215 216 217 218 219 220 221 222 223 224 225 226 227 228 229 230 231 232 233 234 235 236 237 238 239 240 241 242 243 244 245 246 247 248 249 250 251 252 253 254 255 256 257 258 259 260 261 262 263 264 265 266 267 268 269 270 271 272 273 274 275 276 277 278 279 280 281 282 283 284 285 286 287 288 289 290 291 292 293 294 295 296 297 298 299 300 301 302 303 304 305 306 307 308 309 310 311 312 313 314 315 316 317 318 319 320 321 322 323 324 325 326 327 328 329 330 331 332 333 334 335 336 337 338 339 340 341 342 343 344 345 346 347 348 349 350 351 352 353 354 355 356 357 358 359 360 361 362 363 364 365 366 367 368 369 370 371 372 373 374 375 376 377 378 379 380 381 382 383 384 385 386 387 388 389 390 391 392 393 394 395 396 397 398 399 400 401 402 403 404 405 406 407 408 409 410 411 412 413 414 415 416 417 418 419 420 421 422 423 424 425 426 427 428 429 430 431 432 433 434 435 436 437 438 439 440 441 442 443 444 445 446 447 448 449 450 451 452 453 454 455 456 457 458 459 460 461 462 463 464 465 466 467 468 469 470 471 472 473 474 475 476 477 478 479 480 481 482 483 484 485 486 487 488 489 490 491 492 493 494 495 496 497 498 499 500 501 502 503 504 505 506
 done.
 running RMSDs...
 done.
 E lowest :   -32.10251
 179 structures remain within     6.00 kcal/mol window


========================================
            MTD Iteration  2
========================================

     ========================================
     |         Meta-MD (MTD) Sampling       |
     ========================================

Starting Meta-MD  12 with the settings:
     MD time /ps        :     5.0
     dt /fs             :     5.0
     dumpstep(trj) /fs  :     100
     dumpstep(Vbias)/ps :     1.0
     Vbias factor k /Eh :  0.0143
     Vbias exp α /bohr⁻²:    0.28
*Meta-MTD 12 finished*
Starting Meta-MD  11 with the settings:
     MD time /ps        :     5.0
     dt /fs             :     5.0
     dumpstep(trj) /fs  :     100
     dumpstep(Vbias)/ps :     1.0
     Vbias factor k /Eh :  0.0285
     Vbias exp α /bohr⁻²:    0.28
*Meta-MTD 11 finished*
Starting Meta-MD  10 with the settings:
     MD time /ps        :     5.0
     dt /fs             :     5.0
     dumpstep(trj) /fs  :     100
     dumpstep(Vbias)/ps :     1.0
     Vbias factor k /Eh :  0.0570
     Vbias exp α /bohr⁻²:    0.28
*Meta-MTD 10 finished*
Starting Meta-MD   9 with the settings:
     MD time /ps        :     5.0
     dt /fs             :     5.0
     dumpstep(trj) /fs  :     100
     dumpstep(Vbias)/ps :     1.0
     Vbias factor k /Eh :  0.0143
     Vbias exp α /bohr⁻²:    0.47
*Meta-MTD 9 finished*
Starting Meta-MD   8 with the settings:
     MD time /ps        :     5.0
     dt /fs             :     5.0
     dumpstep(trj) /fs  :     100
     dumpstep(Vbias)/ps :     1.0
     Vbias factor k /Eh :  0.0285
     Vbias exp α /bohr⁻²:    0.47
*Meta-MTD 8 finished*
Starting Meta-MD   7 with the settings:
     MD time /ps        :     5.0
     dt /fs             :     5.0
     dumpstep(trj) /fs  :     100
     dumpstep(Vbias)/ps :     1.0
     Vbias factor k /Eh :  0.0570
     Vbias exp α /bohr⁻²:    0.47
*Meta-MTD 7 finished*
Starting Meta-MD   6 with the settings:
     MD time /ps        :     5.0
     dt /fs             :     5.0
     dumpstep(trj) /fs  :     100
     dumpstep(Vbias)/ps :     1.0
     Vbias factor k /Eh :  0.0143
     Vbias exp α /bohr⁻²:    0.78
*Meta-MTD 6 finished*
Starting Meta-MD   5 with the settings:
     MD time /ps        :     5.0
     dt /fs             :     5.0
     dumpstep(trj) /fs  :     100
     dumpstep(Vbias)/ps :     1.0
     Vbias factor k /Eh :  0.0285
     Vbias exp α /bohr⁻²:    0.78
*Meta-MTD 5 finished*
Starting Meta-MD   4 with the settings:
     MD time /ps        :     5.0
     dt /fs             :     5.0
     dumpstep(trj) /fs  :     100
     dumpstep(Vbias)/ps :     1.0
     Vbias factor k /Eh :  0.0570
     Vbias exp α /bohr⁻²:    0.78
*Meta-MTD 4 finished*
Starting Meta-MD   3 with the settings:
     MD time /ps        :     5.0
     dt /fs             :     5.0
     dumpstep(trj) /fs  :     100
     dumpstep(Vbias)/ps :     1.0
     Vbias factor k /Eh :  0.0143
     Vbias exp α /bohr⁻²:    1.30
*Meta-MTD 3 finished*
Starting Meta-MD   2 with the settings:
     MD time /ps        :     5.0
     dt /fs             :     5.0
     dumpstep(trj) /fs  :     100
     dumpstep(Vbias)/ps :     1.0
     Vbias factor k /Eh :  0.0285
     Vbias exp α /bohr⁻²:    1.30
*Meta-MTD 2 finished*
Starting Meta-MD   1 with the settings:
     MD time /ps        :     5.0
     dt /fs             :     5.0
     dumpstep(trj) /fs  :     100
     dumpstep(Vbias)/ps :     1.0
     Vbias factor k /Eh :  0.0570
     Vbias exp α /bohr⁻²:    1.30
*Meta-MTD 1 finished*

-----------------------
Multilevel Optimization
-----------------------

 -------------------------
 1. crude pre-optimization
 -------------------------
 Optimizing all 588 structures from file "crest_rotamers_0.xyz" ...
 1 2 3 4 5 6 7 8 9 10 11 12 13 14 15 16 17 18 19 20 21 22 23 24 25 26 27 28 29 30 31 32 33 34 35 36 37 38 39 40 41 42 43 44 45 46 47 48 49 50 51 52 53 54 55 56 57 58 59 60 61 62 63 64 65 66 67 68 69 70 71 72 73 74 75 76 77 78 79 80 81 82 83 84 85 86 87 88 89 90 91 92 93 94 95 96 97 98 99 100 101 102 103 104 105 106 107 108 109 110 111 112 113 114 115 116 117 118 119 120 121 122 123 124 125 126 127 128 129 130 131 132 133 134 135 136 137 138 139 140 141 142 143 144 145 146 147 148 149 150 151 152 153 154 155 156 157 158 159 160 161 162 163 164 165 166 167 168 169 170 171 172 173 174 175 176 177 178 179 180 181 182 183 184 185 186 187 188 189 190 191 192 193 194 195 196 197 198 199 200 201 202 203 204 205 206 207 208 209 210 211 212 213 214 215 216 217 218 219 220 221 222 223 224 225 226 227 228 229 230 231 232 233 234 235 236 237 238 239 240 241 242 243 244 245 246 247 248 249 250 251 252 253 254 255 256 257 258 259 260 261 262 263 264 265 266 267 268 269 270 271 272 273 274 275 276 277 278 279 280 281 282 283 284 285 286 287 288 289 290 291 292 293 294 295 296 297 298 299 300 301 302 303 304 305 306 307 308 309 310 311 312 313 314 315 316 317 318 319 320 321 322 323 324 325 326 327 328 329 330 331 332 333 334 335 336 337 338 339 340 341 342 343 344 345 346 347 348 349 350 351 352 353 354 355 356 357 358 359 360 361 362 363 364 365 366 367 368 369 370 371 372 373 374 375 376 377 378 379 380 381 382 383 384 385 386 387 388 389 390 391 392 393 394 395 396 397 398 399 400 401 402 403 404 405 406 407 408 409 410 411 412 413 414 415 416 417 418 419 420 421 422 423 424 425 426 427 428 429 430 431 432 433 434 435 436 437 438 439 440 441 442 443 444 445 446 447 448 449 450 451 452 453 454 455 456 457 458 459 460 461 462 463 464 465 466 467 468 469 470 471 472 473 474 475 476 477 478 479 480 481 482 483 484 485 486 487 488 489 490 491 492 493 494 495 496 497 498 499 500 501 502 503 504 505 506 507 508 509 510 511 512 513 514 515 516 517 518 519 520 521 522 523 524 525 526 527 528 529 530 531 532 533 534 535 536 537 538 539 540 541 542 543 544 545 546 547 548 549 550 551 552 553 554 555 556 557 558 559 560 561 562 563 564 565 566 567 568 569 570 571 572 573 574 575 576 577 578 579 580 581 582 583 584 585 586 587 588
 done.
 running RMSDs...
 done.
 E lowest :   -32.10239
 436 structures remain within    12.00 kcal/mol window

 -------------------------------------
 2. optimization with tight thresholds
 -------------------------------------
 Optimizing all 437 structures from file "crest_rotamers_1.xyz" ...
 1 2 3 4 5 6 7 8 9 10 11 12 13 14 15 16 17 18 19 20 21 22 23 24 25 26 27 28 29 30 31 32 33 34 35 36 37 38 39 40 41 42 43 44 45 46 47 48 49 50 51 52 53 54 55 56 57 58 59 60 61 62 63 64 65 66 67 68 69 70 71 72 73 74 75 76 77 78 79 80 81 82 83 84 85 86 87 88 89 90 91 92 93 94 95 96 97 98 99 100 101 102 103 104 105 106 107 108 109 110 111 112 113 114 115 116 117 118 119 120 121 122 123 124 125 126 127 128 129 130 131 132 133 134 135 136 137 138 139 140 141 142 143 144 145 146 147 148 149 150 151 152 153 154 155 156 157 158 159 160 161 162 163 164 165 166 167 168 169 170 171 172 173 174 175 176 177 178 179 180 181 182 183 184 185 186 187 188 189 190 191 192 193 194 195 196 197 198 199 200 201 202 203 204 205 206 207 208 209 210 211 212 213 214 215 216 217 218 219 220 221 222 223 224 225 226 227 228 229 230 231 232 233 234 235 236 237 238 239 240 241 242 243 244 245 246 247 248 249 250 251 252 253 254 255 256 257 258 259 260 261 262 263 264 265 266 267 268 269 270 271 272 273 274 275 276 277 278 279 280 281 282 283 284 285 286 287 288 289 290 291 292 293 294 295 296 297 298 299 300 301 302 303 304 305 306 307 308 309 310 311 312 313 314 315 316 317 318 319 320 321 322 323 324 325 326 327 328 329 330 331 332 333 334 335 336 337 338 339 340 341 342 343 344 345 346 347 348 349 350 351 352 353 354 355 356 357 358 359 360 361 362 363 364 365 366 367 368 369 370 371 372 373 374 375 376 377 378 379 380 381 382 383 384 385 386 387 388 389 390 391 392 393 394 395 396 397 398 399 400 401 402 403 404 405 406 407 408 409 410 411 412 413 414 415 416 417 418 419 420 421 422 423 424 425 426 427 428 429 430 431 432 433 434 435 436 437
 done.
 running RMSDs...
 done.
 E lowest :   -32.10251
 144 structures remain within     6.00 kcal/mol window

========================================
            MTD Iterations done         
========================================
 Collecting ensmbles.
 running RMSDs...
 done.
 E lowest :   -32.10251
 251 structures remain within     6.00 kcal/mol window

 -------------------------------
 Additional orientation sampling
 -------------------------------
 Optimizing all 228 structures from file "oh_ensemble.xyz" ...
 1 2 3 4 5 6 7 8 9 10 11 12 13 14 15 16 17 18 19 20 21 22 23 24 25 26 27 28 29 30 31 32 33 34 35 36 37 38 39 40 41 42 43 44 45 46 47 48 49 50 51 52 53 54 55 56 57 58 59 60 61 62 63 64 65 66 67 68 69 70 71 72 73 74 75 76 77 78 79 80 81 82 83 84 85 86 87 88 89 90 91 92 93 94 95 96 97 98 99 100 101 102 103 104 105 106 107 108 109 110 111 112 113 114 115 116 117 118 119 120 121 122 123 124 125 126 127 128 129 130 131 132 133 134 135 136 137 138 139 140 141 142 143 144 145 146 147 148 149 150 151 152 153 154 155 156 157 158 159 160 161 162 163 164 165 166 167 168 169 170 171 172 173 174 175 176 177 178 179 180 181 182 183 184 185 186 187 188 189 190 191 192 193 194 195 196 197 198 199 200 201 202 203 204 205 206 207 208 209 210 211 212 213 214 215 216 217 218 219 220 221 222 223 224 225 226 227 228
 done.
 running RMSDs...
 done.
 E lowest :   -32.10251
 289 structures remain within     6.00 kcal/mol window

-----------------------------------------------
Additional regular MDs on lowest 4 conformer(s)
-----------------------------------------------
Starting MD   8 with the settings:
     MD time /ps        :     2.5
     MD Temperature /K  :   500.0
     dt /fs             :     5.0
     dumpstep(trj) /fs  :     100
*MD 8 finished*
Starting MD   7 with the settings:
     MD time /ps        :     2.5
     MD Temperature /K  :   400.0
     dt /fs             :     5.0
     dumpstep(trj) /fs  :     100
*MD 7 finished*
Starting MD   6 with the settings:
     MD time /ps        :     2.5
     MD Temperature /K  :   500.0
     dt /fs             :     5.0
     dumpstep(trj) /fs  :     100
*MD 6 finished*
Starting MD   5 with the settings:
     MD time /ps        :     2.5
     MD Temperature /K  :   400.0
     dt /fs             :     5.0
     dumpstep(trj) /fs  :     100
*MD 5 finished*
Starting MD   4 with the settings:
     MD time /ps        :     2.5
     MD Temperature /K  :   500.0
     dt /fs             :     5.0
     dumpstep(trj) /fs  :     100
*MD 4 finished*
Starting MD   3 with the settings:
     MD time /ps        :     2.5
     MD Temperature /K  :   400.0
     dt /fs             :     5.0
     dumpstep(trj) /fs  :     100
*MD 3 finished*
Starting MD   2 with the settings:
     MD time /ps        :     2.5
     MD Temperature /K  :   500.0
     dt /fs             :     5.0
     dumpstep(trj) /fs  :     100
*MD 2 finished*
Starting MD   1 with the settings:
     MD time /ps        :     2.5
     MD Temperature /K  :   400.0
     dt /fs             :     5.0
     dumpstep(trj) /fs  :     100
*MD 1 finished*
 Appending file crest_rotamers_2.xyz with new structures

 -------------------------------------------
 Ensemble optimization with tight thresholds
 -------------------------------------------
 Optimizing all 481 structures from file "crest_rotamers_2.xyz" ...
 1 2 3 4 5 6 7 8 9 10 11 12 13 14 15 16 17 18 19 20 21 22 23 24 25 26 27 28 29 30 31 32 33 34 35 36 37 38 39 40 41 42 43 44 45 46 47 48 49 50 51 52 53 54 55 56 57 58 59 60 61 62 63 64 65 66 67 68 69 70 71 72 73 74 75 76 77 78 79 80 81 82 83 84 85 86 87 88 89 90 91 92 93 94 95 96 97 98 99 100 101 102 103 104 105 106 107 108 109 110 111 112 113 114 115 116 117 118 119 120 121 122 123 124 125 126 127 128 129 130 131 132 133 134 135 136 137 138 139 140 141 142 143 144 145 146 147 148 149 150 151 152 153 154 155 156 157 158 159 160 161 162 163 164 165 166 167 168 169 170 171 172 173 174 175 176 177 178 179 180 181 182 183 184 185 186 187 188 189 190 191 192 193 194 195 196 197 198 199 200 201 202 203 204 205 206 207 208 209 210 211 212 213 214 215 216 217 218 219 220 221 222 223 224 225 226 227 228 229 230 231 232 233 234 235 236 237 238 239 240 241 242 243 244 245 246 247 248 249 250 251 252 253 254 255 256 257 258 259 260 261 262 263 264 265 266 267 268 269 270 271 272 273 274 275 276 277 278 279 280 281 282 283 284 285 286 287 288 289 290 291 292 293 294 295 296 297 298 299 300 301 302 303 304 305 306 307 308 309 310 311 312 313 314 315 316 317 318 319 320 321 322 323 324 325 326 327 328 329 330 331 332 333 334 335 336 337 338 339 340 341 342 343 344 345 346 347 348 349 350 351 352 353 354 355 356 357 358 359 360 361 362 363 364 365 366 367 368 369 370 371 372 373 374 375 376 377 378 379 380 381 382 383 384 385 386 387 388 389 390 391 392 393 394 395 396 397 398 399 400 401 402 403 404 405 406 407 408 409 410 411 412 413 414 415 416 417 418 419 420 421 422 423 424 425 426 427 428 429 430 431 432 433 434 435 436 437 438 439 440 441 442 443 444 445 446 447 448 449 450 451 452 453 454 455 456 457 458 459 460 461 462 463 464 465 466 467 468 469 470 471 472 473 474 475 476 477 478 479 480 481
 done.
 running RMSDs...
 done.
 E lowest :   -32.10251
 290 structures remain within     6.00 kcal/mol window


     ========================================
     |        Structure Crossing (GC)       |
     ========================================
 =============================
  # threads =           1
 =============================
 input  file name : crest_rotamers_4.xyz
number of atoms                :    19
number of points on xyz files  :   290
conformer energy window  /kcal :    6.00
CN per atom difference cut-off :  0.3000
RMSD threshold                 :  0.2500
max. # of generated structures : 250
 reading xyz file ...
 # in E window                290
 generating pairs ...       42194
  34.5 % done
  69.0 % done
 generated pairs           :         198
 number of clash discarded :       41707
 average rmsd w.r.t input  : 1.23521
 sd of ensemble            : 0.65211
 number of new structures      :          46
 removed identical structures  :         152
 writing           46  TMPCONF* dirs ...
 --------------------------
 GC: loose pre-optimization
 --------------------------
 Starting optimization of generated structures
 46 jobs to do.
 1 2 3 4 5 6 7 8 9 10 11 12 13 14 15 16 17 18 19 20 21 22 23 24 25 26 27 28 29 30 31 32 33 34 35 36 37 38 39 40 41 42 43 44 45 46 
 done.
 Now appending opt.xyz file with new structures
 running RMSDs...
 done.
 E lowest :   -32.10248
 36 structures remain within    10.00 kcal/mol window
 --------------------------------------
 GC: optimization with tight thresholds
 --------------------------------------
 Optimizing all 36 structures from file "crest_rotamers_1.xyz" ...
 1 2 3 4 5 6 7 8 9 10 11 12 13 14 15 16 17 18 19 20 21 22 23 24 25 26 27 28 29 30 31 32 33 34 35 36
 done.
 running RMSDs...
 done.
 E lowest :   -32.10251


   ================================================
   |           Final Geometry Optimization        |
   ================================================
 ------------------------------------------------
 Ensemble optimization with very tight thresholds
 ------------------------------------------------
 Optimizing all 292 structures from file "crest_rotamers_5.xyz" ...
 1 2 3 4 5 6 7 8 9 10 11 12 13 14 15 16 17 18 19 20 21 22 23 24 25 26 27 28 29 30 31 32 33 34 35 36 37 38 39 40 41 42 43 44 45 46 47 48 49 50 51 52 53 54 55 56 57 58 59 60 61 62 63 64 65 66 67 68 69 70 71 72 73 74 75 76 77 78 79 80 81 82 83 84 85 86 87 88 89 90 91 92 93 94 95 96 97 98 99 100 101 102 103 104 105 106 107 108 109 110 111 112 113 114 115 116 117 118 119 120 121 122 123 124 125 126 127 128 129 130 131 132 133 134 135 136 137 138 139 140 141 142 143 144 145 146 147 148 149 150 151 152 153 154 155 156 157 158 159 160 161 162 163 164 165 166 167 168 169 170 171 172 173 174 175 176 177 178 179 180 181 182 183 184 185 186 187 188 189 190 191 192 193 194 195 196 197 198 199 200 201 202 203 204 205 206 207 208 209 210 211 212 213 214 215 216 217 218 219 220 221 222 223 224 225 226 227 228 229 230 231 232 233 234 235 236 237 238 239 240 241 242 243 244 245 246 247 248 249 250 251 252 253 254 255 256 257 258 259 260 261 262 263 264 265 266 267 268 269 270 271 272 273 274 275 276 277 278 279 280 281 282 283 284 285 286 287 288 289 290 291 292
 done.
 running RMSDs...
 done.
 E lowest :   -32.10251
 289 structures remain within     6.00 kcal/mol window

 input  file name : crest_rotamers_6.xyz
 output file name : crest_rotamers_7.xyz
 number of atoms                :   19
 number of points on xyz files  :   292
 RMSD threshold                 :   0.1250
 Bconst threshold               :   0.0100
 population threshold           :   0.0500
 conformer energy window  /kcal :   6.0000
 # fragment in coord            :     1
 # bonds in reference structure :    18
 number of reliable points      :   292
 reference state Etot :  -32.102509210000001
 number of doubles removed by rot/RMSD         :           3
 total number unique points considered further :         289
       Erel/kcal        Etot weight/tot  conformer     set   degen     origin
       1   0.000   -32.10251    0.07584    0.30332       1       4     mtd7
       2   0.000   -32.10251    0.07584                                hor
       3   0.000   -32.10251    0.07582                                mtd8
       4   0.000   -32.10251    0.07582                                mtd2
       5   0.291   -32.10205    0.04644    0.18574       2       4     mtd2
       6   0.291   -32.10205    0.04644                                mtd1
       7   0.291   -32.10205    0.04644                                hor
       8   0.291   -32.10205    0.04643                                hor
       9   0.343   -32.10196    0.04255    0.17020       3       4     mtd1
      10   0.343   -32.10196    0.04255                                hor
      11   0.343   -32.10196    0.04255                                hor
      12   0.343   -32.10196    0.04255                                hor
      13   0.466   -32.10177    0.03458    0.10375       4       3     hor
      14   0.466   -32.10177    0.03458                                hor
      15   0.466   -32.10177    0.03458                                hor
      16   1.315   -32.10041    0.00825    0.02475       5       3     gc
      17   1.315   -32.10041    0.00825                                mtd7
      18   1.315   -32.10041    0.00825                                hor
      19   1.381   -32.10031    0.00739    0.02218       6       3     hor
      20   1.381   -32.10031    0.00739                                hor
      21   1.381   -32.10031    0.00739                                hor
      22   1.454   -32.10019    0.00653    0.01958       7       3     mtd5
      23   1.454   -32.10019    0.00653                                mtd10
      24   1.454   -32.10019    0.00653                                mtd2
      25   1.494   -32.10013    0.00611    0.01833       8       3     hor
      26   1.494   -32.10013    0.00611                                mtd3
      27   1.494   -32.10013    0.00611                                mtd2
      28   1.581   -32.09999    0.00527    0.01582       9       3     mtd10
      29   1.581   -32.09999    0.00527                                mtd7
      30   1.581   -32.09999    0.00527                                mtd2
      31   1.601   -32.09996    0.00510    0.01020      10       2     hor
      32   1.601   -32.09996    0.00510                                hor
      33   1.610   -32.09994    0.00502    0.01506      11       3     mtd14
      34   1.610   -32.09994    0.00502                                hor
      35   1.610   -32.09994    0.00502                                mtd2
      36   1.731   -32.09975    0.00410    0.01229      12       3     mtd9
      37   1.731   -32.09975    0.00410                                md7
      38   1.731   -32.09975    0.00410                                hor
      39   1.862   -32.09954    0.00328    0.00985      13       3     md8
      40   1.862   -32.09954    0.00328                                hor
      41   1.862   -32.09954    0.00328                                mtd4
      42   1.884   -32.09951    0.00316    0.00633      14       2     hor
      43   1.884   -32.09951    0.00316                                hor
      44   1.947   -32.09941    0.00284    0.00569      15       2     hor
      45   1.947   -32.09941    0.00284                                hor
      46   1.959   -32.09939    0.00279    0.00836      16       3     hor
      47   1.959   -32.09939    0.00279                                hor
      48   1.959   -32.09939    0.00279                                hor
      49   2.011   -32.09931    0.00256    0.00511      17       2     gc
      50   2.011   -32.09930    0.00255                                mtd2
      51   2.038   -32.09926    0.00244    0.00975      18       4     hor
      52   2.038   -32.09926    0.00244                                mtd13
      53   2.038   -32.09926    0.00244                                mtd5
      54   2.039   -32.09926    0.00244                                mtd12
      55   2.188   -32.09902    0.00189    0.00568      19       3     hor
      56   2.188   -32.09902    0.00189                                mtd6
      57   2.188   -32.09902    0.00189                                mtd10
      58   2.437   -32.09863    0.00124    0.00498      20       4     mtd14
      59   2.437   -32.09863    0.00124                                mtd7
      60   2.437   -32.09863    0.00124                                hor
      61   2.437   -32.09863    0.00124                                mtd10
      62   2.468   -32.09858    0.00118    0.00236      21       2     hor
      63   2.468   -32.09858    0.00118                                hor
      64   2.516   -32.09850    0.00109    0.00436      22       4     hor
      65   2.516   -32.09850    0.00109                                hor
      66   2.516   -32.09850    0.00109                                mtd10
      67   2.516   -32.09850    0.00109                                hor
      68   2.519   -32.09849    0.00108    0.00217      23       2     mtd1
      69   2.519   -32.09849    0.00108                                hor
      70   2.536   -32.09847    0.00105    0.00422      24       4     hor
      71   2.536   -32.09847    0.00105                                hor
      72   2.536   -32.09847    0.00105                                hor
      73   2.536   -32.09847    0.00105                                hor
      74   2.664   -32.09826    0.00085    0.00085      25       1     mtd11
      75   2.672   -32.09825    0.00084    0.00168      26       2     hor
      76   2.672   -32.09825    0.00084                                hor
      77   2.779   -32.09808    0.00070    0.00210      27       3     hor
      78   2.779   -32.09808    0.00070                                hor
      79   2.779   -32.09808    0.00070                                hor
      80   2.795   -32.09806    0.00068    0.00204      28       3     mtd1
      81   2.795   -32.09806    0.00068                                hor
      82   2.795   -32.09806    0.00068                                mtd10
      83   2.849   -32.09797    0.00062    0.00186      29       3     hor
      84   2.849   -32.09797    0.00062                                hor
      85   2.849   -32.09797    0.00062                                hor
      86   2.868   -32.09794    0.00060    0.00241      30       4     mtd1
      87   2.868   -32.09794    0.00060                                hor
      88   2.868   -32.09794    0.00060                                hor
      89   2.868   -32.09794    0.00060                                mtd1
      90   2.974   -32.09777    0.00050    0.00101      31       2     mtd7
      91   2.974   -32.09777    0.00050                                hor
      92   2.982   -32.09776    0.00050    0.00149      32       3     mtd12
      93   2.982   -32.09776    0.00050                                mtd8
      94   2.982   -32.09776    0.00050                                mtd4
      95   2.993   -32.09774    0.00049    0.00146      33       3     hor
      96   2.993   -32.09774    0.00049                                hor
      97   2.993   -32.09774    0.00049                                mtd10
      98   3.064   -32.09763    0.00043    0.00173      34       4     hor
      99   3.064   -32.09763    0.00043                                hor
     100   3.064   -32.09763    0.00043                                hor
     101   3.064   -32.09763    0.00043                                hor
     102   3.143   -32.09750    0.00038    0.00076      35       2     mtd11
     103   3.143   -32.09750    0.00038                                hor
     104   3.183   -32.09744    0.00035    0.00106      36       3     mtd1
     105   3.183   -32.09744    0.00035                                hor
     106   3.183   -32.09744    0.00035                                mtd7
     107   3.233   -32.09736    0.00033    0.00098      37       3     hor
     108   3.233   -32.09736    0.00033                                hor
     109   3.233   -32.09736    0.00033                                mtd12
     110   3.359   -32.09716    0.00026    0.00026      38       1     hor
     111   3.415   -32.09707    0.00024    0.00072      39       3     hor
     112   3.416   -32.09707    0.00024                                hor
     113   3.416   -32.09707    0.00024                                mtd7
     114   3.418   -32.09706    0.00024    0.00024      40       1     mtd4
     115   3.440   -32.09703    0.00023    0.00069      41       3     hor
     116   3.440   -32.09703    0.00023                                mtd1
     117   3.440   -32.09703    0.00023                                mtd11
     118   3.454   -32.09701    0.00022    0.00067      42       3     mtd10
     119   3.454   -32.09701    0.00022                                hor
     120   3.454   -32.09701    0.00022                                mtd5
     121   3.503   -32.09693    0.00021    0.00021      43       1     mtd7
     122   3.566   -32.09683    0.00019    0.00056      44       3     mtd9
     123   3.566   -32.09683    0.00019                                hor
     124   3.566   -32.09683    0.00019                                mtd11
     125   3.607   -32.09676    0.00017    0.00035      45       2     mtd8
     126   3.607   -32.09676    0.00017                                hor
     127   3.607   -32.09676    0.00017    0.00069      46       4     hor
     128   3.607   -32.09676    0.00017                                hor
     129   3.607   -32.09676    0.00017                                mtd13
     130   3.607   -32.09676    0.00017                                hor
     131   3.707   -32.09660    0.00015    0.00015      47       1     hor
     132   3.737   -32.09655    0.00014    0.00042      48       3     hor
     133   3.737   -32.09655    0.00014                                mtd14
     134   3.738   -32.09655    0.00014                                mtd7
     135   3.773   -32.09650    0.00013    0.00026      49       2     mtd2
     136   3.773   -32.09650    0.00013                                mtd12
     137   3.811   -32.09644    0.00012    0.00025      50       2     hor
     138   3.811   -32.09644    0.00012                                mtd10
     139   3.820   -32.09642    0.00012    0.00024      51       2     hor
     140   3.820   -32.09642    0.00012                                mtd10
     141   3.924   -32.09626    0.00010    0.00030      52       3     hor
     142   3.924   -32.09626    0.00010                                hor
     143   3.924   -32.09626    0.00010                                mtd8
     144   3.961   -32.09620    0.00010    0.00029      53       3     mtd10
     145   3.961   -32.09620    0.00010                                mtd14
     146   3.961   -32.09620    0.00010                                mtd9
     147   4.003   -32.09613    0.00009    0.00018      54       2     hor
     148   4.003   -32.09613    0.00009                                hor
     149   4.050   -32.09605    0.00008    0.00033      55       4     hor
     150   4.050   -32.09605    0.00008                                mtd2
     151   4.051   -32.09605    0.00008                                mtd3
     152   4.051   -32.09605    0.00008                                mtd14
     153   4.054   -32.09605    0.00008    0.00008      56       1     mtd7
     154   4.093   -32.09599    0.00008    0.00015      57       2     hor
     155   4.093   -32.09599    0.00008                                hor
     156   4.093   -32.09599    0.00008    0.00023      58       3     mtd8
     157   4.093   -32.09599    0.00008                                mtd10
     158   4.093   -32.09599    0.00008                                mtd2
     159   4.099   -32.09598    0.00008    0.00015      59       2     hor
     160   4.099   -32.09598    0.00008                                mtd10
     161   4.215   -32.09579    0.00006    0.00012      60       2     hor
     162   4.215   -32.09579    0.00006                                mtd2
     163   4.227   -32.09577    0.00006    0.00018      61       3     mtd1
     164   4.227   -32.09577    0.00006                                hor
     165   4.227   -32.09577    0.00006                                mtd11
     166   4.255   -32.09573    0.00006    0.00017      62       3     hor
     167   4.255   -32.09573    0.00006                                mtd10
     168   4.256   -32.09573    0.00006                                hor
     169   4.303   -32.09565    0.00005    0.00016      63       3     mtd1
     170   4.303   -32.09565    0.00005                                hor
     171   4.303   -32.09565    0.00005                                mtd1
     172   4.314   -32.09563    0.00005    0.00011      64       2     hor
     173   4.314   -32.09563    0.00005                                mtd6
     174   4.315   -32.09563    0.00005    0.00016      65       3     mtd6
     175   4.315   -32.09563    0.00005                                hor
     176   4.315   -32.09563    0.00005                                hor
     177   4.317   -32.09563    0.00005    0.00016      66       3     mtd10
     178   4.317   -32.09563    0.00005                                mtd14
     179   4.317   -32.09563    0.00005                                mtd3
     180   4.337   -32.09560    0.00005    0.00015      67       3     mtd9
     181   4.338   -32.09560    0.00005                                mtd4
     182   4.338   -32.09560    0.00005                                mtd1
     183   4.376   -32.09554    0.00005    0.00009      68       2     mtd2
     184   4.376   -32.09554    0.00005                                mtd6
     185   4.392   -32.09551    0.00005    0.00014      69       3     hor
     186   4.392   -32.09551    0.00005                                hor
     187   4.392   -32.09551    0.00005                                mtd8
     188   4.426   -32.09546    0.00004    0.00004      70       1     hor
     189   4.446   -32.09542    0.00004    0.00013      71       3     hor
     190   4.447   -32.09542    0.00004                                hor
     191   4.447   -32.09542    0.00004                                mtd10
     192   4.477   -32.09538    0.00004    0.00004      72       1     hor
     193   4.490   -32.09535    0.00004    0.00008      73       2     hor
     194   4.490   -32.09535    0.00004                                hor
     195   4.542   -32.09527    0.00004    0.00014      74       4     mtd14
     196   4.542   -32.09527    0.00004                                mtd2
     197   4.542   -32.09527    0.00004                                mtd8
     198   4.543   -32.09527    0.00004                                mtd14
     199   4.668   -32.09507    0.00003    0.00006      75       2     mtd4
     200   4.668   -32.09507    0.00003                                mtd11
     201   4.675   -32.09506    0.00003    0.00009      76       3     hor
     202   4.675   -32.09506    0.00003                                hor
     203   4.675   -32.09506    0.00003                                mtd8
     204   4.717   -32.09499    0.00003    0.00008      77       3     mtd12
     205   4.717   -32.09499    0.00003                                mtd1
     206   4.717   -32.09499    0.00003                                mtd4
     207   4.757   -32.09493    0.00002    0.00005      78       2     hor
     208   4.758   -32.09493    0.00002                                hor
     209   4.792   -32.09487    0.00002    0.00005      79       2     hor
     210   4.792   -32.09487    0.00002                                hor
     211   4.808   -32.09485    0.00002    0.00005      80       2     mtd1
     212   4.808   -32.09485    0.00002                                mtd6
     213   4.808   -32.09485    0.00002    0.00007      81       3     mtd10
     214   4.808   -32.09485    0.00002                                hor
     215   4.808   -32.09485    0.00002                                hor
     216   4.830   -32.09481    0.00002    0.00007      82       3     mtd1
     217   4.831   -32.09481    0.00002                                mtd8
     218   4.831   -32.09481    0.00002                                mtd2
     219   4.833   -32.09481    0.00002    0.00004      83       2     mtd14
     220   4.833   -32.09481    0.00002                                mtd14
     221   4.864   -32.09476    0.00002    0.00002      84       1     mtd6
     222   4.873   -32.09474    0.00002    0.00006      85       3     mtd14
     223   4.873   -32.09474    0.00002                                hor
     224   4.874   -32.09474    0.00002                                mtd1
     225   4.893   -32.09471    0.00002    0.00002      86       1     mtd1
     226   4.908   -32.09469    0.00002    0.00002      87       1     hor
     227   4.940   -32.09464    0.00002    0.00004      88       2     mtd12
     228   4.940   -32.09464    0.00002                                mtd1
     229   5.071   -32.09443    0.00001    0.00001      89       1     hor
     230   5.072   -32.09443    0.00001    0.00001      90       1     mtd4
     231   5.113   -32.09436    0.00001    0.00004      91       3     hor
     232   5.113   -32.09436    0.00001                                mtd10
     233   5.113   -32.09436    0.00001                                mtd7
     234   5.114   -32.09436    0.00001    0.00003      92       2     mtd14
     235   5.114   -32.09436    0.00001                                mtd7
     236   5.117   -32.09435    0.00001    0.00004      93       3     hor
     237   5.117   -32.09435    0.00001                                hor
     238   5.117   -32.09435    0.00001                                mtd7
     239   5.148   -32.09430    0.00001    0.00003      94       2     hor
     240   5.149   -32.09430    0.00001                                mtd9
     241   5.221   -32.09419    0.00001    0.00002      95       2     hor
     242   5.221   -32.09419    0.00001                                hor
     243   5.248   -32.09415    0.00001    0.00003      96       3     mtd10
     244   5.248   -32.09415    0.00001                                mtd4
     245   5.248   -32.09415    0.00001                                mtd4
     246   5.250   -32.09414    0.00001    0.00001      97       1     hor
     247   5.266   -32.09412    0.00001    0.00003      98       3     hor
     248   5.266   -32.09412    0.00001                                hor
     249   5.266   -32.09412    0.00001                                hor
     250   5.270   -32.09411    0.00001    0.00002      99       2     hor
     251   5.270   -32.09411    0.00001                                hor
     252   5.277   -32.09410    0.00001    0.00002     100       2     mtd4
     253   5.277   -32.09410    0.00001                                mtd11
     254   5.303   -32.09406    0.00001    0.00002     101       2     hor
     255   5.304   -32.09406    0.00001                                hor
     256   5.307   -32.09405    0.00001    0.00002     102       2     mtd3
     257   5.307   -32.09405    0.00001                                mtd10
     258   5.347   -32.09399    0.00001    0.00001     103       1     hor
     259   5.381   -32.09393    0.00001    0.00002     104       2     hor
     260   5.381   -32.09393    0.00001                                hor
     261   5.387   -32.09392    0.00001    0.00001     105       1     mtd10
     262   5.418   -32.09387    0.00001    0.00002     106       3     mtd6
     263   5.418   -32.09387    0.00001                                hor
     264   5.418   -32.09387    0.00001                                mtd4
     265   5.439   -32.09384    0.00001    0.00001     107       1     hor
     266   5.454   -32.09382    0.00001    0.00002     108       3     mtd8
     267   5.454   -32.09382    0.00001                                hor
     268   5.455   -32.09382    0.00001                                mtd1
     269   5.709   -32.09341    0.00001    0.00002     109       4     hor
     270   5.709   -32.09341    0.00001                                hor
     271   5.709   -32.09341    0.00001                                hor
     272   5.709   -32.09341    0.00000                                mtd7
     273   5.760   -32.09333    0.00000    0.00001     110       2     mtd6
     274   5.760   -32.09333    0.00000                                hor
     275   5.781   -32.09330    0.00000    0.00001     111       2     hor
     276   5.781   -32.09330    0.00000                                mtd10
     277   5.820   -32.09324    0.00000    0.00001     112       3     hor
     278   5.820   -32.09324    0.00000                                hor
     279   5.820   -32.09324    0.00000                                hor
     280   5.840   -32.09320    0.00000    0.00001     113       3     hor
     281   5.840   -32.09320    0.00000                                mtd11
     282   5.840   -32.09320    0.00000                                hor
     283   5.842   -32.09320    0.00000    0.00000     114       1     mtd7
     284   5.922   -32.09307    0.00000    0.00000     115       1     mtd7
     285   5.934   -32.09305    0.00000    0.00001     116       2     hor
     286   5.934   -32.09305    0.00000                                mtd10
     287   5.985   -32.09297    0.00000    0.00001     117       3     mtd11
     288   5.985   -32.09297    0.00000                                mtd11
     289   5.985   -32.09297    0.00000                                hor
T /K                                  :   298.15
E lowest                              :   -32.10251
ensemble average energy (kcal)        :    0.610
ensemble entropy (J/mol K, cal/mol K) :   29.995    7.169
ensemble free energy (kcal/mol)       :   -2.137
population of lowest in %             :   30.332
 number of unique conformers for further calc          117
 list of relative energies saved as "crest.energies"

 -----------------
 Wall Time Summary
 -----------------
             test MD wall time :         0h : 0m : 4s
                 MTD wall time :         0h : 8m :26s
      multilevel OPT wall time :         0h :17m :36s
                  MD wall time :         0h : 3m :31s
                  GC wall time :         0h : 0m :33s
--------------------
Overall wall time  : 0h :31m : 0s

 CREST terminated normally.
