****************************************************************
  Sure Independence Screening and Sparsifying Operator (SISSO)  
             Version SISSO.3.3, July, 2023.                
****************************************************************

Read in data from train.dat
Read in data from SISSO.in
Property type:     1
Number of tasks:        1
Descriptor dimension:        2
Number of samples for the task(s):     36
Restarts :  0
Number of scalar features:       20
Tier of the feature space:        3
Maximal feature complexity (number of operators in a feature):        6
Unit of input primary feature, each represented by a row vector: 
    1.00
    1.00
    1.00
    1.00
    1.00
    1.00
    1.00
    1.00
    1.00
    1.00
    1.00
    1.00
    1.00
    1.00
    1.00
    1.00
    1.00
    1.00
    1.00
    1.00
The feature will be discarded if the minimum of the maximal abs. value in it <    0.10000E-02
The faature will be discarded if the maximum of the maximal abs. value in it >     0.10000E+06
Size of the SIS-selected (single) subspace :  10000 10000
Operators for feature construction: (+)(-)(*) (+)(-)(*) (+)(-)(*) 
Method for sparse regression:  L0        
Fitting intercept:      T
Metric for model selection: RMSE
Number of the top-ranked models to output:      100
--------------------------------------------------------------------------------

Dimension:   1
-------------------
Feature Construction (FC) starts ...
Population Standard Deviation (SD) of the task 001:   11.15978
Total number of features in the space phi00:             20
Total number of features in the space phi01:            693
Total number of features in the space phi02:         231829
Total number of features in the space phi03:     6407370632
Size of the SIS-selected subspace from phi03:      10000
Time (second) used for this FC:         1146.85

Descriptor Identification (DI) starts ...
Total number of SIS-selected features from all dimensions:      10000
 
  1D descriptor: 
     d001 = (((feature19-feature11)-feature11)*((feature14+feature16)+(feature19-feature20)))    feature_ID:000001

  1D model(y=sum(ci*di)+c0): 
     coeff.(ci)_task001:    -0.1524163382E+02
             c0_task001:     0.4228735781E+01
     RMSE,MaxAE_task001:     0.5432219737E+01    0.1992150518E+02

     RMSE and MaxAE of the model:   5.432220 19.921505
--------------------------------------------------------------------------------
Time (second) used for this DI:            0.09

Dimension:   2
-------------------
Feature Construction (FC) starts ...
Total number of features in the space phi00:             20
Total number of features in the space phi01:            693
Total number of features in the space phi02:         231829
Total number of features in the space phi03:     6407370632
Size of the SIS-selected subspace from phi03:      10000
Time (second) used for this FC:         1146.12

Descriptor Identification (DI) starts ...
Total number of SIS-selected features from all dimensions:      20000
 
Final model/descriptor !
================================================================================
  2D descriptor: 
     d001 = (((feature19-feature11)-feature11)*((feature14+feature16)+(feature19-feature20)))    feature_ID:000001
     d002 = (((feature16-feature19)-feature9)*((feature1-feature12)*(feature6+feature11)))    feature_ID:010002

  2D model(y=sum(ci*di)+c0): 
     coeff.(ci)_task001:    -0.1640268698E+02    0.1873570263E+03
             c0_task001:     0.2120785772E+01
     RMSE,MaxAE_task001:     0.4053429787E+01    0.1338307701E+02

     RMSE and MaxAE of the model:   4.053430 13.383077
================================================================================
Time (second) used for this DI:           25.53
Total time (second):         2329.95
Have a nice day !    

