****************************************************************
  Sure Independence Screening and Sparsifying Operator (SISSO)  
             Version SISSO.3.3, July, 2023.                
****************************************************************

Read in data from train.dat
Read in data from SISSO.in
Property type:     1
Number of tasks:        1
Descriptor dimension:        2
Number of samples for the task(s):     36
Restarts :  0
Number of scalar features:       17
Tier of the feature space:        3
Maximal feature complexity (number of operators in a feature):        6
Unit of input primary feature, each represented by a row vector: 
    1.00
    1.00
    1.00
    1.00
    1.00
    1.00
    1.00
    1.00
    1.00
    1.00
    1.00
    1.00
    1.00
    1.00
    1.00
    1.00
    1.00
The feature will be discarded if the minimum of the maximal abs. value in it <    0.10000E-02
The faature will be discarded if the maximum of the maximal abs. value in it >     0.10000E+06
Size of the SIS-selected (single) subspace :  10000 10000
Operators for feature construction: (+)(-)(*) (+)(-)(*) (+)(-)(*) 
Method for sparse regression:  L0        
Fitting intercept:      T
Metric for model selection: RMSE
Number of the top-ranked models to output:      100
--------------------------------------------------------------------------------

Dimension:   1
-------------------
Feature Construction (FC) starts ...
Population Standard Deviation (SD) of the task 001:    9.91048
Total number of features in the space phi00:             17
Total number of features in the space phi01:            499
Total number of features in the space phi02:         114782
Total number of features in the space phi03:     1912974004
Size of the SIS-selected subspace from phi03:      10000
Time (second) used for this FC:          337.63

Descriptor Identification (DI) starts ...
Total number of SIS-selected features from all dimensions:      10000
 
  1D descriptor: 
     d001 = ((feature12*(feature12+feature14))*((feature10+feature17)-(feature2+feature15)))    feature_ID:000001

  1D model(y=sum(ci*di)+c0): 
     coeff.(ci)_task001:     0.2084338466E+02
             c0_task001:     0.3545059786E+01
     RMSE,MaxAE_task001:     0.4566973674E+01    0.9593750879E+01

     RMSE and MaxAE of the model:   4.566974  9.593751
--------------------------------------------------------------------------------
Time (second) used for this DI:            0.18

Dimension:   2
-------------------
Feature Construction (FC) starts ...
Total number of features in the space phi00:             17
Total number of features in the space phi01:            499
Total number of features in the space phi02:         114782
Total number of features in the space phi03:     1912974004
Size of the SIS-selected subspace from phi03:      10000
Time (second) used for this FC:          339.55

Descriptor Identification (DI) starts ...
Total number of SIS-selected features from all dimensions:      20000
 
Final model/descriptor !
================================================================================
  2D descriptor: 
     d001 = (((feature10+feature12)-feature16)*((feature12+feature13)-(feature2-feature17)))    feature_ID:002450
     d002 = ((feature12*(feature1+feature12))*((feature13-feature14)*(feature15-feature17)))    feature_ID:018602

  2D model(y=sum(ci*di)+c0): 
     coeff.(ci)_task001:     0.8263745194E+01    0.1415722924E+03
             c0_task001:     0.7215247266E+01
     RMSE,MaxAE_task001:     0.2935967210E+01    0.7711098984E+01

     RMSE and MaxAE of the model:   2.935967  7.711099
================================================================================
Time (second) used for this DI:           25.57
Total time (second):          703.69
Have a nice day !    

