****************************************************************
  Sure Independence Screening and Sparsifying Operator (SISSO)  
             Version SISSO.3.3, July, 2023.                
****************************************************************

Read in data from train.dat
Read in data from SISSO.in
Property type:     1
Number of tasks:        1
Descriptor dimension:        2
Number of samples for the task(s):     36
Restarts :  0
Number of scalar features:       20
Tier of the feature space:        3
Maximal feature complexity (number of operators in a feature):        6
Unit of input primary feature, each represented by a row vector: 
    1.00
    1.00
    1.00
    1.00
    1.00
    1.00
    1.00
    1.00
    1.00
    1.00
    1.00
    1.00
    1.00
    1.00
    1.00
    1.00
    1.00
    1.00
    1.00
    1.00
The feature will be discarded if the minimum of the maximal abs. value in it <    0.10000E-02
The faature will be discarded if the maximum of the maximal abs. value in it >     0.10000E+06
Size of the SIS-selected (single) subspace :  10000 10000
Operators for feature construction: (+)(-)(*) (+)(-)(*) (+)(-)(*) 
Method for sparse regression:  L0        
Fitting intercept:      T
Metric for model selection: RMSE
Number of the top-ranked models to output:      100
--------------------------------------------------------------------------------

Dimension:   1
-------------------
Feature Construction (FC) starts ...
Population Standard Deviation (SD) of the task 001:   23.53971
Total number of features in the space phi00:             20
Total number of features in the space phi01:            718
Total number of features in the space phi02:         270627
Total number of features in the space phi03:     8168026635
Size of the SIS-selected subspace from phi03:      10000
Time (second) used for this FC:         1543.94

Descriptor Identification (DI) starts ...
Total number of SIS-selected features from all dimensions:      10000
 
  1D descriptor: 
     d001 = (((feature1+feature17)-feature9)+((feature5+feature18)-(feature9-feature6)))    feature_ID:000001

  1D model(y=sum(ci*di)+c0): 
     coeff.(ci)_task001:    -0.2446640079E+02
             c0_task001:     0.4092745860E+02
     RMSE,MaxAE_task001:     0.1192869279E+02    0.3143029604E+02

     RMSE and MaxAE of the model:  11.928693 31.430296
--------------------------------------------------------------------------------
Time (second) used for this DI:            0.46

Dimension:   2
-------------------
Feature Construction (FC) starts ...
Total number of features in the space phi00:             20
Total number of features in the space phi01:            718
Total number of features in the space phi02:         270627
Total number of features in the space phi03:     8168026635
Size of the SIS-selected subspace from phi03:      10000
Time (second) used for this FC:         1543.64

Descriptor Identification (DI) starts ...
Total number of SIS-selected features from all dimensions:      20000
 
Final model/descriptor !
================================================================================
  2D descriptor: 
     d001 = (((feature19-feature10)-feature9)*((feature1+feature5)-(feature13+feature20)))    feature_ID:002800
     d002 = ((feature12*(feature16-feature18))*((feature18-feature7)*(feature18-feature19)))    feature_ID:010052

  2D model(y=sum(ci*di)+c0): 
     coeff.(ci)_task001:     0.3912345423E+02    0.3195266783E+03
             c0_task001:     0.4320308450E+02
     RMSE,MaxAE_task001:     0.7805884859E+01    0.2428340236E+02

     RMSE and MaxAE of the model:   7.805885 24.283402
================================================================================
Time (second) used for this DI:           25.51
Total time (second):         3114.22
Have a nice day !    

