****************************************************************
  Sure Independence Screening and Sparsifying Operator (SISSO)  
             Version SISSO.3.3, July, 2023.                
****************************************************************

Read in data from train.dat
Read in data from SISSO.in
Property type:     1
Number of tasks:        1
Descriptor dimension:        2
Number of samples for the task(s):     17
Restarts :  0
Number of scalar features:       14
Tier of the feature space:        3
Maximal feature complexity (number of operators in a feature):        6
Unit of input primary feature, each represented by a row vector: 
    1.00
    1.00
    1.00
    1.00
    1.00
    1.00
    1.00
    1.00
    1.00
    1.00
    1.00
    1.00
    1.00
    1.00
The feature will be discarded if the minimum of the maximal abs. value in it <    0.10000E-02
The faature will be discarded if the maximum of the maximal abs. value in it >     0.10000E+06
Size of the SIS-selected (single) subspace :  10000 10000
Operators for feature construction: (+)(-)(*) (+)(-)(*) (+)(-)(*) 
Method for sparse regression:  L0        
Fitting intercept:      T
Metric for model selection: RMSE
Number of the top-ranked models to output:      100
--------------------------------------------------------------------------------

Dimension:   1
-------------------
Feature Construction (FC) starts ...
Population Standard Deviation (SD) of the task 001:   10.96282
Total number of features in the space phi00:             14
Total number of features in the space phi01:            341
Total number of features in the space phi02:          61119
Total number of features in the space phi03:      613653847
Size of the SIS-selected subspace from phi03:      10000
Time (second) used for this FC:           82.76

Descriptor Identification (DI) starts ...
Total number of SIS-selected features from all dimensions:      10000
 
  1D descriptor: 
     d001 = ((feature8*(feature13-feature7))*((feature6*feature14)-(feature7*feature8)))    feature_ID:000001

  1D model(y=sum(ci*di)+c0): 
     coeff.(ci)_task001:     0.1703122558E+03
             c0_task001:     0.5992215275E+01
     RMSE,MaxAE_task001:     0.3196386137E+01    0.5594446411E+01

     RMSE and MaxAE of the model:   3.196386  5.594446
--------------------------------------------------------------------------------
Time (second) used for this DI:            0.20

Dimension:   2
-------------------
Feature Construction (FC) starts ...
Total number of features in the space phi00:             14
Total number of features in the space phi01:            341
Total number of features in the space phi02:          61119
Total number of features in the space phi03:      613653847
Size of the SIS-selected subspace from phi03:      10000
Time (second) used for this FC:           84.97

Descriptor Identification (DI) starts ...
Total number of SIS-selected features from all dimensions:      20000
 
Final model/descriptor !
================================================================================
  2D descriptor: 
     d001 = ((feature8*(feature13-feature7))*((feature6*feature14)-(feature7*feature8)))    feature_ID:000001
     d002 = (((feature8+feature11)-feature9)*((feature4-feature9)+(feature6-feature9)))    feature_ID:013795

  2D model(y=sum(ci*di)+c0): 
     coeff.(ci)_task001:     0.1310672356E+03   -0.1351096317E+02
             c0_task001:     0.2690607468E+01
     RMSE,MaxAE_task001:     0.1177834264E+01    0.2049770837E+01

     RMSE and MaxAE of the model:   1.177834  2.049771
================================================================================
Time (second) used for this DI:           16.97
Total time (second):          185.42
Have a nice day !    

