****************************************************************
  Sure Independence Screening and Sparsifying Operator (SISSO)  
             Version SISSO.3.3, July, 2023.                
****************************************************************

Read in data from train.dat
Read in data from SISSO.in
Property type:     1
Number of tasks:        1
Descriptor dimension:        2
Number of samples for the task(s):     36
Restarts :  0
Number of scalar features:       20
Tier of the feature space:        3
Maximal feature complexity (number of operators in a feature):        6
Unit of input primary feature, each represented by a row vector: 
    1.00
    1.00
    1.00
    1.00
    1.00
    1.00
    1.00
    1.00
    1.00
    1.00
    1.00
    1.00
    1.00
    1.00
    1.00
    1.00
    1.00
    1.00
    1.00
    1.00
The feature will be discarded if the minimum of the maximal abs. value in it <    0.10000E-02
The faature will be discarded if the maximum of the maximal abs. value in it >     0.10000E+06
Size of the SIS-selected (single) subspace :  10000 10000
Operators for feature construction: (+)(-)(*) (+)(-)(*) (+)(-)(*) 
Method for sparse regression:  L0        
Fitting intercept:      T
Metric for model selection: RMSE
Number of the top-ranked models to output:      100
--------------------------------------------------------------------------------

Dimension:   1
-------------------
Feature Construction (FC) starts ...
Population Standard Deviation (SD) of the task 001:   10.63974
Total number of features in the space phi00:             20
Total number of features in the space phi01:            718
Total number of features in the space phi02:         270627
Total number of features in the space phi03:     8168026635
Size of the SIS-selected subspace from phi03:      10000
Time (second) used for this FC:         1544.97

Descriptor Identification (DI) starts ...
Total number of SIS-selected features from all dimensions:      10000
 
  1D descriptor: 
     d001 = (((feature18-feature9)-feature9)*((feature10+feature13)+(feature18-feature19)))    feature_ID:000001

  1D model(y=sum(ci*di)+c0): 
     coeff.(ci)_task001:    -0.1845839978E+02
             c0_task001:     0.4087641526E+01
     RMSE,MaxAE_task001:     0.4611376799E+01    0.1331940246E+02

     RMSE and MaxAE of the model:   4.611377 13.319402
--------------------------------------------------------------------------------
Time (second) used for this DI:            0.09

Dimension:   2
-------------------
Feature Construction (FC) starts ...
Total number of features in the space phi00:             20
Total number of features in the space phi01:            718
Total number of features in the space phi02:         270627
Total number of features in the space phi03:     8168026635
Size of the SIS-selected subspace from phi03:      10000
Time (second) used for this FC:         1547.68

Descriptor Identification (DI) starts ...
Total number of SIS-selected features from all dimensions:      20000
 
Final model/descriptor !
================================================================================
  2D descriptor: 
     d001 = (((feature19-feature18)-feature9)*((feature18-feature9)-(feature9-feature6)))    feature_ID:001374
     d002 = ((feature18*(feature17-feature19))*((feature1+feature16)-(feature10+feature18)))    feature_ID:017322

  2D model(y=sum(ci*di)+c0): 
     coeff.(ci)_task001:     0.2250154472E+02    0.1734943989E+03
             c0_task001:     0.5255671725E+01
     RMSE,MaxAE_task001:     0.3201194428E+01    0.8286124508E+01

     RMSE and MaxAE of the model:   3.201194  8.286125
================================================================================
Time (second) used for this DI:           25.55
Total time (second):         3118.90
Have a nice day !    

