****************************************************************
  Sure Independence Screening and Sparsifying Operator (SISSO)  
             Version SISSO.3.3, July, 2023.                
****************************************************************

Read in data from train.dat
Read in data from SISSO.in
Property type:     1
Number of tasks:        1
Descriptor dimension:        2
Number of samples for the task(s):     36
Restarts :  0
Number of scalar features:       19
Tier of the feature space:        3
Maximal feature complexity (number of operators in a feature):        6
Unit of input primary feature, each represented by a row vector: 
    1.00
    1.00
    1.00
    1.00
    1.00
    1.00
    1.00
    1.00
    1.00
    1.00
    1.00
    1.00
    1.00
    1.00
    1.00
    1.00
    1.00
    1.00
    1.00
The feature will be discarded if the minimum of the maximal abs. value in it <    0.10000E-02
The faature will be discarded if the maximum of the maximal abs. value in it >     0.10000E+06
Size of the SIS-selected (single) subspace :  10000 10000
Operators for feature construction: (+)(-)(*) (+)(-)(*) (+)(-)(*) 
Method for sparse regression:  L0        
Fitting intercept:      T
Metric for model selection: RMSE
Number of the top-ranked models to output:      100
--------------------------------------------------------------------------------

Dimension:   1
-------------------
Feature Construction (FC) starts ...
Population Standard Deviation (SD) of the task 001:   22.30985
Total number of features in the space phi00:             19
Total number of features in the space phi01:            619
Total number of features in the space phi02:         182144
Total number of features in the space phi03:     4232288479
Size of the SIS-selected subspace from phi03:      10000
Time (second) used for this FC:          763.78

Descriptor Identification (DI) starts ...
Total number of SIS-selected features from all dimensions:      10000
 
  1D descriptor: 
     d001 = ((feature18*(feature5+feature18))+((feature11-feature9)*(feature12-feature14)))    feature_ID:000001

  1D model(y=sum(ci*di)+c0): 
     coeff.(ci)_task001:    -0.3861158565E+02
             c0_task001:     0.5374026808E+02
     RMSE,MaxAE_task001:     0.1093093271E+02    0.2848461926E+02

     RMSE and MaxAE of the model:  10.930933 28.484619
--------------------------------------------------------------------------------
Time (second) used for this DI:            0.13

Dimension:   2
-------------------
Feature Construction (FC) starts ...
Total number of features in the space phi00:             19
Total number of features in the space phi01:            619
Total number of features in the space phi02:         182144
Total number of features in the space phi03:     4232288479
Size of the SIS-selected subspace from phi03:      10000
Time (second) used for this FC:          767.42

Descriptor Identification (DI) starts ...
Total number of SIS-selected features from all dimensions:      20000
 
Final model/descriptor !
================================================================================
  2D descriptor: 
     d001 = ((feature19*(feature18*feature19))+((feature13-feature14)*(feature14*feature18)))    feature_ID:003434
     d002 = (((feature11-feature14)-feature6)*((feature5+feature14)*(feature12-feature13)))    feature_ID:010028

  2D model(y=sum(ci*di)+c0): 
     coeff.(ci)_task001:    -0.5518443437E+02   -0.2911510494E+03
             c0_task001:     0.6631224270E+02
     RMSE,MaxAE_task001:     0.6958342615E+01    0.1674700803E+02

     RMSE and MaxAE of the model:   6.958343 16.747008
================================================================================
Time (second) used for this DI:           25.59
Total time (second):         1557.64
Have a nice day !    

