****************************************************************
  Sure Independence Screening and Sparsifying Operator (SISSO)  
             Version SISSO.3.3, July, 2023.                
****************************************************************

Read in data from train.dat
Read in data from SISSO.in
Property type:     1
Number of tasks:        1
Descriptor dimension:        2
Number of samples for the task(s):     36
Restarts :  0
Number of scalar features:       19
Tier of the feature space:        3
Maximal feature complexity (number of operators in a feature):        6
Unit of input primary feature, each represented by a row vector: 
    1.00
    1.00
    1.00
    1.00
    1.00
    1.00
    1.00
    1.00
    1.00
    1.00
    1.00
    1.00
    1.00
    1.00
    1.00
    1.00
    1.00
    1.00
    1.00
The feature will be discarded if the minimum of the maximal abs. value in it <    0.10000E-02
The faature will be discarded if the maximum of the maximal abs. value in it >     0.10000E+06
Size of the SIS-selected (single) subspace :  10000 10000
Operators for feature construction: (+)(-)(*) (+)(-)(*) (+)(-)(*) 
Method for sparse regression:  L0        
Fitting intercept:      T
Metric for model selection: RMSE
Number of the top-ranked models to output:      100
--------------------------------------------------------------------------------

Dimension:   1
-------------------
Feature Construction (FC) starts ...
Population Standard Deviation (SD) of the task 001:    9.66781
Total number of features in the space phi00:             19
Total number of features in the space phi01:            626
Total number of features in the space phi02:         196809
Total number of features in the space phi03:     4765636551
Size of the SIS-selected subspace from phi03:      10000
Time (second) used for this FC:          835.43

Descriptor Identification (DI) starts ...
Total number of SIS-selected features from all dimensions:      10000
 
  1D descriptor: 
     d001 = ((feature13*(feature13*feature14))+((feature10-feature18)*(feature12*feature13)))    feature_ID:000001

  1D model(y=sum(ci*di)+c0): 
     coeff.(ci)_task001:     0.3894802878E+02
             c0_task001:     0.1940033105E+01
     RMSE,MaxAE_task001:     0.3545152617E+01    0.1022639093E+02

     RMSE and MaxAE of the model:   3.545153 10.226391
--------------------------------------------------------------------------------
Time (second) used for this DI:            0.11

Dimension:   2
-------------------
Feature Construction (FC) starts ...
Total number of features in the space phi00:             19
Total number of features in the space phi01:            626
Total number of features in the space phi02:         196809
Total number of features in the space phi03:     4765636551
Size of the SIS-selected subspace from phi03:      10000
Time (second) used for this FC:          835.79

Descriptor Identification (DI) starts ...
Total number of SIS-selected features from all dimensions:      20000
 
Final model/descriptor !
================================================================================
  2D descriptor: 
     d001 = ((feature13*(feature11+feature13))*((feature10+feature14)+(feature15-feature18)))    feature_ID:000973
     d002 = (((feature11+feature18)-feature17)*((feature11-feature6)*(feature17-feature19)))    feature_ID:010007

  2D model(y=sum(ci*di)+c0): 
     coeff.(ci)_task001:     0.1541566122E+02   -0.6035407867E+03
             c0_task001:     0.2515087414E+01
     RMSE,MaxAE_task001:     0.2310341769E+01    0.5741728881E+01

     RMSE and MaxAE of the model:   2.310342  5.741729
================================================================================
Time (second) used for this DI:           25.51
Total time (second):         1697.66
Have a nice day !    

