****************************************************************
  Sure Independence Screening and Sparsifying Operator (SISSO)  
             Version SISSO.3.3, July, 2023.                
****************************************************************

Read in data from train.dat
Read in data from SISSO.in
Property type:     1
Number of tasks:        1
Descriptor dimension:        2
Number of samples for the task(s):     36
Restarts :  0
Number of scalar features:       21
Tier of the feature space:        3
Maximal feature complexity (number of operators in a feature):        6
Unit of input primary feature, each represented by a row vector: 
    1.00
    1.00
    1.00
    1.00
    1.00
    1.00
    1.00
    1.00
    1.00
    1.00
    1.00
    1.00
    1.00
    1.00
    1.00
    1.00
    1.00
    1.00
    1.00
    1.00
    1.00
The feature will be discarded if the minimum of the maximal abs. value in it <    0.10000E-02
The faature will be discarded if the maximum of the maximal abs. value in it >     0.10000E+06
Size of the SIS-selected (single) subspace :  10000 10000
Operators for feature construction: (+)(-)(*) (+)(-)(*) (+)(-)(*) 
Method for sparse regression:  L0        
Fitting intercept:      T
Metric for model selection: RMSE
Number of the top-ranked models to output:      100
--------------------------------------------------------------------------------

Dimension:   1
-------------------
Feature Construction (FC) starts ...
Population Standard Deviation (SD) of the task 001:   96.58174
Total number of features in the space phi00:             21
Total number of features in the space phi01:            765
Total number of features in the space phi02:         268530
Total number of features in the space phi03:     8434893076
Size of the SIS-selected subspace from phi03:      10000
Time (second) used for this FC:         1587.50

Descriptor Identification (DI) starts ...
Total number of SIS-selected features from all dimensions:      10000
 
  1D descriptor: 
     d001 = (((feature3+feature12)*(feature18+feature21))-(feature20*(feature18-feature1)))    feature_ID:000001

  1D model(y=sum(ci*di)+c0): 
     coeff.(ci)_task001:     0.2200540318E+03
             c0_task001:     0.2699853648E+03
     RMSE,MaxAE_task001:     0.3377139810E+02    0.7303861859E+02

     RMSE and MaxAE of the model:  33.771398 73.038619
--------------------------------------------------------------------------------
Time (second) used for this DI:            0.10

Dimension:   2
-------------------
Feature Construction (FC) starts ...
Total number of features in the space phi00:             21
Total number of features in the space phi01:            765
Total number of features in the space phi02:         268530
Total number of features in the space phi03:     8434893076
Size of the SIS-selected subspace from phi03:      10000
Time (second) used for this FC:         1584.16

Descriptor Identification (DI) starts ...
Total number of SIS-selected features from all dimensions:      20000
 
Final model/descriptor !
================================================================================
  2D descriptor: 
     d001 = (((feature21-feature4)*(feature3+feature12))-(feature18*(feature20-feature12)))    feature_ID:000050
     d002 = ((feature17*(feature15-feature19))*((feature1+feature13)-(feature5+feature9)))    feature_ID:010830

  2D model(y=sum(ci*di)+c0): 
     coeff.(ci)_task001:     0.2017292066E+03    0.6192648196E+03
             c0_task001:     0.2649888239E+03
     RMSE,MaxAE_task001:     0.2277954768E+02    0.5047485373E+02

     RMSE and MaxAE of the model:  22.779548 50.474854
================================================================================
Time (second) used for this DI:           25.63
Total time (second):         3198.60
Have a nice day !    

