****************************************************************
  Sure Independence Screening and Sparsifying Operator (SISSO)  
             Version SISSO.3.3, July, 2023.                
****************************************************************

Read in data from train.dat
Read in data from SISSO.in
Property type:     1
Number of tasks:        1
Descriptor dimension:        2
Number of samples for the task(s):     36
Restarts :  0
Number of scalar features:       19
Tier of the feature space:        3
Maximal feature complexity (number of operators in a feature):        6
Unit of input primary feature, each represented by a row vector: 
    1.00
    1.00
    1.00
    1.00
    1.00
    1.00
    1.00
    1.00
    1.00
    1.00
    1.00
    1.00
    1.00
    1.00
    1.00
    1.00
    1.00
    1.00
    1.00
The feature will be discarded if the minimum of the maximal abs. value in it <    0.10000E-02
The faature will be discarded if the maximum of the maximal abs. value in it >     0.10000E+06
Size of the SIS-selected (single) subspace :  10000 10000
Operators for feature construction: (+)(-)(*) (+)(-)(*) (+)(-)(*) 
Method for sparse regression:  L0        
Fitting intercept:      T
Metric for model selection: RMSE
Number of the top-ranked models to output:      100
--------------------------------------------------------------------------------

Dimension:   1
-------------------
Feature Construction (FC) starts ...
Population Standard Deviation (SD) of the task 001:  103.44694
Total number of features in the space phi00:             19
Total number of features in the space phi01:            635
Total number of features in the space phi02:         198084
Total number of features in the space phi03:     4851697472
Size of the SIS-selected subspace from phi03:      10000
Time (second) used for this FC:          899.83

Descriptor Identification (DI) starts ...
Total number of SIS-selected features from all dimensions:      10000
 
  1D descriptor: 
     d001 = ((feature12+(feature17+feature19))*((feature10+feature13)+(feature10-feature18)))    feature_ID:000001

  1D model(y=sum(ci*di)+c0): 
     coeff.(ci)_task001:     0.7239970885E+02
             c0_task001:     0.1497698958E+03
     RMSE,MaxAE_task001:     0.3333762491E+02    0.9324925840E+02

     RMSE and MaxAE of the model:  33.337625 93.249258
--------------------------------------------------------------------------------
Time (second) used for this DI:            0.11

Dimension:   2
-------------------
Feature Construction (FC) starts ...
Total number of features in the space phi00:             19
Total number of features in the space phi01:            635
Total number of features in the space phi02:         198084
Total number of features in the space phi03:     4851697472
Size of the SIS-selected subspace from phi03:      10000
Time (second) used for this FC:          898.20

Descriptor Identification (DI) starts ...
Total number of SIS-selected features from all dimensions:      20000
 
Final model/descriptor !
================================================================================
  2D descriptor: 
     d001 = ((feature10*(feature12+feature19))+((feature1-feature16)*(feature18-feature13)))    feature_ID:000089
     d002 = ((feature10*(feature16-feature18))*((feature12-feature17)-(feature17-feature5)))    feature_ID:010747

  2D model(y=sum(ci*di)+c0): 
     coeff.(ci)_task001:     0.1589719898E+03    0.3976662323E+03
             c0_task001:     0.1882872418E+03
     RMSE,MaxAE_task001:     0.2620457021E+02    0.8823525503E+02

     RMSE and MaxAE of the model:  26.204570 88.235255
================================================================================
Time (second) used for this DI:           27.23
Total time (second):         1826.76
Have a nice day !    

