****************************************************************
  Sure Independence Screening and Sparsifying Operator (SISSO)  
             Version SISSO.3.3, July, 2023.                
****************************************************************

Read in data from train.dat
Read in data from SISSO.in
Property type:     1
Number of tasks:        1
Descriptor dimension:        2
Number of samples for the task(s):     36
Restarts :  0
Number of scalar features:       20
Tier of the feature space:        3
Maximal feature complexity (number of operators in a feature):        6
Unit of input primary feature, each represented by a row vector: 
    1.00
    1.00
    1.00
    1.00
    1.00
    1.00
    1.00
    1.00
    1.00
    1.00
    1.00
    1.00
    1.00
    1.00
    1.00
    1.00
    1.00
    1.00
    1.00
    1.00
The feature will be discarded if the minimum of the maximal abs. value in it <    0.10000E-02
The faature will be discarded if the maximum of the maximal abs. value in it >     0.10000E+06
Size of the SIS-selected (single) subspace :  10000 10000
Operators for feature construction: (+)(-)(*) (+)(-)(*) (+)(-)(*) 
Method for sparse regression:  L0        
Fitting intercept:      T
Metric for model selection: RMSE
Number of the top-ranked models to output:      100
--------------------------------------------------------------------------------

Dimension:   1
-------------------
Feature Construction (FC) starts ...
Population Standard Deviation (SD) of the task 001:   10.01314
Total number of features in the space phi00:             20
Total number of features in the space phi01:            700
Total number of features in the space phi02:         238064
Total number of features in the space phi03:     6691517390
Size of the SIS-selected subspace from phi03:      10000
Time (second) used for this FC:         1317.38

Descriptor Identification (DI) starts ...
Total number of SIS-selected features from all dimensions:      10000
 
  1D descriptor: 
     d001 = (((feature17-feature14)-feature14)*((feature11+feature20)-(feature6+feature18)))    feature_ID:000001

  1D model(y=sum(ci*di)+c0): 
     coeff.(ci)_task001:    -0.2592593043E+02
             c0_task001:     0.4174236662E+01
     RMSE,MaxAE_task001:     0.5161593199E+01    0.1650519298E+02

     RMSE and MaxAE of the model:   5.161593 16.505193
--------------------------------------------------------------------------------
Time (second) used for this DI:            0.09

Dimension:   2
-------------------
Feature Construction (FC) starts ...
Total number of features in the space phi00:             20
Total number of features in the space phi01:            700
Total number of features in the space phi02:         238064
Total number of features in the space phi03:     6691517390
Size of the SIS-selected subspace from phi03:      10000
Time (second) used for this FC:         1320.04

Descriptor Identification (DI) starts ...
Total number of SIS-selected features from all dimensions:      20000
 
Final model/descriptor !
================================================================================
  2D descriptor: 
     d001 = (((feature17-feature14)-feature14)*((feature11+feature20)-(feature6+feature18)))    feature_ID:000001
     d002 = (((feature1-feature12)-feature18)*((feature13-feature17)+(feature14-feature17)))    feature_ID:016400

  2D model(y=sum(ci*di)+c0): 
     coeff.(ci)_task001:    -0.3106738902E+02    0.8200758183E+01
             c0_task001:    -0.6332321939E+00
     RMSE,MaxAE_task001:     0.4179247744E+01    0.1489173316E+02

     RMSE and MaxAE of the model:   4.179248 14.891733
================================================================================
Time (second) used for this DI:           25.47
Total time (second):         2663.67
Have a nice day !    

