****************************************************************
  Sure Independence Screening and Sparsifying Operator (SISSO)  
             Version SISSO.3.3, July, 2023.                
****************************************************************

Read in data from train.dat
Read in data from SISSO.in
Property type:     1
Number of tasks:        1
Descriptor dimension:        2
Number of samples for the task(s):     36
Restarts :  0
Number of scalar features:       23
Tier of the feature space:        3
Maximal feature complexity (number of operators in a feature):        6
Unit of input primary feature, each represented by a row vector: 
    1.00
    1.00
    1.00
    1.00
    1.00
    1.00
    1.00
    1.00
    1.00
    1.00
    1.00
    1.00
    1.00
    1.00
    1.00
    1.00
    1.00
    1.00
    1.00
    1.00
    1.00
    1.00
    1.00
The feature will be discarded if the minimum of the maximal abs. value in it <    0.10000E-02
The faature will be discarded if the maximum of the maximal abs. value in it >     0.10000E+06
Size of the SIS-selected (single) subspace :  10000 10000
Operators for feature construction: (+)(-)(*) (+)(-)(*) (+)(-)(*) 
Method for sparse regression:  L0        
Fitting intercept:      T
Metric for model selection: RMSE
Number of the top-ranked models to output:      100
--------------------------------------------------------------------------------

Dimension:   1
-------------------
Feature Construction (FC) starts ...
Population Standard Deviation (SD) of the task 001:   10.79947
Total number of features in the space phi00:             23
Total number of features in the space phi01:            926
Total number of features in the space phi02:         391719
Total number of features in the space phi03:    16345147300
Size of the SIS-selected subspace from phi03:      10000
Time (second) used for this FC:         2890.10

Descriptor Identification (DI) starts ...
Total number of SIS-selected features from all dimensions:      10000
 
  1D descriptor: 
     d001 = (((feature1+feature16)+(feature22-feature14))-((feature3+feature17)-feature22))    feature_ID:000001

  1D model(y=sum(ci*di)+c0): 
     coeff.(ci)_task001:    -0.1216598561E+02
             c0_task001:     0.2386554400E+02
     RMSE,MaxAE_task001:     0.4449704766E+01    0.1462194106E+02

     RMSE and MaxAE of the model:   4.449705 14.621941
--------------------------------------------------------------------------------
Time (second) used for this DI:            1.20

Dimension:   2
-------------------
Feature Construction (FC) starts ...
Total number of features in the space phi00:             23
Total number of features in the space phi01:            926
Total number of features in the space phi02:         391719
Total number of features in the space phi03:    16345147300
Size of the SIS-selected subspace from phi03:      10000
Time (second) used for this FC:         2890.06

Descriptor Identification (DI) starts ...
Total number of SIS-selected features from all dimensions:      20000
 
Final model/descriptor !
================================================================================
  2D descriptor: 
     d001 = ((feature13+(feature3+feature17))*((feature15+feature22)-(feature17+feature20)))    feature_ID:005918
     d002 = (((feature20-feature19)-feature19)*((feature1-feature13)*(feature14-feature16)))    feature_ID:012853

  2D model(y=sum(ci*di)+c0): 
     coeff.(ci)_task001:    -0.1028712348E+02   -0.8892548935E+02
             c0_task001:     0.6260573507E+01
     RMSE,MaxAE_task001:     0.2290096703E+01    0.4359993300E+01

     RMSE and MaxAE of the model:   2.290097  4.359993
================================================================================
Time (second) used for this DI:           25.62
Total time (second):         5809.80
Have a nice day !    

