****************************************************************
  Sure Independence Screening and Sparsifying Operator (SISSO)  
             Version SISSO.3.3, July, 2023.                
****************************************************************

Read in data from train.dat
Read in data from SISSO.in
Property type:     1
Number of tasks:        1
Descriptor dimension:        2
Number of samples for the task(s):     36
Restarts :  0
Number of scalar features:       22
Tier of the feature space:        3
Maximal feature complexity (number of operators in a feature):        6
Unit of input primary feature, each represented by a row vector: 
    1.00
    1.00
    1.00
    1.00
    1.00
    1.00
    1.00
    1.00
    1.00
    1.00
    1.00
    1.00
    1.00
    1.00
    1.00
    1.00
    1.00
    1.00
    1.00
    1.00
    1.00
    1.00
The feature will be discarded if the minimum of the maximal abs. value in it <    0.10000E-02
The faature will be discarded if the maximum of the maximal abs. value in it >     0.10000E+06
Size of the SIS-selected (single) subspace :  10000 10000
Operators for feature construction: (+)(-)(*) (+)(-)(*) (+)(-)(*) 
Method for sparse regression:  L0        
Fitting intercept:      T
Metric for model selection: RMSE
Number of the top-ranked models to output:      100
--------------------------------------------------------------------------------

Dimension:   1
-------------------
Feature Construction (FC) starts ...
Population Standard Deviation (SD) of the task 001:   22.78124
Total number of features in the space phi00:             22
Total number of features in the space phi01:            836
Total number of features in the space phi02:         319443
Total number of features in the space phi03:    11488976931
Size of the SIS-selected subspace from phi03:      10000
Time (second) used for this FC:         2072.29

Descriptor Identification (DI) starts ...
Total number of SIS-selected features from all dimensions:      10000
 
  1D descriptor: 
     d001 = (((feature11+feature17)*(feature14+feature20))-(feature22*(feature17-feature19)))    feature_ID:000001

  1D model(y=sum(ci*di)+c0): 
     coeff.(ci)_task001:    -0.6507247445E+02
             c0_task001:     0.7699811617E+02
     RMSE,MaxAE_task001:     0.1111791232E+02    0.2413377097E+02

     RMSE and MaxAE of the model:  11.117912 24.133771
--------------------------------------------------------------------------------
Time (second) used for this DI:            0.12

Dimension:   2
-------------------
Feature Construction (FC) starts ...
Total number of features in the space phi00:             22
Total number of features in the space phi01:            836
Total number of features in the space phi02:         319443
Total number of features in the space phi03:    11488976931
Size of the SIS-selected subspace from phi03:      10000
Time (second) used for this FC:         2066.88

Descriptor Identification (DI) starts ...
Total number of SIS-selected features from all dimensions:      20000
 
Final model/descriptor !
================================================================================
  2D descriptor: 
     d001 = ((feature22*(feature9+feature21))+((feature1-feature20)*(feature22-feature20)))    feature_ID:001134
     d002 = ((feature16*(feature14-feature4))*((feature15*feature19)-(feature4*feature17)))    feature_ID:019089

  2D model(y=sum(ci*di)+c0): 
     coeff.(ci)_task001:    -0.8664001708E+02   -0.2691664630E+03
             c0_task001:     0.8391784373E+02
     RMSE,MaxAE_task001:     0.7593407367E+01    0.1900999639E+02

     RMSE and MaxAE of the model:   7.593407 19.009996
================================================================================
Time (second) used for this DI:           25.50
Total time (second):         4165.62
Have a nice day !    

