****************************************************************
  Sure Independence Screening and Sparsifying Operator (SISSO)  
             Version SISSO.3.3, July, 2023.                
****************************************************************

Read in data from train.dat
Read in data from SISSO.in
Property type:     1
Number of tasks:        1
Descriptor dimension:        2
Number of samples for the task(s):     36
Restarts :  0
Number of scalar features:       17
Tier of the feature space:        3
Maximal feature complexity (number of operators in a feature):        6
Unit of input primary feature, each represented by a row vector: 
    1.00
    1.00
    1.00
    1.00
    1.00
    1.00
    1.00
    1.00
    1.00
    1.00
    1.00
    1.00
    1.00
    1.00
    1.00
    1.00
    1.00
The feature will be discarded if the minimum of the maximal abs. value in it <    0.10000E-02
The faature will be discarded if the maximum of the maximal abs. value in it >     0.10000E+06
Size of the SIS-selected (single) subspace :  10000 10000
Operators for feature construction: (+)(-)(*) (+)(-)(*) (+)(-)(*) 
Method for sparse regression:  L0        
Fitting intercept:      T
Metric for model selection: RMSE
Number of the top-ranked models to output:      100
--------------------------------------------------------------------------------

Dimension:   1
-------------------
Feature Construction (FC) starts ...
Population Standard Deviation (SD) of the task 001:   23.39177
Total number of features in the space phi00:             17
Total number of features in the space phi01:            503
Total number of features in the space phi02:         122980
Total number of features in the space phi03:     2121158742
Size of the SIS-selected subspace from phi03:      10000
Time (second) used for this FC:          426.76

Descriptor Identification (DI) starts ...
Total number of SIS-selected features from all dimensions:      10000
 
  1D descriptor: 
     d001 = ((feature16*(feature5+feature16))+((feature4-feature9)*(feature9-feature17)))    feature_ID:000001

  1D model(y=sum(ci*di)+c0): 
     coeff.(ci)_task001:    -0.4394638425E+02
             c0_task001:     0.5768091284E+02
     RMSE,MaxAE_task001:     0.1121056985E+02    0.2586412050E+02

     RMSE and MaxAE of the model:  11.210570 25.864120
--------------------------------------------------------------------------------
Time (second) used for this DI:            0.16

Dimension:   2
-------------------
Feature Construction (FC) starts ...
Total number of features in the space phi00:             17
Total number of features in the space phi01:            503
Total number of features in the space phi02:         122980
Total number of features in the space phi03:     2121158742
Size of the SIS-selected subspace from phi03:      10000
Time (second) used for this FC:          426.97

Descriptor Identification (DI) starts ...
Total number of SIS-selected features from all dimensions:      20000
 
Final model/descriptor !
================================================================================
  2D descriptor: 
     d001 = ((feature16*(feature14+feature15))+((feature11-feature9)*(feature9-feature17)))    feature_ID:000400
     d002 = (((feature12+feature14)-feature5)*((feature11-feature15)*(feature15-feature11)))    feature_ID:010099

  2D model(y=sum(ci*di)+c0): 
     coeff.(ci)_task001:    -0.4715615951E+02   -0.5241431410E+02
             c0_task001:     0.5868235486E+02
     RMSE,MaxAE_task001:     0.8333622057E+01    0.2014907922E+02

     RMSE and MaxAE of the model:   8.333622 20.149079
================================================================================
Time (second) used for this DI:           25.58
Total time (second):          880.23
Have a nice day !    

