****************************************************************
  Sure Independence Screening and Sparsifying Operator (SISSO)  
             Version SISSO.3.3, July, 2023.                
****************************************************************

Read in data from train.dat
Read in data from SISSO.in
Property type:     1
Number of tasks:        1
Descriptor dimension:        2
Number of samples for the task(s):     36
Restarts :  0
Number of scalar features:       20
Tier of the feature space:        3
Maximal feature complexity (number of operators in a feature):        6
Unit of input primary feature, each represented by a row vector: 
    1.00
    1.00
    1.00
    1.00
    1.00
    1.00
    1.00
    1.00
    1.00
    1.00
    1.00
    1.00
    1.00
    1.00
    1.00
    1.00
    1.00
    1.00
    1.00
    1.00
The feature will be discarded if the minimum of the maximal abs. value in it <    0.10000E-02
The faature will be discarded if the maximum of the maximal abs. value in it >     0.10000E+06
Size of the SIS-selected (single) subspace :  10000 10000
Operators for feature construction: (+)(-)(*) (+)(-)(*) (+)(-)(*) 
Method for sparse regression:  L0        
Fitting intercept:      T
Metric for model selection: RMSE
Number of the top-ranked models to output:      100
--------------------------------------------------------------------------------

Dimension:   1
-------------------
Feature Construction (FC) starts ...
Population Standard Deviation (SD) of the task 001:   96.04980
Total number of features in the space phi00:             20
Total number of features in the space phi01:            703
Total number of features in the space phi02:         236810
Total number of features in the space phi03:     6664212333
Size of the SIS-selected subspace from phi03:      10000
Time (second) used for this FC:         1263.04

Descriptor Identification (DI) starts ...
Total number of SIS-selected features from all dimensions:      10000
 
  1D descriptor: 
     d001 = ((feature14*(feature15-feature3))+((feature18-feature3)*(feature15-feature19)))    feature_ID:000001

  1D model(y=sum(ci*di)+c0): 
     coeff.(ci)_task001:     0.2480574021E+03
             c0_task001:     0.2768615492E+03
     RMSE,MaxAE_task001:     0.3450328842E+02    0.1157281560E+03

     RMSE and MaxAE of the model:  34.503288115.728156
--------------------------------------------------------------------------------
Time (second) used for this DI:            0.12

Dimension:   2
-------------------
Feature Construction (FC) starts ...
Total number of features in the space phi00:             20
Total number of features in the space phi01:            703
Total number of features in the space phi02:         236810
Total number of features in the space phi03:     6664212333
Size of the SIS-selected subspace from phi03:      10000
Time (second) used for this FC:         1264.06

Descriptor Identification (DI) starts ...
Total number of SIS-selected features from all dimensions:      20000
 
Final model/descriptor !
================================================================================
  2D descriptor: 
     d001 = ((feature3*(feature14-feature17))+((feature1-feature18)*(feature15-feature19)))    feature_ID:000113
     d002 = (((feature12-feature16)-feature5)*((feature11-feature19)*(feature12-feature20)))    feature_ID:010001

  2D model(y=sum(ci*di)+c0): 
     coeff.(ci)_task001:    -0.3741587905E+03   -0.1483118441E+04
             c0_task001:     0.3726402178E+03
     RMSE,MaxAE_task001:     0.2750202133E+02    0.8950668661E+02

     RMSE and MaxAE of the model:  27.502021 89.506687
================================================================================
Time (second) used for this DI:           25.61
Total time (second):         2568.31
Have a nice day !    

