****************************************************************
  Sure Independence Screening and Sparsifying Operator (SISSO)  
             Version SISSO.3.3, July, 2023.                
****************************************************************

Read in data from train.dat
Read in data from SISSO.in
Property type:     1
Number of tasks:        1
Descriptor dimension:        2
Number of samples for the task(s):     36
Restarts :  0
Number of scalar features:       22
Tier of the feature space:        3
Maximal feature complexity (number of operators in a feature):        6
Unit of input primary feature, each represented by a row vector: 
    1.00
    1.00
    1.00
    1.00
    1.00
    1.00
    1.00
    1.00
    1.00
    1.00
    1.00
    1.00
    1.00
    1.00
    1.00
    1.00
    1.00
    1.00
    1.00
    1.00
    1.00
    1.00
The feature will be discarded if the minimum of the maximal abs. value in it <    0.10000E-02
The faature will be discarded if the maximum of the maximal abs. value in it >     0.10000E+06
Size of the SIS-selected (single) subspace :  10000 10000
Operators for feature construction: (+)(-)(*) (+)(-)(*) (+)(-)(*) 
Method for sparse regression:  L0        
Fitting intercept:      T
Metric for model selection: RMSE
Number of the top-ranked models to output:      100
--------------------------------------------------------------------------------

Dimension:   1
-------------------
Feature Construction (FC) starts ...
Population Standard Deviation (SD) of the task 001:  106.66576
Total number of features in the space phi00:             22
Total number of features in the space phi01:            829
Total number of features in the space phi02:         296217
Total number of features in the space phi03:    10284017886
Size of the SIS-selected subspace from phi03:      10000
Time (second) used for this FC:         1597.08

Descriptor Identification (DI) starts ...
Total number of SIS-selected features from all dimensions:      10000
 
  1D descriptor: 
     d001 = ((feature20*(feature17-feature21))+((feature3+feature4)*(feature14-feature22)))    feature_ID:000001

  1D model(y=sum(ci*di)+c0): 
     coeff.(ci)_task001:     0.3312081266E+03
             c0_task001:     0.3477472957E+03
     RMSE,MaxAE_task001:     0.3202492375E+02    0.1147120338E+03

     RMSE and MaxAE of the model:  32.024924114.712034
--------------------------------------------------------------------------------
Time (second) used for this DI:            0.11

Dimension:   2
-------------------
Feature Construction (FC) starts ...
Total number of features in the space phi00:             22
Total number of features in the space phi01:            829
Total number of features in the space phi02:         296217
Total number of features in the space phi03:    10284017886
Size of the SIS-selected subspace from phi03:      10000
Time (second) used for this FC:         1593.85

Descriptor Identification (DI) starts ...
Total number of SIS-selected features from all dimensions:      20000
 
Final model/descriptor !
================================================================================
  2D descriptor: 
     d001 = ((feature17*(feature3+feature4))+((feature17-feature20)*(feature20+feature21)))    feature_ID:000265
     d002 = ((feature19*(feature19-feature20))+((feature7+feature16)*(feature21-feature14)))    feature_ID:010229

  2D model(y=sum(ci*di)+c0): 
     coeff.(ci)_task001:     0.1555359938E+03   -0.1318320223E+03
             c0_task001:     0.3311579177E+03
     RMSE,MaxAE_task001:     0.2656206162E+02    0.1067328958E+03

     RMSE and MaxAE of the model:  26.562062106.732896
================================================================================
Time (second) used for this DI:           41.93
Total time (second):         3237.63
Have a nice day !    

