****************************************************************
  Sure Independence Screening and Sparsifying Operator (SISSO)  
             Version SISSO.3.3, July, 2023.                
****************************************************************

Read in data from train.dat
Read in data from SISSO.in
Property type:     1
Number of tasks:        1
Descriptor dimension:        2
Number of samples for the task(s):     36
Restarts :  0
Number of scalar features:       18
Tier of the feature space:        3
Maximal feature complexity (number of operators in a feature):        6
Unit of input primary feature, each represented by a row vector: 
    1.00
    1.00
    1.00
    1.00
    1.00
    1.00
    1.00
    1.00
    1.00
    1.00
    1.00
    1.00
    1.00
    1.00
    1.00
    1.00
    1.00
    1.00
The feature will be discarded if the minimum of the maximal abs. value in it <    0.10000E-02
The faature will be discarded if the maximum of the maximal abs. value in it >     0.10000E+06
Size of the SIS-selected (single) subspace :  10000 10000
Operators for feature construction: (+)(-)(*) (+)(-)(*) (+)(-)(*) 
Method for sparse regression:  L0        
Fitting intercept:      T
Metric for model selection: RMSE
Number of the top-ranked models to output:      100
--------------------------------------------------------------------------------

Dimension:   1
-------------------
Feature Construction (FC) starts ...
Population Standard Deviation (SD) of the task 001:   10.01476
Total number of features in the space phi00:             18
Total number of features in the space phi01:            565
Total number of features in the space phi02:         152250
Total number of features in the space phi03:     3093614326
Size of the SIS-selected subspace from phi03:      10000
Time (second) used for this FC:          533.05

Descriptor Identification (DI) starts ...
Total number of SIS-selected features from all dimensions:      10000
 
  1D descriptor: 
     d001 = ((feature18*(feature5+feature15))+((feature12+feature17)*(feature17-feature10)))    feature_ID:000001

  1D model(y=sum(ci*di)+c0): 
     coeff.(ci)_task001:    -0.1892256718E+02
             c0_task001:     0.1886197584E+02
     RMSE,MaxAE_task001:     0.3916110810E+01    0.8785471877E+01

     RMSE and MaxAE of the model:   3.916111  8.785472
--------------------------------------------------------------------------------
Time (second) used for this DI:            0.15

Dimension:   2
-------------------
Feature Construction (FC) starts ...
Total number of features in the space phi00:             18
Total number of features in the space phi01:            565
Total number of features in the space phi02:         152250
Total number of features in the space phi03:     3093614326
Size of the SIS-selected subspace from phi03:      10000
Time (second) used for this FC:          530.40

Descriptor Identification (DI) starts ...
Total number of SIS-selected features from all dimensions:      20000
 
Final model/descriptor !
================================================================================
  2D descriptor: 
     d001 = ((feature12*(feature10+feature14))-((feature4+feature17)*(feature5+feature14)))    feature_ID:000034
     d002 = (((feature12+feature15)-feature18)*((feature1-feature14)*(feature13-feature16)))    feature_ID:019435

  2D model(y=sum(ci*di)+c0): 
     coeff.(ci)_task001:     0.2560656934E+02   -0.4172006033E+02
             c0_task001:     0.2524262294E+01
     RMSE,MaxAE_task001:     0.2673022525E+01    0.6025650042E+01

     RMSE and MaxAE of the model:   2.673023  6.025650
================================================================================
Time (second) used for this DI:           25.70
Total time (second):         1090.13
Have a nice day !    

