
       ==============================================
       |                                            |
       |                 C R E S T                  |
       |                                            |
       |  Conformer-Rotamer Ensemble Sampling Tool  |
       |          based on the GFN methods          |
       |             P.Pracht, S.Grimme             |
       |          Universitaet Bonn, MCTC           |
       ==============================================
       Version 2.12,   Thu 19. Mai 16:32:32 CEST 2022
  Using the xTB program. Compatible with xTB version 6.4.0

   Cite work conducted with this code as

   • P.Pracht, F.Bohle, S.Grimme, PCCP, 2020, 22, 7169-7192.
   • S.Grimme, JCTC, 2019, 15, 2847-2862.

   and for works involving QCG as

   • S.Spicher, C.Plett, P.Pracht, A.Hansen, S.Grimme,
     JCTC, 2022, 18 (5), 3174-3189.

   with help from:
   C.Bannwarth, F.Bohle, S.Ehlert, S.Grimme,
   C.Plett, P.Pracht, S.Spicher

   This program is distributed in the hope that it will be useful,
   but WITHOUT ANY WARRANTY; without even the implied warranty of
   MERCHANTABILITY or FITNESS FOR A PARTICULAR PURPOSE.

 Command line input:
 > crest out.xyz --gfn 2 --chrg 0 -T 1 --noreftopo

  -gfn2 : Use of GFN2-xTB requested.
  --chrg 0
  -T 1 (CPUs/Threads selected)

 -------------------------
 xTB Geometry Optimization
 -------------------------
 Geometry successfully optimized.

------------------------------------------------
Generating MTD length from a flexibility measure
------------------------------------------------
 Calculating WBOs... done.
 Calculating NCI flexibility... done.
     covalent flexibility measure :   0.403
 non-covalent flexibility measure :   0.805
 flexibility measure :   0.457
 t(MTD) / ps    :     6.0
 Σ(t(MTD)) / ps :    84.0 (14 MTDs)

-------------------------------------
Starting a trial MTD to test settings
-------------------------------------
 Estimated runtime for one MTD (6.0 ps) on a single thread: 16 min 15 sec
 Estimated runtime for a batch of 14 MTDs on 1 threads: 3 h 47 min 23 sec

 list of Vbias parameters applied:
$metadyn    0.00300   1.300
$metadyn    0.00150   1.300
$metadyn    0.00075   1.300
$metadyn    0.00300   0.780
$metadyn    0.00150   0.780
$metadyn    0.00075   0.780
$metadyn    0.00300   0.468
$metadyn    0.00150   0.468
$metadyn    0.00075   0.468
$metadyn    0.00300   0.281
$metadyn    0.00150   0.281
$metadyn    0.00075   0.281
$metadyn    0.00100   0.100
$metadyn    0.00500   0.800

*******************************************************************************************
**                        N E W    I T E R A T I O N    C Y C L E                        **
*******************************************************************************************

========================================
            MTD Iteration  1
========================================

     ========================================
     |         Meta-MD (MTD) Sampling       |
     ========================================

Starting Meta-MD  14 with the settings:
     MD time /ps        :     6.0
     dt /fs             :     5.0
     dumpstep(trj) /fs  :     100
     dumpstep(Vbias)/ps :     1.0
     Vbias factor k /Eh :  0.1150
     Vbias exp α /bohr⁻²:    0.80
*Meta-MTD 14 finished*
Starting Meta-MD  13 with the settings:
     MD time /ps        :     6.0
     dt /fs             :     5.0
     dumpstep(trj) /fs  :     100
     dumpstep(Vbias)/ps :     1.0
     Vbias factor k /Eh :  0.0230
     Vbias exp α /bohr⁻²:    0.10
*Meta-MTD 13 finished*
Starting Meta-MD  12 with the settings:
     MD time /ps        :     6.0
     dt /fs             :     5.0
     dumpstep(trj) /fs  :     100
     dumpstep(Vbias)/ps :     1.0
     Vbias factor k /Eh :  0.0173
     Vbias exp α /bohr⁻²:    0.28
*Meta-MTD 12 finished*
Starting Meta-MD  11 with the settings:
     MD time /ps        :     6.0
     dt /fs             :     5.0
     dumpstep(trj) /fs  :     100
     dumpstep(Vbias)/ps :     1.0
     Vbias factor k /Eh :  0.0345
     Vbias exp α /bohr⁻²:    0.28
*Meta-MTD 11 finished*
Starting Meta-MD  10 with the settings:
     MD time /ps        :     6.0
     dt /fs             :     5.0
     dumpstep(trj) /fs  :     100
     dumpstep(Vbias)/ps :     1.0
     Vbias factor k /Eh :  0.0690
     Vbias exp α /bohr⁻²:    0.28
*Meta-MTD 10 finished*
Starting Meta-MD   9 with the settings:
     MD time /ps        :     6.0
     dt /fs             :     5.0
     dumpstep(trj) /fs  :     100
     dumpstep(Vbias)/ps :     1.0
     Vbias factor k /Eh :  0.0173
     Vbias exp α /bohr⁻²:    0.47
*Meta-MTD 9 finished*
Starting Meta-MD   8 with the settings:
     MD time /ps        :     6.0
     dt /fs             :     5.0
     dumpstep(trj) /fs  :     100
     dumpstep(Vbias)/ps :     1.0
     Vbias factor k /Eh :  0.0345
     Vbias exp α /bohr⁻²:    0.47
*Meta-MTD 8 finished*
Starting Meta-MD   7 with the settings:
     MD time /ps        :     6.0
     dt /fs             :     5.0
     dumpstep(trj) /fs  :     100
     dumpstep(Vbias)/ps :     1.0
     Vbias factor k /Eh :  0.0690
     Vbias exp α /bohr⁻²:    0.47
*Meta-MTD 7 finished*
Starting Meta-MD   6 with the settings:
     MD time /ps        :     6.0
     dt /fs             :     5.0
     dumpstep(trj) /fs  :     100
     dumpstep(Vbias)/ps :     1.0
     Vbias factor k /Eh :  0.0173
     Vbias exp α /bohr⁻²:    0.78
*Meta-MTD 6 finished*
Starting Meta-MD   5 with the settings:
     MD time /ps        :     6.0
     dt /fs             :     5.0
     dumpstep(trj) /fs  :     100
     dumpstep(Vbias)/ps :     1.0
     Vbias factor k /Eh :  0.0345
     Vbias exp α /bohr⁻²:    0.78
*Meta-MTD 5 finished*
Starting Meta-MD   4 with the settings:
     MD time /ps        :     6.0
     dt /fs             :     5.0
     dumpstep(trj) /fs  :     100
     dumpstep(Vbias)/ps :     1.0
     Vbias factor k /Eh :  0.0690
     Vbias exp α /bohr⁻²:    0.78
*Meta-MTD 4 finished*
Starting Meta-MD   3 with the settings:
     MD time /ps        :     6.0
     dt /fs             :     5.0
     dumpstep(trj) /fs  :     100
     dumpstep(Vbias)/ps :     1.0
     Vbias factor k /Eh :  0.0173
     Vbias exp α /bohr⁻²:    1.30
*Meta-MTD 3 finished*
Starting Meta-MD   2 with the settings:
     MD time /ps        :     6.0
     dt /fs             :     5.0
     dumpstep(trj) /fs  :     100
     dumpstep(Vbias)/ps :     1.0
     Vbias factor k /Eh :  0.0345
     Vbias exp α /bohr⁻²:    1.30
*Meta-MTD 2 finished*
Starting Meta-MD   1 with the settings:
     MD time /ps        :     6.0
     dt /fs             :     5.0
     dumpstep(trj) /fs  :     100
     dumpstep(Vbias)/ps :     1.0
     Vbias factor k /Eh :  0.0690
     Vbias exp α /bohr⁻²:    1.30
*Meta-MTD 1 finished*

-----------------------
Multilevel Optimization
-----------------------

 -------------------------
 1. crude pre-optimization
 -------------------------
 Optimizing all 826 structures from file "crest_rotamers_0.xyz" ...
 1 2 3 4 5 6 7 8 9 10 11 12 13 14 15 16 17 18 19 20 21 22 23 24 25 26 27 28 29 30 31 32 33 34 35 36 37 38 39 40 41 42 43 44 45 46 47 48 49 50 51 52 53 54 55 56 57 58 59 60 61 62 63 64 65 66 67 68 69 70 71 72 73 74 75 76 77 78 79 80 81 82 83 84 85 86 87 88 89 90 91 92 93 94 95 96 97 98 99 100 101 102 103 104 105 106 107 108 109 110 111 112 113 114 115 116 117 118 119 120 121 122 123 124 125 126 127 128 129 130 131 132 133 134 135 136 137 138 139 140 141 142 143 144 145 146 147 148 149 150 151 152 153 154 155 156 157 158 159 160 161 162 163 164 165 166 167 168 169 170 171 172 173 174 175 176 177 178 179 180 181 182 183 184 185 186 187 188 189 190 191 192 193 194 195 196 197 198 199 200 201 202 203 204 205 206 207 208 209 210 211 212 213 214 215 216 217 218 219 220 221 222 223 224 225 226 227 228 229 230 231 232 233 234 235 236 237 238 239 240 241 242 243 244 245 246 247 248 249 250 251 252 253 254 255 256 257 258 259 260 261 262 263 264 265 266 267 268 269 270 271 272 273 274 275 276 277 278 279 280 281 282 283 284 285 286 287 288 289 290 291 292 293 294 295 296 297 298 299 300 301 302 303 304 305 306 307 308 309 310 311 312 313 314 315 316 317 318 319 320 321 322 323 324 325 326 327 328 329 330 331 332 333 334 335 336 337 338 339 340 341 342 343 344 345 346 347 348 349 350 351 352 353 354 355 356 357 358 359 360 361 362 363 364 365 366 367 368 369 370 371 372 373 374 375 376 377 378 379 380 381 382 383 384 385 386 387 388 389 390 391 392 393 394 395 396 397 398 399 400 401 402 403 404 405 406 407 408 409 410 411 412 413 414 415 416 417 418 419 420 421 422 423 424 425 426 427 428 429 430 431 432 433 434 435 436 437 438 439 440 441 442 443 444 445 446 447 448 449 450 451 452 453 454 455 456 457 458 459 460 461 462 463 464 465 466 467 468 469 470 471 472 473 474 475 476 477 478 479 480 481 482 483 484 485 486 487 488 489 490 491 492 493 494 495 496 497 498 499 500 501 502 503 504 505 506 507 508 509 510 511 512 513 514 515 516 517 518 519 520 521 522 523 524 525 526 527 528 529 530 531 532 533 534 535 536 537 538 539 540 541 542 543 544 545 546 547 548 549 550 551 552 553 554 555 556 557 558 559 560 561 562 563 564 565 566 567 568 569 570 571 572 573 574 575 576 577 578 579 580 581 582 583 584 585 586 587 588 589 590 591 592 593 594 595 596 597 598 599 600 601 602 603 604 605 606 607 608 609 610 611 612 613 614 615 616 617 618 619 620 621 622 623 624 625 626 627 628 629 630 631 632 633 634 635 636 637 638 639 640 641 642 643 644 645 646 647 648 649 650 651 652 653 654 655 656 657 658 659 660 661 662 663 664 665 666 667 668 669 670 671 672 673 674 675 676 677 678 679 680 681 682 683 684 685 686 687 688 689 690 691 692 693 694 695 696 697 698 699 700 701 702 703 704 705 706 707 708 709 710 711 712 713 714 715 716 717 718 719 720 721 722 723 724 725 726 727 728 729 730 731 732 733 734 735 736 737 738 739 740 741 742 743 744 745 746 747 748 749 750 751 752 753 754 755 756 757 758 759 760 761 762 763 764 765 766 767 768 769 770 771 772 773 774 775 776 777 778 779 780 781 782 783 784 785 786 787 788 789 790 791 792 793 794 795 796 797 798 799 800 801 802 803 804 805 806 807 808 809 810 811 812 813 814 815 816 817 818 819 820 821 822 823 824 825 826
 done.
 running RMSDs...
 done.
 E lowest :   -23.15892
 719 structures remain within    12.00 kcal/mol window

 -------------------------------------
 2. optimization with tight thresholds
 -------------------------------------
 Optimizing all 720 structures from file "crest_rotamers_1.xyz" ...
 1 2 3 4 5 6 7 8 9 10 11 12 13 14 15 16 17 18 19 20 21 22 23 24 25 26 27 28 29 30 31 32 33 34 35 36 37 38 39 40 41 42 43 44 45 46 47 48 49 50 51 52 53 54 55 56 57 58 59 60 61 62 63 64 65 66 67 68 69 70 71 72 73 74 75 76 77 78 79 80 81 82 83 84 85 86 87 88 89 90 91 92 93 94 95 96 97 98 99 100 101 102 103 104 105 106 107 108 109 110 111 112 113 114 115 116 117 118 119 120 121 122 123 124 125 126 127 128 129 130 131 132 133 134 135 136 137 138 139 140 141 142 143 144 145 146 147 148 149 150 151 152 153 154 155 156 157 158 159 160 161 162 163 164 165 166 167 168 169 170 171 172 173 174 175 176 177 178 179 180 181 182 183 184 185 186 187 188 189 190 191 192 193 194 195 196 197 198 199 200 201 202 203 204 205 206 207 208 209 210 211 212 213 214 215 216 217 218 219 220 221 222 223 224 225 226 227 228 229 230 231 232 233 234 235 236 237 238 239 240 241 242 243 244 245 246 247 248 249 250 251 252 253 254 255 256 257 258 259 260 261 262 263 264 265 266 267 268 269 270 271 272 273 274 275 276 277 278 279 280 281 282 283 284 285 286 287 288 289 290 291 292 293 294 295 296 297 298 299 300 301 302 303 304 305 306 307 308 309 310 311 312 313 314 315 316 317 318 319 320 321 322 323 324 325 326 327 328 329 330 331 332 333 334 335 336 337 338 339 340 341 342 343 344 345 346 347 348 349 350 351 352 353 354 355 356 357 358 359 360 361 362 363 364 365 366 367 368 369 370 371 372 373 374 375 376 377 378 379 380 381 382 383 384 385 386 387 388 389 390 391 392 393 394 395 396 397 398 399 400 401 402 403 404 405 406 407 408 409 410 411 412 413 414 415 416 417 418 419 420 421 422 423 424 425 426 427 428 429 430 431 432 433 434 435 436 437 438 439 440 441 442 443 444 445 446 447 448 449 450 451 452 453 454 455 456 457 458 459 460 461 462 463 464 465 466 467 468 469 470 471 472 473 474 475 476 477 478 479 480 481 482 483 484 485 486 487 488 489 490 491 492 493 494 495 496 497 498 499 500 501 502 503 504 505 506 507 508 509 510 511 512 513 514 515 516 517 518 519 520 521 522 523 524 525 526 527 528 529 530 531 532 533 534 535 536 537 538 539 540 541 542 543 544 545 546 547 548 549 550 551 552 553 554 555 556 557 558 559 560 561 562 563 564 565 566 567 568 569 570 571 572 573 574 575 576 577 578 579 580 581 582 583 584 585 586 587 588 589 590 591 592 593 594 595 596 597 598 599 600 601 602 603 604 605 606 607 608 609 610 611 612 613 614 615 616 617 618 619 620 621 622 623 624 625 626 627 628 629 630 631 632 633 634 635 636 637 638 639 640 641 642 643 644 645 646 647 648 649 650 651 652 653 654 655 656 657 658 659 660 661 662 663 664 665 666 667 668 669 670 671 672 673 674 675 676 677 678 679 680 681 682 683 684 685 686 687 688 689 690 691 692 693 694 695 696 697 698 699 700 701 702 703 704 705 706 707 708 709 710 711 712 713 714 715 716 717 718 719 720
 done.
 running RMSDs...
 done.
 E lowest :   -23.15920
 300 structures remain within     6.00 kcal/mol window


========================================
            MTD Iteration  2
========================================

     ========================================
     |         Meta-MD (MTD) Sampling       |
     ========================================

Starting Meta-MD  12 with the settings:
     MD time /ps        :     6.0
     dt /fs             :     5.0
     dumpstep(trj) /fs  :     100
     dumpstep(Vbias)/ps :     1.0
     Vbias factor k /Eh :  0.0173
     Vbias exp α /bohr⁻²:    0.28
*Meta-MTD 12 finished*
Starting Meta-MD  11 with the settings:
     MD time /ps        :     6.0
     dt /fs             :     5.0
     dumpstep(trj) /fs  :     100
     dumpstep(Vbias)/ps :     1.0
     Vbias factor k /Eh :  0.0345
     Vbias exp α /bohr⁻²:    0.28
*Meta-MTD 11 finished*
Starting Meta-MD  10 with the settings:
     MD time /ps        :     6.0
     dt /fs             :     5.0
     dumpstep(trj) /fs  :     100
     dumpstep(Vbias)/ps :     1.0
     Vbias factor k /Eh :  0.0690
     Vbias exp α /bohr⁻²:    0.28
*Meta-MTD 10 finished*
Starting Meta-MD   9 with the settings:
     MD time /ps        :     6.0
     dt /fs             :     5.0
     dumpstep(trj) /fs  :     100
     dumpstep(Vbias)/ps :     1.0
     Vbias factor k /Eh :  0.0173
     Vbias exp α /bohr⁻²:    0.47
*Meta-MTD 9 finished*
Starting Meta-MD   8 with the settings:
     MD time /ps        :     6.0
     dt /fs             :     5.0
     dumpstep(trj) /fs  :     100
     dumpstep(Vbias)/ps :     1.0
     Vbias factor k /Eh :  0.0345
     Vbias exp α /bohr⁻²:    0.47
*Meta-MTD 8 finished*
Starting Meta-MD   7 with the settings:
     MD time /ps        :     6.0
     dt /fs             :     5.0
     dumpstep(trj) /fs  :     100
     dumpstep(Vbias)/ps :     1.0
     Vbias factor k /Eh :  0.0690
     Vbias exp α /bohr⁻²:    0.47
*Meta-MTD 7 finished*
Starting Meta-MD   6 with the settings:
     MD time /ps        :     6.0
     dt /fs             :     5.0
     dumpstep(trj) /fs  :     100
     dumpstep(Vbias)/ps :     1.0
     Vbias factor k /Eh :  0.0173
     Vbias exp α /bohr⁻²:    0.78
*Meta-MTD 6 finished*
Starting Meta-MD   5 with the settings:
     MD time /ps        :     6.0
     dt /fs             :     5.0
     dumpstep(trj) /fs  :     100
     dumpstep(Vbias)/ps :     1.0
     Vbias factor k /Eh :  0.0345
     Vbias exp α /bohr⁻²:    0.78
*Meta-MTD 5 finished*
Starting Meta-MD   4 with the settings:
     MD time /ps        :     6.0
     dt /fs             :     5.0
     dumpstep(trj) /fs  :     100
     dumpstep(Vbias)/ps :     1.0
     Vbias factor k /Eh :  0.0690
     Vbias exp α /bohr⁻²:    0.78
*Meta-MTD 4 finished*
Starting Meta-MD   3 with the settings:
     MD time /ps        :     6.0
     dt /fs             :     5.0
     dumpstep(trj) /fs  :     100
     dumpstep(Vbias)/ps :     1.0
     Vbias factor k /Eh :  0.0173
     Vbias exp α /bohr⁻²:    1.30
*Meta-MTD 3 finished*
Starting Meta-MD   2 with the settings:
     MD time /ps        :     6.0
     dt /fs             :     5.0
     dumpstep(trj) /fs  :     100
     dumpstep(Vbias)/ps :     1.0
     Vbias factor k /Eh :  0.0345
     Vbias exp α /bohr⁻²:    1.30
*Meta-MTD 2 finished*
Starting Meta-MD   1 with the settings:
     MD time /ps        :     6.0
     dt /fs             :     5.0
     dumpstep(trj) /fs  :     100
     dumpstep(Vbias)/ps :     1.0
     Vbias factor k /Eh :  0.0690
     Vbias exp α /bohr⁻²:    1.30
*Meta-MTD 1 finished*

-----------------------
Multilevel Optimization
-----------------------

 -------------------------
 1. crude pre-optimization
 -------------------------
 Optimizing all 708 structures from file "crest_rotamers_0.xyz" ...
 1 2 3 4 5 6 7 8 9 10 11 12 13 14 15 16 17 18 19 20 21 22 23 24 25 26 27 28 29 30 31 32 33 34 35 36 37 38 39 40 41 42 43 44 45 46 47 48 49 50 51 52 53 54 55 56 57 58 59 60 61 62 63 64 65 66 67 68 69 70 71 72 73 74 75 76 77 78 79 80 81 82 83 84 85 86 87 88 89 90 91 92 93 94 95 96 97 98 99 100 101 102 103 104 105 106 107 108 109 110 111 112 113 114 115 116 117 118 119 120 121 122 123 124 125 126 127 128 129 130 131 132 133 134 135 136 137 138 139 140 141 142 143 144 145 146 147 148 149 150 151 152 153 154 155 156 157 158 159 160 161 162 163 164 165 166 167 168 169 170 171 172 173 174 175 176 177 178 179 180 181 182 183 184 185 186 187 188 189 190 191 192 193 194 195 196 197 198 199 200 201 202 203 204 205 206 207 208 209 210 211 212 213 214 215 216 217 218 219 220 221 222 223 224 225 226 227 228 229 230 231 232 233 234 235 236 237 238 239 240 241 242 243 244 245 246 247 248 249 250 251 252 253 254 255 256 257 258 259 260 261 262 263 264 265 266 267 268 269 270 271 272 273 274 275 276 277 278 279 280 281 282 283 284 285 286 287 288 289 290 291 292 293 294 295 296 297 298 299 300 301 302 303 304 305 306 307 308 309 310 311 312 313 314 315 316 317 318 319 320 321 322 323 324 325 326 327 328 329 330 331 332 333 334 335 336 337 338 339 340 341 342 343 344 345 346 347 348 349 350 351 352 353 354 355 356 357 358 359 360 361 362 363 364 365 366 367 368 369 370 371 372 373 374 375 376 377 378 379 380 381 382 383 384 385 386 387 388 389 390 391 392 393 394 395 396 397 398 399 400 401 402 403 404 405 406 407 408 409 410 411 412 413 414 415 416 417 418 419 420 421 422 423 424 425 426 427 428 429 430 431 432 433 434 435 436 437 438 439 440 441 442 443 444 445 446 447 448 449 450 451 452 453 454 455 456 457 458 459 460 461 462 463 464 465 466 467 468 469 470 471 472 473 474 475 476 477 478 479 480 481 482 483 484 485 486 487 488 489 490 491 492 493 494 495 496 497 498 499 500 501 502 503 504 505 506 507 508 509 510 511 512 513 514 515 516 517 518 519 520 521 522 523 524 525 526 527 528 529 530 531 532 533 534 535 536 537 538 539 540 541 542 543 544 545 546 547 548 549 550 551 552 553 554 555 556 557 558 559 560 561 562 563 564 565 566 567 568 569 570 571 572 573 574 575 576 577 578 579 580 581 582 583 584 585 586 587 588 589 590 591 592 593 594 595 596 597 598 599 600 601 602 603 604 605 606 607 608 609 610 611 612 613 614 615 616 617 618 619 620 621 622 623 624 625 626 627 628 629 630 631 632 633 634 635 636 637 638 639 640 641 642 643 644 645 646 647 648 649 650 651 652 653 654 655 656 657 658 659 660 661 662 663 664 665 666 667 668 669 670 671 672 673 674 675 676 677 678 679 680 681 682 683 684 685 686 687 688 689 690 691 692 693 694 695 696 697 698 699 700 701 702 703 704 705 706 707 708
 done.
 running RMSDs...
 done.
 E lowest :   -23.15905
 591 structures remain within    12.00 kcal/mol window

 -------------------------------------
 2. optimization with tight thresholds
 -------------------------------------
 Optimizing all 592 structures from file "crest_rotamers_1.xyz" ...
 1 2 3 4 5 6 7 8 9 10 11 12 13 14 15 16 17 18 19 20 21 22 23 24 25 26 27 28 29 30 31 32 33 34 35 36 37 38 39 40 41 42 43 44 45 46 47 48 49 50 51 52 53 54 55 56 57 58 59 60 61 62 63 64 65 66 67 68 69 70 71 72 73 74 75 76 77 78 79 80 81 82 83 84 85 86 87 88 89 90 91 92 93 94 95 96 97 98 99 100 101 102 103 104 105 106 107 108 109 110 111 112 113 114 115 116 117 118 119 120 121 122 123 124 125 126 127 128 129 130 131 132 133 134 135 136 137 138 139 140 141 142 143 144 145 146 147 148 149 150 151 152 153 154 155 156 157 158 159 160 161 162 163 164 165 166 167 168 169 170 171 172 173 174 175 176 177 178 179 180 181 182 183 184 185 186 187 188 189 190 191 192 193 194 195 196 197 198 199 200 201 202 203 204 205 206 207 208 209 210 211 212 213 214 215 216 217 218 219 220 221 222 223 224 225 226 227 228 229 230 231 232 233 234 235 236 237 238 239 240 241 242 243 244 245 246 247 248 249 250 251 252 253 254 255 256 257 258 259 260 261 262 263 264 265 266 267 268 269 270 271 272 273 274 275 276 277 278 279 280 281 282 283 284 285 286 287 288 289 290 291 292 293 294 295 296 297 298 299 300 301 302 303 304 305 306 307 308 309 310 311 312 313 314 315 316 317 318 319 320 321 322 323 324 325 326 327 328 329 330 331 332 333 334 335 336 337 338 339 340 341 342 343 344 345 346 347 348 349 350 351 352 353 354 355 356 357 358 359 360 361 362 363 364 365 366 367 368 369 370 371 372 373 374 375 376 377 378 379 380 381 382 383 384 385 386 387 388 389 390 391 392 393 394 395 396 397 398 399 400 401 402 403 404 405 406 407 408 409 410 411 412 413 414 415 416 417 418 419 420 421 422 423 424 425 426 427 428 429 430 431 432 433 434 435 436 437 438 439 440 441 442 443 444 445 446 447 448 449 450 451 452 453 454 455 456 457 458 459 460 461 462 463 464 465 466 467 468 469 470 471 472 473 474 475 476 477 478 479 480 481 482 483 484 485 486 487 488 489 490 491 492 493 494 495 496 497 498 499 500 501 502 503 504 505 506 507 508 509 510 511 512 513 514 515 516 517 518 519 520 521 522 523 524 525 526 527 528 529 530 531 532 533 534 535 536 537 538 539 540 541 542 543 544 545 546 547 548 549 550 551 552 553 554 555 556 557 558 559 560 561 562 563 564 565 566 567 568 569 570 571 572 573 574 575 576 577 578 579 580 581 582 583 584 585 586 587 588 589 590 591 592
 done.
 running RMSDs...
 done.
 E lowest :   -23.15920
 212 structures remain within     6.00 kcal/mol window

========================================
            MTD Iterations done         
========================================
 Collecting ensmbles.
 running RMSDs...
 done.
 E lowest :   -23.15920
 421 structures remain within     6.00 kcal/mol window

-----------------------------------------------
Additional regular MDs on lowest 4 conformer(s)
-----------------------------------------------
Starting MD   8 with the settings:
     MD time /ps        :     3.0
     MD Temperature /K  :   500.0
     dt /fs             :     5.0
     dumpstep(trj) /fs  :     100
*MD 8 finished*
Starting MD   7 with the settings:
     MD time /ps        :     3.0
     MD Temperature /K  :   400.0
     dt /fs             :     5.0
     dumpstep(trj) /fs  :     100
*MD 7 finished*
Starting MD   6 with the settings:
     MD time /ps        :     3.0
     MD Temperature /K  :   500.0
     dt /fs             :     5.0
     dumpstep(trj) /fs  :     100
*MD 6 finished*
Starting MD   5 with the settings:
     MD time /ps        :     3.0
     MD Temperature /K  :   400.0
     dt /fs             :     5.0
     dumpstep(trj) /fs  :     100
*MD 5 finished*
Starting MD   4 with the settings:
     MD time /ps        :     3.0
     MD Temperature /K  :   500.0
     dt /fs             :     5.0
     dumpstep(trj) /fs  :     100
*MD 4 finished*
Starting MD   3 with the settings:
     MD time /ps        :     3.0
     MD Temperature /K  :   400.0
     dt /fs             :     5.0
     dumpstep(trj) /fs  :     100
*MD 3 finished*
Starting MD   2 with the settings:
     MD time /ps        :     3.0
     MD Temperature /K  :   500.0
     dt /fs             :     5.0
     dumpstep(trj) /fs  :     100
*MD 2 finished*
Starting MD   1 with the settings:
     MD time /ps        :     3.0
     MD Temperature /K  :   400.0
     dt /fs             :     5.0
     dumpstep(trj) /fs  :     100
*MD 1 finished*
 Appending file crest_rotamers_1.xyz with new structures

 -------------------------------------------
 Ensemble optimization with tight thresholds
 -------------------------------------------
 Optimizing all 653 structures from file "crest_rotamers_1.xyz" ...
 1 2 3 4 5 6 7 8 9 10 11 12 13 14 15 16 17 18 19 20 21 22 23 24 25 26 27 28 29 30 31 32 33 34 35 36 37 38 39 40 41 42 43 44 45 46 47 48 49 50 51 52 53 54 55 56 57 58 59 60 61 62 63 64 65 66 67 68 69 70 71 72 73 74 75 76 77 78 79 80 81 82 83 84 85 86 87 88 89 90 91 92 93 94 95 96 97 98 99 100 101 102 103 104 105 106 107 108 109 110 111 112 113 114 115 116 117 118 119 120 121 122 123 124 125 126 127 128 129 130 131 132 133 134 135 136 137 138 139 140 141 142 143 144 145 146 147 148 149 150 151 152 153 154 155 156 157 158 159 160 161 162 163 164 165 166 167 168 169 170 171 172 173 174 175 176 177 178 179 180 181 182 183 184 185 186 187 188 189 190 191 192 193 194 195 196 197 198 199 200 201 202 203 204 205 206 207 208 209 210 211 212 213 214 215 216 217 218 219 220 221 222 223 224 225 226 227 228 229 230 231 232 233 234 235 236 237 238 239 240 241 242 243 244 245 246 247 248 249 250 251 252 253 254 255 256 257 258 259 260 261 262 263 264 265 266 267 268 269 270 271 272 273 274 275 276 277 278 279 280 281 282 283 284 285 286 287 288 289 290 291 292 293 294 295 296 297 298 299 300 301 302 303 304 305 306 307 308 309 310 311 312 313 314 315 316 317 318 319 320 321 322 323 324 325 326 327 328 329 330 331 332 333 334 335 336 337 338 339 340 341 342 343 344 345 346 347 348 349 350 351 352 353 354 355 356 357 358 359 360 361 362 363 364 365 366 367 368 369 370 371 372 373 374 375 376 377 378 379 380 381 382 383 384 385 386 387 388 389 390 391 392 393 394 395 396 397 398 399 400 401 402 403 404 405 406 407 408 409 410 411 412 413 414 415 416 417 418 419 420 421 422 423 424 425 426 427 428 429 430 431 432 433 434 435 436 437 438 439 440 441 442 443 444 445 446 447 448 449 450 451 452 453 454 455 456 457 458 459 460 461 462 463 464 465 466 467 468 469 470 471 472 473 474 475 476 477 478 479 480 481 482 483 484 485 486 487 488 489 490 491 492 493 494 495 496 497 498 499 500 501 502 503 504 505 506 507 508 509 510 511 512 513 514 515 516 517 518 519 520 521 522 523 524 525 526 527 528 529 530 531 532 533 534 535 536 537 538 539 540 541 542 543 544 545 546 547 548 549 550 551 552 553 554 555 556 557 558 559 560 561 562 563 564 565 566 567 568 569 570 571 572 573 574 575 576 577 578 579 580 581 582 583 584 585 586 587 588 589 590 591 592 593 594 595 596 597 598 599 600 601 602 603 604 605 606 607 608 609 610 611 612 613 614 615 616 617 618 619 620 621 622 623 624 625 626 627 628 629 630 631 632 633 634 635 636 637 638 639 640 641 642 643 644 645 646 647 648 649 650 651 652 653
 done.
 running RMSDs...
 done.
 E lowest :   -23.15920
 437 structures remain within     6.00 kcal/mol window


     ========================================
     |        Structure Crossing (GC)       |
     ========================================
 =============================
  # threads =           1
 =============================
 input  file name : crest_rotamers_3.xyz
number of atoms                :    23
number of points on xyz files  :   437
conformer energy window  /kcal :    6.00
CN per atom difference cut-off :  0.3000
RMSD threshold                 :  0.2500
max. # of generated structures : 300
 reading xyz file ...
 # in E window                437
 generating pairs ...       95702
  22.9 % done
  45.8 % done
  68.6 % done
  91.5 % done
 generated pairs           :       94384
 number of clash discarded :         882
 average rmsd w.r.t input  : 2.97064
 sd of ensemble            : 0.54079
 number of new structures      :           9
 removed identical structures  :         591
 writing            9  TMPCONF* dirs ...
 --------------------------
 GC: loose pre-optimization
 --------------------------
 Starting optimization of generated structures
 9 jobs to do.
 1 2 3 4 5 6 7 8 9 
 done.
 Now appending opt.xyz file with new structures
 running RMSDs...
 done.
 E lowest :   -23.15919
 9 structures remain within    10.00 kcal/mol window
 --------------------------------------
 GC: optimization with tight thresholds
 --------------------------------------
 Optimizing all 9 structures from file "crest_rotamers_1.xyz" ...
 1 2 3 4 5 6 7 8 9
 done.
 running RMSDs...
 done.
 E lowest :   -23.15920


   ================================================
   |           Final Geometry Optimization        |
   ================================================
 ------------------------------------------------
 Ensemble optimization with very tight thresholds
 ------------------------------------------------
 Optimizing all 438 structures from file "crest_rotamers_4.xyz" ...
 1 2 3 4 5 6 7 8 9 10 11 12 13 14 15 16 17 18 19 20 21 22 23 24 25 26 27 28 29 30 31 32 33 34 35 36 37 38 39 40 41 42 43 44 45 46 47 48 49 50 51 52 53 54 55 56 57 58 59 60 61 62 63 64 65 66 67 68 69 70 71 72 73 74 75 76 77 78 79 80 81 82 83 84 85 86 87 88 89 90 91 92 93 94 95 96 97 98 99 100 101 102 103 104 105 106 107 108 109 110 111 112 113 114 115 116 117 118 119 120 121 122 123 124 125 126 127 128 129 130 131 132 133 134 135 136 137 138 139 140 141 142 143 144 145 146 147 148 149 150 151 152 153 154 155 156 157 158 159 160 161 162 163 164 165 166 167 168 169 170 171 172 173 174 175 176 177 178 179 180 181 182 183 184 185 186 187 188 189 190 191 192 193 194 195 196 197 198 199 200 201 202 203 204 205 206 207 208 209 210 211 212 213 214 215 216 217 218 219 220 221 222 223 224 225 226 227 228 229 230 231 232 233 234 235 236 237 238 239 240 241 242 243 244 245 246 247 248 249 250 251 252 253 254 255 256 257 258 259 260 261 262 263 264 265 266 267 268 269 270 271 272 273 274 275 276 277 278 279 280 281 282 283 284 285 286 287 288 289 290 291 292 293 294 295 296 297 298 299 300 301 302 303 304 305 306 307 308 309 310 311 312 313 314 315 316 317 318 319 320 321 322 323 324 325 326 327 328 329 330 331 332 333 334 335 336 337 338 339 340 341 342 343 344 345 346 347 348 349 350 351 352 353 354 355 356 357 358 359 360 361 362 363 364 365 366 367 368 369 370 371 372 373 374 375 376 377 378 379 380 381 382 383 384 385 386 387 388 389 390 391 392 393 394 395 396 397 398 399 400 401 402 403 404 405 406 407 408 409 410 411 412 413 414 415 416 417 418 419 420 421 422 423 424 425 426 427 428 429 430 431 432 433 434 435 436 437 438
 done.
 running RMSDs...
 done.
 E lowest :   -23.15920
 438 structures remain within     6.00 kcal/mol window

 input  file name : crest_rotamers_5.xyz
 output file name : crest_rotamers_6.xyz
 number of atoms                :   23
 number of points on xyz files  :   438
 RMSD threshold                 :   0.1250
 Bconst threshold               :   0.0100
 population threshold           :   0.0500
 conformer energy window  /kcal :   6.0000
 # fragment in coord            :     1
 # bonds in reference structure :    22
 number of reliable points      :   438
 reference state Etot :  -23.159199520000001
 number of doubles removed by rot/RMSD         :           0
 total number unique points considered further :         438
       Erel/kcal        Etot weight/tot  conformer     set   degen     origin
       1   0.000   -23.15920    0.00392    0.42269       1     108     mtd13
       2   0.000   -23.15920    0.00392                                mtd12
       3   0.000   -23.15920    0.00392                                mtd7
       4   0.000   -23.15920    0.00392                                mtd8
       5   0.000   -23.15920    0.00392                                mtd8
       6   0.000   -23.15920    0.00392                                mtd8
       7   0.000   -23.15920    0.00392                                mtd5
       8   0.000   -23.15920    0.00392                                mtd8
       9   0.000   -23.15920    0.00392                                mtd10
      10   0.000   -23.15920    0.00392                                mtd7
      11   0.000   -23.15920    0.00392                                mtd12
      12   0.000   -23.15920    0.00392                                mtd11
      13   0.000   -23.15920    0.00392                                mtd8
      14   0.000   -23.15920    0.00392                                mtd2
      15   0.000   -23.15920    0.00392                                mtd9
      16   0.000   -23.15920    0.00392                                mtd10
      17   0.000   -23.15920    0.00392                                mtd8
      18   0.000   -23.15920    0.00392                                mtd11
      19   0.000   -23.15920    0.00392                                mtd8
      20   0.000   -23.15920    0.00392                                mtd2
      21   0.000   -23.15920    0.00392                                mtd11
      22   0.000   -23.15920    0.00392                                mtd10
      23   0.000   -23.15920    0.00392                                mtd4
      24   0.000   -23.15920    0.00392                                mtd3
      25   0.000   -23.15920    0.00392                                mtd10
      26   0.000   -23.15920    0.00392                                mtd10
      27   0.000   -23.15920    0.00392                                mtd7
      28   0.000   -23.15920    0.00392                                md2
      29   0.000   -23.15920    0.00392                                mtd5
      30   0.000   -23.15920    0.00392                                mtd8
      31   0.000   -23.15920    0.00392                                mtd8
      32   0.000   -23.15920    0.00392                                md2
      33   0.000   -23.15920    0.00392                                mtd8
      34   0.000   -23.15920    0.00392                                mtd5
      35   0.000   -23.15920    0.00392                                md8
      36   0.000   -23.15920    0.00392                                mtd9
      37   0.000   -23.15920    0.00392                                mtd7
      38   0.000   -23.15920    0.00392                                mtd10
      39   0.000   -23.15920    0.00392                                mtd10
      40   0.000   -23.15920    0.00392                                mtd8
      41   0.000   -23.15920    0.00392                                mtd8
      42   0.000   -23.15920    0.00392                                mtd8
      43   0.000   -23.15920    0.00392                                mtd7
      44   0.000   -23.15920    0.00392                                mtd12
      45   0.000   -23.15920    0.00392                                mtd8
      46   0.000   -23.15920    0.00391                                mtd10
      47   0.000   -23.15920    0.00391                                mtd3
      48   0.000   -23.15920    0.00391                                gc
      49   0.000   -23.15920    0.00391                                mtd1
      50   0.000   -23.15920    0.00391                                mtd14
      51   0.000   -23.15920    0.00391                                md8
      52   0.000   -23.15920    0.00391                                mtd7
      53   0.000   -23.15920    0.00391                                mtd8
      54   0.000   -23.15920    0.00391                                mtd2
      55   0.000   -23.15920    0.00391                                mtd12
      56   0.000   -23.15920    0.00391                                mtd2
      57   0.000   -23.15920    0.00391                                mtd6
      58   0.000   -23.15920    0.00391                                mtd14
      59   0.000   -23.15920    0.00391                                mtd7
      60   0.000   -23.15920    0.00391                                mtd9
      61   0.000   -23.15920    0.00391                                mtd8
      62   0.000   -23.15920    0.00391                                mtd9
      63   0.000   -23.15920    0.00391                                mtd8
      64   0.000   -23.15920    0.00391                                mtd8
      65   0.000   -23.15920    0.00391                                mtd1
      66   0.000   -23.15920    0.00391                                mtd3
      67   0.000   -23.15920    0.00391                                mtd9
      68   0.000   -23.15920    0.00391                                mtd9
      69   0.000   -23.15920    0.00391                                mtd11
      70   0.000   -23.15920    0.00391                                mtd11
      71   0.000   -23.15920    0.00391                                mtd2
      72   0.000   -23.15920    0.00391                                mtd8
      73   0.000   -23.15920    0.00391                                mtd8
      74   0.000   -23.15920    0.00391                                mtd8
      75   0.000   -23.15920    0.00391                                mtd9
      76   0.000   -23.15920    0.00391                                md1
      77   0.000   -23.15920    0.00391                                mtd11
      78   0.000   -23.15920    0.00391                                mtd7
      79   0.000   -23.15920    0.00391                                md1
      80   0.000   -23.15920    0.00391                                mtd10
      81   0.000   -23.15920    0.00391                                mtd7
      82   0.000   -23.15920    0.00391                                mtd7
      83   0.000   -23.15920    0.00391                                mtd8
      84   0.000   -23.15920    0.00391                                mtd8
      85   0.000   -23.15920    0.00391                                mtd12
      86   0.000   -23.15920    0.00391                                mtd8
      87   0.000   -23.15920    0.00391                                mtd8
      88   0.000   -23.15920    0.00391                                mtd14
      89   0.000   -23.15920    0.00391                                mtd10
      90   0.001   -23.15920    0.00391                                mtd9
      91   0.001   -23.15920    0.00391                                mtd5
      92   0.001   -23.15920    0.00391                                mtd14
      93   0.001   -23.15920    0.00391                                mtd14
      94   0.001   -23.15920    0.00391                                mtd11
      95   0.001   -23.15920    0.00391                                mtd11
      96   0.001   -23.15920    0.00391                                mtd5
      97   0.001   -23.15920    0.00391                                mtd14
      98   0.001   -23.15920    0.00391                                mtd8
      99   0.001   -23.15920    0.00391                                md2
     100   0.001   -23.15920    0.00391                                mtd5
     101   0.001   -23.15920    0.00391                                mtd8
     102   0.001   -23.15920    0.00391                                mtd7
     103   0.001   -23.15920    0.00391                                mtd4
     104   0.001   -23.15920    0.00391                                mtd11
     105   0.001   -23.15920    0.00391                                mtd14
     106   0.001   -23.15920    0.00391                                mtd12
     107   0.001   -23.15920    0.00391                                mtd8
     108   0.002   -23.15920    0.00391                                mtd13
     109   0.268   -23.15877    0.00249    0.45789       2     184     mtd12
     110   0.268   -23.15877    0.00249                                mtd11
     111   0.268   -23.15877    0.00249                                mtd6
     112   0.268   -23.15877    0.00249                                mtd7
     113   0.268   -23.15877    0.00249                                mtd3
     114   0.268   -23.15877    0.00249                                md4
     115   0.268   -23.15877    0.00249                                mtd10
     116   0.268   -23.15877    0.00249                                md8
     117   0.268   -23.15877    0.00249                                mtd2
     118   0.268   -23.15877    0.00249                                mtd1
     119   0.268   -23.15877    0.00249                                mtd4
     120   0.268   -23.15877    0.00249                                md3
     121   0.268   -23.15877    0.00249                                mtd1
     122   0.268   -23.15877    0.00249                                mtd8
     123   0.268   -23.15877    0.00249                                mtd5
     124   0.268   -23.15877    0.00249                                mtd11
     125   0.268   -23.15877    0.00249                                mtd11
     126   0.268   -23.15877    0.00249                                mtd2
     127   0.268   -23.15877    0.00249                                mtd13
     128   0.268   -23.15877    0.00249                                mtd2
     129   0.268   -23.15877    0.00249                                mtd7
     130   0.268   -23.15877    0.00249                                mtd1
     131   0.268   -23.15877    0.00249                                mtd3
     132   0.268   -23.15877    0.00249                                md3
     133   0.268   -23.15877    0.00249                                mtd2
     134   0.268   -23.15877    0.00249                                mtd7
     135   0.268   -23.15877    0.00249                                mtd13
     136   0.268   -23.15877    0.00249                                mtd14
     137   0.268   -23.15877    0.00249                                mtd6
     138   0.268   -23.15877    0.00249                                mtd4
     139   0.268   -23.15877    0.00249                                mtd9
     140   0.268   -23.15877    0.00249                                mtd6
     141   0.268   -23.15877    0.00249                                mtd4
     142   0.268   -23.15877    0.00249                                mtd12
     143   0.268   -23.15877    0.00249                                mtd11
     144   0.268   -23.15877    0.00249                                mtd11
     145   0.268   -23.15877    0.00249                                mtd12
     146   0.268   -23.15877    0.00249                                mtd6
     147   0.268   -23.15877    0.00249                                mtd11
     148   0.268   -23.15877    0.00249                                md2
     149   0.268   -23.15877    0.00249                                mtd6
     150   0.268   -23.15877    0.00249                                mtd6
     151   0.268   -23.15877    0.00249                                mtd6
     152   0.268   -23.15877    0.00249                                mtd10
     153   0.268   -23.15877    0.00249                                mtd8
     154   0.268   -23.15877    0.00249                                mtd2
     155   0.268   -23.15877    0.00249                                mtd12
     156   0.268   -23.15877    0.00249                                mtd11
     157   0.268   -23.15877    0.00249                                mtd1
     158   0.268   -23.15877    0.00249                                mtd6
     159   0.268   -23.15877    0.00249                                mtd4
     160   0.268   -23.15877    0.00249                                mtd3
     161   0.268   -23.15877    0.00249                                mtd6
     162   0.268   -23.15877    0.00249                                mtd4
     163   0.268   -23.15877    0.00249                                mtd11
     164   0.268   -23.15877    0.00249                                mtd5
     165   0.268   -23.15877    0.00249                                mtd1
     166   0.268   -23.15877    0.00249                                mtd1
     167   0.268   -23.15877    0.00249                                mtd7
     168   0.268   -23.15877    0.00249                                mtd1
     169   0.268   -23.15877    0.00249                                mtd12
     170   0.268   -23.15877    0.00249                                mtd1
     171   0.268   -23.15877    0.00249                                mtd14
     172   0.268   -23.15877    0.00249                                mtd1
     173   0.268   -23.15877    0.00249                                mtd6
     174   0.268   -23.15877    0.00249                                mtd5
     175   0.268   -23.15877    0.00249                                mtd7
     176   0.268   -23.15877    0.00249                                mtd1
     177   0.268   -23.15877    0.00249                                mtd4
     178   0.268   -23.15877    0.00249                                mtd10
     179   0.268   -23.15877    0.00249                                mtd11
     180   0.268   -23.15877    0.00249                                mtd3
     181   0.268   -23.15877    0.00249                                mtd8
     182   0.268   -23.15877    0.00249                                mtd3
     183   0.268   -23.15877    0.00249                                mtd3
     184   0.268   -23.15877    0.00249                                mtd1
     185   0.268   -23.15877    0.00249                                mtd14
     186   0.268   -23.15877    0.00249                                mtd2
     187   0.268   -23.15877    0.00249                                mtd10
     188   0.268   -23.15877    0.00249                                mtd2
     189   0.268   -23.15877    0.00249                                mtd2
     190   0.268   -23.15877    0.00249                                mtd9
     191   0.268   -23.15877    0.00249                                mtd3
     192   0.268   -23.15877    0.00249                                mtd2
     193   0.268   -23.15877    0.00249                                mtd12
     194   0.268   -23.15877    0.00249                                mtd7
     195   0.268   -23.15877    0.00249                                mtd7
     196   0.268   -23.15877    0.00249                                mtd2
     197   0.268   -23.15877    0.00249                                mtd12
     198   0.268   -23.15877    0.00249                                mtd14
     199   0.268   -23.15877    0.00249                                mtd1
     200   0.268   -23.15877    0.00249                                mtd11
     201   0.268   -23.15877    0.00249                                mtd5
     202   0.268   -23.15877    0.00249                                mtd3
     203   0.268   -23.15877    0.00249                                mtd4
     204   0.268   -23.15877    0.00249                                mtd6
     205   0.268   -23.15877    0.00249                                mtd6
     206   0.268   -23.15877    0.00249                                mtd1
     207   0.268   -23.15877    0.00249                                mtd8
     208   0.268   -23.15877    0.00249                                mtd1
     209   0.268   -23.15877    0.00249                                mtd11
     210   0.268   -23.15877    0.00249                                mtd8
     211   0.268   -23.15877    0.00249                                mtd4
     212   0.268   -23.15877    0.00249                                mtd5
     213   0.268   -23.15877    0.00249                                mtd6
     214   0.268   -23.15877    0.00249                                mtd2
     215   0.268   -23.15877    0.00249                                mtd7
     216   0.268   -23.15877    0.00249                                mtd2
     217   0.268   -23.15877    0.00249                                mtd10
     218   0.268   -23.15877    0.00249                                mtd7
     219   0.269   -23.15877    0.00249                                mtd3
     220   0.269   -23.15877    0.00249                                mtd6
     221   0.269   -23.15877    0.00249                                mtd6
     222   0.269   -23.15877    0.00249                                mtd10
     223   0.269   -23.15877    0.00249                                mtd5
     224   0.269   -23.15877    0.00249                                mtd5
     225   0.269   -23.15877    0.00249                                mtd9
     226   0.269   -23.15877    0.00249                                mtd1
     227   0.269   -23.15877    0.00249                                mtd14
     228   0.269   -23.15877    0.00249                                mtd9
     229   0.269   -23.15877    0.00249                                mtd1
     230   0.269   -23.15877    0.00249                                mtd4
     231   0.269   -23.15877    0.00249                                mtd7
     232   0.269   -23.15877    0.00249                                mtd9
     233   0.269   -23.15877    0.00249                                mtd4
     234   0.269   -23.15877    0.00249                                mtd4
     235   0.269   -23.15877    0.00249                                mtd1
     236   0.269   -23.15877    0.00249                                mtd3
     237   0.269   -23.15877    0.00249                                mtd1
     238   0.269   -23.15877    0.00249                                mtd1
     239   0.269   -23.15877    0.00249                                mtd5
     240   0.269   -23.15877    0.00249                                mtd4
     241   0.269   -23.15877    0.00249                                mtd1
     242   0.269   -23.15877    0.00249                                mtd7
     243   0.269   -23.15877    0.00249                                mtd3
     244   0.269   -23.15877    0.00249                                mtd7
     245   0.269   -23.15877    0.00249                                mtd6
     246   0.269   -23.15877    0.00249                                mtd7
     247   0.269   -23.15877    0.00249                                mtd3
     248   0.269   -23.15877    0.00249                                md4
     249   0.269   -23.15877    0.00249                                mtd7
     250   0.269   -23.15877    0.00249                                mtd12
     251   0.269   -23.15877    0.00249                                mtd4
     252   0.269   -23.15877    0.00249                                mtd1
     253   0.269   -23.15877    0.00249                                mtd2
     254   0.269   -23.15877    0.00249                                mtd10
     255   0.269   -23.15877    0.00249                                mtd4
     256   0.269   -23.15877    0.00249                                mtd3
     257   0.269   -23.15877    0.00249                                mtd1
     258   0.269   -23.15877    0.00249                                mtd7
     259   0.269   -23.15877    0.00249                                mtd7
     260   0.269   -23.15877    0.00249                                mtd12
     261   0.269   -23.15877    0.00249                                mtd3
     262   0.269   -23.15877    0.00249                                mtd6
     263   0.269   -23.15877    0.00249                                md4
     264   0.270   -23.15877    0.00249                                mtd3
     265   0.270   -23.15877    0.00249                                mtd12
     266   0.270   -23.15877    0.00249                                mtd10
     267   0.270   -23.15877    0.00249                                mtd7
     268   0.270   -23.15877    0.00248                                mtd5
     269   0.270   -23.15877    0.00248                                mtd9
     270   0.270   -23.15877    0.00248                                mtd10
     271   0.270   -23.15877    0.00248                                mtd1
     272   0.270   -23.15877    0.00248                                mtd7
     273   0.270   -23.15877    0.00248                                mtd9
     274   0.270   -23.15877    0.00248                                mtd11
     275   0.270   -23.15877    0.00248                                mtd13
     276   0.270   -23.15877    0.00248                                mtd7
     277   0.270   -23.15877    0.00248                                mtd3
     278   0.271   -23.15877    0.00248                                mtd7
     279   0.271   -23.15877    0.00248                                mtd1
     280   0.271   -23.15877    0.00248                                mtd12
     281   0.271   -23.15877    0.00248                                mtd10
     282   0.271   -23.15877    0.00248                                mtd12
     283   0.271   -23.15877    0.00248                                mtd4
     284   0.271   -23.15877    0.00248                                mtd9
     285   0.271   -23.15877    0.00248                                mtd5
     286   0.271   -23.15877    0.00248                                mtd2
     287   0.272   -23.15877    0.00248                                mtd1
     288   0.272   -23.15877    0.00248                                mtd14
     289   0.273   -23.15876    0.00247                                mtd4
     290   0.276   -23.15876    0.00246                                mtd2
     291   0.276   -23.15876    0.00246                                mtd1
     292   0.278   -23.15876    0.00245                                mtd9
     293   0.505   -23.15839    0.00167    0.10678       3      64     mtd5
     294   0.505   -23.15839    0.00167                                mtd5
     295   0.505   -23.15839    0.00167                                mtd4
     296   0.505   -23.15839    0.00167                                mtd4
     297   0.505   -23.15839    0.00167                                mtd3
     298   0.505   -23.15839    0.00167                                mtd10
     299   0.505   -23.15839    0.00167                                mtd4
     300   0.505   -23.15839    0.00167                                mtd9
     301   0.505   -23.15839    0.00167                                md6
     302   0.505   -23.15839    0.00167                                mtd4
     303   0.505   -23.15839    0.00167                                mtd4
     304   0.505   -23.15839    0.00167                                mtd5
     305   0.505   -23.15839    0.00167                                mtd5
     306   0.505   -23.15839    0.00167                                mtd10
     307   0.505   -23.15839    0.00167                                mtd14
     308   0.505   -23.15839    0.00167                                mtd10
     309   0.505   -23.15839    0.00167                                mtd4
     310   0.505   -23.15839    0.00167                                mtd5
     311   0.505   -23.15839    0.00167                                mtd14
     312   0.505   -23.15839    0.00167                                mtd5
     313   0.505   -23.15839    0.00167                                mtd4
     314   0.505   -23.15839    0.00167                                mtd3
     315   0.505   -23.15839    0.00167                                mtd5
     316   0.505   -23.15839    0.00167                                mtd3
     317   0.505   -23.15839    0.00167                                md6
     318   0.505   -23.15839    0.00167                                mtd1
     319   0.505   -23.15839    0.00167                                mtd10
     320   0.505   -23.15839    0.00167                                mtd7
     321   0.505   -23.15839    0.00167                                mtd1
     322   0.505   -23.15839    0.00167                                mtd4
     323   0.505   -23.15839    0.00167                                mtd9
     324   0.505   -23.15839    0.00167                                mtd10
     325   0.505   -23.15839    0.00167                                mtd9
     326   0.505   -23.15839    0.00167                                mtd5
     327   0.505   -23.15839    0.00167                                mtd5
     328   0.505   -23.15839    0.00167                                mtd1
     329   0.505   -23.15839    0.00167                                mtd10
     330   0.505   -23.15839    0.00167                                mtd4
     331   0.505   -23.15839    0.00167                                mtd13
     332   0.505   -23.15839    0.00167                                mtd5
     333   0.505   -23.15839    0.00167                                mtd10
     334   0.505   -23.15839    0.00167                                mtd4
     335   0.506   -23.15839    0.00167                                mtd10
     336   0.506   -23.15839    0.00167                                mtd4
     337   0.506   -23.15839    0.00167                                mtd9
     338   0.506   -23.15839    0.00167                                mtd9
     339   0.506   -23.15839    0.00167                                mtd4
     340   0.506   -23.15839    0.00167                                mtd9
     341   0.506   -23.15839    0.00167                                mtd5
     342   0.506   -23.15839    0.00167                                mtd4
     343   0.506   -23.15839    0.00167                                mtd4
     344   0.506   -23.15839    0.00167                                mtd4
     345   0.506   -23.15839    0.00167                                mtd10
     346   0.506   -23.15839    0.00167                                mtd4
     347   0.506   -23.15839    0.00167                                mtd10
     348   0.506   -23.15839    0.00167                                mtd10
     349   0.506   -23.15839    0.00167                                mtd13
     350   0.507   -23.15839    0.00167                                mtd10
     351   0.507   -23.15839    0.00167                                mtd13
     352   0.507   -23.15839    0.00166                                mtd14
     353   0.509   -23.15839    0.00166                                mtd13
     354   0.509   -23.15839    0.00166                                mtd1
     355   0.515   -23.15838    0.00164                                mtd4
     356   0.520   -23.15837    0.00163                                mtd4
     357   1.918   -23.15614    0.00015    0.01264       4      82     mtd13
     358   1.918   -23.15614    0.00015                                mtd13
     359   1.918   -23.15614    0.00015                                mtd12
     360   1.918   -23.15614    0.00015                                mtd10
     361   1.918   -23.15614    0.00015                                mtd8
     362   1.918   -23.15614    0.00015                                mtd14
     363   1.918   -23.15614    0.00015                                mtd10
     364   1.918   -23.15614    0.00015                                mtd12
     365   1.918   -23.15614    0.00015                                mtd11
     366   1.918   -23.15614    0.00015                                mtd11
     367   1.918   -23.15614    0.00015                                mtd12
     368   1.918   -23.15614    0.00015                                mtd11
     369   1.918   -23.15614    0.00015                                mtd5
     370   1.918   -23.15614    0.00015                                mtd5
     371   1.918   -23.15614    0.00015                                mtd9
     372   1.918   -23.15614    0.00015                                md7
     373   1.918   -23.15614    0.00015                                mtd2
     374   1.918   -23.15614    0.00015                                mtd11
     375   1.918   -23.15614    0.00015                                mtd13
     376   1.918   -23.15614    0.00015                                mtd11
     377   1.918   -23.15614    0.00015                                md7
     378   1.918   -23.15614    0.00015                                mtd9
     379   1.918   -23.15614    0.00015                                mtd12
     380   1.918   -23.15614    0.00015                                mtd10
     381   1.918   -23.15614    0.00015                                mtd11
     382   1.918   -23.15614    0.00015                                mtd10
     383   1.918   -23.15614    0.00015                                mtd11
     384   1.918   -23.15614    0.00015                                mtd7
     385   1.918   -23.15614    0.00015                                mtd9
     386   1.918   -23.15614    0.00015                                mtd10
     387   1.918   -23.15614    0.00015                                mtd10
     388   1.918   -23.15614    0.00015                                md8
     389   1.918   -23.15614    0.00015                                mtd5
     390   1.918   -23.15614    0.00015                                mtd10
     391   1.918   -23.15614    0.00015                                mtd4
     392   1.918   -23.15614    0.00015                                mtd8
     393   1.918   -23.15614    0.00015                                mtd10
     394   1.918   -23.15614    0.00015                                mtd13
     395   1.918   -23.15614    0.00015                                mtd13
     396   1.918   -23.15614    0.00015                                md8
     397   1.918   -23.15614    0.00015                                md8
     398   1.918   -23.15614    0.00015                                mtd4
     399   1.918   -23.15614    0.00015                                mtd2
     400   1.918   -23.15614    0.00015                                md8
     401   1.918   -23.15614    0.00015                                mtd13
     402   1.918   -23.15614    0.00015                                md8
     403   1.918   -23.15614    0.00015                                mtd8
     404   1.918   -23.15614    0.00015                                mtd11
     405   1.918   -23.15614    0.00015                                mtd13
     406   1.918   -23.15614    0.00015                                mtd8
     407   1.918   -23.15614    0.00015                                mtd8
     408   1.918   -23.15614    0.00015                                mtd1
     409   1.918   -23.15614    0.00015                                mtd13
     410   1.918   -23.15614    0.00015                                mtd12
     411   1.918   -23.15614    0.00015                                mtd9
     412   1.918   -23.15614    0.00015                                mtd9
     413   1.918   -23.15614    0.00015                                mtd11
     414   1.918   -23.15614    0.00015                                mtd11
     415   1.918   -23.15614    0.00015                                mtd10
     416   1.918   -23.15614    0.00015                                mtd11
     417   1.918   -23.15614    0.00015                                mtd2
     418   1.918   -23.15614    0.00015                                md8
     419   1.918   -23.15614    0.00015                                mtd11
     420   1.918   -23.15614    0.00015                                mtd11
     421   1.918   -23.15614    0.00015                                mtd5
     422   1.918   -23.15614    0.00015                                mtd11
     423   1.918   -23.15614    0.00015                                md8
     424   1.919   -23.15614    0.00015                                mtd10
     425   1.919   -23.15614    0.00015                                mtd4
     426   1.919   -23.15614    0.00015                                mtd14
     427   1.919   -23.15614    0.00015                                mtd8
     428   1.919   -23.15614    0.00015                                mtd4
     429   1.919   -23.15614    0.00015                                mtd2
     430   1.919   -23.15614    0.00015                                mtd5
     431   1.919   -23.15614    0.00015                                md8
     432   1.919   -23.15614    0.00015                                mtd11
     433   1.919   -23.15614    0.00015                                mtd13
     434   1.919   -23.15614    0.00015                                mtd10
     435   1.919   -23.15614    0.00015                                mtd10
     436   1.919   -23.15614    0.00015                                mtd8
     437   1.919   -23.15614    0.00015                                mtd8
     438   1.919   -23.15614    0.00015                                md8
T /K                                  :   298.15
E lowest                              :   -23.15920
ensemble average energy (kcal)        :    0.201
ensemble entropy (J/mol K, cal/mol K) :   48.910   11.690
ensemble free energy (kcal/mol)       :   -3.485
population of lowest in %             :   42.269
 number of unique conformers for further calc            4
 list of relative energies saved as "crest.energies"

 -----------------
 Wall Time Summary
 -----------------
             test MD wall time :         0h : 0m : 2s
                 MTD wall time :         0h : 6m :55s
      multilevel OPT wall time :         0h :18m :18s
                  MD wall time :         0h : 3m :54s
                  GC wall time :         0h : 0m : 5s
--------------------
Overall wall time  : 0h :30m :23s

 CREST terminated normally.
