****************************************************************
  Sure Independence Screening and Sparsifying Operator (SISSO)  
             Version SISSO.3.3, July, 2023.                
****************************************************************

Read in data from train.dat
Read in data from SISSO.in
Property type:     1
Number of tasks:        1
Descriptor dimension:        2
Number of samples for the task(s):     36
Restarts :  0
Number of scalar features:       20
Tier of the feature space:        3
Maximal feature complexity (number of operators in a feature):        6
Unit of input primary feature, each represented by a row vector: 
    1.00
    1.00
    1.00
    1.00
    1.00
    1.00
    1.00
    1.00
    1.00
    1.00
    1.00
    1.00
    1.00
    1.00
    1.00
    1.00
    1.00
    1.00
    1.00
    1.00
The feature will be discarded if the minimum of the maximal abs. value in it <    0.10000E-02
The faature will be discarded if the maximum of the maximal abs. value in it >     0.10000E+06
Size of the SIS-selected (single) subspace :  10000 10000
Operators for feature construction: (+)(-)(*) (+)(-)(*) (+)(-)(*) 
Method for sparse regression:  L0        
Fitting intercept:      T
Metric for model selection: RMSE
Number of the top-ranked models to output:      100
--------------------------------------------------------------------------------

Dimension:   1
-------------------
Feature Construction (FC) starts ...
Population Standard Deviation (SD) of the task 001:   22.20514
Total number of features in the space phi00:             20
Total number of features in the space phi01:            692
Total number of features in the space phi02:         234879
Total number of features in the space phi03:     6528140485
Size of the SIS-selected subspace from phi03:      10000
Time (second) used for this FC:         1104.99

Descriptor Identification (DI) starts ...
Total number of SIS-selected features from all dimensions:      10000
 
  1D descriptor: 
     d001 = (((feature13+feature18)-feature19)*((feature11*feature20)*(feature12-feature13)))    feature_ID:000001

  1D model(y=sum(ci*di)+c0): 
     coeff.(ci)_task001:    -0.2341674417E+03
             c0_task001:     0.2206229239E+02
     RMSE,MaxAE_task001:     0.1205502069E+02    0.2535392927E+02

     RMSE and MaxAE of the model:  12.055021 25.353929
--------------------------------------------------------------------------------
Time (second) used for this DI:            0.10

Dimension:   2
-------------------
Feature Construction (FC) starts ...
Total number of features in the space phi00:             20
Total number of features in the space phi01:            692
Total number of features in the space phi02:         234879
Total number of features in the space phi03:     6528140485
Size of the SIS-selected subspace from phi03:      10000
Time (second) used for this FC:         1106.02

Descriptor Identification (DI) starts ...
Total number of SIS-selected features from all dimensions:      20000
 
Final model/descriptor !
================================================================================
  2D descriptor: 
     d001 = (((feature11+feature13)-feature19)*((feature12*feature16)-(feature13*feature20)))    feature_ID:004679
     d002 = ((feature20*(feature17-feature19))*((feature18-feature20)-(feature8-feature18)))    feature_ID:015766

  2D model(y=sum(ci*di)+c0): 
     coeff.(ci)_task001:    -0.1038590907E+03   -0.3697758508E+03
             c0_task001:     0.2070374897E+02
     RMSE,MaxAE_task001:     0.8195870118E+01    0.2069911697E+02

     RMSE and MaxAE of the model:   8.195870 20.699117
================================================================================
Time (second) used for this DI:           25.70
Total time (second):         2237.49
Have a nice day !    

