****************************************************************
  Sure Independence Screening and Sparsifying Operator (SISSO)  
             Version SISSO.3.3, July, 2023.                
****************************************************************

Read in data from train.dat
Read in data from SISSO.in
Property type:     1
Number of tasks:        1
Descriptor dimension:        2
Number of samples for the task(s):     36
Restarts :  0
Number of scalar features:       19
Tier of the feature space:        3
Maximal feature complexity (number of operators in a feature):        6
Unit of input primary feature, each represented by a row vector: 
    1.00
    1.00
    1.00
    1.00
    1.00
    1.00
    1.00
    1.00
    1.00
    1.00
    1.00
    1.00
    1.00
    1.00
    1.00
    1.00
    1.00
    1.00
    1.00
The feature will be discarded if the minimum of the maximal abs. value in it <    0.10000E-02
The faature will be discarded if the maximum of the maximal abs. value in it >     0.10000E+06
Size of the SIS-selected (single) subspace :  10000 10000
Operators for feature construction: (+)(-)(*) (+)(-)(*) (+)(-)(*) 
Method for sparse regression:  L0        
Fitting intercept:      T
Metric for model selection: RMSE
Number of the top-ranked models to output:      100
--------------------------------------------------------------------------------

Dimension:   1
-------------------
Feature Construction (FC) starts ...
Population Standard Deviation (SD) of the task 001:   98.51382
Total number of features in the space phi00:             19
Total number of features in the space phi01:            628
Total number of features in the space phi02:         196409
Total number of features in the space phi03:     4751396120
Size of the SIS-selected subspace from phi03:      10000
Time (second) used for this FC:          876.77

Descriptor Identification (DI) starts ...
Total number of SIS-selected features from all dimensions:      10000
 
  1D descriptor: 
     d001 = (((feature16+feature19)*(feature18-feature10))-(feature19*(feature15+feature17)))    feature_ID:000001

  1D model(y=sum(ci*di)+c0): 
     coeff.(ci)_task001:    -0.1928147561E+03
             c0_task001:     0.2567285865E+03
     RMSE,MaxAE_task001:     0.3710221812E+02    0.8510562736E+02

     RMSE and MaxAE of the model:  37.102218 85.105627
--------------------------------------------------------------------------------
Time (second) used for this DI:            0.50

Dimension:   2
-------------------
Feature Construction (FC) starts ...
Total number of features in the space phi00:             19
Total number of features in the space phi01:            628
Total number of features in the space phi02:         196409
Total number of features in the space phi03:     4751396120
Size of the SIS-selected subspace from phi03:      10000
Time (second) used for this FC:          876.77

Descriptor Identification (DI) starts ...
Total number of SIS-selected features from all dimensions:      20000
 
Final model/descriptor !
================================================================================
  2D descriptor: 
     d001 = (((feature16+feature19)*(feature16-feature10))-(feature19*(feature15+feature17)))    feature_ID:000188
     d002 = (((feature14-feature18)*(feature16-feature17))-(feature10*(feature18-feature16)))    feature_ID:013039

  2D model(y=sum(ci*di)+c0): 
     coeff.(ci)_task001:    -0.1951883890E+03    0.2339589373E+03
             c0_task001:     0.2776900482E+03
     RMSE,MaxAE_task001:     0.2833630770E+02    0.7376739107E+02

     RMSE and MaxAE of the model:  28.336308 73.767391
================================================================================
Time (second) used for this DI:           25.44
Total time (second):         1780.51
Have a nice day !    

