****************************************************************
  Sure Independence Screening and Sparsifying Operator (SISSO)  
             Version SISSO.3.3, July, 2023.                
****************************************************************

Read in data from train.dat
Read in data from SISSO.in
Property type:     1
Number of tasks:        1
Descriptor dimension:        2
Number of samples for the task(s):     36
Restarts :  0
Number of scalar features:       19
Tier of the feature space:        3
Maximal feature complexity (number of operators in a feature):        6
Unit of input primary feature, each represented by a row vector: 
    1.00
    1.00
    1.00
    1.00
    1.00
    1.00
    1.00
    1.00
    1.00
    1.00
    1.00
    1.00
    1.00
    1.00
    1.00
    1.00
    1.00
    1.00
    1.00
The feature will be discarded if the minimum of the maximal abs. value in it <    0.10000E-02
The faature will be discarded if the maximum of the maximal abs. value in it >     0.10000E+06
Size of the SIS-selected (single) subspace :  10000 10000
Operators for feature construction: (+)(-)(*) (+)(-)(*) (+)(-)(*) 
Method for sparse regression:  L0        
Fitting intercept:      T
Metric for model selection: RMSE
Number of the top-ranked models to output:      100
--------------------------------------------------------------------------------

Dimension:   1
-------------------
Feature Construction (FC) starts ...
Population Standard Deviation (SD) of the task 001:   97.23220
Total number of features in the space phi00:             19
Total number of features in the space phi01:            642
Total number of features in the space phi02:         211656
Total number of features in the space phi03:     5361221114
Size of the SIS-selected subspace from phi03:      10000
Time (second) used for this FC:         1023.36

Descriptor Identification (DI) starts ...
Total number of SIS-selected features from all dimensions:      10000
 
  1D descriptor: 
     d001 = (((feature1+feature18)-feature13)+((feature5-feature9)+(feature7-feature9)))    feature_ID:000001

  1D model(y=sum(ci*di)+c0): 
     coeff.(ci)_task001:    -0.1233805754E+03
             c0_task001:     0.1648835970E+03
     RMSE,MaxAE_task001:     0.2651502891E+02    0.6313770509E+02

     RMSE and MaxAE of the model:  26.515029 63.137705
--------------------------------------------------------------------------------
Time (second) used for this DI:            0.14

Dimension:   2
-------------------
Feature Construction (FC) starts ...
Total number of features in the space phi00:             19
Total number of features in the space phi01:            642
Total number of features in the space phi02:         211656
Total number of features in the space phi03:     5361221114
Size of the SIS-selected subspace from phi03:      10000
Time (second) used for this FC:         1014.62

Descriptor Identification (DI) starts ...
Total number of SIS-selected features from all dimensions:      20000
 
Final model/descriptor !
================================================================================
  2D descriptor: 
     d001 = (((feature1+feature18)-feature13)+((feature5+feature7)-(feature9+feature15)))    feature_ID:000006
     d002 = ((feature14*(feature13-feature14))+((feature1+feature19)*(feature14-feature6)))    feature_ID:017018

  2D model(y=sum(ci*di)+c0): 
     coeff.(ci)_task001:    -0.1265568518E+03    0.1616683238E+03
             c0_task001:     0.1495508297E+03
     RMSE,MaxAE_task001:     0.2002576582E+02    0.5579951428E+02

     RMSE and MaxAE of the model:  20.025766 55.799514
================================================================================
Time (second) used for this DI:           25.65
Total time (second):         2066.76
Have a nice day !    

