****************************************************************
  Sure Independence Screening and Sparsifying Operator (SISSO)  
             Version SISSO.3.3, July, 2023.                
****************************************************************

Read in data from train.dat
Read in data from SISSO.in
Property type:     1
Number of tasks:        1
Descriptor dimension:        2
Number of samples for the task(s):     36
Restarts :  0
Number of scalar features:       19
Tier of the feature space:        3
Maximal feature complexity (number of operators in a feature):        6
Unit of input primary feature, each represented by a row vector: 
    1.00
    1.00
    1.00
    1.00
    1.00
    1.00
    1.00
    1.00
    1.00
    1.00
    1.00
    1.00
    1.00
    1.00
    1.00
    1.00
    1.00
    1.00
    1.00
The feature will be discarded if the minimum of the maximal abs. value in it <    0.10000E-02
The faature will be discarded if the maximum of the maximal abs. value in it >     0.10000E+06
Size of the SIS-selected (single) subspace :  10000 10000
Operators for feature construction: (+)(-)(*) (+)(-)(*) (+)(-)(*) 
Method for sparse regression:  L0        
Fitting intercept:      T
Metric for model selection: RMSE
Number of the top-ranked models to output:      100
--------------------------------------------------------------------------------

Dimension:   1
-------------------
Feature Construction (FC) starts ...
Population Standard Deviation (SD) of the task 001:   11.03141
Total number of features in the space phi00:             19
Total number of features in the space phi01:            644
Total number of features in the space phi02:         215646
Total number of features in the space phi03:     5519068264
Size of the SIS-selected subspace from phi03:      10000
Time (second) used for this FC:          998.63

Descriptor Identification (DI) starts ...
Total number of SIS-selected features from all dimensions:      10000
 
  1D descriptor: 
     d001 = (((feature15-feature9)-feature9)*((feature10+feature12)+(feature17-feature18)))    feature_ID:000001

  1D model(y=sum(ci*di)+c0): 
     coeff.(ci)_task001:    -0.2533583485E+02
             c0_task001:     0.3570589333E+01
     RMSE,MaxAE_task001:     0.5181040966E+01    0.1491615435E+02

     RMSE and MaxAE of the model:   5.181041 14.916154
--------------------------------------------------------------------------------
Time (second) used for this DI:           19.56

Dimension:   2
-------------------
Feature Construction (FC) starts ...
Total number of features in the space phi00:             19
Total number of features in the space phi01:            644
Total number of features in the space phi02:         215646
Total number of features in the space phi03:     5519068264
Size of the SIS-selected subspace from phi03:      10000
Time (second) used for this FC:          998.23

Descriptor Identification (DI) starts ...
Total number of SIS-selected features from all dimensions:      20000
 
Final model/descriptor !
================================================================================
  2D descriptor: 
     d001 = (((feature18-feature17)-feature9)*((feature1*feature11)-(feature9*feature12)))    feature_ID:003423
     d002 = ((feature12*(feature12-feature15))*((feature15-feature18)*(feature17-feature19)))    feature_ID:010140

  2D model(y=sum(ci*di)+c0): 
     coeff.(ci)_task001:     0.4164741086E+02   -0.5295668581E+03
             c0_task001:     0.3950089183E+01
     RMSE,MaxAE_task001:     0.3972646024E+01    0.1157051335E+02

     RMSE and MaxAE of the model:   3.972646 11.570513
================================================================================
Time (second) used for this DI:           25.45
Total time (second):         2042.74
Have a nice day !    

