****************************************************************
  Sure Independence Screening and Sparsifying Operator (SISSO)  
             Version SISSO.3.3, July, 2023.                
****************************************************************

Read in data from train.dat
Read in data from SISSO.in
Property type:     1
Number of tasks:        1
Descriptor dimension:        2
Number of samples for the task(s):     36
Restarts :  0
Number of scalar features:       18
Tier of the feature space:        3
Maximal feature complexity (number of operators in a feature):        6
Unit of input primary feature, each represented by a row vector: 
    1.00
    1.00
    1.00
    1.00
    1.00
    1.00
    1.00
    1.00
    1.00
    1.00
    1.00
    1.00
    1.00
    1.00
    1.00
    1.00
    1.00
    1.00
The feature will be discarded if the minimum of the maximal abs. value in it <    0.10000E-02
The faature will be discarded if the maximum of the maximal abs. value in it >     0.10000E+06
Size of the SIS-selected (single) subspace :  10000 10000
Operators for feature construction: (+)(-)(*) (+)(-)(*) (+)(-)(*) 
Method for sparse regression:  L0        
Fitting intercept:      T
Metric for model selection: RMSE
Number of the top-ranked models to output:      100
--------------------------------------------------------------------------------

Dimension:   1
-------------------
Feature Construction (FC) starts ...
Population Standard Deviation (SD) of the task 001:   11.12235
Total number of features in the space phi00:             18
Total number of features in the space phi01:            547
Total number of features in the space phi02:         147727
Total number of features in the space phi03:     2910635533
Size of the SIS-selected subspace from phi03:      10000
Time (second) used for this FC:          432.48

Descriptor Identification (DI) starts ...
Total number of SIS-selected features from all dimensions:      10000
 
  1D descriptor: 
     d001 = (((feature10+feature18)-feature17)*((feature1+feature5)-(feature10+feature13)))    feature_ID:000001

  1D model(y=sum(ci*di)+c0): 
     coeff.(ci)_task001:    -0.1403383691E+02
             c0_task001:     0.4435383021E+01
     RMSE,MaxAE_task001:     0.4484555346E+01    0.1157365357E+02

     RMSE and MaxAE of the model:   4.484555 11.573654
--------------------------------------------------------------------------------
Time (second) used for this DI:            0.15

Dimension:   2
-------------------
Feature Construction (FC) starts ...
Total number of features in the space phi00:             18
Total number of features in the space phi01:            547
Total number of features in the space phi02:         147727
Total number of features in the space phi03:     2910635533
Size of the SIS-selected subspace from phi03:      10000
Time (second) used for this FC:          434.47

Descriptor Identification (DI) starts ...
Total number of SIS-selected features from all dimensions:      20000
 
Final model/descriptor !
================================================================================
  2D descriptor: 
     d001 = (((feature10+feature13)-feature5)*((feature1+feature17)-(feature10+feature18)))    feature_ID:000143
     d002 = (((feature1+feature16)-feature17)*((feature11*feature14)-(feature12*feature15)))    feature_ID:010148

  2D model(y=sum(ci*di)+c0): 
     coeff.(ci)_task001:    -0.1581052500E+02    0.1378386546E+03
             c0_task001:     0.3515122310E+01
     RMSE,MaxAE_task001:     0.3125320169E+01    0.9342710627E+01

     RMSE and MaxAE of the model:   3.125320  9.342711
================================================================================
Time (second) used for this DI:           31.12
Total time (second):          898.89
Have a nice day !    

