****************************************************************
  Sure Independence Screening and Sparsifying Operator (SISSO)  
             Version SISSO.3.3, July, 2023.                
****************************************************************

Read in data from train.dat
Read in data from SISSO.in
Property type:     1
Number of tasks:        1
Descriptor dimension:        2
Number of samples for the task(s):     36
Restarts :  0
Number of scalar features:       18
Tier of the feature space:        3
Maximal feature complexity (number of operators in a feature):        6
Unit of input primary feature, each represented by a row vector: 
    1.00
    1.00
    1.00
    1.00
    1.00
    1.00
    1.00
    1.00
    1.00
    1.00
    1.00
    1.00
    1.00
    1.00
    1.00
    1.00
    1.00
    1.00
The feature will be discarded if the minimum of the maximal abs. value in it <    0.10000E-02
The faature will be discarded if the maximum of the maximal abs. value in it >     0.10000E+06
Size of the SIS-selected (single) subspace :  10000 10000
Operators for feature construction: (+)(-)(*) (+)(-)(*) (+)(-)(*) 
Method for sparse regression:  L0        
Fitting intercept:      T
Metric for model selection: RMSE
Number of the top-ranked models to output:      100
--------------------------------------------------------------------------------

Dimension:   1
-------------------
Feature Construction (FC) starts ...
Population Standard Deviation (SD) of the task 001:   23.98452
Total number of features in the space phi00:             18
Total number of features in the space phi01:            564
Total number of features in the space phi02:         150698
Total number of features in the space phi03:     3046605154
Size of the SIS-selected subspace from phi03:      10000
Time (second) used for this FC:          489.97

Descriptor Identification (DI) starts ...
Total number of SIS-selected features from all dimensions:      10000
 
  1D descriptor: 
     d001 = ((feature13*(feature10-feature5))+((feature12-feature15)*(feature15-feature18)))    feature_ID:000001

  1D model(y=sum(ci*di)+c0): 
     coeff.(ci)_task001:     0.7471261364E+02
             c0_task001:     0.1564321866E+02
     RMSE,MaxAE_task001:     0.1241968563E+02    0.4323072117E+02

     RMSE and MaxAE of the model:  12.419686 43.230721
--------------------------------------------------------------------------------
Time (second) used for this DI:            0.15

Dimension:   2
-------------------
Feature Construction (FC) starts ...
Total number of features in the space phi00:             18
Total number of features in the space phi01:            564
Total number of features in the space phi02:         150698
Total number of features in the space phi03:     3046605154
Size of the SIS-selected subspace from phi03:      10000
Time (second) used for this FC:          477.26

Descriptor Identification (DI) starts ...
Total number of SIS-selected features from all dimensions:      20000
 
Final model/descriptor !
================================================================================
  2D descriptor: 
     d001 = ((feature11*(feature15-feature5))+(feature13*(feature10-feature11)))    feature_ID:008281
     d002 = (((feature11+feature15)-feature18)*((feature10-feature15)*(feature11+feature12)))    feature_ID:016081

  2D model(y=sum(ci*di)+c0): 
     coeff.(ci)_task001:     0.8933579097E+02    0.1307608594E+03
             c0_task001:     0.1045522509E+02
     RMSE,MaxAE_task001:     0.7291641535E+01    0.1604478975E+02

     RMSE and MaxAE of the model:   7.291642 16.044790
================================================================================
Time (second) used for this DI:           25.50
Total time (second):          993.65
Have a nice day !    

