****************************************************************
  Sure Independence Screening and Sparsifying Operator (SISSO)  
             Version SISSO.3.3, July, 2023.                
****************************************************************

Read in data from train.dat
Read in data from SISSO.in
Property type:     1
Number of tasks:        1
Descriptor dimension:        2
Number of samples for the task(s):     36
Restarts :  0
Number of scalar features:       20
Tier of the feature space:        3
Maximal feature complexity (number of operators in a feature):        6
Unit of input primary feature, each represented by a row vector: 
    1.00
    1.00
    1.00
    1.00
    1.00
    1.00
    1.00
    1.00
    1.00
    1.00
    1.00
    1.00
    1.00
    1.00
    1.00
    1.00
    1.00
    1.00
    1.00
    1.00
The feature will be discarded if the minimum of the maximal abs. value in it <    0.10000E-02
The faature will be discarded if the maximum of the maximal abs. value in it >     0.10000E+06
Size of the SIS-selected (single) subspace :  10000 10000
Operators for feature construction: (+)(-)(*) (+)(-)(*) (+)(-)(*) 
Method for sparse regression:  L0        
Fitting intercept:      T
Metric for model selection: RMSE
Number of the top-ranked models to output:      100
--------------------------------------------------------------------------------

Dimension:   1
-------------------
Feature Construction (FC) starts ...
Population Standard Deviation (SD) of the task 001:   21.96991
Total number of features in the space phi00:             20
Total number of features in the space phi01:            700
Total number of features in the space phi02:         233481
Total number of features in the space phi03:     6531602911
Size of the SIS-selected subspace from phi03:      10000
Time (second) used for this FC:         1272.86

Descriptor Identification (DI) starts ...
Total number of SIS-selected features from all dimensions:      10000
 
  1D descriptor: 
     d001 = (((feature19-feature11)-feature11)*((feature14+feature19)-(feature20-feature9)))    feature_ID:000001

  1D model(y=sum(ci*di)+c0): 
     coeff.(ci)_task001:    -0.4062268094E+02
             c0_task001:     0.2919595346E+02
     RMSE,MaxAE_task001:     0.1267564862E+02    0.2653294083E+02

     RMSE and MaxAE of the model:  12.675649 26.532941
--------------------------------------------------------------------------------
Time (second) used for this DI:            0.09

Dimension:   2
-------------------
Feature Construction (FC) starts ...
Total number of features in the space phi00:             20
Total number of features in the space phi01:            700
Total number of features in the space phi02:         233481
Total number of features in the space phi03:     6531602911
Size of the SIS-selected subspace from phi03:      10000
Time (second) used for this FC:         1274.27

Descriptor Identification (DI) starts ...
Total number of SIS-selected features from all dimensions:      20000
 
Final model/descriptor !
================================================================================
  2D descriptor: 
     d001 = (((feature11-feature5)*(feature14-feature20))-(feature19*(feature1+feature19)))    feature_ID:000514
     d002 = ((feature12*(feature12-feature13))*((feature12-feature19)+(feature13-feature19)))    feature_ID:011479

  2D model(y=sum(ci*di)+c0): 
     coeff.(ci)_task001:     0.4559618463E+02   -0.1701321309E+03
             c0_task001:     0.5735702695E+02
     RMSE,MaxAE_task001:     0.8575130074E+01    0.1909742362E+02

     RMSE and MaxAE of the model:   8.575130 19.097424
================================================================================
Time (second) used for this DI:           25.50
Total time (second):         2573.63
Have a nice day !    

