****************************************************************
  Sure Independence Screening and Sparsifying Operator (SISSO)  
             Version SISSO.3.3, July, 2023.                
****************************************************************

Read in data from train.dat
Read in data from SISSO.in
Property type:     1
Number of tasks:        1
Descriptor dimension:        2
Number of samples for the task(s):     36
Restarts :  0
Number of scalar features:       20
Tier of the feature space:        3
Maximal feature complexity (number of operators in a feature):        6
Unit of input primary feature, each represented by a row vector: 
    1.00
    1.00
    1.00
    1.00
    1.00
    1.00
    1.00
    1.00
    1.00
    1.00
    1.00
    1.00
    1.00
    1.00
    1.00
    1.00
    1.00
    1.00
    1.00
    1.00
The feature will be discarded if the minimum of the maximal abs. value in it <    0.10000E-02
The faature will be discarded if the maximum of the maximal abs. value in it >     0.10000E+06
Size of the SIS-selected (single) subspace :  10000 10000
Operators for feature construction: (+)(-)(*) (+)(-)(*) (+)(-)(*) 
Method for sparse regression:  L0        
Fitting intercept:      T
Metric for model selection: RMSE
Number of the top-ranked models to output:      100
--------------------------------------------------------------------------------

Dimension:   1
-------------------
Feature Construction (FC) starts ...
Population Standard Deviation (SD) of the task 001:   10.27590
Total number of features in the space phi00:             20
Total number of features in the space phi01:            708
Total number of features in the space phi02:         250654
Total number of features in the space phi03:     7280016922
Size of the SIS-selected subspace from phi03:      10000
Time (second) used for this FC:         1351.34

Descriptor Identification (DI) starts ...
Total number of SIS-selected features from all dimensions:      10000
 
  1D descriptor: 
     d001 = (((feature13-feature16)*(feature16-feature20))-(feature14*(feature6-feature10)))    feature_ID:000001

  1D model(y=sum(ci*di)+c0): 
     coeff.(ci)_task001:     0.3142618626E+02
             c0_task001:     0.2005629872E+01
     RMSE,MaxAE_task001:     0.5004255794E+01    0.1668885633E+02

     RMSE and MaxAE of the model:   5.004256 16.688856
--------------------------------------------------------------------------------
Time (second) used for this DI:            4.68

Dimension:   2
-------------------
Feature Construction (FC) starts ...
Total number of features in the space phi00:             20
Total number of features in the space phi01:            708
Total number of features in the space phi02:         250654
Total number of features in the space phi03:     7280016922
Size of the SIS-selected subspace from phi03:      10000
Time (second) used for this FC:         1350.88

Descriptor Identification (DI) starts ...
Total number of SIS-selected features from all dimensions:      20000
 
Final model/descriptor !
================================================================================
  2D descriptor: 
     d001 = ((feature13*(feature16-feature20))+((feature11*feature19)+(feature14*feature17)))    feature_ID:004056
     d002 = (((feature17-feature18)-feature6)*((feature11-feature12)*(feature16-feature19)))    feature_ID:010126

  2D model(y=sum(ci*di)+c0): 
     coeff.(ci)_task001:     0.3229110911E+02   -0.2621455624E+03
             c0_task001:     0.1010655068E+01
     RMSE,MaxAE_task001:     0.2957396940E+01    0.8101260929E+01

     RMSE and MaxAE of the model:   2.957397  8.101261
================================================================================
Time (second) used for this DI:           25.43
Total time (second):         2733.16
Have a nice day !    

