****************************************************************
  Sure Independence Screening and Sparsifying Operator (SISSO)  
             Version SISSO.3.3, July, 2023.                
****************************************************************

Read in data from train.dat
Read in data from SISSO.in
Property type:     1
Number of tasks:        1
Descriptor dimension:        2
Number of samples for the task(s):     36
Restarts :  0
Number of scalar features:       20
Tier of the feature space:        3
Maximal feature complexity (number of operators in a feature):        6
Unit of input primary feature, each represented by a row vector: 
    1.00
    1.00
    1.00
    1.00
    1.00
    1.00
    1.00
    1.00
    1.00
    1.00
    1.00
    1.00
    1.00
    1.00
    1.00
    1.00
    1.00
    1.00
    1.00
    1.00
The feature will be discarded if the minimum of the maximal abs. value in it <    0.10000E-02
The faature will be discarded if the maximum of the maximal abs. value in it >     0.10000E+06
Size of the SIS-selected (single) subspace :  10000 10000
Operators for feature construction: (+)(-)(*) (+)(-)(*) (+)(-)(*) 
Method for sparse regression:  L0        
Fitting intercept:      T
Metric for model selection: RMSE
Number of the top-ranked models to output:      100
--------------------------------------------------------------------------------

Dimension:   1
-------------------
Feature Construction (FC) starts ...
Population Standard Deviation (SD) of the task 001:   22.14900
Total number of features in the space phi00:             20
Total number of features in the space phi01:            682
Total number of features in the space phi02:         207426
Total number of features in the space phi03:     5449764166
Size of the SIS-selected subspace from phi03:      10000
Time (second) used for this FC:         1047.47

Descriptor Identification (DI) starts ...
Total number of SIS-selected features from all dimensions:      10000
 
  1D descriptor: 
     d001 = (((feature12-feature7)*(feature15-feature14))-(feature19*(feature1+feature18)))    feature_ID:000001

  1D model(y=sum(ci*di)+c0): 
     coeff.(ci)_task001:     0.4222665055E+02
             c0_task001:     0.4759025714E+02
     RMSE,MaxAE_task001:     0.1181630053E+02    0.3365009392E+02

     RMSE and MaxAE of the model:  11.816301 33.650094
--------------------------------------------------------------------------------
Time (second) used for this DI:            0.09

Dimension:   2
-------------------
Feature Construction (FC) starts ...
Total number of features in the space phi00:             20
Total number of features in the space phi01:            682
Total number of features in the space phi02:         207426
Total number of features in the space phi03:     5449764166
Size of the SIS-selected subspace from phi03:      10000
Time (second) used for this FC:         1048.85

Descriptor Identification (DI) starts ...
Total number of SIS-selected features from all dimensions:      20000
 
Final model/descriptor !
================================================================================
  2D descriptor: 
     d001 = ((feature15*(feature14-feature15))+((feature1+feature18)*(feature7+feature19)))    feature_ID:000004
     d002 = (((feature13-feature14)-feature17)*((feature13-feature16)*(feature16-feature19)))    feature_ID:010002

  2D model(y=sum(ci*di)+c0): 
     coeff.(ci)_task001:    -0.4975240894E+02   -0.3322431243E+03
             c0_task001:     0.5056923435E+02
     RMSE,MaxAE_task001:     0.8656109118E+01    0.2051143276E+02

     RMSE and MaxAE of the model:   8.656109 20.511433
================================================================================
Time (second) used for this DI:           25.44
Total time (second):         2123.89
Have a nice day !    

