****************************************************************
  Sure Independence Screening and Sparsifying Operator (SISSO)  
             Version SISSO.3.3, July, 2023.                
****************************************************************

Read in data from train.dat
Read in data from SISSO.in
Property type:     1
Number of tasks:        1
Descriptor dimension:        2
Number of samples for the task(s):     36
Restarts :  0
Number of scalar features:       18
Tier of the feature space:        3
Maximal feature complexity (number of operators in a feature):        6
Unit of input primary feature, each represented by a row vector: 
    1.00
    1.00
    1.00
    1.00
    1.00
    1.00
    1.00
    1.00
    1.00
    1.00
    1.00
    1.00
    1.00
    1.00
    1.00
    1.00
    1.00
    1.00
The feature will be discarded if the minimum of the maximal abs. value in it <    0.10000E-02
The faature will be discarded if the maximum of the maximal abs. value in it >     0.10000E+06
Size of the SIS-selected (single) subspace :  10000 10000
Operators for feature construction: (+)(-)(*) (+)(-)(*) (+)(-)(*) 
Method for sparse regression:  L0        
Fitting intercept:      T
Metric for model selection: RMSE
Number of the top-ranked models to output:      100
--------------------------------------------------------------------------------

Dimension:   1
-------------------
Feature Construction (FC) starts ...
Population Standard Deviation (SD) of the task 001:  100.66570
Total number of features in the space phi00:             18
Total number of features in the space phi01:            547
Total number of features in the space phi02:         147727
Total number of features in the space phi03:     2910635533
Size of the SIS-selected subspace from phi03:      10000
Time (second) used for this FC:          432.86

Descriptor Identification (DI) starts ...
Total number of SIS-selected features from all dimensions:      10000
 
  1D descriptor: 
     d001 = (((feature10+feature14)-feature16)+((feature14-feature17)-(feature2+feature6)))    feature_ID:000001

  1D model(y=sum(ci*di)+c0): 
     coeff.(ci)_task001:     0.9257079025E+02
             c0_task001:     0.2135963209E+03
     RMSE,MaxAE_task001:     0.3080811812E+02    0.7833238775E+02

     RMSE and MaxAE of the model:  30.808118 78.332388
--------------------------------------------------------------------------------
Time (second) used for this DI:            0.11

Dimension:   2
-------------------
Feature Construction (FC) starts ...
Total number of features in the space phi00:             18
Total number of features in the space phi01:            547
Total number of features in the space phi02:         147727
Total number of features in the space phi03:     2910635533
Size of the SIS-selected subspace from phi03:      10000
Time (second) used for this FC:          437.95

Descriptor Identification (DI) starts ...
Total number of SIS-selected features from all dimensions:      20000
 
Final model/descriptor !
================================================================================
  2D descriptor: 
     d001 = (((feature10+feature14)-feature16)+((feature14-feature17)-(feature2+feature6)))    feature_ID:000001
     d002 = (((feature10-feature15)-feature15)*((feature1+feature12)*(feature16-feature17)))    feature_ID:010033

  2D model(y=sum(ci*di)+c0): 
     coeff.(ci)_task001:     0.1002998692E+03    0.7437690232E+03
             c0_task001:     0.2132050399E+03
     RMSE,MaxAE_task001:     0.2240463527E+02    0.6460727898E+02

     RMSE and MaxAE of the model:  22.404635 64.607279
================================================================================
Time (second) used for this DI:           25.44
Total time (second):          899.16
Have a nice day !    

