****************************************************************
  Sure Independence Screening and Sparsifying Operator (SISSO)  
             Version SISSO.3.3, July, 2023.                
****************************************************************

Read in data from train.dat
Read in data from SISSO.in
Property type:     1
Number of tasks:        1
Descriptor dimension:        2
Number of samples for the task(s):     36
Restarts :  0
Number of scalar features:       20
Tier of the feature space:        3
Maximal feature complexity (number of operators in a feature):        6
Unit of input primary feature, each represented by a row vector: 
    1.00
    1.00
    1.00
    1.00
    1.00
    1.00
    1.00
    1.00
    1.00
    1.00
    1.00
    1.00
    1.00
    1.00
    1.00
    1.00
    1.00
    1.00
    1.00
    1.00
The feature will be discarded if the minimum of the maximal abs. value in it <    0.10000E-02
The faature will be discarded if the maximum of the maximal abs. value in it >     0.10000E+06
Size of the SIS-selected (single) subspace :  10000 10000
Operators for feature construction: (+)(-)(*) (+)(-)(*) (+)(-)(*) 
Method for sparse regression:  L0        
Fitting intercept:      T
Metric for model selection: RMSE
Number of the top-ranked models to output:      100
--------------------------------------------------------------------------------

Dimension:   1
-------------------
Feature Construction (FC) starts ...
Population Standard Deviation (SD) of the task 001:   10.98804
Total number of features in the space phi00:             20
Total number of features in the space phi01:            692
Total number of features in the space phi02:         228532
Total number of features in the space phi03:     6294397039
Size of the SIS-selected subspace from phi03:      10000
Time (second) used for this FC:         1111.25

Descriptor Identification (DI) starts ...
Total number of SIS-selected features from all dimensions:      10000
 
  1D descriptor: 
     d001 = (((feature11+feature14)-feature20)*((feature1-feature11)+(feature13-feature11)))    feature_ID:000001

  1D model(y=sum(ci*di)+c0): 
     coeff.(ci)_task001:    -0.1269439364E+02
             c0_task001:     0.4227670949E+01
     RMSE,MaxAE_task001:     0.3958019306E+01    0.1189971118E+02

     RMSE and MaxAE of the model:   3.958019 11.899711
--------------------------------------------------------------------------------
Time (second) used for this DI:            0.11

Dimension:   2
-------------------
Feature Construction (FC) starts ...
Total number of features in the space phi00:             20
Total number of features in the space phi01:            692
Total number of features in the space phi02:         228532
Total number of features in the space phi03:     6294397039
Size of the SIS-selected subspace from phi03:      10000
Time (second) used for this FC:         1110.02

Descriptor Identification (DI) starts ...
Total number of SIS-selected features from all dimensions:      20000
 
Final model/descriptor !
================================================================================
  2D descriptor: 
     d001 = (((feature14+feature17)-feature20)*((feature1-feature11)+(feature13-feature11)))    feature_ID:000020
     d002 = ((feature12*(feature16-feature19))*((feature19-feature5)*(feature18-feature20)))    feature_ID:012031

  2D model(y=sum(ci*di)+c0): 
     coeff.(ci)_task001:    -0.1461898472E+02    0.1888594053E+04
             c0_task001:     0.3054581014E+01
     RMSE,MaxAE_task001:     0.2671203046E+01    0.7004922460E+01

     RMSE and MaxAE of the model:   2.671203  7.004922
================================================================================
Time (second) used for this DI:           25.53
Total time (second):         2247.76
Have a nice day !    

