****************************************************************
  Sure Independence Screening and Sparsifying Operator (SISSO)  
             Version SISSO.3.3, July, 2023.                
****************************************************************

Read in data from train.dat
Read in data from SISSO.in
Property type:     1
Number of tasks:        1
Descriptor dimension:        2
Number of samples for the task(s):     36
Restarts :  0
Number of scalar features:       20
Tier of the feature space:        3
Maximal feature complexity (number of operators in a feature):        6
Unit of input primary feature, each represented by a row vector: 
    1.00
    1.00
    1.00
    1.00
    1.00
    1.00
    1.00
    1.00
    1.00
    1.00
    1.00
    1.00
    1.00
    1.00
    1.00
    1.00
    1.00
    1.00
    1.00
    1.00
The feature will be discarded if the minimum of the maximal abs. value in it <    0.10000E-02
The faature will be discarded if the maximum of the maximal abs. value in it >     0.10000E+06
Size of the SIS-selected (single) subspace :  10000 10000
Operators for feature construction: (+)(-)(*) (+)(-)(*) (+)(-)(*) 
Method for sparse regression:  L0        
Fitting intercept:      T
Metric for model selection: RMSE
Number of the top-ranked models to output:      100
--------------------------------------------------------------------------------

Dimension:   1
-------------------
Feature Construction (FC) starts ...
Population Standard Deviation (SD) of the task 001:   23.83668
Total number of features in the space phi00:             20
Total number of features in the space phi01:            700
Total number of features in the space phi02:         232057
Total number of features in the space phi03:     6465917199
Size of the SIS-selected subspace from phi03:      10000
Time (second) used for this FC:         1264.74

Descriptor Identification (DI) starts ...
Total number of SIS-selected features from all dimensions:      10000
 
  1D descriptor: 
     d001 = ((feature13*(feature11-feature7))+((feature13-feature19)*(feature20-feature19)))    feature_ID:000001

  1D model(y=sum(ci*di)+c0): 
     coeff.(ci)_task001:     0.7477604192E+02
             c0_task001:     0.7935592279E+01
     RMSE,MaxAE_task001:     0.1255371429E+02    0.2832470655E+02

     RMSE and MaxAE of the model:  12.553714 28.324707
--------------------------------------------------------------------------------
Time (second) used for this DI:            0.11

Dimension:   2
-------------------
Feature Construction (FC) starts ...
Total number of features in the space phi00:             20
Total number of features in the space phi01:            700
Total number of features in the space phi02:         232057
Total number of features in the space phi03:     6465917199
Size of the SIS-selected subspace from phi03:      10000
Time (second) used for this FC:         1266.18

Descriptor Identification (DI) starts ...
Total number of SIS-selected features from all dimensions:      20000
 
Final model/descriptor !
================================================================================
  2D descriptor: 
     d001 = (((feature11*feature13)-(feature12*feature18))-(feature20*(feature19-feature11)))    feature_ID:005660
     d002 = (((feature11-feature13)-feature7)*((feature1+feature20)-(feature12+feature18)))    feature_ID:011878

  2D model(y=sum(ci*di)+c0): 
     coeff.(ci)_task001:     0.3487080793E+02   -0.8963940820E+02
             c0_task001:     0.4040111855E+02
     RMSE,MaxAE_task001:     0.9367416594E+01    0.3005121495E+02

     RMSE and MaxAE of the model:   9.367417 30.051215
================================================================================
Time (second) used for this DI:           25.48
Total time (second):         2557.17
Have a nice day !    

