****************************************************************
  Sure Independence Screening and Sparsifying Operator (SISSO)  
             Version SISSO.3.3, July, 2023.                
****************************************************************

Read in data from train.dat
Read in data from SISSO.in
Property type:     1
Number of tasks:        1
Descriptor dimension:        2
Number of samples for the task(s):     36
Restarts :  0
Number of scalar features:       20
Tier of the feature space:        3
Maximal feature complexity (number of operators in a feature):        6
Unit of input primary feature, each represented by a row vector: 
    1.00
    1.00
    1.00
    1.00
    1.00
    1.00
    1.00
    1.00
    1.00
    1.00
    1.00
    1.00
    1.00
    1.00
    1.00
    1.00
    1.00
    1.00
    1.00
    1.00
The feature will be discarded if the minimum of the maximal abs. value in it <    0.10000E-02
The faature will be discarded if the maximum of the maximal abs. value in it >     0.10000E+06
Size of the SIS-selected (single) subspace :  10000 10000
Operators for feature construction: (+)(-)(*) (+)(-)(*) (+)(-)(*) 
Method for sparse regression:  L0        
Fitting intercept:      T
Metric for model selection: RMSE
Number of the top-ranked models to output:      100
--------------------------------------------------------------------------------

Dimension:   1
-------------------
Feature Construction (FC) starts ...
Population Standard Deviation (SD) of the task 001:   22.30985
Total number of features in the space phi00:             20
Total number of features in the space phi01:            694
Total number of features in the space phi02:         235828
Total number of features in the space phi03:     6570852914
Size of the SIS-selected subspace from phi03:      10000
Time (second) used for this FC:         1131.15

Descriptor Identification (DI) starts ...
Total number of SIS-selected features from all dimensions:      10000
 
  1D descriptor: 
     d001 = ((feature14*(feature11+feature20))*((feature14+feature16)+(feature14-feature19)))    feature_ID:000001

  1D model(y=sum(ci*di)+c0): 
     coeff.(ci)_task001:     0.2780050171E+02
             c0_task001:     0.2156037188E+02
     RMSE,MaxAE_task001:     0.1046263201E+02    0.2588922583E+02

     RMSE and MaxAE of the model:  10.462632 25.889226
--------------------------------------------------------------------------------
Time (second) used for this DI:            0.14

Dimension:   2
-------------------
Feature Construction (FC) starts ...
Total number of features in the space phi00:             20
Total number of features in the space phi01:            694
Total number of features in the space phi02:         235828
Total number of features in the space phi03:     6570852914
Size of the SIS-selected subspace from phi03:      10000
Time (second) used for this FC:         1133.30

Descriptor Identification (DI) starts ...
Total number of SIS-selected features from all dimensions:      20000
 
Final model/descriptor !
================================================================================
  2D descriptor: 
     d001 = (((feature12+feature20)*(feature14-feature19))-(feature12*(feature13-feature16)))    feature_ID:003243
     d002 = (((feature11-feature14)-feature6)*((feature14-feature4)*(feature12-feature13)))    feature_ID:010187

  2D model(y=sum(ci*di)+c0): 
     coeff.(ci)_task001:     0.5480409600E+02   -0.3124207248E+03
             c0_task001:     0.5351192972E+02
     RMSE,MaxAE_task001:     0.6528588830E+01    0.1605832294E+02

     RMSE and MaxAE of the model:   6.528589 16.058323
================================================================================
Time (second) used for this DI:           25.52
Total time (second):         2290.73
Have a nice day !    

