****************************************************************
  Sure Independence Screening and Sparsifying Operator (SISSO)  
             Version SISSO.3.3, July, 2023.                
****************************************************************

Read in data from train.dat
Read in data from SISSO.in
Property type:     1
Number of tasks:        1
Descriptor dimension:        2
Number of samples for the task(s):     36
Restarts :  0
Number of scalar features:       20
Tier of the feature space:        3
Maximal feature complexity (number of operators in a feature):        6
Unit of input primary feature, each represented by a row vector: 
    1.00
    1.00
    1.00
    1.00
    1.00
    1.00
    1.00
    1.00
    1.00
    1.00
    1.00
    1.00
    1.00
    1.00
    1.00
    1.00
    1.00
    1.00
    1.00
    1.00
The feature will be discarded if the minimum of the maximal abs. value in it <    0.10000E-02
The faature will be discarded if the maximum of the maximal abs. value in it >     0.10000E+06
Size of the SIS-selected (single) subspace :  10000 10000
Operators for feature construction: (+)(-)(*) (+)(-)(*) (+)(-)(*) 
Method for sparse regression:  L0        
Fitting intercept:      T
Metric for model selection: RMSE
Number of the top-ranked models to output:      100
--------------------------------------------------------------------------------

Dimension:   1
-------------------
Feature Construction (FC) starts ...
Population Standard Deviation (SD) of the task 001:   10.69806
Total number of features in the space phi00:             20
Total number of features in the space phi01:            717
Total number of features in the space phi02:         268203
Total number of features in the space phi03:     8053136801
Size of the SIS-selected subspace from phi03:      10000
Time (second) used for this FC:         1493.63

Descriptor Identification (DI) starts ...
Total number of SIS-selected features from all dimensions:      10000
 
  1D descriptor: 
     d001 = (((feature13+feature18)-feature19)*((feature14+feature20)-(feature18-feature9)))    feature_ID:000001

  1D model(y=sum(ci*di)+c0): 
     coeff.(ci)_task001:     0.2016441240E+02
             c0_task001:     0.5120196913E+01
     RMSE,MaxAE_task001:     0.4945410050E+01    0.1518954149E+02

     RMSE and MaxAE of the model:   4.945410 15.189541
--------------------------------------------------------------------------------
Time (second) used for this DI:            0.09

Dimension:   2
-------------------
Feature Construction (FC) starts ...
Total number of features in the space phi00:             20
Total number of features in the space phi01:            717
Total number of features in the space phi02:         268203
Total number of features in the space phi03:     8053136801
Size of the SIS-selected subspace from phi03:      10000
Time (second) used for this FC:         1493.77

Descriptor Identification (DI) starts ...
Total number of SIS-selected features from all dimensions:      20000
 
Final model/descriptor !
================================================================================
  2D descriptor: 
     d001 = (((feature19-feature9)*(feature4+feature13))-(feature20*(feature13-feature1)))    feature_ID:000597
     d002 = (((feature15+feature18)-feature16)*((feature10-feature15)*(feature12-feature14)))    feature_ID:010105

  2D model(y=sum(ci*di)+c0): 
     coeff.(ci)_task001:    -0.2675254188E+02    0.1429339410E+03
             c0_task001:     0.4908402121E+01
     RMSE,MaxAE_task001:     0.3154163634E+01    0.7704864488E+01

     RMSE and MaxAE of the model:   3.154164  7.704864
================================================================================
Time (second) used for this DI:           25.52
Total time (second):         3013.68
Have a nice day !    

