****************************************************************
  Sure Independence Screening and Sparsifying Operator (SISSO)  
             Version SISSO.3.3, July, 2023.                
****************************************************************

Read in data from train.dat
Read in data from SISSO.in
Property type:     1
Number of tasks:        1
Descriptor dimension:        2
Number of samples for the task(s):     36
Restarts :  0
Number of scalar features:       21
Tier of the feature space:        3
Maximal feature complexity (number of operators in a feature):        6
Unit of input primary feature, each represented by a row vector: 
    1.00
    1.00
    1.00
    1.00
    1.00
    1.00
    1.00
    1.00
    1.00
    1.00
    1.00
    1.00
    1.00
    1.00
    1.00
    1.00
    1.00
    1.00
    1.00
    1.00
    1.00
The feature will be discarded if the minimum of the maximal abs. value in it <    0.10000E-02
The faature will be discarded if the maximum of the maximal abs. value in it >     0.10000E+06
Size of the SIS-selected (single) subspace :  10000 10000
Operators for feature construction: (+)(-)(*) (+)(-)(*) (+)(-)(*) 
Method for sparse regression:  L0        
Fitting intercept:      T
Metric for model selection: RMSE
Number of the top-ranked models to output:      100
--------------------------------------------------------------------------------

Dimension:   1
-------------------
Feature Construction (FC) starts ...
Population Standard Deviation (SD) of the task 001:   22.69772
Total number of features in the space phi00:             21
Total number of features in the space phi01:            751
Total number of features in the space phi02:         260573
Total number of features in the space phi03:     8031777249
Size of the SIS-selected subspace from phi03:      10000
Time (second) used for this FC:         1508.49

Descriptor Identification (DI) starts ...
Total number of SIS-selected features from all dimensions:      10000
 
  1D descriptor: 
     d001 = (((feature20-feature6)*(feature21-feature20))-(feature19*(feature14+feature19)))    feature_ID:000001

  1D model(y=sum(ci*di)+c0): 
     coeff.(ci)_task001:     0.5164291034E+02
             c0_task001:     0.7425632794E+02
     RMSE,MaxAE_task001:     0.1229234540E+02    0.3163295486E+02

     RMSE and MaxAE of the model:  12.292345 31.632955
--------------------------------------------------------------------------------
Time (second) used for this DI:           16.73

Dimension:   2
-------------------
Feature Construction (FC) starts ...
Total number of features in the space phi00:             21
Total number of features in the space phi01:            751
Total number of features in the space phi02:         260573
Total number of features in the space phi03:     8031777249
Size of the SIS-selected subspace from phi03:      10000
Time (second) used for this FC:         1504.18

Descriptor Identification (DI) starts ...
Total number of SIS-selected features from all dimensions:      20000
 
Final model/descriptor !
================================================================================
  2D descriptor: 
     d001 = (((feature13-feature15)*(feature13-feature18))-(feature19*(feature14+feature19)))    feature_ID:003796
     d002 = (((feature12-feature19)-feature20)*((feature12*feature14)*(feature19-feature21)))    feature_ID:011631

  2D model(y=sum(ci*di)+c0): 
     coeff.(ci)_task001:     0.3895606239E+02    0.4912743732E+03
             c0_task001:     0.6170227272E+02
     RMSE,MaxAE_task001:     0.7691300213E+01    0.1744155026E+02

     RMSE and MaxAE of the model:   7.691300 17.441550
================================================================================
Time (second) used for this DI:           25.47
Total time (second):         3090.50
Have a nice day !    

