****************************************************************
  Sure Independence Screening and Sparsifying Operator (SISSO)  
             Version SISSO.3.3, July, 2023.                
****************************************************************

Read in data from train.dat
Read in data from SISSO.in
Property type:     1
Number of tasks:        1
Descriptor dimension:        2
Number of samples for the task(s):     36
Restarts :  0
Number of scalar features:       19
Tier of the feature space:        3
Maximal feature complexity (number of operators in a feature):        6
Unit of input primary feature, each represented by a row vector: 
    1.00
    1.00
    1.00
    1.00
    1.00
    1.00
    1.00
    1.00
    1.00
    1.00
    1.00
    1.00
    1.00
    1.00
    1.00
    1.00
    1.00
    1.00
    1.00
The feature will be discarded if the minimum of the maximal abs. value in it <    0.10000E-02
The faature will be discarded if the maximum of the maximal abs. value in it >     0.10000E+06
Size of the SIS-selected (single) subspace :  10000 10000
Operators for feature construction: (+)(-)(*) (+)(-)(*) (+)(-)(*) 
Method for sparse regression:  L0        
Fitting intercept:      T
Metric for model selection: RMSE
Number of the top-ranked models to output:      100
--------------------------------------------------------------------------------

Dimension:   1
-------------------
Feature Construction (FC) starts ...
Population Standard Deviation (SD) of the task 001:   11.02198
Total number of features in the space phi00:             19
Total number of features in the space phi01:            632
Total number of features in the space phi02:         198602
Total number of features in the space phi03:     4842191662
Size of the SIS-selected subspace from phi03:      10000
Time (second) used for this FC:          889.56

Descriptor Identification (DI) starts ...
Total number of SIS-selected features from all dimensions:      10000
 
  1D descriptor: 
     d001 = (((feature13+feature18)-feature19)*((feature10-feature18)-(feature8-feature10)))    feature_ID:000001

  1D model(y=sum(ci*di)+c0): 
     coeff.(ci)_task001:     0.1911478263E+02
             c0_task001:     0.5454604739E+01
     RMSE,MaxAE_task001:     0.5427593975E+01    0.1448349862E+02

     RMSE and MaxAE of the model:   5.427594 14.483499
--------------------------------------------------------------------------------
Time (second) used for this DI:            0.16

Dimension:   2
-------------------
Feature Construction (FC) starts ...
Total number of features in the space phi00:             19
Total number of features in the space phi01:            632
Total number of features in the space phi02:         198602
Total number of features in the space phi03:     4842191662
Size of the SIS-selected subspace from phi03:      10000
Time (second) used for this FC:          890.94

Descriptor Identification (DI) starts ...
Total number of SIS-selected features from all dimensions:      20000
 
Final model/descriptor !
================================================================================
  2D descriptor: 
     d001 = ((feature16*(feature11+feature19))+((feature13+feature18)*(feature18-feature10)))    feature_ID:000757
     d002 = ((feature10*(feature15-feature18))*((feature11-feature15)-(feature5-feature11)))    feature_ID:010094

  2D model(y=sum(ci*di)+c0): 
     coeff.(ci)_task001:    -0.1871557567E+02   -0.6088292339E+02
             c0_task001:     0.1897435967E+02
     RMSE,MaxAE_task001:     0.4296736085E+01    0.1340966233E+02

     RMSE and MaxAE of the model:   4.296736 13.409662
================================================================================
Time (second) used for this DI:           25.55
Total time (second):         1818.80
Have a nice day !    

