****************************************************************
  Sure Independence Screening and Sparsifying Operator (SISSO)  
             Version SISSO.3.3, July, 2023.                
****************************************************************

Read in data from train.dat
Read in data from SISSO.in
Property type:     1
Number of tasks:        1
Descriptor dimension:        2
Number of samples for the task(s):     36
Restarts :  0
Number of scalar features:       19
Tier of the feature space:        3
Maximal feature complexity (number of operators in a feature):        6
Unit of input primary feature, each represented by a row vector: 
    1.00
    1.00
    1.00
    1.00
    1.00
    1.00
    1.00
    1.00
    1.00
    1.00
    1.00
    1.00
    1.00
    1.00
    1.00
    1.00
    1.00
    1.00
    1.00
The feature will be discarded if the minimum of the maximal abs. value in it <    0.10000E-02
The faature will be discarded if the maximum of the maximal abs. value in it >     0.10000E+06
Size of the SIS-selected (single) subspace :  10000 10000
Operators for feature construction: (+)(-)(*) (+)(-)(*) (+)(-)(*) 
Method for sparse regression:  L0        
Fitting intercept:      T
Metric for model selection: RMSE
Number of the top-ranked models to output:      100
--------------------------------------------------------------------------------

Dimension:   1
-------------------
Feature Construction (FC) starts ...
Population Standard Deviation (SD) of the task 001:    9.88058
Total number of features in the space phi00:             19
Total number of features in the space phi01:            621
Total number of features in the space phi02:         178163
Total number of features in the space phi03:     4119336105
Size of the SIS-selected subspace from phi03:      10000
Time (second) used for this FC:          773.11

Descriptor Identification (DI) starts ...
Total number of SIS-selected features from all dimensions:      10000
 
  1D descriptor: 
     d001 = ((feature18*(feature11-feature7))*((feature11-feature17)-(feature6-feature11)))    feature_ID:000001

  1D model(y=sum(ci*di)+c0): 
     coeff.(ci)_task001:     0.3339138292E+02
             c0_task001:     0.5023844524E+01
     RMSE,MaxAE_task001:     0.4752093546E+01    0.1563402753E+02

     RMSE and MaxAE of the model:   4.752094 15.634028
--------------------------------------------------------------------------------
Time (second) used for this DI:            0.09

Dimension:   2
-------------------
Feature Construction (FC) starts ...
Total number of features in the space phi00:             19
Total number of features in the space phi01:            621
Total number of features in the space phi02:         178163
Total number of features in the space phi03:     4119336105
Size of the SIS-selected subspace from phi03:      10000
Time (second) used for this FC:          776.32

Descriptor Identification (DI) starts ...
Total number of SIS-selected features from all dimensions:      20000
 
Final model/descriptor !
================================================================================
  2D descriptor: 
     d001 = ((feature18*(feature7+feature11))*((feature11-feature17)-(feature7-feature11)))    feature_ID:000085
     d002 = ((feature16*(feature6+feature16))+((feature1+feature18)*(feature12+feature18)))    feature_ID:016116

  2D model(y=sum(ci*di)+c0): 
     coeff.(ci)_task001:     0.3474285856E+02   -0.1959372620E+02
             c0_task001:     0.2067941439E+02
     RMSE,MaxAE_task001:     0.3317234365E+01    0.1157817016E+02

     RMSE and MaxAE of the model:   3.317234 11.578170
================================================================================
Time (second) used for this DI:           25.55
Total time (second):         1576.73
Have a nice day !    

