****************************************************************
  Sure Independence Screening and Sparsifying Operator (SISSO)  
             Version SISSO.3.3, July, 2023.                
****************************************************************

Read in data from train.dat
Read in data from SISSO.in
Property type:     1
Number of tasks:        1
Descriptor dimension:        2
Number of samples for the task(s):     36
Restarts :  0
Number of scalar features:       20
Tier of the feature space:        3
Maximal feature complexity (number of operators in a feature):        6
Unit of input primary feature, each represented by a row vector: 
    1.00
    1.00
    1.00
    1.00
    1.00
    1.00
    1.00
    1.00
    1.00
    1.00
    1.00
    1.00
    1.00
    1.00
    1.00
    1.00
    1.00
    1.00
    1.00
    1.00
The feature will be discarded if the minimum of the maximal abs. value in it <    0.10000E-02
The faature will be discarded if the maximum of the maximal abs. value in it >     0.10000E+06
Size of the SIS-selected (single) subspace :  10000 10000
Operators for feature construction: (+)(-)(*) (+)(-)(*) (+)(-)(*) 
Method for sparse regression:  L0        
Fitting intercept:      T
Metric for model selection: RMSE
Number of the top-ranked models to output:      100
--------------------------------------------------------------------------------

Dimension:   1
-------------------
Feature Construction (FC) starts ...
Population Standard Deviation (SD) of the task 001:   93.54041
Total number of features in the space phi00:             20
Total number of features in the space phi01:            701
Total number of features in the space phi02:         252700
Total number of features in the space phi03:     7313410797
Size of the SIS-selected subspace from phi03:      10000
Time (second) used for this FC:         1292.96

Descriptor Identification (DI) starts ...
Total number of SIS-selected features from all dimensions:      10000
 
  1D descriptor: 
     d001 = ((feature13*(feature10+feature20))+((feature13+feature17)*(feature14-feature19)))    feature_ID:000001

  1D model(y=sum(ci*di)+c0): 
     coeff.(ci)_task001:     0.1207657855E+03
             c0_task001:     0.1952695880E+03
     RMSE,MaxAE_task001:     0.2655273058E+02    0.6139171557E+02

     RMSE and MaxAE of the model:  26.552731 61.391716
--------------------------------------------------------------------------------
Time (second) used for this DI:            0.11

Dimension:   2
-------------------
Feature Construction (FC) starts ...
Total number of features in the space phi00:             20
Total number of features in the space phi01:            701
Total number of features in the space phi02:         252700
Total number of features in the space phi03:     7313410797
Size of the SIS-selected subspace from phi03:      10000
Time (second) used for this FC:         1297.26

Descriptor Identification (DI) starts ...
Total number of SIS-selected features from all dimensions:      20000
 
Final model/descriptor !
================================================================================
  2D descriptor: 
     d001 = (((feature13+feature17)*(feature19-feature14))-(feature10*(feature13+feature20)))    feature_ID:000381
     d002 = ((feature20*(feature17-feature19))*((feature14-feature18)-(feature19-feature3)))    feature_ID:010051

  2D model(y=sum(ci*di)+c0): 
     coeff.(ci)_task001:    -0.1147046313E+03    0.1201327272E+04
             c0_task001:     0.1757920189E+03
     RMSE,MaxAE_task001:     0.1752206876E+02    0.4454622919E+02

     RMSE and MaxAE of the model:  17.522069 44.546229
================================================================================
Time (second) used for this DI:           25.57
Total time (second):         2625.52
Have a nice day !    

