
       ==============================================
       |                                            |
       |                 C R E S T                  |
       |                                            |
       |  Conformer-Rotamer Ensemble Sampling Tool  |
       |          based on the GFN methods          |
       |             P.Pracht, S.Grimme             |
       |          Universitaet Bonn, MCTC           |
       ==============================================
       Version 2.12,   Thu 19. Mai 16:32:32 CEST 2022
  Using the xTB program. Compatible with xTB version 6.4.0

   Cite work conducted with this code as

   • P.Pracht, F.Bohle, S.Grimme, PCCP, 2020, 22, 7169-7192.
   • S.Grimme, JCTC, 2019, 15, 2847-2862.

   and for works involving QCG as

   • S.Spicher, C.Plett, P.Pracht, A.Hansen, S.Grimme,
     JCTC, 2022, 18 (5), 3174-3189.

   with help from:
   C.Bannwarth, F.Bohle, S.Ehlert, S.Grimme,
   C.Plett, P.Pracht, S.Spicher

   This program is distributed in the hope that it will be useful,
   but WITHOUT ANY WARRANTY; without even the implied warranty of
   MERCHANTABILITY or FITNESS FOR A PARTICULAR PURPOSE.

 Command line input:
 > crest out.xyz --gfn 2 --chrg 0 -T 1 --noreftopo

  -gfn2 : Use of GFN2-xTB requested.
  --chrg 0
  -T 1 (CPUs/Threads selected)

 -------------------------
 xTB Geometry Optimization
 -------------------------
 Geometry successfully optimized.

------------------------------------------------
Generating MTD length from a flexibility measure
------------------------------------------------
 Calculating WBOs... done.
 Calculating NCI flexibility... done.
     covalent flexibility measure :   0.313
 non-covalent flexibility measure :   0.826
 flexibility measure :   0.387
 t(MTD) / ps    :     5.0
 Σ(t(MTD)) / ps :    70.0 (14 MTDs)

-------------------------------------
Starting a trial MTD to test settings
-------------------------------------
 Estimated runtime for one MTD (5.0 ps) on a single thread: 10 min 1 sec
 Estimated runtime for a batch of 14 MTDs on 1 threads: 2 h 20 min 13 sec

 list of Vbias parameters applied:
$metadyn    0.00300   1.300
$metadyn    0.00150   1.300
$metadyn    0.00075   1.300
$metadyn    0.00300   0.780
$metadyn    0.00150   0.780
$metadyn    0.00075   0.780
$metadyn    0.00300   0.468
$metadyn    0.00150   0.468
$metadyn    0.00075   0.468
$metadyn    0.00300   0.281
$metadyn    0.00150   0.281
$metadyn    0.00075   0.281
$metadyn    0.00100   0.100
$metadyn    0.00500   0.800

*******************************************************************************************
**                        N E W    I T E R A T I O N    C Y C L E                        **
*******************************************************************************************

========================================
            MTD Iteration  1
========================================

     ========================================
     |         Meta-MD (MTD) Sampling       |
     ========================================

Starting Meta-MD  14 with the settings:
     MD time /ps        :     5.0
     dt /fs             :     5.0
     dumpstep(trj) /fs  :     100
     dumpstep(Vbias)/ps :     1.0
     Vbias factor k /Eh :  0.0950
     Vbias exp α /bohr⁻²:    0.80
*Meta-MTD 14 finished*
Starting Meta-MD  13 with the settings:
     MD time /ps        :     5.0
     dt /fs             :     5.0
     dumpstep(trj) /fs  :     100
     dumpstep(Vbias)/ps :     1.0
     Vbias factor k /Eh :  0.0190
     Vbias exp α /bohr⁻²:    0.10
*Meta-MTD 13 finished*
Starting Meta-MD  12 with the settings:
     MD time /ps        :     5.0
     dt /fs             :     5.0
     dumpstep(trj) /fs  :     100
     dumpstep(Vbias)/ps :     1.0
     Vbias factor k /Eh :  0.0143
     Vbias exp α /bohr⁻²:    0.28
*Meta-MTD 12 finished*
Starting Meta-MD  11 with the settings:
     MD time /ps        :     5.0
     dt /fs             :     5.0
     dumpstep(trj) /fs  :     100
     dumpstep(Vbias)/ps :     1.0
     Vbias factor k /Eh :  0.0285
     Vbias exp α /bohr⁻²:    0.28
*Meta-MTD 11 finished*
Starting Meta-MD  10 with the settings:
     MD time /ps        :     5.0
     dt /fs             :     5.0
     dumpstep(trj) /fs  :     100
     dumpstep(Vbias)/ps :     1.0
     Vbias factor k /Eh :  0.0570
     Vbias exp α /bohr⁻²:    0.28
*Meta-MTD 10 finished*
Starting Meta-MD   9 with the settings:
     MD time /ps        :     5.0
     dt /fs             :     5.0
     dumpstep(trj) /fs  :     100
     dumpstep(Vbias)/ps :     1.0
     Vbias factor k /Eh :  0.0143
     Vbias exp α /bohr⁻²:    0.47
*Meta-MTD 9 finished*
Starting Meta-MD   8 with the settings:
     MD time /ps        :     5.0
     dt /fs             :     5.0
     dumpstep(trj) /fs  :     100
     dumpstep(Vbias)/ps :     1.0
     Vbias factor k /Eh :  0.0285
     Vbias exp α /bohr⁻²:    0.47
*Meta-MTD 8 finished*
Starting Meta-MD   7 with the settings:
     MD time /ps        :     5.0
     dt /fs             :     5.0
     dumpstep(trj) /fs  :     100
     dumpstep(Vbias)/ps :     1.0
     Vbias factor k /Eh :  0.0570
     Vbias exp α /bohr⁻²:    0.47
*Meta-MTD 7 finished*
Starting Meta-MD   6 with the settings:
     MD time /ps        :     5.0
     dt /fs             :     5.0
     dumpstep(trj) /fs  :     100
     dumpstep(Vbias)/ps :     1.0
     Vbias factor k /Eh :  0.0143
     Vbias exp α /bohr⁻²:    0.78
*Meta-MTD 6 finished*
Starting Meta-MD   5 with the settings:
     MD time /ps        :     5.0
     dt /fs             :     5.0
     dumpstep(trj) /fs  :     100
     dumpstep(Vbias)/ps :     1.0
     Vbias factor k /Eh :  0.0285
     Vbias exp α /bohr⁻²:    0.78
*Meta-MTD 5 finished*
Starting Meta-MD   4 with the settings:
     MD time /ps        :     5.0
     dt /fs             :     5.0
     dumpstep(trj) /fs  :     100
     dumpstep(Vbias)/ps :     1.0
     Vbias factor k /Eh :  0.0570
     Vbias exp α /bohr⁻²:    0.78
*Meta-MTD 4 finished*
Starting Meta-MD   3 with the settings:
     MD time /ps        :     5.0
     dt /fs             :     5.0
     dumpstep(trj) /fs  :     100
     dumpstep(Vbias)/ps :     1.0
     Vbias factor k /Eh :  0.0143
     Vbias exp α /bohr⁻²:    1.30
*Meta-MTD 3 finished*
Starting Meta-MD   2 with the settings:
     MD time /ps        :     5.0
     dt /fs             :     5.0
     dumpstep(trj) /fs  :     100
     dumpstep(Vbias)/ps :     1.0
     Vbias factor k /Eh :  0.0285
     Vbias exp α /bohr⁻²:    1.30
*Meta-MTD 2 finished*
Starting Meta-MD   1 with the settings:
     MD time /ps        :     5.0
     dt /fs             :     5.0
     dumpstep(trj) /fs  :     100
     dumpstep(Vbias)/ps :     1.0
     Vbias factor k /Eh :  0.0570
     Vbias exp α /bohr⁻²:    1.30
*Meta-MTD 1 finished*

-----------------------
Multilevel Optimization
-----------------------

 -------------------------
 1. crude pre-optimization
 -------------------------
 Optimizing all 686 structures from file "crest_rotamers_0.xyz" ...
 1 2 3 4 5 6 7 8 9 10 11 12 13 14 15 16 17 18 19 20 21 22 23 24 25 26 27 28 29 30 31 32 33 34 35 36 37 38 39 40 41 42 43 44 45 46 47 48 49 50 51 52 53 54 55 56 57 58 59 60 61 62 63 64 65 66 67 68 69 70 71 72 73 74 75 76 77 78 79 80 81 82 83 84 85 86 87 88 89 90 91 92 93 94 95 96 97 98 99 100 101 102 103 104 105 106 107 108 109 110 111 112 113 114 115 116 117 118 119 120 121 122 123 124 125 126 127 128 129 130 131 132 133 134 135 136 137 138 139 140 141 142 143 144 145 146 147 148 149 150 151 152 153 154 155 156 157 158 159 160 161 162 163 164 165 166 167 168 169 170 171 172 173 174 175 176 177 178 179 180 181 182 183 184 185 186 187 188 189 190 191 192 193 194 195 196 197 198 199 200 201 202 203 204 205 206 207 208 209 210 211 212 213 214 215 216 217 218 219 220 221 222 223 224 225 226 227 228 229 230 231 232 233 234 235 236 237 238 239 240 241 242 243 244 245 246 247 248 249 250 251 252 253 254 255 256 257 258 259 260 261 262 263 264 265 266 267 268 269 270 271 272 273 274 275 276 277 278 279 280 281 282 283 284 285 286 287 288 289 290 291 292 293 294 295 296 297 298 299 300 301 302 303 304 305 306 307 308 309 310 311 312 313 314 315 316 317 318 319 320 321 322 323 324 325 326 327 328 329 330 331 332 333 334 335 336 337 338 339 340 341 342 343 344 345 346 347 348 349 350 351 352 353 354 355 356 357 358 359 360 361 362 363 364 365 366 367 368 369 370 371 372 373 374 375 376 377 378 379 380 381 382 383 384 385 386 387 388 389 390 391 392 393 394 395 396 397 398 399 400 401 402 403 404 405 406 407 408 409 410 411 412 413 414 415 416 417 418 419 420 421 422 423 424 425 426 427 428 429 430 431 432 433 434 435 436 437 438 439 440 441 442 443 444 445 446 447 448 449 450 451 452 453 454 455 456 457 458 459 460 461 462 463 464 465 466 467 468 469 470 471 472 473 474 475 476 477 478 479 480 481 482 483 484 485 486 487 488 489 490 491 492 493 494 495 496 497 498 499 500 501 502 503 504 505 506 507 508 509 510 511 512 513 514 515 516 517 518 519 520 521 522 523 524 525 526 527 528 529 530 531 532 533 534 535 536 537 538 539 540 541 542 543 544 545 546 547 548 549 550 551 552 553 554 555 556 557 558 559 560 561 562 563 564 565 566 567 568 569 570 571 572 573 574 575 576 577 578 579 580 581 582 583 584 585 586 587 588 589 590 591 592 593 594 595 596 597 598 599 600 601 602 603 604 605 606 607 608 609 610 611 612 613 614 615 616 617 618 619 620 621 622 623 624 625 626 627 628 629 630 631 632 633 634 635 636 637 638 639 640 641 642 643 644 645 646 647 648 649 650 651 652 653 654 655 656 657 658 659 660 661 662 663 664 665 666 667 668 669 670 671 672 673 674 675 676 677 678 679 680 681 682 683 684 685 686
 done.
 running RMSDs...
 done.
 E lowest :   -20.25230
 473 structures remain within    12.00 kcal/mol window

 -------------------------------------
 2. optimization with tight thresholds
 -------------------------------------
 Optimizing all 474 structures from file "crest_rotamers_1.xyz" ...
 1 2 3 4 5 6 7 8 9 10 11 12 13 14 15 16 17 18 19 20 21 22 23 24 25 26 27 28 29 30 31 32 33 34 35 36 37 38 39 40 41 42 43 44 45 46 47 48 49 50 51 52 53 54 55 56 57 58 59 60 61 62 63 64 65 66 67 68 69 70 71 72 73 74 75 76 77 78 79 80 81 82 83 84 85 86 87 88 89 90 91 92 93 94 95 96 97 98 99 100 101 102 103 104 105 106 107 108 109 110 111 112 113 114 115 116 117 118 119 120 121 122 123 124 125 126 127 128 129 130 131 132 133 134 135 136 137 138 139 140 141 142 143 144 145 146 147 148 149 150 151 152 153 154 155 156 157 158 159 160 161 162 163 164 165 166 167 168 169 170 171 172 173 174 175 176 177 178 179 180 181 182 183 184 185 186 187 188 189 190 191 192 193 194 195 196 197 198 199 200 201 202 203 204 205 206 207 208 209 210 211 212 213 214 215 216 217 218 219 220 221 222 223 224 225 226 227 228 229 230 231 232 233 234 235 236 237 238 239 240 241 242 243 244 245 246 247 248 249 250 251 252 253 254 255 256 257 258 259 260 261 262 263 264 265 266 267 268 269 270 271 272 273 274 275 276 277 278 279 280 281 282 283 284 285 286 287 288 289 290 291 292 293 294 295 296 297 298 299 300 301 302 303 304 305 306 307 308 309 310 311 312 313 314 315 316 317 318 319 320 321 322 323 324 325 326 327 328 329 330 331 332 333 334 335 336 337 338 339 340 341 342 343 344 345 346 347 348 349 350 351 352 353 354 355 356 357 358 359 360 361 362 363 364 365 366 367 368 369 370 371 372 373 374 375 376 377 378 379 380 381 382 383 384 385 386 387 388 389 390 391 392 393 394 395 396 397 398 399 400 401 402 403 404 405 406 407 408 409 410 411 412 413 414 415 416 417 418 419 420 421 422 423 424 425 426 427 428 429 430 431 432 433 434 435 436 437 438 439 440 441 442 443 444 445 446 447 448 449 450 451 452 453 454 455 456 457 458 459 460 461 462 463 464 465 466 467 468 469 470 471 472 473 474
 done.
 running RMSDs...
 done.
 E lowest :   -20.25240
 169 structures remain within     6.00 kcal/mol window


========================================
            MTD Iteration  2
========================================

     ========================================
     |         Meta-MD (MTD) Sampling       |
     ========================================

Starting Meta-MD  12 with the settings:
     MD time /ps        :     5.0
     dt /fs             :     5.0
     dumpstep(trj) /fs  :     100
     dumpstep(Vbias)/ps :     1.0
     Vbias factor k /Eh :  0.0143
     Vbias exp α /bohr⁻²:    0.28
*Meta-MTD 12 finished*
Starting Meta-MD  11 with the settings:
     MD time /ps        :     5.0
     dt /fs             :     5.0
     dumpstep(trj) /fs  :     100
     dumpstep(Vbias)/ps :     1.0
     Vbias factor k /Eh :  0.0285
     Vbias exp α /bohr⁻²:    0.28
*Meta-MTD 11 finished*
Starting Meta-MD  10 with the settings:
     MD time /ps        :     5.0
     dt /fs             :     5.0
     dumpstep(trj) /fs  :     100
     dumpstep(Vbias)/ps :     1.0
     Vbias factor k /Eh :  0.0570
     Vbias exp α /bohr⁻²:    0.28
*Meta-MTD 10 finished*
Starting Meta-MD   9 with the settings:
     MD time /ps        :     5.0
     dt /fs             :     5.0
     dumpstep(trj) /fs  :     100
     dumpstep(Vbias)/ps :     1.0
     Vbias factor k /Eh :  0.0143
     Vbias exp α /bohr⁻²:    0.47
*Meta-MTD 9 finished*
Starting Meta-MD   8 with the settings:
     MD time /ps        :     5.0
     dt /fs             :     5.0
     dumpstep(trj) /fs  :     100
     dumpstep(Vbias)/ps :     1.0
     Vbias factor k /Eh :  0.0285
     Vbias exp α /bohr⁻²:    0.47
*Meta-MTD 8 finished*
Starting Meta-MD   7 with the settings:
     MD time /ps        :     5.0
     dt /fs             :     5.0
     dumpstep(trj) /fs  :     100
     dumpstep(Vbias)/ps :     1.0
     Vbias factor k /Eh :  0.0570
     Vbias exp α /bohr⁻²:    0.47
*Meta-MTD 7 finished*
Starting Meta-MD   6 with the settings:
     MD time /ps        :     5.0
     dt /fs             :     5.0
     dumpstep(trj) /fs  :     100
     dumpstep(Vbias)/ps :     1.0
     Vbias factor k /Eh :  0.0143
     Vbias exp α /bohr⁻²:    0.78
*Meta-MTD 6 finished*
Starting Meta-MD   5 with the settings:
     MD time /ps        :     5.0
     dt /fs             :     5.0
     dumpstep(trj) /fs  :     100
     dumpstep(Vbias)/ps :     1.0
     Vbias factor k /Eh :  0.0285
     Vbias exp α /bohr⁻²:    0.78
*Meta-MTD 5 finished*
Starting Meta-MD   4 with the settings:
     MD time /ps        :     5.0
     dt /fs             :     5.0
     dumpstep(trj) /fs  :     100
     dumpstep(Vbias)/ps :     1.0
     Vbias factor k /Eh :  0.0570
     Vbias exp α /bohr⁻²:    0.78
*Meta-MTD 4 finished*
Starting Meta-MD   3 with the settings:
     MD time /ps        :     5.0
     dt /fs             :     5.0
     dumpstep(trj) /fs  :     100
     dumpstep(Vbias)/ps :     1.0
     Vbias factor k /Eh :  0.0143
     Vbias exp α /bohr⁻²:    1.30
*Meta-MTD 3 finished*
Starting Meta-MD   2 with the settings:
     MD time /ps        :     5.0
     dt /fs             :     5.0
     dumpstep(trj) /fs  :     100
     dumpstep(Vbias)/ps :     1.0
     Vbias factor k /Eh :  0.0285
     Vbias exp α /bohr⁻²:    1.30
*Meta-MTD 2 finished*
Starting Meta-MD   1 with the settings:
     MD time /ps        :     5.0
     dt /fs             :     5.0
     dumpstep(trj) /fs  :     100
     dumpstep(Vbias)/ps :     1.0
     Vbias factor k /Eh :  0.0570
     Vbias exp α /bohr⁻²:    1.30
*Meta-MTD 1 finished*

-----------------------
Multilevel Optimization
-----------------------

 -------------------------
 1. crude pre-optimization
 -------------------------
 Optimizing all 588 structures from file "crest_rotamers_0.xyz" ...
 1 2 3 4 5 6 7 8 9 10 11 12 13 14 15 16 17 18 19 20 21 22 23 24 25 26 27 28 29 30 31 32 33 34 35 36 37 38 39 40 41 42 43 44 45 46 47 48 49 50 51 52 53 54 55 56 57 58 59 60 61 62 63 64 65 66 67 68 69 70 71 72 73 74 75 76 77 78 79 80 81 82 83 84 85 86 87 88 89 90 91 92 93 94 95 96 97 98 99 100 101 102 103 104 105 106 107 108 109 110 111 112 113 114 115 116 117 118 119 120 121 122 123 124 125 126 127 128 129 130 131 132 133 134 135 136 137 138 139 140 141 142 143 144 145 146 147 148 149 150 151 152 153 154 155 156 157 158 159 160 161 162 163 164 165 166 167 168 169 170 171 172 173 174 175 176 177 178 179 180 181 182 183 184 185 186 187 188 189 190 191 192 193 194 195 196 197 198 199 200 201 202 203 204 205 206 207 208 209 210 211 212 213 214 215 216 217 218 219 220 221 222 223 224 225 226 227 228 229 230 231 232 233 234 235 236 237 238 239 240 241 242 243 244 245 246 247 248 249 250 251 252 253 254 255 256 257 258 259 260 261 262 263 264 265 266 267 268 269 270 271 272 273 274 275 276 277 278 279 280 281 282 283 284 285 286 287 288 289 290 291 292 293 294 295 296 297 298 299 300 301 302 303 304 305 306 307 308 309 310 311 312 313 314 315 316 317 318 319 320 321 322 323 324 325 326 327 328 329 330 331 332 333 334 335 336 337 338 339 340 341 342 343 344 345 346 347 348 349 350 351 352 353 354 355 356 357 358 359 360 361 362 363 364 365 366 367 368 369 370 371 372 373 374 375 376 377 378 379 380 381 382 383 384 385 386 387 388 389 390 391 392 393 394 395 396 397 398 399 400 401 402 403 404 405 406 407 408 409 410 411 412 413 414 415 416 417 418 419 420 421 422 423 424 425 426 427 428 429 430 431 432 433 434 435 436 437 438 439 440 441 442 443 444 445 446 447 448 449 450 451 452 453 454 455 456 457 458 459 460 461 462 463 464 465 466 467 468 469 470 471 472 473 474 475 476 477 478 479 480 481 482 483 484 485 486 487 488 489 490 491 492 493 494 495 496 497 498 499 500 501 502 503 504 505 506 507 508 509 510 511 512 513 514 515 516 517 518 519 520 521 522 523 524 525 526 527 528 529 530 531 532 533 534 535 536 537 538 539 540 541 542 543 544 545 546 547 548 549 550 551 552 553 554 555 556 557 558 559 560 561 562 563 564 565 566 567 568 569 570 571 572 573 574 575 576 577 578 579 580 581 582 583 584 585 586 587 588
 done.
 running RMSDs...
 done.
 E lowest :   -20.25233
 408 structures remain within    12.00 kcal/mol window

 -------------------------------------
 2. optimization with tight thresholds
 -------------------------------------
 Optimizing all 409 structures from file "crest_rotamers_1.xyz" ...
 1 2 3 4 5 6 7 8 9 10 11 12 13 14 15 16 17 18 19 20 21 22 23 24 25 26 27 28 29 30 31 32 33 34 35 36 37 38 39 40 41 42 43 44 45 46 47 48 49 50 51 52 53 54 55 56 57 58 59 60 61 62 63 64 65 66 67 68 69 70 71 72 73 74 75 76 77 78 79 80 81 82 83 84 85 86 87 88 89 90 91 92 93 94 95 96 97 98 99 100 101 102 103 104 105 106 107 108 109 110 111 112 113 114 115 116 117 118 119 120 121 122 123 124 125 126 127 128 129 130 131 132 133 134 135 136 137 138 139 140 141 142 143 144 145 146 147 148 149 150 151 152 153 154 155 156 157 158 159 160 161 162 163 164 165 166 167 168 169 170 171 172 173 174 175 176 177 178 179 180 181 182 183 184 185 186 187 188 189 190 191 192 193 194 195 196 197 198 199 200 201 202 203 204 205 206 207 208 209 210 211 212 213 214 215 216 217 218 219 220 221 222 223 224 225 226 227 228 229 230 231 232 233 234 235 236 237 238 239 240 241 242 243 244 245 246 247 248 249 250 251 252 253 254 255 256 257 258 259 260 261 262 263 264 265 266 267 268 269 270 271 272 273 274 275 276 277 278 279 280 281 282 283 284 285 286 287 288 289 290 291 292 293 294 295 296 297 298 299 300 301 302 303 304 305 306 307 308 309 310 311 312 313 314 315 316 317 318 319 320 321 322 323 324 325 326 327 328 329 330 331 332 333 334 335 336 337 338 339 340 341 342 343 344 345 346 347 348 349 350 351 352 353 354 355 356 357 358 359 360 361 362 363 364 365 366 367 368 369 370 371 372 373 374 375 376 377 378 379 380 381 382 383 384 385 386 387 388 389 390 391 392 393 394 395 396 397 398 399 400 401 402 403 404 405 406 407 408 409
 done.
 running RMSDs...
 done.
 E lowest :   -20.25240
 130 structures remain within     6.00 kcal/mol window

========================================
            MTD Iterations done         
========================================
 Collecting ensmbles.
 running RMSDs...
 done.
 E lowest :   -20.25240
 219 structures remain within     6.00 kcal/mol window

-----------------------------------------------
Additional regular MDs on lowest 2 conformer(s)
-----------------------------------------------
Starting MD   4 with the settings:
     MD time /ps        :     2.5
     MD Temperature /K  :   500.0
     dt /fs             :     5.0
     dumpstep(trj) /fs  :     100
*MD 4 finished*
Starting MD   3 with the settings:
     MD time /ps        :     2.5
     MD Temperature /K  :   400.0
     dt /fs             :     5.0
     dumpstep(trj) /fs  :     100
*MD 3 finished*
Starting MD   2 with the settings:
     MD time /ps        :     2.5
     MD Temperature /K  :   500.0
     dt /fs             :     5.0
     dumpstep(trj) /fs  :     100
*MD 2 finished*
Starting MD   1 with the settings:
     MD time /ps        :     2.5
     MD Temperature /K  :   400.0
     dt /fs             :     5.0
     dumpstep(trj) /fs  :     100
*MD 1 finished*
 Appending file crest_rotamers_1.xyz with new structures

 -------------------------------------------
 Ensemble optimization with tight thresholds
 -------------------------------------------
 Optimizing all 315 structures from file "crest_rotamers_1.xyz" ...
 1 2 3 4 5 6 7 8 9 10 11 12 13 14 15 16 17 18 19 20 21 22 23 24 25 26 27 28 29 30 31 32 33 34 35 36 37 38 39 40 41 42 43 44 45 46 47 48 49 50 51 52 53 54 55 56 57 58 59 60 61 62 63 64 65 66 67 68 69 70 71 72 73 74 75 76 77 78 79 80 81 82 83 84 85 86 87 88 89 90 91 92 93 94 95 96 97 98 99 100 101 102 103 104 105 106 107 108 109 110 111 112 113 114 115 116 117 118 119 120 121 122 123 124 125 126 127 128 129 130 131 132 133 134 135 136 137 138 139 140 141 142 143 144 145 146 147 148 149 150 151 152 153 154 155 156 157 158 159 160 161 162 163 164 165 166 167 168 169 170 171 172 173 174 175 176 177 178 179 180 181 182 183 184 185 186 187 188 189 190 191 192 193 194 195 196 197 198 199 200 201 202 203 204 205 206 207 208 209 210 211 212 213 214 215 216 217 218 219 220 221 222 223 224 225 226 227 228 229 230 231 232 233 234 235 236 237 238 239 240 241 242 243 244 245 246 247 248 249 250 251 252 253 254 255 256 257 258 259 260 261 262 263 264 265 266 267 268 269 270 271 272 273 274 275 276 277 278 279 280 281 282 283 284 285 286 287 288 289 290 291 292 293 294 295 296 297 298 299 300 301 302 303 304 305 306 307 308 309 310 311 312 313 314 315
 done.
 running RMSDs...
 done.
 E lowest :   -20.25240
 227 structures remain within     6.00 kcal/mol window


     ========================================
     |        Structure Crossing (GC)       |
     ========================================
 =============================
  # threads =           1
 =============================
 input  file name : crest_rotamers_3.xyz
number of atoms                :    19
number of points on xyz files  :   227
conformer energy window  /kcal :    6.00
CN per atom difference cut-off :  0.3000
RMSD threshold                 :  0.2500
max. # of generated structures : 250
 reading xyz file ...
 # in E window                227
 generating pairs ...       25877
  44.1 % done
  88.1 % done
 generated pairs           :       21998
 number of clash discarded :        3653
 average rmsd w.r.t input  : 2.54382
 sd of ensemble            : 0.50315
 number of new structures      :          11
 removed identical structures  :         489
 writing           11  TMPCONF* dirs ...
 --------------------------
 GC: loose pre-optimization
 --------------------------
 Starting optimization of generated structures
 11 jobs to do.
 1 2 3 4 5 6 7 8 9 10 11 
 done.
 Now appending opt.xyz file with new structures
 running RMSDs...
 done.
 E lowest :   -20.25240
 11 structures remain within    10.00 kcal/mol window
 --------------------------------------
 GC: optimization with tight thresholds
 --------------------------------------
 Optimizing all 11 structures from file "crest_rotamers_1.xyz" ...
 1 2 3 4 5 6 7 8 9 10 11
 done.
 running RMSDs...
 done.
 E lowest :   -20.25240


   ================================================
   |           Final Geometry Optimization        |
   ================================================
 ------------------------------------------------
 Ensemble optimization with very tight thresholds
 ------------------------------------------------
 Optimizing all 228 structures from file "crest_rotamers_4.xyz" ...
 1 2 3 4 5 6 7 8 9 10 11 12 13 14 15 16 17 18 19 20 21 22 23 24 25 26 27 28 29 30 31 32 33 34 35 36 37 38 39 40 41 42 43 44 45 46 47 48 49 50 51 52 53 54 55 56 57 58 59 60 61 62 63 64 65 66 67 68 69 70 71 72 73 74 75 76 77 78 79 80 81 82 83 84 85 86 87 88 89 90 91 92 93 94 95 96 97 98 99 100 101 102 103 104 105 106 107 108 109 110 111 112 113 114 115 116 117 118 119 120 121 122 123 124 125 126 127 128 129 130 131 132 133 134 135 136 137 138 139 140 141 142 143 144 145 146 147 148 149 150 151 152 153 154 155 156 157 158 159 160 161 162 163 164 165 166 167 168 169 170 171 172 173 174 175 176 177 178 179 180 181 182 183 184 185 186 187 188 189 190 191 192 193 194 195 196 197 198 199 200 201 202 203 204 205 206 207 208 209 210 211 212 213 214 215 216 217 218 219 220 221 222 223 224 225 226 227 228
 done.
 running RMSDs...
 done.
 E lowest :   -20.25240
 228 structures remain within     6.00 kcal/mol window

 input  file name : crest_rotamers_5.xyz
 output file name : crest_rotamers_6.xyz
 number of atoms                :   19
 number of points on xyz files  :   228
 RMSD threshold                 :   0.1250
 Bconst threshold               :   0.0100
 population threshold           :   0.0500
 conformer energy window  /kcal :   6.0000
 # fragment in coord            :     1
 # bonds in reference structure :    18
 number of reliable points      :   228
 reference state Etot :  -20.252401299999999
 number of doubles removed by rot/RMSD         :           0
 total number unique points considered further :         228
       Erel/kcal        Etot weight/tot  conformer     set   degen     origin
       1   0.000   -20.25240    0.00909    0.76290       1      84     mtd7
       2   0.000   -20.25240    0.00909                                mtd11
       3   0.000   -20.25240    0.00909                                mtd8
       4   0.000   -20.25240    0.00909                                mtd7
       5   0.000   -20.25240    0.00909                                mtd10
       6   0.000   -20.25240    0.00909                                mtd9
       7   0.000   -20.25240    0.00909                                mtd3
       8   0.000   -20.25240    0.00909                                mtd11
       9   0.000   -20.25240    0.00909                                mtd6
      10   0.000   -20.25240    0.00909                                mtd3
      11   0.000   -20.25240    0.00909                                mtd3
      12   0.000   -20.25240    0.00909                                mtd6
      13   0.000   -20.25240    0.00909                                mtd4
      14   0.000   -20.25240    0.00909                                mtd4
      15   0.000   -20.25240    0.00909                                mtd14
      16   0.000   -20.25240    0.00909                                mtd4
      17   0.000   -20.25240    0.00909                                mtd2
      18   0.000   -20.25240    0.00909                                mtd5
      19   0.000   -20.25240    0.00909                                mtd4
      20   0.000   -20.25240    0.00909                                mtd1
      21   0.000   -20.25240    0.00909                                mtd13
      22   0.000   -20.25240    0.00909                                mtd1
      23   0.000   -20.25240    0.00909                                mtd4
      24   0.000   -20.25240    0.00909                                mtd11
      25   0.000   -20.25240    0.00909                                mtd5
      26   0.000   -20.25240    0.00909                                mtd11
      27   0.000   -20.25240    0.00909                                mtd11
      28   0.000   -20.25240    0.00909                                mtd7
      29   0.000   -20.25240    0.00909                                mtd11
      30   0.000   -20.25240    0.00909                                mtd14
      31   0.000   -20.25240    0.00909                                mtd2
      32   0.000   -20.25240    0.00909                                mtd2
      33   0.000   -20.25240    0.00909                                mtd4
      34   0.000   -20.25240    0.00909                                mtd14
      35   0.000   -20.25240    0.00909                                mtd12
      36   0.000   -20.25240    0.00909                                mtd1
      37   0.000   -20.25240    0.00909                                mtd5
      38   0.000   -20.25240    0.00909                                mtd10
      39   0.000   -20.25240    0.00909                                mtd8
      40   0.000   -20.25240    0.00909                                mtd11
      41   0.000   -20.25240    0.00909                                mtd8
      42   0.000   -20.25240    0.00909                                mtd3
      43   0.000   -20.25240    0.00909                                mtd4
      44   0.000   -20.25240    0.00909                                mtd9
      45   0.000   -20.25240    0.00909                                mtd8
      46   0.000   -20.25240    0.00909                                mtd11
      47   0.000   -20.25240    0.00908                                mtd11
      48   0.000   -20.25240    0.00908                                mtd7
      49   0.000   -20.25240    0.00908                                mtd3
      50   0.000   -20.25240    0.00908                                gc
      51   0.000   -20.25240    0.00908                                gc
      52   0.000   -20.25240    0.00908                                mtd5
      53   0.000   -20.25240    0.00908                                mtd5
      54   0.000   -20.25240    0.00908                                mtd1
      55   0.000   -20.25240    0.00908                                mtd8
      56   0.000   -20.25240    0.00908                                mtd11
      57   0.000   -20.25240    0.00908                                mtd11
      58   0.000   -20.25240    0.00908                                mtd7
      59   0.000   -20.25240    0.00908                                gc
      60   0.000   -20.25240    0.00908                                mtd2
      61   0.000   -20.25240    0.00908                                mtd11
      62   0.000   -20.25240    0.00908                                mtd7
      63   0.000   -20.25240    0.00908                                mtd7
      64   0.000   -20.25240    0.00908                                mtd9
      65   0.000   -20.25240    0.00908                                mtd14
      66   0.000   -20.25240    0.00908                                mtd7
      67   0.000   -20.25240    0.00908                                mtd11
      68   0.000   -20.25240    0.00908                                mtd1
      69   0.000   -20.25240    0.00908                                mtd13
      70   0.000   -20.25240    0.00908                                mtd6
      71   0.000   -20.25240    0.00908                                mtd14
      72   0.001   -20.25240    0.00908                                mtd11
      73   0.001   -20.25240    0.00907                                gc
      74   0.001   -20.25240    0.00907                                md4
      75   0.001   -20.25240    0.00907                                mtd1
      76   0.001   -20.25240    0.00907                                mtd10
      77   0.001   -20.25240    0.00907                                mtd1
      78   0.001   -20.25240    0.00907                                mtd12
      79   0.001   -20.25240    0.00907                                mtd7
      80   0.002   -20.25240    0.00906                                mtd1
      81   0.002   -20.25240    0.00906                                mtd11
      82   0.002   -20.25240    0.00906                                md4
      83   0.003   -20.25240    0.00904                                mtd4
      84   0.003   -20.25240    0.00904                                mtd2
      85   1.013   -20.25079    0.00165    0.23710       2     144     mtd11
      86   1.013   -20.25079    0.00165                                mtd6
      87   1.013   -20.25079    0.00165                                mtd10
      88   1.013   -20.25079    0.00165                                mtd10
      89   1.013   -20.25079    0.00165                                mtd14
      90   1.013   -20.25079    0.00165                                mtd5
      91   1.013   -20.25079    0.00165                                mtd4
      92   1.013   -20.25079    0.00165                                md3
      93   1.013   -20.25079    0.00165                                mtd7
      94   1.013   -20.25079    0.00165                                mtd7
      95   1.013   -20.25079    0.00165                                mtd11
      96   1.013   -20.25079    0.00165                                mtd10
      97   1.013   -20.25079    0.00165                                mtd4
      98   1.013   -20.25079    0.00165                                mtd12
      99   1.013   -20.25079    0.00165                                mtd1
     100   1.013   -20.25079    0.00165                                mtd5
     101   1.013   -20.25079    0.00165                                mtd11
     102   1.013   -20.25079    0.00165                                mtd11
     103   1.013   -20.25079    0.00165                                mtd10
     104   1.013   -20.25079    0.00165                                mtd5
     105   1.013   -20.25079    0.00165                                mtd7
     106   1.013   -20.25079    0.00165                                mtd7
     107   1.013   -20.25079    0.00165                                mtd14
     108   1.013   -20.25079    0.00165                                mtd2
     109   1.013   -20.25079    0.00165                                mtd9
     110   1.013   -20.25079    0.00165                                mtd2
     111   1.013   -20.25079    0.00165                                mtd8
     112   1.013   -20.25079    0.00165                                mtd5
     113   1.013   -20.25079    0.00165                                mtd5
     114   1.013   -20.25079    0.00165                                mtd5
     115   1.013   -20.25079    0.00165                                mtd4
     116   1.013   -20.25079    0.00165                                mtd14
     117   1.013   -20.25079    0.00165                                mtd11
     118   1.013   -20.25079    0.00165                                mtd14
     119   1.013   -20.25079    0.00165                                mtd3
     120   1.013   -20.25079    0.00165                                mtd10
     121   1.013   -20.25079    0.00165                                mtd1
     122   1.013   -20.25079    0.00165                                mtd6
     123   1.013   -20.25079    0.00165                                mtd9
     124   1.013   -20.25079    0.00165                                mtd8
     125   1.013   -20.25079    0.00165                                mtd7
     126   1.013   -20.25079    0.00165                                mtd1
     127   1.013   -20.25079    0.00165                                mtd5
     128   1.013   -20.25079    0.00165                                mtd5
     129   1.013   -20.25079    0.00165                                mtd10
     130   1.013   -20.25079    0.00165                                mtd3
     131   1.013   -20.25079    0.00165                                md3
     132   1.013   -20.25079    0.00165                                mtd3
     133   1.013   -20.25079    0.00165                                mtd1
     134   1.013   -20.25079    0.00165                                mtd3
     135   1.013   -20.25079    0.00165                                mtd3
     136   1.013   -20.25079    0.00165                                mtd12
     137   1.013   -20.25079    0.00165                                mtd12
     138   1.013   -20.25079    0.00165                                mtd4
     139   1.013   -20.25079    0.00165                                mtd10
     140   1.013   -20.25079    0.00165                                mtd11
     141   1.013   -20.25079    0.00165                                mtd1
     142   1.013   -20.25079    0.00165                                mtd9
     143   1.013   -20.25079    0.00165                                mtd2
     144   1.013   -20.25079    0.00165                                mtd5
     145   1.013   -20.25079    0.00165                                mtd2
     146   1.013   -20.25079    0.00165                                mtd4
     147   1.013   -20.25079    0.00165                                mtd4
     148   1.013   -20.25079    0.00165                                mtd4
     149   1.013   -20.25079    0.00165                                mtd1
     150   1.013   -20.25079    0.00165                                mtd12
     151   1.013   -20.25079    0.00165                                mtd7
     152   1.013   -20.25079    0.00165                                mtd5
     153   1.013   -20.25079    0.00165                                md4
     154   1.013   -20.25079    0.00165                                mtd7
     155   1.013   -20.25079    0.00165                                mtd7
     156   1.013   -20.25079    0.00165                                mtd7
     157   1.013   -20.25079    0.00165                                mtd2
     158   1.013   -20.25079    0.00165                                mtd2
     159   1.013   -20.25079    0.00165                                md4
     160   1.013   -20.25079    0.00165                                mtd9
     161   1.013   -20.25079    0.00165                                mtd10
     162   1.013   -20.25079    0.00165                                mtd10
     163   1.013   -20.25079    0.00165                                mtd12
     164   1.013   -20.25079    0.00165                                mtd7
     165   1.013   -20.25079    0.00165                                mtd12
     166   1.013   -20.25079    0.00165                                md3
     167   1.013   -20.25079    0.00165                                mtd6
     168   1.013   -20.25079    0.00165                                mtd4
     169   1.013   -20.25079    0.00165                                mtd10
     170   1.013   -20.25079    0.00165                                mtd7
     171   1.013   -20.25079    0.00165                                mtd11
     172   1.013   -20.25079    0.00165                                mtd10
     173   1.013   -20.25079    0.00165                                mtd10
     174   1.013   -20.25079    0.00165                                mtd2
     175   1.013   -20.25079    0.00165                                mtd7
     176   1.013   -20.25079    0.00165                                mtd4
     177   1.013   -20.25079    0.00165                                mtd6
     178   1.013   -20.25079    0.00165                                mtd5
     179   1.013   -20.25079    0.00165                                mtd5
     180   1.013   -20.25079    0.00165                                mtd2
     181   1.013   -20.25079    0.00165                                mtd3
     182   1.013   -20.25079    0.00165                                mtd7
     183   1.013   -20.25079    0.00165                                mtd3
     184   1.013   -20.25079    0.00165                                mtd8
     185   1.013   -20.25079    0.00165                                mtd9
     186   1.013   -20.25079    0.00165                                mtd12
     187   1.013   -20.25079    0.00165                                mtd12
     188   1.013   -20.25079    0.00165                                mtd3
     189   1.013   -20.25079    0.00165                                mtd11
     190   1.013   -20.25079    0.00165                                mtd2
     191   1.013   -20.25079    0.00165                                mtd12
     192   1.013   -20.25079    0.00165                                mtd2
     193   1.013   -20.25079    0.00165                                mtd11
     194   1.013   -20.25079    0.00165                                mtd12
     195   1.013   -20.25079    0.00165                                mtd7
     196   1.013   -20.25079    0.00165                                mtd8
     197   1.013   -20.25079    0.00165                                mtd12
     198   1.013   -20.25079    0.00165                                mtd1
     199   1.013   -20.25079    0.00165                                mtd6
     200   1.013   -20.25079    0.00165                                mtd1
     201   1.013   -20.25079    0.00165                                mtd4
     202   1.013   -20.25079    0.00165                                mtd7
     203   1.013   -20.25079    0.00165                                gc
     204   1.013   -20.25079    0.00165                                gc
     205   1.013   -20.25079    0.00165                                mtd12
     206   1.013   -20.25079    0.00165                                mtd9
     207   1.013   -20.25079    0.00165                                mtd8
     208   1.013   -20.25079    0.00165                                mtd12
     209   1.013   -20.25079    0.00165                                mtd3
     210   1.013   -20.25079    0.00165                                mtd3
     211   1.013   -20.25079    0.00165                                mtd3
     212   1.013   -20.25079    0.00165                                mtd2
     213   1.013   -20.25079    0.00165                                mtd7
     214   1.013   -20.25079    0.00165                                mtd2
     215   1.013   -20.25079    0.00165                                mtd4
     216   1.013   -20.25079    0.00165                                mtd10
     217   1.013   -20.25079    0.00165                                mtd7
     218   1.013   -20.25079    0.00165                                mtd7
     219   1.013   -20.25079    0.00165                                mtd11
     220   1.013   -20.25079    0.00165                                mtd7
     221   1.013   -20.25079    0.00165                                mtd9
     222   1.013   -20.25079    0.00165                                mtd11
     223   1.013   -20.25079    0.00165                                mtd10
     224   1.013   -20.25079    0.00165                                mtd3
     225   1.013   -20.25079    0.00165                                md4
     226   1.013   -20.25079    0.00165                                mtd5
     227   1.013   -20.25079    0.00165                                mtd10
     228   1.013   -20.25079    0.00165                                mtd12
T /K                                  :   298.15
E lowest                              :   -20.25240
ensemble average energy (kcal)        :    0.240
ensemble entropy (J/mol K, cal/mol K) :   42.457   10.147
ensemble free energy (kcal/mol)       :   -3.025
population of lowest in %             :   76.290
 number of unique conformers for further calc            2
 list of relative energies saved as "crest.energies"

 -----------------
 Wall Time Summary
 -----------------
             test MD wall time :         0h : 0m : 2s
                 MTD wall time :         0h : 4m :17s
      multilevel OPT wall time :         0h : 7m :20s
                  MD wall time :         0h : 1m :11s
                  GC wall time :         0h : 0m : 3s
--------------------
Overall wall time  : 0h :13m :19s

 CREST terminated normally.
