****************************************************************
  Sure Independence Screening and Sparsifying Operator (SISSO)  
             Version SISSO.3.3, July, 2023.                
****************************************************************

Read in data from train.dat
Read in data from SISSO.in
Property type:     1
Number of tasks:        1
Descriptor dimension:        2
Number of samples for the task(s):     36
Restarts :  0
Number of scalar features:       20
Tier of the feature space:        3
Maximal feature complexity (number of operators in a feature):        6
Unit of input primary feature, each represented by a row vector: 
    1.00
    1.00
    1.00
    1.00
    1.00
    1.00
    1.00
    1.00
    1.00
    1.00
    1.00
    1.00
    1.00
    1.00
    1.00
    1.00
    1.00
    1.00
    1.00
    1.00
The feature will be discarded if the minimum of the maximal abs. value in it <    0.10000E-02
The faature will be discarded if the maximum of the maximal abs. value in it >     0.10000E+06
Size of the SIS-selected (single) subspace :  10000 10000
Operators for feature construction: (+)(-)(*) (+)(-)(*) (+)(-)(*) 
Method for sparse regression:  L0        
Fitting intercept:      T
Metric for model selection: RMSE
Number of the top-ranked models to output:      100
--------------------------------------------------------------------------------

Dimension:   1
-------------------
Feature Construction (FC) starts ...
Population Standard Deviation (SD) of the task 001:   21.56704
Total number of features in the space phi00:             20
Total number of features in the space phi01:            688
Total number of features in the space phi02:         214180
Total number of features in the space phi03:     5734430315
Size of the SIS-selected subspace from phi03:      10000
Time (second) used for this FC:         1125.80

Descriptor Identification (DI) starts ...
Total number of SIS-selected features from all dimensions:      10000
 
  1D descriptor: 
     d001 = (((feature14+feature20)-feature16)*((feature13+feature14)+(feature15-feature19)))    feature_ID:000001

  1D model(y=sum(ci*di)+c0): 
     coeff.(ci)_task001:     0.2613649219E+02
             c0_task001:     0.2515611013E+02
     RMSE,MaxAE_task001:     0.1168367911E+02    0.2836645526E+02

     RMSE and MaxAE of the model:  11.683679 28.366455
--------------------------------------------------------------------------------
Time (second) used for this DI:            0.09

Dimension:   2
-------------------
Feature Construction (FC) starts ...
Total number of features in the space phi00:             20
Total number of features in the space phi01:            688
Total number of features in the space phi02:         214180
Total number of features in the space phi03:     5734430315
Size of the SIS-selected subspace from phi03:      10000
Time (second) used for this FC:         1129.97

Descriptor Identification (DI) starts ...
Total number of SIS-selected features from all dimensions:      20000
 
Final model/descriptor !
================================================================================
  2D descriptor: 
     d001 = (((feature14+feature20)-feature18)*((feature13+feature14)*(feature14*feature15)))    feature_ID:000262
     d002 = (((feature16-feature19)-feature5)*((feature8+feature12)*(feature19-feature20)))    feature_ID:010134

  2D model(y=sum(ci*di)+c0): 
     coeff.(ci)_task001:     0.7524463338E+02   -0.1090567709E+03
             c0_task001:     0.1452317072E+02
     RMSE,MaxAE_task001:     0.8258422104E+01    0.2469888067E+02

     RMSE and MaxAE of the model:   8.258422 24.698881
================================================================================
Time (second) used for this DI:           26.54
Total time (second):         2283.05
Have a nice day !    

