
       ==============================================
       |                                            |
       |                 C R E S T                  |
       |                                            |
       |  Conformer-Rotamer Ensemble Sampling Tool  |
       |          based on the GFN methods          |
       |             P.Pracht, S.Grimme             |
       |          Universitaet Bonn, MCTC           |
       ==============================================
       Version 2.12,   Thu 19. Mai 16:32:32 CEST 2022
  Using the xTB program. Compatible with xTB version 6.4.0

   Cite work conducted with this code as

   • P.Pracht, F.Bohle, S.Grimme, PCCP, 2020, 22, 7169-7192.
   • S.Grimme, JCTC, 2019, 15, 2847-2862.

   and for works involving QCG as

   • S.Spicher, C.Plett, P.Pracht, A.Hansen, S.Grimme,
     JCTC, 2022, 18 (5), 3174-3189.

   with help from:
   C.Bannwarth, F.Bohle, S.Ehlert, S.Grimme,
   C.Plett, P.Pracht, S.Spicher

   This program is distributed in the hope that it will be useful,
   but WITHOUT ANY WARRANTY; without even the implied warranty of
   MERCHANTABILITY or FITNESS FOR A PARTICULAR PURPOSE.

 Command line input:
 > crest out.xyz --gfn 2 --chrg 0 -T 1 --noreftopo

  -gfn2 : Use of GFN2-xTB requested.
  --chrg 0
  -T 1 (CPUs/Threads selected)

 -------------------------
 xTB Geometry Optimization
 -------------------------
 Geometry successfully optimized.
 WARNING! Change in topology detected!

------------------------------------------------
Generating MTD length from a flexibility measure
------------------------------------------------
 Calculating WBOs... done.
 Calculating NCI flexibility... done.
     covalent flexibility measure :   0.314
 non-covalent flexibility measure :   0.493
 flexibility measure :   0.295
 t(MTD) / ps    :     5.0
 Σ(t(MTD)) / ps :    70.0 (14 MTDs)

-------------------------------------
Starting a trial MTD to test settings
-------------------------------------
 Estimated runtime for one MTD (5.0 ps) on a single thread: 38 min 8 sec
 Estimated runtime for a batch of 14 MTDs on 1 threads: 8 h 53 min 53 sec

 list of Vbias parameters applied:
$metadyn    0.00300   1.300
$metadyn    0.00150   1.300
$metadyn    0.00075   1.300
$metadyn    0.00300   0.780
$metadyn    0.00150   0.780
$metadyn    0.00075   0.780
$metadyn    0.00300   0.468
$metadyn    0.00150   0.468
$metadyn    0.00075   0.468
$metadyn    0.00300   0.281
$metadyn    0.00150   0.281
$metadyn    0.00075   0.281
$metadyn    0.00100   0.100
$metadyn    0.00500   0.800

*******************************************************************************************
**                        N E W    I T E R A T I O N    C Y C L E                        **
*******************************************************************************************

========================================
            MTD Iteration  1
========================================

     ========================================
     |         Meta-MD (MTD) Sampling       |
     ========================================

Starting Meta-MD  14 with the settings:
     MD time /ps        :     5.0
     dt /fs             :     5.0
     dumpstep(trj) /fs  :     100
     dumpstep(Vbias)/ps :     1.0
     Vbias factor k /Eh :  0.0900
     Vbias exp α /bohr⁻²:    0.80
*Meta-MTD 14 finished*
Starting Meta-MD  13 with the settings:
     MD time /ps        :     5.0
     dt /fs             :     5.0
     dumpstep(trj) /fs  :     100
     dumpstep(Vbias)/ps :     1.0
     Vbias factor k /Eh :  0.0180
     Vbias exp α /bohr⁻²:    0.10
*Meta-MTD 13 finished*
Starting Meta-MD  12 with the settings:
     MD time /ps        :     5.0
     dt /fs             :     5.0
     dumpstep(trj) /fs  :     100
     dumpstep(Vbias)/ps :     1.0
     Vbias factor k /Eh :  0.0135
     Vbias exp α /bohr⁻²:    0.28
*Meta-MTD 12 finished*
Starting Meta-MD  11 with the settings:
     MD time /ps        :     5.0
     dt /fs             :     5.0
     dumpstep(trj) /fs  :     100
     dumpstep(Vbias)/ps :     1.0
     Vbias factor k /Eh :  0.0270
     Vbias exp α /bohr⁻²:    0.28
*Meta-MTD 11 finished*
Starting Meta-MD  10 with the settings:
     MD time /ps        :     5.0
     dt /fs             :     5.0
     dumpstep(trj) /fs  :     100
     dumpstep(Vbias)/ps :     1.0
     Vbias factor k /Eh :  0.0540
     Vbias exp α /bohr⁻²:    0.28
*Meta-MTD 10 finished*
Starting Meta-MD   9 with the settings:
     MD time /ps        :     5.0
     dt /fs             :     5.0
     dumpstep(trj) /fs  :     100
     dumpstep(Vbias)/ps :     1.0
     Vbias factor k /Eh :  0.0135
     Vbias exp α /bohr⁻²:    0.47
*Meta-MTD 9 finished*
Starting Meta-MD   8 with the settings:
     MD time /ps        :     5.0
     dt /fs             :     5.0
     dumpstep(trj) /fs  :     100
     dumpstep(Vbias)/ps :     1.0
     Vbias factor k /Eh :  0.0270
     Vbias exp α /bohr⁻²:    0.47
*Meta-MTD 8 finished*
Starting Meta-MD   7 with the settings:
     MD time /ps        :     5.0
     dt /fs             :     5.0
     dumpstep(trj) /fs  :     100
     dumpstep(Vbias)/ps :     1.0
     Vbias factor k /Eh :  0.0540
     Vbias exp α /bohr⁻²:    0.47
*Meta-MTD 7 finished*
Starting Meta-MD   6 with the settings:
     MD time /ps        :     5.0
     dt /fs             :     5.0
     dumpstep(trj) /fs  :     100
     dumpstep(Vbias)/ps :     1.0
     Vbias factor k /Eh :  0.0135
     Vbias exp α /bohr⁻²:    0.78
*Meta-MTD 6 finished*
Starting Meta-MD   5 with the settings:
     MD time /ps        :     5.0
     dt /fs             :     5.0
     dumpstep(trj) /fs  :     100
     dumpstep(Vbias)/ps :     1.0
     Vbias factor k /Eh :  0.0270
     Vbias exp α /bohr⁻²:    0.78
*Meta-MTD 5 finished*
Starting Meta-MD   4 with the settings:
     MD time /ps        :     5.0
     dt /fs             :     5.0
     dumpstep(trj) /fs  :     100
     dumpstep(Vbias)/ps :     1.0
     Vbias factor k /Eh :  0.0540
     Vbias exp α /bohr⁻²:    0.78
*Meta-MTD 4 finished*
Starting Meta-MD   3 with the settings:
     MD time /ps        :     5.0
     dt /fs             :     5.0
     dumpstep(trj) /fs  :     100
     dumpstep(Vbias)/ps :     1.0
     Vbias factor k /Eh :  0.0135
     Vbias exp α /bohr⁻²:    1.30
*Meta-MTD 3 finished*
Starting Meta-MD   2 with the settings:
     MD time /ps        :     5.0
     dt /fs             :     5.0
     dumpstep(trj) /fs  :     100
     dumpstep(Vbias)/ps :     1.0
     Vbias factor k /Eh :  0.0270
     Vbias exp α /bohr⁻²:    1.30
*Meta-MTD 2 finished*
Starting Meta-MD   1 with the settings:
     MD time /ps        :     5.0
     dt /fs             :     5.0
     dumpstep(trj) /fs  :     100
     dumpstep(Vbias)/ps :     1.0
     Vbias factor k /Eh :  0.0540
     Vbias exp α /bohr⁻²:    1.30
*Meta-MTD 1 finished*

-----------------------
Multilevel Optimization
-----------------------

 -------------------------
 1. crude pre-optimization
 -------------------------
 Optimizing all 686 structures from file "crest_rotamers_0.xyz" ...
 1 2 3 4 5 6 7 8 9 10 11 12 13 14 15 16 17 18 19 20 21 22 23 24 25 26 27 28 29 30 31 32 33 34 35 36 37 38 39 40 41 42 43 44 45 46 47 48 49 50 51 52 53 54 55 56 57 58 59 60 61 62 63 64 65 66 67 68 69 70 71 72 73 74 75 76 77 78 79 80 81 82 83 84 85 86 87 88 89 90 91 92 93 94 95 96 97 98 99 100 101 102 103 104 105 106 107 108 109 110 111 112 113 114 115 116 117 118 119 120 121 122 123 124 125 126 127 128 129 130 131 132 133 134 135 136 137 138 139 140 141 142 143 144 145 146 147 148 149 150 151 152 153 154 155 156 157 158 159 160 161 162 163 164 165 166 167 168 169 170 171 172 173 174 175 176 177 178 179 180 181 182 183 184 185 186 187 188 189 190 191 192 193 194 195 196 197 198 199 200 201 202 203 204 205 206 207 208 209 210 211 212 213 214 215 216 217 218 219 220 221 222 223 224 225 226 227 228 229 230 231 232 233 234 235 236 237 238 239 240 241 242 243 244 245 246 247 248 249 250 251 252 253 254 255 256 257 258 259 260 261 262 263 264 265 266 267 268 269 270 271 272 273 274 275 276 277 278 279 280 281 282 283 284 285 286 287 288 289 290 291 292 293 294 295 296 297 298 299 300 301 302 303 304 305 306 307 308 309 310 311 312 313 314 315 316 317 318 319 320 321 322 323 324 325 326 327 328 329 330 331 332 333 334 335 336 337 338 339 340 341 342 343 344 345 346 347 348 349 350 351 352 353 354 355 356 357 358 359 360 361 362 363 364 365 366 367 368 369 370 371 372 373 374 375 376 377 378 379 380 381 382 383 384 385 386 387 388 389 390 391 392 393 394 395 396 397 398 399 400 401 402 403 404 405 406 407 408 409 410 411 412 413 414 415 416 417 418 419 420 421 422 423 424 425 426 427 428 429 430 431 432 433 434 435 436 437 438 439 440 441 442 443 444 445 446 447 448 449 450 451 452 453 454 455 456 457 458 459 460 461 462 463 464 465 466 467 468 469 470 471 472 473 474 475 476 477 478 479 480 481 482 483 484 485 486 487 488 489 490 491 492 493 494 495 496 497 498 499 500 501 502 503 504 505 506 507 508 509 510 511 512 513 514 515 516 517 518 519 520 521 522 523 524 525 526 527 528 529 530 531 532 533 534 535 536 537 538 539 540 541 542 543 544 545 546 547 548 549 550 551 552 553 554 555 556 557 558 559 560 561 562 563 564 565 566 567 568 569 570 571 572 573 574 575 576 577 578 579 580 581 582 583 584 585 586 587 588 589 590 591 592 593 594 595 596 597 598 599 600 601 602 603 604 605 606 607 608 609 610 611 612 613 614 615 616 617 618 619 620 621 622 623 624 625 626 627 628 629 630 631 632 633 634 635 636 637 638 639 640 641 642 643 644 645 646 647 648 649 650 651 652 653 654 655 656 657 658 659 660 661 662 663 664 665 666 667 668 669 670 671 672 673 674 675 676 677 678 679 680 681 682 683 684 685 686
 done.
 running RMSDs...
 done.
 E lowest :   -47.04060
 673 structures remain within    12.00 kcal/mol window

 -------------------------------------
 2. optimization with tight thresholds
 -------------------------------------
 Optimizing all 674 structures from file "crest_rotamers_1.xyz" ...
 1 2 3 4 5 6 7 8 9 10 11 12 13 14 15 16 17 18 19 20 21 22 23 24 25 26 27 28 29 30 31 32 33 34 35 36 37 38 39 40 41 42 43 44 45 46 47 48 49 50 51 52 53 54 55 56 57 58 59 60 61 62 63 64 65 66 67 68 69 70 71 72 73 74 75 76 77 78 79 80 81 82 83 84 85 86 87 88 89 90 91 92 93 94 95 96 97 98 99 100 101 102 103 104 105 106 107 108 109 110 111 112 113 114 115 116 117 118 119 120 121 122 123 124 125 126 127 128 129 130 131 132 133 134 135 136 137 138 139 140 141 142 143 144 145 146 147 148 149 150 151 152 153 154 155 156 157 158 159 160 161 162 163 164 165 166 167 168 169 170 171 172 173 174 175 176 177 178 179 180 181 182 183 184 185 186 187 188 189 190 191 192 193 194 195 196 197 198 199 200 201 202 203 204 205 206 207 208 209 210 211 212 213 214 215 216 217 218 219 220 221 222 223 224 225 226 227 228 229 230 231 232 233 234 235 236 237 238 239 240 241 242 243 244 245 246 247 248 249 250 251 252 253 254 255 256 257 258 259 260 261 262 263 264 265 266 267 268 269 270 271 272 273 274 275 276 277 278 279 280 281 282 283 284 285 286 287 288 289 290 291 292 293 294 295 296 297 298 299 300 301 302 303 304 305 306 307 308 309 310 311 312 313 314 315 316 317 318 319 320 321 322 323 324 325 326 327 328 329 330 331 332 333 334 335 336 337 338 339 340 341 342 343 344 345 346 347 348 349 350 351 352 353 354 355 356 357 358 359 360 361 362 363 364 365 366 367 368 369 370 371 372 373 374 375 376 377 378 379 380 381 382 383 384 385 386 387 388 389 390 391 392 393 394 395 396 397 398 399 400 401 402 403 404 405 406 407 408 409 410 411 412 413 414 415 416 417 418 419 420 421 422 423 424 425 426 427 428 429 430 431 432 433 434 435 436 437 438 439 440 441 442 443 444 445 446 447 448 449 450 451 452 453 454 455 456 457 458 459 460 461 462 463 464 465 466 467 468 469 470 471 472 473 474 475 476 477 478 479 480 481 482 483 484 485 486 487 488 489 490 491 492 493 494 495 496 497 498 499 500 501 502 503 504 505 506 507 508 509 510 511 512 513 514 515 516 517 518 519 520 521 522 523 524 525 526 527 528 529 530 531 532 533 534 535 536 537 538 539 540 541 542 543 544 545 546 547 548 549 550 551 552 553 554 555 556 557 558 559 560 561 562 563 564 565 566 567 568 569 570 571 572 573 574 575 576 577 578 579 580 581 582 583 584 585 586 587 588 589 590 591 592 593 594 595 596 597 598 599 600 601 602 603 604 605 606 607 608 609 610 611 612 613 614 615 616 617 618 619 620 621 622 623 624 625 626 627 628 629 630 631 632 633 634 635 636 637 638 639 640 641 642 643 644 645 646 647 648 649 650 651 652 653 654 655 656 657 658 659 660 661 662 663 664 665 666 667 668 669 670 671 672 673 674
 done.
 running RMSDs...
 done.
 E lowest :   -47.04212
 200 structures remain within     6.00 kcal/mol window


========================================
            MTD Iteration  2
========================================

     ========================================
     |         Meta-MD (MTD) Sampling       |
     ========================================

Starting Meta-MD  12 with the settings:
     MD time /ps        :     5.0
     dt /fs             :     5.0
     dumpstep(trj) /fs  :     100
     dumpstep(Vbias)/ps :     1.0
     Vbias factor k /Eh :  0.0135
     Vbias exp α /bohr⁻²:    0.28
*Meta-MTD 12 finished*
Starting Meta-MD  11 with the settings:
     MD time /ps        :     5.0
     dt /fs             :     5.0
     dumpstep(trj) /fs  :     100
     dumpstep(Vbias)/ps :     1.0
     Vbias factor k /Eh :  0.0270
     Vbias exp α /bohr⁻²:    0.28
*Meta-MTD 11 finished*
Starting Meta-MD  10 with the settings:
     MD time /ps        :     5.0
     dt /fs             :     5.0
     dumpstep(trj) /fs  :     100
     dumpstep(Vbias)/ps :     1.0
     Vbias factor k /Eh :  0.0540
     Vbias exp α /bohr⁻²:    0.28
*Meta-MTD 10 finished*
Starting Meta-MD   9 with the settings:
     MD time /ps        :     5.0
     dt /fs             :     5.0
     dumpstep(trj) /fs  :     100
     dumpstep(Vbias)/ps :     1.0
     Vbias factor k /Eh :  0.0135
     Vbias exp α /bohr⁻²:    0.47
*Meta-MTD 9 finished*
Starting Meta-MD   8 with the settings:
     MD time /ps        :     5.0
     dt /fs             :     5.0
     dumpstep(trj) /fs  :     100
     dumpstep(Vbias)/ps :     1.0
     Vbias factor k /Eh :  0.0270
     Vbias exp α /bohr⁻²:    0.47
*Meta-MTD 8 finished*
Starting Meta-MD   7 with the settings:
     MD time /ps        :     5.0
     dt /fs             :     5.0
     dumpstep(trj) /fs  :     100
     dumpstep(Vbias)/ps :     1.0
     Vbias factor k /Eh :  0.0540
     Vbias exp α /bohr⁻²:    0.47
*Meta-MTD 7 finished*
Starting Meta-MD   6 with the settings:
     MD time /ps        :     5.0
     dt /fs             :     5.0
     dumpstep(trj) /fs  :     100
     dumpstep(Vbias)/ps :     1.0
     Vbias factor k /Eh :  0.0135
     Vbias exp α /bohr⁻²:    0.78
*Meta-MTD 6 finished*
Starting Meta-MD   5 with the settings:
     MD time /ps        :     5.0
     dt /fs             :     5.0
     dumpstep(trj) /fs  :     100
     dumpstep(Vbias)/ps :     1.0
     Vbias factor k /Eh :  0.0270
     Vbias exp α /bohr⁻²:    0.78
*Meta-MTD 5 finished*
Starting Meta-MD   4 with the settings:
     MD time /ps        :     5.0
     dt /fs             :     5.0
     dumpstep(trj) /fs  :     100
     dumpstep(Vbias)/ps :     1.0
     Vbias factor k /Eh :  0.0540
     Vbias exp α /bohr⁻²:    0.78
*Meta-MTD 4 finished*
Starting Meta-MD   3 with the settings:
     MD time /ps        :     5.0
     dt /fs             :     5.0
     dumpstep(trj) /fs  :     100
     dumpstep(Vbias)/ps :     1.0
     Vbias factor k /Eh :  0.0135
     Vbias exp α /bohr⁻²:    1.30
*Meta-MTD 3 finished*
Starting Meta-MD   2 with the settings:
     MD time /ps        :     5.0
     dt /fs             :     5.0
     dumpstep(trj) /fs  :     100
     dumpstep(Vbias)/ps :     1.0
     Vbias factor k /Eh :  0.0270
     Vbias exp α /bohr⁻²:    1.30
*Meta-MTD 2 finished*
Starting Meta-MD   1 with the settings:
     MD time /ps        :     5.0
     dt /fs             :     5.0
     dumpstep(trj) /fs  :     100
     dumpstep(Vbias)/ps :     1.0
     Vbias factor k /Eh :  0.0540
     Vbias exp α /bohr⁻²:    1.30
*Meta-MTD 1 finished*

-----------------------
Multilevel Optimization
-----------------------

 -------------------------
 1. crude pre-optimization
 -------------------------
 Optimizing all 588 structures from file "crest_rotamers_0.xyz" ...
 1 2 3 4 5 6 7 8 9 10 11 12 13 14 15 16 17 18 19 20 21 22 23 24 25 26 27 28 29 30 31 32 33 34 35 36 37 38 39 40 41 42 43 44 45 46 47 48 49 50 51 52 53 54 55 56 57 58 59 60 61 62 63 64 65 66 67 68 69 70 71 72 73 74 75 76 77 78 79 80 81 82 83 84 85 86 87 88 89 90 91 92 93 94 95 96 97 98 99 100 101 102 103 104 105 106 107 108 109 110 111 112 113 114 115 116 117 118 119 120 121 122 123 124 125 126 127 128 129 130 131 132 133 134 135 136 137 138 139 140 141 142 143 144 145 146 147 148 149 150 151 152 153 154 155 156 157 158 159 160 161 162 163 164 165 166 167 168 169 170 171 172 173 174 175 176 177 178 179 180 181 182 183 184 185 186 187 188 189 190 191 192 193 194 195 196 197 198 199 200 201 202 203 204 205 206 207 208 209 210 211 212 213 214 215 216 217 218 219 220 221 222 223 224 225 226 227 228 229 230 231 232 233 234 235 236 237 238 239 240 241 242 243 244 245 246 247 248 249 250 251 252 253 254 255 256 257 258 259 260 261 262 263 264 265 266 267 268 269 270 271 272 273 274 275 276 277 278 279 280 281 282 283 284 285 286 287 288 289 290 291 292 293 294 295 296 297 298 299 300 301 302 303 304 305 306 307 308 309 310 311 312 313 314 315 316 317 318 319 320 321 322 323 324 325 326 327 328 329 330 331 332 333 334 335 336 337 338 339 340 341 342 343 344 345 346 347 348 349 350 351 352 353 354 355 356 357 358 359 360 361 362 363 364 365 366 367 368 369 370 371 372 373 374 375 376 377 378 379 380 381 382 383 384 385 386 387 388 389 390 391 392 393 394 395 396 397 398 399 400 401 402 403 404 405 406 407 408 409 410 411 412 413 414 415 416 417 418 419 420 421 422 423 424 425 426 427 428 429 430 431 432 433 434 435 436 437 438 439 440 441 442 443 444 445 446 447 448 449 450 451 452 453 454 455 456 457 458 459 460 461 462 463 464 465 466 467 468 469 470 471 472 473 474 475 476 477 478 479 480 481 482 483 484 485 486 487 488 489 490 491 492 493 494 495 496 497 498 499 500 501 502 503 504 505 506 507 508 509 510 511 512 513 514 515 516 517 518 519 520 521 522 523 524 525 526 527 528 529 530 531 532 533 534 535 536 537 538 539 540 541 542 543 544 545 546 547 548 549 550 551 552 553 554 555 556 557 558 559 560 561 562 563 564 565 566 567 568 569 570 571 572 573 574 575 576 577 578 579 580 581 582 583 584 585 586 587 588
 done.
 running RMSDs...
 done.
 E lowest :   -47.04186
 563 structures remain within    12.00 kcal/mol window

 -------------------------------------
 2. optimization with tight thresholds
 -------------------------------------
 Optimizing all 564 structures from file "crest_rotamers_1.xyz" ...
 1 2 3 4 5 6 7 8 9 10 11 12 13 14 15 16 17 18 19 20 21 22 23 24 25 26 27 28 29 30 31 32 33 34 35 36 37 38 39 40 41 42 43 44 45 46 47 48 49 50 51 52 53 54 55 56 57 58 59 60 61 62 63 64 65 66 67 68 69 70 71 72 73 74 75 76 77 78 79 80 81 82 83 84 85 86 87 88 89 90 91 92 93 94 95 96 97 98 99 100 101 102 103 104 105 106 107 108 109 110 111 112 113 114 115 116 117 118 119 120 121 122 123 124 125 126 127 128 129 130 131 132 133 134 135 136 137 138 139 140 141 142 143 144 145 146 147 148 149 150 151 152 153 154 155 156 157 158 159 160 161 162 163 164 165 166 167 168 169 170 171 172 173 174 175 176 177 178 179 180 181 182 183 184 185 186 187 188 189 190 191 192 193 194 195 196 197 198 199 200 201 202 203 204 205 206 207 208 209 210 211 212 213 214 215 216 217 218 219 220 221 222 223 224 225 226 227 228 229 230 231 232 233 234 235 236 237 238 239 240 241 242 243 244 245 246 247 248 249 250 251 252 253 254 255 256 257 258 259 260 261 262 263 264 265 266 267 268 269 270 271 272 273 274 275 276 277 278 279 280 281 282 283 284 285 286 287 288 289 290 291 292 293 294 295 296 297 298 299 300 301 302 303 304 305 306 307 308 309 310 311 312 313 314 315 316 317 318 319 320 321 322 323 324 325 326 327 328 329 330 331 332 333 334 335 336 337 338 339 340 341 342 343 344 345 346 347 348 349 350 351 352 353 354 355 356 357 358 359 360 361 362 363 364 365 366 367 368 369 370 371 372 373 374 375 376 377 378 379 380 381 382 383 384 385 386 387 388 389 390 391 392 393 394 395 396 397 398 399 400 401 402 403 404 405 406 407 408 409 410 411 412 413 414 415 416 417 418 419 420 421 422 423 424 425 426 427 428 429 430 431 432 433 434 435 436 437 438 439 440 441 442 443 444 445 446 447 448 449 450 451 452 453 454 455 456 457 458 459 460 461 462 463 464 465 466 467 468 469 470 471 472 473 474 475 476 477 478 479 480 481 482 483 484 485 486 487 488 489 490 491 492 493 494 495 496 497 498 499 500 501 502 503 504 505 506 507 508 509 510 511 512 513 514 515 516 517 518 519 520 521 522 523 524 525 526 527 528 529 530 531 532 533 534 535 536 537 538 539 540 541 542 543 544 545 546 547 548 549 550 551 552 553 554 555 556 557 558 559 560 561 562 563 564
 done.
 running RMSDs...
 done.
 E lowest :   -47.04212
 174 structures remain within     6.00 kcal/mol window

========================================
            MTD Iterations done         
========================================
 Collecting ensmbles.
 running RMSDs...
 done.
 E lowest :   -47.04212
 362 structures remain within     6.00 kcal/mol window

 -------------------------------
 Additional orientation sampling
 -------------------------------
 Optimizing all 510 structures from file "oh_ensemble.xyz" ...
 1 2 3 4 5 6 7 8 9 10 11 12 13 14 15 16 17 18 19 20 21 22 23 24 25 26 27 28 29 30 31 32 33 34 35 36 37 38 39 40 41 42 43 44 45 46 47 48 49 50 51 52 53 54 55 56 57 58 59 60 61 62 63 64 65 66 67 68 69 70 71 72 73 74 75 76 77 78 79 80 81 82 83 84 85 86 87 88 89 90 91 92 93 94 95 96 97 98 99 100 101 102 103 104 105 106 107 108 109 110 111 112 113 114 115 116 117 118 119 120 121 122 123 124 125 126 127 128 129 130 131 132 133 134 135 136 137 138 139 140 141 142 143 144 145 146 147 148 149 150 151 152 153 154 155 156 157 158 159 160 161 162 163 164 165 166 167 168 169 170 171 172 173 174 175 176 177 178 179 180 181 182 183 184 185 186 187 188 189 190 191 192 193 194 195 196 197 198 199 200 201 202 203 204 205 206 207 208 209 210 211 212 213 214 215 216 217 218 219 220 221 222 223 224 225 226 227 228 229 230 231 232 233 234 235 236 237 238 239 240 241 242 243 244 245 246 247 248 249 250 251 252 253 254 255 256 257 258 259 260 261 262 263 264 265 266 267 268 269 270 271 272 273 274 275 276 277 278 279 280 281 282 283 284 285 286 287 288 289 290 291 292 293 294 295 296 297 298 299 300 301 302 303 304 305 306 307 308 309 310 311 312 313 314 315 316 317 318 319 320 321 322 323 324 325 326 327 328 329 330 331 332 333 334 335 336 337 338 339 340 341 342 343 344 345 346 347 348 349 350 351 352 353 354 355 356 357 358 359 360 361 362 363 364 365 366 367 368 369 370 371 372 373 374 375 376 377 378 379 380 381 382 383 384 385 386 387 388 389 390 391 392 393 394 395 396 397 398 399 400 401 402 403 404 405 406 407 408 409 410 411 412 413 414 415 416 417 418 419 420 421 422 423 424 425 426 427 428 429 430 431 432 433 434 435 436 437 438 439 440 441 442 443 444 445 446 447 448 449 450 451 452 453 454 455 456 457 458 459 460 461 462 463 464 465 466 467 468 469 470 471 472 473 474 475 476 477 478 479 480 481 482 483 484 485 486 487 488 489 490 491 492 493 494 495 496 497 498 499 500 501 502 503 504 505 506 507 508 509 510
 done.
 running RMSDs...
 done.
 E lowest :   -47.04212
 682 structures remain within     6.00 kcal/mol window

-----------------------------------------------
Additional regular MDs on lowest 4 conformer(s)
-----------------------------------------------
Starting MD   8 with the settings:
     MD time /ps        :     2.5
     MD Temperature /K  :   500.0
     dt /fs             :     5.0
     dumpstep(trj) /fs  :     100
*MD 8 finished*
Starting MD   7 with the settings:
     MD time /ps        :     2.5
     MD Temperature /K  :   400.0
     dt /fs             :     5.0
     dumpstep(trj) /fs  :     100
*MD 7 finished*
Starting MD   6 with the settings:
     MD time /ps        :     2.5
     MD Temperature /K  :   500.0
     dt /fs             :     5.0
     dumpstep(trj) /fs  :     100
*MD 6 finished*
Starting MD   5 with the settings:
     MD time /ps        :     2.5
     MD Temperature /K  :   400.0
     dt /fs             :     5.0
     dumpstep(trj) /fs  :     100
*MD 5 finished*
Starting MD   4 with the settings:
     MD time /ps        :     2.5
     MD Temperature /K  :   500.0
     dt /fs             :     5.0
     dumpstep(trj) /fs  :     100
*MD 4 finished*
Starting MD   3 with the settings:
     MD time /ps        :     2.5
     MD Temperature /K  :   400.0
     dt /fs             :     5.0
     dumpstep(trj) /fs  :     100
*MD 3 finished*
Starting MD   2 with the settings:
     MD time /ps        :     2.5
     MD Temperature /K  :   500.0
     dt /fs             :     5.0
     dumpstep(trj) /fs  :     100
*MD 2 finished*
Starting MD   1 with the settings:
     MD time /ps        :     2.5
     MD Temperature /K  :   400.0
     dt /fs             :     5.0
     dumpstep(trj) /fs  :     100
*MD 1 finished*
 Appending file crest_rotamers_2.xyz with new structures

 -------------------------------------------
 Ensemble optimization with tight thresholds
 -------------------------------------------
 Optimizing all 874 structures from file "crest_rotamers_2.xyz" ...
 1 2 3 4 5 6 7 8 9 10 11 12 13 14 15 16 17 18 19 20 21 22 23 24 25 26 27 28 29 30 31 32 33 34 35 36 37 38 39 40 41 42 43 44 45 46 47 48 49 50 51 52 53 54 55 56 57 58 59 60 61 62 63 64 65 66 67 68 69 70 71 72 73 74 75 76 77 78 79 80 81 82 83 84 85 86 87 88 89 90 91 92 93 94 95 96 97 98 99 100 101 102 103 104 105 106 107 108 109 110 111 112 113 114 115 116 117 118 119 120 121 122 123 124 125 126 127 128 129 130 131 132 133 134 135 136 137 138 139 140 141 142 143 144 145 146 147 148 149 150 151 152 153 154 155 156 157 158 159 160 161 162 163 164 165 166 167 168 169 170 171 172 173 174 175 176 177 178 179 180 181 182 183 184 185 186 187 188 189 190 191 192 193 194 195 196 197 198 199 200 201 202 203 204 205 206 207 208 209 210 211 212 213 214 215 216 217 218 219 220 221 222 223 224 225 226 227 228 229 230 231 232 233 234 235 236 237 238 239 240 241 242 243 244 245 246 247 248 249 250 251 252 253 254 255 256 257 258 259 260 261 262 263 264 265 266 267 268 269 270 271 272 273 274 275 276 277 278 279 280 281 282 283 284 285 286 287 288 289 290 291 292 293 294 295 296 297 298 299 300 301 302 303 304 305 306 307 308 309 310 311 312 313 314 315 316 317 318 319 320 321 322 323 324 325 326 327 328 329 330 331 332 333 334 335 336 337 338 339 340 341 342 343 344 345 346 347 348 349 350 351 352 353 354 355 356 357 358 359 360 361 362 363 364 365 366 367 368 369 370 371 372 373 374 375 376 377 378 379 380 381 382 383 384 385 386 387 388 389 390 391 392 393 394 395 396 397 398 399 400 401 402 403 404 405 406 407 408 409 410 411 412 413 414 415 416 417 418 419 420 421 422 423 424 425 426 427 428 429 430 431 432 433 434 435 436 437 438 439 440 441 442 443 444 445 446 447 448 449 450 451 452 453 454 455 456 457 458 459 460 461 462 463 464 465 466 467 468 469 470 471 472 473 474 475 476 477 478 479 480 481 482 483 484 485 486 487 488 489 490 491 492 493 494 495 496 497 498 499 500 501 502 503 504 505 506 507 508 509 510 511 512 513 514 515 516 517 518 519 520 521 522 523 524 525 526 527 528 529 530 531 532 533 534 535 536 537 538 539 540 541 542 543 544 545 546 547 548 549 550 551 552 553 554 555 556 557 558 559 560 561 562 563 564 565 566 567 568 569 570 571 572 573 574 575 576 577 578 579 580 581 582 583 584 585 586 587 588 589 590 591 592 593 594 595 596 597 598 599 600 601 602 603 604 605 606 607 608 609 610 611 612 613 614 615 616 617 618 619 620 621 622 623 624 625 626 627 628 629 630 631 632 633 634 635 636 637 638 639 640 641 642 643 644 645 646 647 648 649 650 651 652 653 654 655 656 657 658 659 660 661 662 663 664 665 666 667 668 669 670 671 672 673 674 675 676 677 678 679 680 681 682 683 684 685 686 687 688 689 690 691 692 693 694 695 696 697 698 699 700 701 702 703 704 705 706 707 708 709 710 711 712 713 714 715 716 717 718 719 720 721 722 723 724 725 726 727 728 729 730 731 732 733 734 735 736 737 738 739 740 741 742 743 744 745 746 747 748 749 750 751 752 753 754 755 756 757 758 759 760 761 762 763 764 765 766 767 768 769 770 771 772 773 774 775 776 777 778 779 780 781 782 783 784 785 786 787 788 789 790 791 792 793 794 795 796 797 798 799 800 801 802 803 804 805 806 807 808 809 810 811 812 813 814 815 816 817 818 819 820 821 822 823 824 825 826 827 828 829 830 831 832 833 834 835 836 837 838 839 840 841 842 843 844 845 846 847 848 849 850 851 852 853 854 855 856 857 858 859 860 861 862 863 864 865 866 867 868 869 870 871 872 873 874
 done.
 running RMSDs...
 done.
 E lowest :   -47.04212
 706 structures remain within     6.00 kcal/mol window


     ========================================
     |        Structure Crossing (GC)       |
     ========================================
 =============================
  # threads =           1
 =============================
 input  file name : crest_rotamers_4.xyz
number of atoms                :    18
number of points on xyz files  :   706
conformer energy window  /kcal :    6.00
CN per atom difference cut-off :  0.3000
RMSD threshold                 :  0.2500
max. # of generated structures : 250
 reading xyz file ...
 # in E window                706
 generating pairs ...      249570
  14.2 % done
  28.3 % done
  42.5 % done
  56.7 % done
  70.8 % done
  85.0 % done
  99.2 % done
 generated pairs           :         191
 number of clash discarded :      248674
 average rmsd w.r.t input  : 0.50869
 sd of ensemble            : 0.32671
 number of new structures      :          14
 removed identical structures  :         177
 writing           14  TMPCONF* dirs ...
 --------------------------
 GC: loose pre-optimization
 --------------------------
 Starting optimization of generated structures
 14 jobs to do.
 1 2 3 4 5 6 7 8 9 10 11 12 13 14 
 done.
 Now appending opt.xyz file with new structures
 running RMSDs...
 done.
 E lowest :   -47.04211
 13 structures remain within    10.00 kcal/mol window
 --------------------------------------
 GC: optimization with tight thresholds
 --------------------------------------
 Optimizing all 13 structures from file "crest_rotamers_1.xyz" ...
 1 2 3 4 5 6 7 8 9 10 11 12 13
 done.
 running RMSDs...
 done.
 E lowest :   -47.04212


   ================================================
   |           Final Geometry Optimization        |
   ================================================
 ------------------------------------------------
 Ensemble optimization with very tight thresholds
 ------------------------------------------------
 Optimizing all 709 structures from file "crest_rotamers_5.xyz" ...
 1 2 3 4 5 6 7 8 9 10 11 12 13 14 15 16 17 18 19 20 21 22 23 24 25 26 27 28 29 30 31 32 33 34 35 36 37 38 39 40 41 42 43 44 45 46 47 48 49 50 51 52 53 54 55 56 57 58 59 60 61 62 63 64 65 66 67 68 69 70 71 72 73 74 75 76 77 78 79 80 81 82 83 84 85 86 87 88 89 90 91 92 93 94 95 96 97 98 99 100 101 102 103 104 105 106 107 108 109 110 111 112 113 114 115 116 117 118 119 120 121 122 123 124 125 126 127 128 129 130 131 132 133 134 135 136 137 138 139 140 141 142 143 144 145 146 147 148 149 150 151 152 153 154 155 156 157 158 159 160 161 162 163 164 165 166 167 168 169 170 171 172 173 174 175 176 177 178 179 180 181 182 183 184 185 186 187 188 189 190 191 192 193 194 195 196 197 198 199 200 201 202 203 204 205 206 207 208 209 210 211 212 213 214 215 216 217 218 219 220 221 222 223 224 225 226 227 228 229 230 231 232 233 234 235 236 237 238 239 240 241 242 243 244 245 246 247 248 249 250 251 252 253 254 255 256 257 258 259 260 261 262 263 264 265 266 267 268 269 270 271 272 273 274 275 276 277 278 279 280 281 282 283 284 285 286 287 288 289 290 291 292 293 294 295 296 297 298 299 300 301 302 303 304 305 306 307 308 309 310 311 312 313 314 315 316 317 318 319 320 321 322 323 324 325 326 327 328 329 330 331 332 333 334 335 336 337 338 339 340 341 342 343 344 345 346 347 348 349 350 351 352 353 354 355 356 357 358 359 360 361 362 363 364 365 366 367 368 369 370 371 372 373 374 375 376 377 378 379 380 381 382 383 384 385 386 387 388 389 390 391 392 393 394 395 396 397 398 399 400 401 402 403 404 405 406 407 408 409 410 411 412 413 414 415 416 417 418 419 420 421 422 423 424 425 426 427 428 429 430 431 432 433 434 435 436 437 438 439 440 441 442 443 444 445 446 447 448 449 450 451 452 453 454 455 456 457 458 459 460 461 462 463 464 465 466 467 468 469 470 471 472 473 474 475 476 477 478 479 480 481 482 483 484 485 486 487 488 489 490 491 492 493 494 495 496 497 498 499 500 501 502 503 504 505 506 507 508 509 510 511 512 513 514 515 516 517 518 519 520 521 522 523 524 525 526 527 528 529 530 531 532 533 534 535 536 537 538 539 540 541 542 543 544 545 546 547 548 549 550 551 552 553 554 555 556 557 558 559 560 561 562 563 564 565 566 567 568 569 570 571 572 573 574 575 576 577 578 579 580 581 582 583 584 585 586 587 588 589 590 591 592 593 594 595 596 597 598 599 600 601 602 603 604 605 606 607 608 609 610 611 612 613 614 615 616 617 618 619 620 621 622 623 624 625 626 627 628 629 630 631 632 633 634 635 636 637 638 639 640 641 642 643 644 645 646 647 648 649 650 651 652 653 654 655 656 657 658 659 660 661 662 663 664 665 666 667 668 669 670 671 672 673 674 675 676 677 678 679 680 681 682 683 684 685 686 687 688 689 690 691 692 693 694 695 696 697 698 699 700 701 702 703 704 705 706 707 708 709
 done.
 running RMSDs...
 done.
 E lowest :   -47.04212
 677 structures remain within     6.00 kcal/mol window

 input  file name : crest_rotamers_6.xyz
 output file name : crest_rotamers_7.xyz
 number of atoms                :   18
 number of points on xyz files  :   709
 RMSD threshold                 :   0.1250
 Bconst threshold               :   0.0100
 population threshold           :   0.0500
 conformer energy window  /kcal :   6.0000
 # fragment in coord            :     2
 # bonds in reference structure :    16
 number of reliable points      :   709
 reference state Etot :  -47.042124680000001
 number of doubles removed by rot/RMSD         :          32
 total number unique points considered further :         677
       Erel/kcal        Etot weight/tot  conformer     set   degen     origin
       1   0.000   -47.04212    0.04207    0.29439       1       7     hor
       2   0.000   -47.04212    0.04206                                hor
       3   0.000   -47.04212    0.04206                                hor
       4   0.000   -47.04212    0.04206                                mtd12
       5   0.000   -47.04212    0.04206                                mtd6
       6   0.000   -47.04212    0.04206                                mtd7
       7   0.001   -47.04212    0.04202                                md6
       8   0.446   -47.04141    0.01983    0.13877       2       7     hor
       9   0.446   -47.04141    0.01983                                hor
      10   0.446   -47.04141    0.01983                                mtd3
      11   0.446   -47.04141    0.01983                                hor
      12   0.446   -47.04141    0.01983                                hor
      13   0.446   -47.04141    0.01983                                hor
      14   0.447   -47.04141    0.01979                                md8
      15   0.470   -47.04138    0.01904    0.15224       3       8     hor
      16   0.470   -47.04138    0.01904                                mtd12
      17   0.470   -47.04138    0.01904                                hor
      18   0.470   -47.04138    0.01903                                mtd2
      19   0.470   -47.04138    0.01903                                hor
      20   0.470   -47.04137    0.01903                                hor
      21   0.471   -47.04137    0.01902                                mtd14
      22   0.471   -47.04137    0.01902                                hor
      23   0.752   -47.04093    0.01183    0.08279       4       7     hor
      24   0.752   -47.04093    0.01183                                hor
      25   0.752   -47.04093    0.01183                                mtd6
      26   0.752   -47.04093    0.01183                                hor
      27   0.752   -47.04093    0.01183                                hor
      28   0.752   -47.04093    0.01183                                hor
      29   0.753   -47.04093    0.01182                                hor
      30   0.869   -47.04074    0.00972    0.04858       5       5     mtd7
      31   0.869   -47.04074    0.00972                                hor
      32   0.869   -47.04074    0.00972                                hor
      33   0.869   -47.04074    0.00971                                hor
      34   0.869   -47.04074    0.00971                                hor
      35   0.941   -47.04062    0.00860    0.00860       6       1     mtd3
      36   0.980   -47.04056    0.00806    0.02406       7       3     mtd13
      37   0.982   -47.04056    0.00803                                mtd7
      38   0.986   -47.04055    0.00797                                mtd2
      39   0.991   -47.04054    0.00790    0.00790       8       1     mtd6
      40   1.122   -47.04034    0.00634    0.01268       9       2     hor
      41   1.122   -47.04034    0.00634                                hor
      42   1.123   -47.04034    0.00633    0.02532      10       4     hor
      43   1.123   -47.04033    0.00633                                md6
      44   1.123   -47.04033    0.00633                                hor
      45   1.123   -47.04033    0.00633                                mtd9
      46   1.124   -47.04033    0.00632    0.00632      11       1     hor
      47   1.129   -47.04033    0.00627    0.00627      12       1     hor
      48   1.137   -47.04031    0.00619    0.01853      13       3     md5
      49   1.138   -47.04031    0.00617                                mtd13
      50   1.138   -47.04031    0.00617                                md4
      51   1.354   -47.03997    0.00429    0.01716      14       4     hor
      52   1.354   -47.03997    0.00429                                md6
      53   1.354   -47.03997    0.00429                                gc
      54   1.354   -47.03997    0.00429                                md6
      55   1.366   -47.03995    0.00421    0.00421      15       1     gc
      56   1.385   -47.03992    0.00407    0.00407      16       1     md5
      57   1.409   -47.03988    0.00391    0.00391      17       1     md5
      58   1.599   -47.03958    0.00284    0.00559      18       2     md6
      59   1.617   -47.03955    0.00275                                md7
      60   1.600   -47.03957    0.00283    0.00283      19       1     md8
      61   1.651   -47.03949    0.00260    0.00260      20       1     md6
      62   1.745   -47.03934    0.00222    0.00222      21       1     md4
      63   1.801   -47.03925    0.00202    0.00202      22       1     mtd12
      64   1.801   -47.03925    0.00202    0.00202      23       1     mtd7
      65   1.803   -47.03925    0.00201    0.00201      24       1     mtd13
      66   1.892   -47.03911    0.00173    0.00519      25       3     mtd13
      67   1.892   -47.03911    0.00173                                hor
      68   1.892   -47.03911    0.00173                                mtd9
      69   1.900   -47.03910    0.00171    0.00512      26       3     hor
      70   1.900   -47.03910    0.00171                                hor
      71   1.900   -47.03910    0.00171                                hor
      72   1.903   -47.03909    0.00170    0.00170      27       1     mtd13
      73   1.970   -47.03898    0.00152    0.00152      28       1     hor
      74   1.979   -47.03897    0.00149    0.00448      29       3     mtd14
      75   1.980   -47.03897    0.00149                                hor
      76   1.980   -47.03897    0.00149                                mtd4
      77   2.064   -47.03884    0.00129    0.00129      30       1     hor
      78   2.084   -47.03880    0.00125    0.00500      31       4     mtd4
      79   2.084   -47.03880    0.00125                                hor
      80   2.085   -47.03880    0.00125                                mtd11
      81   2.085   -47.03880    0.00125                                mtd8
      82   2.112   -47.03876    0.00119    0.00239      32       2     mtd11
      83   2.112   -47.03876    0.00119                                mtd4
      84   2.132   -47.03873    0.00115    0.00346      33       3     hor
      85   2.132   -47.03873    0.00115                                hor
      86   2.134   -47.03872    0.00115                                md5
      87   2.135   -47.03872    0.00115    0.00344      34       3     mtd9
      88   2.137   -47.03872    0.00115                                mtd6
      89   2.138   -47.03872    0.00114                                mtd12
      90   2.233   -47.03857    0.00097    0.00292      35       3     hor
      91   2.233   -47.03857    0.00097                                hor
      92   2.233   -47.03857    0.00097                                mtd7
      93   2.263   -47.03852    0.00093    0.00278      36       3     hor
      94   2.263   -47.03852    0.00093                                hor
      95   2.264   -47.03852    0.00092                                hor
      96   2.267   -47.03851    0.00092    0.00092      37       1     mtd6
      97   2.316   -47.03843    0.00085    0.00254      38       3     hor
      98   2.316   -47.03843    0.00085                                hor
      99   2.317   -47.03843    0.00085                                mtd10
     100   2.328   -47.03841    0.00083    0.00166      39       2     mtd4
     101   2.328   -47.03841    0.00083                                mtd12
     102   2.329   -47.03841    0.00083    0.00083      40       1     mtd2
     103   2.349   -47.03838    0.00080    0.00401      41       5     hor
     104   2.349   -47.03838    0.00080                                hor
     105   2.349   -47.03838    0.00080                                hor
     106   2.349   -47.03838    0.00080                                hor
     107   2.349   -47.03838    0.00080                                hor
     108   2.353   -47.03838    0.00080    0.00080      42       1     mtd6
     109   2.402   -47.03830    0.00073    0.00146      43       2     mtd9
     110   2.402   -47.03830    0.00073                                mtd3
     111   2.403   -47.03830    0.00073    0.00146      44       2     mtd12
     112   2.403   -47.03829    0.00073                                hor
     113   2.407   -47.03829    0.00073    0.00145      45       2     mtd7
     114   2.408   -47.03829    0.00072                                mtd7
     115   2.422   -47.03826    0.00071    0.00283      46       4     hor
     116   2.423   -47.03826    0.00071                                mtd12
     117   2.423   -47.03826    0.00071                                hor
     118   2.424   -47.03826    0.00071                                mtd2
     119   2.453   -47.03822    0.00067    0.00269      47       4     hor
     120   2.453   -47.03822    0.00067                                hor
     121   2.453   -47.03822    0.00067                                hor
     122   2.453   -47.03822    0.00067                                mtd8
     123   2.546   -47.03807    0.00057    0.00230      48       4     mtd9
     124   2.547   -47.03807    0.00057                                md2
     125   2.547   -47.03807    0.00057                                hor
     126   2.547   -47.03807    0.00057                                hor
     127   2.558   -47.03805    0.00056    0.00056      49       1     mtd3
     128   2.574   -47.03802    0.00055    0.00055      50       1     hor
     129   2.580   -47.03801    0.00054    0.00054      51       1     hor
     130   2.600   -47.03798    0.00052    0.00052      52       1     hor
     131   2.601   -47.03798    0.00052    0.00052      53       1     mtd10
     132   2.605   -47.03797    0.00052    0.00104      54       2     hor
     133   2.605   -47.03797    0.00052                                hor
     134   2.643   -47.03791    0.00049    0.00049      55       1     mtd7
     135   2.660   -47.03789    0.00047    0.00047      56       1     mtd14
     136   2.729   -47.03778    0.00042    0.00042      57       1     mtd9
     137   2.764   -47.03772    0.00040    0.00040      58       1     mtd14
     138   2.848   -47.03759    0.00035    0.00104      59       3     hor
     139   2.848   -47.03759    0.00035                                mtd10
     140   2.848   -47.03759    0.00035                                hor
     141   2.854   -47.03758    0.00034    0.00137      60       4     mtd6
     142   2.854   -47.03758    0.00034                                hor
     143   2.855   -47.03758    0.00034                                hor
     144   2.855   -47.03758    0.00034                                hor
     145   2.950   -47.03742    0.00029    0.00145      61       5     hor
     146   2.950   -47.03742    0.00029                                hor
     147   2.950   -47.03742    0.00029                                hor
     148   2.950   -47.03742    0.00029                                hor
     149   2.951   -47.03742    0.00029                                mtd14
     150   2.959   -47.03741    0.00029    0.00029      62       1     mtd8
     151   3.021   -47.03731    0.00026    0.00077      63       3     hor
     152   3.021   -47.03731    0.00026                                hor
     153   3.021   -47.03731    0.00026                                mtd2
     154   3.038   -47.03728    0.00025    0.00100      64       4     hor
     155   3.038   -47.03728    0.00025                                hor
     156   3.038   -47.03728    0.00025                                hor
     157   3.041   -47.03728    0.00025                                mtd12
     158   3.130   -47.03714    0.00021    0.00107      65       5     hor
     159   3.130   -47.03714    0.00021                                hor
     160   3.130   -47.03714    0.00021                                hor
     161   3.130   -47.03714    0.00021                                hor
     162   3.130   -47.03714    0.00021                                hor
     163   3.173   -47.03707    0.00020    0.00060      66       3     hor
     164   3.173   -47.03707    0.00020                                hor
     165   3.173   -47.03707    0.00020                                hor
     166   3.193   -47.03704    0.00019    0.00019      67       1     hor
     167   3.199   -47.03703    0.00019    0.00076      68       4     hor
     168   3.199   -47.03703    0.00019                                hor
     169   3.200   -47.03703    0.00019                                mtd3
     170   3.201   -47.03702    0.00019                                mtd4
     171   3.202   -47.03702    0.00019    0.00076      69       4     hor
     172   3.202   -47.03702    0.00019                                hor
     173   3.202   -47.03702    0.00019                                hor
     174   3.202   -47.03702    0.00019                                mtd2
     175   3.213   -47.03700    0.00019    0.00019      70       1     mtd4
     176   3.223   -47.03699    0.00018    0.00018      71       1     hor
     177   3.225   -47.03698    0.00018    0.00055      72       3     hor
     178   3.225   -47.03698    0.00018                                mtd6
     179   3.225   -47.03698    0.00018                                mtd9
     180   3.230   -47.03698    0.00018    0.00073      73       4     mtd4
     181   3.230   -47.03698    0.00018                                hor
     182   3.230   -47.03698    0.00018                                hor
     183   3.230   -47.03698    0.00018                                hor
     184   3.255   -47.03694    0.00017    0.00052      74       3     hor
     185   3.255   -47.03694    0.00017                                hor
     186   3.255   -47.03694    0.00017                                hor
     187   3.267   -47.03692    0.00017    0.00034      75       2     mtd8
     188   3.267   -47.03692    0.00017                                hor
     189   3.279   -47.03690    0.00017    0.00050      76       3     hor
     190   3.279   -47.03690    0.00017                                hor
     191   3.279   -47.03690    0.00017                                mtd4
     192   3.295   -47.03687    0.00016    0.00080      77       5     hor
     193   3.295   -47.03687    0.00016                                hor
     194   3.295   -47.03687    0.00016                                hor
     195   3.314   -47.03684    0.00016                                hor
     196   3.321   -47.03683    0.00016                                hor
     197   3.321   -47.03683    0.00016    0.00031      78       2     hor
     198   3.321   -47.03683    0.00016                                hor
     199   3.322   -47.03683    0.00016    0.00016      79       1     hor
     200   3.324   -47.03683    0.00015    0.00031      80       2     mtd7
     201   3.329   -47.03682    0.00015                                hor
     202   3.329   -47.03682    0.00015    0.00092      81       6     hor
     203   3.329   -47.03682    0.00015                                hor
     204   3.329   -47.03682    0.00015                                mtd11
     205   3.330   -47.03682    0.00015                                hor
     206   3.339   -47.03680    0.00015                                hor
     207   3.339   -47.03680    0.00015                                hor
     208   3.308   -47.03685    0.00016    0.00016      82       1     hor
     209   3.339   -47.03680    0.00015    0.00015      83       1     hor
     210   3.308   -47.03685    0.00016    0.00031      84       2     hor
     211   3.339   -47.03680    0.00015                                hor
     212   3.342   -47.03680    0.00015    0.00074      85       5     mtd11
     213   3.342   -47.03680    0.00015                                mtd3
     214   3.342   -47.03680    0.00015                                hor
     215   3.349   -47.03679    0.00015                                hor
     216   3.360   -47.03677    0.00015                                hor
     217   3.360   -47.03677    0.00015    0.00044      86       3     hor
     218   3.360   -47.03677    0.00015                                mtd9
     219   3.360   -47.03677    0.00015                                hor
     220   3.360   -47.03677    0.00015    0.00087      87       6     mtd14
     221   3.360   -47.03677    0.00015                                hor
     222   3.366   -47.03676    0.00014                                hor
     223   3.366   -47.03676    0.00014                                md5
     224   3.366   -47.03676    0.00014                                mtd2
     225   3.372   -47.03675    0.00014                                hor
     226   3.372   -47.03675    0.00014    0.00044      88       3     hor
     227   3.347   -47.03679    0.00015                                hor
     228   3.349   -47.03679    0.00015                                mtd2
     229   3.378   -47.03674    0.00014    0.00028      89       2     hor
     230   3.378   -47.03674    0.00014                                hor
     231   3.389   -47.03672    0.00014    0.00069      90       5     mtd6
     232   3.389   -47.03672    0.00014                                hor
     233   3.389   -47.03672    0.00014                                hor
     234   3.390   -47.03672    0.00014                                mtd8
     235   3.396   -47.03671    0.00014                                mtd4
     236   3.393   -47.03672    0.00014    0.00027      91       2     hor
     237   3.400   -47.03671    0.00014                                mtd7
     238   3.400   -47.03671    0.00014    0.00066      92       5     hor
     239   3.401   -47.03670    0.00014                                mtd6
     240   3.400   -47.03671    0.00014                                mtd7
     241   3.440   -47.03664    0.00013                                hor
     242   3.440   -47.03664    0.00013                                mtd14
     243   3.444   -47.03664    0.00013    0.00138      93      11     hor
     244   3.444   -47.03664    0.00013                                hor
     245   3.451   -47.03663    0.00012                                mtd7
     246   3.452   -47.03662    0.00012                                hor
     247   3.452   -47.03662    0.00012                                hor
     248   3.457   -47.03662    0.00012                                hor
     249   3.457   -47.03662    0.00012                                hor
     250   3.440   -47.03664    0.00013                                hor
     251   3.440   -47.03664    0.00013                                hor
     252   3.457   -47.03662    0.00012                                hor
     253   3.457   -47.03662    0.00012                                mtd4
     254   3.457   -47.03662    0.00012    0.00062      94       5     mtd14
     255   3.457   -47.03662    0.00012                                mtd12
     256   3.458   -47.03661    0.00012                                hor
     257   3.444   -47.03664    0.00013                                hor
     258   3.445   -47.03664    0.00013                                hor
     259   3.445   -47.03664    0.00013    0.00038      95       3     hor
     260   3.449   -47.03663    0.00013                                hor
     261   3.449   -47.03663    0.00013                                hor
     262   3.451   -47.03663    0.00012    0.00074      96       6     hor
     263   3.462   -47.03661    0.00012                                hor
     264   3.462   -47.03661    0.00012                                hor
     265   3.462   -47.03661    0.00012                                mtd14
     266   3.462   -47.03661    0.00012                                mtd8
     267   3.458   -47.03661    0.00012                                mtd4
     268   3.463   -47.03661    0.00012    0.00049      97       4     hor
     269   3.463   -47.03661    0.00012                                hor
     270   3.463   -47.03661    0.00012                                hor
     271   3.464   -47.03660    0.00012                                mtd4
     272   3.466   -47.03660    0.00012    0.00049      98       4     hor
     273   3.466   -47.03660    0.00012                                hor
     274   3.466   -47.03660    0.00012                                hor
     275   3.466   -47.03660    0.00012                                hor
     276   3.466   -47.03660    0.00012    0.00061      99       5     hor
     277   3.466   -47.03660    0.00012                                mtd3
     278   3.470   -47.03660    0.00012                                hor
     279   3.451   -47.03663    0.00012                                hor
     280   3.469   -47.03660    0.00012                                hor
     281   3.475   -47.03659    0.00012    0.00036     100       3     mtd5
     282   3.475   -47.03659    0.00012                                hor
     283   3.475   -47.03659    0.00012                                hor
     284   3.475   -47.03659    0.00012    0.00072     101       6     hor
     285   3.475   -47.03659    0.00012                                mtd9
     286   3.466   -47.03660    0.00012                                mtd12
     287   3.476   -47.03659    0.00012                                hor
     288   3.475   -47.03659    0.00012                                hor
     289   3.476   -47.03659    0.00012                                hor
     290   3.475   -47.03659    0.00012    0.00036     102       3     md8
     291   3.476   -47.03659    0.00012                                hor
     292   3.476   -47.03658    0.00012                                mtd2
     293   3.477   -47.03658    0.00012    0.00024     103       2     hor
     294   3.484   -47.03657    0.00012                                mtd13
     295   3.485   -47.03657    0.00012    0.00070     104       6     hor
     296   3.487   -47.03657    0.00012                                mtd4
     297   3.490   -47.03656    0.00012                                hor
     298   3.490   -47.03656    0.00012                                mtd4
     299   3.492   -47.03656    0.00012                                hor
     300   3.492   -47.03656    0.00012                                mtd4
     301   3.495   -47.03656    0.00012    0.00046     105       4     hor
     302   3.495   -47.03656    0.00012                                hor
     303   3.496   -47.03655    0.00012                                hor
     304   3.497   -47.03655    0.00012                                hor
     305   3.497   -47.03655    0.00012    0.00012     106       1     hor
     306   3.497   -47.03655    0.00012    0.00057     107       5     mtd14
     307   3.502   -47.03654    0.00011                                hor
     308   3.502   -47.03654    0.00011                                hor
     309   3.503   -47.03654    0.00011                                hor
     310   3.503   -47.03654    0.00011                                hor
     311   3.458   -47.03661    0.00012    0.00037     108       3     mtd4
     312   3.458   -47.03661    0.00012                                mtd9
     313   3.459   -47.03661    0.00012                                mtd7
     314   3.506   -47.03654    0.00011    0.00011     109       1     mtd14
     315   3.506   -47.03654    0.00011    0.00034     110       3     mtd11
     316   3.506   -47.03654    0.00011                                md7
     317   3.506   -47.03654    0.00011                                mtd2
     318   3.506   -47.03654    0.00011    0.00023     111       2     mtd1
     319   3.506   -47.03654    0.00011                                hor
     320   3.506   -47.03654    0.00011    0.00011     112       1     hor
     321   3.509   -47.03653    0.00011    0.00023     113       2     hor
     322   3.510   -47.03653    0.00011                                hor
     323   3.475   -47.03659    0.00012    0.00012     114       1     hor
     324   3.475   -47.03659    0.00012    0.00047     115       4     mtd3
     325   3.475   -47.03659    0.00012                                hor
     326   3.510   -47.03653    0.00011                                md5
     327   3.510   -47.03653    0.00011                                hor
     328   3.511   -47.03653    0.00011    0.00023     116       2     hor
     329   3.510   -47.03653    0.00011                                hor
     330   3.516   -47.03652    0.00011    0.00034     117       3     hor
     331   3.516   -47.03652    0.00011                                hor
     332   3.516   -47.03652    0.00011                                hor
     333   3.510   -47.03653    0.00011    0.00078     118       7     hor
     334   3.520   -47.03652    0.00011                                hor
     335   3.520   -47.03652    0.00011                                hor
     336   3.520   -47.03651    0.00011                                mtd6
     337   3.521   -47.03651    0.00011                                hor
     338   3.521   -47.03651    0.00011                                hor
     339   3.521   -47.03651    0.00011                                mtd4
     340   3.495   -47.03655    0.00012    0.00034     119       3     mtd2
     341   3.496   -47.03655    0.00012                                mtd12
     342   3.522   -47.03651    0.00011                                mtd4
     343   3.522   -47.03651    0.00011    0.00033     120       3     hor
     344   3.522   -47.03651    0.00011                                hor
     345   3.522   -47.03651    0.00011                                hor
     346   3.522   -47.03651    0.00011    0.00044     121       4     hor
     347   3.524   -47.03651    0.00011                                mtd11
     348   3.524   -47.03651    0.00011                                hor
     349   3.524   -47.03651    0.00011                                hor
     350   3.524   -47.03651    0.00011    0.00055     122       5     hor
     351   3.524   -47.03651    0.00011                                mtd14
     352   3.525   -47.03651    0.00011                                hor
     353   3.526   -47.03651    0.00011                                hor
     354   3.526   -47.03651    0.00011                                mtd9
     355   3.526   -47.03651    0.00011    0.00066     123       6     hor
     356   3.526   -47.03651    0.00011                                hor
     357   3.526   -47.03651    0.00011                                hor
     358   3.526   -47.03650    0.00011                                hor
     359   3.534   -47.03649    0.00011                                hor
     360   3.535   -47.03649    0.00011                                mtd7
     361   3.543   -47.03648    0.00011    0.00021     124       2     hor
     362   3.544   -47.03648    0.00011                                hor
     363   3.544   -47.03648    0.00011    0.00085     125       8     hor
     364   3.544   -47.03648    0.00011                                mtd2
     365   3.544   -47.03648    0.00011                                hor
     366   3.545   -47.03648    0.00011                                hor
     367   3.547   -47.03647    0.00011                                hor
     368   3.547   -47.03647    0.00011                                mtd12
     369   3.548   -47.03647    0.00011                                mtd4
     370   3.549   -47.03647    0.00011                                mtd9
     371   3.553   -47.03646    0.00011    0.00021     126       2     mtd14
     372   3.553   -47.03646    0.00011                                hor
     373   3.561   -47.03645    0.00010    0.00032     127       3     hor
     374   3.561   -47.03645    0.00010                                mtd8
     375   3.511   -47.03653    0.00011                                hor
     376   3.565   -47.03644    0.00010    0.00010     128       1     hor
     377   3.519   -47.03652    0.00011    0.00033     129       3     hor
     378   3.519   -47.03652    0.00011                                hor
     379   3.519   -47.03652    0.00011                                hor
     380   3.553   -47.03646    0.00011    0.00021     130       2     mtd6
     381   3.565   -47.03644    0.00010                                hor
     382   3.526   -47.03651    0.00011    0.00011     131       1     hor
     383   3.526   -47.03651    0.00011    0.00011     132       1     hor
     384   3.568   -47.03644    0.00010    0.00010     133       1     mtd4
     385   3.569   -47.03644    0.00010    0.00031     134       3     hor
     386   3.569   -47.03644    0.00010                                hor
     387   3.570   -47.03644    0.00010                                hor
     388   3.572   -47.03643    0.00010    0.00020     135       2     hor
     389   3.573   -47.03643    0.00010                                hor
     390   3.573   -47.03643    0.00010    0.00030     136       3     mtd5
     391   3.573   -47.03643    0.00010                                hor
     392   3.575   -47.03643    0.00010                                hor
     393   3.576   -47.03643    0.00010    0.00030     137       3     hor
     394   3.577   -47.03642    0.00010                                mtd7
     395   3.583   -47.03641    0.00010                                mtd4
     396   3.573   -47.03643    0.00010    0.00010     138       1     hor
     397   3.586   -47.03641    0.00010    0.00010     139       1     hor
     398   3.587   -47.03641    0.00010    0.00020     140       2     mtd12
     399   3.587   -47.03641    0.00010                                hor
     400   3.587   -47.03641    0.00010    0.00030     141       3     mtd1
     401   3.587   -47.03641    0.00010                                hor
     402   3.587   -47.03641    0.00010                                mtd6
     403   3.590   -47.03640    0.00010    0.00040     142       4     mtd12
     404   3.590   -47.03640    0.00010                                mtd7
     405   3.590   -47.03640    0.00010                                hor
     406   3.590   -47.03640    0.00010                                mtd4
     407   3.596   -47.03639    0.00010    0.00039     143       4     mtd4
     408   3.596   -47.03639    0.00010                                hor
     409   3.597   -47.03639    0.00010                                hor
     410   3.597   -47.03639    0.00010                                hor
     411   3.597   -47.03639    0.00010    0.00049     144       5     mtd1
     412   3.600   -47.03639    0.00010                                mtd14
     413   3.600   -47.03639    0.00010                                hor
     414   3.600   -47.03639    0.00010                                hor
     415   3.600   -47.03639    0.00010                                hor
     416   3.600   -47.03639    0.00010    0.00048     145       5     mtd6
     417   3.603   -47.03638    0.00010                                hor
     418   3.603   -47.03638    0.00010                                hor
     419   3.603   -47.03638    0.00010                                hor
     420   3.603   -47.03638    0.00010                                hor
     421   3.604   -47.03638    0.00010    0.00039     146       4     mtd1
     422   3.605   -47.03638    0.00010                                hor
     423   3.605   -47.03638    0.00010                                mtd6
     424   3.605   -47.03638    0.00010                                hor
     425   3.606   -47.03638    0.00010    0.00010     147       1     hor
     426   3.612   -47.03637    0.00010    0.00010     148       1     mtd12
     427   3.613   -47.03637    0.00009    0.00047     149       5     hor
     428   3.614   -47.03636    0.00009                                mtd5
     429   3.616   -47.03636    0.00009                                mtd4
     430   3.618   -47.03636    0.00009                                hor
     431   3.618   -47.03636    0.00009                                hor
     432   3.573   -47.03643    0.00010    0.00010     150       1     hor
     433   3.613   -47.03637    0.00009    0.00028     151       3     hor
     434   3.618   -47.03636    0.00009                                mtd14
     435   3.618   -47.03636    0.00009                                mtd5
     436   3.626   -47.03635    0.00009    0.00093     152      10     mtd1
     437   3.626   -47.03635    0.00009                                hor
     438   3.630   -47.03634    0.00009                                hor
     439   3.630   -47.03634    0.00009                                hor
     440   3.631   -47.03634    0.00009                                hor
     441   3.631   -47.03634    0.00009                                hor
     442   3.586   -47.03641    0.00010                                mtd9
     443   3.635   -47.03633    0.00009                                hor
     444   3.636   -47.03633    0.00009                                hor
     445   3.640   -47.03632    0.00009                                hor
     446   3.640   -47.03632    0.00009    0.00027     153       3     hor
     447   3.641   -47.03632    0.00009                                mtd4
     448   3.641   -47.03632    0.00009                                hor
     449   3.614   -47.03637    0.00009    0.00009     154       1     mtd9
     450   3.641   -47.03632    0.00009    0.00018     155       2     mtd9
     451   3.642   -47.03632    0.00009                                mtd3
     452   3.642   -47.03632    0.00009    0.00036     156       4     mtd14
     453   3.644   -47.03632    0.00009                                hor
     454   3.647   -47.03631    0.00009                                mtd12
     455   3.648   -47.03631    0.00009                                mtd6
     456   3.648   -47.03631    0.00009    0.00009     157       1     mtd3
     457   3.648   -47.03631    0.00009    0.00009     158       1     hor
     458   3.646   -47.03631    0.00009    0.00027     159       3     mtd6
     459   3.648   -47.03631    0.00009                                mtd1
     460   3.652   -47.03630    0.00009                                hor
     461   3.653   -47.03630    0.00009    0.00009     160       1     mtd2
     462   3.626   -47.03635    0.00009    0.00028     161       3     hor
     463   3.627   -47.03634    0.00009                                hor
     464   3.628   -47.03634    0.00009                                hor
     465   3.653   -47.03630    0.00009    0.00035     162       4     mtd4
     466   3.655   -47.03630    0.00009                                hor
     467   3.655   -47.03630    0.00009                                hor
     468   3.657   -47.03630    0.00009                                mtd12
     469   3.658   -47.03630    0.00009    0.00009     163       1     mtd2
     470   3.659   -47.03629    0.00009    0.00009     164       1     mtd11
     471   3.659   -47.03629    0.00009    0.00009     165       1     hor
     472   3.628   -47.03634    0.00009    0.00009     166       1     hor
     473   3.629   -47.03634    0.00009    0.00036     167       4     mtd8
     474   3.659   -47.03629    0.00009                                hor
     475   3.630   -47.03634    0.00009                                mtd9
     476   3.661   -47.03629    0.00009                                hor
     477   3.661   -47.03629    0.00009    0.00009     168       1     mtd14
     478   3.670   -47.03628    0.00009    0.00017     169       2     mtd5
     479   3.675   -47.03627    0.00009                                hor
     480   3.680   -47.03626    0.00008    0.00026     170       3     hor
     481   3.661   -47.03629    0.00009                                mtd6
     482   3.680   -47.03626    0.00008                                mtd3
     483   3.683   -47.03626    0.00008    0.00008     171       1     hor
     484   3.685   -47.03625    0.00008    0.00008     172       1     mtd13
     485   3.685   -47.03625    0.00008    0.00008     173       1     hor
     486   3.649   -47.03631    0.00009    0.00044     174       5     mtd5
     487   3.651   -47.03631    0.00009                                mtd7
     488   3.651   -47.03631    0.00009                                hor
     489   3.685   -47.03625    0.00008                                mtd9
     490   3.686   -47.03625    0.00008                                hor
     491   3.687   -47.03625    0.00008    0.00008     175       1     mtd5
     492   3.689   -47.03625    0.00008    0.00008     176       1     hor
     493   3.689   -47.03625    0.00008    0.00008     177       1     hor
     494   3.700   -47.03623    0.00008    0.00057     178       7     hor
     495   3.702   -47.03622    0.00008                                mtd1
     496   3.703   -47.03622    0.00008                                mtd12
     497   3.706   -47.03622    0.00008                                mtd4
     498   3.706   -47.03622    0.00008                                hor
     499   3.706   -47.03622    0.00008                                hor
     500   3.706   -47.03622    0.00008                                mtd3
     501   3.707   -47.03622    0.00008    0.00008     179       1     mtd4
     502   3.708   -47.03622    0.00008    0.00008     180       1     mtd14
     503   3.708   -47.03622    0.00008    0.00024     181       3     hor
     504   3.708   -47.03622    0.00008                                hor
     505   3.708   -47.03622    0.00008                                hor
     506   3.683   -47.03625    0.00008    0.00008     182       1     hor
     507   3.684   -47.03625    0.00008    0.00008     183       1     hor
     508   3.709   -47.03621    0.00008    0.00017     184       2     hor
     509   3.684   -47.03625    0.00008                                mtd6
     510   3.709   -47.03621    0.00008    0.00008     185       1     hor
     511   3.709   -47.03621    0.00008    0.00024     186       3     mtd8
     512   3.716   -47.03620    0.00008                                hor
     513   3.719   -47.03620    0.00008                                mtd10
     514   3.724   -47.03619    0.00008    0.00040     187       5     mtd8
     515   3.685   -47.03625    0.00008                                hor
     516   3.725   -47.03619    0.00008                                hor
     517   3.725   -47.03619    0.00008                                hor
     518   3.726   -47.03619    0.00008                                mtd8
     519   3.729   -47.03618    0.00008    0.00008     188       1     mtd4
     520   3.695   -47.03624    0.00008    0.00008     189       1     mtd9
     521   3.697   -47.03623    0.00008    0.00008     190       1     mtd7
     522   3.697   -47.03623    0.00008    0.00016     191       2     mtd11
     523   3.724   -47.03619    0.00008                                hor
     524   3.730   -47.03618    0.00008    0.00008     192       1     mtd10
     525   3.734   -47.03617    0.00008    0.00008     193       1     mtd2
     526   3.737   -47.03617    0.00008    0.00008     194       1     mtd2
     527   3.738   -47.03617    0.00008    0.00023     195       3     hor
     528   3.738   -47.03617    0.00008                                mtd4
     529   3.738   -47.03617    0.00008                                hor
     530   3.747   -47.03615    0.00008    0.00015     196       2     hor
     531   3.747   -47.03615    0.00008                                hor
     532   3.751   -47.03615    0.00008    0.00037     197       5     hor
     533   3.760   -47.03613    0.00007                                mtd14
     534   3.752   -47.03615    0.00008                                mtd12
     535   3.754   -47.03614    0.00007                                mtd2
     536   3.759   -47.03613    0.00007                                hor
     537   3.759   -47.03613    0.00007    0.00007     198       1     hor
     538   3.761   -47.03613    0.00007    0.00037     199       5     hor
     539   3.768   -47.03612    0.00007                                hor
     540   3.770   -47.03612    0.00007                                mtd4
     541   3.772   -47.03611    0.00007                                hor
     542   3.772   -47.03611    0.00007                                hor
     543   3.763   -47.03613    0.00007    0.00015     200       2     mtd1
     544   3.767   -47.03612    0.00007                                hor
     545   3.775   -47.03611    0.00007    0.00022     201       3     hor
     546   3.775   -47.03611    0.00007                                hor
     547   3.775   -47.03611    0.00007                                hor
     548   3.786   -47.03609    0.00007    0.00007     202       1     mtd1
     549   3.793   -47.03608    0.00007    0.00014     203       2     hor
     550   3.793   -47.03608    0.00007                                hor
     551   3.793   -47.03608    0.00007    0.00021     204       3     mtd14
     552   3.797   -47.03607    0.00007                                hor
     553   3.806   -47.03606    0.00007                                mtd6
     554   3.806   -47.03606    0.00007    0.00007     205       1     hor
     555   3.807   -47.03606    0.00007    0.00021     206       3     hor
     556   3.808   -47.03606    0.00007                                mtd2
     557   3.767   -47.03612    0.00007                                gc
     558   3.767   -47.03612    0.00007    0.00014     207       2     gc
     559   3.811   -47.03605    0.00007                                hor
     560   3.813   -47.03605    0.00007    0.00007     208       1     mtd6
     561   3.769   -47.03612    0.00007    0.00014     209       2     mtd3
     562   3.808   -47.03606    0.00007                                hor
     563   3.817   -47.03604    0.00007    0.00007     210       1     mtd2
     564   3.818   -47.03604    0.00007    0.00033     211       5     hor
     565   3.818   -47.03604    0.00007                                hor
     566   3.819   -47.03604    0.00007                                mtd9
     567   3.826   -47.03603    0.00007                                hor
     568   3.832   -47.03602    0.00007                                hor
     569   3.832   -47.03602    0.00007    0.00007     212       1     hor
     570   3.832   -47.03602    0.00007    0.00007     213       1     mtd11
     571   3.832   -47.03602    0.00007    0.00007     214       1     mtd14
     572   3.851   -47.03599    0.00006    0.00032     215       5     mtd11
     573   3.832   -47.03602    0.00007                                hor
     574   3.833   -47.03602    0.00007                                hor
     575   3.850   -47.03599    0.00006                                mtd4
     576   3.851   -47.03599    0.00006                                mtd2
     577   3.857   -47.03598    0.00006    0.00006     216       1     hor
     578   3.858   -47.03598    0.00006    0.00006     217       1     hor
     579   3.858   -47.03598    0.00006    0.00013     218       2     hor
     580   3.859   -47.03597    0.00006                                hor
     581   3.858   -47.03598    0.00006    0.00013     219       2     mtd2
     582   3.859   -47.03597    0.00006                                hor
     583   3.822   -47.03603    0.00007    0.00013     220       2     mtd4
     584   3.823   -47.03603    0.00007                                hor
     585   3.863   -47.03597    0.00006    0.00012     221       2     hor
     586   3.863   -47.03597    0.00006                                hor
     587   3.866   -47.03596    0.00006    0.00025     222       4     hor
     588   3.866   -47.03596    0.00006                                hor
     589   3.866   -47.03596    0.00006                                mtd3
     590   3.870   -47.03596    0.00006                                hor
     591   3.875   -47.03595    0.00006    0.00018     223       3     mtd5
     592   3.881   -47.03594    0.00006                                hor
     593   3.881   -47.03594    0.00006                                hor
     594   3.885   -47.03593    0.00006    0.00006     224       1     hor
     595   3.870   -47.03596    0.00006    0.00006     225       1     hor
     596   3.885   -47.03593    0.00006    0.00006     226       1     hor
     597   3.891   -47.03592    0.00006    0.00012     227       2     mtd5
     598   3.893   -47.03592    0.00006                                mtd14
     599   3.900   -47.03591    0.00006    0.00006     228       1     mtd5
     600   3.902   -47.03591    0.00006    0.00006     229       1     mtd12
     601   3.905   -47.03590    0.00006    0.00006     230       1     mtd1
     602   3.880   -47.03594    0.00006    0.00006     231       1     mtd6
     603   3.907   -47.03590    0.00006    0.00012     232       2     hor
     604   3.909   -47.03590    0.00006                                mtd9
     605   3.917   -47.03588    0.00006    0.00006     233       1     mtd3
     606   3.918   -47.03588    0.00006    0.00006     234       1     hor
     607   3.922   -47.03587    0.00006    0.00011     235       2     hor
     608   3.925   -47.03587    0.00006                                mtd6
     609   3.926   -47.03587    0.00006    0.00006     236       1     hor
     610   3.930   -47.03586    0.00006    0.00033     237       6     hor
     611   3.931   -47.03586    0.00006                                mtd2
     612   3.931   -47.03586    0.00006                                mtd9
     613   3.941   -47.03584    0.00005                                hor
     614   3.942   -47.03584    0.00005                                mtd9
     615   3.942   -47.03584    0.00005                                hor
     616   3.936   -47.03585    0.00006    0.00006     238       1     hor
     617   3.937   -47.03585    0.00006    0.00006     239       1     hor
     618   3.937   -47.03585    0.00006    0.00006     240       1     hor
     619   3.949   -47.03583    0.00005    0.00005     241       1     mtd2
     620   3.964   -47.03581    0.00005    0.00005     242       1     hor
     621   3.965   -47.03581    0.00005    0.00026     243       5     mtd7
     622   3.965   -47.03581    0.00005                                hor
     623   3.975   -47.03579    0.00005                                mtd4
     624   3.994   -47.03576    0.00005                                mtd9
     625   3.999   -47.03575    0.00005                                hor
     626   3.999   -47.03575    0.00005    0.00005     244       1     mtd5
     627   4.000   -47.03575    0.00005    0.00010     245       2     hor
     628   3.966   -47.03580    0.00005                                mtd9
     629   3.973   -47.03579    0.00005    0.00005     246       1     mtd12
     630   3.973   -47.03579    0.00005    0.00005     247       1     mtd1
     631   4.005   -47.03574    0.00005    0.00020     248       4     hor
     632   4.005   -47.03574    0.00005                                hor
     633   4.005   -47.03574    0.00005                                hor
     634   4.006   -47.03574    0.00005                                hor
     635   4.025   -47.03571    0.00005    0.00005     249       1     hor
     636   4.029   -47.03570    0.00005    0.00005     250       1     mtd12
     637   4.031   -47.03570    0.00005    0.00014     251       3     hor
     638   4.033   -47.03570    0.00005                                mtd8
     639   4.033   -47.03570    0.00005                                hor
     640   4.058   -47.03566    0.00004    0.00004     252       1     mtd1
     641   4.058   -47.03566    0.00004    0.00009     253       2     hor
     642   4.059   -47.03566    0.00004                                hor
     643   4.060   -47.03565    0.00004    0.00004     254       1     mtd2
     644   4.063   -47.03565    0.00004    0.00004     255       1     hor
     645   4.073   -47.03563    0.00004    0.00004     256       1     hor
     646   4.079   -47.03562    0.00004    0.00004     257       1     mtd2
     647   4.084   -47.03562    0.00004    0.00004     258       1     mtd5
     648   4.090   -47.03561    0.00004    0.00004     259       1     mtd1
     649   4.095   -47.03560    0.00004    0.00004     260       1     mtd2
     650   4.096   -47.03560    0.00004    0.00004     261       1     hor
     651   4.121   -47.03556    0.00004    0.00004     262       1     mtd2
     652   4.134   -47.03554    0.00004    0.00004     263       1     mtd11
     653   4.214   -47.03541    0.00003    0.00003     264       1     md1
     654   4.214   -47.03541    0.00003    0.00003     265       1     mtd6
     655   4.279   -47.03531    0.00003    0.00003     266       1     mtd9
     656   4.373   -47.03516    0.00003    0.00003     267       1     mtd7
     657   4.378   -47.03515    0.00003    0.00003     268       1     mtd6
     658   4.388   -47.03513    0.00003    0.00003     269       1     mtd2
     659   4.394   -47.03512    0.00003    0.00003     270       1     mtd9
     660   4.439   -47.03505    0.00002    0.00002     271       1     hor
     661   4.449   -47.03503    0.00002    0.00002     272       1     mtd9
     662   4.523   -47.03492    0.00002    0.00004     273       2     hor
     663   4.523   -47.03492    0.00002                                hor
     664   4.646   -47.03472    0.00002    0.00002     274       1     hor
     665   4.671   -47.03468    0.00002    0.00002     275       1     mtd7
     666   4.709   -47.03462    0.00001    0.00001     276       1     mtd8
     667   4.799   -47.03448    0.00001    0.00003     277       2     hor
     668   4.799   -47.03448    0.00001                                hor
     669   4.974   -47.03420    0.00001    0.00002     278       2     mtd10
     670   4.974   -47.03420    0.00001                                hor
     671   5.023   -47.03412    0.00001    0.00001     279       1     mtd7
     672   5.025   -47.03412    0.00001    0.00002     280       2     hor
     673   5.025   -47.03412    0.00001                                hor
     674   5.368   -47.03357    0.00000    0.00000     281       1     hor
     675   5.426   -47.03348    0.00000    0.00000     282       1     mtd7
     676   5.661   -47.03310    0.00000    0.00000     283       1     hor
     677   5.994   -47.03257    0.00000    0.00000     284       1     mtd14
T /K                                  :   298.15
E lowest                              :   -47.04212
ensemble average energy (kcal)        :    0.777
ensemble entropy (J/mol K, cal/mol K) :   37.235    8.899
ensemble free energy (kcal/mol)       :   -2.653
population of lowest in %             :   29.439
 number of unique conformers for further calc          284
 list of relative energies saved as "crest.energies"

 -----------------
 Wall Time Summary
 -----------------
             test MD wall time :         0h : 0m : 7s
                 MTD wall time :         0h :15m :16s
      multilevel OPT wall time :         0h :46m :32s
                  MD wall time :         0h :11m :23s
                  GC wall time :         0h : 0m :27s
--------------------
Overall wall time  : 1h :18m :45s

 CREST terminated normally.
