****************************************************************
  Sure Independence Screening and Sparsifying Operator (SISSO)  
             Version SISSO.3.3, July, 2023.                
****************************************************************

Read in data from train.dat
Read in data from SISSO.in
Property type:     1
Number of tasks:        1
Descriptor dimension:        2
Number of samples for the task(s):     36
Restarts :  0
Number of scalar features:       18
Tier of the feature space:        3
Maximal feature complexity (number of operators in a feature):        6
Unit of input primary feature, each represented by a row vector: 
    1.00
    1.00
    1.00
    1.00
    1.00
    1.00
    1.00
    1.00
    1.00
    1.00
    1.00
    1.00
    1.00
    1.00
    1.00
    1.00
    1.00
    1.00
The feature will be discarded if the minimum of the maximal abs. value in it <    0.10000E-02
The faature will be discarded if the maximum of the maximal abs. value in it >     0.10000E+06
Size of the SIS-selected (single) subspace :  10000 10000
Operators for feature construction: (+)(-)(*) (+)(-)(*) (+)(-)(*) 
Method for sparse regression:  L0        
Fitting intercept:      T
Metric for model selection: RMSE
Number of the top-ranked models to output:      100
--------------------------------------------------------------------------------

Dimension:   1
-------------------
Feature Construction (FC) starts ...
Population Standard Deviation (SD) of the task 001:   23.72424
Total number of features in the space phi00:             18
Total number of features in the space phi01:            568
Total number of features in the space phi02:         158645
Total number of features in the space phi03:     3291087383
Size of the SIS-selected subspace from phi03:      10000
Time (second) used for this FC:          552.64

Descriptor Identification (DI) starts ...
Total number of SIS-selected features from all dimensions:      10000
 
  1D descriptor: 
     d001 = ((feature14*(feature13-feature6))-((feature12+feature17)*(feature16+feature17)))    feature_ID:000001

  1D model(y=sum(ci*di)+c0): 
     coeff.(ci)_task001:     0.2900172340E+02
             c0_task001:     0.6179071250E+02
     RMSE,MaxAE_task001:     0.1136140509E+02    0.3544018036E+02

     RMSE and MaxAE of the model:  11.361405 35.440180
--------------------------------------------------------------------------------
Time (second) used for this DI:            2.80

Dimension:   2
-------------------
Feature Construction (FC) starts ...
Total number of features in the space phi00:             18
Total number of features in the space phi01:            568
Total number of features in the space phi02:         158645
Total number of features in the space phi03:     3291087383
Size of the SIS-selected subspace from phi03:      10000
Time (second) used for this FC:          553.74

Descriptor Identification (DI) starts ...
Total number of SIS-selected features from all dimensions:      20000
 
Final model/descriptor !
================================================================================
  2D descriptor: 
     d001 = (((feature3+feature9)*(feature7+feature13))-(feature16*(feature12+feature17)))    feature_ID:000089
     d002 = (((feature15-feature10)-feature10)*((feature12-feature6)*(feature14-feature17)))    feature_ID:016434

  2D model(y=sum(ci*di)+c0): 
     coeff.(ci)_task001:     0.4062739978E+02    0.2531603129E+03
             c0_task001:     0.4768827256E+02
     RMSE,MaxAE_task001:     0.7219473069E+01    0.1540087119E+02

     RMSE and MaxAE of the model:   7.219473 15.400871
================================================================================
Time (second) used for this DI:           25.46
Total time (second):         1135.57
Have a nice day !    

