****************************************************************
  Sure Independence Screening and Sparsifying Operator (SISSO)  
             Version SISSO.3.3, July, 2023.                
****************************************************************

Read in data from train.dat
Read in data from SISSO.in
Property type:     1
Number of tasks:        1
Descriptor dimension:        2
Number of samples for the task(s):     31
Restarts :  0
Number of scalar features:       21
Tier of the feature space:        3
Maximal feature complexity (number of operators in a feature):        6
Unit of input primary feature, each represented by a row vector: 
    1.00
    1.00
    1.00
    1.00
    1.00
    1.00
    1.00
    1.00
    1.00
    1.00
    1.00
    1.00
    1.00
    1.00
    1.00
    1.00
    1.00
    1.00
    1.00
    1.00
    1.00
The feature will be discarded if the minimum of the maximal abs. value in it <    0.10000E-02
The faature will be discarded if the maximum of the maximal abs. value in it >     0.10000E+06
Size of the SIS-selected (single) subspace :  10000 10000
Operators for feature construction: (+)(-)(*) (+)(-)(*) (+)(-)(*) 
Method for sparse regression:  L0        
Fitting intercept:      T
Metric for model selection: RMSE
Number of the top-ranked models to output:      100
--------------------------------------------------------------------------------

Dimension:   1
-------------------
Feature Construction (FC) starts ...
Population Standard Deviation (SD) of the task 001:   23.84020
Total number of features in the space phi00:             21
Total number of features in the space phi01:            750
Total number of features in the space phi02:         258968
Total number of features in the space phi03:     7918574257
Size of the SIS-selected subspace from phi03:      10000
Time (second) used for this FC:         1494.69

Descriptor Identification (DI) starts ...
Total number of SIS-selected features from all dimensions:      10000
 
  1D descriptor: 
     d001 = (((feature8+feature12)*(feature13-feature16))-(feature13*(feature21-feature15)))    feature_ID:000001

  1D model(y=sum(ci*di)+c0): 
     coeff.(ci)_task001:    -0.1052149906E+03
             c0_task001:     0.8817526096E+01
     RMSE,MaxAE_task001:     0.1142908348E+02    0.2624781358E+02

     RMSE and MaxAE of the model:  11.429083 26.247814
--------------------------------------------------------------------------------
Time (second) used for this DI:            0.11

Dimension:   2
-------------------
Feature Construction (FC) starts ...
Total number of features in the space phi00:             21
Total number of features in the space phi01:            750
Total number of features in the space phi02:         258968
Total number of features in the space phi03:     7918574257
Size of the SIS-selected subspace from phi03:      10000
Time (second) used for this FC:         1494.28

Descriptor Identification (DI) starts ...
Total number of SIS-selected features from all dimensions:      20000
 
Final model/descriptor !
================================================================================
  2D descriptor: 
     d001 = (((feature8+feature12)*(feature13-feature16))-(feature13*(feature21-feature15)))    feature_ID:000001
     d002 = (((feature21-feature19)-feature9)*((feature12-feature15)*(feature14*feature15)))    feature_ID:010001

  2D model(y=sum(ci*di)+c0): 
     coeff.(ci)_task001:    -0.9318413979E+02   -0.7731182408E+03
             c0_task001:     0.1248662896E+02
     RMSE,MaxAE_task001:     0.7236615150E+01    0.2370317725E+02

     RMSE and MaxAE of the model:   7.236615 23.703177
================================================================================
Time (second) used for this DI:           23.74
Total time (second):         3042.68
Have a nice day !    

