****************************************************************
  Sure Independence Screening and Sparsifying Operator (SISSO)  
             Version SISSO.3.3, July, 2023.                
****************************************************************

Read in data from train.dat
Read in data from SISSO.in
Property type:     1
Number of tasks:        1
Descriptor dimension:        2
Number of samples for the task(s):     36
Restarts :  0
Number of scalar features:       18
Tier of the feature space:        3
Maximal feature complexity (number of operators in a feature):        6
Unit of input primary feature, each represented by a row vector: 
    1.00
    1.00
    1.00
    1.00
    1.00
    1.00
    1.00
    1.00
    1.00
    1.00
    1.00
    1.00
    1.00
    1.00
    1.00
    1.00
    1.00
    1.00
The feature will be discarded if the minimum of the maximal abs. value in it <    0.10000E-02
The faature will be discarded if the maximum of the maximal abs. value in it >     0.10000E+06
Size of the SIS-selected (single) subspace :  10000 10000
Operators for feature construction: (+)(-)(*) (+)(-)(*) (+)(-)(*) 
Method for sparse regression:  L0        
Fitting intercept:      T
Metric for model selection: RMSE
Number of the top-ranked models to output:      100
--------------------------------------------------------------------------------

Dimension:   1
-------------------
Feature Construction (FC) starts ...
Population Standard Deviation (SD) of the task 001:  102.57346
Total number of features in the space phi00:             18
Total number of features in the space phi01:            560
Total number of features in the space phi02:         147992
Total number of features in the space phi03:     2960619603
Size of the SIS-selected subspace from phi03:      10000
Time (second) used for this FC:          474.77

Descriptor Identification (DI) starts ...
Total number of SIS-selected features from all dimensions:      10000
 
  1D descriptor: 
     d001 = (((feature2+feature17)-feature6)*((feature14-feature16)-(feature5-feature14)))    feature_ID:000001

  1D model(y=sum(ci*di)+c0): 
     coeff.(ci)_task001:     0.2948456651E+03
             c0_task001:     0.2743866909E+03
     RMSE,MaxAE_task001:     0.3471403967E+02    0.1195782395E+03

     RMSE and MaxAE of the model:  34.714040119.578240
--------------------------------------------------------------------------------
Time (second) used for this DI:            0.15

Dimension:   2
-------------------
Feature Construction (FC) starts ...
Total number of features in the space phi00:             18
Total number of features in the space phi01:            560
Total number of features in the space phi02:         147992
Total number of features in the space phi03:     2960619603
Size of the SIS-selected subspace from phi03:      10000
Time (second) used for this FC:          476.34

Descriptor Identification (DI) starts ...
Total number of SIS-selected features from all dimensions:      20000
 
Final model/descriptor !
================================================================================
  2D descriptor: 
     d001 = ((feature16*(feature14-feature17))+((feature14-feature3)*(feature14-feature5)))    feature_ID:000061
     d002 = (((feature13-feature15)-feature15)*((feature10-feature15)*(feature12-feature18)))    feature_ID:010001

  2D model(y=sum(ci*di)+c0): 
     coeff.(ci)_task001:     0.2917466404E+03   -0.9100769694E+03
             c0_task001:     0.3213572556E+03
     RMSE,MaxAE_task001:     0.2374304249E+02    0.6143820070E+02

     RMSE and MaxAE of the model:  23.743042 61.438201
================================================================================
Time (second) used for this DI:           25.46
Total time (second):          977.89
Have a nice day !    

