****************************************************************
  Sure Independence Screening and Sparsifying Operator (SISSO)  
             Version SISSO.3.3, July, 2023.                
****************************************************************

Read in data from train.dat
Read in data from SISSO.in
Property type:     1
Number of tasks:        1
Descriptor dimension:        2
Number of samples for the task(s):     36
Restarts :  0
Number of scalar features:       21
Tier of the feature space:        3
Maximal feature complexity (number of operators in a feature):        6
Unit of input primary feature, each represented by a row vector: 
    1.00
    1.00
    1.00
    1.00
    1.00
    1.00
    1.00
    1.00
    1.00
    1.00
    1.00
    1.00
    1.00
    1.00
    1.00
    1.00
    1.00
    1.00
    1.00
    1.00
    1.00
The feature will be discarded if the minimum of the maximal abs. value in it <    0.10000E-02
The faature will be discarded if the maximum of the maximal abs. value in it >     0.10000E+06
Size of the SIS-selected (single) subspace :  10000 10000
Operators for feature construction: (+)(-)(*) (+)(-)(*) (+)(-)(*) 
Method for sparse regression:  L0        
Fitting intercept:      T
Metric for model selection: RMSE
Number of the top-ranked models to output:      100
--------------------------------------------------------------------------------

Dimension:   1
-------------------
Feature Construction (FC) starts ...
Population Standard Deviation (SD) of the task 001:   21.75341
Total number of features in the space phi00:             21
Total number of features in the space phi01:            787
Total number of features in the space phi02:         316879
Total number of features in the space phi03:    10874798739
Size of the SIS-selected subspace from phi03:      10000
Time (second) used for this FC:         1995.13

Descriptor Identification (DI) starts ...
Total number of SIS-selected features from all dimensions:      10000
 
  1D descriptor: 
     d001 = ((feature20*(feature12+feature21))+((feature6-feature10)*(feature14+feature18)))    feature_ID:000001

  1D model(y=sum(ci*di)+c0): 
     coeff.(ci)_task001:    -0.3825789099E+02
             c0_task001:     0.3739097479E+02
     RMSE,MaxAE_task001:     0.1101504336E+02    0.2942993788E+02

     RMSE and MaxAE of the model:  11.015043 29.429938
--------------------------------------------------------------------------------
Time (second) used for this DI:            0.09

Dimension:   2
-------------------
Feature Construction (FC) starts ...
Total number of features in the space phi00:             21
Total number of features in the space phi01:            787
Total number of features in the space phi02:         316879
Total number of features in the space phi03:    10874798739
Size of the SIS-selected subspace from phi03:      10000
Time (second) used for this FC:         1988.61

Descriptor Identification (DI) starts ...
Total number of SIS-selected features from all dimensions:      20000
 
Final model/descriptor !
================================================================================
  2D descriptor: 
     d001 = (((feature10+feature14)-feature20)*((feature12-feature14)+(feature12-feature21)))    feature_ID:008200
     d002 = ((feature13*(feature10-feature17))*((feature10*feature16)-(feature15*feature17)))    feature_ID:017508

  2D model(y=sum(ci*di)+c0): 
     coeff.(ci)_task001:    -0.3457391329E+02    0.1094739192E+04
             c0_task001:     0.3036905584E+02
     RMSE,MaxAE_task001:     0.6451520447E+01    0.1528438808E+02

     RMSE and MaxAE of the model:   6.451520 15.284388
================================================================================
Time (second) used for this DI:           25.47
Total time (second):         4010.01
Have a nice day !    

