
       ==============================================
       |                                            |
       |                 C R E S T                  |
       |                                            |
       |  Conformer-Rotamer Ensemble Sampling Tool  |
       |          based on the GFN methods          |
       |             P.Pracht, S.Grimme             |
       |          Universitaet Bonn, MCTC           |
       ==============================================
       Version 2.12,   Thu 19. Mai 16:32:32 CEST 2022
  Using the xTB program. Compatible with xTB version 6.4.0

   Cite work conducted with this code as

   • P.Pracht, F.Bohle, S.Grimme, PCCP, 2020, 22, 7169-7192.
   • S.Grimme, JCTC, 2019, 15, 2847-2862.

   and for works involving QCG as

   • S.Spicher, C.Plett, P.Pracht, A.Hansen, S.Grimme,
     JCTC, 2022, 18 (5), 3174-3189.

   with help from:
   C.Bannwarth, F.Bohle, S.Ehlert, S.Grimme,
   C.Plett, P.Pracht, S.Spicher

   This program is distributed in the hope that it will be useful,
   but WITHOUT ANY WARRANTY; without even the implied warranty of
   MERCHANTABILITY or FITNESS FOR A PARTICULAR PURPOSE.

 Command line input:
 > crest out.xyz --gfn 2 --chrg 0 -T 1 --noreftopo

  -gfn2 : Use of GFN2-xTB requested.
  --chrg 0
  -T 1 (CPUs/Threads selected)

 -------------------------
 xTB Geometry Optimization
 -------------------------
 Geometry successfully optimized.

------------------------------------------------
Generating MTD length from a flexibility measure
------------------------------------------------
 Calculating WBOs... done.
 Calculating NCI flexibility... done.
     covalent flexibility measure :   0.494
 non-covalent flexibility measure :   0.763
 flexibility measure :   0.516
 t(MTD) / ps    :     6.0
 Σ(t(MTD)) / ps :    84.0 (14 MTDs)

-------------------------------------
Starting a trial MTD to test settings
-------------------------------------
 Estimated runtime for one MTD (6.0 ps) on a single thread: 20 min 41 sec
 Estimated runtime for a batch of 14 MTDs on 1 threads: 4 h 49 min 38 sec

 list of Vbias parameters applied:
$metadyn    0.00300   1.300
$metadyn    0.00150   1.300
$metadyn    0.00075   1.300
$metadyn    0.00300   0.780
$metadyn    0.00150   0.780
$metadyn    0.00075   0.780
$metadyn    0.00300   0.468
$metadyn    0.00150   0.468
$metadyn    0.00075   0.468
$metadyn    0.00300   0.281
$metadyn    0.00150   0.281
$metadyn    0.00075   0.281
$metadyn    0.00100   0.100
$metadyn    0.00500   0.800

*******************************************************************************************
**                        N E W    I T E R A T I O N    C Y C L E                        **
*******************************************************************************************

========================================
            MTD Iteration  1
========================================

     ========================================
     |         Meta-MD (MTD) Sampling       |
     ========================================

Starting Meta-MD  14 with the settings:
     MD time /ps        :     6.0
     dt /fs             :     5.0
     dumpstep(trj) /fs  :     100
     dumpstep(Vbias)/ps :     1.0
     Vbias factor k /Eh :  0.1000
     Vbias exp α /bohr⁻²:    0.80
*Meta-MTD 14 finished*
Starting Meta-MD  13 with the settings:
     MD time /ps        :     6.0
     dt /fs             :     5.0
     dumpstep(trj) /fs  :     100
     dumpstep(Vbias)/ps :     1.0
     Vbias factor k /Eh :  0.0200
     Vbias exp α /bohr⁻²:    0.10
*Meta-MTD 13 finished*
Starting Meta-MD  12 with the settings:
     MD time /ps        :     6.0
     dt /fs             :     5.0
     dumpstep(trj) /fs  :     100
     dumpstep(Vbias)/ps :     1.0
     Vbias factor k /Eh :  0.0150
     Vbias exp α /bohr⁻²:    0.28
*Meta-MTD 12 finished*
Starting Meta-MD  11 with the settings:
     MD time /ps        :     6.0
     dt /fs             :     5.0
     dumpstep(trj) /fs  :     100
     dumpstep(Vbias)/ps :     1.0
     Vbias factor k /Eh :  0.0300
     Vbias exp α /bohr⁻²:    0.28
*Meta-MTD 11 finished*
Starting Meta-MD  10 with the settings:
     MD time /ps        :     6.0
     dt /fs             :     5.0
     dumpstep(trj) /fs  :     100
     dumpstep(Vbias)/ps :     1.0
     Vbias factor k /Eh :  0.0600
     Vbias exp α /bohr⁻²:    0.28
*Meta-MTD 10 finished*
Starting Meta-MD   9 with the settings:
     MD time /ps        :     6.0
     dt /fs             :     5.0
     dumpstep(trj) /fs  :     100
     dumpstep(Vbias)/ps :     1.0
     Vbias factor k /Eh :  0.0150
     Vbias exp α /bohr⁻²:    0.47
*Meta-MTD 9 finished*
Starting Meta-MD   8 with the settings:
     MD time /ps        :     6.0
     dt /fs             :     5.0
     dumpstep(trj) /fs  :     100
     dumpstep(Vbias)/ps :     1.0
     Vbias factor k /Eh :  0.0300
     Vbias exp α /bohr⁻²:    0.47
*Meta-MTD 8 finished*
Starting Meta-MD   7 with the settings:
     MD time /ps        :     6.0
     dt /fs             :     5.0
     dumpstep(trj) /fs  :     100
     dumpstep(Vbias)/ps :     1.0
     Vbias factor k /Eh :  0.0600
     Vbias exp α /bohr⁻²:    0.47
*Meta-MTD 7 finished*
Starting Meta-MD   6 with the settings:
     MD time /ps        :     6.0
     dt /fs             :     5.0
     dumpstep(trj) /fs  :     100
     dumpstep(Vbias)/ps :     1.0
     Vbias factor k /Eh :  0.0150
     Vbias exp α /bohr⁻²:    0.78
*Meta-MTD 6 finished*
Starting Meta-MD   5 with the settings:
     MD time /ps        :     6.0
     dt /fs             :     5.0
     dumpstep(trj) /fs  :     100
     dumpstep(Vbias)/ps :     1.0
     Vbias factor k /Eh :  0.0300
     Vbias exp α /bohr⁻²:    0.78
*Meta-MTD 5 finished*
Starting Meta-MD   4 with the settings:
     MD time /ps        :     6.0
     dt /fs             :     5.0
     dumpstep(trj) /fs  :     100
     dumpstep(Vbias)/ps :     1.0
     Vbias factor k /Eh :  0.0600
     Vbias exp α /bohr⁻²:    0.78
*Meta-MTD 4 finished*
Starting Meta-MD   3 with the settings:
     MD time /ps        :     6.0
     dt /fs             :     5.0
     dumpstep(trj) /fs  :     100
     dumpstep(Vbias)/ps :     1.0
     Vbias factor k /Eh :  0.0150
     Vbias exp α /bohr⁻²:    1.30
*Meta-MTD 3 finished*
Starting Meta-MD   2 with the settings:
     MD time /ps        :     6.0
     dt /fs             :     5.0
     dumpstep(trj) /fs  :     100
     dumpstep(Vbias)/ps :     1.0
     Vbias factor k /Eh :  0.0300
     Vbias exp α /bohr⁻²:    1.30
*Meta-MTD 2 finished*
Starting Meta-MD   1 with the settings:
     MD time /ps        :     6.0
     dt /fs             :     5.0
     dumpstep(trj) /fs  :     100
     dumpstep(Vbias)/ps :     1.0
     Vbias factor k /Eh :  0.0600
     Vbias exp α /bohr⁻²:    1.30
*Meta-MTD 1 finished*

-----------------------
Multilevel Optimization
-----------------------

 -------------------------
 1. crude pre-optimization
 -------------------------
 Optimizing all 826 structures from file "crest_rotamers_0.xyz" ...
 1 2 3 4 5 6 7 8 9 10 11 12 13 14 15 16 17 18 19 20 21 22 23 24 25 26 27 28 29 30 31 32 33 34 35 36 37 38 39 40 41 42 43 44 45 46 47 48 49 50 51 52 53 54 55 56 57 58 59 60 61 62 63 64 65 66 67 68 69 70 71 72 73 74 75 76 77 78 79 80 81 82 83 84 85 86 87 88 89 90 91 92 93 94 95 96 97 98 99 100 101 102 103 104 105 106 107 108 109 110 111 112 113 114 115 116 117 118 119 120 121 122 123 124 125 126 127 128 129 130 131 132 133 134 135 136 137 138 139 140 141 142 143 144 145 146 147 148 149 150 151 152 153 154 155 156 157 158 159 160 161 162 163 164 165 166 167 168 169 170 171 172 173 174 175 176 177 178 179 180 181 182 183 184 185 186 187 188 189 190 191 192 193 194 195 196 197 198 199 200 201 202 203 204 205 206 207 208 209 210 211 212 213 214 215 216 217 218 219 220 221 222 223 224 225 226 227 228 229 230 231 232 233 234 235 236 237 238 239 240 241 242 243 244 245 246 247 248 249 250 251 252 253 254 255 256 257 258 259 260 261 262 263 264 265 266 267 268 269 270 271 272 273 274 275 276 277 278 279 280 281 282 283 284 285 286 287 288 289 290 291 292 293 294 295 296 297 298 299 300 301 302 303 304 305 306 307 308 309 310 311 312 313 314 315 316 317 318 319 320 321 322 323 324 325 326 327 328 329 330 331 332 333 334 335 336 337 338 339 340 341 342 343 344 345 346 347 348 349 350 351 352 353 354 355 356 357 358 359 360 361 362 363 364 365 366 367 368 369 370 371 372 373 374 375 376 377 378 379 380 381 382 383 384 385 386 387 388 389 390 391 392 393 394 395 396 397 398 399 400 401 402 403 404 405 406 407 408 409 410 411 412 413 414 415 416 417 418 419 420 421 422 423 424 425 426 427 428 429 430 431 432 433 434 435 436 437 438 439 440 441 442 443 444 445 446 447 448 449 450 451 452 453 454 455 456 457 458 459 460 461 462 463 464 465 466 467 468 469 470 471 472 473 474 475 476 477 478 479 480 481 482 483 484 485 486 487 488 489 490 491 492 493 494 495 496 497 498 499 500 501 502 503 504 505 506 507 508 509 510 511 512 513 514 515 516 517 518 519 520 521 522 523 524 525 526 527 528 529 530 531 532 533 534 535 536 537 538 539 540 541 542 543 544 545 546 547 548 549 550 551 552 553 554 555 556 557 558 559 560 561 562 563 564 565 566 567 568 569 570 571 572 573 574 575 576 577 578 579 580 581 582 583 584 585 586 587 588 589 590 591 592 593 594 595 596 597 598 599 600 601 602 603 604 605 606 607 608 609 610 611 612 613 614 615 616 617 618 619 620 621 622 623 624 625 626 627 628 629 630 631 632 633 634 635 636 637 638 639 640 641 642 643 644 645 646 647 648 649 650 651 652 653 654 655 656 657 658 659 660 661 662 663 664 665 666 667 668 669 670 671 672 673 674 675 676 677 678 679 680 681 682 683 684 685 686 687 688 689 690 691 692 693 694 695 696 697 698 699 700 701 702 703 704 705 706 707 708 709 710 711 712 713 714 715 716 717 718 719 720 721 722 723 724 725 726 727 728 729 730 731 732 733 734 735 736 737 738 739 740 741 742 743 744 745 746 747 748 749 750 751 752 753 754 755 756 757 758 759 760 761 762 763 764 765 766 767 768 769 770 771 772 773 774 775 776 777 778 779 780 781 782 783 784 785 786 787 788 789 790 791 792 793 794 795 796 797 798 799 800 801 802 803 804 805 806 807 808 809 810 811 812 813 814 815 816 817 818 819 820 821 822 823 824 825 826
 done.
 running RMSDs...
 done.
 E lowest :   -32.59159
 646 structures remain within    12.00 kcal/mol window

 -------------------------------------
 2. optimization with tight thresholds
 -------------------------------------
 Optimizing all 647 structures from file "crest_rotamers_1.xyz" ...
 1 2 3 4 5 6 7 8 9 10 11 12 13 14 15 16 17 18 19 20 21 22 23 24 25 26 27 28 29 30 31 32 33 34 35 36 37 38 39 40 41 42 43 44 45 46 47 48 49 50 51 52 53 54 55 56 57 58 59 60 61 62 63 64 65 66 67 68 69 70 71 72 73 74 75 76 77 78 79 80 81 82 83 84 85 86 87 88 89 90 91 92 93 94 95 96 97 98 99 100 101 102 103 104 105 106 107 108 109 110 111 112 113 114 115 116 117 118 119 120 121 122 123 124 125 126 127 128 129 130 131 132 133 134 135 136 137 138 139 140 141 142 143 144 145 146 147 148 149 150 151 152 153 154 155 156 157 158 159 160 161 162 163 164 165 166 167 168 169 170 171 172 173 174 175 176 177 178 179 180 181 182 183 184 185 186 187 188 189 190 191 192 193 194 195 196 197 198 199 200 201 202 203 204 205 206 207 208 209 210 211 212 213 214 215 216 217 218 219 220 221 222 223 224 225 226 227 228 229 230 231 232 233 234 235 236 237 238 239 240 241 242 243 244 245 246 247 248 249 250 251 252 253 254 255 256 257 258 259 260 261 262 263 264 265 266 267 268 269 270 271 272 273 274 275 276 277 278 279 280 281 282 283 284 285 286 287 288 289 290 291 292 293 294 295 296 297 298 299 300 301 302 303 304 305 306 307 308 309 310 311 312 313 314 315 316 317 318 319 320 321 322 323 324 325 326 327 328 329 330 331 332 333 334 335 336 337 338 339 340 341 342 343 344 345 346 347 348 349 350 351 352 353 354 355 356 357 358 359 360 361 362 363 364 365 366 367 368 369 370 371 372 373 374 375 376 377 378 379 380 381 382 383 384 385 386 387 388 389 390 391 392 393 394 395 396 397 398 399 400 401 402 403 404 405 406 407 408 409 410 411 412 413 414 415 416 417 418 419 420 421 422 423 424 425 426 427 428 429 430 431 432 433 434 435 436 437 438 439 440 441 442 443 444 445 446 447 448 449 450 451 452 453 454 455 456 457 458 459 460 461 462 463 464 465 466 467 468 469 470 471 472 473 474 475 476 477 478 479 480 481 482 483 484 485 486 487 488 489 490 491 492 493 494 495 496 497 498 499 500 501 502 503 504 505 506 507 508 509 510 511 512 513 514 515 516 517 518 519 520 521 522 523 524 525 526 527 528 529 530 531 532 533 534 535 536 537 538 539 540 541 542 543 544 545 546 547 548 549 550 551 552 553 554 555 556 557 558 559 560 561 562 563 564 565 566 567 568 569 570 571 572 573 574 575 576 577 578 579 580 581 582 583 584 585 586 587 588 589 590 591 592 593 594 595 596 597 598 599 600 601 602 603 604 605 606 607 608 609 610 611 612 613 614 615 616 617 618 619 620 621 622 623 624 625 626 627 628 629 630 631 632 633 634 635 636 637 638 639 640 641 642 643 644 645 646 647
 done.
 running RMSDs...
 done.
 E lowest :   -32.59168
 154 structures remain within     6.00 kcal/mol window


========================================
            MTD Iteration  2
========================================

     ========================================
     |         Meta-MD (MTD) Sampling       |
     ========================================

Starting Meta-MD  12 with the settings:
     MD time /ps        :     6.0
     dt /fs             :     5.0
     dumpstep(trj) /fs  :     100
     dumpstep(Vbias)/ps :     1.0
     Vbias factor k /Eh :  0.0150
     Vbias exp α /bohr⁻²:    0.28
*Meta-MTD 12 finished*
Starting Meta-MD  11 with the settings:
     MD time /ps        :     6.0
     dt /fs             :     5.0
     dumpstep(trj) /fs  :     100
     dumpstep(Vbias)/ps :     1.0
     Vbias factor k /Eh :  0.0300
     Vbias exp α /bohr⁻²:    0.28
*Meta-MTD 11 finished*
Starting Meta-MD  10 with the settings:
     MD time /ps        :     6.0
     dt /fs             :     5.0
     dumpstep(trj) /fs  :     100
     dumpstep(Vbias)/ps :     1.0
     Vbias factor k /Eh :  0.0600
     Vbias exp α /bohr⁻²:    0.28
*Meta-MTD 10 finished*
Starting Meta-MD   9 with the settings:
     MD time /ps        :     6.0
     dt /fs             :     5.0
     dumpstep(trj) /fs  :     100
     dumpstep(Vbias)/ps :     1.0
     Vbias factor k /Eh :  0.0150
     Vbias exp α /bohr⁻²:    0.47
*Meta-MTD 9 finished*
Starting Meta-MD   8 with the settings:
     MD time /ps        :     6.0
     dt /fs             :     5.0
     dumpstep(trj) /fs  :     100
     dumpstep(Vbias)/ps :     1.0
     Vbias factor k /Eh :  0.0300
     Vbias exp α /bohr⁻²:    0.47
*Meta-MTD 8 finished*
Starting Meta-MD   7 with the settings:
     MD time /ps        :     6.0
     dt /fs             :     5.0
     dumpstep(trj) /fs  :     100
     dumpstep(Vbias)/ps :     1.0
     Vbias factor k /Eh :  0.0600
     Vbias exp α /bohr⁻²:    0.47
*Meta-MTD 7 finished*
Starting Meta-MD   6 with the settings:
     MD time /ps        :     6.0
     dt /fs             :     5.0
     dumpstep(trj) /fs  :     100
     dumpstep(Vbias)/ps :     1.0
     Vbias factor k /Eh :  0.0150
     Vbias exp α /bohr⁻²:    0.78
*Meta-MTD 6 finished*
Starting Meta-MD   5 with the settings:
     MD time /ps        :     6.0
     dt /fs             :     5.0
     dumpstep(trj) /fs  :     100
     dumpstep(Vbias)/ps :     1.0
     Vbias factor k /Eh :  0.0300
     Vbias exp α /bohr⁻²:    0.78
*Meta-MTD 5 finished*
Starting Meta-MD   4 with the settings:
     MD time /ps        :     6.0
     dt /fs             :     5.0
     dumpstep(trj) /fs  :     100
     dumpstep(Vbias)/ps :     1.0
     Vbias factor k /Eh :  0.0600
     Vbias exp α /bohr⁻²:    0.78
*Meta-MTD 4 finished*
Starting Meta-MD   3 with the settings:
     MD time /ps        :     6.0
     dt /fs             :     5.0
     dumpstep(trj) /fs  :     100
     dumpstep(Vbias)/ps :     1.0
     Vbias factor k /Eh :  0.0150
     Vbias exp α /bohr⁻²:    1.30
*Meta-MTD 3 finished*
Starting Meta-MD   2 with the settings:
     MD time /ps        :     6.0
     dt /fs             :     5.0
     dumpstep(trj) /fs  :     100
     dumpstep(Vbias)/ps :     1.0
     Vbias factor k /Eh :  0.0300
     Vbias exp α /bohr⁻²:    1.30
*Meta-MTD 2 finished*
Starting Meta-MD   1 with the settings:
     MD time /ps        :     6.0
     dt /fs             :     5.0
     dumpstep(trj) /fs  :     100
     dumpstep(Vbias)/ps :     1.0
     Vbias factor k /Eh :  0.0600
     Vbias exp α /bohr⁻²:    1.30
*Meta-MTD 1 finished*

-----------------------
Multilevel Optimization
-----------------------

 -------------------------
 1. crude pre-optimization
 -------------------------
 Optimizing all 708 structures from file "crest_rotamers_0.xyz" ...
 1 2 3 4 5 6 7 8 9 10 11 12 13 14 15 16 17 18 19 20 21 22 23 24 25 26 27 28 29 30 31 32 33 34 35 36 37 38 39 40 41 42 43 44 45 46 47 48 49 50 51 52 53 54 55 56 57 58 59 60 61 62 63 64 65 66 67 68 69 70 71 72 73 74 75 76 77 78 79 80 81 82 83 84 85 86 87 88 89 90 91 92 93 94 95 96 97 98 99 100 101 102 103 104 105 106 107 108 109 110 111 112 113 114 115 116 117 118 119 120 121 122 123 124 125 126 127 128 129 130 131 132 133 134 135 136 137 138 139 140 141 142 143 144 145 146 147 148 149 150 151 152 153 154 155 156 157 158 159 160 161 162 163 164 165 166 167 168 169 170 171 172 173 174 175 176 177 178 179 180 181 182 183 184 185 186 187 188 189 190 191 192 193 194 195 196 197 198 199 200 201 202 203 204 205 206 207 208 209 210 211 212 213 214 215 216 217 218 219 220 221 222 223 224 225 226 227 228 229 230 231 232 233 234 235 236 237 238 239 240 241 242 243 244 245 246 247 248 249 250 251 252 253 254 255 256 257 258 259 260 261 262 263 264 265 266 267 268 269 270 271 272 273 274 275 276 277 278 279 280 281 282 283 284 285 286 287 288 289 290 291 292 293 294 295 296 297 298 299 300 301 302 303 304 305 306 307 308 309 310 311 312 313 314 315 316 317 318 319 320 321 322 323 324 325 326 327 328 329 330 331 332 333 334 335 336 337 338 339 340 341 342 343 344 345 346 347 348 349 350 351 352 353 354 355 356 357 358 359 360 361 362 363 364 365 366 367 368 369 370 371 372 373 374 375 376 377 378 379 380 381 382 383 384 385 386 387 388 389 390 391 392 393 394 395 396 397 398 399 400 401 402 403 404 405 406 407 408 409 410 411 412 413 414 415 416 417 418 419 420 421 422 423 424 425 426 427 428 429 430 431 432 433 434 435 436 437 438 439 440 441 442 443 444 445 446 447 448 449 450 451 452 453 454 455 456 457 458 459 460 461 462 463 464 465 466 467 468 469 470 471 472 473 474 475 476 477 478 479 480 481 482 483 484 485 486 487 488 489 490 491 492 493 494 495 496 497 498 499 500 501 502 503 504 505 506 507 508 509 510 511 512 513 514 515 516 517 518 519 520 521 522 523 524 525 526 527 528 529 530 531 532 533 534 535 536 537 538 539 540 541 542 543 544 545 546 547 548 549 550 551 552 553 554 555 556 557 558 559 560 561 562 563 564 565 566 567 568 569 570 571 572 573 574 575 576 577 578 579 580 581 582 583 584 585 586 587 588 589 590 591 592 593 594 595 596 597 598 599 600 601 602 603 604 605 606 607 608 609 610 611 612 613 614 615 616 617 618 619 620 621 622 623 624 625 626 627 628 629 630 631 632 633 634 635 636 637 638 639 640 641 642 643 644 645 646 647 648 649 650 651 652 653 654 655 656 657 658 659 660 661 662 663 664 665 666 667 668 669 670 671 672 673 674 675 676 677 678 679 680 681 682 683 684 685 686 687 688 689 690 691 692 693 694 695 696 697 698 699 700 701 702 703 704 705 706 707 708
 done.
 running RMSDs...
 done.
 E lowest :   -32.59161
 512 structures remain within    12.00 kcal/mol window

 -------------------------------------
 2. optimization with tight thresholds
 -------------------------------------
 Optimizing all 513 structures from file "crest_rotamers_1.xyz" ...
 1 2 3 4 5 6 7 8 9 10 11 12 13 14 15 16 17 18 19 20 21 22 23 24 25 26 27 28 29 30 31 32 33 34 35 36 37 38 39 40 41 42 43 44 45 46 47 48 49 50 51 52 53 54 55 56 57 58 59 60 61 62 63 64 65 66 67 68 69 70 71 72 73 74 75 76 77 78 79 80 81 82 83 84 85 86 87 88 89 90 91 92 93 94 95 96 97 98 99 100 101 102 103 104 105 106 107 108 109 110 111 112 113 114 115 116 117 118 119 120 121 122 123 124 125 126 127 128 129 130 131 132 133 134 135 136 137 138 139 140 141 142 143 144 145 146 147 148 149 150 151 152 153 154 155 156 157 158 159 160 161 162 163 164 165 166 167 168 169 170 171 172 173 174 175 176 177 178 179 180 181 182 183 184 185 186 187 188 189 190 191 192 193 194 195 196 197 198 199 200 201 202 203 204 205 206 207 208 209 210 211 212 213 214 215 216 217 218 219 220 221 222 223 224 225 226 227 228 229 230 231 232 233 234 235 236 237 238 239 240 241 242 243 244 245 246 247 248 249 250 251 252 253 254 255 256 257 258 259 260 261 262 263 264 265 266 267 268 269 270 271 272 273 274 275 276 277 278 279 280 281 282 283 284 285 286 287 288 289 290 291 292 293 294 295 296 297 298 299 300 301 302 303 304 305 306 307 308 309 310 311 312 313 314 315 316 317 318 319 320 321 322 323 324 325 326 327 328 329 330 331 332 333 334 335 336 337 338 339 340 341 342 343 344 345 346 347 348 349 350 351 352 353 354 355 356 357 358 359 360 361 362 363 364 365 366 367 368 369 370 371 372 373 374 375 376 377 378 379 380 381 382 383 384 385 386 387 388 389 390 391 392 393 394 395 396 397 398 399 400 401 402 403 404 405 406 407 408 409 410 411 412 413 414 415 416 417 418 419 420 421 422 423 424 425 426 427 428 429 430 431 432 433 434 435 436 437 438 439 440 441 442 443 444 445 446 447 448 449 450 451 452 453 454 455 456 457 458 459 460 461 462 463 464 465 466 467 468 469 470 471 472 473 474 475 476 477 478 479 480 481 482 483 484 485 486 487 488 489 490 491 492 493 494 495 496 497 498 499 500 501 502 503 504 505 506 507 508 509 510 511 512 513
 done.
 running RMSDs...
 done.
 E lowest :   -32.59168
 125 structures remain within     6.00 kcal/mol window

========================================
            MTD Iterations done         
========================================
 Collecting ensmbles.
 running RMSDs...
 done.
 E lowest :   -32.59168
 228 structures remain within     6.00 kcal/mol window

 -------------------------------
 Additional orientation sampling
 -------------------------------
 Optimizing all 180 structures from file "oh_ensemble.xyz" ...
 1 2 3 4 5 6 7 8 9 10 11 12 13 14 15 16 17 18 19 20 21 22 23 24 25 26 27 28 29 30 31 32 33 34 35 36 37 38 39 40 41 42 43 44 45 46 47 48 49 50 51 52 53 54 55 56 57 58 59 60 61 62 63 64 65 66 67 68 69 70 71 72 73 74 75 76 77 78 79 80 81 82 83 84 85 86 87 88 89 90 91 92 93 94 95 96 97 98 99 100 101 102 103 104 105 106 107 108 109 110 111 112 113 114 115 116 117 118 119 120 121 122 123 124 125 126 127 128 129 130 131 132 133 134 135 136 137 138 139 140 141 142 143 144 145 146 147 148 149 150 151 152 153 154 155 156 157 158 159 160 161 162 163 164 165 166 167 168 169 170 171 172 173 174 175 176 177 178 179 180
 done.
 running RMSDs...
 done.
 E lowest :   -32.59168
 244 structures remain within     6.00 kcal/mol window

-----------------------------------------------
Additional regular MDs on lowest 4 conformer(s)
-----------------------------------------------
Starting MD   8 with the settings:
     MD time /ps        :     3.0
     MD Temperature /K  :   500.0
     dt /fs             :     5.0
     dumpstep(trj) /fs  :     100
*MD 8 finished*
Starting MD   7 with the settings:
     MD time /ps        :     3.0
     MD Temperature /K  :   400.0
     dt /fs             :     5.0
     dumpstep(trj) /fs  :     100
*MD 7 finished*
Starting MD   6 with the settings:
     MD time /ps        :     3.0
     MD Temperature /K  :   500.0
     dt /fs             :     5.0
     dumpstep(trj) /fs  :     100
*MD 6 finished*
Starting MD   5 with the settings:
     MD time /ps        :     3.0
     MD Temperature /K  :   400.0
     dt /fs             :     5.0
     dumpstep(trj) /fs  :     100
*MD 5 finished*
Starting MD   4 with the settings:
     MD time /ps        :     3.0
     MD Temperature /K  :   500.0
     dt /fs             :     5.0
     dumpstep(trj) /fs  :     100
*MD 4 finished*
Starting MD   3 with the settings:
     MD time /ps        :     3.0
     MD Temperature /K  :   400.0
     dt /fs             :     5.0
     dumpstep(trj) /fs  :     100
*MD 3 finished*
Starting MD   2 with the settings:
     MD time /ps        :     3.0
     MD Temperature /K  :   500.0
     dt /fs             :     5.0
     dumpstep(trj) /fs  :     100
*MD 2 finished*
Starting MD   1 with the settings:
     MD time /ps        :     3.0
     MD Temperature /K  :   400.0
     dt /fs             :     5.0
     dumpstep(trj) /fs  :     100
*MD 1 finished*
 Appending file crest_rotamers_2.xyz with new structures

 -------------------------------------------
 Ensemble optimization with tight thresholds
 -------------------------------------------
 Optimizing all 476 structures from file "crest_rotamers_2.xyz" ...
 1 2 3 4 5 6 7 8 9 10 11 12 13 14 15 16 17 18 19 20 21 22 23 24 25 26 27 28 29 30 31 32 33 34 35 36 37 38 39 40 41 42 43 44 45 46 47 48 49 50 51 52 53 54 55 56 57 58 59 60 61 62 63 64 65 66 67 68 69 70 71 72 73 74 75 76 77 78 79 80 81 82 83 84 85 86 87 88 89 90 91 92 93 94 95 96 97 98 99 100 101 102 103 104 105 106 107 108 109 110 111 112 113 114 115 116 117 118 119 120 121 122 123 124 125 126 127 128 129 130 131 132 133 134 135 136 137 138 139 140 141 142 143 144 145 146 147 148 149 150 151 152 153 154 155 156 157 158 159 160 161 162 163 164 165 166 167 168 169 170 171 172 173 174 175 176 177 178 179 180 181 182 183 184 185 186 187 188 189 190 191 192 193 194 195 196 197 198 199 200 201 202 203 204 205 206 207 208 209 210 211 212 213 214 215 216 217 218 219 220 221 222 223 224 225 226 227 228 229 230 231 232 233 234 235 236 237 238 239 240 241 242 243 244 245 246 247 248 249 250 251 252 253 254 255 256 257 258 259 260 261 262 263 264 265 266 267 268 269 270 271 272 273 274 275 276 277 278 279 280 281 282 283 284 285 286 287 288 289 290 291 292 293 294 295 296 297 298 299 300 301 302 303 304 305 306 307 308 309 310 311 312 313 314 315 316 317 318 319 320 321 322 323 324 325 326 327 328 329 330 331 332 333 334 335 336 337 338 339 340 341 342 343 344 345 346 347 348 349 350 351 352 353 354 355 356 357 358 359 360 361 362 363 364 365 366 367 368 369 370 371 372 373 374 375 376 377 378 379 380 381 382 383 384 385 386 387 388 389 390 391 392 393 394 395 396 397 398 399 400 401 402 403 404 405 406 407 408 409 410 411 412 413 414 415 416 417 418 419 420 421 422 423 424 425 426 427 428 429 430 431 432 433 434 435 436 437 438 439 440 441 442 443 444 445 446 447 448 449 450 451 452 453 454 455 456 457 458 459 460 461 462 463 464 465 466 467 468 469 470 471 472 473 474 475 476
 done.
 running RMSDs...
 done.
 E lowest :   -32.59168
 252 structures remain within     6.00 kcal/mol window


     ========================================
     |        Structure Crossing (GC)       |
     ========================================
 =============================
  # threads =           1
 =============================
 input  file name : crest_rotamers_4.xyz
number of atoms                :    20
number of points on xyz files  :   252
conformer energy window  /kcal :    6.00
CN per atom difference cut-off :  0.3000
RMSD threshold                 :  0.2500
max. # of generated structures : 300
 reading xyz file ...
 # in E window                252
 generating pairs ...       31877
  39.7 % done
  79.4 % done
 generated pairs           :        1955
 number of clash discarded :       29671
 average rmsd w.r.t input  : 1.93221
 sd of ensemble            : 0.67891
 number of new structures      :         251
 removed identical structures  :         349
 writing          251  TMPCONF* dirs ...
 --------------------------
 GC: loose pre-optimization
 --------------------------
 Starting optimization of generated structures
 251 jobs to do.
 1 2 3 4 5 6 7 8 9 10 11 12 13 14 15 16 17 18 19 20 21 22 23 24 25 26 27 28 29 30 31 32 33 34 35 36 37 38 39 40 41 42 43 44 45 46 47 48 49 50 51 52 53 54 55 56 57 58 59 60 61 62 63 64 65 66 67 68 69 70 71 72 73 74 75 76 77 78 79 80 81 82 83 84 85 86 87 88 89 90 91 92 93 94 95 96 97 98 99 100 101 102 103 104 105 106 107 108 109 110 111 112 113 114 115 116 117 118 119 120 121 122 123 124 125 126 127 128 129 130 131 132 133 134 135 136 137 138 139 140 141 142 143 144 145 146 147 148 149 150 151 152 153 154 155 156 157 158 159 160 161 162 163 164 165 166 167 168 169 170 171 172 173 174 175 176 177 178 179 180 181 182 183 184 185 186 187 188 189 190 191 192 193 194 195 196 197 198 199 200 201 202 203 204 205 206 207 208 209 210 211 212 213 214 215 216 217 218 219 220 221 222 223 224 225 226 227 228 229 230 231 232 233 234 235 236 237 238 239 240 241 242 243 244 245 246 247 248 249 250 251 
 done.
 Now appending opt.xyz file with new structures
 running RMSDs...
 done.
 E lowest :   -32.59167
 154 structures remain within    10.00 kcal/mol window
 --------------------------------------
 GC: optimization with tight thresholds
 --------------------------------------
 Optimizing all 154 structures from file "crest_rotamers_1.xyz" ...
 1 2 3 4 5 6 7 8 9 10 11 12 13 14 15 16 17 18 19 20 21 22 23 24 25 26 27 28 29 30 31 32 33 34 35 36 37 38 39 40 41 42 43 44 45 46 47 48 49 50 51 52 53 54 55 56 57 58 59 60 61 62 63 64 65 66 67 68 69 70 71 72 73 74 75 76 77 78 79 80 81 82 83 84 85 86 87 88 89 90 91 92 93 94 95 96 97 98 99 100 101 102 103 104 105 106 107 108 109 110 111 112 113 114 115 116 117 118 119 120 121 122 123 124 125 126 127 128 129 130 131 132 133 134 135 136 137 138 139 140 141 142 143 144 145 146 147 148 149 150 151 152 153 154
 done.
 running RMSDs...
 done.
 E lowest :   -32.59168


   ================================================
   |           Final Geometry Optimization        |
   ================================================
 ------------------------------------------------
 Ensemble optimization with very tight thresholds
 ------------------------------------------------
 Optimizing all 259 structures from file "crest_rotamers_5.xyz" ...
 1 2 3 4 5 6 7 8 9 10 11 12 13 14 15 16 17 18 19 20 21 22 23 24 25 26 27 28 29 30 31 32 33 34 35 36 37 38 39 40 41 42 43 44 45 46 47 48 49 50 51 52 53 54 55 56 57 58 59 60 61 62 63 64 65 66 67 68 69 70 71 72 73 74 75 76 77 78 79 80 81 82 83 84 85 86 87 88 89 90 91 92 93 94 95 96 97 98 99 100 101 102 103 104 105 106 107 108 109 110 111 112 113 114 115 116 117 118 119 120 121 122 123 124 125 126 127 128 129 130 131 132 133 134 135 136 137 138 139 140 141 142 143 144 145 146 147 148 149 150 151 152 153 154 155 156 157 158 159 160 161 162 163 164 165 166 167 168 169 170 171 172 173 174 175 176 177 178 179 180 181 182 183 184 185 186 187 188 189 190 191 192 193 194 195 196 197 198 199 200 201 202 203 204 205 206 207 208 209 210 211 212 213 214 215 216 217 218 219 220 221 222 223 224 225 226 227 228 229 230 231 232 233 234 235 236 237 238 239 240 241 242 243 244 245 246 247 248 249 250 251 252 253 254 255 256 257 258 259
 done.
 running RMSDs...
 done.
 E lowest :   -32.59168
 259 structures remain within     6.00 kcal/mol window

 input  file name : crest_rotamers_6.xyz
 output file name : crest_rotamers_7.xyz
 number of atoms                :   20
 number of points on xyz files  :   259
 RMSD threshold                 :   0.1250
 Bconst threshold               :   0.0100
 population threshold           :   0.0500
 conformer energy window  /kcal :   6.0000
 # fragment in coord            :     1
 # bonds in reference structure :    19
 number of reliable points      :   259
 reference state Etot :  -32.591680429999997
 number of doubles removed by rot/RMSD         :           0
 total number unique points considered further :         259
       Erel/kcal        Etot weight/tot  conformer     set   degen     origin
       1   0.000   -32.59168    0.23064    0.92252       1       4     hor
       2   0.000   -32.59168    0.23064                                hor
       3   0.000   -32.59168    0.23064                                hor
       4   0.000   -32.59168    0.23061                                mtd6
       5   2.299   -32.58802    0.00478    0.01910       2       4     gc
       6   2.299   -32.58802    0.00478                                hor
       7   2.299   -32.58802    0.00477                                mtd10
       8   2.299   -32.58802    0.00477                                mtd4
       9   2.618   -32.58751    0.00279    0.01675       3       6     hor
      10   2.618   -32.58751    0.00279                                hor
      11   2.618   -32.58751    0.00279                                hor
      12   2.618   -32.58751    0.00279                                hor
      13   2.618   -32.58751    0.00279                                hor
      14   2.618   -32.58751    0.00279                                mtd14
      15   3.258   -32.58649    0.00095    0.00474       4       5     hor
      16   3.258   -32.58649    0.00095                                hor
      17   3.258   -32.58649    0.00095                                md6
      18   3.258   -32.58649    0.00095                                mtd11
      19   3.258   -32.58649    0.00095                                mtd11
      20   3.350   -32.58634    0.00081    0.00325       5       4     mtd6
      21   3.350   -32.58634    0.00081                                hor
      22   3.350   -32.58634    0.00081                                mtd4
      23   3.350   -32.58634    0.00081                                mtd3
      24   3.514   -32.58608    0.00062    0.00370       6       6     hor
      25   3.514   -32.58608    0.00062                                md7
      26   3.514   -32.58608    0.00062                                hor
      27   3.514   -32.58608    0.00062                                hor
      28   3.514   -32.58608    0.00062                                hor
      29   3.514   -32.58608    0.00062                                mtd8
      30   3.550   -32.58602    0.00058    0.00232       7       4     hor
      31   3.550   -32.58602    0.00058                                md6
      32   3.550   -32.58602    0.00058                                mtd11
      33   3.550   -32.58602    0.00058                                mtd11
      34   3.712   -32.58577    0.00044    0.00265       8       6     hor
      35   3.712   -32.58577    0.00044                                mtd5
      36   3.712   -32.58577    0.00044                                hor
      37   3.712   -32.58577    0.00044                                hor
      38   3.712   -32.58577    0.00044                                mtd5
      39   3.712   -32.58577    0.00044                                mtd4
      40   3.713   -32.58576    0.00044    0.00176       9       4     mtd6
      41   3.713   -32.58576    0.00044                                hor
      42   3.713   -32.58576    0.00044                                mtd4
      43   3.713   -32.58576    0.00044                                mtd3
      44   3.776   -32.58566    0.00040    0.00198      10       5     hor
      45   3.776   -32.58566    0.00040                                hor
      46   3.776   -32.58566    0.00040                                md5
      47   3.776   -32.58566    0.00040                                hor
      48   3.777   -32.58566    0.00040                                mtd8
      49   3.817   -32.58560    0.00037    0.00185      11       5     hor
      50   3.817   -32.58560    0.00037                                hor
      51   3.817   -32.58560    0.00037                                mtd10
      52   3.817   -32.58560    0.00037                                mtd11
      53   3.817   -32.58560    0.00037                                mtd13
      54   3.843   -32.58556    0.00035    0.00212      12       6     hor
      55   3.843   -32.58556    0.00035                                mtd4
      56   3.843   -32.58556    0.00035                                mtd8
      57   3.843   -32.58556    0.00035                                hor
      58   3.843   -32.58556    0.00035                                mtd11
      59   3.844   -32.58556    0.00035                                mtd4
      60   3.862   -32.58553    0.00034    0.00206      13       6     hor
      61   3.862   -32.58553    0.00034                                hor
      62   3.862   -32.58553    0.00034                                hor
      63   3.862   -32.58553    0.00034                                gc
      64   3.862   -32.58553    0.00034                                md8
      65   3.862   -32.58553    0.00034                                md5
      66   3.899   -32.58547    0.00032    0.00193      14       6     mtd10
      67   3.899   -32.58547    0.00032                                hor
      68   3.899   -32.58547    0.00032                                mtd14
      69   3.899   -32.58547    0.00032                                mtd7
      70   3.899   -32.58547    0.00032                                mtd4
      71   3.899   -32.58547    0.00032                                gc
      72   3.989   -32.58532    0.00028    0.00138      15       5     md6
      73   3.989   -32.58532    0.00028                                md7
      74   3.989   -32.58532    0.00028                                mtd11
      75   3.989   -32.58532    0.00028                                mtd4
      76   3.989   -32.58532    0.00028                                mtd11
      77   4.214   -32.58496    0.00019    0.00095      16       5     mtd3
      78   4.214   -32.58496    0.00019                                hor
      79   4.214   -32.58496    0.00019                                hor
      80   4.214   -32.58496    0.00019                                mtd3
      81   4.214   -32.58496    0.00019                                mtd8
      82   4.215   -32.58496    0.00019    0.00057      17       3     hor
      83   4.215   -32.58496    0.00019                                hor
      84   4.215   -32.58496    0.00019                                mtd10
      85   4.234   -32.58493    0.00018    0.00110      18       6     hor
      86   4.234   -32.58493    0.00018                                hor
      87   4.234   -32.58493    0.00018                                hor
      88   4.235   -32.58493    0.00018                                md6
      89   4.235   -32.58493    0.00018                                mtd5
      90   4.235   -32.58493    0.00018                                mtd12
      91   4.270   -32.58488    0.00017    0.00086      19       5     hor
      92   4.270   -32.58488    0.00017                                md4
      93   4.270   -32.58488    0.00017                                mtd2
      94   4.270   -32.58488    0.00017                                mtd8
      95   4.270   -32.58488    0.00017                                mtd4
      96   4.299   -32.58483    0.00016    0.00082      20       5     hor
      97   4.299   -32.58483    0.00016                                mtd4
      98   4.299   -32.58483    0.00016                                hor
      99   4.299   -32.58483    0.00016                                mtd1
     100   4.299   -32.58483    0.00016                                mtd12
     101   4.366   -32.58472    0.00015    0.00073      21       5     mtd1
     102   4.366   -32.58472    0.00015                                hor
     103   4.366   -32.58472    0.00015                                mtd10
     104   4.366   -32.58472    0.00015                                mtd14
     105   4.366   -32.58472    0.00015                                gc
     106   4.480   -32.58454    0.00012    0.00073      22       6     hor
     107   4.480   -32.58454    0.00012                                hor
     108   4.480   -32.58454    0.00012                                hor
     109   4.480   -32.58454    0.00012                                md8
     110   4.480   -32.58454    0.00012                                mtd1
     111   4.480   -32.58454    0.00012                                mtd11
     112   4.489   -32.58453    0.00012    0.00059      23       5     mtd4
     113   4.489   -32.58453    0.00012                                mtd10
     114   4.489   -32.58453    0.00012                                hor
     115   4.489   -32.58453    0.00012                                mtd8
     116   4.489   -32.58453    0.00012                                mtd4
     117   4.491   -32.58452    0.00012    0.00059      24       5     mtd1
     118   4.491   -32.58452    0.00012                                mtd6
     119   4.491   -32.58452    0.00012                                hor
     120   4.491   -32.58452    0.00012                                mtd2
     121   4.491   -32.58452    0.00012                                mtd7
     122   4.635   -32.58429    0.00009    0.00056      25       6     hor
     123   4.636   -32.58429    0.00009                                hor
     124   4.636   -32.58429    0.00009                                mtd8
     125   4.636   -32.58429    0.00009                                mtd5
     126   4.636   -32.58429    0.00009                                mtd11
     127   4.636   -32.58429    0.00009                                mtd3
     128   4.644   -32.58428    0.00009    0.00009      26       1     gc
     129   4.670   -32.58424    0.00009    0.00053      27       6     hor
     130   4.670   -32.58424    0.00009                                mtd8
     131   4.670   -32.58424    0.00009                                mtd2
     132   4.670   -32.58424    0.00009                                mtd10
     133   4.670   -32.58424    0.00009                                mtd14
     134   4.670   -32.58424    0.00009                                mtd1
     135   4.839   -32.58397    0.00007    0.00033      28       5     mtd8
     136   4.839   -32.58397    0.00007                                hor
     137   4.839   -32.58397    0.00007                                mtd10
     138   4.839   -32.58397    0.00007                                mtd2
     139   4.839   -32.58397    0.00007                                mtd2
     140   4.874   -32.58391    0.00006    0.00025      29       4     mtd2
     141   4.874   -32.58391    0.00006                                hor
     142   4.874   -32.58391    0.00006                                gc
     143   4.874   -32.58391    0.00006                                mtd2
     144   4.969   -32.58376    0.00005    0.00021      30       4     mtd4
     145   4.969   -32.58376    0.00005                                mtd2
     146   4.969   -32.58376    0.00005                                gc
     147   4.969   -32.58376    0.00005                                mtd6
     148   5.041   -32.58365    0.00005    0.00014      31       3     hor
     149   5.041   -32.58365    0.00005                                mtd5
     150   5.041   -32.58365    0.00005                                mtd7
     151   5.053   -32.58363    0.00005    0.00018      32       4     hor
     152   5.053   -32.58363    0.00005                                hor
     153   5.053   -32.58363    0.00005                                hor
     154   5.053   -32.58363    0.00005                                mtd10
     155   5.060   -32.58362    0.00005    0.00023      33       5     mtd5
     156   5.060   -32.58362    0.00005                                hor
     157   5.060   -32.58362    0.00005                                hor
     158   5.060   -32.58362    0.00005                                hor
     159   5.060   -32.58362    0.00005                                hor
     160   5.066   -32.58361    0.00004    0.00018      34       4     hor
     161   5.066   -32.58361    0.00004                                mtd7
     162   5.066   -32.58361    0.00004                                mtd6
     163   5.066   -32.58361    0.00004                                gc
     164   5.110   -32.58354    0.00004    0.00021      35       5     md4
     165   5.110   -32.58354    0.00004                                hor
     166   5.110   -32.58354    0.00004                                mtd11
     167   5.110   -32.58354    0.00004                                mtd10
     168   5.110   -32.58354    0.00004                                mtd5
     169   5.139   -32.58349    0.00004    0.00012      36       3     hor
     170   5.139   -32.58349    0.00004                                mtd3
     171   5.139   -32.58349    0.00004                                mtd11
     172   5.163   -32.58345    0.00004    0.00011      37       3     hor
     173   5.163   -32.58345    0.00004                                hor
     174   5.163   -32.58345    0.00004                                gc
     175   5.166   -32.58345    0.00004    0.00015      38       4     mtd10
     176   5.166   -32.58345    0.00004                                mtd12
     177   5.166   -32.58345    0.00004                                mtd2
     178   5.167   -32.58345    0.00004                                gc
     179   5.167   -32.58345    0.00004    0.00015      39       4     mtd3
     180   5.167   -32.58345    0.00004                                mtd4
     181   5.167   -32.58345    0.00004                                mtd5
     182   5.167   -32.58345    0.00004                                mtd1
     183   5.215   -32.58337    0.00003    0.00010      40       3     hor
     184   5.215   -32.58337    0.00003                                hor
     185   5.215   -32.58337    0.00003                                mtd8
     186   5.254   -32.58331    0.00003    0.00016      41       5     hor
     187   5.254   -32.58331    0.00003                                mtd10
     188   5.254   -32.58331    0.00003                                hor
     189   5.254   -32.58331    0.00003                                mtd14
     190   5.254   -32.58331    0.00003                                gc
     191   5.292   -32.58325    0.00003    0.00012      42       4     hor
     192   5.292   -32.58325    0.00003                                mtd12
     193   5.292   -32.58325    0.00003                                md7
     194   5.292   -32.58325    0.00003                                mtd5
     195   5.376   -32.58311    0.00003    0.00003      43       1     mtd6
     196   5.376   -32.58311    0.00003    0.00008      44       3     hor
     197   5.376   -32.58311    0.00003                                hor
     198   5.376   -32.58311    0.00003                                mtd1
     199   5.425   -32.58304    0.00002    0.00012      45       5     gc
     200   5.425   -32.58304    0.00002                                hor
     201   5.425   -32.58304    0.00002                                hor
     202   5.425   -32.58304    0.00002                                mtd2
     203   5.425   -32.58304    0.00002                                mtd7
     204   5.428   -32.58303    0.00002    0.00012      46       5     hor
     205   5.428   -32.58303    0.00002                                mtd7
     206   5.428   -32.58303    0.00002                                gc
     207   5.428   -32.58303    0.00002                                mtd8
     208   5.428   -32.58303    0.00002                                gc
     209   5.492   -32.58293    0.00002    0.00007      47       3     mtd12
     210   5.492   -32.58293    0.00002                                hor
     211   5.492   -32.58293    0.00002                                mtd10
     212   5.515   -32.58289    0.00002    0.00013      48       6     hor
     213   5.515   -32.58289    0.00002                                mtd7
     214   5.515   -32.58289    0.00002                                mtd10
     215   5.516   -32.58289    0.00002                                mtd5
     216   5.516   -32.58289    0.00002                                mtd3
     217   5.516   -32.58289    0.00002                                mtd12
     218   5.528   -32.58287    0.00002    0.00010      49       5     hor
     219   5.528   -32.58287    0.00002                                hor
     220   5.528   -32.58287    0.00002                                mtd1
     221   5.528   -32.58287    0.00002                                hor
     222   5.528   -32.58287    0.00002                                mtd8
     223   5.665   -32.58265    0.00002    0.00005      50       3     hor
     224   5.665   -32.58265    0.00002                                mtd1
     225   5.665   -32.58265    0.00002                                gc
     226   5.737   -32.58254    0.00001    0.00006      51       4     hor
     227   5.737   -32.58254    0.00001                                mtd1
     228   5.737   -32.58254    0.00001                                mtd8
     229   5.737   -32.58254    0.00001                                mtd6
     230   5.743   -32.58253    0.00001    0.00007      52       5     hor
     231   5.743   -32.58253    0.00001                                gc
     232   5.743   -32.58253    0.00001                                mtd8
     233   5.743   -32.58253    0.00001                                mtd2
     234   5.743   -32.58253    0.00001                                gc
     235   5.751   -32.58252    0.00001    0.00006      53       4     mtd4
     236   5.751   -32.58252    0.00001                                mtd11
     237   5.751   -32.58252    0.00001                                mtd1
     238   5.751   -32.58252    0.00001                                mtd14
     239   5.761   -32.58250    0.00001    0.00007      54       5     mtd8
     240   5.761   -32.58250    0.00001                                mtd4
     241   5.761   -32.58250    0.00001                                hor
     242   5.761   -32.58250    0.00001                                mtd10
     243   5.761   -32.58250    0.00001                                mtd4
     244   5.802   -32.58243    0.00001    0.00001      55       1     hor
     245   5.821   -32.58240    0.00001    0.00005      56       4     mtd1
     246   5.821   -32.58240    0.00001                                hor
     247   5.821   -32.58240    0.00001                                hor
     248   5.821   -32.58240    0.00001                                mtd4
     249   5.829   -32.58239    0.00001    0.00006      57       5     hor
     250   5.829   -32.58239    0.00001                                hor
     251   5.829   -32.58239    0.00001                                hor
     252   5.829   -32.58239    0.00001                                hor
     253   5.830   -32.58239    0.00001                                mtd10
     254   5.849   -32.58236    0.00001    0.00004      58       3     mtd3
     255   5.849   -32.58236    0.00001                                mtd12
     256   5.849   -32.58236    0.00001                                mtd8
     257   5.941   -32.58221    0.00001    0.00002      59       2     md8
     258   5.941   -32.58221    0.00001                                mtd9
     259   5.953   -32.58219    0.00001    0.00001      60       1     hor
T /K                                  :   298.15
E lowest                              :   -32.59168
ensemble average energy (kcal)        :    0.251
ensemble entropy (J/mol K, cal/mol K) :   15.711    3.755
ensemble free energy (kcal/mol)       :   -1.120
population of lowest in %             :   92.252
 number of unique conformers for further calc           60
 list of relative energies saved as "crest.energies"

 -----------------
 Wall Time Summary
 -----------------
             test MD wall time :         0h : 0m : 3s
                 MTD wall time :         0h : 9m : 5s
      multilevel OPT wall time :         0h :17m :41s
                  MD wall time :         0h : 4m :22s
                  GC wall time :         0h : 3m :23s
--------------------
Overall wall time  : 0h :35m :22s

 CREST terminated normally.
