
       ==============================================
       |                                            |
       |                 C R E S T                  |
       |                                            |
       |  Conformer-Rotamer Ensemble Sampling Tool  |
       |          based on the GFN methods          |
       |             P.Pracht, S.Grimme             |
       |          Universitaet Bonn, MCTC           |
       ==============================================
       Version 2.12,   Thu 19. Mai 16:32:32 CEST 2022
  Using the xTB program. Compatible with xTB version 6.4.0

   Cite work conducted with this code as

   • P.Pracht, F.Bohle, S.Grimme, PCCP, 2020, 22, 7169-7192.
   • S.Grimme, JCTC, 2019, 15, 2847-2862.

   and for works involving QCG as

   • S.Spicher, C.Plett, P.Pracht, A.Hansen, S.Grimme,
     JCTC, 2022, 18 (5), 3174-3189.

   with help from:
   C.Bannwarth, F.Bohle, S.Ehlert, S.Grimme,
   C.Plett, P.Pracht, S.Spicher

   This program is distributed in the hope that it will be useful,
   but WITHOUT ANY WARRANTY; without even the implied warranty of
   MERCHANTABILITY or FITNESS FOR A PARTICULAR PURPOSE.

 Command line input:
 > crest out.xyz --gfn 2 --chrg 0 -T 1 --noreftopo

  -gfn2 : Use of GFN2-xTB requested.
  --chrg 0
  -T 1 (CPUs/Threads selected)

 -------------------------
 xTB Geometry Optimization
 -------------------------
 Geometry successfully optimized.

------------------------------------------------
Generating MTD length from a flexibility measure
------------------------------------------------
 Calculating WBOs... done.
 Calculating NCI flexibility... done.
     covalent flexibility measure :   0.000
 non-covalent flexibility measure :   0.781
 flexibility measure :   0.000
 t(MTD) / ps    :     5.0
 Σ(t(MTD)) / ps :    70.0 (14 MTDs)

-------------------------------------
Starting a trial MTD to test settings
-------------------------------------
 Estimated runtime for one MTD (5.0 ps) on a single thread: 28 min 41 sec
 Estimated runtime for a batch of 14 MTDs on 1 threads: 6 h 41 min 40 sec

 list of Vbias parameters applied:
$metadyn    0.00300   1.300
$metadyn    0.00150   1.300
$metadyn    0.00075   1.300
$metadyn    0.00300   0.780
$metadyn    0.00150   0.780
$metadyn    0.00075   0.780
$metadyn    0.00300   0.468
$metadyn    0.00150   0.468
$metadyn    0.00075   0.468
$metadyn    0.00300   0.281
$metadyn    0.00150   0.281
$metadyn    0.00075   0.281
$metadyn    0.00100   0.100
$metadyn    0.00500   0.800

*******************************************************************************************
**                        N E W    I T E R A T I O N    C Y C L E                        **
*******************************************************************************************

========================================
            MTD Iteration  1
========================================

     ========================================
     |         Meta-MD (MTD) Sampling       |
     ========================================

Starting Meta-MD  14 with the settings:
     MD time /ps        :     5.0
     dt /fs             :     5.0
     dumpstep(trj) /fs  :     100
     dumpstep(Vbias)/ps :     1.0
     Vbias factor k /Eh :  0.1300
     Vbias exp α /bohr⁻²:    0.80
*Meta-MTD 14 finished*
Starting Meta-MD  13 with the settings:
     MD time /ps        :     5.0
     dt /fs             :     5.0
     dumpstep(trj) /fs  :     100
     dumpstep(Vbias)/ps :     1.0
     Vbias factor k /Eh :  0.0260
     Vbias exp α /bohr⁻²:    0.10
*Meta-MTD 13 finished*
Starting Meta-MD  12 with the settings:
     MD time /ps        :     5.0
     dt /fs             :     5.0
     dumpstep(trj) /fs  :     100
     dumpstep(Vbias)/ps :     1.0
     Vbias factor k /Eh :  0.0195
     Vbias exp α /bohr⁻²:    0.28
*Meta-MTD 12 finished*
Starting Meta-MD  11 with the settings:
     MD time /ps        :     5.0
     dt /fs             :     5.0
     dumpstep(trj) /fs  :     100
     dumpstep(Vbias)/ps :     1.0
     Vbias factor k /Eh :  0.0390
     Vbias exp α /bohr⁻²:    0.28
*Meta-MTD 11 finished*
Starting Meta-MD  10 with the settings:
     MD time /ps        :     5.0
     dt /fs             :     5.0
     dumpstep(trj) /fs  :     100
     dumpstep(Vbias)/ps :     1.0
     Vbias factor k /Eh :  0.0780
     Vbias exp α /bohr⁻²:    0.28
*Meta-MTD 10 finished*
Starting Meta-MD   9 with the settings:
     MD time /ps        :     5.0
     dt /fs             :     5.0
     dumpstep(trj) /fs  :     100
     dumpstep(Vbias)/ps :     1.0
     Vbias factor k /Eh :  0.0195
     Vbias exp α /bohr⁻²:    0.47
*Meta-MTD 9 finished*
Starting Meta-MD   8 with the settings:
     MD time /ps        :     5.0
     dt /fs             :     5.0
     dumpstep(trj) /fs  :     100
     dumpstep(Vbias)/ps :     1.0
     Vbias factor k /Eh :  0.0390
     Vbias exp α /bohr⁻²:    0.47
*Meta-MTD 8 finished*
Starting Meta-MD   7 with the settings:
     MD time /ps        :     5.0
     dt /fs             :     5.0
     dumpstep(trj) /fs  :     100
     dumpstep(Vbias)/ps :     1.0
     Vbias factor k /Eh :  0.0780
     Vbias exp α /bohr⁻²:    0.47
*Meta-MTD 7 finished*
Starting Meta-MD   6 with the settings:
     MD time /ps        :     5.0
     dt /fs             :     5.0
     dumpstep(trj) /fs  :     100
     dumpstep(Vbias)/ps :     1.0
     Vbias factor k /Eh :  0.0195
     Vbias exp α /bohr⁻²:    0.78
*Meta-MTD 6 finished*
Starting Meta-MD   5 with the settings:
     MD time /ps        :     5.0
     dt /fs             :     5.0
     dumpstep(trj) /fs  :     100
     dumpstep(Vbias)/ps :     1.0
     Vbias factor k /Eh :  0.0390
     Vbias exp α /bohr⁻²:    0.78
*Meta-MTD 5 finished*
Starting Meta-MD   4 with the settings:
     MD time /ps        :     5.0
     dt /fs             :     5.0
     dumpstep(trj) /fs  :     100
     dumpstep(Vbias)/ps :     1.0
     Vbias factor k /Eh :  0.0780
     Vbias exp α /bohr⁻²:    0.78
*Meta-MTD 4 finished*
Starting Meta-MD   3 with the settings:
     MD time /ps        :     5.0
     dt /fs             :     5.0
     dumpstep(trj) /fs  :     100
     dumpstep(Vbias)/ps :     1.0
     Vbias factor k /Eh :  0.0195
     Vbias exp α /bohr⁻²:    1.30
*Meta-MTD 3 finished*
Starting Meta-MD   2 with the settings:
     MD time /ps        :     5.0
     dt /fs             :     5.0
     dumpstep(trj) /fs  :     100
     dumpstep(Vbias)/ps :     1.0
     Vbias factor k /Eh :  0.0390
     Vbias exp α /bohr⁻²:    1.30
*Meta-MTD 2 finished*
Starting Meta-MD   1 with the settings:
     MD time /ps        :     5.0
     dt /fs             :     5.0
     dumpstep(trj) /fs  :     100
     dumpstep(Vbias)/ps :     1.0
     Vbias factor k /Eh :  0.0780
     Vbias exp α /bohr⁻²:    1.30
*Meta-MTD 1 finished*

-----------------------
Multilevel Optimization
-----------------------

 -------------------------
 1. crude pre-optimization
 -------------------------
 Optimizing all 686 structures from file "crest_rotamers_0.xyz" ...
 1 2 3 4 5 6 7 8 9 10 11 12 13 14 15 16 17 18 19 20 21 22 23 24 25 26 27 28 29 30 31 32 33 34 35 36 37 38 39 40 41 42 43 44 45 46 47 48 49 50 51 52 53 54 55 56 57 58 59 60 61 62 63 64 65 66 67 68 69 70 71 72 73 74 75 76 77 78 79 80 81 82 83 84 85 86 87 88 89 90 91 92 93 94 95 96 97 98 99 100 101 102 103 104 105 106 107 108 109 110 111 112 113 114 115 116 117 118 119 120 121 122 123 124 125 126 127 128 129 130 131 132 133 134 135 136 137 138 139 140 141 142 143 144 145 146 147 148 149 150 151 152 153 154 155 156 157 158 159 160 161 162 163 164 165 166 167 168 169 170 171 172 173 174 175 176 177 178 179 180 181 182 183 184 185 186 187 188 189 190 191 192 193 194 195 196 197 198 199 200 201 202 203 204 205 206 207 208 209 210 211 212 213 214 215 216 217 218 219 220 221 222 223 224 225 226 227 228 229 230 231 232 233 234 235 236 237 238 239 240 241 242 243 244 245 246 247 248 249 250 251 252 253 254 255 256 257 258 259 260 261 262 263 264 265 266 267 268 269 270 271 272 273 274 275 276 277 278 279 280 281 282 283 284 285 286 287 288 289 290 291 292 293 294 295 296 297 298 299 300 301 302 303 304 305 306 307 308 309 310 311 312 313 314 315 316 317 318 319 320 321 322 323 324 325 326 327 328 329 330 331 332 333 334 335 336 337 338 339 340 341 342 343 344 345 346 347 348 349 350 351 352 353 354 355 356 357 358 359 360 361 362 363 364 365 366 367 368 369 370 371 372 373 374 375 376 377 378 379 380 381 382 383 384 385 386 387 388 389 390 391 392 393 394 395 396 397 398 399 400 401 402 403 404 405 406 407 408 409 410 411 412 413 414 415 416 417 418 419 420 421 422 423 424 425 426 427 428 429 430 431 432 433 434 435 436 437 438 439 440 441 442 443 444 445 446 447 448 449 450 451 452 453 454 455 456 457 458 459 460 461 462 463 464 465 466 467 468 469 470 471 472 473 474 475 476 477 478 479 480 481 482 483 484 485 486 487 488 489 490 491 492 493 494 495 496 497 498 499 500 501 502 503 504 505 506 507 508 509 510 511 512 513 514 515 516 517 518 519 520 521 522 523 524 525 526 527 528 529 530 531 532 533 534 535 536 537 538 539 540 541 542 543 544 545 546 547 548 549 550 551 552 553 554 555 556 557 558 559 560 561 562 563 564 565 566 567 568 569 570 571 572 573 574 575 576 577 578 579 580 581 582 583 584 585 586 587 588 589 590 591 592 593 594 595 596 597 598 599 600 601 602 603 604 605 606 607 608 609 610 611 612 613 614 615 616 617 618 619 620 621 622 623 624 625 626 627 628 629 630 631 632 633 634 635 636 637 638 639 640 641 642 643 644 645 646 647 648 649 650 651 652 653 654 655 656 657 658 659 660 661 662 663 664 665 666 667 668 669 670 671 672 673 674 675 676 677 678 679 680 681 682 683 684 685 686
 done.
 running RMSDs...
 done.
 E lowest :   -50.01110
 658 structures remain within    12.00 kcal/mol window

 -------------------------------------
 2. optimization with tight thresholds
 -------------------------------------
 Optimizing all 659 structures from file "crest_rotamers_1.xyz" ...
 1 2 3 4 5 6 7 8 9 10 11 12 13 14 15 16 17 18 19 20 21 22 23 24 25 26 27 28 29 30 31 32 33 34 35 36 37 38 39 40 41 42 43 44 45 46 47 48 49 50 51 52 53 54 55 56 57 58 59 60 61 62 63 64 65 66 67 68 69 70 71 72 73 74 75 76 77 78 79 80 81 82 83 84 85 86 87 88 89 90 91 92 93 94 95 96 97 98 99 100 101 102 103 104 105 106 107 108 109 110 111 112 113 114 115 116 117 118 119 120 121 122 123 124 125 126 127 128 129 130 131 132 133 134 135 136 137 138 139 140 141 142 143 144 145 146 147 148 149 150 151 152 153 154 155 156 157 158 159 160 161 162 163 164 165 166 167 168 169 170 171 172 173 174 175 176 177 178 179 180 181 182 183 184 185 186 187 188 189 190 191 192 193 194 195 196 197 198 199 200 201 202 203 204 205 206 207 208 209 210 211 212 213 214 215 216 217 218 219 220 221 222 223 224 225 226 227 228 229 230 231 232 233 234 235 236 237 238 239 240 241 242 243 244 245 246 247 248 249 250 251 252 253 254 255 256 257 258 259 260 261 262 263 264 265 266 267 268 269 270 271 272 273 274 275 276 277 278 279 280 281 282 283 284 285 286 287 288 289 290 291 292 293 294 295 296 297 298 299 300 301 302 303 304 305 306 307 308 309 310 311 312 313 314 315 316 317 318 319 320 321 322 323 324 325 326 327 328 329 330 331 332 333 334 335 336 337 338 339 340 341 342 343 344 345 346 347 348 349 350 351 352 353 354 355 356 357 358 359 360 361 362 363 364 365 366 367 368 369 370 371 372 373 374 375 376 377 378 379 380 381 382 383 384 385 386 387 388 389 390 391 392 393 394 395 396 397 398 399 400 401 402 403 404 405 406 407 408 409 410 411 412 413 414 415 416 417 418 419 420 421 422 423 424 425 426 427 428 429 430 431 432 433 434 435 436 437 438 439 440 441 442 443 444 445 446 447 448 449 450 451 452 453 454 455 456 457 458 459 460 461 462 463 464 465 466 467 468 469 470 471 472 473 474 475 476 477 478 479 480 481 482 483 484 485 486 487 488 489 490 491 492 493 494 495 496 497 498 499 500 501 502 503 504 505 506 507 508 509 510 511 512 513 514 515 516 517 518 519 520 521 522 523 524 525 526 527 528 529 530 531 532 533 534 535 536 537 538 539 540 541 542 543 544 545 546 547 548 549 550 551 552 553 554 555 556 557 558 559 560 561 562 563 564 565 566 567 568 569 570 571 572 573 574 575 576 577 578 579 580 581 582 583 584 585 586 587 588 589 590 591 592 593 594 595 596 597 598 599 600 601 602 603 604 605 606 607 608 609 610 611 612 613 614 615 616 617 618 619 620 621 622 623 624 625 626 627 628 629 630 631 632 633 634 635 636 637 638 639 640 641 642 643 644 645 646 647 648 649 650 651 652 653 654 655 656 657 658 659
 done.
 running RMSDs...
 done.
 E lowest :   -50.01252
 184 structures remain within     6.00 kcal/mol window


========================================
            MTD Iteration  2
========================================

     ========================================
     |         Meta-MD (MTD) Sampling       |
     ========================================

Starting Meta-MD  12 with the settings:
     MD time /ps        :     5.0
     dt /fs             :     5.0
     dumpstep(trj) /fs  :     100
     dumpstep(Vbias)/ps :     1.0
     Vbias factor k /Eh :  0.0195
     Vbias exp α /bohr⁻²:    0.28
*Meta-MTD 12 finished*
Starting Meta-MD  11 with the settings:
     MD time /ps        :     5.0
     dt /fs             :     5.0
     dumpstep(trj) /fs  :     100
     dumpstep(Vbias)/ps :     1.0
     Vbias factor k /Eh :  0.0390
     Vbias exp α /bohr⁻²:    0.28
*Meta-MTD 11 finished*
Starting Meta-MD  10 with the settings:
     MD time /ps        :     5.0
     dt /fs             :     5.0
     dumpstep(trj) /fs  :     100
     dumpstep(Vbias)/ps :     1.0
     Vbias factor k /Eh :  0.0780
     Vbias exp α /bohr⁻²:    0.28
*Meta-MTD 10 finished*
Starting Meta-MD   9 with the settings:
     MD time /ps        :     5.0
     dt /fs             :     5.0
     dumpstep(trj) /fs  :     100
     dumpstep(Vbias)/ps :     1.0
     Vbias factor k /Eh :  0.0195
     Vbias exp α /bohr⁻²:    0.47
*Meta-MTD 9 finished*
Starting Meta-MD   8 with the settings:
     MD time /ps        :     5.0
     dt /fs             :     5.0
     dumpstep(trj) /fs  :     100
     dumpstep(Vbias)/ps :     1.0
     Vbias factor k /Eh :  0.0390
     Vbias exp α /bohr⁻²:    0.47
*Meta-MTD 8 finished*
Starting Meta-MD   7 with the settings:
     MD time /ps        :     5.0
     dt /fs             :     5.0
     dumpstep(trj) /fs  :     100
     dumpstep(Vbias)/ps :     1.0
     Vbias factor k /Eh :  0.0780
     Vbias exp α /bohr⁻²:    0.47
*Meta-MTD 7 finished*
Starting Meta-MD   6 with the settings:
     MD time /ps        :     5.0
     dt /fs             :     5.0
     dumpstep(trj) /fs  :     100
     dumpstep(Vbias)/ps :     1.0
     Vbias factor k /Eh :  0.0195
     Vbias exp α /bohr⁻²:    0.78
*Meta-MTD 6 finished*
Starting Meta-MD   5 with the settings:
     MD time /ps        :     5.0
     dt /fs             :     5.0
     dumpstep(trj) /fs  :     100
     dumpstep(Vbias)/ps :     1.0
     Vbias factor k /Eh :  0.0390
     Vbias exp α /bohr⁻²:    0.78
*Meta-MTD 5 finished*
Starting Meta-MD   4 with the settings:
     MD time /ps        :     5.0
     dt /fs             :     5.0
     dumpstep(trj) /fs  :     100
     dumpstep(Vbias)/ps :     1.0
     Vbias factor k /Eh :  0.0780
     Vbias exp α /bohr⁻²:    0.78
*Meta-MTD 4 finished*
Starting Meta-MD   3 with the settings:
     MD time /ps        :     5.0
     dt /fs             :     5.0
     dumpstep(trj) /fs  :     100
     dumpstep(Vbias)/ps :     1.0
     Vbias factor k /Eh :  0.0195
     Vbias exp α /bohr⁻²:    1.30
*Meta-MTD 3 finished*
Starting Meta-MD   2 with the settings:
     MD time /ps        :     5.0
     dt /fs             :     5.0
     dumpstep(trj) /fs  :     100
     dumpstep(Vbias)/ps :     1.0
     Vbias factor k /Eh :  0.0390
     Vbias exp α /bohr⁻²:    1.30
*Meta-MTD 2 finished*
Starting Meta-MD   1 with the settings:
     MD time /ps        :     5.0
     dt /fs             :     5.0
     dumpstep(trj) /fs  :     100
     dumpstep(Vbias)/ps :     1.0
     Vbias factor k /Eh :  0.0780
     Vbias exp α /bohr⁻²:    1.30
*Meta-MTD 1 finished*

-----------------------
Multilevel Optimization
-----------------------

 -------------------------
 1. crude pre-optimization
 -------------------------
 Optimizing all 588 structures from file "crest_rotamers_0.xyz" ...
 1 2 3 4 5 6 7 8 9 10 11 12 13 14 15 16 17 18 19 20 21 22 23 24 25 26 27 28 29 30 31 32 33 34 35 36 37 38 39 40 41 42 43 44 45 46 47 48 49 50 51 52 53 54 55 56 57 58 59 60 61 62 63 64 65 66 67 68 69 70 71 72 73 74 75 76 77 78 79 80 81 82 83 84 85 86 87 88 89 90 91 92 93 94 95 96 97 98 99 100 101 102 103 104 105 106 107 108 109 110 111 112 113 114 115 116 117 118 119 120 121 122 123 124 125 126 127 128 129 130 131 132 133 134 135 136 137 138 139 140 141 142 143 144 145 146 147 148 149 150 151 152 153 154 155 156 157 158 159 160 161 162 163 164 165 166 167 168 169 170 171 172 173 174 175 176 177 178 179 180 181 182 183 184 185 186 187 188 189 190 191 192 193 194 195 196 197 198 199 200 201 202 203 204 205 206 207 208 209 210 211 212 213 214 215 216 217 218 219 220 221 222 223 224 225 226 227 228 229 230 231 232 233 234 235 236 237 238 239 240 241 242 243 244 245 246 247 248 249 250 251 252 253 254 255 256 257 258 259 260 261 262 263 264 265 266 267 268 269 270 271 272 273 274 275 276 277 278 279 280 281 282 283 284 285 286 287 288 289 290 291 292 293 294 295 296 297 298 299 300 301 302 303 304 305 306 307 308 309 310 311 312 313 314 315 316 317 318 319 320 321 322 323 324 325 326 327 328 329 330 331 332 333 334 335 336 337 338 339 340 341 342 343 344 345 346 347 348 349 350 351 352 353 354 355 356 357 358 359 360 361 362 363 364 365 366 367 368 369 370 371 372 373 374 375 376 377 378 379 380 381 382 383 384 385 386 387 388 389 390 391 392 393 394 395 396 397 398 399 400 401 402 403 404 405 406 407 408 409 410 411 412 413 414 415 416 417 418 419 420 421 422 423 424 425 426 427 428 429 430 431 432 433 434 435 436 437 438 439 440 441 442 443 444 445 446 447 448 449 450 451 452 453 454 455 456 457 458 459 460 461 462 463 464 465 466 467 468 469 470 471 472 473 474 475 476 477 478 479 480 481 482 483 484 485 486 487 488 489 490 491 492 493 494 495 496 497 498 499 500 501 502 503 504 505 506 507 508 509 510 511 512 513 514 515 516 517 518 519 520 521 522 523 524 525 526 527 528 529 530 531 532 533 534 535 536 537 538 539 540 541 542 543 544 545 546 547 548 549 550 551 552 553 554 555 556 557 558 559 560 561 562 563 564 565 566 567 568 569 570 571 572 573 574 575 576 577 578 579 580 581 582 583 584 585 586 587 588
 done.
 running RMSDs...
 done.
 E lowest :   -50.01211
 545 structures remain within    12.00 kcal/mol window

 -------------------------------------
 2. optimization with tight thresholds
 -------------------------------------
 Optimizing all 546 structures from file "crest_rotamers_1.xyz" ...
 1 2 3 4 5 6 7 8 9 10 11 12 13 14 15 16 17 18 19 20 21 22 23 24 25 26 27 28 29 30 31 32 33 34 35 36 37 38 39 40 41 42 43 44 45 46 47 48 49 50 51 52 53 54 55 56 57 58 59 60 61 62 63 64 65 66 67 68 69 70 71 72 73 74 75 76 77 78 79 80 81 82 83 84 85 86 87 88 89 90 91 92 93 94 95 96 97 98 99 100 101 102 103 104 105 106 107 108 109 110 111 112 113 114 115 116 117 118 119 120 121 122 123 124 125 126 127 128 129 130 131 132 133 134 135 136 137 138 139 140 141 142 143 144 145 146 147 148 149 150 151 152 153 154 155 156 157 158 159 160 161 162 163 164 165 166 167 168 169 170 171 172 173 174 175 176 177 178 179 180 181 182 183 184 185 186 187 188 189 190 191 192 193 194 195 196 197 198 199 200 201 202 203 204 205 206 207 208 209 210 211 212 213 214 215 216 217 218 219 220 221 222 223 224 225 226 227 228 229 230 231 232 233 234 235 236 237 238 239 240 241 242 243 244 245 246 247 248 249 250 251 252 253 254 255 256 257 258 259 260 261 262 263 264 265 266 267 268 269 270 271 272 273 274 275 276 277 278 279 280 281 282 283 284 285 286 287 288 289 290 291 292 293 294 295 296 297 298 299 300 301 302 303 304 305 306 307 308 309 310 311 312 313 314 315 316 317 318 319 320 321 322 323 324 325 326 327 328 329 330 331 332 333 334 335 336 337 338 339 340 341 342 343 344 345 346 347 348 349 350 351 352 353 354 355 356 357 358 359 360 361 362 363 364 365 366 367 368 369 370 371 372 373 374 375 376 377 378 379 380 381 382 383 384 385 386 387 388 389 390 391 392 393 394 395 396 397 398 399 400 401 402 403 404 405 406 407 408 409 410 411 412 413 414 415 416 417 418 419 420 421 422 423 424 425 426 427 428 429 430 431 432 433 434 435 436 437 438 439 440 441 442 443 444 445 446 447 448 449 450 451 452 453 454 455 456 457 458 459 460 461 462 463 464 465 466 467 468 469 470 471 472 473 474 475 476 477 478 479 480 481 482 483 484 485 486 487 488 489 490 491 492 493 494 495 496 497 498 499 500 501 502 503 504 505 506 507 508 509 510 511 512 513 514 515 516 517 518 519 520 521 522 523 524 525 526 527 528 529 530 531 532 533 534 535 536 537 538 539 540 541 542 543 544 545 546
 done.
 running RMSDs...
 done.
 E lowest :   -50.01252
 170 structures remain within     6.00 kcal/mol window

========================================
            MTD Iterations done         
========================================
 Collecting ensmbles.
 running RMSDs...
 done.
 E lowest :   -50.01252
 330 structures remain within     6.00 kcal/mol window

-----------------------------------------------
Additional regular MDs on lowest 4 conformer(s)
-----------------------------------------------
Starting MD   8 with the settings:
     MD time /ps        :     2.5
     MD Temperature /K  :   500.0
     dt /fs             :     5.0
     dumpstep(trj) /fs  :     100
*MD 8 finished*
Starting MD   7 with the settings:
     MD time /ps        :     2.5
     MD Temperature /K  :   400.0
     dt /fs             :     5.0
     dumpstep(trj) /fs  :     100
*MD 7 finished*
Starting MD   6 with the settings:
     MD time /ps        :     2.5
     MD Temperature /K  :   500.0
     dt /fs             :     5.0
     dumpstep(trj) /fs  :     100
*MD 6 finished*
Starting MD   5 with the settings:
     MD time /ps        :     2.5
     MD Temperature /K  :   400.0
     dt /fs             :     5.0
     dumpstep(trj) /fs  :     100
*MD 5 finished*
Starting MD   4 with the settings:
     MD time /ps        :     2.5
     MD Temperature /K  :   500.0
     dt /fs             :     5.0
     dumpstep(trj) /fs  :     100
*MD 4 finished*
Starting MD   3 with the settings:
     MD time /ps        :     2.5
     MD Temperature /K  :   400.0
     dt /fs             :     5.0
     dumpstep(trj) /fs  :     100
*MD 3 finished*
Starting MD   2 with the settings:
     MD time /ps        :     2.5
     MD Temperature /K  :   500.0
     dt /fs             :     5.0
     dumpstep(trj) /fs  :     100
*MD 2 finished*
Starting MD   1 with the settings:
     MD time /ps        :     2.5
     MD Temperature /K  :   400.0
     dt /fs             :     5.0
     dumpstep(trj) /fs  :     100
*MD 1 finished*
 Appending file crest_rotamers_1.xyz with new structures

 -------------------------------------------
 Ensemble optimization with tight thresholds
 -------------------------------------------
 Optimizing all 522 structures from file "crest_rotamers_1.xyz" ...
 1 2 3 4 5 6 7 8 9 10 11 12 13 14 15 16 17 18 19 20 21 22 23 24 25 26 27 28 29 30 31 32 33 34 35 36 37 38 39 40 41 42 43 44 45 46 47 48 49 50 51 52 53 54 55 56 57 58 59 60 61 62 63 64 65 66 67 68 69 70 71 72 73 74 75 76 77 78 79 80 81 82 83 84 85 86 87 88 89 90 91 92 93 94 95 96 97 98 99 100 101 102 103 104 105 106 107 108 109 110 111 112 113 114 115 116 117 118 119 120 121 122 123 124 125 126 127 128 129 130 131 132 133 134 135 136 137 138 139 140 141 142 143 144 145 146 147 148 149 150 151 152 153 154 155 156 157 158 159 160 161 162 163 164 165 166 167 168 169 170 171 172 173 174 175 176 177 178 179 180 181 182 183 184 185 186 187 188 189 190 191 192 193 194 195 196 197 198 199 200 201 202 203 204 205 206 207 208 209 210 211 212 213 214 215 216 217 218 219 220 221 222 223 224 225 226 227 228 229 230 231 232 233 234 235 236 237 238 239 240 241 242 243 244 245 246 247 248 249 250 251 252 253 254 255 256 257 258 259 260 261 262 263 264 265 266 267 268 269 270 271 272 273 274 275 276 277 278 279 280 281 282 283 284 285 286 287 288 289 290 291 292 293 294 295 296 297 298 299 300 301 302 303 304 305 306 307 308 309 310 311 312 313 314 315 316 317 318 319 320 321 322 323 324 325 326 327 328 329 330 331 332 333 334 335 336 337 338 339 340 341 342 343 344 345 346 347 348 349 350 351 352 353 354 355 356 357 358 359 360 361 362 363 364 365 366 367 368 369 370 371 372 373 374 375 376 377 378 379 380 381 382 383 384 385 386 387 388 389 390 391 392 393 394 395 396 397 398 399 400 401 402 403 404 405 406 407 408 409 410 411 412 413 414 415 416 417 418 419 420 421 422 423 424 425 426 427 428 429 430 431 432 433 434 435 436 437 438 439 440 441 442 443 444 445 446 447 448 449 450 451 452 453 454 455 456 457 458 459 460 461 462 463 464 465 466 467 468 469 470 471 472 473 474 475 476 477 478 479 480 481 482 483 484 485 486 487 488 489 490 491 492 493 494 495 496 497 498 499 500 501 502 503 504 505 506 507 508 509 510 511 512 513 514 515 516 517 518 519 520 521 522
 done.
 running RMSDs...
 done.
 E lowest :   -50.01252
 338 structures remain within     6.00 kcal/mol window


     ========================================
     |        Structure Crossing (GC)       |
     ========================================
 =============================
  # threads =           1
 =============================
 input  file name : crest_rotamers_3.xyz
number of atoms                :    26
number of points on xyz files  :   338
conformer energy window  /kcal :    6.00
CN per atom difference cut-off :  0.3000
RMSD threshold                 :  0.2500
max. # of generated structures : 250
 reading xyz file ...
 # in E window                338
 generating pairs ...       57290
  29.6 % done
  59.2 % done
  88.8 % done
 generated pairs           :         737
 number of clash discarded :       56216
 average rmsd w.r.t input  : 2.22299
 sd of ensemble            : 1.26338
 number of new structures      :         244
 removed identical structures  :         256
 writing          244  TMPCONF* dirs ...
 --------------------------
 GC: loose pre-optimization
 --------------------------
 Starting optimization of generated structures
 244 jobs to do.
 1 2 3 4 5 6 7 8 9 10 11 12 13 14 15 16 17 18 19 20 21 22 23 24 25 26 27 28 29 30 31 32 33 34 35 36 37 38 39 40 41 42 43 44 45 46 47 48 49 50 51 52 53 54 55 56 57 58 59 60 61 62 63 64 65 66 67 68 69 70 71 72 73 74 75 76 77 78 79 80 81 82 83 84 85 86 87 88 89 90 91 92 93 94 95 96 97 98 99 100 101 102 103 104 105 106 107 108 109 110 111 112 113 114 115 116 117 118 119 120 121 122 123 124 125 126 127 128 129 130 131 132 133 134 135 136 137 138 139 140 141 142 143 144 145 146 147 148 149 150 151 152 153 154 155 156 157 158 159 160 161 162 163 164 165 166 167 168 169 170 171 172 173 174 175 176 177 178 179 180 181 182 183 184 185 186 187 188 189 190 191 192 193 194 195 196 197 198 199 200 201 202 203 204 205 206 207 208 209 210 211 212 213 214 215 216 217 218 219 220 221 222 223 224 225 226 227 228 229 230 231 232 233 234 235 236 237 238 239 240 241 242 243 244 
 done.
 Now appending opt.xyz file with new structures
 running RMSDs...
 done.
 E lowest :   -50.01252
 228 structures remain within    10.00 kcal/mol window
 --------------------------------------
 GC: optimization with tight thresholds
 --------------------------------------
 Optimizing all 228 structures from file "crest_rotamers_1.xyz" ...
 1 2 3 4 5 6 7 8 9 10 11 12 13 14 15 16 17 18 19 20 21 22 23 24 25 26 27 28 29 30 31 32 33 34 35 36 37 38 39 40 41 42 43 44 45 46 47 48 49 50 51 52 53 54 55 56 57 58 59 60 61 62 63 64 65 66 67 68 69 70 71 72 73 74 75 76 77 78 79 80 81 82 83 84 85 86 87 88 89 90 91 92 93 94 95 96 97 98 99 100 101 102 103 104 105 106 107 108 109 110 111 112 113 114 115 116 117 118 119 120 121 122 123 124 125 126 127 128 129 130 131 132 133 134 135 136 137 138 139 140 141 142 143 144 145 146 147 148 149 150 151 152 153 154 155 156 157 158 159 160 161 162 163 164 165 166 167 168 169 170 171 172 173 174 175 176 177 178 179 180 181 182 183 184 185 186 187 188 189 190 191 192 193 194 195 196 197 198 199 200 201 202 203 204 205 206 207 208 209 210 211 212 213 214 215 216 217 218 219 220 221 222 223 224 225 226 227 228
 done.
 running RMSDs...
 done.
 E lowest :   -50.01252


   ================================================
   |           Final Geometry Optimization        |
   ================================================
 ------------------------------------------------
 Ensemble optimization with very tight thresholds
 ------------------------------------------------
 Optimizing all 481 structures from file "crest_rotamers_4.xyz" ...
 1 2 3 4 5 6 7 8 9 10 11 12 13 14 15 16 17 18 19 20 21 22 23 24 25 26 27 28 29 30 31 32 33 34 35 36 37 38 39 40 41 42 43 44 45 46 47 48 49 50 51 52 53 54 55 56 57 58 59 60 61 62 63 64 65 66 67 68 69 70 71 72 73 74 75 76 77 78 79 80 81 82 83 84 85 86 87 88 89 90 91 92 93 94 95 96 97 98 99 100 101 102 103 104 105 106 107 108 109 110 111 112 113 114 115 116 117 118 119 120 121 122 123 124 125 126 127 128 129 130 131 132 133 134 135 136 137 138 139 140 141 142 143 144 145 146 147 148 149 150 151 152 153 154 155 156 157 158 159 160 161 162 163 164 165 166 167 168 169 170 171 172 173 174 175 176 177 178 179 180 181 182 183 184 185 186 187 188 189 190 191 192 193 194 195 196 197 198 199 200 201 202 203 204 205 206 207 208 209 210 211 212 213 214 215 216 217 218 219 220 221 222 223 224 225 226 227 228 229 230 231 232 233 234 235 236 237 238 239 240 241 242 243 244 245 246 247 248 249 250 251 252 253 254 255 256 257 258 259 260 261 262 263 264 265 266 267 268 269 270 271 272 273 274 275 276 277 278 279 280 281 282 283 284 285 286 287 288 289 290 291 292 293 294 295 296 297 298 299 300 301 302 303 304 305 306 307 308 309 310 311 312 313 314 315 316 317 318 319 320 321 322 323 324 325 326 327 328 329 330 331 332 333 334 335 336 337 338 339 340 341 342 343 344 345 346 347 348 349 350 351 352 353 354 355 356 357 358 359 360 361 362 363 364 365 366 367 368 369 370 371 372 373 374 375 376 377 378 379 380 381 382 383 384 385 386 387 388 389 390 391 392 393 394 395 396 397 398 399 400 401 402 403 404 405 406 407 408 409 410 411 412 413 414 415 416 417 418 419 420 421 422 423 424 425 426 427 428 429 430 431 432 433 434 435 436 437 438 439 440 441 442 443 444 445 446 447 448 449 450 451 452 453 454 455 456 457 458 459 460 461 462 463 464 465 466 467 468 469 470 471 472 473 474 475 476 477 478 479 480 481
 done.
 running RMSDs...
 done.
 E lowest :   -50.01252
 453 structures remain within     6.00 kcal/mol window

 input  file name : crest_rotamers_5.xyz
 output file name : crest_rotamers_6.xyz
 number of atoms                :   26
 number of points on xyz files  :   481
 RMSD threshold                 :   0.1250
 Bconst threshold               :   0.0100
 population threshold           :   0.0500
 conformer energy window  /kcal :   6.0000
 # fragment in coord            :     2
 # bonds in reference structure :    24
 number of reliable points      :   481
 reference state Etot :  -50.012524380000002
 number of doubles removed by rot/RMSD         :          28
 total number unique points considered further :         453
       Erel/kcal        Etot weight/tot  conformer     set   degen     origin
       1   0.000   -50.01252    0.01121    0.92504       1      83     gc
       2   0.000   -50.01252    0.01121                                gc
       3   0.000   -50.01252    0.01121                                gc
       4   0.000   -50.01252    0.01121                                md8
       5   0.000   -50.01252    0.01121                                gc
       6   0.000   -50.01252    0.01121                                mtd7
       7   0.000   -50.01252    0.01121                                gc
       8   0.000   -50.01252    0.01121                                gc
       9   0.000   -50.01252    0.01121                                md1
      10   0.000   -50.01252    0.01121                                mtd3
      11   0.000   -50.01252    0.01121                                md8
      12   0.000   -50.01252    0.01121                                mtd2
      13   0.000   -50.01252    0.01121                                mtd5
      14   0.000   -50.01252    0.01121                                md5
      15   0.000   -50.01252    0.01121                                gc
      16   0.000   -50.01252    0.01121                                md5
      17   0.000   -50.01252    0.01121                                gc
      18   0.000   -50.01252    0.01120                                gc
      19   0.000   -50.01252    0.01120                                mtd2
      20   0.000   -50.01252    0.01120                                mtd11
      21   0.000   -50.01252    0.01120                                md4
      22   0.000   -50.01252    0.01120                                md6
      23   0.000   -50.01252    0.01120                                gc
      24   0.000   -50.01252    0.01120                                gc
      25   0.000   -50.01252    0.01120                                md3
      26   0.001   -50.01252    0.01120                                mtd11
      27   0.001   -50.01252    0.01120                                mtd11
      28   0.001   -50.01252    0.01120                                gc
      29   0.001   -50.01252    0.01120                                md5
      30   0.001   -50.01252    0.01120                                gc
      31   0.001   -50.01252    0.01120                                gc
      32   0.001   -50.01252    0.01120                                gc
      33   0.001   -50.01252    0.01120                                mtd5
      34   0.001   -50.01252    0.01119                                gc
      35   0.001   -50.01252    0.01119                                mtd3
      36   0.001   -50.01252    0.01119                                md3
      37   0.001   -50.01252    0.01119                                md8
      38   0.001   -50.01252    0.01119                                md3
      39   0.001   -50.01252    0.01119                                mtd6
      40   0.001   -50.01252    0.01119                                gc
      41   0.001   -50.01252    0.01119                                gc
      42   0.001   -50.01252    0.01119                                gc
      43   0.001   -50.01252    0.01119                                gc
      44   0.001   -50.01252    0.01118                                md8
      45   0.001   -50.01252    0.01118                                gc
      46   0.001   -50.01252    0.01118                                mtd10
      47   0.001   -50.01252    0.01118                                gc
      48   0.001   -50.01252    0.01118                                mtd2
      49   0.001   -50.01252    0.01118                                gc
      50   0.001   -50.01252    0.01118                                mtd7
      51   0.001   -50.01252    0.01118                                gc
      52   0.001   -50.01252    0.01118                                md5
      53   0.001   -50.01252    0.01118                                mtd11
      54   0.002   -50.01252    0.01118                                gc
      55   0.002   -50.01252    0.01117                                mtd2
      56   0.002   -50.01252    0.01117                                gc
      57   0.002   -50.01252    0.01117                                gc
      58   0.002   -50.01252    0.01117                                gc
      59   0.003   -50.01252    0.01115                                gc
      60   0.004   -50.01252    0.01114                                gc
      61   0.004   -50.01252    0.01114                                mtd2
      62   0.004   -50.01252    0.01113                                gc
      63   0.004   -50.01252    0.01113                                gc
      64   0.005   -50.01252    0.01112                                gc
      65   0.005   -50.01252    0.01111                                gc
      66   0.005   -50.01252    0.01111                                gc
      67   0.006   -50.01252    0.01110                                md5
      68   0.006   -50.01252    0.01110                                gc
      69   0.006   -50.01251    0.01109                                gc
      70   0.008   -50.01251    0.01105                                gc
      71   0.009   -50.01251    0.01105                                md5
      72   0.009   -50.01251    0.01104                                mtd11
      73   0.009   -50.01251    0.01103                                mtd7
      74   0.011   -50.01251    0.01100                                gc
      75   0.013   -50.01250    0.01097                                md8
      76   0.013   -50.01250    0.01097                                mtd5
      77   0.013   -50.01250    0.01096                                md5
      78   0.014   -50.01250    0.01094                                md2
      79   0.015   -50.01250    0.01093                                md8
      80   0.016   -50.01250    0.01091                                md8
      81   0.017   -50.01250    0.01089                                md8
      82   0.017   -50.01250    0.01089                                md8
      83   0.022   -50.01249    0.01080                                mtd7
      84   0.613   -50.01155    0.00399    0.00399       2       1     md8
      85   0.859   -50.01116    0.00263    0.00263       3       1     mtd9
      86   1.630   -50.00993    0.00072    0.02222       4      31     mtd7
      87   1.630   -50.00993    0.00072                                gc
      88   1.630   -50.00993    0.00072                                md7
      89   1.630   -50.00993    0.00072                                mtd7
      90   1.630   -50.00993    0.00072                                gc
      91   1.630   -50.00993    0.00072                                gc
      92   1.630   -50.00993    0.00072                                gc
      93   1.630   -50.00993    0.00072                                mtd11
      94   1.630   -50.00993    0.00072                                mtd14
      95   1.630   -50.00993    0.00072                                mtd1
      96   1.630   -50.00993    0.00072                                mtd12
      97   1.630   -50.00993    0.00072                                mtd2
      98   1.630   -50.00993    0.00072                                mtd5
      99   1.630   -50.00993    0.00072                                mtd2
     100   1.630   -50.00993    0.00072                                mtd8
     101   1.630   -50.00993    0.00072                                mtd3
     102   1.630   -50.00993    0.00072                                mtd13
     103   1.630   -50.00993    0.00072                                mtd1
     104   1.630   -50.00993    0.00072                                mtd8
     105   1.630   -50.00993    0.00072                                mtd11
     106   1.630   -50.00993    0.00072                                mtd9
     107   1.631   -50.00993    0.00072                                mtd2
     108   1.631   -50.00993    0.00072                                mtd13
     109   1.631   -50.00993    0.00072                                gc
     110   1.631   -50.00993    0.00072                                mtd7
     111   1.631   -50.00993    0.00072                                mtd2
     112   1.631   -50.00993    0.00072                                mtd2
     113   1.631   -50.00993    0.00072                                mtd12
     114   1.631   -50.00993    0.00072                                mtd10
     115   1.631   -50.00993    0.00072                                mtd8
     116   1.632   -50.00992    0.00071                                mtd5
     117   1.667   -50.00987    0.00067    0.00595       5       9     mtd2
     118   1.672   -50.00986    0.00067                                mtd8
     119   1.676   -50.00985    0.00066                                mtd14
     120   1.679   -50.00985    0.00066                                mtd12
     121   1.679   -50.00985    0.00066                                mtd3
     122   1.681   -50.00985    0.00066                                mtd4
     123   1.681   -50.00985    0.00066                                mtd2
     124   1.685   -50.00984    0.00065                                gc
     125   1.687   -50.00984    0.00065                                mtd9
     126   1.692   -50.00983    0.00065    0.00194       6       3     gc
     127   1.693   -50.00983    0.00065                                mtd8
     128   1.693   -50.00983    0.00064                                mtd3
     129   1.815   -50.00963    0.00053    0.01311       7      25     mtd12
     130   1.815   -50.00963    0.00053                                mtd9
     131   1.815   -50.00963    0.00053                                mtd10
     132   1.815   -50.00963    0.00053                                mtd8
     133   1.815   -50.00963    0.00053                                mtd2
     134   1.815   -50.00963    0.00053                                mtd5
     135   1.815   -50.00963    0.00052                                mtd5
     136   1.815   -50.00963    0.00052                                mtd12
     137   1.815   -50.00963    0.00052                                mtd11
     138   1.815   -50.00963    0.00052                                mtd5
     139   1.815   -50.00963    0.00052                                mtd12
     140   1.815   -50.00963    0.00052                                mtd6
     141   1.815   -50.00963    0.00052                                mtd11
     142   1.816   -50.00963    0.00052                                gc
     143   1.816   -50.00963    0.00052                                gc
     144   1.816   -50.00963    0.00052                                mtd11
     145   1.816   -50.00963    0.00052                                mtd8
     146   1.816   -50.00963    0.00052                                gc
     147   1.816   -50.00963    0.00052                                mtd12
     148   1.818   -50.00963    0.00052                                mtd10
     149   1.816   -50.00963    0.00052                                gc
     150   1.816   -50.00963    0.00052                                mtd11
     151   1.817   -50.00963    0.00052                                mtd7
     152   1.817   -50.00963    0.00052                                gc
     153   1.820   -50.00962    0.00052                                mtd1
     154   1.817   -50.00963    0.00052    0.00052       8       1     mtd2
     155   1.818   -50.00963    0.00052    0.00156       9       3     mtd12
     156   1.821   -50.00962    0.00052                                mtd11
     157   1.822   -50.00962    0.00052                                mtd11
     158   1.920   -50.00947    0.00044    0.00044      10       1     mtd3
     159   1.929   -50.00945    0.00043    0.00043      11       1     mtd6
     160   1.942   -50.00943    0.00042    0.01860      12      44     mtd3
     161   1.942   -50.00943    0.00042                                gc
     162   1.942   -50.00943    0.00042                                mtd3
     163   1.942   -50.00943    0.00042                                mtd6
     164   1.942   -50.00943    0.00042                                mtd3
     165   1.942   -50.00943    0.00042                                gc
     166   1.942   -50.00943    0.00042                                mtd3
     167   1.942   -50.00943    0.00042                                mtd11
     168   1.942   -50.00943    0.00042                                mtd1
     169   1.942   -50.00943    0.00042                                mtd3
     170   1.942   -50.00943    0.00042                                gc
     171   1.942   -50.00943    0.00042                                gc
     172   1.942   -50.00943    0.00042                                mtd12
     173   1.942   -50.00943    0.00042                                mtd3
     174   1.942   -50.00943    0.00042                                mtd8
     175   1.942   -50.00943    0.00042                                mtd1
     176   1.942   -50.00943    0.00042                                mtd10
     177   1.942   -50.00943    0.00042                                gc
     178   1.942   -50.00943    0.00042                                mtd1
     179   1.943   -50.00943    0.00042                                mtd12
     180   1.943   -50.00943    0.00042                                mtd4
     181   1.943   -50.00943    0.00042                                mtd8
     182   1.943   -50.00943    0.00042                                gc
     183   1.943   -50.00943    0.00042                                mtd9
     184   1.943   -50.00943    0.00042                                mtd1
     185   1.943   -50.00943    0.00042                                gc
     186   1.943   -50.00943    0.00042                                mtd12
     187   1.943   -50.00943    0.00042                                gc
     188   1.943   -50.00943    0.00042                                gc
     189   1.943   -50.00943    0.00042                                gc
     190   1.943   -50.00943    0.00042                                gc
     191   1.944   -50.00943    0.00042                                gc
     192   1.944   -50.00943    0.00042                                gc
     193   1.944   -50.00943    0.00042                                mtd2
     194   1.944   -50.00943    0.00042                                gc
     195   1.945   -50.00942    0.00042                                gc
     196   1.946   -50.00942    0.00042                                mtd3
     197   1.946   -50.00942    0.00042                                gc
     198   1.947   -50.00942    0.00042                                gc
     199   1.947   -50.00942    0.00042                                gc
     200   1.947   -50.00942    0.00042                                gc
     201   1.947   -50.00942    0.00042                                gc
     202   1.948   -50.00942    0.00042                                gc
     203   1.955   -50.00941    0.00041                                gc
     204   2.150   -50.00910    0.00030    0.00030      13       1     mtd11
     205   2.369   -50.00875    0.00021    0.00021      14       1     mtd7
     206   2.441   -50.00863    0.00018    0.00018      15       1     mtd4
     207   3.150   -50.00750    0.00006    0.00039      16       7     mtd1
     208   3.150   -50.00750    0.00006                                mtd7
     209   3.150   -50.00750    0.00006                                mtd3
     210   3.152   -50.00750    0.00006                                mtd6
     211   3.152   -50.00750    0.00006                                mtd2
     212   3.154   -50.00750    0.00005                                mtd1
     213   3.157   -50.00749    0.00005                                mtd1
     214   3.226   -50.00738    0.00005    0.00010      17       2     mtd2
     215   3.226   -50.00738    0.00005                                mtd3
     216   3.437   -50.00705    0.00003    0.00044      18      13     mtd2
     217   3.437   -50.00705    0.00003                                mtd6
     218   3.438   -50.00705    0.00003                                mtd4
     219   3.438   -50.00705    0.00003                                mtd10
     220   3.438   -50.00705    0.00003                                mtd9
     221   3.438   -50.00705    0.00003                                mtd6
     222   3.438   -50.00705    0.00003                                mtd4
     223   3.438   -50.00705    0.00003                                mtd11
     224   3.438   -50.00705    0.00003                                mtd1
     225   3.439   -50.00704    0.00003                                mtd9
     226   3.440   -50.00704    0.00003                                mtd4
     227   3.443   -50.00704    0.00003                                mtd11
     228   3.447   -50.00703    0.00003                                gc
     229   3.445   -50.00703    0.00003    0.00003      19       1     mtd7
     230   3.447   -50.00703    0.00003    0.00007      20       2     gc
     231   3.450   -50.00703    0.00003                                gc
     232   3.529   -50.00690    0.00003    0.00014      21       5     mtd12
     233   3.529   -50.00690    0.00003                                mtd5
     234   3.540   -50.00688    0.00003                                mtd12
     235   3.542   -50.00688    0.00003                                mtd5
     236   3.544   -50.00688    0.00003                                mtd10
     237   3.544   -50.00688    0.00003    0.00048      22      17     mtd13
     238   3.544   -50.00688    0.00003                                mtd5
     239   3.544   -50.00688    0.00003                                mtd6
     240   3.545   -50.00688    0.00003                                mtd11
     241   3.545   -50.00688    0.00003                                mtd1
     242   3.545   -50.00688    0.00003                                mtd5
     243   3.545   -50.00687    0.00003                                mtd6
     244   3.545   -50.00687    0.00003                                gc
     245   3.545   -50.00687    0.00003                                mtd3
     246   3.546   -50.00687    0.00003                                mtd12
     247   3.546   -50.00687    0.00003                                gc
     248   3.546   -50.00687    0.00003                                mtd9
     249   3.551   -50.00687    0.00003                                mtd5
     250   3.551   -50.00687    0.00003                                mtd12
     251   3.544   -50.00688    0.00003                                gc
     252   3.552   -50.00686    0.00003                                mtd1
     253   3.572   -50.00683    0.00003                                mtd1
     254   3.649   -50.00671    0.00002    0.00002      23       1     mtd5
     255   3.650   -50.00671    0.00002    0.00033      24      14     gc
     256   3.651   -50.00671    0.00002                                mtd3
     257   3.651   -50.00671    0.00002                                mtd11
     258   3.651   -50.00671    0.00002                                mtd12
     259   3.651   -50.00671    0.00002                                gc
     260   3.651   -50.00671    0.00002                                mtd3
     261   3.652   -50.00671    0.00002                                gc
     262   3.652   -50.00670    0.00002                                mtd2
     263   3.652   -50.00670    0.00002                                mtd3
     264   3.652   -50.00670    0.00002                                gc
     265   3.653   -50.00670    0.00002                                gc
     266   3.653   -50.00670    0.00002                                mtd8
     267   3.653   -50.00670    0.00002                                mtd12
     268   3.654   -50.00670    0.00002                                mtd13
     269   3.653   -50.00670    0.00002    0.00005      25       2     mtd11
     270   3.658   -50.00669    0.00002                                mtd11
     271   3.654   -50.00670    0.00002    0.00002      26       1     mtd12
     272   3.664   -50.00669    0.00002    0.00005      27       2     mtd12
     273   3.666   -50.00668    0.00002                                mtd5
     274   3.711   -50.00661    0.00002    0.00002      28       1     mtd13
     275   3.828   -50.00642    0.00002    0.00023      29      13     gc
     276   3.828   -50.00642    0.00002                                mtd1
     277   3.828   -50.00642    0.00002                                mtd9
     278   3.828   -50.00642    0.00002                                gc
     279   3.828   -50.00642    0.00002                                mtd6
     280   3.828   -50.00642    0.00002                                gc
     281   3.828   -50.00642    0.00002                                mtd8
     282   3.828   -50.00642    0.00002                                mtd6
     283   3.828   -50.00642    0.00002                                mtd7
     284   3.828   -50.00642    0.00002                                gc
     285   3.828   -50.00642    0.00002                                mtd13
     286   3.830   -50.00642    0.00002                                gc
     287   3.830   -50.00642    0.00002                                gc
     288   3.932   -50.00626    0.00001    0.00003      30       2     mtd2
     289   3.938   -50.00625    0.00001                                mtd13
     290   3.986   -50.00617    0.00001    0.00003      31       2     mtd9
     291   3.987   -50.00617    0.00001                                mtd9
     292   3.988   -50.00617    0.00001    0.00001      32       1     mtd7
     293   4.021   -50.00612    0.00001    0.00001      33       1     gc
     294   4.024   -50.00611    0.00001    0.00001      34       1     gc
     295   4.053   -50.00607    0.00001    0.00001      35       1     mtd12
     296   4.660   -50.00510    0.00000    0.00000      36       1     mtd4
     297   4.661   -50.00510    0.00000    0.00005      37      11     mtd13
     298   4.661   -50.00510    0.00000                                mtd3
     299   4.661   -50.00510    0.00000                                mtd1
     300   4.661   -50.00510    0.00000                                mtd1
     301   4.661   -50.00510    0.00000                                mtd8
     302   4.661   -50.00510    0.00000                                mtd10
     303   4.662   -50.00510    0.00000                                gc
     304   4.662   -50.00510    0.00000                                gc
     305   4.662   -50.00510    0.00000                                gc
     306   4.663   -50.00509    0.00000                                mtd2
     307   4.690   -50.00505    0.00000                                mtd1
     308   4.692   -50.00505    0.00000    0.00007      38      18     gc
     309   4.692   -50.00505    0.00000                                gc
     310   4.692   -50.00505    0.00000                                gc
     311   4.692   -50.00505    0.00000                                mtd4
     312   4.692   -50.00505    0.00000                                gc
     313   4.692   -50.00505    0.00000                                gc
     314   4.692   -50.00505    0.00000                                mtd8
     315   4.693   -50.00505    0.00000                                mtd5
     316   4.693   -50.00504    0.00000                                gc
     317   4.694   -50.00504    0.00000                                mtd2
     318   4.694   -50.00504    0.00000                                gc
     319   4.695   -50.00504    0.00000                                mtd11
     320   4.695   -50.00504    0.00000                                mtd10
     321   4.696   -50.00504    0.00000                                mtd4
     322   4.699   -50.00504    0.00000                                mtd8
     323   4.699   -50.00504    0.00000                                mtd1
     324   4.700   -50.00504    0.00000                                mtd12
     325   4.704   -50.00503    0.00000                                mtd6
     326   4.711   -50.00502    0.00000    0.00002      39       5     mtd8
     327   4.704   -50.00503    0.00000                                gc
     328   4.708   -50.00502    0.00000                                mtd12
     329   4.712   -50.00502    0.00000                                gc
     330   4.712   -50.00501    0.00000                                mtd4
     331   4.716   -50.00501    0.00000    0.00000      40       1     mtd6
     332   4.708   -50.00502    0.00000    0.00001      41       3     mtd1
     333   4.709   -50.00502    0.00000                                mtd9
     334   4.716   -50.00501    0.00000                                gc
     335   4.710   -50.00502    0.00000    0.00000      42       1     mtd3
     336   4.718   -50.00501    0.00000    0.00002      43       4     mtd14
     337   4.719   -50.00500    0.00000                                mtd9
     338   4.719   -50.00500    0.00000                                mtd2
     339   4.719   -50.00500    0.00000                                mtd2
     340   4.721   -50.00500    0.00000    0.00000      44       1     mtd2
     341   4.722   -50.00500    0.00000    0.00000      45       1     mtd9
     342   4.730   -50.00499    0.00000    0.00000      46       1     mtd13
     343   4.742   -50.00497    0.00000    0.00000      47       1     mtd1
     344   4.754   -50.00495    0.00000    0.00000      48       1     gc
     345   4.754   -50.00495    0.00000    0.00000      49       1     mtd3
     346   4.755   -50.00495    0.00000    0.00000      50       1     mtd2
     347   4.756   -50.00495    0.00000    0.00000      51       1     mtd3
     348   4.761   -50.00494    0.00000    0.00000      52       1     mtd9
     349   4.768   -50.00493    0.00000    0.00001      53       2     gc
     350   4.771   -50.00492    0.00000                                mtd2
     351   4.771   -50.00492    0.00000    0.00001      54       3     mtd14
     352   4.772   -50.00492    0.00000                                mtd6
     353   4.772   -50.00492    0.00000                                mtd11
     354   4.772   -50.00492    0.00000    0.00001      55       2     gc
     355   4.770   -50.00492    0.00000                                mtd9
     356   4.775   -50.00492    0.00000    0.00000      56       1     mtd9
     357   4.783   -50.00490    0.00000    0.00000      57       1     mtd3
     358   4.787   -50.00490    0.00000    0.00000      58       1     mtd9
     359   4.834   -50.00482    0.00000    0.00000      59       1     mtd3
     360   4.941   -50.00465    0.00000    0.00001      60       4     mtd3
     361   4.942   -50.00465    0.00000                                mtd2
     362   4.942   -50.00465    0.00000                                mtd4
     363   4.947   -50.00464    0.00000                                mtd2
     364   4.960   -50.00462    0.00000    0.00001      61       2     mtd3
     365   4.960   -50.00462    0.00000                                mtd4
     366   4.962   -50.00462    0.00000    0.00000      62       1     mtd12
     367   4.964   -50.00461    0.00000    0.00002      63       8     mtd12
     368   4.964   -50.00461    0.00000                                mtd10
     369   4.964   -50.00461    0.00000                                gc
     370   4.964   -50.00461    0.00000                                gc
     371   4.965   -50.00461    0.00000                                mtd8
     372   4.965   -50.00461    0.00000                                mtd4
     373   4.965   -50.00461    0.00000                                mtd4
     374   4.965   -50.00461    0.00000                                mtd8
     375   4.967   -50.00461    0.00000    0.00001      64       4     gc
     376   4.966   -50.00461    0.00000                                mtd5
     377   4.965   -50.00461    0.00000                                mtd10
     378   4.966   -50.00461    0.00000                                gc
     379   4.968   -50.00461    0.00000    0.00000      65       1     gc
     380   4.966   -50.00461    0.00000    0.00000      66       1     mtd2
     381   4.970   -50.00460    0.00000    0.00000      67       1     gc
     382   5.018   -50.00453    0.00000    0.00000      68       1     gc
     383   5.054   -50.00447    0.00000    0.00001      69       3     mtd5
     384   5.068   -50.00445    0.00000                                gc
     385   5.056   -50.00447    0.00000                                mtd12
     386   5.070   -50.00445    0.00000    0.00000      70       1     mtd10
     387   5.076   -50.00444    0.00000    0.00000      71       1     gc
     388   5.088   -50.00442    0.00000    0.00000      72       2     mtd3
     389   5.068   -50.00445    0.00000                                mtd8
     390   5.084   -50.00442    0.00000    0.00000      73       1     gc
     391   5.096   -50.00440    0.00000    0.00000      74       1     mtd12
     392   5.134   -50.00434    0.00000    0.00000      75       2     mtd2
     393   5.134   -50.00434    0.00000                                mtd12
     394   5.139   -50.00434    0.00000    0.00001      76       5     mtd8
     395   5.139   -50.00433    0.00000                                mtd8
     396   5.140   -50.00433    0.00000                                mtd2
     397   5.140   -50.00433    0.00000                                mtd9
     398   5.153   -50.00431    0.00000                                mtd8
     399   5.156   -50.00431    0.00000    0.00000      77       1     mtd3
     400   5.182   -50.00427    0.00000    0.00000      78       1     mtd4
     401   5.186   -50.00426    0.00000    0.00001      79       3     mtd12
     402   5.186   -50.00426    0.00000                                mtd2
     403   5.191   -50.00425    0.00000                                mtd8
     404   5.214   -50.00422    0.00000    0.00000      80       2     mtd12
     405   5.214   -50.00422    0.00000                                mtd6
     406   5.490   -50.00378    0.00000    0.00000      81       2     gc
     407   5.491   -50.00377    0.00000                                gc
     408   5.498   -50.00376    0.00000    0.00000      82       1     gc
     409   5.528   -50.00372    0.00000    0.00000      83       1     gc
     410   5.647   -50.00353    0.00000    0.00000      84       4     gc
     411   5.647   -50.00352    0.00000                                mtd2
     412   5.647   -50.00353    0.00000                                mtd8
     413   5.647   -50.00353    0.00000                                mtd7
     414   5.648   -50.00352    0.00000    0.00000      85       2     gc
     415   5.647   -50.00353    0.00000                                gc
     416   5.649   -50.00352    0.00000    0.00001      86      10     gc
     417   5.650   -50.00352    0.00000                                gc
     418   5.650   -50.00352    0.00000                                gc
     419   5.651   -50.00352    0.00000                                gc
     420   5.651   -50.00352    0.00000                                mtd7
     421   5.651   -50.00352    0.00000                                mtd5
     422   5.652   -50.00352    0.00000                                gc
     423   5.652   -50.00352    0.00000                                mtd3
     424   5.653   -50.00352    0.00000                                gc
     425   5.656   -50.00351    0.00000                                gc
     426   5.659   -50.00351    0.00000    0.00001      87       7     gc
     427   5.659   -50.00351    0.00000                                gc
     428   5.656   -50.00351    0.00000                                mtd10
     429   5.661   -50.00350    0.00000                                gc
     430   5.647   -50.00352    0.00000                                mtd2
     431   5.664   -50.00350    0.00000                                gc
     432   5.657   -50.00351    0.00000                                gc
     433   5.657   -50.00351    0.00000    0.00001      88       7     mtd12
     434   5.665   -50.00350    0.00000                                mtd9
     435   5.657   -50.00351    0.00000                                mtd6
     436   5.658   -50.00351    0.00000                                mtd13
     437   5.672   -50.00349    0.00000                                mtd8
     438   5.659   -50.00351    0.00000                                gc
     439   5.674   -50.00348    0.00000                                mtd1
     440   5.680   -50.00347    0.00000    0.00000      89       1     gc
     441   5.693   -50.00345    0.00000    0.00000      90       1     mtd10
     442   5.874   -50.00316    0.00000    0.00000      91       1     mtd2
     443   5.916   -50.00310    0.00000    0.00000      92       3     gc
     444   5.918   -50.00309    0.00000                                gc
     445   5.918   -50.00309    0.00000                                gc
     446   5.919   -50.00309    0.00000    0.00000      93       5     gc
     447   5.919   -50.00309    0.00000                                gc
     448   5.920   -50.00309    0.00000                                gc
     449   5.920   -50.00309    0.00000                                gc
     450   5.921   -50.00309    0.00000                                gc
     451   5.922   -50.00309    0.00000    0.00000      94       2     gc
     452   5.925   -50.00308    0.00000                                gc
     453   5.973   -50.00301    0.00000    0.00000      95       1     gc
T /K                                  :   298.15
E lowest                              :   -50.01252
ensemble average energy (kcal)        :    0.135
ensemble entropy (J/mol K, cal/mol K) :   39.233    9.377
ensemble free energy (kcal/mol)       :   -2.796
population of lowest in %             :   92.504
 number of unique conformers for further calc           95
 list of relative energies saved as "crest.energies"

 -----------------
 Wall Time Summary
 -----------------
             test MD wall time :         0h : 0m : 6s
                 MTD wall time :         0h :13m : 6s
      multilevel OPT wall time :         1h : 2m : 4s
                  MD wall time :         0h :10m :46s
                  GC wall time :         0h : 9m :31s
--------------------
Overall wall time  : 1h :40m :42s

 CREST terminated normally.
