****************************************************************
  Sure Independence Screening and Sparsifying Operator (SISSO)  
             Version SISSO.3.3, July, 2023.                
****************************************************************

Read in data from train.dat
Read in data from SISSO.in
Property type:     1
Number of tasks:        1
Descriptor dimension:        2
Number of samples for the task(s):     36
Restarts :  0
Number of scalar features:       21
Tier of the feature space:        3
Maximal feature complexity (number of operators in a feature):        6
Unit of input primary feature, each represented by a row vector: 
    1.00
    1.00
    1.00
    1.00
    1.00
    1.00
    1.00
    1.00
    1.00
    1.00
    1.00
    1.00
    1.00
    1.00
    1.00
    1.00
    1.00
    1.00
    1.00
    1.00
    1.00
The feature will be discarded if the minimum of the maximal abs. value in it <    0.10000E-02
The faature will be discarded if the maximum of the maximal abs. value in it >     0.10000E+06
Size of the SIS-selected (single) subspace :  10000 10000
Operators for feature construction: (+)(-)(*) (+)(-)(*) (+)(-)(*) 
Method for sparse regression:  L0        
Fitting intercept:      T
Metric for model selection: RMSE
Number of the top-ranked models to output:      100
--------------------------------------------------------------------------------

Dimension:   1
-------------------
Feature Construction (FC) starts ...
Population Standard Deviation (SD) of the task 001:   97.93695
Total number of features in the space phi00:             21
Total number of features in the space phi01:            769
Total number of features in the space phi02:         275586
Total number of features in the space phi03:     8778820389
Size of the SIS-selected subspace from phi03:      10000
Time (second) used for this FC:         1602.25

Descriptor Identification (DI) starts ...
Total number of SIS-selected features from all dimensions:      10000
 
  1D descriptor: 
     d001 = ((feature21*(feature12+feature14))+((feature12-feature20)*(feature14+feature19)))    feature_ID:000001

  1D model(y=sum(ci*di)+c0): 
     coeff.(ci)_task001:     0.1837064386E+03
             c0_task001:     0.2664167067E+03
     RMSE,MaxAE_task001:     0.3300656450E+02    0.7480917350E+02

     RMSE and MaxAE of the model:  33.006564 74.809173
--------------------------------------------------------------------------------
Time (second) used for this DI:            0.09

Dimension:   2
-------------------
Feature Construction (FC) starts ...
Total number of features in the space phi00:             21
Total number of features in the space phi01:            769
Total number of features in the space phi02:         275586
Total number of features in the space phi03:     8778820389
Size of the SIS-selected subspace from phi03:      10000
Time (second) used for this FC:         1602.21

Descriptor Identification (DI) starts ...
Total number of SIS-selected features from all dimensions:      20000
 
Final model/descriptor !
================================================================================
  2D descriptor: 
     d001 = ((feature21*(feature12+feature14))+((feature12-feature19)*(feature14+feature19)))    feature_ID:000031
     d002 = (((feature15-feature18)-feature8)*((feature13+feature18)-(feature20-feature2)))    feature_ID:010174

  2D model(y=sum(ci*di)+c0): 
     coeff.(ci)_task001:     0.1724286177E+03    0.1838920526E+03
             c0_task001:     0.2542945289E+03
     RMSE,MaxAE_task001:     0.2212722160E+02    0.4983440106E+02

     RMSE and MaxAE of the model:  22.127222 49.834401
================================================================================
Time (second) used for this DI:           27.38
Total time (second):         3233.65
Have a nice day !    

