****************************************************************
  Sure Independence Screening and Sparsifying Operator (SISSO)  
             Version SISSO.3.3, July, 2023.                
****************************************************************

Read in data from train.dat
Read in data from SISSO.in
Property type:     1
Number of tasks:        1
Descriptor dimension:        2
Number of samples for the task(s):     36
Restarts :  0
Number of scalar features:       23
Tier of the feature space:        3
Maximal feature complexity (number of operators in a feature):        6
Unit of input primary feature, each represented by a row vector: 
    1.00
    1.00
    1.00
    1.00
    1.00
    1.00
    1.00
    1.00
    1.00
    1.00
    1.00
    1.00
    1.00
    1.00
    1.00
    1.00
    1.00
    1.00
    1.00
    1.00
    1.00
    1.00
    1.00
The feature will be discarded if the minimum of the maximal abs. value in it <    0.10000E-02
The faature will be discarded if the maximum of the maximal abs. value in it >     0.10000E+06
Size of the SIS-selected (single) subspace :  10000 10000
Operators for feature construction: (+)(-)(*) (+)(-)(*) (+)(-)(*) 
Method for sparse regression:  L0        
Fitting intercept:      T
Metric for model selection: RMSE
Number of the top-ranked models to output:      100
--------------------------------------------------------------------------------

Dimension:   1
-------------------
Feature Construction (FC) starts ...
Population Standard Deviation (SD) of the task 001:   10.76485
Total number of features in the space phi00:             23
Total number of features in the space phi01:            903
Total number of features in the space phi02:         346017
Total number of features in the space phi03:    13650579895
Size of the SIS-selected subspace from phi03:      10000
Time (second) used for this FC:         2076.18

Descriptor Identification (DI) starts ...
Total number of SIS-selected features from all dimensions:      10000
 
  1D descriptor: 
     d001 = ((feature21*(feature22-feature4))-((feature22-feature23)*(feature23-feature22)))    feature_ID:000001

  1D model(y=sum(ci*di)+c0): 
     coeff.(ci)_task001:    -0.3042134938E+02
             c0_task001:     0.2593185350E+02
     RMSE,MaxAE_task001:     0.5612753963E+01    0.1717271050E+02

     RMSE and MaxAE of the model:   5.612754 17.172711
--------------------------------------------------------------------------------
Time (second) used for this DI:            0.16

Dimension:   2
-------------------
Feature Construction (FC) starts ...
Total number of features in the space phi00:             23
Total number of features in the space phi01:            903
Total number of features in the space phi02:         346017
Total number of features in the space phi03:    13650579895
Size of the SIS-selected subspace from phi03:      10000
Time (second) used for this FC:         2074.03

Descriptor Identification (DI) starts ...
Total number of SIS-selected features from all dimensions:      20000
 
Final model/descriptor !
================================================================================
  2D descriptor: 
     d001 = (((feature1+feature13)+(feature20+feature21))-((feature15-feature22)-feature9))    feature_ID:009695
     d002 = (((feature23-feature22)-feature22)*((feature15-feature4)*(feature15-feature19)))    feature_ID:010016

  2D model(y=sum(ci*di)+c0): 
     coeff.(ci)_task001:    -0.1385536708E+02   -0.4995845287E+02
             c0_task001:     0.2716092007E+02
     RMSE,MaxAE_task001:     0.3918262010E+01    0.1075250064E+02

     RMSE and MaxAE of the model:   3.918262 10.752501
================================================================================
Time (second) used for this DI:           25.50
Total time (second):         4176.76
Have a nice day !    

