****************************************************************
  Sure Independence Screening and Sparsifying Operator (SISSO)  
             Version SISSO.3.3, July, 2023.                
****************************************************************

Read in data from train.dat
Read in data from SISSO.in
Property type:     1
Number of tasks:        1
Descriptor dimension:        2
Number of samples for the task(s):     36
Restarts :  0
Number of scalar features:       21
Tier of the feature space:        3
Maximal feature complexity (number of operators in a feature):        6
Unit of input primary feature, each represented by a row vector: 
    1.00
    1.00
    1.00
    1.00
    1.00
    1.00
    1.00
    1.00
    1.00
    1.00
    1.00
    1.00
    1.00
    1.00
    1.00
    1.00
    1.00
    1.00
    1.00
    1.00
    1.00
The feature will be discarded if the minimum of the maximal abs. value in it <    0.10000E-02
The faature will be discarded if the maximum of the maximal abs. value in it >     0.10000E+06
Size of the SIS-selected (single) subspace :  10000 10000
Operators for feature construction: (+)(-)(*) (+)(-)(*) (+)(-)(*) 
Method for sparse regression:  L0        
Fitting intercept:      T
Metric for model selection: RMSE
Number of the top-ranked models to output:      100
--------------------------------------------------------------------------------

Dimension:   1
-------------------
Feature Construction (FC) starts ...
Population Standard Deviation (SD) of the task 001:   22.10648
Total number of features in the space phi00:             21
Total number of features in the space phi01:            769
Total number of features in the space phi02:         275586
Total number of features in the space phi03:     8778820389
Size of the SIS-selected subspace from phi03:      10000
Time (second) used for this FC:         1592.98

Descriptor Identification (DI) starts ...
Total number of SIS-selected features from all dimensions:      10000
 
  1D descriptor: 
     d001 = (((feature2+feature21)*(feature12-feature20))-(feature17*(feature19-feature21)))    feature_ID:000001

  1D model(y=sum(ci*di)+c0): 
     coeff.(ci)_task001:     0.4295886597E+02
             c0_task001:     0.4614260847E+02
     RMSE,MaxAE_task001:     0.1163768972E+02    0.2810886599E+02

     RMSE and MaxAE of the model:  11.637690 28.108866
--------------------------------------------------------------------------------
Time (second) used for this DI:            0.09

Dimension:   2
-------------------
Feature Construction (FC) starts ...
Total number of features in the space phi00:             21
Total number of features in the space phi01:            769
Total number of features in the space phi02:         275586
Total number of features in the space phi03:     8778820389
Size of the SIS-selected subspace from phi03:      10000
Time (second) used for this FC:         1587.46

Descriptor Identification (DI) starts ...
Total number of SIS-selected features from all dimensions:      20000
 
Final model/descriptor !
================================================================================
  2D descriptor: 
     d001 = ((feature12*(feature8+feature15))+((feature2+feature21)*(feature12-feature20)))    feature_ID:003267
     d002 = ((feature15*(feature19-feature21))*((feature14+feature17)+(feature14-feature18)))    feature_ID:013218

  2D model(y=sum(ci*di)+c0): 
     coeff.(ci)_task001:     0.2879237635E+02   -0.1173983881E+03
             c0_task001:     0.3479463044E+02
     RMSE,MaxAE_task001:     0.7566888099E+01    0.2007344630E+02

     RMSE and MaxAE of the model:   7.566888 20.073446
================================================================================
Time (second) used for this DI:           25.62
Total time (second):         3206.76
Have a nice day !    

