****************************************************************
  Sure Independence Screening and Sparsifying Operator (SISSO)  
             Version SISSO.3.3, July, 2023.                
****************************************************************

Read in data from train.dat
Read in data from SISSO.in
Property type:     1
Number of tasks:        1
Descriptor dimension:        2
Number of samples for the task(s):      9
Restarts :  0
Number of scalar features:       11
Tier of the feature space:        3
Maximal feature complexity (number of operators in a feature):        6
Unit of input primary feature, each represented by a row vector: 
    1.00
    1.00
    1.00
    1.00
    1.00
    1.00
    1.00
    1.00
    1.00
    1.00
    1.00
The feature will be discarded if the minimum of the maximal abs. value in it <    0.10000E-02
The faature will be discarded if the maximum of the maximal abs. value in it >     0.10000E+06
Size of the SIS-selected (single) subspace :  10000 10000
Operators for feature construction: (+)(-)(*) (+)(-)(*) (+)(-)(*) 
Method for sparse regression:  L0        
Fitting intercept:      T
Metric for model selection: RMSE
Number of the top-ranked models to output:      100
--------------------------------------------------------------------------------

Dimension:   1
-------------------
Feature Construction (FC) starts ...
Population Standard Deviation (SD) of the task 001:   22.13466
Total number of features in the space phi00:             11
Total number of features in the space phi01:            211
Total number of features in the space phi02:          25384
Total number of features in the space phi03:      129161819
Size of the SIS-selected subspace from phi03:      10000
Time (second) used for this FC:           24.14

Descriptor Identification (DI) starts ...
Total number of SIS-selected features from all dimensions:      10000
 
  1D descriptor: 
     d001 = (((feature5+feature9)*(feature6-feature7))-(feature9*(feature8-feature9)))    feature_ID:000001

  1D model(y=sum(ci*di)+c0): 
     coeff.(ci)_task001:     0.5238703487E+02
             c0_task001:     0.2793358919E+02
     RMSE,MaxAE_task001:     0.3482821109E+01    0.7263589194E+01

     RMSE and MaxAE of the model:   3.482821  7.263589
--------------------------------------------------------------------------------
Time (second) used for this DI:            0.10

Dimension:   2
-------------------
Feature Construction (FC) starts ...
Total number of features in the space phi00:             11
Total number of features in the space phi01:            211
Total number of features in the space phi02:          25384
Total number of features in the space phi03:      129161819
Size of the SIS-selected subspace from phi03:      10000
Time (second) used for this FC:           24.87

Descriptor Identification (DI) starts ...
Total number of SIS-selected features from all dimensions:      20000
 
Final model/descriptor !
================================================================================
  2D descriptor: 
     d001 = (((feature5+feature8)-feature6)*((feature6+feature7)*(feature11-feature4)))    feature_ID:007555
     d002 = (((feature6-feature7)*(feature6+feature10))-(feature10*(feature5-feature1)))    feature_ID:008905

  2D model(y=sum(ci*di)+c0): 
     coeff.(ci)_task001:    -0.4440296679E+02    0.2773987554E+02
             c0_task001:     0.4003727785E+02
     RMSE,MaxAE_task001:     0.3003215307E+00    0.6733488507E+00

     RMSE and MaxAE of the model:   0.300322  0.673349
================================================================================
Time (second) used for this DI:           12.95
Total time (second):           62.52
Have a nice day !    

