****************************************************************
  Sure Independence Screening and Sparsifying Operator (SISSO)  
             Version SISSO.3.3, July, 2023.                
****************************************************************

Read in data from train.dat
Read in data from SISSO.in
Property type:     1
Number of tasks:        1
Descriptor dimension:        2
Number of samples for the task(s):     36
Restarts :  0
Number of scalar features:       18
Tier of the feature space:        3
Maximal feature complexity (number of operators in a feature):        6
Unit of input primary feature, each represented by a row vector: 
    1.00
    1.00
    1.00
    1.00
    1.00
    1.00
    1.00
    1.00
    1.00
    1.00
    1.00
    1.00
    1.00
    1.00
    1.00
    1.00
    1.00
    1.00
The feature will be discarded if the minimum of the maximal abs. value in it <    0.10000E-02
The faature will be discarded if the maximum of the maximal abs. value in it >     0.10000E+06
Size of the SIS-selected (single) subspace :  10000 10000
Operators for feature construction: (+)(-)(*) (+)(-)(*) (+)(-)(*) 
Method for sparse regression:  L0        
Fitting intercept:      T
Metric for model selection: RMSE
Number of the top-ranked models to output:      100
--------------------------------------------------------------------------------

Dimension:   1
-------------------
Feature Construction (FC) starts ...
Population Standard Deviation (SD) of the task 001:   10.35787
Total number of features in the space phi00:             18
Total number of features in the space phi01:            569
Total number of features in the space phi02:         161787
Total number of features in the space phi03:     3394162679
Size of the SIS-selected subspace from phi03:      10000
Time (second) used for this FC:          571.72

Descriptor Identification (DI) starts ...
Total number of SIS-selected features from all dimensions:      10000
 
  1D descriptor: 
     d001 = (((feature11+feature14)-feature17)*((feature10-feature18)-(feature9-feature5)))    feature_ID:000001

  1D model(y=sum(ci*di)+c0): 
     coeff.(ci)_task001:    -0.1518428450E+02
             c0_task001:     0.5369118582E+01
     RMSE,MaxAE_task001:     0.4122917256E+01    0.1014412812E+02

     RMSE and MaxAE of the model:   4.122917 10.144128
--------------------------------------------------------------------------------
Time (second) used for this DI:            0.19

Dimension:   2
-------------------
Feature Construction (FC) starts ...
Total number of features in the space phi00:             18
Total number of features in the space phi01:            569
Total number of features in the space phi02:         161787
Total number of features in the space phi03:     3394162679
Size of the SIS-selected subspace from phi03:      10000
Time (second) used for this FC:          571.24

Descriptor Identification (DI) starts ...
Total number of SIS-selected features from all dimensions:      20000
 
Final model/descriptor !
================================================================================
  2D descriptor: 
     d001 = ((feature18*(feature9+feature11))*((feature11-feature15)-(feature5-feature9)))    feature_ID:002750
     d002 = (((feature16-feature10)-feature10)*((feature5-feature9)*(feature15-feature17)))    feature_ID:010007

  2D model(y=sum(ci*di)+c0): 
     coeff.(ci)_task001:     0.1587734391E+02    0.2024699659E+03
             c0_task001:     0.6045135532E+01
     RMSE,MaxAE_task001:     0.2246532057E+01    0.4970532239E+01

     RMSE and MaxAE of the model:   2.246532  4.970532
================================================================================
Time (second) used for this DI:           25.83
Total time (second):         1171.79
Have a nice day !    

