****************************************************************
  Sure Independence Screening and Sparsifying Operator (SISSO)  
             Version SISSO.3.3, July, 2023.                
****************************************************************

Read in data from train.dat
Read in data from SISSO.in
Property type:     1
Number of tasks:        1
Descriptor dimension:        2
Number of samples for the task(s):     36
Restarts :  0
Number of scalar features:       19
Tier of the feature space:        3
Maximal feature complexity (number of operators in a feature):        6
Unit of input primary feature, each represented by a row vector: 
    1.00
    1.00
    1.00
    1.00
    1.00
    1.00
    1.00
    1.00
    1.00
    1.00
    1.00
    1.00
    1.00
    1.00
    1.00
    1.00
    1.00
    1.00
    1.00
The feature will be discarded if the minimum of the maximal abs. value in it <    0.10000E-02
The faature will be discarded if the maximum of the maximal abs. value in it >     0.10000E+06
Size of the SIS-selected (single) subspace :  10000 10000
Operators for feature construction: (+)(-)(*) (+)(-)(*) (+)(-)(*) 
Method for sparse regression:  L0        
Fitting intercept:      T
Metric for model selection: RMSE
Number of the top-ranked models to output:      100
--------------------------------------------------------------------------------

Dimension:   1
-------------------
Feature Construction (FC) starts ...
Population Standard Deviation (SD) of the task 001:   11.05231
Total number of features in the space phi00:             19
Total number of features in the space phi01:            632
Total number of features in the space phi02:         197685
Total number of features in the space phi03:     4823857573
Size of the SIS-selected subspace from phi03:      10000
Time (second) used for this FC:          881.25

Descriptor Identification (DI) starts ...
Total number of SIS-selected features from all dimensions:      10000
 
  1D descriptor: 
     d001 = ((feature16*(feature12+feature19))+((feature12+feature18)*(feature18-feature10)))    feature_ID:000001

  1D model(y=sum(ci*di)+c0): 
     coeff.(ci)_task001:    -0.3135039632E+02
             c0_task001:     0.3054137505E+02
     RMSE,MaxAE_task001:     0.5129427253E+01    0.1313096241E+02

     RMSE and MaxAE of the model:   5.129427 13.130962
--------------------------------------------------------------------------------
Time (second) used for this DI:            0.10

Dimension:   2
-------------------
Feature Construction (FC) starts ...
Total number of features in the space phi00:             19
Total number of features in the space phi01:            632
Total number of features in the space phi02:         197685
Total number of features in the space phi03:     4823857573
Size of the SIS-selected subspace from phi03:      10000
Time (second) used for this FC:          880.97

Descriptor Identification (DI) starts ...
Total number of SIS-selected features from all dimensions:      20000
 
Final model/descriptor !
================================================================================
  2D descriptor: 
     d001 = (((feature10*feature14)-(feature16*feature19))-(feature18*(feature1+feature18)))    feature_ID:006356
     d002 = (((feature19-feature18)-feature18)*((feature10-feature4)*(feature10-feature15)))    feature_ID:013988

  2D model(y=sum(ci*di)+c0): 
     coeff.(ci)_task001:     0.2752202367E+02   -0.4937774112E+02
             c0_task001:     0.2394816241E+02
     RMSE,MaxAE_task001:     0.3427461911E+01    0.9208992420E+01

     RMSE and MaxAE of the model:   3.427462  9.208992
================================================================================
Time (second) used for this DI:           25.65
Total time (second):         1789.89
Have a nice day !    

