
       ==============================================
       |                                            |
       |                 C R E S T                  |
       |                                            |
       |  Conformer-Rotamer Ensemble Sampling Tool  |
       |          based on the GFN methods          |
       |             P.Pracht, S.Grimme             |
       |          Universitaet Bonn, MCTC           |
       ==============================================
       Version 2.12,   Thu 19. Mai 16:32:32 CEST 2022
  Using the xTB program. Compatible with xTB version 6.4.0

   Cite work conducted with this code as

   • P.Pracht, F.Bohle, S.Grimme, PCCP, 2020, 22, 7169-7192.
   • S.Grimme, JCTC, 2019, 15, 2847-2862.

   and for works involving QCG as

   • S.Spicher, C.Plett, P.Pracht, A.Hansen, S.Grimme,
     JCTC, 2022, 18 (5), 3174-3189.

   with help from:
   C.Bannwarth, F.Bohle, S.Ehlert, S.Grimme,
   C.Plett, P.Pracht, S.Spicher

   This program is distributed in the hope that it will be useful,
   but WITHOUT ANY WARRANTY; without even the implied warranty of
   MERCHANTABILITY or FITNESS FOR A PARTICULAR PURPOSE.

 Command line input:
 > crest out.xyz --gfn 2 --chrg 0 -T 1 --noreftopo

  -gfn2 : Use of GFN2-xTB requested.
  --chrg 0
  -T 1 (CPUs/Threads selected)

 -------------------------
 xTB Geometry Optimization
 -------------------------
 Geometry successfully optimized.

------------------------------------------------
Generating MTD length from a flexibility measure
------------------------------------------------
 Calculating WBOs... done.
 Calculating NCI flexibility... done.
     covalent flexibility measure :   0.459
 non-covalent flexibility measure :   0.815
 flexibility measure :   0.506
 t(MTD) / ps    :     6.0
 Σ(t(MTD)) / ps :    84.0 (14 MTDs)

-------------------------------------
Starting a trial MTD to test settings
-------------------------------------
 Estimated runtime for one MTD (6.0 ps) on a single thread: 16 min 9 sec
 Estimated runtime for a batch of 14 MTDs on 1 threads: 3 h 46 min 8 sec

 list of Vbias parameters applied:
$metadyn    0.00300   1.300
$metadyn    0.00150   1.300
$metadyn    0.00075   1.300
$metadyn    0.00300   0.780
$metadyn    0.00150   0.780
$metadyn    0.00075   0.780
$metadyn    0.00300   0.468
$metadyn    0.00150   0.468
$metadyn    0.00075   0.468
$metadyn    0.00300   0.281
$metadyn    0.00150   0.281
$metadyn    0.00075   0.281
$metadyn    0.00100   0.100
$metadyn    0.00500   0.800

*******************************************************************************************
**                        N E W    I T E R A T I O N    C Y C L E                        **
*******************************************************************************************

========================================
            MTD Iteration  1
========================================

     ========================================
     |         Meta-MD (MTD) Sampling       |
     ========================================

Starting Meta-MD  14 with the settings:
     MD time /ps        :     6.0
     dt /fs             :     5.0
     dumpstep(trj) /fs  :     100
     dumpstep(Vbias)/ps :     1.0
     Vbias factor k /Eh :  0.1050
     Vbias exp α /bohr⁻²:    0.80
*Meta-MTD 14 finished*
Starting Meta-MD  13 with the settings:
     MD time /ps        :     6.0
     dt /fs             :     5.0
     dumpstep(trj) /fs  :     100
     dumpstep(Vbias)/ps :     1.0
     Vbias factor k /Eh :  0.0210
     Vbias exp α /bohr⁻²:    0.10
*Meta-MTD 13 finished*
Starting Meta-MD  12 with the settings:
     MD time /ps        :     6.0
     dt /fs             :     5.0
     dumpstep(trj) /fs  :     100
     dumpstep(Vbias)/ps :     1.0
     Vbias factor k /Eh :  0.0158
     Vbias exp α /bohr⁻²:    0.28
*Meta-MTD 12 finished*
Starting Meta-MD  11 with the settings:
     MD time /ps        :     6.0
     dt /fs             :     5.0
     dumpstep(trj) /fs  :     100
     dumpstep(Vbias)/ps :     1.0
     Vbias factor k /Eh :  0.0315
     Vbias exp α /bohr⁻²:    0.28
*Meta-MTD 11 finished*
Starting Meta-MD  10 with the settings:
     MD time /ps        :     6.0
     dt /fs             :     5.0
     dumpstep(trj) /fs  :     100
     dumpstep(Vbias)/ps :     1.0
     Vbias factor k /Eh :  0.0630
     Vbias exp α /bohr⁻²:    0.28
*Meta-MTD 10 finished*
Starting Meta-MD   9 with the settings:
     MD time /ps        :     6.0
     dt /fs             :     5.0
     dumpstep(trj) /fs  :     100
     dumpstep(Vbias)/ps :     1.0
     Vbias factor k /Eh :  0.0158
     Vbias exp α /bohr⁻²:    0.47
*Meta-MTD 9 finished*
Starting Meta-MD   8 with the settings:
     MD time /ps        :     6.0
     dt /fs             :     5.0
     dumpstep(trj) /fs  :     100
     dumpstep(Vbias)/ps :     1.0
     Vbias factor k /Eh :  0.0315
     Vbias exp α /bohr⁻²:    0.47
*Meta-MTD 8 finished*
Starting Meta-MD   7 with the settings:
     MD time /ps        :     6.0
     dt /fs             :     5.0
     dumpstep(trj) /fs  :     100
     dumpstep(Vbias)/ps :     1.0
     Vbias factor k /Eh :  0.0630
     Vbias exp α /bohr⁻²:    0.47
*Meta-MTD 7 finished*
Starting Meta-MD   6 with the settings:
     MD time /ps        :     6.0
     dt /fs             :     5.0
     dumpstep(trj) /fs  :     100
     dumpstep(Vbias)/ps :     1.0
     Vbias factor k /Eh :  0.0158
     Vbias exp α /bohr⁻²:    0.78
*Meta-MTD 6 finished*
Starting Meta-MD   5 with the settings:
     MD time /ps        :     6.0
     dt /fs             :     5.0
     dumpstep(trj) /fs  :     100
     dumpstep(Vbias)/ps :     1.0
     Vbias factor k /Eh :  0.0315
     Vbias exp α /bohr⁻²:    0.78
*Meta-MTD 5 finished*
Starting Meta-MD   4 with the settings:
     MD time /ps        :     6.0
     dt /fs             :     5.0
     dumpstep(trj) /fs  :     100
     dumpstep(Vbias)/ps :     1.0
     Vbias factor k /Eh :  0.0630
     Vbias exp α /bohr⁻²:    0.78
*Meta-MTD 4 finished*
Starting Meta-MD   3 with the settings:
     MD time /ps        :     6.0
     dt /fs             :     5.0
     dumpstep(trj) /fs  :     100
     dumpstep(Vbias)/ps :     1.0
     Vbias factor k /Eh :  0.0158
     Vbias exp α /bohr⁻²:    1.30
*Meta-MTD 3 finished*
Starting Meta-MD   2 with the settings:
     MD time /ps        :     6.0
     dt /fs             :     5.0
     dumpstep(trj) /fs  :     100
     dumpstep(Vbias)/ps :     1.0
     Vbias factor k /Eh :  0.0315
     Vbias exp α /bohr⁻²:    1.30
*Meta-MTD 2 finished*
Starting Meta-MD   1 with the settings:
     MD time /ps        :     6.0
     dt /fs             :     5.0
     dumpstep(trj) /fs  :     100
     dumpstep(Vbias)/ps :     1.0
     Vbias factor k /Eh :  0.0630
     Vbias exp α /bohr⁻²:    1.30
*Meta-MTD 1 finished*

-----------------------
Multilevel Optimization
-----------------------

 -------------------------
 1. crude pre-optimization
 -------------------------
 Optimizing all 826 structures from file "crest_rotamers_0.xyz" ...
 1 2 3 4 5 6 7 8 9 10 11 12 13 14 15 16 17 18 19 20 21 22 23 24 25 26 27 28 29 30 31 32 33 34 35 36 37 38 39 40 41 42 43 44 45 46 47 48 49 50 51 52 53 54 55 56 57 58 59 60 61 62 63 64 65 66 67 68 69 70 71 72 73 74 75 76 77 78 79 80 81 82 83 84 85 86 87 88 89 90 91 92 93 94 95 96 97 98 99 100 101 102 103 104 105 106 107 108 109 110 111 112 113 114 115 116 117 118 119 120 121 122 123 124 125 126 127 128 129 130 131 132 133 134 135 136 137 138 139 140 141 142 143 144 145 146 147 148 149 150 151 152 153 154 155 156 157 158 159 160 161 162 163 164 165 166 167 168 169 170 171 172 173 174 175 176 177 178 179 180 181 182 183 184 185 186 187 188 189 190 191 192 193 194 195 196 197 198 199 200 201 202 203 204 205 206 207 208 209 210 211 212 213 214 215 216 217 218 219 220 221 222 223 224 225 226 227 228 229 230 231 232 233 234 235 236 237 238 239 240 241 242 243 244 245 246 247 248 249 250 251 252 253 254 255 256 257 258 259 260 261 262 263 264 265 266 267 268 269 270 271 272 273 274 275 276 277 278 279 280 281 282 283 284 285 286 287 288 289 290 291 292 293 294 295 296 297 298 299 300 301 302 303 304 305 306 307 308 309 310 311 312 313 314 315 316 317 318 319 320 321 322 323 324 325 326 327 328 329 330 331 332 333 334 335 336 337 338 339 340 341 342 343 344 345 346 347 348 349 350 351 352 353 354 355 356 357 358 359 360 361 362 363 364 365 366 367 368 369 370 371 372 373 374 375 376 377 378 379 380 381 382 383 384 385 386 387 388 389 390 391 392 393 394 395 396 397 398 399 400 401 402 403 404 405 406 407 408 409 410 411 412 413 414 415 416 417 418 419 420 421 422 423 424 425 426 427 428 429 430 431 432 433 434 435 436 437 438 439 440 441 442 443 444 445 446 447 448 449 450 451 452 453 454 455 456 457 458 459 460 461 462 463 464 465 466 467 468 469 470 471 472 473 474 475 476 477 478 479 480 481 482 483 484 485 486 487 488 489 490 491 492 493 494 495 496 497 498 499 500 501 502 503 504 505 506 507 508 509 510 511 512 513 514 515 516 517 518 519 520 521 522 523 524 525 526 527 528 529 530 531 532 533 534 535 536 537 538 539 540 541 542 543 544 545 546 547 548 549 550 551 552 553 554 555 556 557 558 559 560 561 562 563 564 565 566 567 568 569 570 571 572 573 574 575 576 577 578 579 580 581 582 583 584 585 586 587 588 589 590 591 592 593 594 595 596 597 598 599 600 601 602 603 604 605 606 607 608 609 610 611 612 613 614 615 616 617 618 619 620 621 622 623 624 625 626 627 628 629 630 631 632 633 634 635 636 637 638 639 640 641 642 643 644 645 646 647 648 649 650 651 652 653 654 655 656 657 658 659 660 661 662 663 664 665 666 667 668 669 670 671 672 673 674 675 676 677 678 679 680 681 682 683 684 685 686 687 688 689 690 691 692 693 694 695 696 697 698 699 700 701 702 703 704 705 706 707 708 709 710 711 712 713 714 715 716 717 718 719 720 721 722 723 724 725 726 727 728 729 730 731 732 733 734 735 736 737 738 739 740 741 742 743 744 745 746 747 748 749 750 751 752 753 754 755 756 757 758 759 760 761 762 763 764 765 766 767 768 769 770 771 772 773 774 775 776 777 778 779 780 781 782 783 784 785 786 787 788 789 790 791 792 793 794 795 796 797 798 799 800 801 802 803 804 805 806 807 808 809 810 811 812 813 814 815 816 817 818 819 820 821 822 823 824 825 826
 done.
 running RMSDs...
 done.
 E lowest :   -28.37353
 742 structures remain within    12.00 kcal/mol window

 -------------------------------------
 2. optimization with tight thresholds
 -------------------------------------
 Optimizing all 743 structures from file "crest_rotamers_1.xyz" ...
 1 2 3 4 5 6 7 8 9 10 11 12 13 14 15 16 17 18 19 20 21 22 23 24 25 26 27 28 29 30 31 32 33 34 35 36 37 38 39 40 41 42 43 44 45 46 47 48 49 50 51 52 53 54 55 56 57 58 59 60 61 62 63 64 65 66 67 68 69 70 71 72 73 74 75 76 77 78 79 80 81 82 83 84 85 86 87 88 89 90 91 92 93 94 95 96 97 98 99 100 101 102 103 104 105 106 107 108 109 110 111 112 113 114 115 116 117 118 119 120 121 122 123 124 125 126 127 128 129 130 131 132 133 134 135 136 137 138 139 140 141 142 143 144 145 146 147 148 149 150 151 152 153 154 155 156 157 158 159 160 161 162 163 164 165 166 167 168 169 170 171 172 173 174 175 176 177 178 179 180 181 182 183 184 185 186 187 188 189 190 191 192 193 194 195 196 197 198 199 200 201 202 203 204 205 206 207 208 209 210 211 212 213 214 215 216 217 218 219 220 221 222 223 224 225 226 227 228 229 230 231 232 233 234 235 236 237 238 239 240 241 242 243 244 245 246 247 248 249 250 251 252 253 254 255 256 257 258 259 260 261 262 263 264 265 266 267 268 269 270 271 272 273 274 275 276 277 278 279 280 281 282 283 284 285 286 287 288 289 290 291 292 293 294 295 296 297 298 299 300 301 302 303 304 305 306 307 308 309 310 311 312 313 314 315 316 317 318 319 320 321 322 323 324 325 326 327 328 329 330 331 332 333 334 335 336 337 338 339 340 341 342 343 344 345 346 347 348 349 350 351 352 353 354 355 356 357 358 359 360 361 362 363 364 365 366 367 368 369 370 371 372 373 374 375 376 377 378 379 380 381 382 383 384 385 386 387 388 389 390 391 392 393 394 395 396 397 398 399 400 401 402 403 404 405 406 407 408 409 410 411 412 413 414 415 416 417 418 419 420 421 422 423 424 425 426 427 428 429 430 431 432 433 434 435 436 437 438 439 440 441 442 443 444 445 446 447 448 449 450 451 452 453 454 455 456 457 458 459 460 461 462 463 464 465 466 467 468 469 470 471 472 473 474 475 476 477 478 479 480 481 482 483 484 485 486 487 488 489 490 491 492 493 494 495 496 497 498 499 500 501 502 503 504 505 506 507 508 509 510 511 512 513 514 515 516 517 518 519 520 521 522 523 524 525 526 527 528 529 530 531 532 533 534 535 536 537 538 539 540 541 542 543 544 545 546 547 548 549 550 551 552 553 554 555 556 557 558 559 560 561 562 563 564 565 566 567 568 569 570 571 572 573 574 575 576 577 578 579 580 581 582 583 584 585 586 587 588 589 590 591 592 593 594 595 596 597 598 599 600 601 602 603 604 605 606 607 608 609 610 611 612 613 614 615 616 617 618 619 620 621 622 623 624 625 626 627 628 629 630 631 632 633 634 635 636 637 638 639 640 641 642 643 644 645 646 647 648 649 650 651 652 653 654 655 656 657 658 659 660 661 662 663 664 665 666 667 668 669 670 671 672 673 674 675 676 677 678 679 680 681 682 683 684 685 686 687 688 689 690 691 692 693 694 695 696 697 698 699 700 701 702 703 704 705 706 707 708 709 710 711 712 713 714 715 716 717 718 719 720 721 722 723 724 725 726 727 728 729 730 731 732 733 734 735 736 737 738 739 740 741 742 743
 done.
 running RMSDs...
 done.
 E lowest :   -28.37395
 306 structures remain within     6.00 kcal/mol window


========================================
            MTD Iteration  2
========================================

     ========================================
     |         Meta-MD (MTD) Sampling       |
     ========================================

Starting Meta-MD  12 with the settings:
     MD time /ps        :     6.0
     dt /fs             :     5.0
     dumpstep(trj) /fs  :     100
     dumpstep(Vbias)/ps :     1.0
     Vbias factor k /Eh :  0.0158
     Vbias exp α /bohr⁻²:    0.28
*Meta-MTD 12 finished*
Starting Meta-MD  11 with the settings:
     MD time /ps        :     6.0
     dt /fs             :     5.0
     dumpstep(trj) /fs  :     100
     dumpstep(Vbias)/ps :     1.0
     Vbias factor k /Eh :  0.0315
     Vbias exp α /bohr⁻²:    0.28
*Meta-MTD 11 finished*
Starting Meta-MD  10 with the settings:
     MD time /ps        :     6.0
     dt /fs             :     5.0
     dumpstep(trj) /fs  :     100
     dumpstep(Vbias)/ps :     1.0
     Vbias factor k /Eh :  0.0630
     Vbias exp α /bohr⁻²:    0.28
*Meta-MTD 10 finished*
Starting Meta-MD   9 with the settings:
     MD time /ps        :     6.0
     dt /fs             :     5.0
     dumpstep(trj) /fs  :     100
     dumpstep(Vbias)/ps :     1.0
     Vbias factor k /Eh :  0.0158
     Vbias exp α /bohr⁻²:    0.47
*Meta-MTD 9 finished*
Starting Meta-MD   8 with the settings:
     MD time /ps        :     6.0
     dt /fs             :     5.0
     dumpstep(trj) /fs  :     100
     dumpstep(Vbias)/ps :     1.0
     Vbias factor k /Eh :  0.0315
     Vbias exp α /bohr⁻²:    0.47
*Meta-MTD 8 finished*
Starting Meta-MD   7 with the settings:
     MD time /ps        :     6.0
     dt /fs             :     5.0
     dumpstep(trj) /fs  :     100
     dumpstep(Vbias)/ps :     1.0
     Vbias factor k /Eh :  0.0630
     Vbias exp α /bohr⁻²:    0.47
*Meta-MTD 7 finished*
Starting Meta-MD   6 with the settings:
     MD time /ps        :     6.0
     dt /fs             :     5.0
     dumpstep(trj) /fs  :     100
     dumpstep(Vbias)/ps :     1.0
     Vbias factor k /Eh :  0.0158
     Vbias exp α /bohr⁻²:    0.78
*Meta-MTD 6 finished*
Starting Meta-MD   5 with the settings:
     MD time /ps        :     6.0
     dt /fs             :     5.0
     dumpstep(trj) /fs  :     100
     dumpstep(Vbias)/ps :     1.0
     Vbias factor k /Eh :  0.0315
     Vbias exp α /bohr⁻²:    0.78
*Meta-MTD 5 finished*
Starting Meta-MD   4 with the settings:
     MD time /ps        :     6.0
     dt /fs             :     5.0
     dumpstep(trj) /fs  :     100
     dumpstep(Vbias)/ps :     1.0
     Vbias factor k /Eh :  0.0630
     Vbias exp α /bohr⁻²:    0.78
*Meta-MTD 4 finished*
Starting Meta-MD   3 with the settings:
     MD time /ps        :     6.0
     dt /fs             :     5.0
     dumpstep(trj) /fs  :     100
     dumpstep(Vbias)/ps :     1.0
     Vbias factor k /Eh :  0.0158
     Vbias exp α /bohr⁻²:    1.30
*Meta-MTD 3 finished*
Starting Meta-MD   2 with the settings:
     MD time /ps        :     6.0
     dt /fs             :     5.0
     dumpstep(trj) /fs  :     100
     dumpstep(Vbias)/ps :     1.0
     Vbias factor k /Eh :  0.0315
     Vbias exp α /bohr⁻²:    1.30
*Meta-MTD 2 finished*
Starting Meta-MD   1 with the settings:
     MD time /ps        :     6.0
     dt /fs             :     5.0
     dumpstep(trj) /fs  :     100
     dumpstep(Vbias)/ps :     1.0
     Vbias factor k /Eh :  0.0630
     Vbias exp α /bohr⁻²:    1.30
*Meta-MTD 1 finished*

-----------------------
Multilevel Optimization
-----------------------

 -------------------------
 1. crude pre-optimization
 -------------------------
 Optimizing all 708 structures from file "crest_rotamers_0.xyz" ...
 1 2 3 4 5 6 7 8 9 10 11 12 13 14 15 16 17 18 19 20 21 22 23 24 25 26 27 28 29 30 31 32 33 34 35 36 37 38 39 40 41 42 43 44 45 46 47 48 49 50 51 52 53 54 55 56 57 58 59 60 61 62 63 64 65 66 67 68 69 70 71 72 73 74 75 76 77 78 79 80 81 82 83 84 85 86 87 88 89 90 91 92 93 94 95 96 97 98 99 100 101 102 103 104 105 106 107 108 109 110 111 112 113 114 115 116 117 118 119 120 121 122 123 124 125 126 127 128 129 130 131 132 133 134 135 136 137 138 139 140 141 142 143 144 145 146 147 148 149 150 151 152 153 154 155 156 157 158 159 160 161 162 163 164 165 166 167 168 169 170 171 172 173 174 175 176 177 178 179 180 181 182 183 184 185 186 187 188 189 190 191 192 193 194 195 196 197 198 199 200 201 202 203 204 205 206 207 208 209 210 211 212 213 214 215 216 217 218 219 220 221 222 223 224 225 226 227 228 229 230 231 232 233 234 235 236 237 238 239 240 241 242 243 244 245 246 247 248 249 250 251 252 253 254 255 256 257 258 259 260 261 262 263 264 265 266 267 268 269 270 271 272 273 274 275 276 277 278 279 280 281 282 283 284 285 286 287 288 289 290 291 292 293 294 295 296 297 298 299 300 301 302 303 304 305 306 307 308 309 310 311 312 313 314 315 316 317 318 319 320 321 322 323 324 325 326 327 328 329 330 331 332 333 334 335 336 337 338 339 340 341 342 343 344 345 346 347 348 349 350 351 352 353 354 355 356 357 358 359 360 361 362 363 364 365 366 367 368 369 370 371 372 373 374 375 376 377 378 379 380 381 382 383 384 385 386 387 388 389 390 391 392 393 394 395 396 397 398 399 400 401 402 403 404 405 406 407 408 409 410 411 412 413 414 415 416 417 418 419 420 421 422 423 424 425 426 427 428 429 430 431 432 433 434 435 436 437 438 439 440 441 442 443 444 445 446 447 448 449 450 451 452 453 454 455 456 457 458 459 460 461 462 463 464 465 466 467 468 469 470 471 472 473 474 475 476 477 478 479 480 481 482 483 484 485 486 487 488 489 490 491 492 493 494 495 496 497 498 499 500 501 502 503 504 505 506 507 508 509 510 511 512 513 514 515 516 517 518 519 520 521 522 523 524 525 526 527 528 529 530 531 532 533 534 535 536 537 538 539 540 541 542 543 544 545 546 547 548 549 550 551 552 553 554 555 556 557 558 559 560 561 562 563 564 565 566 567 568 569 570 571 572 573 574 575 576 577 578 579 580 581 582 583 584 585 586 587 588 589 590 591 592 593 594 595 596 597 598 599 600 601 602 603 604 605 606 607 608 609 610 611 612 613 614 615 616 617 618 619 620 621 622 623 624 625 626 627 628 629 630 631 632 633 634 635 636 637 638 639 640 641 642 643 644 645 646 647 648 649 650 651 652 653 654 655 656 657 658 659 660 661 662 663 664 665 666 667 668 669 670 671 672 673 674 675 676 677 678 679 680 681 682 683 684 685 686 687 688 689 690 691 692 693 694 695 696 697 698 699 700 701 702 703 704 705 706 707 708
 done.
 running RMSDs...
 done.
 E lowest :   -28.37379
 625 structures remain within    12.00 kcal/mol window

 -------------------------------------
 2. optimization with tight thresholds
 -------------------------------------
 Optimizing all 626 structures from file "crest_rotamers_1.xyz" ...
 1 2 3 4 5 6 7 8 9 10 11 12 13 14 15 16 17 18 19 20 21 22 23 24 25 26 27 28 29 30 31 32 33 34 35 36 37 38 39 40 41 42 43 44 45 46 47 48 49 50 51 52 53 54 55 56 57 58 59 60 61 62 63 64 65 66 67 68 69 70 71 72 73 74 75 76 77 78 79 80 81 82 83 84 85 86 87 88 89 90 91 92 93 94 95 96 97 98 99 100 101 102 103 104 105 106 107 108 109 110 111 112 113 114 115 116 117 118 119 120 121 122 123 124 125 126 127 128 129 130 131 132 133 134 135 136 137 138 139 140 141 142 143 144 145 146 147 148 149 150 151 152 153 154 155 156 157 158 159 160 161 162 163 164 165 166 167 168 169 170 171 172 173 174 175 176 177 178 179 180 181 182 183 184 185 186 187 188 189 190 191 192 193 194 195 196 197 198 199 200 201 202 203 204 205 206 207 208 209 210 211 212 213 214 215 216 217 218 219 220 221 222 223 224 225 226 227 228 229 230 231 232 233 234 235 236 237 238 239 240 241 242 243 244 245 246 247 248 249 250 251 252 253 254 255 256 257 258 259 260 261 262 263 264 265 266 267 268 269 270 271 272 273 274 275 276 277 278 279 280 281 282 283 284 285 286 287 288 289 290 291 292 293 294 295 296 297 298 299 300 301 302 303 304 305 306 307 308 309 310 311 312 313 314 315 316 317 318 319 320 321 322 323 324 325 326 327 328 329 330 331 332 333 334 335 336 337 338 339 340 341 342 343 344 345 346 347 348 349 350 351 352 353 354 355 356 357 358 359 360 361 362 363 364 365 366 367 368 369 370 371 372 373 374 375 376 377 378 379 380 381 382 383 384 385 386 387 388 389 390 391 392 393 394 395 396 397 398 399 400 401 402 403 404 405 406 407 408 409 410 411 412 413 414 415 416 417 418 419 420 421 422 423 424 425 426 427 428 429 430 431 432 433 434 435 436 437 438 439 440 441 442 443 444 445 446 447 448 449 450 451 452 453 454 455 456 457 458 459 460 461 462 463 464 465 466 467 468 469 470 471 472 473 474 475 476 477 478 479 480 481 482 483 484 485 486 487 488 489 490 491 492 493 494 495 496 497 498 499 500 501 502 503 504 505 506 507 508 509 510 511 512 513 514 515 516 517 518 519 520 521 522 523 524 525 526 527 528 529 530 531 532 533 534 535 536 537 538 539 540 541 542 543 544 545 546 547 548 549 550 551 552 553 554 555 556 557 558 559 560 561 562 563 564 565 566 567 568 569 570 571 572 573 574 575 576 577 578 579 580 581 582 583 584 585 586 587 588 589 590 591 592 593 594 595 596 597 598 599 600 601 602 603 604 605 606 607 608 609 610 611 612 613 614 615 616 617 618 619 620 621 622 623 624 625 626
 done.
 running RMSDs...
 done.
 E lowest :   -28.37396
 296 structures remain within     6.00 kcal/mol window

========================================
            MTD Iterations done         
========================================
 Collecting ensmbles.
 running RMSDs...
 done.
 E lowest :   -28.37396
 523 structures remain within     6.00 kcal/mol window

 -------------------------------
 Additional orientation sampling
 -------------------------------
 Optimizing all 392 structures from file "oh_ensemble.xyz" ...
 1 2 3 4 5 6 7 8 9 10 11 12 13 14 15 16 17 18 19 20 21 22 23 24 25 26 27 28 29 30 31 32 33 34 35 36 37 38 39 40 41 42 43 44 45 46 47 48 49 50 51 52 53 54 55 56 57 58 59 60 61 62 63 64 65 66 67 68 69 70 71 72 73 74 75 76 77 78 79 80 81 82 83 84 85 86 87 88 89 90 91 92 93 94 95 96 97 98 99 100 101 102 103 104 105 106 107 108 109 110 111 112 113 114 115 116 117 118 119 120 121 122 123 124 125 126 127 128 129 130 131 132 133 134 135 136 137 138 139 140 141 142 143 144 145 146 147 148 149 150 151 152 153 154 155 156 157 158 159 160 161 162 163 164 165 166 167 168 169 170 171 172 173 174 175 176 177 178 179 180 181 182 183 184 185 186 187 188 189 190 191 192 193 194 195 196 197 198 199 200 201 202 203 204 205 206 207 208 209 210 211 212 213 214 215 216 217 218 219 220 221 222 223 224 225 226 227 228 229 230 231 232 233 234 235 236 237 238 239 240 241 242 243 244 245 246 247 248 249 250 251 252 253 254 255 256 257 258 259 260 261 262 263 264 265 266 267 268 269 270 271 272 273 274 275 276 277 278 279 280 281 282 283 284 285 286 287 288 289 290 291 292 293 294 295 296 297 298 299 300 301 302 303 304 305 306 307 308 309 310 311 312 313 314 315 316 317 318 319 320 321 322 323 324 325 326 327 328 329 330 331 332 333 334 335 336 337 338 339 340 341 342 343 344 345 346 347 348 349 350 351 352 353 354 355 356 357 358 359 360 361 362 363 364 365 366 367 368 369 370 371 372 373 374 375 376 377 378 379 380 381 382 383 384 385 386 387 388 389 390 391 392
 done.
 running RMSDs...
 done.
 E lowest :   -28.37396
 688 structures remain within     6.00 kcal/mol window

-----------------------------------------------
Additional regular MDs on lowest 4 conformer(s)
-----------------------------------------------
Starting MD   8 with the settings:
     MD time /ps        :     3.0
     MD Temperature /K  :   500.0
     dt /fs             :     5.0
     dumpstep(trj) /fs  :     100
*MD 8 finished*
Starting MD   7 with the settings:
     MD time /ps        :     3.0
     MD Temperature /K  :   400.0
     dt /fs             :     5.0
     dumpstep(trj) /fs  :     100
*MD 7 finished*
Starting MD   6 with the settings:
     MD time /ps        :     3.0
     MD Temperature /K  :   500.0
     dt /fs             :     5.0
     dumpstep(trj) /fs  :     100
*MD 6 finished*
Starting MD   5 with the settings:
     MD time /ps        :     3.0
     MD Temperature /K  :   400.0
     dt /fs             :     5.0
     dumpstep(trj) /fs  :     100
*MD 5 finished*
Starting MD   4 with the settings:
     MD time /ps        :     3.0
     MD Temperature /K  :   500.0
     dt /fs             :     5.0
     dumpstep(trj) /fs  :     100
*MD 4 finished*
Starting MD   3 with the settings:
     MD time /ps        :     3.0
     MD Temperature /K  :   400.0
     dt /fs             :     5.0
     dumpstep(trj) /fs  :     100
*MD 3 finished*
Starting MD   2 with the settings:
     MD time /ps        :     3.0
     MD Temperature /K  :   500.0
     dt /fs             :     5.0
     dumpstep(trj) /fs  :     100
*MD 2 finished*
Starting MD   1 with the settings:
     MD time /ps        :     3.0
     MD Temperature /K  :   400.0
     dt /fs             :     5.0
     dumpstep(trj) /fs  :     100
*MD 1 finished*
 Appending file crest_rotamers_2.xyz with new structures

 -------------------------------------------
 Ensemble optimization with tight thresholds
 -------------------------------------------
 Optimizing all 920 structures from file "crest_rotamers_2.xyz" ...
 1 2 3 4 5 6 7 8 9 10 11 12 13 14 15 16 17 18 19 20 21 22 23 24 25 26 27 28 29 30 31 32 33 34 35 36 37 38 39 40 41 42 43 44 45 46 47 48 49 50 51 52 53 54 55 56 57 58 59 60 61 62 63 64 65 66 67 68 69 70 71 72 73 74 75 76 77 78 79 80 81 82 83 84 85 86 87 88 89 90 91 92 93 94 95 96 97 98 99 100 101 102 103 104 105 106 107 108 109 110 111 112 113 114 115 116 117 118 119 120 121 122 123 124 125 126 127 128 129 130 131 132 133 134 135 136 137 138 139 140 141 142 143 144 145 146 147 148 149 150 151 152 153 154 155 156 157 158 159 160 161 162 163 164 165 166 167 168 169 170 171 172 173 174 175 176 177 178 179 180 181 182 183 184 185 186 187 188 189 190 191 192 193 194 195 196 197 198 199 200 201 202 203 204 205 206 207 208 209 210 211 212 213 214 215 216 217 218 219 220 221 222 223 224 225 226 227 228 229 230 231 232 233 234 235 236 237 238 239 240 241 242 243 244 245 246 247 248 249 250 251 252 253 254 255 256 257 258 259 260 261 262 263 264 265 266 267 268 269 270 271 272 273 274 275 276 277 278 279 280 281 282 283 284 285 286 287 288 289 290 291 292 293 294 295 296 297 298 299 300 301 302 303 304 305 306 307 308 309 310 311 312 313 314 315 316 317 318 319 320 321 322 323 324 325 326 327 328 329 330 331 332 333 334 335 336 337 338 339 340 341 342 343 344 345 346 347 348 349 350 351 352 353 354 355 356 357 358 359 360 361 362 363 364 365 366 367 368 369 370 371 372 373 374 375 376 377 378 379 380 381 382 383 384 385 386 387 388 389 390 391 392 393 394 395 396 397 398 399 400 401 402 403 404 405 406 407 408 409 410 411 412 413 414 415 416 417 418 419 420 421 422 423 424 425 426 427 428 429 430 431 432 433 434 435 436 437 438 439 440 441 442 443 444 445 446 447 448 449 450 451 452 453 454 455 456 457 458 459 460 461 462 463 464 465 466 467 468 469 470 471 472 473 474 475 476 477 478 479 480 481 482 483 484 485 486 487 488 489 490 491 492 493 494 495 496 497 498 499 500 501 502 503 504 505 506 507 508 509 510 511 512 513 514 515 516 517 518 519 520 521 522 523 524 525 526 527 528 529 530 531 532 533 534 535 536 537 538 539 540 541 542 543 544 545 546 547 548 549 550 551 552 553 554 555 556 557 558 559 560 561 562 563 564 565 566 567 568 569 570 571 572 573 574 575 576 577 578 579 580 581 582 583 584 585 586 587 588 589 590 591 592 593 594 595 596 597 598 599 600 601 602 603 604 605 606 607 608 609 610 611 612 613 614 615 616 617 618 619 620 621 622 623 624 625 626 627 628 629 630 631 632 633 634 635 636 637 638 639 640 641 642 643 644 645 646 647 648 649 650 651 652 653 654 655 656 657 658 659 660 661 662 663 664 665 666 667 668 669 670 671 672 673 674 675 676 677 678 679 680 681 682 683 684 685 686 687 688 689 690 691 692 693 694 695 696 697 698 699 700 701 702 703 704 705 706 707 708 709 710 711 712 713 714 715 716 717 718 719 720 721 722 723 724 725 726 727 728 729 730 731 732 733 734 735 736 737 738 739 740 741 742 743 744 745 746 747 748 749 750 751 752 753 754 755 756 757 758 759 760 761 762 763 764 765 766 767 768 769 770 771 772 773 774 775 776 777 778 779 780 781 782 783 784 785 786 787 788 789 790 791 792 793 794 795 796 797 798 799 800 801 802 803 804 805 806 807 808 809 810 811 812 813 814 815 816 817 818 819 820 821 822 823 824 825 826 827 828 829 830 831 832 833 834 835 836 837 838 839 840 841 842 843 844 845 846 847 848 849 850 851 852 853 854 855 856 857 858 859 860 861 862 863 864 865 866 867 868 869 870 871 872 873 874 875 876 877 878 879 880 881 882 883 884 885 886 887 888 889 890 891 892 893 894 895 896 897 898 899 900 901 902 903 904 905 906 907 908 909 910 911 912 913 914 915 916 917 918 919 920
 done.
 running RMSDs...
 done.
 E lowest :   -28.37396
 714 structures remain within     6.00 kcal/mol window


     ========================================
     |        Structure Crossing (GC)       |
     ========================================
 =============================
  # threads =           1
 =============================
 input  file name : crest_rotamers_4.xyz
number of atoms                :    21
number of points on xyz files  :   714
conformer energy window  /kcal :    6.00
CN per atom difference cut-off :  0.3000
RMSD threshold                 :  0.2500
max. # of generated structures : 300
 reading xyz file ...
 # in E window                714
 generating pairs ...      255254
  14.0 % done
  28.0 % done
  42.0 % done
  56.0 % done
  70.0 % done
  84.0 % done
  98.0 % done
 generated pairs           :      207529
 number of clash discarded :       47012
 average rmsd w.r.t input  : 2.84931
 sd of ensemble            : 0.53383
 number of new structures      :          43
 removed identical structures  :         557
 writing           43  TMPCONF* dirs ...
 --------------------------
 GC: loose pre-optimization
 --------------------------
 Starting optimization of generated structures
 43 jobs to do.
 1 2 3 4 5 6 7 8 9 10 11 12 13 14 15 16 17 18 19 20 21 22 23 24 25 26 27 28 29 30 31 32 33 34 35 36 37 38 39 40 41 42 43 
 done.
 Now appending opt.xyz file with new structures
 running RMSDs...
 done.
 E lowest :   -28.37392
 20 structures remain within    10.00 kcal/mol window
 --------------------------------------
 GC: optimization with tight thresholds
 --------------------------------------
 Optimizing all 20 structures from file "crest_rotamers_1.xyz" ...
 1 2 3 4 5 6 7 8 9 10 11 12 13 14 15 16 17 18 19 20
 done.
 running RMSDs...
 done.
 E lowest :   -28.37396


   ================================================
   |           Final Geometry Optimization        |
   ================================================
 ------------------------------------------------
 Ensemble optimization with very tight thresholds
 ------------------------------------------------
 Optimizing all 723 structures from file "crest_rotamers_5.xyz" ...
 1 2 3 4 5 6 7 8 9 10 11 12 13 14 15 16 17 18 19 20 21 22 23 24 25 26 27 28 29 30 31 32 33 34 35 36 37 38 39 40 41 42 43 44 45 46 47 48 49 50 51 52 53 54 55 56 57 58 59 60 61 62 63 64 65 66 67 68 69 70 71 72 73 74 75 76 77 78 79 80 81 82 83 84 85 86 87 88 89 90 91 92 93 94 95 96 97 98 99 100 101 102 103 104 105 106 107 108 109 110 111 112 113 114 115 116 117 118 119 120 121 122 123 124 125 126 127 128 129 130 131 132 133 134 135 136 137 138 139 140 141 142 143 144 145 146 147 148 149 150 151 152 153 154 155 156 157 158 159 160 161 162 163 164 165 166 167 168 169 170 171 172 173 174 175 176 177 178 179 180 181 182 183 184 185 186 187 188 189 190 191 192 193 194 195 196 197 198 199 200 201 202 203 204 205 206 207 208 209 210 211 212 213 214 215 216 217 218 219 220 221 222 223 224 225 226 227 228 229 230 231 232 233 234 235 236 237 238 239 240 241 242 243 244 245 246 247 248 249 250 251 252 253 254 255 256 257 258 259 260 261 262 263 264 265 266 267 268 269 270 271 272 273 274 275 276 277 278 279 280 281 282 283 284 285 286 287 288 289 290 291 292 293 294 295 296 297 298 299 300 301 302 303 304 305 306 307 308 309 310 311 312 313 314 315 316 317 318 319 320 321 322 323 324 325 326 327 328 329 330 331 332 333 334 335 336 337 338 339 340 341 342 343 344 345 346 347 348 349 350 351 352 353 354 355 356 357 358 359 360 361 362 363 364 365 366 367 368 369 370 371 372 373 374 375 376 377 378 379 380 381 382 383 384 385 386 387 388 389 390 391 392 393 394 395 396 397 398 399 400 401 402 403 404 405 406 407 408 409 410 411 412 413 414 415 416 417 418 419 420 421 422 423 424 425 426 427 428 429 430 431 432 433 434 435 436 437 438 439 440 441 442 443 444 445 446 447 448 449 450 451 452 453 454 455 456 457 458 459 460 461 462 463 464 465 466 467 468 469 470 471 472 473 474 475 476 477 478 479 480 481 482 483 484 485 486 487 488 489 490 491 492 493 494 495 496 497 498 499 500 501 502 503 504 505 506 507 508 509 510 511 512 513 514 515 516 517 518 519 520 521 522 523 524 525 526 527 528 529 530 531 532 533 534 535 536 537 538 539 540 541 542 543 544 545 546 547 548 549 550 551 552 553 554 555 556 557 558 559 560 561 562 563 564 565 566 567 568 569 570 571 572 573 574 575 576 577 578 579 580 581 582 583 584 585 586 587 588 589 590 591 592 593 594 595 596 597 598 599 600 601 602 603 604 605 606 607 608 609 610 611 612 613 614 615 616 617 618 619 620 621 622 623 624 625 626 627 628 629 630 631 632 633 634 635 636 637 638 639 640 641 642 643 644 645 646 647 648 649 650 651 652 653 654 655 656 657 658 659 660 661 662 663 664 665 666 667 668 669 670 671 672 673 674 675 676 677 678 679 680 681 682 683 684 685 686 687 688 689 690 691 692 693 694 695 696 697 698 699 700 701 702 703 704 705 706 707 708 709 710 711 712 713 714 715 716 717 718 719 720 721 722 723
 done.
 running RMSDs...
 done.
 E lowest :   -28.37396
 717 structures remain within     6.00 kcal/mol window

 input  file name : crest_rotamers_6.xyz
 output file name : crest_rotamers_7.xyz
 number of atoms                :   21
 number of points on xyz files  :   723
 RMSD threshold                 :   0.1250
 Bconst threshold               :   0.0100
 population threshold           :   0.0500
 conformer energy window  /kcal :   6.0000
 # fragment in coord            :     1
 # bonds in reference structure :    20
 number of reliable points      :   723
 reference state Etot :  -28.373955380000002
 number of doubles removed by rot/RMSD         :           6
 total number unique points considered further :         717
       Erel/kcal        Etot weight/tot  conformer     set   degen     origin
       1   0.000   -28.37396    0.02559    0.20465       1       8     hor
       2   0.000   -28.37396    0.02558                                md6
       3   0.000   -28.37396    0.02558                                hor
       4   0.000   -28.37396    0.02558                                hor
       5   0.000   -28.37396    0.02558                                mtd8
       6   0.000   -28.37396    0.02558                                md5
       7   0.000   -28.37396    0.02558                                hor
       8   0.000   -28.37396    0.02558                                mtd12
       9   0.135   -28.37374    0.02039    0.12230       2       6     mtd1
      10   0.135   -28.37374    0.02039                                hor
      11   0.135   -28.37374    0.02038                                mtd1
      12   0.135   -28.37374    0.02038                                hor
      13   0.135   -28.37374    0.02038                                mtd3
      14   0.135   -28.37374    0.02038                                mtd1
      15   0.220   -28.37360    0.01764    0.12345       3       7     mtd13
      16   0.220   -28.37360    0.01764                                mtd11
      17   0.220   -28.37360    0.01764                                md1
      18   0.220   -28.37360    0.01764                                hor
      19   0.220   -28.37360    0.01764                                hor
      20   0.221   -28.37360    0.01764                                mtd12
      21   0.222   -28.37360    0.01760                                gc
      22   0.231   -28.37359    0.01733    0.10395       4       6     mtd3
      23   0.231   -28.37359    0.01733                                mtd5
      24   0.231   -28.37359    0.01733                                mtd1
      25   0.231   -28.37359    0.01733                                hor
      26   0.231   -28.37359    0.01733                                hor
      27   0.231   -28.37359    0.01732                                mtd2
      28   0.432   -28.37327    0.01235    0.07407       5       6     hor
      29   0.432   -28.37327    0.01235                                md7
      30   0.432   -28.37327    0.01235                                mtd7
      31   0.432   -28.37327    0.01235                                hor
      32   0.432   -28.37327    0.01235                                mtd2
      33   0.433   -28.37327    0.01234                                mtd7
      34   0.597   -28.37300    0.00935    0.04676       6       5     hor
      35   0.597   -28.37300    0.00935                                hor
      36   0.597   -28.37300    0.00935                                mtd14
      37   0.597   -28.37300    0.00935                                mtd14
      38   0.597   -28.37300    0.00935                                mtd11
      39   0.777   -28.37272    0.00690    0.03449       7       5     hor
      40   0.777   -28.37272    0.00690                                hor
      41   0.777   -28.37272    0.00690                                hor
      42   0.777   -28.37272    0.00690                                mtd4
      43   0.777   -28.37272    0.00690                                mtd2
      44   0.795   -28.37269    0.00670    0.04013       8       6     hor
      45   0.795   -28.37269    0.00670                                mtd1
      46   0.795   -28.37269    0.00670                                mtd3
      47   0.796   -28.37269    0.00668                                mtd1
      48   0.797   -28.37269    0.00668                                mtd3
      49   0.797   -28.37269    0.00667                                md3
      50   1.003   -28.37236    0.00471    0.02826       9       6     hor
      51   1.003   -28.37236    0.00471                                mtd2
      52   1.003   -28.37236    0.00471                                hor
      53   1.003   -28.37236    0.00471                                hor
      54   1.003   -28.37236    0.00471                                mtd2
      55   1.004   -28.37236    0.00471                                mtd4
      56   1.082   -28.37223    0.00413    0.02476      10       6     mtd14
      57   1.082   -28.37223    0.00413                                hor
      58   1.082   -28.37223    0.00413                                mtd12
      59   1.082   -28.37223    0.00413                                mtd5
      60   1.082   -28.37223    0.00412                                mtd2
      61   1.082   -28.37223    0.00412                                mtd10
      62   1.521   -28.37153    0.00197    0.00591      11       3     mtd11
      63   1.521   -28.37153    0.00197                                hor
      64   1.521   -28.37153    0.00197                                hor
      65   1.528   -28.37152    0.00195    0.00778      12       4     hor
      66   1.528   -28.37152    0.00195                                hor
      67   1.528   -28.37152    0.00195                                mtd7
      68   1.528   -28.37152    0.00194                                md6
      69   1.537   -28.37151    0.00192    0.01149      13       6     mtd10
      70   1.537   -28.37151    0.00192                                mtd11
      71   1.537   -28.37151    0.00192                                mtd7
      72   1.537   -28.37151    0.00192                                hor
      73   1.537   -28.37151    0.00192                                hor
      74   1.537   -28.37151    0.00191                                mtd10
      75   1.575   -28.37145    0.00180    0.01257      14       7     hor
      76   1.575   -28.37145    0.00180                                mtd4
      77   1.575   -28.37145    0.00180                                hor
      78   1.575   -28.37145    0.00180                                mtd5
      79   1.575   -28.37144    0.00180                                mtd7
      80   1.576   -28.37144    0.00180                                mtd4
      81   1.576   -28.37144    0.00179                                mtd1
      82   1.588   -28.37142    0.00176    0.01227      15       7     mtd12
      83   1.588   -28.37142    0.00176                                mtd9
      84   1.589   -28.37142    0.00176                                mtd5
      85   1.589   -28.37142    0.00176                                mtd5
      86   1.589   -28.37142    0.00176                                mtd9
      87   1.591   -28.37142    0.00175                                md6
      88   1.593   -28.37142    0.00174                                mtd9
      89   1.599   -28.37141    0.00173    0.00862      16       5     mtd8
      90   1.599   -28.37141    0.00172                                mtd9
      91   1.599   -28.37141    0.00172                                hor
      92   1.599   -28.37141    0.00172                                hor
      93   1.602   -28.37140    0.00172                                mtd4
      94   1.640   -28.37134    0.00161    0.00322      17       2     mtd11
      95   1.640   -28.37134    0.00161                                hor
      96   1.687   -28.37127    0.00149    0.00594      18       4     mtd11
      97   1.687   -28.37127    0.00149                                mtd7
      98   1.687   -28.37127    0.00149                                hor
      99   1.688   -28.37126    0.00148                                mtd10
     100   1.726   -28.37121    0.00139    0.00836      19       6     mtd9
     101   1.726   -28.37121    0.00139                                mtd5
     102   1.726   -28.37121    0.00139                                mtd6
     103   1.726   -28.37120    0.00139                                mtd4
     104   1.726   -28.37120    0.00139                                mtd12
     105   1.726   -28.37120    0.00139                                hor
     106   1.729   -28.37120    0.00139    0.00832      20       6     mtd8
     107   1.729   -28.37120    0.00139                                hor
     108   1.729   -28.37120    0.00139                                mtd4
     109   1.729   -28.37120    0.00139                                mtd7
     110   1.729   -28.37120    0.00139                                mtd2
     111   1.729   -28.37120    0.00139                                md4
     112   1.832   -28.37104    0.00116    0.00698      21       6     mtd12
     113   1.832   -28.37104    0.00116                                hor
     114   1.832   -28.37104    0.00116                                mtd4
     115   1.833   -28.37103    0.00116                                mtd5
     116   1.833   -28.37103    0.00116                                mtd2
     117   1.833   -28.37103    0.00116                                mtd5
     118   1.908   -28.37092    0.00103    0.00307      22       3     hor
     119   1.908   -28.37091    0.00102                                hor
     120   1.909   -28.37091    0.00102                                mtd10
     121   1.936   -28.37087    0.00098    0.00489      23       5     mtd3
     122   1.936   -28.37087    0.00098                                mtd9
     123   1.936   -28.37087    0.00098                                hor
     124   1.936   -28.37087    0.00098                                hor
     125   1.936   -28.37087    0.00098                                mtd13
     126   1.956   -28.37084    0.00095    0.00378      24       4     mtd6
     127   1.956   -28.37084    0.00095                                hor
     128   1.956   -28.37084    0.00095                                mtd14
     129   1.956   -28.37084    0.00095                                mtd4
     130   1.981   -28.37080    0.00091    0.00271      25       3     mtd5
     131   1.981   -28.37080    0.00091                                mtd7
     132   1.984   -28.37079    0.00090                                md6
     133   2.007   -28.37076    0.00087    0.01011      26      12     mtd4
     134   2.007   -28.37076    0.00087                                hor
     135   2.007   -28.37076    0.00087                                mtd1
     136   2.007   -28.37076    0.00087                                mtd9
     137   2.007   -28.37076    0.00087                                mtd3
     138   2.007   -28.37076    0.00087                                mtd8
     139   2.042   -28.37070    0.00082                                hor
     140   2.042   -28.37070    0.00082                                hor
     141   2.042   -28.37070    0.00082                                mtd4
     142   2.042   -28.37070    0.00082                                hor
     143   2.042   -28.37070    0.00082                                mtd1
     144   2.042   -28.37070    0.00082                                mtd3
     145   2.109   -28.37059    0.00073    0.00364      27       5     mtd7
     146   2.109   -28.37059    0.00073                                hor
     147   2.111   -28.37059    0.00073                                mtd6
     148   2.112   -28.37059    0.00073                                hor
     149   2.112   -28.37059    0.00073                                mtd14
     150   2.112   -28.37059    0.00073    0.00508      28       7     mtd7
     151   2.113   -28.37059    0.00073                                mtd11
     152   2.114   -28.37059    0.00072                                mtd10
     153   2.111   -28.37059    0.00073                                mtd7
     154   2.115   -28.37059    0.00072                                mtd10
     155   2.111   -28.37059    0.00073                                mtd7
     156   2.111   -28.37059    0.00073                                mtd14
     157   2.115   -28.37058    0.00072    0.00072      29       1     mtd10
     158   2.164   -28.37051    0.00067    0.00399      30       6     mtd6
     159   2.164   -28.37051    0.00067                                mtd3
     160   2.164   -28.37051    0.00067                                mtd14
     161   2.164   -28.37051    0.00067                                mtd12
     162   2.165   -28.37050    0.00066                                mtd1
     163   2.169   -28.37050    0.00066                                mtd1
     164   2.189   -28.37047    0.00064    0.00382      31       6     mtd2
     165   2.189   -28.37047    0.00064                                hor
     166   2.189   -28.37047    0.00064                                mtd2
     167   2.189   -28.37047    0.00064                                hor
     168   2.190   -28.37047    0.00064                                mtd1
     169   2.192   -28.37046    0.00064                                mtd5
     170   2.199   -28.37045    0.00063    0.00188      32       3     mtd6
     171   2.199   -28.37045    0.00063                                mtd4
     172   2.200   -28.37045    0.00063                                mtd2
     173   2.231   -28.37040    0.00059    0.00238      33       4     hor
     174   2.231   -28.37040    0.00059                                mtd11
     175   2.232   -28.37040    0.00059                                mtd11
     176   2.232   -28.37040    0.00059                                mtd2
     177   2.236   -28.37039    0.00059    0.00354      34       6     hor
     178   2.236   -28.37039    0.00059                                hor
     179   2.236   -28.37039    0.00059                                mtd6
     180   2.236   -28.37039    0.00059                                mtd4
     181   2.236   -28.37039    0.00059                                mtd4
     182   2.236   -28.37039    0.00059                                mtd5
     183   2.242   -28.37038    0.00058    0.00233      35       4     mtd3
     184   2.242   -28.37038    0.00058                                hor
     185   2.242   -28.37038    0.00058                                hor
     186   2.242   -28.37038    0.00058                                md6
     187   2.253   -28.37036    0.00057    0.00172      36       3     mtd7
     188   2.253   -28.37036    0.00057                                hor
     189   2.253   -28.37036    0.00057                                mtd8
     190   2.310   -28.37027    0.00052    0.00312      37       6     mtd2
     191   2.310   -28.37027    0.00052                                mtd8
     192   2.310   -28.37027    0.00052                                mtd14
     193   2.310   -28.37027    0.00052                                mtd2
     194   2.311   -28.37027    0.00052                                mtd2
     195   2.311   -28.37027    0.00052                                mtd8
     196   2.312   -28.37027    0.00052    0.00207      38       4     hor
     197   2.312   -28.37027    0.00052                                mtd6
     198   2.312   -28.37027    0.00052                                hor
     199   2.312   -28.37027    0.00052                                mtd11
     200   2.376   -28.37017    0.00047    0.00093      39       2     hor
     201   2.376   -28.37017    0.00047                                mtd6
     202   2.426   -28.37009    0.00043    0.00257      40       6     mtd1
     203   2.426   -28.37009    0.00043                                mtd1
     204   2.426   -28.37009    0.00043                                mtd4
     205   2.426   -28.37009    0.00043                                gc
     206   2.426   -28.37009    0.00043                                mtd10
     207   2.427   -28.37009    0.00043                                gc
     208   2.465   -28.37003    0.00040    0.00280      41       7     mtd4
     209   2.465   -28.37003    0.00040                                hor
     210   2.465   -28.37003    0.00040                                mtd7
     211   2.465   -28.37003    0.00040                                hor
     212   2.465   -28.37003    0.00040                                mtd1
     213   2.465   -28.37003    0.00040                                mtd4
     214   2.465   -28.37003    0.00040                                mtd1
     215   2.481   -28.37000    0.00039    0.00195      42       5     mtd14
     216   2.481   -28.37000    0.00039                                hor
     217   2.481   -28.37000    0.00039                                mtd14
     218   2.481   -28.37000    0.00039                                mtd4
     219   2.482   -28.37000    0.00039                                mtd10
     220   2.490   -28.36999    0.00038    0.00077      43       2     hor
     221   2.490   -28.36999    0.00038                                hor
     222   2.491   -28.36999    0.00038    0.00153      44       4     mtd8
     223   2.491   -28.36999    0.00038                                mtd12
     224   2.491   -28.36999    0.00038                                mtd2
     225   2.491   -28.36999    0.00038                                mtd2
     226   2.577   -28.36985    0.00033    0.00199      45       6     hor
     227   2.577   -28.36985    0.00033                                hor
     228   2.577   -28.36985    0.00033                                mtd8
     229   2.577   -28.36985    0.00033                                mtd2
     230   2.577   -28.36985    0.00033                                mtd7
     231   2.577   -28.36985    0.00033                                md4
     232   2.579   -28.36984    0.00033    0.00132      46       4     mtd4
     233   2.579   -28.36984    0.00033                                mtd1
     234   2.580   -28.36984    0.00033                                mtd3
     235   2.581   -28.36984    0.00033                                mtd3
     236   2.617   -28.36979    0.00031    0.00124      47       4     mtd6
     237   2.617   -28.36979    0.00031                                hor
     238   2.617   -28.36979    0.00031                                mtd12
     239   2.617   -28.36979    0.00031                                hor
     240   2.641   -28.36975    0.00030    0.00089      48       3     hor
     241   2.641   -28.36975    0.00030                                hor
     242   2.641   -28.36975    0.00030                                mtd7
     243   2.668   -28.36970    0.00028    0.00085      49       3     hor
     244   2.668   -28.36970    0.00028                                hor
     245   2.668   -28.36970    0.00028                                hor
     246   2.672   -28.36970    0.00028    0.00085      50       3     mtd13
     247   2.672   -28.36970    0.00028                                mtd8
     248   2.672   -28.36970    0.00028                                mtd7
     249   2.727   -28.36961    0.00026    0.00179      51       7     mtd10
     250   2.727   -28.36961    0.00026                                hor
     251   2.727   -28.36961    0.00026                                hor
     252   2.727   -28.36961    0.00026                                mtd4
     253   2.735   -28.36960    0.00025                                hor
     254   2.735   -28.36960    0.00025                                mtd11
     255   2.735   -28.36960    0.00025                                hor
     256   2.735   -28.36960    0.00025    0.00076      52       3     hor
     257   2.736   -28.36960    0.00025                                mtd11
     258   2.737   -28.36959    0.00025                                mtd10
     259   2.749   -28.36957    0.00025    0.00124      53       5     mtd2
     260   2.749   -28.36957    0.00025                                mtd2
     261   2.749   -28.36957    0.00025                                mtd2
     262   2.749   -28.36957    0.00025                                mtd10
     263   2.749   -28.36957    0.00025                                hor
     264   2.754   -28.36957    0.00025    0.00148      54       6     mtd11
     265   2.754   -28.36957    0.00025                                hor
     266   2.754   -28.36957    0.00025                                hor
     267   2.754   -28.36957    0.00025                                mtd10
     268   2.754   -28.36957    0.00025                                hor
     269   2.754   -28.36957    0.00025                                hor
     270   2.810   -28.36948    0.00022    0.00067      55       3     hor
     271   2.810   -28.36948    0.00022                                hor
     272   2.810   -28.36948    0.00022                                mtd8
     273   2.814   -28.36947    0.00022    0.00111      56       5     hor
     274   2.814   -28.36947    0.00022                                hor
     275   2.814   -28.36947    0.00022                                hor
     276   2.814   -28.36947    0.00022                                md7
     277   2.814   -28.36947    0.00022                                mtd8
     278   2.866   -28.36939    0.00020    0.00061      57       3     hor
     279   2.866   -28.36939    0.00020                                hor
     280   2.867   -28.36939    0.00020                                mtd14
     281   2.923   -28.36930    0.00019    0.00111      58       6     mtd7
     282   2.923   -28.36930    0.00019                                mtd5
     283   2.923   -28.36930    0.00019                                hor
     284   2.923   -28.36930    0.00018                                hor
     285   2.923   -28.36930    0.00018                                md6
     286   2.925   -28.36929    0.00018                                mtd11
     287   2.940   -28.36927    0.00018    0.00090      59       5     hor
     288   2.940   -28.36927    0.00018                                mtd11
     289   2.940   -28.36927    0.00018                                hor
     290   2.940   -28.36927    0.00018                                mtd11
     291   2.940   -28.36927    0.00018                                hor
     292   2.961   -28.36924    0.00017    0.00104      60       6     mtd5
     293   2.961   -28.36924    0.00017                                mtd7
     294   2.962   -28.36924    0.00017                                mtd7
     295   2.962   -28.36924    0.00017                                hor
     296   2.962   -28.36924    0.00017                                mtd4
     297   2.962   -28.36924    0.00017                                mtd7
     298   2.964   -28.36923    0.00017    0.00035      61       2     mtd8
     299   2.964   -28.36923    0.00017                                mtd7
     300   2.965   -28.36923    0.00017    0.00034      62       2     hor
     301   2.965   -28.36923    0.00017                                hor
     302   2.993   -28.36919    0.00016    0.00063      63       4     mtd5
     303   3.023   -28.36914    0.00016                                mtd9
     304   3.023   -28.36914    0.00016                                mtd12
     305   3.023   -28.36914    0.00016                                md4
     306   3.025   -28.36913    0.00016    0.00078      64       5     mtd10
     307   3.025   -28.36913    0.00016                                hor
     308   3.025   -28.36913    0.00016                                mtd10
     309   3.025   -28.36913    0.00016                                hor
     310   3.025   -28.36913    0.00016                                mtd12
     311   3.028   -28.36913    0.00016    0.00137      65       9     hor
     312   3.028   -28.36913    0.00016                                md7
     313   3.028   -28.36913    0.00015                                mtd3
     314   3.028   -28.36913    0.00015                                mtd3
     315   3.028   -28.36913    0.00015                                mtd4
     316   3.039   -28.36911    0.00015                                hor
     317   3.062   -28.36908    0.00015                                mtd9
     318   3.062   -28.36908    0.00015                                mtd11
     319   3.062   -28.36908    0.00015                                mtd8
     320   3.062   -28.36908    0.00015    0.00076      66       5     mtd1
     321   3.039   -28.36911    0.00015                                hor
     322   3.039   -28.36911    0.00015                                mtd8
     323   3.039   -28.36911    0.00015                                mtd9
     324   3.039   -28.36911    0.00015                                hor
     325   3.070   -28.36906    0.00014    0.00043      67       3     hor
     326   3.070   -28.36906    0.00014                                hor
     327   3.071   -28.36906    0.00014                                mtd12
     328   3.073   -28.36906    0.00014    0.00029      68       2     mtd10
     329   3.074   -28.36906    0.00014                                mtd7
     330   3.082   -28.36904    0.00014    0.00028      69       2     hor
     331   3.082   -28.36904    0.00014                                mtd5
     332   3.097   -28.36902    0.00014    0.00041      70       3     hor
     333   3.098   -28.36902    0.00014                                mtd8
     334   3.099   -28.36902    0.00014                                mtd10
     335   3.102   -28.36901    0.00014    0.00041      71       3     hor
     336   3.108   -28.36900    0.00014                                mtd7
     337   3.110   -28.36900    0.00014                                mtd12
     338   3.110   -28.36900    0.00013    0.00013      72       1     mtd10
     339   3.104   -28.36901    0.00014    0.00027      73       2     hor
     340   3.108   -28.36900    0.00014                                mtd8
     341   3.147   -28.36894    0.00013    0.00063      74       5     hor
     342   3.147   -28.36894    0.00013                                mtd5
     343   3.147   -28.36894    0.00013                                mtd2
     344   3.147   -28.36894    0.00013                                hor
     345   3.147   -28.36894    0.00013                                mtd1
     346   3.156   -28.36893    0.00012    0.00012      75       1     mtd14
     347   3.187   -28.36888    0.00012    0.00036      76       3     md2
     348   3.187   -28.36888    0.00012                                gc
     349   3.187   -28.36888    0.00012                                mtd9
     350   3.197   -28.36886    0.00012    0.00023      77       2     md6
     351   3.197   -28.36886    0.00012                                hor
     352   3.212   -28.36884    0.00011    0.00034      78       3     mtd7
     353   3.212   -28.36884    0.00011                                hor
     354   3.215   -28.36883    0.00011                                hor
     355   3.222   -28.36882    0.00011    0.00022      79       2     mtd8
     356   3.222   -28.36882    0.00011                                hor
     357   3.238   -28.36880    0.00011    0.00076      80       7     mtd11
     358   3.238   -28.36880    0.00011                                mtd10
     359   3.238   -28.36880    0.00011                                mtd11
     360   3.238   -28.36880    0.00011                                mtd11
     361   3.238   -28.36880    0.00011                                hor
     362   3.239   -28.36879    0.00011                                mtd10
     363   3.239   -28.36879    0.00011                                mtd8
     364   3.260   -28.36876    0.00010    0.00031      81       3     hor
     365   3.260   -28.36876    0.00010                                mtd11
     366   3.261   -28.36876    0.00010                                mtd14
     367   3.264   -28.36875    0.00010    0.00021      82       2     hor
     368   3.264   -28.36875    0.00010                                mtd9
     369   3.277   -28.36873    0.00010    0.00020      83       2     mtd8
     370   3.277   -28.36873    0.00010                                mtd6
     371   3.280   -28.36873    0.00010    0.00051      84       5     mtd10
     372   3.280   -28.36873    0.00010                                hor
     373   3.280   -28.36873    0.00010                                mtd1
     374   3.280   -28.36873    0.00010                                mtd10
     375   3.280   -28.36873    0.00010                                hor
     376   3.303   -28.36869    0.00010    0.00029      85       3     mtd7
     377   3.303   -28.36869    0.00010                                mtd7
     378   3.307   -28.36869    0.00010                                mtd5
     379   3.375   -28.36858    0.00009    0.00026      86       3     mtd3
     380   3.376   -28.36858    0.00009                                mtd8
     381   3.377   -28.36857    0.00009                                mtd7
     382   3.403   -28.36853    0.00008    0.00033      87       4     mtd4
     383   3.403   -28.36853    0.00008                                mtd5
     384   3.408   -28.36852    0.00008                                mtd1
     385   3.408   -28.36852    0.00008                                mtd10
     386   3.423   -28.36850    0.00008    0.00008      88       1     mtd11
     387   3.428   -28.36849    0.00008    0.00024      89       3     hor
     388   3.428   -28.36849    0.00008                                hor
     389   3.428   -28.36849    0.00008                                mtd5
     390   3.441   -28.36847    0.00008    0.00008      90       1     hor
     391   3.460   -28.36844    0.00007    0.00015      91       2     hor
     392   3.460   -28.36844    0.00007                                hor
     393   3.476   -28.36842    0.00007    0.00007      92       1     hor
     394   3.493   -28.36839    0.00007    0.00028      93       4     mtd4
     395   3.493   -28.36839    0.00007                                gc
     396   3.494   -28.36839    0.00007                                hor
     397   3.496   -28.36838    0.00007                                gc
     398   3.496   -28.36838    0.00007    0.00007      94       1     hor
     399   3.499   -28.36838    0.00007    0.00007      95       1     mtd8
     400   3.542   -28.36831    0.00007    0.00026      96       4     mtd1
     401   3.542   -28.36831    0.00007                                hor
     402   3.542   -28.36831    0.00007                                hor
     403   3.543   -28.36831    0.00007                                md8
     404   3.553   -28.36829    0.00006    0.00026      97       4     mtd9
     405   3.553   -28.36829    0.00006                                hor
     406   3.553   -28.36829    0.00006                                hor
     407   3.553   -28.36829    0.00006                                hor
     408   3.574   -28.36826    0.00006    0.00031      98       5     mtd12
     409   3.574   -28.36826    0.00006                                hor
     410   3.574   -28.36826    0.00006                                hor
     411   3.574   -28.36826    0.00006                                mtd10
     412   3.574   -28.36826    0.00006                                mtd9
     413   3.640   -28.36815    0.00006    0.00022      99       4     hor
     414   3.640   -28.36815    0.00006                                mtd12
     415   3.640   -28.36815    0.00006                                hor
     416   3.640   -28.36815    0.00006                                mtd5
     417   3.690   -28.36808    0.00005    0.00020     100       4     hor
     418   3.690   -28.36808    0.00005                                mtd2
     419   3.690   -28.36808    0.00005                                mtd6
     420   3.690   -28.36808    0.00005                                hor
     421   3.713   -28.36804    0.00005    0.00005     101       1     hor
     422   3.736   -28.36800    0.00005    0.00005     102       1     mtd10
     423   3.741   -28.36799    0.00005    0.00014     103       3     mtd6
     424   3.741   -28.36799    0.00005                                hor
     425   3.741   -28.36799    0.00005                                hor
     426   3.749   -28.36798    0.00005    0.00009     104       2     hor
     427   3.749   -28.36798    0.00005                                hor
     428   3.751   -28.36798    0.00005    0.00005     105       1     mtd8
     429   3.780   -28.36793    0.00004    0.00022     106       5     hor
     430   3.780   -28.36793    0.00004                                hor
     431   3.780   -28.36793    0.00004                                mtd6
     432   3.780   -28.36793    0.00004                                hor
     433   3.780   -28.36793    0.00004                                mtd11
     434   3.799   -28.36790    0.00004    0.00041     107      10     mtd14
     435   3.799   -28.36790    0.00004                                hor
     436   3.799   -28.36790    0.00004                                mtd10
     437   3.799   -28.36790    0.00004                                hor
     438   3.824   -28.36786    0.00004                                gc
     439   3.825   -28.36786    0.00004                                mtd4
     440   3.827   -28.36786    0.00004                                mtd6
     441   3.827   -28.36786    0.00004                                md8
     442   3.827   -28.36786    0.00004                                md8
     443   3.827   -28.36786    0.00004                                hor
     444   3.827   -28.36786    0.00004    0.00012     108       3     md8
     445   3.828   -28.36786    0.00004                                mtd7
     446   3.807   -28.36789    0.00004                                hor
     447   3.807   -28.36789    0.00004    0.00008     109       2     hor
     448   3.808   -28.36789    0.00004                                mtd4
     449   3.822   -28.36787    0.00004    0.00012     110       3     mtd10
     450   3.822   -28.36787    0.00004                                mtd4
     451   3.824   -28.36786    0.00004                                mtd1
     452   3.836   -28.36784    0.00004    0.00008     111       2     hor
     453   3.836   -28.36784    0.00004                                hor
     454   3.851   -28.36782    0.00004    0.00031     112       8     mtd6
     455   3.852   -28.36782    0.00004                                mtd11
     456   3.853   -28.36782    0.00004                                hor
     457   3.853   -28.36782    0.00004                                hor
     458   3.853   -28.36781    0.00004                                hor
     459   3.854   -28.36781    0.00004                                mtd11
     460   3.854   -28.36781    0.00004                                mtd4
     461   3.854   -28.36781    0.00004                                mtd9
     462   3.866   -28.36779    0.00004    0.00004     113       1     mtd12
     463   3.893   -28.36775    0.00004    0.00011     114       3     hor
     464   3.893   -28.36775    0.00004                                hor
     465   3.894   -28.36775    0.00004                                mtd10
     466   3.911   -28.36772    0.00003    0.00007     115       2     hor
     467   3.911   -28.36772    0.00003                                hor
     468   3.958   -28.36765    0.00003    0.00003     116       1     hor
     469   3.968   -28.36763    0.00003    0.00010     117       3     hor
     470   3.968   -28.36763    0.00003                                hor
     471   3.968   -28.36763    0.00003                                hor
     472   3.974   -28.36762    0.00003    0.00006     118       2     mtd10
     473   3.974   -28.36762    0.00003                                mtd9
     474   3.996   -28.36759    0.00003    0.00009     119       3     hor
     475   3.996   -28.36759    0.00003                                hor
     476   3.997   -28.36759    0.00003                                mtd8
     477   4.034   -28.36753    0.00003    0.00006     120       2     mtd13
     478   4.034   -28.36753    0.00003                                mtd3
     479   4.047   -28.36751    0.00003    0.00008     121       3     hor
     480   4.047   -28.36751    0.00003                                hor
     481   4.048   -28.36750    0.00003                                mtd11
     482   4.062   -28.36748    0.00003    0.00019     122       7     hor
     483   4.062   -28.36748    0.00003                                hor
     484   4.063   -28.36748    0.00003                                mtd10
     485   4.063   -28.36748    0.00003                                hor
     486   4.063   -28.36748    0.00003                                hor
     487   4.063   -28.36748    0.00003                                mtd12
     488   4.063   -28.36748    0.00003                                mtd10
     489   4.064   -28.36748    0.00003    0.00011     123       4     hor
     490   4.064   -28.36748    0.00003                                hor
     491   4.064   -28.36748    0.00003                                mtd5
     492   4.064   -28.36748    0.00003                                mtd7
     493   4.080   -28.36745    0.00003    0.00005     124       2     mtd7
     494   4.081   -28.36745    0.00003                                hor
     495   4.082   -28.36745    0.00003    0.00016     125       6     hor
     496   4.082   -28.36745    0.00003                                mtd6
     497   4.082   -28.36745    0.00003                                mtd1
     498   4.082   -28.36745    0.00003                                mtd4
     499   4.082   -28.36745    0.00003                                hor
     500   4.082   -28.36745    0.00003                                mtd7
     501   4.089   -28.36744    0.00003    0.00008     126       3     hor
     502   4.089   -28.36744    0.00003                                mtd1
     503   4.089   -28.36744    0.00003                                mtd11
     504   4.125   -28.36738    0.00002    0.00012     127       5     mtd11
     505   4.125   -28.36738    0.00002                                mtd6
     506   4.125   -28.36738    0.00002                                mtd11
     507   4.125   -28.36738    0.00002                                mtd7
     508   4.125   -28.36738    0.00002                                md4
     509   4.166   -28.36732    0.00002    0.00009     128       4     hor
     510   4.166   -28.36732    0.00002                                hor
     511   4.166   -28.36732    0.00002                                mtd7
     512   4.166   -28.36732    0.00002                                mtd6
     513   4.180   -28.36729    0.00002    0.00007     129       3     mtd12
     514   4.180   -28.36729    0.00002                                mtd10
     515   4.181   -28.36729    0.00002                                mtd9
     516   4.186   -28.36729    0.00002    0.00013     130       6     hor
     517   4.186   -28.36729    0.00002                                hor
     518   4.186   -28.36729    0.00002                                mtd10
     519   4.186   -28.36728    0.00002                                hor
     520   4.186   -28.36728    0.00002                                hor
     521   4.186   -28.36728    0.00002                                mtd4
     522   4.188   -28.36728    0.00002    0.00004     131       2     mtd10
     523   4.189   -28.36728    0.00002                                mtd10
     524   4.196   -28.36727    0.00002    0.00004     132       2     hor
     525   4.196   -28.36727    0.00002                                hor
     526   4.214   -28.36724    0.00002    0.00002     133       1     mtd10
     527   4.292   -28.36712    0.00002    0.00004     134       2     mtd7
     528   4.292   -28.36712    0.00002                                hor
     529   4.307   -28.36709    0.00002    0.00004     135       2     hor
     530   4.307   -28.36709    0.00002                                hor
     531   4.319   -28.36707    0.00002    0.00005     136       3     hor
     532   4.319   -28.36707    0.00002                                hor
     533   4.319   -28.36707    0.00002                                hor
     534   4.330   -28.36705    0.00002    0.00013     137       8     hor
     535   4.330   -28.36705    0.00002                                mtd10
     536   4.330   -28.36705    0.00002                                hor
     537   4.378   -28.36698    0.00002                                mtd7
     538   4.379   -28.36698    0.00002                                hor
     539   4.379   -28.36698    0.00002                                mtd4
     540   4.379   -28.36698    0.00002                                mtd7
     541   4.379   -28.36698    0.00002                                mtd4
     542   4.395   -28.36695    0.00002    0.00002     138       1     mtd7
     543   4.397   -28.36695    0.00002    0.00005     139       3     hor
     544   4.397   -28.36695    0.00002                                hor
     545   4.397   -28.36695    0.00002                                hor
     546   4.405   -28.36694    0.00002    0.00003     140       2     hor
     547   4.405   -28.36694    0.00002                                mtd3
     548   4.420   -28.36691    0.00001    0.00001     141       1     hor
     549   4.423   -28.36691    0.00001    0.00003     142       2     mtd7
     550   4.423   -28.36691    0.00001                                mtd4
     551   4.440   -28.36688    0.00001    0.00003     143       2     hor
     552   4.441   -28.36688    0.00001                                mtd14
     553   4.475   -28.36682    0.00001    0.00005     144       4     hor
     554   4.475   -28.36682    0.00001                                hor
     555   4.476   -28.36682    0.00001                                mtd6
     556   4.478   -28.36682    0.00001                                mtd10
     557   4.478   -28.36682    0.00001    0.00005     145       4     hor
     558   4.478   -28.36682    0.00001                                mtd2
     559   4.479   -28.36682    0.00001                                hor
     560   4.478   -28.36682    0.00001                                mtd8
     561   4.492   -28.36680    0.00001    0.00003     146       2     mtd8
     562   4.492   -28.36680    0.00001                                mtd10
     563   4.500   -28.36678    0.00001    0.00003     147       2     mtd14
     564   4.501   -28.36678    0.00001                                mtd4
     565   4.524   -28.36675    0.00001    0.00002     148       2     hor
     566   4.524   -28.36675    0.00001                                hor
     567   4.524   -28.36675    0.00001    0.00001     149       1     hor
     568   4.546   -28.36671    0.00001    0.00001     150       1     mtd11
     569   4.556   -28.36669    0.00001    0.00004     151       3     mtd7
     570   4.556   -28.36669    0.00001                                mtd9
     571   4.557   -28.36669    0.00001                                hor
     572   4.562   -28.36668    0.00001    0.00002     152       2     hor
     573   4.565   -28.36668    0.00001                                md4
     574   4.567   -28.36668    0.00001    0.00002     153       2     mtd12
     575   4.567   -28.36668    0.00001                                hor
     576   4.575   -28.36666    0.00001    0.00005     154       4     mtd7
     577   4.575   -28.36666    0.00001                                hor
     578   4.575   -28.36666    0.00001                                hor
     579   4.575   -28.36666    0.00001                                mtd6
     580   4.582   -28.36665    0.00001    0.00002     155       2     hor
     581   4.582   -28.36665    0.00001                                mtd12
     582   4.612   -28.36661    0.00001    0.00004     156       4     hor
     583   4.612   -28.36661    0.00001                                mtd14
     584   4.612   -28.36661    0.00001                                hor
     585   4.612   -28.36661    0.00001                                mtd5
     586   4.617   -28.36660    0.00001    0.00001     157       1     mtd7
     587   4.621   -28.36659    0.00001    0.00002     158       2     hor
     588   4.621   -28.36659    0.00001                                mtd5
     589   4.622   -28.36659    0.00001    0.00001     159       1     mtd2
     590   4.633   -28.36657    0.00001    0.00001     160       1     mtd14
     591   4.640   -28.36656    0.00001    0.00001     161       1     mtd9
     592   4.648   -28.36655    0.00001    0.00005     162       5     mtd10
     593   4.648   -28.36655    0.00001                                mtd11
     594   4.648   -28.36655    0.00001                                hor
     595   4.648   -28.36655    0.00001                                md8
     596   4.648   -28.36655    0.00001                                hor
     597   4.656   -28.36653    0.00001    0.00001     163       1     hor
     598   4.668   -28.36652    0.00001    0.00003     164       3     hor
     599   4.668   -28.36652    0.00001                                hor
     600   4.669   -28.36651    0.00001                                mtd11
     601   4.683   -28.36649    0.00001    0.00001     165       1     mtd5
     602   4.685   -28.36649    0.00001    0.00003     166       3     hor
     603   4.685   -28.36649    0.00001                                hor
     604   4.686   -28.36649    0.00001                                hor
     605   4.703   -28.36646    0.00001    0.00002     167       2     hor
     606   4.704   -28.36646    0.00001                                mtd4
     607   4.720   -28.36643    0.00001    0.00002     168       2     mtd10
     608   4.721   -28.36643    0.00001                                md6
     609   4.727   -28.36642    0.00001    0.00001     169       1     hor
     610   4.756   -28.36638    0.00001    0.00001     170       1     hor
     611   4.762   -28.36637    0.00001    0.00001     171       1     mtd2
     612   4.770   -28.36635    0.00001    0.00001     172       1     hor
     613   4.835   -28.36625    0.00001    0.00001     173       1     hor
     614   4.851   -28.36623    0.00001    0.00001     174       1     hor
     615   4.856   -28.36622    0.00001    0.00001     175       1     mtd11
     616   4.867   -28.36620    0.00001    0.00001     176       2     mtd12
     617   4.868   -28.36620    0.00001                                mtd4
     618   4.876   -28.36618    0.00001    0.00001     177       2     mtd10
     619   4.876   -28.36618    0.00001                                hor
     620   4.877   -28.36618    0.00001    0.00001     178       1     hor
     621   4.913   -28.36613    0.00001    0.00001     179       1     mtd13
     622   4.933   -28.36609    0.00001    0.00001     180       2     gc
     623   4.934   -28.36609    0.00001                                gc
     624   4.962   -28.36605    0.00001    0.00002     181       3     hor
     625   4.964   -28.36604    0.00001                                hor
     626   4.964   -28.36604    0.00001                                hor
     627   4.978   -28.36602    0.00001    0.00001     182       1     mtd7
     628   4.983   -28.36602    0.00001    0.00001     183       1     hor
     629   5.002   -28.36598    0.00001    0.00002     184       4     hor
     630   5.002   -28.36598    0.00001                                mtd10
     631   5.002   -28.36598    0.00001                                hor
     632   5.002   -28.36598    0.00001                                hor
     633   5.038   -28.36593    0.00001    0.00001     185       2     hor
     634   5.038   -28.36593    0.00001                                mtd14
     635   5.086   -28.36585    0.00000    0.00001     186       2     hor
     636   5.086   -28.36585    0.00000                                mtd13
     637   5.087   -28.36585    0.00000    0.00001     187       3     hor
     638   5.087   -28.36585    0.00000                                hor
     639   5.087   -28.36585    0.00000                                mtd10
     640   5.119   -28.36580    0.00000    0.00001     188       3     mtd8
     641   5.119   -28.36580    0.00000                                hor
     642   5.120   -28.36580    0.00000                                mtd10
     643   5.165   -28.36572    0.00000    0.00001     189       3     hor
     644   5.165   -28.36572    0.00000                                hor
     645   5.165   -28.36572    0.00000                                mtd4
     646   5.182   -28.36570    0.00000    0.00001     190       2     hor
     647   5.184   -28.36569    0.00000                                hor
     648   5.186   -28.36569    0.00000    0.00001     191       2     mtd12
     649   5.184   -28.36569    0.00000                                hor
     650   5.221   -28.36564    0.00000    0.00001     192       2     mtd9
     651   5.221   -28.36563    0.00000                                hor
     652   5.234   -28.36561    0.00000    0.00000     193       1     mtd9
     653   5.238   -28.36561    0.00000    0.00000     194       1     hor
     654   5.247   -28.36559    0.00000    0.00001     195       2     mtd10
     655   5.249   -28.36559    0.00000                                hor
     656   5.253   -28.36558    0.00000    0.00001     196       2     mtd7
     657   5.249   -28.36559    0.00000                                hor
     658   5.262   -28.36557    0.00000    0.00000     197       1     hor
     659   5.270   -28.36556    0.00000    0.00002     198       6     hor
     660   5.270   -28.36556    0.00000                                hor
     661   5.271   -28.36556    0.00000                                hor
     662   5.272   -28.36555    0.00000                                md8
     663   5.305   -28.36550    0.00000                                mtd8
     664   5.305   -28.36550    0.00000                                hor
     665   5.296   -28.36552    0.00000    0.00001     199       2     mtd4
     666   5.297   -28.36551    0.00000                                mtd14
     667   5.307   -28.36550    0.00000    0.00001     200       4     mtd11
     668   5.307   -28.36550    0.00000                                mtd10
     669   5.307   -28.36550    0.00000                                hor
     670   5.307   -28.36550    0.00000                                mtd11
     671   5.329   -28.36546    0.00000    0.00000     201       1     hor
     672   5.364   -28.36541    0.00000    0.00001     202       3     md4
     673   5.364   -28.36541    0.00000                                hor
     674   5.364   -28.36541    0.00000                                hor
     675   5.370   -28.36540    0.00000    0.00000     203       1     mtd4
     676   5.404   -28.36534    0.00000    0.00000     204       1     hor
     677   5.422   -28.36532    0.00000    0.00000     205       1     hor
     678   5.431   -28.36530    0.00000    0.00000     206       1     mtd8
     679   5.442   -28.36528    0.00000    0.00001     207       4     mtd4
     680   5.442   -28.36528    0.00000                                hor
     681   5.442   -28.36528    0.00000                                hor
     682   5.442   -28.36528    0.00000                                mtd1
     683   5.465   -28.36525    0.00000    0.00001     208       2     mtd14
     684   5.465   -28.36525    0.00000                                mtd3
     685   5.470   -28.36524    0.00000    0.00001     209       2     hor
     686   5.470   -28.36524    0.00000                                md8
     687   5.488   -28.36521    0.00000    0.00000     210       2     hor
     688   5.488   -28.36521    0.00000                                mtd12
     689   5.496   -28.36520    0.00000    0.00000     211       1     mtd7
     690   5.516   -28.36516    0.00000    0.00000     212       2     mtd13
     691   5.516   -28.36516    0.00000                                mtd13
     692   5.547   -28.36512    0.00000    0.00000     213       2     hor
     693   5.547   -28.36512    0.00000                                hor
     694   5.548   -28.36511    0.00000    0.00000     214       1     hor
     695   5.571   -28.36508    0.00000    0.00001     215       4     hor
     696   5.571   -28.36508    0.00000                                mtd4
     697   5.571   -28.36508    0.00000                                hor
     698   5.571   -28.36508    0.00000                                mtd4
     699   5.595   -28.36504    0.00000    0.00001     216       3     hor
     700   5.595   -28.36504    0.00000                                hor
     701   5.595   -28.36504    0.00000                                mtd1
     702   5.606   -28.36502    0.00000    0.00000     217       1     mtd11
     703   5.607   -28.36502    0.00000    0.00000     218       1     hor
     704   5.675   -28.36491    0.00000    0.00000     219       1     mtd7
     705   5.678   -28.36491    0.00000    0.00000     220       1     md8
     706   5.706   -28.36486    0.00000    0.00000     221       1     mtd7
     707   5.766   -28.36477    0.00000    0.00000     222       1     hor
     708   5.875   -28.36459    0.00000    0.00000     223       1     hor
     709   5.930   -28.36451    0.00000    0.00000     224       2     mtd8
     710   5.930   -28.36451    0.00000                                mtd8
     711   5.970   -28.36444    0.00000    0.00000     225       1     mtd7
     712   5.984   -28.36442    0.00000    0.00000     226       2     hor
     713   5.985   -28.36442    0.00000                                mtd8
     714   5.992   -28.36441    0.00000    0.00000     227       3     md8
     715   5.994   -28.36440    0.00000                                mtd9
     716   5.992   -28.36441    0.00000                                mtd7
     717   5.992   -28.36441    0.00000    0.00000     228       1     hor
T /K                                  :   298.15
E lowest                              :   -28.37396
ensemble average energy (kcal)        :    0.653
ensemble entropy (J/mol K, cal/mol K) :   39.629    9.472
ensemble free energy (kcal/mol)       :   -2.824
population of lowest in %             :   20.465
 number of unique conformers for further calc          228
 list of relative energies saved as "crest.energies"

 -----------------
 Wall Time Summary
 -----------------
             test MD wall time :         0h : 0m : 2s
                 MTD wall time :         0h : 7m : 3s
      multilevel OPT wall time :         0h :19m :53s
                  MD wall time :         0h : 4m :24s
                  GC wall time :         0h : 0m :33s
--------------------
Overall wall time  : 0h :34m : 3s

 CREST terminated normally.
