****************************************************************
  Sure Independence Screening and Sparsifying Operator (SISSO)  
             Version SISSO.3.3, July, 2023.                
****************************************************************

Read in data from train.dat
Read in data from SISSO.in
Property type:     1
Number of tasks:        1
Descriptor dimension:        2
Number of samples for the task(s):     36
Restarts :  0
Number of scalar features:       16
Tier of the feature space:        3
Maximal feature complexity (number of operators in a feature):        6
Unit of input primary feature, each represented by a row vector: 
    1.00
    1.00
    1.00
    1.00
    1.00
    1.00
    1.00
    1.00
    1.00
    1.00
    1.00
    1.00
    1.00
    1.00
    1.00
    1.00
The feature will be discarded if the minimum of the maximal abs. value in it <    0.10000E-02
The faature will be discarded if the maximum of the maximal abs. value in it >     0.10000E+06
Size of the SIS-selected (single) subspace :  10000 10000
Operators for feature construction: (+)(-)(*) (+)(-)(*) (+)(-)(*) 
Method for sparse regression:  L0        
Fitting intercept:      T
Metric for model selection: RMSE
Number of the top-ranked models to output:      100
--------------------------------------------------------------------------------

Dimension:   1
-------------------
Feature Construction (FC) starts ...
Population Standard Deviation (SD) of the task 001:   23.05206
Total number of features in the space phi00:             16
Total number of features in the space phi01:            436
Total number of features in the space phi02:          84022
Total number of features in the space phi03:     1130146570
Size of the SIS-selected subspace from phi03:      10000
Time (second) used for this FC:          183.90

Descriptor Identification (DI) starts ...
Total number of SIS-selected features from all dimensions:      10000
 
  1D descriptor: 
     d001 = (((feature12+feature14)-feature13)*((feature10*feature12)-(feature11*feature14)))    feature_ID:000001

  1D model(y=sum(ci*di)+c0): 
     coeff.(ci)_task001:     0.8168352833E+02
             c0_task001:     0.2610941644E+02
     RMSE,MaxAE_task001:     0.1355010719E+02    0.3237699305E+02

     RMSE and MaxAE of the model:  13.550107 32.376993
--------------------------------------------------------------------------------
Time (second) used for this DI:            0.49

Dimension:   2
-------------------
Feature Construction (FC) starts ...
Total number of features in the space phi00:             16
Total number of features in the space phi01:            436
Total number of features in the space phi02:          84022
Total number of features in the space phi03:     1130146570
Size of the SIS-selected subspace from phi03:      10000
Time (second) used for this FC:          185.13

Descriptor Identification (DI) starts ...
Total number of SIS-selected features from all dimensions:      20000
 
Final model/descriptor !
================================================================================
  2D descriptor: 
     d001 = (((feature4+feature12)*(feature11-feature12))-(feature11*(feature8+feature10)))    feature_ID:005484
     d002 = ((feature12*(feature13-feature14))*((feature15-feature13)-(feature3+feature4)))    feature_ID:018747

  2D model(y=sum(ci*di)+c0): 
     coeff.(ci)_task001:    -0.6893214073E+02    0.2695514835E+03
             c0_task001:     0.1640072675E+02
     RMSE,MaxAE_task001:     0.1053158347E+02    0.2775114154E+02

     RMSE and MaxAE of the model:  10.531583 27.751142
================================================================================
Time (second) used for this DI:           27.60
Total time (second):          424.21
Have a nice day !    

