****************************************************************
  Sure Independence Screening and Sparsifying Operator (SISSO)  
             Version SISSO.3.3, July, 2023.                
****************************************************************

Read in data from train.dat
Read in data from SISSO.in
Property type:     1
Number of tasks:        1
Descriptor dimension:        2
Number of samples for the task(s):     36
Restarts :  0
Number of scalar features:       20
Tier of the feature space:        3
Maximal feature complexity (number of operators in a feature):        6
Unit of input primary feature, each represented by a row vector: 
    1.00
    1.00
    1.00
    1.00
    1.00
    1.00
    1.00
    1.00
    1.00
    1.00
    1.00
    1.00
    1.00
    1.00
    1.00
    1.00
    1.00
    1.00
    1.00
    1.00
The feature will be discarded if the minimum of the maximal abs. value in it <    0.10000E-02
The faature will be discarded if the maximum of the maximal abs. value in it >     0.10000E+06
Size of the SIS-selected (single) subspace :  10000 10000
Operators for feature construction: (+)(-)(*) (+)(-)(*) (+)(-)(*) 
Method for sparse regression:  L0        
Fitting intercept:      T
Metric for model selection: RMSE
Number of the top-ranked models to output:      100
--------------------------------------------------------------------------------

Dimension:   1
-------------------
Feature Construction (FC) starts ...
Population Standard Deviation (SD) of the task 001:   94.84004
Total number of features in the space phi00:             20
Total number of features in the space phi01:            718
Total number of features in the space phi02:         270627
Total number of features in the space phi03:     8168026635
Size of the SIS-selected subspace from phi03:      10000
Time (second) used for this FC:         1545.46

Descriptor Identification (DI) starts ...
Total number of SIS-selected features from all dimensions:      10000
 
  1D descriptor: 
     d001 = (((feature2+feature17)*(feature5+feature19))-(feature9*(feature14+feature20)))    feature_ID:000001

  1D model(y=sum(ci*di)+c0): 
     coeff.(ci)_task001:    -0.1912337272E+03
             c0_task001:     0.3126701142E+03
     RMSE,MaxAE_task001:     0.3745460898E+02    0.8077005505E+02

     RMSE and MaxAE of the model:  37.454609 80.770055
--------------------------------------------------------------------------------
Time (second) used for this DI:            0.10

Dimension:   2
-------------------
Feature Construction (FC) starts ...
Total number of features in the space phi00:             20
Total number of features in the space phi01:            718
Total number of features in the space phi02:         270627
Total number of features in the space phi03:     8168026635
Size of the SIS-selected subspace from phi03:      10000
Time (second) used for this FC:         1545.44

Descriptor Identification (DI) starts ...
Total number of SIS-selected features from all dimensions:      20000
 
Final model/descriptor !
================================================================================
  2D descriptor: 
     d001 = (((feature10+feature20)-feature4)*((feature13+feature16)-(feature15+feature19)))    feature_ID:006776
     d002 = (((feature11+feature20)-feature19)*((feature14-feature15)-(feature5-feature7)))    feature_ID:010273

  2D model(y=sum(ci*di)+c0): 
     coeff.(ci)_task001:     0.2301052749E+03    0.8781671543E+03
             c0_task001:     0.3033115380E+03
     RMSE,MaxAE_task001:     0.2435406935E+02    0.5406974627E+02

     RMSE and MaxAE of the model:  24.354069 54.069746
================================================================================
Time (second) used for this DI:           25.48
Total time (second):         3131.04
Have a nice day !    

