****************************************************************
  Sure Independence Screening and Sparsifying Operator (SISSO)  
             Version SISSO.3.3, July, 2023.                
****************************************************************

Read in data from train.dat
Read in data from SISSO.in
Property type:     1
Number of tasks:        1
Descriptor dimension:        2
Number of samples for the task(s):     36
Restarts :  0
Number of scalar features:       19
Tier of the feature space:        3
Maximal feature complexity (number of operators in a feature):        6
Unit of input primary feature, each represented by a row vector: 
    1.00
    1.00
    1.00
    1.00
    1.00
    1.00
    1.00
    1.00
    1.00
    1.00
    1.00
    1.00
    1.00
    1.00
    1.00
    1.00
    1.00
    1.00
    1.00
The feature will be discarded if the minimum of the maximal abs. value in it <    0.10000E-02
The faature will be discarded if the maximum of the maximal abs. value in it >     0.10000E+06
Size of the SIS-selected (single) subspace :  10000 10000
Operators for feature construction: (+)(-)(*) (+)(-)(*) (+)(-)(*) 
Method for sparse regression:  L0        
Fitting intercept:      T
Metric for model selection: RMSE
Number of the top-ranked models to output:      100
--------------------------------------------------------------------------------

Dimension:   1
-------------------
Feature Construction (FC) starts ...
Population Standard Deviation (SD) of the task 001:   21.93674
Total number of features in the space phi00:             19
Total number of features in the space phi01:            626
Total number of features in the space phi02:         196809
Total number of features in the space phi03:     4765636551
Size of the SIS-selected subspace from phi03:      10000
Time (second) used for this FC:          836.94

Descriptor Identification (DI) starts ...
Total number of SIS-selected features from all dimensions:      10000
 
  1D descriptor: 
     d001 = (((feature10-feature5)*(feature6+feature12))-(feature13*(feature12-feature10)))    feature_ID:000001

  1D model(y=sum(ci*di)+c0): 
     coeff.(ci)_task001:     0.6842461961E+02
             c0_task001:     0.1586592424E+02
     RMSE,MaxAE_task001:     0.1010318332E+02    0.2936609957E+02

     RMSE and MaxAE of the model:  10.103183 29.366100
--------------------------------------------------------------------------------
Time (second) used for this DI:            0.12

Dimension:   2
-------------------
Feature Construction (FC) starts ...
Total number of features in the space phi00:             19
Total number of features in the space phi01:            626
Total number of features in the space phi02:         196809
Total number of features in the space phi03:     4765636551
Size of the SIS-selected subspace from phi03:      10000
Time (second) used for this FC:          838.52

Descriptor Identification (DI) starts ...
Total number of SIS-selected features from all dimensions:      20000
 
Final model/descriptor !
================================================================================
  2D descriptor: 
     d001 = (((feature10-feature5)*(feature6+feature12))-(feature13*(feature12-feature10)))    feature_ID:000001
     d002 = (((feature10-feature17)-feature18)*((feature13-feature16)*(feature17-feature19)))    feature_ID:010001

  2D model(y=sum(ci*di)+c0): 
     coeff.(ci)_task001:     0.6988486243E+02    0.4173245838E+03
             c0_task001:     0.1547091450E+02
     RMSE,MaxAE_task001:     0.7248245572E+01    0.1715877085E+02

     RMSE and MaxAE of the model:   7.248246 17.158771
================================================================================
Time (second) used for this DI:           26.84
Total time (second):         1703.22
Have a nice day !    

