****************************************************************
  Sure Independence Screening and Sparsifying Operator (SISSO)  
             Version SISSO.3.3, July, 2023.                
****************************************************************

Read in data from train.dat
Read in data from SISSO.in
Property type:     1
Number of tasks:        1
Descriptor dimension:        2
Number of samples for the task(s):     36
Restarts :  0
Number of scalar features:       22
Tier of the feature space:        3
Maximal feature complexity (number of operators in a feature):        6
Unit of input primary feature, each represented by a row vector: 
    1.00
    1.00
    1.00
    1.00
    1.00
    1.00
    1.00
    1.00
    1.00
    1.00
    1.00
    1.00
    1.00
    1.00
    1.00
    1.00
    1.00
    1.00
    1.00
    1.00
    1.00
    1.00
The feature will be discarded if the minimum of the maximal abs. value in it <    0.10000E-02
The faature will be discarded if the maximum of the maximal abs. value in it >     0.10000E+06
Size of the SIS-selected (single) subspace :  10000 10000
Operators for feature construction: (+)(-)(*) (+)(-)(*) (+)(-)(*) 
Method for sparse regression:  L0        
Fitting intercept:      T
Metric for model selection: RMSE
Number of the top-ranked models to output:      100
--------------------------------------------------------------------------------

Dimension:   1
-------------------
Feature Construction (FC) starts ...
Population Standard Deviation (SD) of the task 001:   24.06215
Total number of features in the space phi00:             22
Total number of features in the space phi01:            852
Total number of features in the space phi02:         358103
Total number of features in the space phi03:    13597889067
Size of the SIS-selected subspace from phi03:      10000
Time (second) used for this FC:         2409.53

Descriptor Identification (DI) starts ...
Total number of SIS-selected features from all dimensions:      10000
 
  1D descriptor: 
     d001 = (((feature13*feature19)+(feature14*feature16))-(feature22*(feature15-feature21)))    feature_ID:000001

  1D model(y=sum(ci*di)+c0): 
     coeff.(ci)_task001:    -0.6280829527E+02
             c0_task001:     0.6509435602E+02
     RMSE,MaxAE_task001:     0.1311830312E+02    0.4128359770E+02

     RMSE and MaxAE of the model:  13.118303 41.283598
--------------------------------------------------------------------------------
Time (second) used for this DI:            0.09

Dimension:   2
-------------------
Feature Construction (FC) starts ...
Total number of features in the space phi00:             22
Total number of features in the space phi01:            852
Total number of features in the space phi02:         358103
Total number of features in the space phi03:    13597889067
Size of the SIS-selected subspace from phi03:      10000
Time (second) used for this FC:         2407.30

Descriptor Identification (DI) starts ...
Total number of SIS-selected features from all dimensions:      20000
 
Final model/descriptor !
================================================================================
  2D descriptor: 
     d001 = (((feature15-feature5)*(feature4+feature15))-(feature19*(feature14+feature20)))    feature_ID:004448
     d002 = (((feature11-feature17)-feature17)*((feature12-feature14)*(feature13-feature22)))    feature_ID:019493

  2D model(y=sum(ci*di)+c0): 
     coeff.(ci)_task001:     0.3980727884E+02   -0.2164821111E+03
             c0_task001:     0.4506923783E+02
     RMSE,MaxAE_task001:     0.8133170605E+01    0.2283294174E+02

     RMSE and MaxAE of the model:   8.133171 22.832942
================================================================================
Time (second) used for this DI:           25.56
Total time (second):         4843.16
Have a nice day !    

