****************************************************************
  Sure Independence Screening and Sparsifying Operator (SISSO)  
             Version SISSO.3.3, July, 2023.                
****************************************************************

Read in data from train.dat
Read in data from SISSO.in
Property type:     1
Number of tasks:        1
Descriptor dimension:        2
Number of samples for the task(s):     36
Restarts :  0
Number of scalar features:       24
Tier of the feature space:        3
Maximal feature complexity (number of operators in a feature):        6
Unit of input primary feature, each represented by a row vector: 
    1.00
    1.00
    1.00
    1.00
    1.00
    1.00
    1.00
    1.00
    1.00
    1.00
    1.00
    1.00
    1.00
    1.00
    1.00
    1.00
    1.00
    1.00
    1.00
    1.00
    1.00
    1.00
    1.00
    1.00
The feature will be discarded if the minimum of the maximal abs. value in it <    0.10000E-02
The faature will be discarded if the maximum of the maximal abs. value in it >     0.10000E+06
Size of the SIS-selected (single) subspace :  10000 10000
Operators for feature construction: (+)(-)(*) (+)(-)(*) (+)(-)(*) 
Method for sparse regression:  L0        
Fitting intercept:      T
Metric for model selection: RMSE
Number of the top-ranked models to output:      100
--------------------------------------------------------------------------------

Dimension:   1
-------------------
Feature Construction (FC) starts ...
Population Standard Deviation (SD) of the task 001:  106.51366
Total number of features in the space phi00:             24
Total number of features in the space phi01:            998
Total number of features in the space phi02:         431786
Total number of features in the space phi03:    19802974449
Size of the SIS-selected subspace from phi03:      10000
Time (second) used for this FC:         3009.88

Descriptor Identification (DI) starts ...
Total number of SIS-selected features from all dimensions:      10000
 
  1D descriptor: 
     d001 = (((feature15+feature17)-(feature4+feature6))-((feature23-feature15)-feature24))    feature_ID:000001

  1D model(y=sum(ci*di)+c0): 
     coeff.(ci)_task001:     0.1131475049E+03
             c0_task001:     0.1410350373E+03
     RMSE,MaxAE_task001:     0.3723359101E+02    0.9596751599E+02

     RMSE and MaxAE of the model:  37.233591 95.967516
--------------------------------------------------------------------------------
Time (second) used for this DI:            1.10

Dimension:   2
-------------------
Feature Construction (FC) starts ...
Total number of features in the space phi00:             24
Total number of features in the space phi01:            998
Total number of features in the space phi02:         431786
Total number of features in the space phi03:    19802974449
Size of the SIS-selected subspace from phi03:      10000
Time (second) used for this FC:         3043.52

Descriptor Identification (DI) starts ...
Total number of SIS-selected features from all dimensions:      20000
 
Final model/descriptor !
================================================================================
  2D descriptor: 
     d001 = ((feature20*(feature22+feature24))+((feature15-feature23)*(feature20+feature21)))    feature_ID:000048
     d002 = ((feature22*(feature18-feature3))*((feature16-feature10)-(feature2+feature4)))    feature_ID:010405

  2D model(y=sum(ci*di)+c0): 
     coeff.(ci)_task001:     0.1994205971E+03    0.4905509571E+03
             c0_task001:     0.2372836357E+03
     RMSE,MaxAE_task001:     0.2492628970E+02    0.7475292359E+02

     RMSE and MaxAE of the model:  24.926290 74.752924
================================================================================
Time (second) used for this DI:           25.85
Total time (second):         6081.42
Have a nice day !    

