****************************************************************
  Sure Independence Screening and Sparsifying Operator (SISSO)  
             Version SISSO.3.3, July, 2023.                
****************************************************************

Read in data from train.dat
Read in data from SISSO.in
Property type:     1
Number of tasks:        1
Descriptor dimension:        2
Number of samples for the task(s):     36
Restarts :  0
Number of scalar features:       20
Tier of the feature space:        3
Maximal feature complexity (number of operators in a feature):        6
Unit of input primary feature, each represented by a row vector: 
    1.00
    1.00
    1.00
    1.00
    1.00
    1.00
    1.00
    1.00
    1.00
    1.00
    1.00
    1.00
    1.00
    1.00
    1.00
    1.00
    1.00
    1.00
    1.00
    1.00
The feature will be discarded if the minimum of the maximal abs. value in it <    0.10000E-02
The faature will be discarded if the maximum of the maximal abs. value in it >     0.10000E+06
Size of the SIS-selected (single) subspace :  10000 10000
Operators for feature construction: (+)(-)(*) (+)(-)(*) (+)(-)(*) 
Method for sparse regression:  L0        
Fitting intercept:      T
Metric for model selection: RMSE
Number of the top-ranked models to output:      100
--------------------------------------------------------------------------------

Dimension:   1
-------------------
Feature Construction (FC) starts ...
Population Standard Deviation (SD) of the task 001:  101.67285
Total number of features in the space phi00:             20
Total number of features in the space phi01:            702
Total number of features in the space phi02:         236470
Total number of features in the space phi03:     6651668421
Size of the SIS-selected subspace from phi03:      10000
Time (second) used for this FC:         1262.26

Descriptor Identification (DI) starts ...
Total number of SIS-selected features from all dimensions:      10000
 
  1D descriptor: 
     d001 = (((feature11*feature20)-(feature17*feature19))-(feature18*(feature13-feature11)))    feature_ID:000001

  1D model(y=sum(ci*di)+c0): 
     coeff.(ci)_task001:     0.2179488363E+03
             c0_task001:     0.3485722178E+03
     RMSE,MaxAE_task001:     0.3801204503E+02    0.8729199526E+02

     RMSE and MaxAE of the model:  38.012045 87.291995
--------------------------------------------------------------------------------
Time (second) used for this DI:            0.10

Dimension:   2
-------------------
Feature Construction (FC) starts ...
Total number of features in the space phi00:             20
Total number of features in the space phi01:            702
Total number of features in the space phi02:         236470
Total number of features in the space phi03:     6651668421
Size of the SIS-selected subspace from phi03:      10000
Time (second) used for this FC:         1259.69

Descriptor Identification (DI) starts ...
Total number of SIS-selected features from all dimensions:      20000
 
Final model/descriptor !
================================================================================
  2D descriptor: 
     d001 = (((feature11*feature20)-(feature17*feature19))-(feature18*(feature13-feature11)))    feature_ID:000001
     d002 = (((feature11-feature17)-feature2)*((feature12+feature17)-(feature15+feature19)))    feature_ID:011002

  2D model(y=sum(ci*di)+c0): 
     coeff.(ci)_task001:     0.2586740128E+03    0.2009924946E+03
             c0_task001:     0.3592194433E+03
     RMSE,MaxAE_task001:     0.2321234698E+02    0.6419105520E+02

     RMSE and MaxAE of the model:  23.212347 64.191055
================================================================================
Time (second) used for this DI:           40.56
Total time (second):         2563.90
Have a nice day !    

