****************************************************************
  Sure Independence Screening and Sparsifying Operator (SISSO)  
             Version SISSO.3.3, July, 2023.                
****************************************************************

Read in data from train.dat
Read in data from SISSO.in
Property type:     1
Number of tasks:        1
Descriptor dimension:        2
Number of samples for the task(s):     36
Restarts :  0
Number of scalar features:       20
Tier of the feature space:        3
Maximal feature complexity (number of operators in a feature):        6
Unit of input primary feature, each represented by a row vector: 
    1.00
    1.00
    1.00
    1.00
    1.00
    1.00
    1.00
    1.00
    1.00
    1.00
    1.00
    1.00
    1.00
    1.00
    1.00
    1.00
    1.00
    1.00
    1.00
    1.00
The feature will be discarded if the minimum of the maximal abs. value in it <    0.10000E-02
The faature will be discarded if the maximum of the maximal abs. value in it >     0.10000E+06
Size of the SIS-selected (single) subspace :  10000 10000
Operators for feature construction: (+)(-)(*) (+)(-)(*) (+)(-)(*) 
Method for sparse regression:  L0        
Fitting intercept:      T
Metric for model selection: RMSE
Number of the top-ranked models to output:      100
--------------------------------------------------------------------------------

Dimension:   1
-------------------
Feature Construction (FC) starts ...
Population Standard Deviation (SD) of the task 001:   10.90327
Total number of features in the space phi00:             20
Total number of features in the space phi01:            694
Total number of features in the space phi02:         227101
Total number of features in the space phi03:     6229961811
Size of the SIS-selected subspace from phi03:      10000
Time (second) used for this FC:         1143.86

Descriptor Identification (DI) starts ...
Total number of SIS-selected features from all dimensions:      10000
 
  1D descriptor: 
     d001 = (((feature15+feature19)-feature20)*((feature1-feature11)+(feature19-feature11)))    feature_ID:000001

  1D model(y=sum(ci*di)+c0): 
     coeff.(ci)_task001:    -0.1997172205E+02
             c0_task001:     0.6084089922E+01
     RMSE,MaxAE_task001:     0.5244423550E+01    0.1314250544E+02

     RMSE and MaxAE of the model:   5.244424 13.142505
--------------------------------------------------------------------------------
Time (second) used for this DI:           19.95

Dimension:   2
-------------------
Feature Construction (FC) starts ...
Total number of features in the space phi00:             20
Total number of features in the space phi01:            694
Total number of features in the space phi02:         227101
Total number of features in the space phi03:     6229961811
Size of the SIS-selected subspace from phi03:      10000
Time (second) used for this FC:         1140.75

Descriptor Identification (DI) starts ...
Total number of SIS-selected features from all dimensions:      20000
 
Final model/descriptor !
================================================================================
  2D descriptor: 
     d001 = ((feature18*(feature7+feature18))+((feature1-feature15)*(feature11-feature19)))    feature_ID:003443
     d002 = (((feature12-feature17)-feature7)*((feature11*feature14)-(feature15*feature19)))    feature_ID:011161

  2D model(y=sum(ci*di)+c0): 
     coeff.(ci)_task001:    -0.1733292294E+02   -0.6419724972E+02
             c0_task001:     0.1949953823E+02
     RMSE,MaxAE_task001:     0.3380909371E+01    0.9139863218E+01

     RMSE and MaxAE of the model:   3.380909  9.139863
================================================================================
Time (second) used for this DI:           25.58
Total time (second):         2331.07
Have a nice day !    

