****************************************************************
  Sure Independence Screening and Sparsifying Operator (SISSO)  
             Version SISSO.3.3, July, 2023.                
****************************************************************

Read in data from train.dat
Read in data from SISSO.in
Property type:     1
Number of tasks:        1
Descriptor dimension:        2
Number of samples for the task(s):     36
Restarts :  0
Number of scalar features:       19
Tier of the feature space:        3
Maximal feature complexity (number of operators in a feature):        6
Unit of input primary feature, each represented by a row vector: 
    1.00
    1.00
    1.00
    1.00
    1.00
    1.00
    1.00
    1.00
    1.00
    1.00
    1.00
    1.00
    1.00
    1.00
    1.00
    1.00
    1.00
    1.00
    1.00
The feature will be discarded if the minimum of the maximal abs. value in it <    0.10000E-02
The faature will be discarded if the maximum of the maximal abs. value in it >     0.10000E+06
Size of the SIS-selected (single) subspace :  10000 10000
Operators for feature construction: (+)(-)(*) (+)(-)(*) (+)(-)(*) 
Method for sparse regression:  L0        
Fitting intercept:      T
Metric for model selection: RMSE
Number of the top-ranked models to output:      100
--------------------------------------------------------------------------------

Dimension:   1
-------------------
Feature Construction (FC) starts ...
Population Standard Deviation (SD) of the task 001:   10.63330
Total number of features in the space phi00:             19
Total number of features in the space phi01:            631
Total number of features in the space phi02:         188986
Total number of features in the space phi03:     4511808257
Size of the SIS-selected subspace from phi03:      10000
Time (second) used for this FC:          874.03

Descriptor Identification (DI) starts ...
Total number of SIS-selected features from all dimensions:      10000
 
  1D descriptor: 
     d001 = (((feature13+feature18)-feature19)*((feature11+feature14)-(feature7+feature16)))    feature_ID:000001

  1D model(y=sum(ci*di)+c0): 
     coeff.(ci)_task001:     0.5572433748E+02
             c0_task001:     0.4020474544E+01
     RMSE,MaxAE_task001:     0.4849091976E+01    0.1214701383E+02

     RMSE and MaxAE of the model:   4.849092 12.147014
--------------------------------------------------------------------------------
Time (second) used for this DI:            0.14

Dimension:   2
-------------------
Feature Construction (FC) starts ...
Total number of features in the space phi00:             19
Total number of features in the space phi01:            631
Total number of features in the space phi02:         188986
Total number of features in the space phi03:     4511808257
Size of the SIS-selected subspace from phi03:      10000
Time (second) used for this FC:          875.00

Descriptor Identification (DI) starts ...
Total number of SIS-selected features from all dimensions:      20000
 
Final model/descriptor !
================================================================================
  2D descriptor: 
     d001 = (((feature11+feature14)-feature16)*((feature13+feature18)-(feature9+feature19)))    feature_ID:000005
     d002 = (((feature1+feature18)+(feature1-feature11))-((feature17-feature2)-feature6))    feature_ID:011073

  2D model(y=sum(ci*di)+c0): 
     coeff.(ci)_task001:     0.6241987035E+02   -0.7592957734E+01
             c0_task001:    -0.1466777232E+01
     RMSE,MaxAE_task001:     0.3427614707E+01    0.1192414184E+02

     RMSE and MaxAE of the model:   3.427615 11.924142
================================================================================
Time (second) used for this DI:           25.57
Total time (second):         1778.07
Have a nice day !    

