****************************************************************
  Sure Independence Screening and Sparsifying Operator (SISSO)  
             Version SISSO.3.3, July, 2023.                
****************************************************************

Read in data from train.dat
Read in data from SISSO.in
Property type:     1
Number of tasks:        1
Descriptor dimension:        2
Number of samples for the task(s):     36
Restarts :  0
Number of scalar features:       20
Tier of the feature space:        3
Maximal feature complexity (number of operators in a feature):        6
Unit of input primary feature, each represented by a row vector: 
    1.00
    1.00
    1.00
    1.00
    1.00
    1.00
    1.00
    1.00
    1.00
    1.00
    1.00
    1.00
    1.00
    1.00
    1.00
    1.00
    1.00
    1.00
    1.00
    1.00
The feature will be discarded if the minimum of the maximal abs. value in it <    0.10000E-02
The faature will be discarded if the maximum of the maximal abs. value in it >     0.10000E+06
Size of the SIS-selected (single) subspace :  10000 10000
Operators for feature construction: (+)(-)(*) (+)(-)(*) (+)(-)(*) 
Method for sparse regression:  L0        
Fitting intercept:      T
Metric for model selection: RMSE
Number of the top-ranked models to output:      100
--------------------------------------------------------------------------------

Dimension:   1
-------------------
Feature Construction (FC) starts ...
Population Standard Deviation (SD) of the task 001:   11.05231
Total number of features in the space phi00:             20
Total number of features in the space phi01:            707
Total number of features in the space phi02:         253681
Total number of features in the space phi03:     7389891705
Size of the SIS-selected subspace from phi03:      10000
Time (second) used for this FC:         1335.05

Descriptor Identification (DI) starts ...
Total number of SIS-selected features from all dimensions:      10000
 
  1D descriptor: 
     d001 = (((feature18-feature10)-feature10)*((feature13+feature18)+(feature20-feature19)))    feature_ID:000001

  1D model(y=sum(ci*di)+c0): 
     coeff.(ci)_task001:    -0.1193996567E+02
             c0_task001:     0.4464384176E+01
     RMSE,MaxAE_task001:     0.5112829003E+01    0.1555780494E+02

     RMSE and MaxAE of the model:   5.112829 15.557805
--------------------------------------------------------------------------------
Time (second) used for this DI:            0.09

Dimension:   2
-------------------
Feature Construction (FC) starts ...
Total number of features in the space phi00:             20
Total number of features in the space phi01:            707
Total number of features in the space phi02:         253681
Total number of features in the space phi03:     7389891705
Size of the SIS-selected subspace from phi03:      10000
Time (second) used for this FC:         1335.44

Descriptor Identification (DI) starts ...
Total number of SIS-selected features from all dimensions:      20000
 
Final model/descriptor !
================================================================================
  2D descriptor: 
     d001 = ((feature13*(feature13*feature20))*((feature1-feature10)+(feature19-feature10)))    feature_ID:001193
     d002 = (((feature11+feature12)-feature18)*((feature10-feature12)*(feature17-feature19)))    feature_ID:010243

  2D model(y=sum(ci*di)+c0): 
     coeff.(ci)_task001:    -0.4743234691E+02    0.3542942530E+03
             c0_task001:     0.3580603550E+01
     RMSE,MaxAE_task001:     0.3204702863E+01    0.6109322515E+01

     RMSE and MaxAE of the model:   3.204703  6.109323
================================================================================
Time (second) used for this DI:           25.46
Total time (second):         2696.81
Have a nice day !    

