****************************************************************
  Sure Independence Screening and Sparsifying Operator (SISSO)  
             Version SISSO.3.3, July, 2023.                
****************************************************************

Read in data from train.dat
Read in data from SISSO.in
Property type:     1
Number of tasks:        1
Descriptor dimension:        2
Number of samples for the task(s):     36
Restarts :  0
Number of scalar features:       22
Tier of the feature space:        3
Maximal feature complexity (number of operators in a feature):        6
Unit of input primary feature, each represented by a row vector: 
    1.00
    1.00
    1.00
    1.00
    1.00
    1.00
    1.00
    1.00
    1.00
    1.00
    1.00
    1.00
    1.00
    1.00
    1.00
    1.00
    1.00
    1.00
    1.00
    1.00
    1.00
    1.00
The feature will be discarded if the minimum of the maximal abs. value in it <    0.10000E-02
The faature will be discarded if the maximum of the maximal abs. value in it >     0.10000E+06
Size of the SIS-selected (single) subspace :  10000 10000
Operators for feature construction: (+)(-)(*) (+)(-)(*) (+)(-)(*) 
Method for sparse regression:  L0        
Fitting intercept:      T
Metric for model selection: RMSE
Number of the top-ranked models to output:      100
--------------------------------------------------------------------------------

Dimension:   1
-------------------
Feature Construction (FC) starts ...
Population Standard Deviation (SD) of the task 001:   10.70737
Total number of features in the space phi00:             22
Total number of features in the space phi01:            836
Total number of features in the space phi02:         319443
Total number of features in the space phi03:    11488976931
Size of the SIS-selected subspace from phi03:      10000
Time (second) used for this FC:         2067.20

Descriptor Identification (DI) starts ...
Total number of SIS-selected features from all dimensions:      10000
 
  1D descriptor: 
     d001 = (((feature13+feature20)-feature21)*((feature10+feature20)-(feature15+feature22)))    feature_ID:000001

  1D model(y=sum(ci*di)+c0): 
     coeff.(ci)_task001:    -0.2804886889E+02
             c0_task001:     0.4784886653E+01
     RMSE,MaxAE_task001:     0.4604766503E+01    0.1418126167E+02

     RMSE and MaxAE of the model:   4.604767 14.181262
--------------------------------------------------------------------------------
Time (second) used for this DI:            0.14

Dimension:   2
-------------------
Feature Construction (FC) starts ...
Total number of features in the space phi00:             22
Total number of features in the space phi01:            836
Total number of features in the space phi02:         319443
Total number of features in the space phi03:    11488976931
Size of the SIS-selected subspace from phi03:      10000
Time (second) used for this FC:         2068.35

Descriptor Identification (DI) starts ...
Total number of SIS-selected features from all dimensions:      20000
 
Final model/descriptor !
================================================================================
  2D descriptor: 
     d001 = (((feature11+feature19)+(feature19+feature20))-((feature13+feature22)-feature2))    feature_ID:005858
     d002 = (((feature13-feature18)-feature8)*((feature1+feature21)-(feature16+feature22)))    feature_ID:016772

  2D model(y=sum(ci*di)+c0): 
     coeff.(ci)_task001:    -0.9558457693E+01   -0.8900414376E+02
             c0_task001:     0.1766561966E+02
     RMSE,MaxAE_task001:     0.3086601351E+01    0.5730017911E+01

     RMSE and MaxAE of the model:   3.086601  5.730018
================================================================================
Time (second) used for this DI:           25.64
Total time (second):         4162.09
Have a nice day !    

