****************************************************************
  Sure Independence Screening and Sparsifying Operator (SISSO)  
             Version SISSO.3.3, July, 2023.                
****************************************************************

Read in data from train.dat
Read in data from SISSO.in
Property type:     1
Number of tasks:        1
Descriptor dimension:        2
Number of samples for the task(s):     36
Restarts :  0
Number of scalar features:       20
Tier of the feature space:        3
Maximal feature complexity (number of operators in a feature):        6
Unit of input primary feature, each represented by a row vector: 
    1.00
    1.00
    1.00
    1.00
    1.00
    1.00
    1.00
    1.00
    1.00
    1.00
    1.00
    1.00
    1.00
    1.00
    1.00
    1.00
    1.00
    1.00
    1.00
    1.00
The feature will be discarded if the minimum of the maximal abs. value in it <    0.10000E-02
The faature will be discarded if the maximum of the maximal abs. value in it >     0.10000E+06
Size of the SIS-selected (single) subspace :  10000 10000
Operators for feature construction: (+)(-)(*) (+)(-)(*) (+)(-)(*) 
Method for sparse regression:  L0        
Fitting intercept:      T
Metric for model selection: RMSE
Number of the top-ranked models to output:      100
--------------------------------------------------------------------------------

Dimension:   1
-------------------
Feature Construction (FC) starts ...
Population Standard Deviation (SD) of the task 001:    9.75669
Total number of features in the space phi00:             20
Total number of features in the space phi01:            700
Total number of features in the space phi02:         239421
Total number of features in the space phi03:     6760231555
Size of the SIS-selected subspace from phi03:      10000
Time (second) used for this FC:         1298.52

Descriptor Identification (DI) starts ...
Total number of SIS-selected features from all dimensions:      10000
 
  1D descriptor: 
     d001 = ((feature14*(feature11-feature16))*((feature14+feature19)+(feature19-feature20)))    feature_ID:000001

  1D model(y=sum(ci*di)+c0): 
     coeff.(ci)_task001:     0.4169038113E+02
             c0_task001:     0.5038922856E+01
     RMSE,MaxAE_task001:     0.4365815864E+01    0.8724164190E+01

     RMSE and MaxAE of the model:   4.365816  8.724164
--------------------------------------------------------------------------------
Time (second) used for this DI:            0.14

Dimension:   2
-------------------
Feature Construction (FC) starts ...
Total number of features in the space phi00:             20
Total number of features in the space phi01:            700
Total number of features in the space phi02:         239421
Total number of features in the space phi03:     6760231555
Size of the SIS-selected subspace from phi03:      10000
Time (second) used for this FC:         1299.38

Descriptor Identification (DI) starts ...
Total number of SIS-selected features from all dimensions:      20000
 
Final model/descriptor !
================================================================================
  2D descriptor: 
     d001 = ((feature14*(feature11-feature16))*((feature14+feature19)+(feature19-feature20)))    feature_ID:000001
     d002 = (((feature1+feature13)*(feature17-feature12))-(feature16*(feature14+feature20)))    feature_ID:013541

  2D model(y=sum(ci*di)+c0): 
     coeff.(ci)_task001:     0.5327326071E+02   -0.1351771959E+02
             c0_task001:    -0.1642975596E+00
     RMSE,MaxAE_task001:     0.2834826990E+01    0.6933147166E+01

     RMSE and MaxAE of the model:   2.834827  6.933147
================================================================================
Time (second) used for this DI:           27.11
Total time (second):         2627.45
Have a nice day !    

