****************************************************************
  Sure Independence Screening and Sparsifying Operator (SISSO)  
             Version SISSO.3.3, July, 2023.                
****************************************************************

Read in data from train.dat
Read in data from SISSO.in
Property type:     1
Number of tasks:        1
Descriptor dimension:        2
Number of samples for the task(s):     36
Restarts :  0
Number of scalar features:       21
Tier of the feature space:        3
Maximal feature complexity (number of operators in a feature):        6
Unit of input primary feature, each represented by a row vector: 
    1.00
    1.00
    1.00
    1.00
    1.00
    1.00
    1.00
    1.00
    1.00
    1.00
    1.00
    1.00
    1.00
    1.00
    1.00
    1.00
    1.00
    1.00
    1.00
    1.00
    1.00
The feature will be discarded if the minimum of the maximal abs. value in it <    0.10000E-02
The faature will be discarded if the maximum of the maximal abs. value in it >     0.10000E+06
Size of the SIS-selected (single) subspace :  10000 10000
Operators for feature construction: (+)(-)(*) (+)(-)(*) (+)(-)(*) 
Method for sparse regression:  L0        
Fitting intercept:      T
Metric for model selection: RMSE
Number of the top-ranked models to output:      100
--------------------------------------------------------------------------------

Dimension:   1
-------------------
Feature Construction (FC) starts ...
Population Standard Deviation (SD) of the task 001:   10.90199
Total number of features in the space phi00:             21
Total number of features in the space phi01:            776
Total number of features in the space phi02:         290439
Total number of features in the space phi03:     9512933974
Size of the SIS-selected subspace from phi03:      10000
Time (second) used for this FC:         1610.13

Descriptor Identification (DI) starts ...
Total number of SIS-selected features from all dimensions:      10000
 
  1D descriptor: 
     d001 = (((feature20-feature11)-feature11)*((feature2-feature21)*(feature14-feature15)))    feature_ID:000001

  1D model(y=sum(ci*di)+c0): 
     coeff.(ci)_task001:     0.7433014942E+02
             c0_task001:     0.7418893839E+01
     RMSE,MaxAE_task001:     0.4205119284E+01    0.1078161338E+02

     RMSE and MaxAE of the model:   4.205119 10.781613
--------------------------------------------------------------------------------
Time (second) used for this DI:            0.09

Dimension:   2
-------------------
Feature Construction (FC) starts ...
Total number of features in the space phi00:             21
Total number of features in the space phi01:            776
Total number of features in the space phi02:         290439
Total number of features in the space phi03:     9512933974
Size of the SIS-selected subspace from phi03:      10000
Time (second) used for this FC:         1610.14

Descriptor Identification (DI) starts ...
Total number of SIS-selected features from all dimensions:      20000
 
Final model/descriptor !
================================================================================
  2D descriptor: 
     d001 = (((feature11+feature17)-feature20)*((feature2-feature21)*(feature13-feature14)))    feature_ID:006949
     d002 = ((feature15*(feature11-feature5))*((feature15-feature19)*(feature18-feature20)))    feature_ID:018774

  2D model(y=sum(ci*di)+c0): 
     coeff.(ci)_task001:     0.5658359034E+02    0.7456487220E+03
             c0_task001:     0.5839061418E+01
     RMSE,MaxAE_task001:     0.2628638273E+01    0.7139091265E+01

     RMSE and MaxAE of the model:   2.628638  7.139091
================================================================================
Time (second) used for this DI:           25.62
Total time (second):         3246.64
Have a nice day !    

