****************************************************************
  Sure Independence Screening and Sparsifying Operator (SISSO)  
             Version SISSO.3.3, July, 2023.                
****************************************************************

Read in data from train.dat
Read in data from SISSO.in
Property type:     1
Number of tasks:        1
Descriptor dimension:        2
Number of samples for the task(s):     36
Restarts :  0
Number of scalar features:       19
Tier of the feature space:        3
Maximal feature complexity (number of operators in a feature):        6
Unit of input primary feature, each represented by a row vector: 
    1.00
    1.00
    1.00
    1.00
    1.00
    1.00
    1.00
    1.00
    1.00
    1.00
    1.00
    1.00
    1.00
    1.00
    1.00
    1.00
    1.00
    1.00
    1.00
The feature will be discarded if the minimum of the maximal abs. value in it <    0.10000E-02
The faature will be discarded if the maximum of the maximal abs. value in it >     0.10000E+06
Size of the SIS-selected (single) subspace :  10000 10000
Operators for feature construction: (+)(-)(*) (+)(-)(*) (+)(-)(*) 
Method for sparse regression:  L0        
Fitting intercept:      T
Metric for model selection: RMSE
Number of the top-ranked models to output:      100
--------------------------------------------------------------------------------

Dimension:   1
-------------------
Feature Construction (FC) starts ...
Population Standard Deviation (SD) of the task 001:    9.58125
Total number of features in the space phi00:             19
Total number of features in the space phi01:            625
Total number of features in the space phi02:         183609
Total number of features in the space phi03:     4311520272
Size of the SIS-selected subspace from phi03:      10000
Time (second) used for this FC:          816.54

Descriptor Identification (DI) starts ...
Total number of SIS-selected features from all dimensions:      10000
 
  1D descriptor: 
     d001 = (((feature11+feature19)-feature18)*((feature13-feature9)*(feature13+feature15)))    feature_ID:000001

  1D model(y=sum(ci*di)+c0): 
     coeff.(ci)_task001:     0.2034450529E+02
             c0_task001:     0.5315139129E+01
     RMSE,MaxAE_task001:     0.4283813040E+01    0.1017386000E+02

     RMSE and MaxAE of the model:   4.283813 10.173860
--------------------------------------------------------------------------------
Time (second) used for this DI:            0.11

Dimension:   2
-------------------
Feature Construction (FC) starts ...
Total number of features in the space phi00:             19
Total number of features in the space phi01:            625
Total number of features in the space phi02:         183609
Total number of features in the space phi03:     4311520272
Size of the SIS-selected subspace from phi03:      10000
Time (second) used for this FC:          817.74

Descriptor Identification (DI) starts ...
Total number of SIS-selected features from all dimensions:      20000
 
Final model/descriptor !
================================================================================
  2D descriptor: 
     d001 = ((feature13*(feature13+feature15))*((feature1-feature11)+(feature18-feature11)))    feature_ID:004916
     d002 = ((feature15*(feature11-feature2))*((feature12-feature19)*(feature13-feature14)))    feature_ID:012584

  2D model(y=sum(ci*di)+c0): 
     coeff.(ci)_task001:    -0.1171178780E+02   -0.1527289891E+03
             c0_task001:     0.4482861703E+01
     RMSE,MaxAE_task001:     0.2870550137E+01    0.7394101806E+01

     RMSE and MaxAE of the model:   2.870550  7.394102
================================================================================
Time (second) used for this DI:           25.69
Total time (second):         1661.04
Have a nice day !    

