****************************************************************
  Sure Independence Screening and Sparsifying Operator (SISSO)  
             Version SISSO.3.3, July, 2023.                
****************************************************************

Read in data from train.dat
Read in data from SISSO.in
Property type:     1
Number of tasks:        1
Descriptor dimension:        2
Number of samples for the task(s):     25
Restarts :  0
Number of scalar features:       18
Tier of the feature space:        3
Maximal feature complexity (number of operators in a feature):        6
Unit of input primary feature, each represented by a row vector: 
    1.00
    1.00
    1.00
    1.00
    1.00
    1.00
    1.00
    1.00
    1.00
    1.00
    1.00
    1.00
    1.00
    1.00
    1.00
    1.00
    1.00
    1.00
The feature will be discarded if the minimum of the maximal abs. value in it <    0.10000E-02
The faature will be discarded if the maximum of the maximal abs. value in it >     0.10000E+06
Size of the SIS-selected (single) subspace :  10000 10000
Operators for feature construction: (+)(-)(*) (+)(-)(*) (+)(-)(*) 
Method for sparse regression:  L0        
Fitting intercept:      T
Metric for model selection: RMSE
Number of the top-ranked models to output:      100
--------------------------------------------------------------------------------

Dimension:   1
-------------------
Feature Construction (FC) starts ...
Population Standard Deviation (SD) of the task 001:   23.93424
Total number of features in the space phi00:             18
Total number of features in the space phi01:            557
Total number of features in the space phi02:         151554
Total number of features in the space phi03:     3057053957
Size of the SIS-selected subspace from phi03:      10000
Time (second) used for this FC:          493.74

Descriptor Identification (DI) starts ...
Total number of SIS-selected features from all dimensions:      10000
 
  1D descriptor: 
     d001 = (((feature10*feature14)-(feature13*feature16))-(feature10*(feature18-feature12)))    feature_ID:000001

  1D model(y=sum(ci*di)+c0): 
     coeff.(ci)_task001:    -0.1370648307E+03
             c0_task001:     0.5780520033E+01
     RMSE,MaxAE_task001:     0.1174675548E+02    0.2769045194E+02

     RMSE and MaxAE of the model:  11.746755 27.690452
--------------------------------------------------------------------------------
Time (second) used for this DI:            0.09

Dimension:   2
-------------------
Feature Construction (FC) starts ...
Total number of features in the space phi00:             18
Total number of features in the space phi01:            557
Total number of features in the space phi02:         151554
Total number of features in the space phi03:     3057053957
Size of the SIS-selected subspace from phi03:      10000
Time (second) used for this FC:          504.68

Descriptor Identification (DI) starts ...
Total number of SIS-selected features from all dimensions:      20000
 
Final model/descriptor !
================================================================================
  2D descriptor: 
     d001 = (((feature5+feature12)*(feature10-feature13))-(feature9*(feature13-feature12)))    feature_ID:000749
     d002 = ((feature11*(feature15-feature18))*((feature15-feature9)*(feature2+feature12)))    feature_ID:012223

  2D model(y=sum(ci*di)+c0): 
     coeff.(ci)_task001:    -0.7505956877E+02   -0.5586848514E+03
             c0_task001:     0.1976380218E+02
     RMSE,MaxAE_task001:     0.6192142538E+01    0.1743461948E+02

     RMSE and MaxAE of the model:   6.192143 17.434619
================================================================================
Time (second) used for this DI:           23.45
Total time (second):         1022.83
Have a nice day !    

