****************************************************************
  Sure Independence Screening and Sparsifying Operator (SISSO)  
             Version SISSO.3.3, July, 2023.                
****************************************************************

Read in data from train.dat
Read in data from SISSO.in
Property type:     1
Number of tasks:        1
Descriptor dimension:        2
Number of samples for the task(s):     36
Restarts :  0
Number of scalar features:       23
Tier of the feature space:        3
Maximal feature complexity (number of operators in a feature):        6
Unit of input primary feature, each represented by a row vector: 
    1.00
    1.00
    1.00
    1.00
    1.00
    1.00
    1.00
    1.00
    1.00
    1.00
    1.00
    1.00
    1.00
    1.00
    1.00
    1.00
    1.00
    1.00
    1.00
    1.00
    1.00
    1.00
    1.00
The feature will be discarded if the minimum of the maximal abs. value in it <    0.10000E-02
The faature will be discarded if the maximum of the maximal abs. value in it >     0.10000E+06
Size of the SIS-selected (single) subspace :  10000 10000
Operators for feature construction: (+)(-)(*) (+)(-)(*) (+)(-)(*) 
Method for sparse regression:  L0        
Fitting intercept:      T
Metric for model selection: RMSE
Number of the top-ranked models to output:      100
--------------------------------------------------------------------------------

Dimension:   1
-------------------
Feature Construction (FC) starts ...
Population Standard Deviation (SD) of the task 001:   21.37314
Total number of features in the space phi00:             23
Total number of features in the space phi01:            943
Total number of features in the space phi02:         447686
Total number of features in the space phi03:    19897512974
Size of the SIS-selected subspace from phi03:      10000
Time (second) used for this FC:         3370.48

Descriptor Identification (DI) starts ...
Total number of SIS-selected features from all dimensions:      10000
 
  1D descriptor: 
     d001 = (((feature11+feature20)-feature22)*((feature15+feature21)+(feature15-feature16)))    feature_ID:000001

  1D model(y=sum(ci*di)+c0): 
     coeff.(ci)_task001:    -0.7623154487E+02
             c0_task001:     0.5741130130E+02
     RMSE,MaxAE_task001:     0.1181672691E+02    0.3061130130E+02

     RMSE and MaxAE of the model:  11.816727 30.611301
--------------------------------------------------------------------------------
Time (second) used for this DI:            0.10

Dimension:   2
-------------------
Feature Construction (FC) starts ...
Total number of features in the space phi00:             23
Total number of features in the space phi01:            943
Total number of features in the space phi02:         447686
Total number of features in the space phi03:    19897512974
Size of the SIS-selected subspace from phi03:      10000
Time (second) used for this FC:         3370.74

Descriptor Identification (DI) starts ...
Total number of SIS-selected features from all dimensions:      20000
 
Final model/descriptor !
================================================================================
  2D descriptor: 
     d001 = (((feature15+feature21)-feature19)*((feature11+feature20)-(feature22-feature6)))    feature_ID:002458
     d002 = ((feature21*(feature11+feature22))+((feature4+feature16)*(feature16-feature22)))    feature_ID:015916

  2D model(y=sum(ci*di)+c0): 
     coeff.(ci)_task001:    -0.1059644736E+03    0.5522424616E+02
             c0_task001:     0.2895444339E+02
     RMSE,MaxAE_task001:     0.7429530361E+01    0.1741325738E+02

     RMSE and MaxAE of the model:   7.429530 17.413257
================================================================================
Time (second) used for this DI:           25.70
Total time (second):         6768.04
Have a nice day !    

