****************************************************************
  Sure Independence Screening and Sparsifying Operator (SISSO)  
             Version SISSO.3.3, July, 2023.                
****************************************************************

Read in data from train.dat
Read in data from SISSO.in
Property type:     1
Number of tasks:        1
Descriptor dimension:        2
Number of samples for the task(s):     36
Restarts :  0
Number of scalar features:       20
Tier of the feature space:        3
Maximal feature complexity (number of operators in a feature):        6
Unit of input primary feature, each represented by a row vector: 
    1.00
    1.00
    1.00
    1.00
    1.00
    1.00
    1.00
    1.00
    1.00
    1.00
    1.00
    1.00
    1.00
    1.00
    1.00
    1.00
    1.00
    1.00
    1.00
    1.00
The feature will be discarded if the minimum of the maximal abs. value in it <    0.10000E-02
The faature will be discarded if the maximum of the maximal abs. value in it >     0.10000E+06
Size of the SIS-selected (single) subspace :  10000 10000
Operators for feature construction: (+)(-)(*) (+)(-)(*) (+)(-)(*) 
Method for sparse regression:  L0        
Fitting intercept:      T
Metric for model selection: RMSE
Number of the top-ranked models to output:      100
--------------------------------------------------------------------------------

Dimension:   1
-------------------
Feature Construction (FC) starts ...
Population Standard Deviation (SD) of the task 001:  100.30272
Total number of features in the space phi00:             20
Total number of features in the space phi01:            702
Total number of features in the space phi02:         236470
Total number of features in the space phi03:     6651668421
Size of the SIS-selected subspace from phi03:      10000
Time (second) used for this FC:         1257.48

Descriptor Identification (DI) starts ...
Total number of SIS-selected features from all dimensions:      10000
 
  1D descriptor: 
     d001 = (((feature11-feature17)-(feature19-feature2))-((feature9+feature18)-feature4))    feature_ID:000001

  1D model(y=sum(ci*di)+c0): 
     coeff.(ci)_task001:     0.1098983583E+03
             c0_task001:     0.3655002637E+03
     RMSE,MaxAE_task001:     0.2976971423E+02    0.9454362059E+02

     RMSE and MaxAE of the model:  29.769714 94.543621
--------------------------------------------------------------------------------
Time (second) used for this DI:            0.21

Dimension:   2
-------------------
Feature Construction (FC) starts ...
Total number of features in the space phi00:             20
Total number of features in the space phi01:            702
Total number of features in the space phi02:         236470
Total number of features in the space phi03:     6651668421
Size of the SIS-selected subspace from phi03:      10000
Time (second) used for this FC:         1255.19

Descriptor Identification (DI) starts ...
Total number of SIS-selected features from all dimensions:      20000
 
Final model/descriptor !
================================================================================
  2D descriptor: 
     d001 = (((feature11+feature17)-feature4)*((feature11-feature17)-(feature19-feature2)))    feature_ID:008179
     d002 = (((feature1-feature11)*(feature11-feature19))-(feature18*(feature14-feature18)))    feature_ID:009485

  2D model(y=sum(ci*di)+c0): 
     coeff.(ci)_task001:     0.6083972297E+02   -0.1370883504E+03
             c0_task001:     0.2905285105E+03
     RMSE,MaxAE_task001:     0.2303006926E+02    0.5405152324E+02

     RMSE and MaxAE of the model:  23.030069 54.051523
================================================================================
Time (second) used for this DI:           25.60
Total time (second):         2539.40
Have a nice day !    

