****************************************************************
  Sure Independence Screening and Sparsifying Operator (SISSO)  
             Version SISSO.3.3, July, 2023.                
****************************************************************

Read in data from train.dat
Read in data from SISSO.in
Property type:     1
Number of tasks:        1
Descriptor dimension:        2
Number of samples for the task(s):     36
Restarts :  0
Number of scalar features:       20
Tier of the feature space:        3
Maximal feature complexity (number of operators in a feature):        6
Unit of input primary feature, each represented by a row vector: 
    1.00
    1.00
    1.00
    1.00
    1.00
    1.00
    1.00
    1.00
    1.00
    1.00
    1.00
    1.00
    1.00
    1.00
    1.00
    1.00
    1.00
    1.00
    1.00
    1.00
The feature will be discarded if the minimum of the maximal abs. value in it <    0.10000E-02
The faature will be discarded if the maximum of the maximal abs. value in it >     0.10000E+06
Size of the SIS-selected (single) subspace :  10000 10000
Operators for feature construction: (+)(-)(*) (+)(-)(*) (+)(-)(*) 
Method for sparse regression:  L0        
Fitting intercept:      T
Metric for model selection: RMSE
Number of the top-ranked models to output:      100
--------------------------------------------------------------------------------

Dimension:   1
-------------------
Feature Construction (FC) starts ...
Population Standard Deviation (SD) of the task 001:    9.04374
Total number of features in the space phi00:             20
Total number of features in the space phi01:            692
Total number of features in the space phi02:         217009
Total number of features in the space phi03:     5864438295
Size of the SIS-selected subspace from phi03:      10000
Time (second) used for this FC:          993.10

Descriptor Identification (DI) starts ...
Total number of SIS-selected features from all dimensions:      10000
 
  1D descriptor: 
     d001 = ((feature19*(feature12-feature18))+((feature12-feature19)*(feature14-feature20)))    feature_ID:000001

  1D model(y=sum(ci*di)+c0): 
     coeff.(ci)_task001:     0.2424019331E+02
             c0_task001:     0.1086306663E+02
     RMSE,MaxAE_task001:     0.4153891321E+01    0.1032357591E+02

     RMSE and MaxAE of the model:   4.153891 10.323576
--------------------------------------------------------------------------------
Time (second) used for this DI:            0.15

Dimension:   2
-------------------
Feature Construction (FC) starts ...
Total number of features in the space phi00:             20
Total number of features in the space phi01:            692
Total number of features in the space phi02:         217009
Total number of features in the space phi03:     5864438295
Size of the SIS-selected subspace from phi03:      10000
Time (second) used for this FC:          993.36

Descriptor Identification (DI) starts ...
Total number of SIS-selected features from all dimensions:      20000
 
Final model/descriptor !
================================================================================
  2D descriptor: 
     d001 = (((feature12*feature14)*(feature14+feature16))-(feature16*(feature14*feature16)))    feature_ID:005418
     d002 = (((feature18-feature20)-feature3)*((feature17*feature18)-(feature19*feature20)))    feature_ID:010154

  2D model(y=sum(ci*di)+c0): 
     coeff.(ci)_task001:     0.2138473501E+02    0.1471437641E+03
             c0_task001:     0.3550802641E+01
     RMSE,MaxAE_task001:     0.2406809899E+01    0.5329045610E+01

     RMSE and MaxAE of the model:   2.406810  5.329046
================================================================================
Time (second) used for this DI:           25.74
Total time (second):         2013.23
Have a nice day !    

