****************************************************************
  Sure Independence Screening and Sparsifying Operator (SISSO)  
             Version SISSO.3.3, July, 2023.                
****************************************************************

Read in data from train.dat
Read in data from SISSO.in
Property type:     1
Number of tasks:        1
Descriptor dimension:        2
Number of samples for the task(s):     36
Restarts :  0
Number of scalar features:       20
Tier of the feature space:        3
Maximal feature complexity (number of operators in a feature):        6
Unit of input primary feature, each represented by a row vector: 
    1.00
    1.00
    1.00
    1.00
    1.00
    1.00
    1.00
    1.00
    1.00
    1.00
    1.00
    1.00
    1.00
    1.00
    1.00
    1.00
    1.00
    1.00
    1.00
    1.00
The feature will be discarded if the minimum of the maximal abs. value in it <    0.10000E-02
The faature will be discarded if the maximum of the maximal abs. value in it >     0.10000E+06
Size of the SIS-selected (single) subspace :  10000 10000
Operators for feature construction: (+)(-)(*) (+)(-)(*) (+)(-)(*) 
Method for sparse regression:  L0        
Fitting intercept:      T
Metric for model selection: RMSE
Number of the top-ranked models to output:      100
--------------------------------------------------------------------------------

Dimension:   1
-------------------
Feature Construction (FC) starts ...
Population Standard Deviation (SD) of the task 001:   92.18883
Total number of features in the space phi00:             20
Total number of features in the space phi01:            694
Total number of features in the space phi02:         235828
Total number of features in the space phi03:     6570852914
Size of the SIS-selected subspace from phi03:      10000
Time (second) used for this FC:         1132.50

Descriptor Identification (DI) starts ...
Total number of SIS-selected features from all dimensions:      10000
 
  1D descriptor: 
     d001 = ((feature14*(feature15-feature3))+((feature18-feature3)*(feature15-feature19)))    feature_ID:000001

  1D model(y=sum(ci*di)+c0): 
     coeff.(ci)_task001:     0.2465080330E+03
             c0_task001:     0.2736851455E+03
     RMSE,MaxAE_task001:     0.3210414727E+02    0.7154040876E+02

     RMSE and MaxAE of the model:  32.104147 71.540409
--------------------------------------------------------------------------------
Time (second) used for this DI:            0.09

Dimension:   2
-------------------
Feature Construction (FC) starts ...
Total number of features in the space phi00:             20
Total number of features in the space phi01:            694
Total number of features in the space phi02:         235828
Total number of features in the space phi03:     6570852914
Size of the SIS-selected subspace from phi03:      10000
Time (second) used for this FC:         1132.51

Descriptor Identification (DI) starts ...
Total number of SIS-selected features from all dimensions:      20000
 
Final model/descriptor !
================================================================================
  2D descriptor: 
     d001 = ((feature15*(feature14-feature7))+((feature18-feature4)*(feature15-feature19)))    feature_ID:000090
     d002 = (((feature13-feature12)-feature2)*((feature11+feature20)-(feature14+feature16)))    feature_ID:010006

  2D model(y=sum(ci*di)+c0): 
     coeff.(ci)_task001:     0.2494166467E+03    0.2448140140E+03
             c0_task001:     0.2889372001E+03
     RMSE,MaxAE_task001:     0.2179031145E+02    0.6065348906E+02

     RMSE and MaxAE of the model:  21.790311 60.653489
================================================================================
Time (second) used for this DI:           25.43
Total time (second):         2291.50
Have a nice day !    

