****************************************************************
  Sure Independence Screening and Sparsifying Operator (SISSO)  
             Version SISSO.3.3, July, 2023.                
****************************************************************

Read in data from train.dat
Read in data from SISSO.in
Property type:     1
Number of tasks:        1
Descriptor dimension:        2
Number of samples for the task(s):     36
Restarts :  0
Number of scalar features:       19
Tier of the feature space:        3
Maximal feature complexity (number of operators in a feature):        6
Unit of input primary feature, each represented by a row vector: 
    1.00
    1.00
    1.00
    1.00
    1.00
    1.00
    1.00
    1.00
    1.00
    1.00
    1.00
    1.00
    1.00
    1.00
    1.00
    1.00
    1.00
    1.00
    1.00
The feature will be discarded if the minimum of the maximal abs. value in it <    0.10000E-02
The faature will be discarded if the maximum of the maximal abs. value in it >     0.10000E+06
Size of the SIS-selected (single) subspace :  10000 10000
Operators for feature construction: (+)(-)(*) (+)(-)(*) (+)(-)(*) 
Method for sparse regression:  L0        
Fitting intercept:      T
Metric for model selection: RMSE
Number of the top-ranked models to output:      100
--------------------------------------------------------------------------------

Dimension:   1
-------------------
Feature Construction (FC) starts ...
Population Standard Deviation (SD) of the task 001:   80.62260
Total number of features in the space phi00:             19
Total number of features in the space phi01:            625
Total number of features in the space phi02:         183609
Total number of features in the space phi03:     4311520272
Size of the SIS-selected subspace from phi03:      10000
Time (second) used for this FC:          817.67

Descriptor Identification (DI) starts ...
Total number of SIS-selected features from all dimensions:      10000
 
  1D descriptor: 
     d001 = ((feature13*(feature11+feature19))+((feature13-feature14)*(feature15-feature18)))    feature_ID:000001

  1D model(y=sum(ci*di)+c0): 
     coeff.(ci)_task001:     0.1998174230E+03
             c0_task001:     0.1326748957E+03
     RMSE,MaxAE_task001:     0.3037607392E+02    0.5417336844E+02

     RMSE and MaxAE of the model:  30.376074 54.173368
--------------------------------------------------------------------------------
Time (second) used for this DI:            0.09

Dimension:   2
-------------------
Feature Construction (FC) starts ...
Total number of features in the space phi00:             19
Total number of features in the space phi01:            625
Total number of features in the space phi02:         183609
Total number of features in the space phi03:     4311520272
Size of the SIS-selected subspace from phi03:      10000
Time (second) used for this FC:          818.73

Descriptor Identification (DI) starts ...
Total number of SIS-selected features from all dimensions:      20000
 
Final model/descriptor !
================================================================================
  2D descriptor: 
     d001 = (((feature11+feature13)+(feature14-feature16))-((feature18-feature14)-feature2))    feature_ID:003210
     d002 = ((feature15*(feature19-feature3))*((feature11-feature14)-(feature2+feature3)))    feature_ID:010400

  2D model(y=sum(ci*di)+c0): 
     coeff.(ci)_task001:     0.1011481299E+03    0.4369207288E+03
             c0_task001:     0.1855968934E+03
     RMSE,MaxAE_task001:     0.2231525170E+02    0.4983176430E+02

     RMSE and MaxAE of the model:  22.315252 49.831764
================================================================================
Time (second) used for this DI:           25.56
Total time (second):         1663.49
Have a nice day !    

