****************************************************************
  Sure Independence Screening and Sparsifying Operator (SISSO)  
             Version SISSO.3.3, July, 2023.                
****************************************************************

Read in data from train.dat
Read in data from SISSO.in
Property type:     1
Number of tasks:        1
Descriptor dimension:        2
Number of samples for the task(s):     36
Restarts :  0
Number of scalar features:       22
Tier of the feature space:        3
Maximal feature complexity (number of operators in a feature):        6
Unit of input primary feature, each represented by a row vector: 
    1.00
    1.00
    1.00
    1.00
    1.00
    1.00
    1.00
    1.00
    1.00
    1.00
    1.00
    1.00
    1.00
    1.00
    1.00
    1.00
    1.00
    1.00
    1.00
    1.00
    1.00
    1.00
The feature will be discarded if the minimum of the maximal abs. value in it <    0.10000E-02
The faature will be discarded if the maximum of the maximal abs. value in it >     0.10000E+06
Size of the SIS-selected (single) subspace :  10000 10000
Operators for feature construction: (+)(-)(*) (+)(-)(*) (+)(-)(*) 
Method for sparse regression:  L0        
Fitting intercept:      T
Metric for model selection: RMSE
Number of the top-ranked models to output:      100
--------------------------------------------------------------------------------

Dimension:   1
-------------------
Feature Construction (FC) starts ...
Population Standard Deviation (SD) of the task 001:   21.78719
Total number of features in the space phi00:             22
Total number of features in the space phi01:            852
Total number of features in the space phi02:         347451
Total number of features in the space phi03:    12995705587
Size of the SIS-selected subspace from phi03:      10000
Time (second) used for this FC:         2330.50

Descriptor Identification (DI) starts ...
Total number of SIS-selected features from all dimensions:      10000
 
  1D descriptor: 
     d001 = ((feature15*(feature12+feature16))+((feature13-feature21)*(feature14+feature22)))    feature_ID:000001

  1D model(y=sum(ci*di)+c0): 
     coeff.(ci)_task001:     0.3100569189E+02
             c0_task001:     0.3956164061E+02
     RMSE,MaxAE_task001:     0.1156285296E+02    0.3072007844E+02

     RMSE and MaxAE of the model:  11.562853 30.720078
--------------------------------------------------------------------------------
Time (second) used for this DI:            0.09

Dimension:   2
-------------------
Feature Construction (FC) starts ...
Total number of features in the space phi00:             22
Total number of features in the space phi01:            852
Total number of features in the space phi02:         347451
Total number of features in the space phi03:    12995705587
Size of the SIS-selected subspace from phi03:      10000
Time (second) used for this FC:         2336.16

Descriptor Identification (DI) starts ...
Total number of SIS-selected features from all dimensions:      20000
 
Final model/descriptor !
================================================================================
  2D descriptor: 
     d001 = (((feature14+feature22)*(feature21-feature13))-(feature12*(feature15+feature22)))    feature_ID:000017
     d002 = ((feature12*(feature12-feature15))*((feature15*feature18)*(feature20-feature22)))    feature_ID:010193

  2D model(y=sum(ci*di)+c0): 
     coeff.(ci)_task001:    -0.3850971669E+02    0.7104924344E+03
             c0_task001:     0.3871310794E+02
     RMSE,MaxAE_task001:     0.8127055784E+01    0.1881288806E+02

     RMSE and MaxAE of the model:   8.127056 18.812888
================================================================================
Time (second) used for this DI:           25.70
Total time (second):         4693.07
Have a nice day !    

