
       ==============================================
       |                                            |
       |                 C R E S T                  |
       |                                            |
       |  Conformer-Rotamer Ensemble Sampling Tool  |
       |          based on the GFN methods          |
       |             P.Pracht, S.Grimme             |
       |          Universitaet Bonn, MCTC           |
       ==============================================
       Version 2.12,   Thu 19. Mai 16:32:32 CEST 2022
  Using the xTB program. Compatible with xTB version 6.4.0

   Cite work conducted with this code as

   • P.Pracht, F.Bohle, S.Grimme, PCCP, 2020, 22, 7169-7192.
   • S.Grimme, JCTC, 2019, 15, 2847-2862.

   and for works involving QCG as

   • S.Spicher, C.Plett, P.Pracht, A.Hansen, S.Grimme,
     JCTC, 2022, 18 (5), 3174-3189.

   with help from:
   C.Bannwarth, F.Bohle, S.Ehlert, S.Grimme,
   C.Plett, P.Pracht, S.Spicher

   This program is distributed in the hope that it will be useful,
   but WITHOUT ANY WARRANTY; without even the implied warranty of
   MERCHANTABILITY or FITNESS FOR A PARTICULAR PURPOSE.

 Command line input:
 > crest out.xyz --gfn 2 --chrg 0 -T 1 --noreftopo

  -gfn2 : Use of GFN2-xTB requested.
  --chrg 0
  -T 1 (CPUs/Threads selected)

 -------------------------
 xTB Geometry Optimization
 -------------------------
 Geometry successfully optimized.

------------------------------------------------
Generating MTD length from a flexibility measure
------------------------------------------------
 Calculating WBOs... done.
 Calculating NCI flexibility... done.
     covalent flexibility measure :   0.457
 non-covalent flexibility measure :   0.787
 flexibility measure :   0.495
 t(MTD) / ps    :     7.0
 Σ(t(MTD)) / ps :    98.0 (14 MTDs)

-------------------------------------
Starting a trial MTD to test settings
-------------------------------------
 Estimated runtime for one MTD (7.0 ps) on a single thread: 24 min 3 sec
 Estimated runtime for a batch of 14 MTDs on 1 threads: 5 h 36 min 38 sec

 list of Vbias parameters applied:
$metadyn    0.00300   1.300
$metadyn    0.00150   1.300
$metadyn    0.00075   1.300
$metadyn    0.00300   0.780
$metadyn    0.00150   0.780
$metadyn    0.00075   0.780
$metadyn    0.00300   0.468
$metadyn    0.00150   0.468
$metadyn    0.00075   0.468
$metadyn    0.00300   0.281
$metadyn    0.00150   0.281
$metadyn    0.00075   0.281
$metadyn    0.00100   0.100
$metadyn    0.00500   0.800

*******************************************************************************************
**                        N E W    I T E R A T I O N    C Y C L E                        **
*******************************************************************************************

========================================
            MTD Iteration  1
========================================

     ========================================
     |         Meta-MD (MTD) Sampling       |
     ========================================

Starting Meta-MD  14 with the settings:
     MD time /ps        :     7.0
     dt /fs             :     5.0
     dumpstep(trj) /fs  :     100
     dumpstep(Vbias)/ps :     1.0
     Vbias factor k /Eh :  0.1300
     Vbias exp α /bohr⁻²:    0.80
*Meta-MTD 14 finished*
Starting Meta-MD  13 with the settings:
     MD time /ps        :     7.0
     dt /fs             :     5.0
     dumpstep(trj) /fs  :     100
     dumpstep(Vbias)/ps :     1.0
     Vbias factor k /Eh :  0.0260
     Vbias exp α /bohr⁻²:    0.10
*Meta-MTD 13 finished*
Starting Meta-MD  12 with the settings:
     MD time /ps        :     7.0
     dt /fs             :     5.0
     dumpstep(trj) /fs  :     100
     dumpstep(Vbias)/ps :     1.0
     Vbias factor k /Eh :  0.0195
     Vbias exp α /bohr⁻²:    0.28
*Meta-MTD 12 finished*
Starting Meta-MD  11 with the settings:
     MD time /ps        :     7.0
     dt /fs             :     5.0
     dumpstep(trj) /fs  :     100
     dumpstep(Vbias)/ps :     1.0
     Vbias factor k /Eh :  0.0390
     Vbias exp α /bohr⁻²:    0.28
*Meta-MTD 11 finished*
Starting Meta-MD  10 with the settings:
     MD time /ps        :     7.0
     dt /fs             :     5.0
     dumpstep(trj) /fs  :     100
     dumpstep(Vbias)/ps :     1.0
     Vbias factor k /Eh :  0.0780
     Vbias exp α /bohr⁻²:    0.28
*Meta-MTD 10 finished*
Starting Meta-MD   9 with the settings:
     MD time /ps        :     7.0
     dt /fs             :     5.0
     dumpstep(trj) /fs  :     100
     dumpstep(Vbias)/ps :     1.0
     Vbias factor k /Eh :  0.0195
     Vbias exp α /bohr⁻²:    0.47
*Meta-MTD 9 finished*
Starting Meta-MD   8 with the settings:
     MD time /ps        :     7.0
     dt /fs             :     5.0
     dumpstep(trj) /fs  :     100
     dumpstep(Vbias)/ps :     1.0
     Vbias factor k /Eh :  0.0390
     Vbias exp α /bohr⁻²:    0.47
*Meta-MTD 8 finished*
Starting Meta-MD   7 with the settings:
     MD time /ps        :     7.0
     dt /fs             :     5.0
     dumpstep(trj) /fs  :     100
     dumpstep(Vbias)/ps :     1.0
     Vbias factor k /Eh :  0.0780
     Vbias exp α /bohr⁻²:    0.47
*Meta-MTD 7 finished*
Starting Meta-MD   6 with the settings:
     MD time /ps        :     7.0
     dt /fs             :     5.0
     dumpstep(trj) /fs  :     100
     dumpstep(Vbias)/ps :     1.0
     Vbias factor k /Eh :  0.0195
     Vbias exp α /bohr⁻²:    0.78
*Meta-MTD 6 finished*
Starting Meta-MD   5 with the settings:
     MD time /ps        :     7.0
     dt /fs             :     5.0
     dumpstep(trj) /fs  :     100
     dumpstep(Vbias)/ps :     1.0
     Vbias factor k /Eh :  0.0390
     Vbias exp α /bohr⁻²:    0.78
*Meta-MTD 5 finished*
Starting Meta-MD   4 with the settings:
     MD time /ps        :     7.0
     dt /fs             :     5.0
     dumpstep(trj) /fs  :     100
     dumpstep(Vbias)/ps :     1.0
     Vbias factor k /Eh :  0.0780
     Vbias exp α /bohr⁻²:    0.78
*Meta-MTD 4 finished*
Starting Meta-MD   3 with the settings:
     MD time /ps        :     7.0
     dt /fs             :     5.0
     dumpstep(trj) /fs  :     100
     dumpstep(Vbias)/ps :     1.0
     Vbias factor k /Eh :  0.0195
     Vbias exp α /bohr⁻²:    1.30
*Meta-MTD 3 finished*
Starting Meta-MD   2 with the settings:
     MD time /ps        :     7.0
     dt /fs             :     5.0
     dumpstep(trj) /fs  :     100
     dumpstep(Vbias)/ps :     1.0
     Vbias factor k /Eh :  0.0390
     Vbias exp α /bohr⁻²:    1.30
*Meta-MTD 2 finished*
Starting Meta-MD   1 with the settings:
     MD time /ps        :     7.0
     dt /fs             :     5.0
     dumpstep(trj) /fs  :     100
     dumpstep(Vbias)/ps :     1.0
     Vbias factor k /Eh :  0.0780
     Vbias exp α /bohr⁻²:    1.30
*Meta-MTD 1 finished*

-----------------------
Multilevel Optimization
-----------------------

 -------------------------
 1. crude pre-optimization
 -------------------------
 Optimizing all 966 structures from file "crest_rotamers_0.xyz" ...
 1 2 3 4 5 6 7 8 9 10 11 12 13 14 15 16 17 18 19 20 21 22 23 24 25 26 27 28 29 30 31 32 33 34 35 36 37 38 39 40 41 42 43 44 45 46 47 48 49 50 51 52 53 54 55 56 57 58 59 60 61 62 63 64 65 66 67 68 69 70 71 72 73 74 75 76 77 78 79 80 81 82 83 84 85 86 87 88 89 90 91 92 93 94 95 96 97 98 99 100 101 102 103 104 105 106 107 108 109 110 111 112 113 114 115 116 117 118 119 120 121 122 123 124 125 126 127 128 129 130 131 132 133 134 135 136 137 138 139 140 141 142 143 144 145 146 147 148 149 150 151 152 153 154 155 156 157 158 159 160 161 162 163 164 165 166 167 168 169 170 171 172 173 174 175 176 177 178 179 180 181 182 183 184 185 186 187 188 189 190 191 192 193 194 195 196 197 198 199 200 201 202 203 204 205 206 207 208 209 210 211 212 213 214 215 216 217 218 219 220 221 222 223 224 225 226 227 228 229 230 231 232 233 234 235 236 237 238 239 240 241 242 243 244 245 246 247 248 249 250 251 252 253 254 255 256 257 258 259 260 261 262 263 264 265 266 267 268 269 270 271 272 273 274 275 276 277 278 279 280 281 282 283 284 285 286 287 288 289 290 291 292 293 294 295 296 297 298 299 300 301 302 303 304 305 306 307 308 309 310 311 312 313 314 315 316 317 318 319 320 321 322 323 324 325 326 327 328 329 330 331 332 333 334 335 336 337 338 339 340 341 342 343 344 345 346 347 348 349 350 351 352 353 354 355 356 357 358 359 360 361 362 363 364 365 366 367 368 369 370 371 372 373 374 375 376 377 378 379 380 381 382 383 384 385 386 387 388 389 390 391 392 393 394 395 396 397 398 399 400 401 402 403 404 405 406 407 408 409 410 411 412 413 414 415 416 417 418 419 420 421 422 423 424 425 426 427 428 429 430 431 432 433 434 435 436 437 438 439 440 441 442 443 444 445 446 447 448 449 450 451 452 453 454 455 456 457 458 459 460 461 462 463 464 465 466 467 468 469 470 471 472 473 474 475 476 477 478 479 480 481 482 483 484 485 486 487 488 489 490 491 492 493 494 495 496 497 498 499 500 501 502 503 504 505 506 507 508 509 510 511 512 513 514 515 516 517 518 519 520 521 522 523 524 525 526 527 528 529 530 531 532 533 534 535 536 537 538 539 540 541 542 543 544 545 546 547 548 549 550 551 552 553 554 555 556 557 558 559 560 561 562 563 564 565 566 567 568 569 570 571 572 573 574 575 576 577 578 579 580 581 582 583 584 585 586 587 588 589 590 591 592 593 594 595 596 597 598 599 600 601 602 603 604 605 606 607 608 609 610 611 612 613 614 615 616 617 618 619 620 621 622 623 624 625 626 627 628 629 630 631 632 633 634 635 636 637 638 639 640 641 642 643 644 645 646 647 648 649 650 651 652 653 654 655 656 657 658 659 660 661 662 663 664 665 666 667 668 669 670 671 672 673 674 675 676 677 678 679 680 681 682 683 684 685 686 687 688 689 690 691 692 693 694 695 696 697 698 699 700 701 702 703 704 705 706 707 708 709 710 711 712 713 714 715 716 717 718 719 720 721 722 723 724 725 726 727 728 729 730 731 732 733 734 735 736 737 738 739 740 741 742 743 744 745 746 747 748 749 750 751 752 753 754 755 756 757 758 759 760 761 762 763 764 765 766 767 768 769 770 771 772 773 774 775 776 777 778 779 780 781 782 783 784 785 786 787 788 789 790 791 792 793 794 795 796 797 798 799 800 801 802 803 804 805 806 807 808 809 810 811 812 813 814 815 816 817 818 819 820 821 822 823 824 825 826 827 828 829 830 831 832 833 834 835 836 837 838 839 840 841 842 843 844 845 846 847 848 849 850 851 852 853 854 855 856 857 858 859 860 861 862 863 864 865 866 867 868 869 870 871 872 873 874 875 876 877 878 879 880 881 882 883 884 885 886 887 888 889 890 891 892 893 894 895 896 897 898 899 900 901 902 903 904 905 906 907 908 909 910 911 912 913 914 915 916 917 918 919 920 921 922 923 924 925 926 927 928 929 930 931 932 933 934 935 936 937 938 939 940 941 942 943 944 945 946 947 948 949 950 951 952 953 954 955 956 957 958 959 960 961 962 963 964 965 966
 done.
 running RMSDs...
 done.
 E lowest :   -26.32042
 874 structures remain within    12.00 kcal/mol window

 -------------------------------------
 2. optimization with tight thresholds
 -------------------------------------
 Optimizing all 875 structures from file "crest_rotamers_1.xyz" ...
 1 2 3 4 5 6 7 8 9 10 11 12 13 14 15 16 17 18 19 20 21 22 23 24 25 26 27 28 29 30 31 32 33 34 35 36 37 38 39 40 41 42 43 44 45 46 47 48 49 50 51 52 53 54 55 56 57 58 59 60 61 62 63 64 65 66 67 68 69 70 71 72 73 74 75 76 77 78 79 80 81 82 83 84 85 86 87 88 89 90 91 92 93 94 95 96 97 98 99 100 101 102 103 104 105 106 107 108 109 110 111 112 113 114 115 116 117 118 119 120 121 122 123 124 125 126 127 128 129 130 131 132 133 134 135 136 137 138 139 140 141 142 143 144 145 146 147 148 149 150 151 152 153 154 155 156 157 158 159 160 161 162 163 164 165 166 167 168 169 170 171 172 173 174 175 176 177 178 179 180 181 182 183 184 185 186 187 188 189 190 191 192 193 194 195 196 197 198 199 200 201 202 203 204 205 206 207 208 209 210 211 212 213 214 215 216 217 218 219 220 221 222 223 224 225 226 227 228 229 230 231 232 233 234 235 236 237 238 239 240 241 242 243 244 245 246 247 248 249 250 251 252 253 254 255 256 257 258 259 260 261 262 263 264 265 266 267 268 269 270 271 272 273 274 275 276 277 278 279 280 281 282 283 284 285 286 287 288 289 290 291 292 293 294 295 296 297 298 299 300 301 302 303 304 305 306 307 308 309 310 311 312 313 314 315 316 317 318 319 320 321 322 323 324 325 326 327 328 329 330 331 332 333 334 335 336 337 338 339 340 341 342 343 344 345 346 347 348 349 350 351 352 353 354 355 356 357 358 359 360 361 362 363 364 365 366 367 368 369 370 371 372 373 374 375 376 377 378 379 380 381 382 383 384 385 386 387 388 389 390 391 392 393 394 395 396 397 398 399 400 401 402 403 404 405 406 407 408 409 410 411 412 413 414 415 416 417 418 419 420 421 422 423 424 425 426 427 428 429 430 431 432 433 434 435 436 437 438 439 440 441 442 443 444 445 446 447 448 449 450 451 452 453 454 455 456 457 458 459 460 461 462 463 464 465 466 467 468 469 470 471 472 473 474 475 476 477 478 479 480 481 482 483 484 485 486 487 488 489 490 491 492 493 494 495 496 497 498 499 500 501 502 503 504 505 506 507 508 509 510 511 512 513 514 515 516 517 518 519 520 521 522 523 524 525 526 527 528 529 530 531 532 533 534 535 536 537 538 539 540 541 542 543 544 545 546 547 548 549 550 551 552 553 554 555 556 557 558 559 560 561 562 563 564 565 566 567 568 569 570 571 572 573 574 575 576 577 578 579 580 581 582 583 584 585 586 587 588 589 590 591 592 593 594 595 596 597 598 599 600 601 602 603 604 605 606 607 608 609 610 611 612 613 614 615 616 617 618 619 620 621 622 623 624 625 626 627 628 629 630 631 632 633 634 635 636 637 638 639 640 641 642 643 644 645 646 647 648 649 650 651 652 653 654 655 656 657 658 659 660 661 662 663 664 665 666 667 668 669 670 671 672 673 674 675 676 677 678 679 680 681 682 683 684 685 686 687 688 689 690 691 692 693 694 695 696 697 698 699 700 701 702 703 704 705 706 707 708 709 710 711 712 713 714 715 716 717 718 719 720 721 722 723 724 725 726 727 728 729 730 731 732 733 734 735 736 737 738 739 740 741 742 743 744 745 746 747 748 749 750 751 752 753 754 755 756 757 758 759 760 761 762 763 764 765 766 767 768 769 770 771 772 773 774 775 776 777 778 779 780 781 782 783 784 785 786 787 788 789 790 791 792 793 794 795 796 797 798 799 800 801 802 803 804 805 806 807 808 809 810 811 812 813 814 815 816 817 818 819 820 821 822 823 824 825 826 827 828 829 830 831 832 833 834 835 836 837 838 839 840 841 842 843 844 845 846 847 848 849 850 851 852 853 854 855 856 857 858 859 860 861 862 863 864 865 866 867 868 869 870 871 872 873 874 875
 done.
 running RMSDs...
 done.
 E lowest :   -26.32060
 398 structures remain within     6.00 kcal/mol window


========================================
            MTD Iteration  2
========================================

     ========================================
     |         Meta-MD (MTD) Sampling       |
     ========================================

Starting Meta-MD  12 with the settings:
     MD time /ps        :     7.0
     dt /fs             :     5.0
     dumpstep(trj) /fs  :     100
     dumpstep(Vbias)/ps :     1.0
     Vbias factor k /Eh :  0.0195
     Vbias exp α /bohr⁻²:    0.28
*Meta-MTD 12 finished*
Starting Meta-MD  11 with the settings:
     MD time /ps        :     7.0
     dt /fs             :     5.0
     dumpstep(trj) /fs  :     100
     dumpstep(Vbias)/ps :     1.0
     Vbias factor k /Eh :  0.0390
     Vbias exp α /bohr⁻²:    0.28
*Meta-MTD 11 finished*
Starting Meta-MD  10 with the settings:
     MD time /ps        :     7.0
     dt /fs             :     5.0
     dumpstep(trj) /fs  :     100
     dumpstep(Vbias)/ps :     1.0
     Vbias factor k /Eh :  0.0780
     Vbias exp α /bohr⁻²:    0.28
*Meta-MTD 10 finished*
Starting Meta-MD   9 with the settings:
     MD time /ps        :     7.0
     dt /fs             :     5.0
     dumpstep(trj) /fs  :     100
     dumpstep(Vbias)/ps :     1.0
     Vbias factor k /Eh :  0.0195
     Vbias exp α /bohr⁻²:    0.47
*Meta-MTD 9 finished*
Starting Meta-MD   8 with the settings:
     MD time /ps        :     7.0
     dt /fs             :     5.0
     dumpstep(trj) /fs  :     100
     dumpstep(Vbias)/ps :     1.0
     Vbias factor k /Eh :  0.0390
     Vbias exp α /bohr⁻²:    0.47
*Meta-MTD 8 finished*
Starting Meta-MD   7 with the settings:
     MD time /ps        :     7.0
     dt /fs             :     5.0
     dumpstep(trj) /fs  :     100
     dumpstep(Vbias)/ps :     1.0
     Vbias factor k /Eh :  0.0780
     Vbias exp α /bohr⁻²:    0.47
*Meta-MTD 7 finished*
Starting Meta-MD   6 with the settings:
     MD time /ps        :     7.0
     dt /fs             :     5.0
     dumpstep(trj) /fs  :     100
     dumpstep(Vbias)/ps :     1.0
     Vbias factor k /Eh :  0.0195
     Vbias exp α /bohr⁻²:    0.78
*Meta-MTD 6 finished*
Starting Meta-MD   5 with the settings:
     MD time /ps        :     7.0
     dt /fs             :     5.0
     dumpstep(trj) /fs  :     100
     dumpstep(Vbias)/ps :     1.0
     Vbias factor k /Eh :  0.0390
     Vbias exp α /bohr⁻²:    0.78
*Meta-MTD 5 finished*
Starting Meta-MD   4 with the settings:
     MD time /ps        :     7.0
     dt /fs             :     5.0
     dumpstep(trj) /fs  :     100
     dumpstep(Vbias)/ps :     1.0
     Vbias factor k /Eh :  0.0780
     Vbias exp α /bohr⁻²:    0.78
*Meta-MTD 4 finished*
Starting Meta-MD   3 with the settings:
     MD time /ps        :     7.0
     dt /fs             :     5.0
     dumpstep(trj) /fs  :     100
     dumpstep(Vbias)/ps :     1.0
     Vbias factor k /Eh :  0.0195
     Vbias exp α /bohr⁻²:    1.30
*Meta-MTD 3 finished*
Starting Meta-MD   2 with the settings:
     MD time /ps        :     7.0
     dt /fs             :     5.0
     dumpstep(trj) /fs  :     100
     dumpstep(Vbias)/ps :     1.0
     Vbias factor k /Eh :  0.0390
     Vbias exp α /bohr⁻²:    1.30
*Meta-MTD 2 finished*
Starting Meta-MD   1 with the settings:
     MD time /ps        :     7.0
     dt /fs             :     5.0
     dumpstep(trj) /fs  :     100
     dumpstep(Vbias)/ps :     1.0
     Vbias factor k /Eh :  0.0780
     Vbias exp α /bohr⁻²:    1.30
*Meta-MTD 1 finished*

-----------------------
Multilevel Optimization
-----------------------

 -------------------------
 1. crude pre-optimization
 -------------------------
 Optimizing all 828 structures from file "crest_rotamers_0.xyz" ...
 1 2 3 4 5 6 7 8 9 10 11 12 13 14 15 16 17 18 19 20 21 22 23 24 25 26 27 28 29 30 31 32 33 34 35 36 37 38 39 40 41 42 43 44 45 46 47 48 49 50 51 52 53 54 55 56 57 58 59 60 61 62 63 64 65 66 67 68 69 70 71 72 73 74 75 76 77 78 79 80 81 82 83 84 85 86 87 88 89 90 91 92 93 94 95 96 97 98 99 100 101 102 103 104 105 106 107 108 109 110 111 112 113 114 115 116 117 118 119 120 121 122 123 124 125 126 127 128 129 130 131 132 133 134 135 136 137 138 139 140 141 142 143 144 145 146 147 148 149 150 151 152 153 154 155 156 157 158 159 160 161 162 163 164 165 166 167 168 169 170 171 172 173 174 175 176 177 178 179 180 181 182 183 184 185 186 187 188 189 190 191 192 193 194 195 196 197 198 199 200 201 202 203 204 205 206 207 208 209 210 211 212 213 214 215 216 217 218 219 220 221 222 223 224 225 226 227 228 229 230 231 232 233 234 235 236 237 238 239 240 241 242 243 244 245 246 247 248 249 250 251 252 253 254 255 256 257 258 259 260 261 262 263 264 265 266 267 268 269 270 271 272 273 274 275 276 277 278 279 280 281 282 283 284 285 286 287 288 289 290 291 292 293 294 295 296 297 298 299 300 301 302 303 304 305 306 307 308 309 310 311 312 313 314 315 316 317 318 319 320 321 322 323 324 325 326 327 328 329 330 331 332 333 334 335 336 337 338 339 340 341 342 343 344 345 346 347 348 349 350 351 352 353 354 355 356 357 358 359 360 361 362 363 364 365 366 367 368 369 370 371 372 373 374 375 376 377 378 379 380 381 382 383 384 385 386 387 388 389 390 391 392 393 394 395 396 397 398 399 400 401 402 403 404 405 406 407 408 409 410 411 412 413 414 415 416 417 418 419 420 421 422 423 424 425 426 427 428 429 430 431 432 433 434 435 436 437 438 439 440 441 442 443 444 445 446 447 448 449 450 451 452 453 454 455 456 457 458 459 460 461 462 463 464 465 466 467 468 469 470 471 472 473 474 475 476 477 478 479 480 481 482 483 484 485 486 487 488 489 490 491 492 493 494 495 496 497 498 499 500 501 502 503 504 505 506 507 508 509 510 511 512 513 514 515 516 517 518 519 520 521 522 523 524 525 526 527 528 529 530 531 532 533 534 535 536 537 538 539 540 541 542 543 544 545 546 547 548 549 550 551 552 553 554 555 556 557 558 559 560 561 562 563 564 565 566 567 568 569 570 571 572 573 574 575 576 577 578 579 580 581 582 583 584 585 586 587 588 589 590 591 592 593 594 595 596 597 598 599 600 601 602 603 604 605 606 607 608 609 610 611 612 613 614 615 616 617 618 619 620 621 622 623 624 625 626 627 628 629 630 631 632 633 634 635 636 637 638 639 640 641 642 643 644 645 646 647 648 649 650 651 652 653 654 655 656 657 658 659 660 661 662 663 664 665 666 667 668 669 670 671 672 673 674 675 676 677 678 679 680 681 682 683 684 685 686 687 688 689 690 691 692 693 694 695 696 697 698 699 700 701 702 703 704 705 706 707 708 709 710 711 712 713 714 715 716 717 718 719 720 721 722 723 724 725 726 727 728 729 730 731 732 733 734 735 736 737 738 739 740 741 742 743 744 745 746 747 748 749 750 751 752 753 754 755 756 757 758 759 760 761 762 763 764 765 766 767 768 769 770 771 772 773 774 775 776 777 778 779 780 781 782 783 784 785 786 787 788 789 790 791 792 793 794 795 796 797 798 799 800 801 802 803 804 805 806 807 808 809 810 811 812 813 814 815 816 817 818 819 820 821 822 823 824 825 826 827 828
 done.
 running RMSDs...
 done.
 E lowest :   -26.32035
 776 structures remain within    12.00 kcal/mol window

 -------------------------------------
 2. optimization with tight thresholds
 -------------------------------------
 Optimizing all 777 structures from file "crest_rotamers_1.xyz" ...
 1 2 3 4 5 6 7 8 9 10 11 12 13 14 15 16 17 18 19 20 21 22 23 24 25 26 27 28 29 30 31 32 33 34 35 36 37 38 39 40 41 42 43 44 45 46 47 48 49 50 51 52 53 54 55 56 57 58 59 60 61 62 63 64 65 66 67 68 69 70 71 72 73 74 75 76 77 78 79 80 81 82 83 84 85 86 87 88 89 90 91 92 93 94 95 96 97 98 99 100 101 102 103 104 105 106 107 108 109 110 111 112 113 114 115 116 117 118 119 120 121 122 123 124 125 126 127 128 129 130 131 132 133 134 135 136 137 138 139 140 141 142 143 144 145 146 147 148 149 150 151 152 153 154 155 156 157 158 159 160 161 162 163 164 165 166 167 168 169 170 171 172 173 174 175 176 177 178 179 180 181 182 183 184 185 186 187 188 189 190 191 192 193 194 195 196 197 198 199 200 201 202 203 204 205 206 207 208 209 210 211 212 213 214 215 216 217 218 219 220 221 222 223 224 225 226 227 228 229 230 231 232 233 234 235 236 237 238 239 240 241 242 243 244 245 246 247 248 249 250 251 252 253 254 255 256 257 258 259 260 261 262 263 264 265 266 267 268 269 270 271 272 273 274 275 276 277 278 279 280 281 282 283 284 285 286 287 288 289 290 291 292 293 294 295 296 297 298 299 300 301 302 303 304 305 306 307 308 309 310 311 312 313 314 315 316 317 318 319 320 321 322 323 324 325 326 327 328 329 330 331 332 333 334 335 336 337 338 339 340 341 342 343 344 345 346 347 348 349 350 351 352 353 354 355 356 357 358 359 360 361 362 363 364 365 366 367 368 369 370 371 372 373 374 375 376 377 378 379 380 381 382 383 384 385 386 387 388 389 390 391 392 393 394 395 396 397 398 399 400 401 402 403 404 405 406 407 408 409 410 411 412 413 414 415 416 417 418 419 420 421 422 423 424 425 426 427 428 429 430 431 432 433 434 435 436 437 438 439 440 441 442 443 444 445 446 447 448 449 450 451 452 453 454 455 456 457 458 459 460 461 462 463 464 465 466 467 468 469 470 471 472 473 474 475 476 477 478 479 480 481 482 483 484 485 486 487 488 489 490 491 492 493 494 495 496 497 498 499 500 501 502 503 504 505 506 507 508 509 510 511 512 513 514 515 516 517 518 519 520 521 522 523 524 525 526 527 528 529 530 531 532 533 534 535 536 537 538 539 540 541 542 543 544 545 546 547 548 549 550 551 552 553 554 555 556 557 558 559 560 561 562 563 564 565 566 567 568 569 570 571 572 573 574 575 576 577 578 579 580 581 582 583 584 585 586 587 588 589 590 591 592 593 594 595 596 597 598 599 600 601 602 603 604 605 606 607 608 609 610 611 612 613 614 615 616 617 618 619 620 621 622 623 624 625 626 627 628 629 630 631 632 633 634 635 636 637 638 639 640 641 642 643 644 645 646 647 648 649 650 651 652 653 654 655 656 657 658 659 660 661 662 663 664 665 666 667 668 669 670 671 672 673 674 675 676 677 678 679 680 681 682 683 684 685 686 687 688 689 690 691 692 693 694 695 696 697 698 699 700 701 702 703 704 705 706 707 708 709 710 711 712 713 714 715 716 717 718 719 720 721 722 723 724 725 726 727 728 729 730 731 732 733 734 735 736 737 738 739 740 741 742 743 744 745 746 747 748 749 750 751 752 753 754 755 756 757 758 759 760 761 762 763 764 765 766 767 768 769 770 771 772 773 774 775 776 777
 done.
 running RMSDs...
 done.
 E lowest :   -26.32060
 380 structures remain within     6.00 kcal/mol window

========================================
            MTD Iterations done         
========================================
 Collecting ensmbles.
 running RMSDs...
 done.
 E lowest :   -26.32060
 701 structures remain within     6.00 kcal/mol window

-----------------------------------------------
Additional regular MDs on lowest 4 conformer(s)
-----------------------------------------------
Starting MD   8 with the settings:
     MD time /ps        :     3.5
     MD Temperature /K  :   500.0
     dt /fs             :     5.0
     dumpstep(trj) /fs  :     100
*MD 8 finished*
Starting MD   7 with the settings:
     MD time /ps        :     3.5
     MD Temperature /K  :   400.0
     dt /fs             :     5.0
     dumpstep(trj) /fs  :     100
*MD 7 finished*
Starting MD   6 with the settings:
     MD time /ps        :     3.5
     MD Temperature /K  :   500.0
     dt /fs             :     5.0
     dumpstep(trj) /fs  :     100
*MD 6 finished*
Starting MD   5 with the settings:
     MD time /ps        :     3.5
     MD Temperature /K  :   400.0
     dt /fs             :     5.0
     dumpstep(trj) /fs  :     100
*MD 5 finished*
Starting MD   4 with the settings:
     MD time /ps        :     3.5
     MD Temperature /K  :   500.0
     dt /fs             :     5.0
     dumpstep(trj) /fs  :     100
*MD 4 finished*
Starting MD   3 with the settings:
     MD time /ps        :     3.5
     MD Temperature /K  :   400.0
     dt /fs             :     5.0
     dumpstep(trj) /fs  :     100
*MD 3 finished*
Starting MD   2 with the settings:
     MD time /ps        :     3.5
     MD Temperature /K  :   500.0
     dt /fs             :     5.0
     dumpstep(trj) /fs  :     100
*MD 2 finished*
Starting MD   1 with the settings:
     MD time /ps        :     3.5
     MD Temperature /K  :   400.0
     dt /fs             :     5.0
     dumpstep(trj) /fs  :     100
*MD 1 finished*
 Appending file crest_rotamers_1.xyz with new structures

 -------------------------------------------
 Ensemble optimization with tight thresholds
 -------------------------------------------
 Optimizing all 973 structures from file "crest_rotamers_1.xyz" ...
 1 2 3 4 5 6 7 8 9 10 11 12 13 14 15 16 17 18 19 20 21 22 23 24 25 26 27 28 29 30 31 32 33 34 35 36 37 38 39 40 41 42 43 44 45 46 47 48 49 50 51 52 53 54 55 56 57 58 59 60 61 62 63 64 65 66 67 68 69 70 71 72 73 74 75 76 77 78 79 80 81 82 83 84 85 86 87 88 89 90 91 92 93 94 95 96 97 98 99 100 101 102 103 104 105 106 107 108 109 110 111 112 113 114 115 116 117 118 119 120 121 122 123 124 125 126 127 128 129 130 131 132 133 134 135 136 137 138 139 140 141 142 143 144 145 146 147 148 149 150 151 152 153 154 155 156 157 158 159 160 161 162 163 164 165 166 167 168 169 170 171 172 173 174 175 176 177 178 179 180 181 182 183 184 185 186 187 188 189 190 191 192 193 194 195 196 197 198 199 200 201 202 203 204 205 206 207 208 209 210 211 212 213 214 215 216 217 218 219 220 221 222 223 224 225 226 227 228 229 230 231 232 233 234 235 236 237 238 239 240 241 242 243 244 245 246 247 248 249 250 251 252 253 254 255 256 257 258 259 260 261 262 263 264 265 266 267 268 269 270 271 272 273 274 275 276 277 278 279 280 281 282 283 284 285 286 287 288 289 290 291 292 293 294 295 296 297 298 299 300 301 302 303 304 305 306 307 308 309 310 311 312 313 314 315 316 317 318 319 320 321 322 323 324 325 326 327 328 329 330 331 332 333 334 335 336 337 338 339 340 341 342 343 344 345 346 347 348 349 350 351 352 353 354 355 356 357 358 359 360 361 362 363 364 365 366 367 368 369 370 371 372 373 374 375 376 377 378 379 380 381 382 383 384 385 386 387 388 389 390 391 392 393 394 395 396 397 398 399 400 401 402 403 404 405 406 407 408 409 410 411 412 413 414 415 416 417 418 419 420 421 422 423 424 425 426 427 428 429 430 431 432 433 434 435 436 437 438 439 440 441 442 443 444 445 446 447 448 449 450 451 452 453 454 455 456 457 458 459 460 461 462 463 464 465 466 467 468 469 470 471 472 473 474 475 476 477 478 479 480 481 482 483 484 485 486 487 488 489 490 491 492 493 494 495 496 497 498 499 500 501 502 503 504 505 506 507 508 509 510 511 512 513 514 515 516 517 518 519 520 521 522 523 524 525 526 527 528 529 530 531 532 533 534 535 536 537 538 539 540 541 542 543 544 545 546 547 548 549 550 551 552 553 554 555 556 557 558 559 560 561 562 563 564 565 566 567 568 569 570 571 572 573 574 575 576 577 578 579 580 581 582 583 584 585 586 587 588 589 590 591 592 593 594 595 596 597 598 599 600 601 602 603 604 605 606 607 608 609 610 611 612 613 614 615 616 617 618 619 620 621 622 623 624 625 626 627 628 629 630 631 632 633 634 635 636 637 638 639 640 641 642 643 644 645 646 647 648 649 650 651 652 653 654 655 656 657 658 659 660 661 662 663 664 665 666 667 668 669 670 671 672 673 674 675 676 677 678 679 680 681 682 683 684 685 686 687 688 689 690 691 692 693 694 695 696 697 698 699 700 701 702 703 704 705 706 707 708 709 710 711 712 713 714 715 716 717 718 719 720 721 722 723 724 725 726 727 728 729 730 731 732 733 734 735 736 737 738 739 740 741 742 743 744 745 746 747 748 749 750 751 752 753 754 755 756 757 758 759 760 761 762 763 764 765 766 767 768 769 770 771 772 773 774 775 776 777 778 779 780 781 782 783 784 785 786 787 788 789 790 791 792 793 794 795 796 797 798 799 800 801 802 803 804 805 806 807 808 809 810 811 812 813 814 815 816 817 818 819 820 821 822 823 824 825 826 827 828 829 830 831 832 833 834 835 836 837 838 839 840 841 842 843 844 845 846 847 848 849 850 851 852 853 854 855 856 857 858 859 860 861 862 863 864 865 866 867 868 869 870 871 872 873 874 875 876 877 878 879 880 881 882 883 884 885 886 887 888 889 890 891 892 893 894 895 896 897 898 899 900 901 902 903 904 905 906 907 908 909 910 911 912 913 914 915 916 917 918 919 920 921 922 923 924 925 926 927 928 929 930 931 932 933 934 935 936 937 938 939 940 941 942 943 944 945 946 947 948 949 950 951 952 953 954 955 956 957 958 959 960 961 962 963 964 965 966 967 968 969 970 971 972 973
 done.
 running RMSDs...
 done.
 E lowest :   -26.32060
 726 structures remain within     6.00 kcal/mol window


     ========================================
     |        Structure Crossing (GC)       |
     ========================================
 =============================
  # threads =           1
 =============================
 input  file name : crest_rotamers_3.xyz
number of atoms                :    26
number of points on xyz files  :   726
conformer energy window  /kcal :    6.00
CN per atom difference cut-off :  0.3000
RMSD threshold                 :  0.2500
max. # of generated structures : 350
 reading xyz file ...
 # in E window                726
 generating pairs ...      263900
  13.8 % done
  27.5 % done
  41.3 % done
  55.1 % done
  68.9 % done
  82.6 % done
  96.4 % done
 generated pairs           :      242741
 number of clash discarded :       20434
 average rmsd w.r.t input  : 3.27478
 sd of ensemble            : 0.60929
 number of new structures      :          17
 removed identical structures  :         683
 writing           17  TMPCONF* dirs ...
 --------------------------
 GC: loose pre-optimization
 --------------------------
 Starting optimization of generated structures
 17 jobs to do.
 1 2 3 4 5 6 7 8 9 10 11 12 13 14 15 16 17 
 done.
 Now appending opt.xyz file with new structures
 running RMSDs...
 done.
 E lowest :   -26.32059
 9 structures remain within    10.00 kcal/mol window
 --------------------------------------
 GC: optimization with tight thresholds
 --------------------------------------
 Optimizing all 9 structures from file "crest_rotamers_1.xyz" ...
 1 2 3 4 5 6 7 8 9
 done.
 running RMSDs...
 done.
 E lowest :   -26.32060


   ================================================
   |           Final Geometry Optimization        |
   ================================================
 ------------------------------------------------
 Ensemble optimization with very tight thresholds
 ------------------------------------------------
 Optimizing all 726 structures from file "crest_rotamers_4.xyz" ...
 1 2 3 4 5 6 7 8 9 10 11 12 13 14 15 16 17 18 19 20 21 22 23 24 25 26 27 28 29 30 31 32 33 34 35 36 37 38 39 40 41 42 43 44 45 46 47 48 49 50 51 52 53 54 55 56 57 58 59 60 61 62 63 64 65 66 67 68 69 70 71 72 73 74 75 76 77 78 79 80 81 82 83 84 85 86 87 88 89 90 91 92 93 94 95 96 97 98 99 100 101 102 103 104 105 106 107 108 109 110 111 112 113 114 115 116 117 118 119 120 121 122 123 124 125 126 127 128 129 130 131 132 133 134 135 136 137 138 139 140 141 142 143 144 145 146 147 148 149 150 151 152 153 154 155 156 157 158 159 160 161 162 163 164 165 166 167 168 169 170 171 172 173 174 175 176 177 178 179 180 181 182 183 184 185 186 187 188 189 190 191 192 193 194 195 196 197 198 199 200 201 202 203 204 205 206 207 208 209 210 211 212 213 214 215 216 217 218 219 220 221 222 223 224 225 226 227 228 229 230 231 232 233 234 235 236 237 238 239 240 241 242 243 244 245 246 247 248 249 250 251 252 253 254 255 256 257 258 259 260 261 262 263 264 265 266 267 268 269 270 271 272 273 274 275 276 277 278 279 280 281 282 283 284 285 286 287 288 289 290 291 292 293 294 295 296 297 298 299 300 301 302 303 304 305 306 307 308 309 310 311 312 313 314 315 316 317 318 319 320 321 322 323 324 325 326 327 328 329 330 331 332 333 334 335 336 337 338 339 340 341 342 343 344 345 346 347 348 349 350 351 352 353 354 355 356 357 358 359 360 361 362 363 364 365 366 367 368 369 370 371 372 373 374 375 376 377 378 379 380 381 382 383 384 385 386 387 388 389 390 391 392 393 394 395 396 397 398 399 400 401 402 403 404 405 406 407 408 409 410 411 412 413 414 415 416 417 418 419 420 421 422 423 424 425 426 427 428 429 430 431 432 433 434 435 436 437 438 439 440 441 442 443 444 445 446 447 448 449 450 451 452 453 454 455 456 457 458 459 460 461 462 463 464 465 466 467 468 469 470 471 472 473 474 475 476 477 478 479 480 481 482 483 484 485 486 487 488 489 490 491 492 493 494 495 496 497 498 499 500 501 502 503 504 505 506 507 508 509 510 511 512 513 514 515 516 517 518 519 520 521 522 523 524 525 526 527 528 529 530 531 532 533 534 535 536 537 538 539 540 541 542 543 544 545 546 547 548 549 550 551 552 553 554 555 556 557 558 559 560 561 562 563 564 565 566 567 568 569 570 571 572 573 574 575 576 577 578 579 580 581 582 583 584 585 586 587 588 589 590 591 592 593 594 595 596 597 598 599 600 601 602 603 604 605 606 607 608 609 610 611 612 613 614 615 616 617 618 619 620 621 622 623 624 625 626 627 628 629 630 631 632 633 634 635 636 637 638 639 640 641 642 643 644 645 646 647 648 649 650 651 652 653 654 655 656 657 658 659 660 661 662 663 664 665 666 667 668 669 670 671 672 673 674 675 676 677 678 679 680 681 682 683 684 685 686 687 688 689 690 691 692 693 694 695 696 697 698 699 700 701 702 703 704 705 706 707 708 709 710 711 712 713 714 715 716 717 718 719 720 721 722 723 724 725 726
 done.
 running RMSDs...
 done.
 E lowest :   -26.32060
 720 structures remain within     6.00 kcal/mol window

 input  file name : crest_rotamers_5.xyz
 output file name : crest_rotamers_6.xyz
 number of atoms                :   26
 number of points on xyz files  :   726
 RMSD threshold                 :   0.1250
 Bconst threshold               :   0.0100
 population threshold           :   0.0500
 conformer energy window  /kcal :   6.0000
 # fragment in coord            :     1
 # bonds in reference structure :    25
 number of reliable points      :   726
 reference state Etot :  -26.320599160000000
 number of doubles removed by rot/RMSD         :           6
 total number unique points considered further :         720
       Erel/kcal        Etot weight/tot  conformer     set   degen     origin
       1   0.000   -26.32060    0.00285    0.35026       1     123     mtd4
       2   0.000   -26.32060    0.00285                                mtd8
       3   0.000   -26.32060    0.00285                                mtd3
       4   0.000   -26.32060    0.00285                                mtd8
       5   0.000   -26.32060    0.00285                                mtd7
       6   0.000   -26.32060    0.00285                                mtd4
       7   0.000   -26.32060    0.00285                                mtd4
       8   0.000   -26.32060    0.00285                                mtd3
       9   0.000   -26.32060    0.00285                                mtd4
      10   0.000   -26.32060    0.00285                                mtd8
      11   0.000   -26.32060    0.00285                                mtd2
      12   0.000   -26.32060    0.00285                                mtd12
      13   0.000   -26.32060    0.00285                                mtd5
      14   0.000   -26.32060    0.00285                                mtd2
      15   0.000   -26.32060    0.00285                                mtd7
      16   0.000   -26.32060    0.00285                                mtd5
      17   0.000   -26.32060    0.00285                                mtd11
      18   0.000   -26.32060    0.00285                                mtd2
      19   0.000   -26.32060    0.00285                                mtd11
      20   0.000   -26.32060    0.00285                                mtd2
      21   0.000   -26.32060    0.00285                                mtd12
      22   0.000   -26.32060    0.00285                                mtd2
      23   0.000   -26.32060    0.00285                                mtd3
      24   0.000   -26.32060    0.00285                                mtd7
      25   0.000   -26.32060    0.00285                                mtd10
      26   0.000   -26.32060    0.00285                                mtd13
      27   0.000   -26.32060    0.00285                                mtd7
      28   0.000   -26.32060    0.00285                                mtd4
      29   0.000   -26.32060    0.00285                                mtd13
      30   0.000   -26.32060    0.00285                                mtd3
      31   0.000   -26.32060    0.00285                                mtd2
      32   0.000   -26.32060    0.00285                                mtd7
      33   0.000   -26.32060    0.00285                                mtd2
      34   0.000   -26.32060    0.00285                                mtd6
      35   0.000   -26.32060    0.00285                                mtd9
      36   0.000   -26.32060    0.00285                                mtd12
      37   0.000   -26.32060    0.00285                                mtd6
      38   0.000   -26.32060    0.00285                                mtd11
      39   0.000   -26.32060    0.00285                                mtd13
      40   0.000   -26.32060    0.00285                                mtd8
      41   0.000   -26.32060    0.00285                                mtd3
      42   0.000   -26.32060    0.00285                                mtd5
      43   0.000   -26.32060    0.00285                                mtd5
      44   0.000   -26.32060    0.00285                                mtd8
      45   0.000   -26.32060    0.00285                                mtd4
      46   0.000   -26.32060    0.00285                                gc
      47   0.000   -26.32060    0.00285                                mtd8
      48   0.000   -26.32060    0.00285                                mtd10
      49   0.000   -26.32060    0.00285                                mtd8
      50   0.000   -26.32060    0.00285                                mtd3
      51   0.000   -26.32060    0.00285                                mtd12
      52   0.000   -26.32060    0.00285                                mtd3
      53   0.000   -26.32060    0.00285                                mtd7
      54   0.000   -26.32060    0.00285                                md1
      55   0.000   -26.32060    0.00285                                mtd1
      56   0.000   -26.32060    0.00285                                mtd1
      57   0.000   -26.32060    0.00285                                mtd12
      58   0.000   -26.32060    0.00285                                mtd12
      59   0.000   -26.32060    0.00285                                mtd11
      60   0.000   -26.32060    0.00285                                mtd1
      61   0.000   -26.32060    0.00285                                mtd5
      62   0.000   -26.32060    0.00285                                mtd5
      63   0.000   -26.32060    0.00285                                mtd3
      64   0.000   -26.32060    0.00285                                md2
      65   0.000   -26.32060    0.00285                                mtd5
      66   0.000   -26.32060    0.00285                                mtd6
      67   0.000   -26.32060    0.00285                                mtd8
      68   0.000   -26.32060    0.00285                                mtd6
      69   0.000   -26.32060    0.00285                                mtd7
      70   0.000   -26.32060    0.00285                                mtd13
      71   0.000   -26.32060    0.00285                                mtd12
      72   0.000   -26.32060    0.00285                                mtd3
      73   0.000   -26.32060    0.00285                                mtd9
      74   0.000   -26.32060    0.00285                                mtd3
      75   0.000   -26.32060    0.00285                                mtd9
      76   0.001   -26.32060    0.00285                                mtd3
      77   0.001   -26.32060    0.00285                                mtd3
      78   0.001   -26.32060    0.00285                                mtd2
      79   0.001   -26.32060    0.00285                                mtd11
      80   0.001   -26.32060    0.00285                                mtd8
      81   0.001   -26.32060    0.00285                                mtd5
      82   0.001   -26.32060    0.00285                                mtd5
      83   0.001   -26.32060    0.00285                                mtd6
      84   0.001   -26.32060    0.00285                                mtd5
      85   0.001   -26.32060    0.00285                                mtd7
      86   0.001   -26.32060    0.00285                                mtd9
      87   0.001   -26.32060    0.00285                                mtd12
      88   0.001   -26.32060    0.00285                                mtd1
      89   0.001   -26.32060    0.00285                                mtd11
      90   0.001   -26.32060    0.00285                                mtd8
      91   0.001   -26.32060    0.00285                                mtd3
      92   0.001   -26.32060    0.00285                                mtd10
      93   0.001   -26.32060    0.00285                                mtd6
      94   0.001   -26.32060    0.00285                                mtd3
      95   0.001   -26.32060    0.00285                                mtd12
      96   0.001   -26.32060    0.00285                                mtd6
      97   0.001   -26.32060    0.00285                                mtd7
      98   0.001   -26.32060    0.00285                                mtd3
      99   0.001   -26.32060    0.00285                                mtd13
     100   0.001   -26.32060    0.00285                                mtd3
     101   0.001   -26.32060    0.00285                                mtd13
     102   0.001   -26.32060    0.00285                                mtd7
     103   0.001   -26.32060    0.00285                                mtd10
     104   0.001   -26.32060    0.00285                                mtd12
     105   0.001   -26.32060    0.00284                                mtd13
     106   0.001   -26.32060    0.00284                                mtd13
     107   0.001   -26.32060    0.00284                                mtd10
     108   0.001   -26.32060    0.00284                                mtd8
     109   0.001   -26.32060    0.00284                                mtd9
     110   0.001   -26.32060    0.00284                                mtd2
     111   0.001   -26.32060    0.00284                                mtd5
     112   0.001   -26.32060    0.00284                                mtd7
     113   0.001   -26.32060    0.00284                                mtd11
     114   0.001   -26.32060    0.00284                                mtd2
     115   0.001   -26.32060    0.00284                                mtd10
     116   0.002   -26.32060    0.00284                                mtd10
     117   0.002   -26.32060    0.00284                                mtd9
     118   0.002   -26.32060    0.00284                                mtd10
     119   0.002   -26.32060    0.00284                                mtd10
     120   0.002   -26.32060    0.00284                                mtd4
     121   0.002   -26.32060    0.00284                                mtd5
     122   0.003   -26.32059    0.00284                                mtd7
     123   0.004   -26.32059    0.00283                                mtd3
     124   0.073   -26.32048    0.00252    0.54183       2     215     mtd4
     125   0.073   -26.32048    0.00252                                mtd2
     126   0.073   -26.32048    0.00252                                mtd8
     127   0.073   -26.32048    0.00252                                mtd12
     128   0.073   -26.32048    0.00252                                mtd10
     129   0.073   -26.32048    0.00252                                mtd8
     130   0.073   -26.32048    0.00252                                mtd11
     131   0.073   -26.32048    0.00252                                mtd10
     132   0.073   -26.32048    0.00252                                mtd11
     133   0.073   -26.32048    0.00252                                mtd5
     134   0.073   -26.32048    0.00252                                mtd5
     135   0.073   -26.32048    0.00252                                mtd7
     136   0.073   -26.32048    0.00252                                mtd10
     137   0.073   -26.32048    0.00252                                mtd1
     138   0.073   -26.32048    0.00252                                mtd8
     139   0.073   -26.32048    0.00252                                mtd10
     140   0.073   -26.32048    0.00252                                mtd10
     141   0.073   -26.32048    0.00252                                mtd6
     142   0.073   -26.32048    0.00252                                mtd1
     143   0.073   -26.32048    0.00252                                mtd6
     144   0.073   -26.32048    0.00252                                mtd5
     145   0.073   -26.32048    0.00252                                mtd8
     146   0.073   -26.32048    0.00252                                mtd7
     147   0.073   -26.32048    0.00252                                mtd6
     148   0.073   -26.32048    0.00252                                mtd3
     149   0.073   -26.32048    0.00252                                md3
     150   0.073   -26.32048    0.00252                                mtd9
     151   0.073   -26.32048    0.00252                                mtd2
     152   0.073   -26.32048    0.00252                                mtd11
     153   0.073   -26.32048    0.00252                                mtd10
     154   0.073   -26.32048    0.00252                                mtd12
     155   0.073   -26.32048    0.00252                                mtd8
     156   0.073   -26.32048    0.00252                                mtd5
     157   0.073   -26.32048    0.00252                                mtd8
     158   0.073   -26.32048    0.00252                                mtd7
     159   0.073   -26.32048    0.00252                                mtd6
     160   0.073   -26.32048    0.00252                                mtd1
     161   0.073   -26.32048    0.00252                                mtd9
     162   0.073   -26.32048    0.00252                                mtd12
     163   0.073   -26.32048    0.00252                                mtd9
     164   0.073   -26.32048    0.00252                                mtd9
     165   0.073   -26.32048    0.00252                                mtd7
     166   0.073   -26.32048    0.00252                                mtd7
     167   0.073   -26.32048    0.00252                                mtd8
     168   0.073   -26.32048    0.00252                                mtd7
     169   0.073   -26.32048    0.00252                                mtd7
     170   0.073   -26.32048    0.00252                                mtd8
     171   0.073   -26.32048    0.00252                                mtd10
     172   0.073   -26.32048    0.00252                                mtd12
     173   0.073   -26.32048    0.00252                                mtd4
     174   0.073   -26.32048    0.00252                                mtd12
     175   0.073   -26.32048    0.00252                                mtd6
     176   0.073   -26.32048    0.00252                                mtd11
     177   0.073   -26.32048    0.00252                                mtd7
     178   0.073   -26.32048    0.00252                                mtd7
     179   0.073   -26.32048    0.00252                                mtd11
     180   0.073   -26.32048    0.00252                                mtd1
     181   0.073   -26.32048    0.00252                                mtd10
     182   0.073   -26.32048    0.00252                                mtd1
     183   0.073   -26.32048    0.00252                                mtd10
     184   0.073   -26.32048    0.00252                                mtd3
     185   0.073   -26.32048    0.00252                                mtd7
     186   0.073   -26.32048    0.00252                                mtd6
     187   0.073   -26.32048    0.00252                                mtd9
     188   0.073   -26.32048    0.00252                                mtd10
     189   0.073   -26.32048    0.00252                                mtd4
     190   0.073   -26.32048    0.00252                                md4
     191   0.073   -26.32048    0.00252                                mtd10
     192   0.073   -26.32048    0.00252                                mtd5
     193   0.073   -26.32048    0.00252                                md4
     194   0.073   -26.32048    0.00252                                mtd6
     195   0.073   -26.32048    0.00252                                mtd8
     196   0.073   -26.32048    0.00252                                mtd7
     197   0.073   -26.32048    0.00252                                mtd4
     198   0.073   -26.32048    0.00252                                mtd2
     199   0.073   -26.32048    0.00252                                mtd9
     200   0.073   -26.32048    0.00252                                mtd5
     201   0.073   -26.32048    0.00252                                mtd9
     202   0.073   -26.32048    0.00252                                mtd10
     203   0.073   -26.32048    0.00252                                mtd9
     204   0.073   -26.32048    0.00252                                mtd6
     205   0.073   -26.32048    0.00252                                mtd1
     206   0.073   -26.32048    0.00252                                mtd12
     207   0.073   -26.32048    0.00252                                mtd8
     208   0.073   -26.32048    0.00252                                mtd2
     209   0.073   -26.32048    0.00252                                mtd10
     210   0.073   -26.32048    0.00252                                mtd5
     211   0.073   -26.32048    0.00252                                mtd12
     212   0.073   -26.32048    0.00252                                md4
     213   0.073   -26.32048    0.00252                                mtd5
     214   0.073   -26.32048    0.00252                                mtd8
     215   0.073   -26.32048    0.00252                                mtd10
     216   0.073   -26.32048    0.00252                                mtd7
     217   0.073   -26.32048    0.00252                                mtd10
     218   0.073   -26.32048    0.00252                                mtd8
     219   0.073   -26.32048    0.00252                                mtd7
     220   0.073   -26.32048    0.00252                                mtd7
     221   0.073   -26.32048    0.00252                                mtd6
     222   0.073   -26.32048    0.00252                                mtd1
     223   0.073   -26.32048    0.00252                                mtd8
     224   0.073   -26.32048    0.00252                                mtd1
     225   0.073   -26.32048    0.00252                                mtd4
     226   0.073   -26.32048    0.00252                                md3
     227   0.073   -26.32048    0.00252                                mtd11
     228   0.073   -26.32048    0.00252                                mtd1
     229   0.073   -26.32048    0.00252                                mtd11
     230   0.073   -26.32048    0.00252                                mtd5
     231   0.073   -26.32048    0.00252                                mtd9
     232   0.073   -26.32048    0.00252                                mtd2
     233   0.073   -26.32048    0.00252                                mtd6
     234   0.073   -26.32048    0.00252                                mtd11
     235   0.073   -26.32048    0.00252                                mtd8
     236   0.073   -26.32048    0.00252                                mtd7
     237   0.073   -26.32048    0.00252                                mtd8
     238   0.073   -26.32048    0.00252                                mtd11
     239   0.073   -26.32048    0.00252                                mtd11
     240   0.073   -26.32048    0.00252                                mtd10
     241   0.073   -26.32048    0.00252                                md3
     242   0.073   -26.32048    0.00252                                mtd10
     243   0.073   -26.32048    0.00252                                mtd5
     244   0.073   -26.32048    0.00252                                mtd10
     245   0.073   -26.32048    0.00252                                mtd11
     246   0.073   -26.32048    0.00252                                mtd9
     247   0.073   -26.32048    0.00252                                mtd3
     248   0.073   -26.32048    0.00252                                mtd5
     249   0.073   -26.32048    0.00252                                mtd6
     250   0.073   -26.32048    0.00252                                mtd12
     251   0.073   -26.32048    0.00252                                mtd9
     252   0.073   -26.32048    0.00252                                mtd7
     253   0.073   -26.32048    0.00252                                mtd1
     254   0.073   -26.32048    0.00252                                mtd3
     255   0.073   -26.32048    0.00252                                mtd1
     256   0.073   -26.32048    0.00252                                mtd11
     257   0.073   -26.32048    0.00252                                mtd1
     258   0.073   -26.32048    0.00252                                mtd6
     259   0.073   -26.32048    0.00252                                mtd1
     260   0.073   -26.32048    0.00252                                mtd2
     261   0.073   -26.32048    0.00252                                mtd1
     262   0.073   -26.32048    0.00252                                mtd7
     263   0.073   -26.32048    0.00252                                mtd9
     264   0.073   -26.32048    0.00252                                mtd4
     265   0.073   -26.32048    0.00252                                mtd7
     266   0.073   -26.32048    0.00252                                mtd11
     267   0.073   -26.32048    0.00252                                mtd8
     268   0.073   -26.32048    0.00252                                mtd9
     269   0.073   -26.32048    0.00252                                mtd9
     270   0.073   -26.32048    0.00252                                mtd14
     271   0.073   -26.32048    0.00252                                mtd1
     272   0.073   -26.32048    0.00252                                mtd12
     273   0.073   -26.32048    0.00252                                mtd10
     274   0.073   -26.32048    0.00252                                mtd4
     275   0.073   -26.32048    0.00252                                mtd4
     276   0.073   -26.32048    0.00252                                mtd2
     277   0.073   -26.32048    0.00252                                mtd14
     278   0.073   -26.32048    0.00252                                mtd8
     279   0.073   -26.32048    0.00252                                mtd11
     280   0.073   -26.32048    0.00252                                mtd7
     281   0.073   -26.32048    0.00252                                mtd1
     282   0.073   -26.32048    0.00252                                mtd10
     283   0.073   -26.32048    0.00252                                mtd10
     284   0.073   -26.32048    0.00252                                mtd1
     285   0.073   -26.32048    0.00252                                mtd1
     286   0.073   -26.32048    0.00252                                mtd2
     287   0.073   -26.32048    0.00252                                mtd12
     288   0.073   -26.32048    0.00252                                mtd7
     289   0.073   -26.32048    0.00252                                mtd2
     290   0.073   -26.32048    0.00252                                mtd8
     291   0.073   -26.32048    0.00252                                mtd6
     292   0.073   -26.32048    0.00252                                mtd14
     293   0.073   -26.32048    0.00252                                mtd10
     294   0.073   -26.32048    0.00252                                mtd4
     295   0.073   -26.32048    0.00252                                mtd9
     296   0.073   -26.32048    0.00252                                mtd8
     297   0.073   -26.32048    0.00252                                mtd7
     298   0.073   -26.32048    0.00252                                mtd7
     299   0.073   -26.32048    0.00252                                mtd8
     300   0.073   -26.32048    0.00252                                mtd1
     301   0.073   -26.32048    0.00252                                mtd7
     302   0.073   -26.32048    0.00252                                mtd7
     303   0.074   -26.32048    0.00252                                mtd10
     304   0.074   -26.32048    0.00252                                mtd4
     305   0.074   -26.32048    0.00252                                mtd7
     306   0.074   -26.32048    0.00252                                mtd10
     307   0.074   -26.32048    0.00252                                mtd6
     308   0.074   -26.32048    0.00252                                mtd1
     309   0.074   -26.32048    0.00252                                mtd10
     310   0.074   -26.32048    0.00252                                mtd13
     311   0.074   -26.32048    0.00252                                mtd10
     312   0.074   -26.32048    0.00252                                mtd7
     313   0.074   -26.32048    0.00252                                mtd6
     314   0.074   -26.32048    0.00252                                mtd8
     315   0.074   -26.32048    0.00252                                mtd2
     316   0.074   -26.32048    0.00252                                mtd9
     317   0.074   -26.32048    0.00252                                mtd12
     318   0.074   -26.32048    0.00252                                mtd6
     319   0.074   -26.32048    0.00252                                mtd10
     320   0.074   -26.32048    0.00252                                mtd5
     321   0.074   -26.32048    0.00252                                mtd7
     322   0.074   -26.32048    0.00252                                mtd8
     323   0.074   -26.32048    0.00252                                mtd1
     324   0.074   -26.32048    0.00252                                mtd9
     325   0.074   -26.32048    0.00252                                mtd4
     326   0.074   -26.32048    0.00252                                mtd10
     327   0.074   -26.32048    0.00252                                mtd2
     328   0.074   -26.32048    0.00252                                mtd6
     329   0.074   -26.32048    0.00252                                mtd7
     330   0.074   -26.32048    0.00252                                mtd13
     331   0.074   -26.32048    0.00252                                mtd7
     332   0.074   -26.32048    0.00252                                mtd10
     333   0.074   -26.32048    0.00252                                mtd10
     334   0.074   -26.32048    0.00251                                mtd11
     335   0.074   -26.32048    0.00251                                mtd10
     336   0.075   -26.32048    0.00251                                mtd8
     337   0.075   -26.32048    0.00251                                mtd10
     338   0.075   -26.32048    0.00251                                mtd10
     339   0.438   -26.31990    0.00136    0.05979       3      44     mtd13
     340   0.438   -26.31990    0.00136                                mtd1
     341   0.438   -26.31990    0.00136                                mtd7
     342   0.438   -26.31990    0.00136                                mtd14
     343   0.438   -26.31990    0.00136                                md7
     344   0.438   -26.31990    0.00136                                mtd1
     345   0.438   -26.31990    0.00136                                mtd9
     346   0.438   -26.31990    0.00136                                md6
     347   0.438   -26.31990    0.00136                                mtd14
     348   0.438   -26.31990    0.00136                                mtd1
     349   0.438   -26.31990    0.00136                                mtd4
     350   0.438   -26.31990    0.00136                                mtd1
     351   0.438   -26.31990    0.00136                                md6
     352   0.438   -26.31990    0.00136                                md6
     353   0.438   -26.31990    0.00136                                mtd9
     354   0.438   -26.31990    0.00136                                mtd14
     355   0.438   -26.31990    0.00136                                md5
     356   0.438   -26.31990    0.00136                                mtd13
     357   0.438   -26.31990    0.00136                                md5
     358   0.438   -26.31990    0.00136                                md7
     359   0.438   -26.31990    0.00136                                mtd4
     360   0.438   -26.31990    0.00136                                md6
     361   0.438   -26.31990    0.00136                                mtd9
     362   0.438   -26.31990    0.00136                                md5
     363   0.439   -26.31990    0.00136                                md6
     364   0.439   -26.31990    0.00136                                md5
     365   0.439   -26.31990    0.00136                                mtd1
     366   0.439   -26.31990    0.00136                                md6
     367   0.439   -26.31990    0.00136                                md7
     368   0.439   -26.31990    0.00136                                mtd4
     369   0.439   -26.31990    0.00136                                mtd4
     370   0.439   -26.31990    0.00136                                mtd9
     371   0.439   -26.31990    0.00136                                mtd4
     372   0.439   -26.31990    0.00136                                md6
     373   0.440   -26.31990    0.00136                                mtd10
     374   0.440   -26.31990    0.00136                                mtd7
     375   0.440   -26.31990    0.00136                                md7
     376   0.442   -26.31990    0.00135                                mtd1
     377   0.442   -26.31989    0.00135                                mtd1
     378   0.442   -26.31989    0.00135                                md6
     379   0.443   -26.31989    0.00135                                mtd7
     380   0.444   -26.31989    0.00135                                mtd9
     381   0.445   -26.31989    0.00135                                mtd4
     382   0.445   -26.31989    0.00135                                mtd10
     383   0.538   -26.31974    0.00115    0.01797       4      16     md7
     384   0.545   -26.31973    0.00114                                mtd7
     385   0.547   -26.31973    0.00113                                md6
     386   0.548   -26.31973    0.00113                                mtd14
     387   0.550   -26.31972    0.00113                                mtd14
     388   0.551   -26.31972    0.00113                                mtd1
     389   0.551   -26.31972    0.00113                                mtd1
     390   0.552   -26.31972    0.00112                                md5
     391   0.554   -26.31972    0.00112                                md7
     392   0.554   -26.31972    0.00112                                md6
     393   0.555   -26.31971    0.00112                                mtd14
     394   0.556   -26.31971    0.00112                                mtd10
     395   0.556   -26.31971    0.00112                                md5
     396   0.558   -26.31971    0.00111                                mtd4
     397   0.558   -26.31971    0.00111                                md5
     398   0.563   -26.31970    0.00110                                mtd10
     399   1.899   -26.31757    0.00012    0.00509       5      44     mtd9
     400   1.899   -26.31757    0.00012                                mtd8
     401   1.899   -26.31757    0.00012                                mtd7
     402   1.899   -26.31757    0.00012                                mtd10
     403   1.899   -26.31757    0.00012                                mtd12
     404   1.899   -26.31757    0.00012                                mtd8
     405   1.899   -26.31757    0.00012                                mtd8
     406   1.899   -26.31757    0.00012                                mtd8
     407   1.899   -26.31757    0.00012                                mtd4
     408   1.899   -26.31757    0.00012                                mtd4
     409   1.899   -26.31757    0.00012                                mtd9
     410   1.899   -26.31757    0.00012                                mtd11
     411   1.899   -26.31757    0.00012                                mtd9
     412   1.900   -26.31757    0.00012                                mtd10
     413   1.900   -26.31757    0.00012                                mtd12
     414   1.900   -26.31757    0.00012                                mtd11
     415   1.900   -26.31757    0.00012                                mtd7
     416   1.900   -26.31757    0.00012                                mtd7
     417   1.900   -26.31757    0.00012                                mtd11
     418   1.900   -26.31757    0.00012                                mtd10
     419   1.900   -26.31757    0.00012                                mtd4
     420   1.900   -26.31757    0.00012                                mtd8
     421   1.900   -26.31757    0.00012                                mtd8
     422   1.900   -26.31757    0.00012                                mtd8
     423   1.900   -26.31757    0.00012                                mtd5
     424   1.900   -26.31757    0.00012                                mtd10
     425   1.900   -26.31757    0.00012                                mtd9
     426   1.900   -26.31757    0.00012                                mtd9
     427   1.900   -26.31757    0.00012                                mtd10
     428   1.900   -26.31757    0.00012                                mtd10
     429   1.900   -26.31757    0.00012                                mtd4
     430   1.900   -26.31757    0.00012                                mtd4
     431   1.900   -26.31757    0.00012                                mtd10
     432   1.900   -26.31757    0.00012                                mtd10
     433   1.900   -26.31757    0.00012                                mtd11
     434   1.900   -26.31757    0.00012                                mtd12
     435   1.900   -26.31757    0.00012                                mtd8
     436   1.901   -26.31757    0.00012                                mtd10
     437   1.901   -26.31757    0.00012                                mtd10
     438   1.901   -26.31757    0.00012                                mtd8
     439   1.901   -26.31757    0.00012                                mtd10
     440   1.901   -26.31757    0.00012                                mtd4
     441   1.901   -26.31757    0.00012                                mtd10
     442   1.901   -26.31757    0.00012                                mtd4
     443   1.996   -26.31742    0.00010    0.00895       6      91     mtd8
     444   1.996   -26.31742    0.00010                                mtd4
     445   1.996   -26.31742    0.00010                                mtd8
     446   1.996   -26.31742    0.00010                                mtd7
     447   1.996   -26.31742    0.00010                                mtd7
     448   1.996   -26.31742    0.00010                                mtd12
     449   1.996   -26.31742    0.00010                                mtd4
     450   1.996   -26.31742    0.00010                                mtd7
     451   1.996   -26.31742    0.00010                                mtd2
     452   1.996   -26.31742    0.00010                                mtd4
     453   1.996   -26.31742    0.00010                                mtd10
     454   1.996   -26.31742    0.00010                                mtd4
     455   1.996   -26.31742    0.00010                                mtd5
     456   1.996   -26.31742    0.00010                                mtd7
     457   1.996   -26.31742    0.00010                                mtd13
     458   1.996   -26.31742    0.00010                                mtd10
     459   1.996   -26.31742    0.00010                                mtd8
     460   1.996   -26.31742    0.00010                                mtd4
     461   1.996   -26.31742    0.00010                                mtd9
     462   1.996   -26.31742    0.00010                                mtd9
     463   1.996   -26.31742    0.00010                                mtd8
     464   1.996   -26.31742    0.00010                                mtd11
     465   1.996   -26.31742    0.00010                                mtd5
     466   1.996   -26.31742    0.00010                                mtd8
     467   1.996   -26.31742    0.00010                                mtd12
     468   1.996   -26.31742    0.00010                                mtd7
     469   1.996   -26.31742    0.00010                                mtd7
     470   1.996   -26.31742    0.00010                                mtd5
     471   1.996   -26.31742    0.00010                                mtd8
     472   1.996   -26.31742    0.00010                                mtd11
     473   1.996   -26.31742    0.00010                                mtd4
     474   1.996   -26.31742    0.00010                                mtd9
     475   1.996   -26.31742    0.00010                                mtd4
     476   1.996   -26.31742    0.00010                                mtd11
     477   1.996   -26.31742    0.00010                                mtd2
     478   1.996   -26.31742    0.00010                                mtd12
     479   1.996   -26.31742    0.00010                                mtd13
     480   1.996   -26.31742    0.00010                                mtd5
     481   1.996   -26.31742    0.00010                                mtd5
     482   1.996   -26.31742    0.00010                                mtd8
     483   1.996   -26.31742    0.00010                                mtd7
     484   1.996   -26.31742    0.00010                                mtd8
     485   1.996   -26.31742    0.00010                                mtd11
     486   1.996   -26.31742    0.00010                                mtd11
     487   1.996   -26.31742    0.00010                                mtd10
     488   1.996   -26.31742    0.00010                                mtd11
     489   1.996   -26.31742    0.00010                                mtd2
     490   1.996   -26.31742    0.00010                                mtd2
     491   1.996   -26.31742    0.00010                                mtd4
     492   1.996   -26.31742    0.00010                                mtd10
     493   1.997   -26.31742    0.00010                                mtd2
     494   1.997   -26.31742    0.00010                                mtd9
     495   1.997   -26.31742    0.00010                                mtd7
     496   1.997   -26.31742    0.00010                                mtd8
     497   1.997   -26.31742    0.00010                                mtd7
     498   1.997   -26.31742    0.00010                                mtd2
     499   1.997   -26.31742    0.00010                                mtd5
     500   1.997   -26.31742    0.00010                                mtd10
     501   1.997   -26.31742    0.00010                                mtd11
     502   1.997   -26.31742    0.00010                                mtd10
     503   1.997   -26.31742    0.00010                                mtd10
     504   1.997   -26.31742    0.00010                                mtd4
     505   1.997   -26.31742    0.00010                                mtd5
     506   1.997   -26.31742    0.00010                                mtd5
     507   1.997   -26.31742    0.00010                                mtd4
     508   1.997   -26.31742    0.00010                                mtd8
     509   1.997   -26.31742    0.00010                                mtd5
     510   1.997   -26.31742    0.00010                                mtd4
     511   1.997   -26.31742    0.00010                                mtd7
     512   1.997   -26.31742    0.00010                                mtd7
     513   1.997   -26.31742    0.00010                                mtd4
     514   1.997   -26.31742    0.00010                                mtd2
     515   1.997   -26.31742    0.00010                                mtd10
     516   1.997   -26.31742    0.00010                                mtd10
     517   1.997   -26.31742    0.00010                                mtd7
     518   1.997   -26.31742    0.00010                                mtd10
     519   1.998   -26.31742    0.00010                                mtd10
     520   1.998   -26.31742    0.00010                                mtd11
     521   1.998   -26.31742    0.00010                                mtd10
     522   1.998   -26.31742    0.00010                                mtd5
     523   1.998   -26.31742    0.00010                                mtd8
     524   1.998   -26.31742    0.00010                                mtd7
     525   1.998   -26.31742    0.00010                                mtd4
     526   1.998   -26.31742    0.00010                                mtd9
     527   1.998   -26.31741    0.00010                                mtd10
     528   1.998   -26.31741    0.00010                                mtd7
     529   1.998   -26.31741    0.00010                                mtd12
     530   1.998   -26.31741    0.00010                                mtd13
     531   1.998   -26.31741    0.00010                                mtd11
     532   1.999   -26.31741    0.00010                                mtd12
     533   1.999   -26.31741    0.00010                                mtd7
     534   2.018   -26.31738    0.00009    0.00503       7      53     mtd13
     535   2.018   -26.31738    0.00009                                mtd14
     536   2.018   -26.31738    0.00009                                mtd4
     537   2.018   -26.31738    0.00009                                mtd4
     538   2.018   -26.31738    0.00009                                mtd12
     539   2.018   -26.31738    0.00009                                mtd11
     540   2.018   -26.31738    0.00009                                mtd4
     541   2.018   -26.31738    0.00009                                mtd4
     542   2.018   -26.31738    0.00009                                mtd7
     543   2.018   -26.31738    0.00009                                mtd5
     544   2.018   -26.31738    0.00009                                mtd7
     545   2.018   -26.31738    0.00009                                mtd14
     546   2.018   -26.31738    0.00009                                mtd14
     547   2.018   -26.31738    0.00009                                mtd11
     548   2.018   -26.31738    0.00009                                mtd10
     549   2.018   -26.31738    0.00009                                mtd11
     550   2.018   -26.31738    0.00009                                mtd7
     551   2.018   -26.31738    0.00009                                mtd4
     552   2.018   -26.31738    0.00009                                mtd14
     553   2.018   -26.31738    0.00009                                mtd9
     554   2.018   -26.31738    0.00009                                md8
     555   2.018   -26.31738    0.00009                                mtd7
     556   2.018   -26.31738    0.00009                                mtd7
     557   2.018   -26.31738    0.00009                                mtd10
     558   2.018   -26.31738    0.00009                                mtd14
     559   2.018   -26.31738    0.00009                                mtd9
     560   2.018   -26.31738    0.00009                                mtd14
     561   2.018   -26.31738    0.00009                                mtd9
     562   2.018   -26.31738    0.00009                                mtd1
     563   2.018   -26.31738    0.00009                                mtd11
     564   2.018   -26.31738    0.00009                                mtd14
     565   2.018   -26.31738    0.00009                                mtd14
     566   2.018   -26.31738    0.00009                                mtd5
     567   2.018   -26.31738    0.00009                                mtd11
     568   2.018   -26.31738    0.00009                                mtd11
     569   2.018   -26.31738    0.00009                                mtd4
     570   2.018   -26.31738    0.00009                                mtd11
     571   2.018   -26.31738    0.00009                                mtd11
     572   2.018   -26.31738    0.00009                                mtd4
     573   2.018   -26.31738    0.00009                                mtd14
     574   2.018   -26.31738    0.00009                                mtd4
     575   2.018   -26.31738    0.00009                                mtd13
     576   2.018   -26.31738    0.00009                                mtd4
     577   2.018   -26.31738    0.00009                                mtd10
     578   2.018   -26.31738    0.00009                                mtd5
     579   2.018   -26.31738    0.00009                                mtd10
     580   2.018   -26.31738    0.00009                                mtd11
     581   2.018   -26.31738    0.00009                                mtd13
     582   2.018   -26.31738    0.00009                                mtd14
     583   2.018   -26.31738    0.00009                                mtd14
     584   2.018   -26.31738    0.00009                                mtd10
     585   2.018   -26.31738    0.00009                                mtd9
     586   2.018   -26.31738    0.00009                                mtd5
     587   2.059   -26.31732    0.00009    0.00646       8      73     mtd10
     588   2.059   -26.31732    0.00009                                mtd10
     589   2.059   -26.31732    0.00009                                mtd12
     590   2.059   -26.31732    0.00009                                mtd5
     591   2.059   -26.31732    0.00009                                mtd7
     592   2.059   -26.31732    0.00009                                mtd11
     593   2.059   -26.31732    0.00009                                mtd10
     594   2.059   -26.31732    0.00009                                mtd11
     595   2.059   -26.31732    0.00009                                mtd11
     596   2.059   -26.31732    0.00009                                mtd8
     597   2.059   -26.31732    0.00009                                mtd4
     598   2.059   -26.31732    0.00009                                mtd4
     599   2.059   -26.31732    0.00009                                mtd11
     600   2.059   -26.31732    0.00009                                mtd7
     601   2.059   -26.31732    0.00009                                mtd8
     602   2.059   -26.31732    0.00009                                mtd11
     603   2.059   -26.31732    0.00009                                mtd12
     604   2.059   -26.31732    0.00009                                mtd12
     605   2.059   -26.31732    0.00009                                mtd12
     606   2.059   -26.31732    0.00009                                mtd10
     607   2.059   -26.31732    0.00009                                mtd5
     608   2.059   -26.31732    0.00009                                mtd9
     609   2.059   -26.31732    0.00009                                mtd11
     610   2.059   -26.31732    0.00009                                mtd8
     611   2.059   -26.31732    0.00009                                mtd5
     612   2.059   -26.31732    0.00009                                mtd10
     613   2.059   -26.31732    0.00009                                mtd9
     614   2.059   -26.31732    0.00009                                mtd10
     615   2.059   -26.31732    0.00009                                mtd7
     616   2.059   -26.31732    0.00009                                mtd5
     617   2.059   -26.31732    0.00009                                mtd11
     618   2.059   -26.31732    0.00009                                mtd5
     619   2.059   -26.31732    0.00009                                mtd7
     620   2.059   -26.31732    0.00009                                mtd11
     621   2.059   -26.31732    0.00009                                mtd13
     622   2.059   -26.31732    0.00009                                mtd8
     623   2.059   -26.31732    0.00009                                mtd12
     624   2.059   -26.31732    0.00009                                mtd9
     625   2.059   -26.31732    0.00009                                mtd12
     626   2.059   -26.31732    0.00009                                mtd2
     627   2.059   -26.31732    0.00009                                mtd7
     628   2.059   -26.31732    0.00009                                mtd7
     629   2.059   -26.31732    0.00009                                mtd4
     630   2.059   -26.31732    0.00009                                mtd7
     631   2.059   -26.31732    0.00009                                mtd9
     632   2.059   -26.31732    0.00009                                mtd10
     633   2.059   -26.31732    0.00009                                mtd10
     634   2.059   -26.31732    0.00009                                mtd7
     635   2.059   -26.31732    0.00009                                mtd7
     636   2.059   -26.31732    0.00009                                mtd7
     637   2.059   -26.31732    0.00009                                mtd2
     638   2.059   -26.31732    0.00009                                mtd7
     639   2.059   -26.31732    0.00009                                mtd4
     640   2.059   -26.31732    0.00009                                mtd8
     641   2.059   -26.31732    0.00009                                mtd11
     642   2.059   -26.31732    0.00009                                mtd9
     643   2.059   -26.31732    0.00009                                mtd11
     644   2.059   -26.31732    0.00009                                mtd13
     645   2.059   -26.31732    0.00009                                mtd11
     646   2.059   -26.31732    0.00009                                mtd4
     647   2.059   -26.31732    0.00009                                mtd4
     648   2.059   -26.31732    0.00009                                mtd5
     649   2.060   -26.31732    0.00009                                mtd4
     650   2.060   -26.31732    0.00009                                mtd10
     651   2.060   -26.31732    0.00009                                mtd2
     652   2.060   -26.31732    0.00009                                mtd11
     653   2.060   -26.31732    0.00009                                mtd7
     654   2.060   -26.31732    0.00009                                mtd7
     655   2.060   -26.31732    0.00009                                mtd7
     656   2.060   -26.31732    0.00009                                mtd2
     657   2.060   -26.31732    0.00009                                mtd4
     658   2.060   -26.31732    0.00009                                mtd8
     659   2.060   -26.31732    0.00009                                mtd5
     660   2.139   -26.31719    0.00008    0.00456       9      59     mtd5
     661   2.139   -26.31719    0.00008                                mtd4
     662   2.139   -26.31719    0.00008                                mtd4
     663   2.139   -26.31719    0.00008                                mtd4
     664   2.139   -26.31719    0.00008                                mtd4
     665   2.139   -26.31719    0.00008                                mtd9
     666   2.139   -26.31719    0.00008                                mtd14
     667   2.139   -26.31719    0.00008                                mtd14
     668   2.139   -26.31719    0.00008                                mtd10
     669   2.139   -26.31719    0.00008                                mtd14
     670   2.139   -26.31719    0.00008                                mtd13
     671   2.139   -26.31719    0.00008                                mtd14
     672   2.139   -26.31719    0.00008                                mtd14
     673   2.139   -26.31719    0.00008                                mtd9
     674   2.139   -26.31719    0.00008                                mtd11
     675   2.139   -26.31719    0.00008                                mtd14
     676   2.139   -26.31719    0.00008                                mtd14
     677   2.139   -26.31719    0.00008                                mtd7
     678   2.139   -26.31719    0.00008                                mtd5
     679   2.139   -26.31719    0.00008                                mtd10
     680   2.139   -26.31719    0.00008                                mtd14
     681   2.139   -26.31719    0.00008                                mtd9
     682   2.139   -26.31719    0.00008                                mtd4
     683   2.139   -26.31719    0.00008                                md8
     684   2.139   -26.31719    0.00008                                mtd9
     685   2.139   -26.31719    0.00008                                mtd14
     686   2.139   -26.31719    0.00008                                mtd5
     687   2.139   -26.31719    0.00008                                mtd4
     688   2.139   -26.31719    0.00008                                md8
     689   2.139   -26.31719    0.00008                                mtd10
     690   2.139   -26.31719    0.00008                                mtd4
     691   2.139   -26.31719    0.00008                                mtd14
     692   2.139   -26.31719    0.00008                                mtd9
     693   2.139   -26.31719    0.00008                                mtd4
     694   2.139   -26.31719    0.00008                                mtd1
     695   2.139   -26.31719    0.00008                                mtd4
     696   2.139   -26.31719    0.00008                                mtd5
     697   2.139   -26.31719    0.00008                                mtd7
     698   2.139   -26.31719    0.00008                                mtd13
     699   2.139   -26.31719    0.00008                                mtd4
     700   2.139   -26.31719    0.00008                                mtd14
     701   2.140   -26.31719    0.00008                                mtd4
     702   2.140   -26.31719    0.00008                                mtd4
     703   2.140   -26.31719    0.00008                                mtd13
     704   2.140   -26.31719    0.00008                                mtd4
     705   2.140   -26.31719    0.00008                                mtd5
     706   2.140   -26.31719    0.00008                                mtd14
     707   2.140   -26.31719    0.00008                                mtd14
     708   2.140   -26.31719    0.00008                                mtd9
     709   2.140   -26.31719    0.00008                                mtd5
     710   2.140   -26.31719    0.00008                                mtd14
     711   2.140   -26.31719    0.00008                                mtd4
     712   2.140   -26.31719    0.00008                                mtd4
     713   2.140   -26.31719    0.00008                                mtd7
     714   2.140   -26.31719    0.00008                                mtd5
     715   2.140   -26.31719    0.00008                                mtd4
     716   2.140   -26.31719    0.00008                                mtd10
     717   2.141   -26.31719    0.00008                                mtd10
     718   2.141   -26.31719    0.00008                                mtd4
     719   2.348   -26.31686    0.00005    0.00005      10       1     mtd12
     720   3.155   -26.31557    0.00001    0.00001      11       1     mtd7
T /K                                  :   298.15
E lowest                              :   -26.32060
ensemble average energy (kcal)        :    0.137
ensemble entropy (J/mol K, cal/mol K) :   50.645   12.104
ensemble free energy (kcal/mol)       :   -3.609
population of lowest in %             :   35.026
 number of unique conformers for further calc           11
 list of relative energies saved as "crest.energies"

 -----------------
 Wall Time Summary
 -----------------
             test MD wall time :         0h : 0m : 3s
                 MTD wall time :         0h :10m :28s
      multilevel OPT wall time :         0h :25m :48s
                  MD wall time :         0h : 7m : 7s
                  GC wall time :         0h : 0m :16s
--------------------
Overall wall time  : 0h :46m :33s

 CREST terminated normally.
