****************************************************************
  Sure Independence Screening and Sparsifying Operator (SISSO)  
             Version SISSO.3.3, July, 2023.                
****************************************************************

Read in data from train.dat
Read in data from SISSO.in
Property type:     1
Number of tasks:        1
Descriptor dimension:        2
Number of samples for the task(s):     36
Restarts :  0
Number of scalar features:       22
Tier of the feature space:        3
Maximal feature complexity (number of operators in a feature):        6
Unit of input primary feature, each represented by a row vector: 
    1.00
    1.00
    1.00
    1.00
    1.00
    1.00
    1.00
    1.00
    1.00
    1.00
    1.00
    1.00
    1.00
    1.00
    1.00
    1.00
    1.00
    1.00
    1.00
    1.00
    1.00
    1.00
The feature will be discarded if the minimum of the maximal abs. value in it <    0.10000E-02
The faature will be discarded if the maximum of the maximal abs. value in it >     0.10000E+06
Size of the SIS-selected (single) subspace :  10000 10000
Operators for feature construction: (+)(-)(*) (+)(-)(*) (+)(-)(*) 
Method for sparse regression:  L0        
Fitting intercept:      T
Metric for model selection: RMSE
Number of the top-ranked models to output:      100
--------------------------------------------------------------------------------

Dimension:   1
-------------------
Feature Construction (FC) starts ...
Population Standard Deviation (SD) of the task 001:   22.04984
Total number of features in the space phi00:             22
Total number of features in the space phi01:            846
Total number of features in the space phi02:         341253
Total number of features in the space phi03:    12648773883
Size of the SIS-selected subspace from phi03:      10000
Time (second) used for this FC:         2101.18

Descriptor Identification (DI) starts ...
Total number of SIS-selected features from all dimensions:      10000
 
  1D descriptor: 
     d001 = (((feature17+feature20)*(feature18-feature17))-(feature22*(feature21-feature15)))    feature_ID:000001

  1D model(y=sum(ci*di)+c0): 
     coeff.(ci)_task001:     0.4885261995E+02
             c0_task001:     0.4570806641E+02
     RMSE,MaxAE_task001:     0.1206302318E+02    0.2555125893E+02

     RMSE and MaxAE of the model:  12.063023 25.551259
--------------------------------------------------------------------------------
Time (second) used for this DI:            0.09

Dimension:   2
-------------------
Feature Construction (FC) starts ...
Total number of features in the space phi00:             22
Total number of features in the space phi01:            846
Total number of features in the space phi02:         341253
Total number of features in the space phi03:    12648773883
Size of the SIS-selected subspace from phi03:      10000
Time (second) used for this FC:         2101.36

Descriptor Identification (DI) starts ...
Total number of SIS-selected features from all dimensions:      20000
 
Final model/descriptor !
================================================================================
  2D descriptor: 
     d001 = ((feature17*(feature17+feature20))+((feature19-feature13)*(feature20+feature22)))    feature_ID:000921
     d002 = ((feature12*(feature13-feature2))*((feature16-feature20)*(feature19-feature21)))    feature_ID:010150

  2D model(y=sum(ci*di)+c0): 
     coeff.(ci)_task001:    -0.3334550659E+02    0.1245495332E+04
             c0_task001:     0.7144928705E+02
     RMSE,MaxAE_task001:     0.8485914361E+01    0.1893542268E+02

     RMSE and MaxAE of the model:   8.485914 18.935423
================================================================================
Time (second) used for this DI:           25.42
Total time (second):         4228.92
Have a nice day !    

