****************************************************************
  Sure Independence Screening and Sparsifying Operator (SISSO)  
             Version SISSO.3.3, July, 2023.                
****************************************************************

Read in data from train.dat
Read in data from SISSO.in
Property type:     1
Number of tasks:        1
Descriptor dimension:        2
Number of samples for the task(s):     36
Restarts :  0
Number of scalar features:       22
Tier of the feature space:        3
Maximal feature complexity (number of operators in a feature):        6
Unit of input primary feature, each represented by a row vector: 
    1.00
    1.00
    1.00
    1.00
    1.00
    1.00
    1.00
    1.00
    1.00
    1.00
    1.00
    1.00
    1.00
    1.00
    1.00
    1.00
    1.00
    1.00
    1.00
    1.00
    1.00
    1.00
The feature will be discarded if the minimum of the maximal abs. value in it <    0.10000E-02
The faature will be discarded if the maximum of the maximal abs. value in it >     0.10000E+06
Size of the SIS-selected (single) subspace :  10000 10000
Operators for feature construction: (+)(-)(*) (+)(-)(*) (+)(-)(*) 
Method for sparse regression:  L0        
Fitting intercept:      T
Metric for model selection: RMSE
Number of the top-ranked models to output:      100
--------------------------------------------------------------------------------

Dimension:   1
-------------------
Feature Construction (FC) starts ...
Population Standard Deviation (SD) of the task 001:  102.58113
Total number of features in the space phi00:             22
Total number of features in the space phi01:            836
Total number of features in the space phi02:         319443
Total number of features in the space phi03:    11488976931
Size of the SIS-selected subspace from phi03:      10000
Time (second) used for this FC:         2069.22

Descriptor Identification (DI) starts ...
Total number of SIS-selected features from all dimensions:      10000
 
  1D descriptor: 
     d001 = (((feature2+feature19)*(feature21-feature3))-(feature13*(feature16+feature22)))    feature_ID:000001

  1D model(y=sum(ci*di)+c0): 
     coeff.(ci)_task001:    -0.1904248071E+03
             c0_task001:     0.3019374947E+03
     RMSE,MaxAE_task001:     0.3895287659E+02    0.8731922014E+02

     RMSE and MaxAE of the model:  38.952877 87.319220
--------------------------------------------------------------------------------
Time (second) used for this DI:            0.10

Dimension:   2
-------------------
Feature Construction (FC) starts ...
Total number of features in the space phi00:             22
Total number of features in the space phi01:            836
Total number of features in the space phi02:         319443
Total number of features in the space phi03:    11488976931
Size of the SIS-selected subspace from phi03:      10000
Time (second) used for this FC:         2074.46

Descriptor Identification (DI) starts ...
Total number of SIS-selected features from all dimensions:      20000
 
Final model/descriptor !
================================================================================
  2D descriptor: 
     d001 = (((feature2+feature19)*(feature21-feature3))-(feature13*(feature20+feature22)))    feature_ID:002476
     d002 = (((feature15+feature20)-feature21)*((feature8+feature20)*(feature14-feature15)))    feature_ID:013832

  2D model(y=sum(ci*di)+c0): 
     coeff.(ci)_task001:    -0.2387151435E+03    0.3175024359E+03
             c0_task001:     0.3236166134E+03
     RMSE,MaxAE_task001:     0.2582767289E+02    0.7002825170E+02

     RMSE and MaxAE of the model:  25.827673 70.028252
================================================================================
Time (second) used for this DI:           39.04
Total time (second):         4183.79
Have a nice day !    

