****************************************************************
  Sure Independence Screening and Sparsifying Operator (SISSO)  
             Version SISSO.3.3, July, 2023.                
****************************************************************

Read in data from train.dat
Read in data from SISSO.in
Property type:     1
Number of tasks:        1
Descriptor dimension:        2
Number of samples for the task(s):     36
Restarts :  0
Number of scalar features:       21
Tier of the feature space:        3
Maximal feature complexity (number of operators in a feature):        6
Unit of input primary feature, each represented by a row vector: 
    1.00
    1.00
    1.00
    1.00
    1.00
    1.00
    1.00
    1.00
    1.00
    1.00
    1.00
    1.00
    1.00
    1.00
    1.00
    1.00
    1.00
    1.00
    1.00
    1.00
    1.00
The feature will be discarded if the minimum of the maximal abs. value in it <    0.10000E-02
The faature will be discarded if the maximum of the maximal abs. value in it >     0.10000E+06
Size of the SIS-selected (single) subspace :  10000 10000
Operators for feature construction: (+)(-)(*) (+)(-)(*) (+)(-)(*) 
Method for sparse regression:  L0        
Fitting intercept:      T
Metric for model selection: RMSE
Number of the top-ranked models to output:      100
--------------------------------------------------------------------------------

Dimension:   1
-------------------
Feature Construction (FC) starts ...
Population Standard Deviation (SD) of the task 001:   23.16725
Total number of features in the space phi00:             21
Total number of features in the space phi01:            771
Total number of features in the space phi02:         291641
Total number of features in the space phi03:     9531908894
Size of the SIS-selected subspace from phi03:      10000
Time (second) used for this FC:         1689.74

Descriptor Identification (DI) starts ...
Total number of SIS-selected features from all dimensions:      10000
 
  1D descriptor: 
     d001 = ((feature18*(feature13+feature16))+((feature19-feature5)*(feature19-feature12)))    feature_ID:000001

  1D model(y=sum(ci*di)+c0): 
     coeff.(ci)_task001:    -0.5894447542E+02
             c0_task001:     0.8059732648E+02
     RMSE,MaxAE_task001:     0.1159315370E+02    0.2577381529E+02

     RMSE and MaxAE of the model:  11.593154 25.773815
--------------------------------------------------------------------------------
Time (second) used for this DI:            1.35

Dimension:   2
-------------------
Feature Construction (FC) starts ...
Total number of features in the space phi00:             21
Total number of features in the space phi01:            771
Total number of features in the space phi02:         291641
Total number of features in the space phi03:     9531908894
Size of the SIS-selected subspace from phi03:      10000
Time (second) used for this FC:         1691.15

Descriptor Identification (DI) starts ...
Total number of SIS-selected features from all dimensions:      20000
 
Final model/descriptor !
================================================================================
  2D descriptor: 
     d001 = (((feature21-feature9)*(feature17-feature13))-(feature19*(feature17+feature18)))    feature_ID:001038
     d002 = (((feature16-feature19)-feature5)*((feature1-feature12)*(feature18-feature20)))    feature_ID:012802

  2D model(y=sum(ci*di)+c0): 
     coeff.(ci)_task001:     0.5414365768E+02   -0.3068808753E+04
             c0_task001:     0.6424592725E+02
     RMSE,MaxAE_task001:     0.8302062746E+01    0.2276500211E+02

     RMSE and MaxAE of the model:   8.302063 22.765002
================================================================================
Time (second) used for this DI:           25.57
Total time (second):         3408.49
Have a nice day !    

