****************************************************************
  Sure Independence Screening and Sparsifying Operator (SISSO)  
             Version SISSO.3.3, July, 2023.                
****************************************************************

Read in data from train.dat
Read in data from SISSO.in
Property type:     1
Number of tasks:        1
Descriptor dimension:        2
Number of samples for the task(s):     36
Restarts :  0
Number of scalar features:       19
Tier of the feature space:        3
Maximal feature complexity (number of operators in a feature):        6
Unit of input primary feature, each represented by a row vector: 
    1.00
    1.00
    1.00
    1.00
    1.00
    1.00
    1.00
    1.00
    1.00
    1.00
    1.00
    1.00
    1.00
    1.00
    1.00
    1.00
    1.00
    1.00
    1.00
The feature will be discarded if the minimum of the maximal abs. value in it <    0.10000E-02
The faature will be discarded if the maximum of the maximal abs. value in it >     0.10000E+06
Size of the SIS-selected (single) subspace :  10000 10000
Operators for feature construction: (+)(-)(*) (+)(-)(*) (+)(-)(*) 
Method for sparse regression:  L0        
Fitting intercept:      T
Metric for model selection: RMSE
Number of the top-ranked models to output:      100
--------------------------------------------------------------------------------

Dimension:   1
-------------------
Feature Construction (FC) starts ...
Population Standard Deviation (SD) of the task 001:   99.62759
Total number of features in the space phi00:             19
Total number of features in the space phi01:            631
Total number of features in the space phi02:         191847
Total number of features in the space phi03:     4625590482
Size of the SIS-selected subspace from phi03:      10000
Time (second) used for this FC:          944.95

Descriptor Identification (DI) starts ...
Total number of SIS-selected features from all dimensions:      10000
 
  1D descriptor: 
     d001 = (((feature1-feature10)-feature11)*((feature12+feature13)+(feature19-feature18)))    feature_ID:000001

  1D model(y=sum(ci*di)+c0): 
     coeff.(ci)_task001:    -0.1385607425E+03
             c0_task001:     0.2093955466E+03
     RMSE,MaxAE_task001:     0.4168288768E+02    0.1165515594E+03

     RMSE and MaxAE of the model:  41.682888116.551559
--------------------------------------------------------------------------------
Time (second) used for this DI:            0.09

Dimension:   2
-------------------
Feature Construction (FC) starts ...
Total number of features in the space phi00:             19
Total number of features in the space phi01:            631
Total number of features in the space phi02:         191847
Total number of features in the space phi03:     4625590482
Size of the SIS-selected subspace from phi03:      10000
Time (second) used for this FC:          946.63

Descriptor Identification (DI) starts ...
Total number of SIS-selected features from all dimensions:      20000
 
Final model/descriptor !
================================================================================
  2D descriptor: 
     d001 = (((feature11+feature16)*(feature15-feature18))-(feature10*(feature8-feature19)))    feature_ID:000281
     d002 = (((feature15-feature17)-feature8)*((feature6+feature15)*(feature17-feature18)))    feature_ID:012164

  2D model(y=sum(ci*di)+c0): 
     coeff.(ci)_task001:     0.2317907365E+03    0.6108249098E+03
             c0_task001:     0.3193852477E+03
     RMSE,MaxAE_task001:     0.2734647859E+02    0.7450454871E+02

     RMSE and MaxAE of the model:  27.346479 74.504549
================================================================================
Time (second) used for this DI:           26.96
Total time (second):         1919.53
Have a nice day !    

