****************************************************************
  Sure Independence Screening and Sparsifying Operator (SISSO)  
             Version SISSO.3.3, July, 2023.                
****************************************************************

Read in data from train.dat
Read in data from SISSO.in
Property type:     1
Number of tasks:        1
Descriptor dimension:        2
Number of samples for the task(s):     36
Restarts :  0
Number of scalar features:       19
Tier of the feature space:        3
Maximal feature complexity (number of operators in a feature):        6
Unit of input primary feature, each represented by a row vector: 
    1.00
    1.00
    1.00
    1.00
    1.00
    1.00
    1.00
    1.00
    1.00
    1.00
    1.00
    1.00
    1.00
    1.00
    1.00
    1.00
    1.00
    1.00
    1.00
The feature will be discarded if the minimum of the maximal abs. value in it <    0.10000E-02
The faature will be discarded if the maximum of the maximal abs. value in it >     0.10000E+06
Size of the SIS-selected (single) subspace :  10000 10000
Operators for feature construction: (+)(-)(*) (+)(-)(*) (+)(-)(*) 
Method for sparse regression:  L0        
Fitting intercept:      T
Metric for model selection: RMSE
Number of the top-ranked models to output:      100
--------------------------------------------------------------------------------

Dimension:   1
-------------------
Feature Construction (FC) starts ...
Population Standard Deviation (SD) of the task 001:   23.75522
Total number of features in the space phi00:             19
Total number of features in the space phi01:            644
Total number of features in the space phi02:         215403
Total number of features in the space phi03:     5505742780
Size of the SIS-selected subspace from phi03:      10000
Time (second) used for this FC:         1006.36

Descriptor Identification (DI) starts ...
Total number of SIS-selected features from all dimensions:      10000
 
  1D descriptor: 
     d001 = ((feature16*(feature11+feature17))+((feature17-feature18)*(feature17-feature19)))    feature_ID:000001

  1D model(y=sum(ci*di)+c0): 
     coeff.(ci)_task001:    -0.6794259955E+02
             c0_task001:     0.7514075068E+02
     RMSE,MaxAE_task001:     0.1161139717E+02    0.2865376415E+02

     RMSE and MaxAE of the model:  11.611397 28.653764
--------------------------------------------------------------------------------
Time (second) used for this DI:            0.12

Dimension:   2
-------------------
Feature Construction (FC) starts ...
Total number of features in the space phi00:             19
Total number of features in the space phi01:            644
Total number of features in the space phi02:         215403
Total number of features in the space phi03:     5505742780
Size of the SIS-selected subspace from phi03:      10000
Time (second) used for this FC:         1007.27

Descriptor Identification (DI) starts ...
Total number of SIS-selected features from all dimensions:      20000
 
Final model/descriptor !
================================================================================
  2D descriptor: 
     d001 = ((feature11*(feature2+feature14))+((feature18-feature9)*(feature19-feature3)))    feature_ID:009290
     d002 = ((feature10*(feature10-feature17))*((feature12-feature9)*(feature12*feature13)))    feature_ID:018357

  2D model(y=sum(ci*di)+c0): 
     coeff.(ci)_task001:    -0.6944185921E+02    0.1129371283E+04
             c0_task001:     0.6036247349E+02
     RMSE,MaxAE_task001:     0.8205152355E+01    0.1909088926E+02

     RMSE and MaxAE of the model:   8.205152 19.090889
================================================================================
Time (second) used for this DI:           25.57
Total time (second):         2039.94
Have a nice day !    

