****************************************************************
  Sure Independence Screening and Sparsifying Operator (SISSO)  
             Version SISSO.3.3, July, 2023.                
****************************************************************

Read in data from train.dat
Read in data from SISSO.in
Property type:     1
Number of tasks:        1
Descriptor dimension:        2
Number of samples for the task(s):     36
Restarts :  0
Number of scalar features:       19
Tier of the feature space:        3
Maximal feature complexity (number of operators in a feature):        6
Unit of input primary feature, each represented by a row vector: 
    1.00
    1.00
    1.00
    1.00
    1.00
    1.00
    1.00
    1.00
    1.00
    1.00
    1.00
    1.00
    1.00
    1.00
    1.00
    1.00
    1.00
    1.00
    1.00
The feature will be discarded if the minimum of the maximal abs. value in it <    0.10000E-02
The faature will be discarded if the maximum of the maximal abs. value in it >     0.10000E+06
Size of the SIS-selected (single) subspace :  10000 10000
Operators for feature construction: (+)(-)(*) (+)(-)(*) (+)(-)(*) 
Method for sparse regression:  L0        
Fitting intercept:      T
Metric for model selection: RMSE
Number of the top-ranked models to output:      100
--------------------------------------------------------------------------------

Dimension:   1
-------------------
Feature Construction (FC) starts ...
Population Standard Deviation (SD) of the task 001:   10.78388
Total number of features in the space phi00:             19
Total number of features in the space phi01:            624
Total number of features in the space phi02:         183496
Total number of features in the space phi03:     4305332456
Size of the SIS-selected subspace from phi03:      10000
Time (second) used for this FC:          773.46

Descriptor Identification (DI) starts ...
Total number of SIS-selected features from all dimensions:      10000
 
  1D descriptor: 
     d001 = (((feature11-feature18)*(feature13+feature18))-(feature19*(feature1+feature16)))    feature_ID:000001

  1D model(y=sum(ci*di)+c0): 
     coeff.(ci)_task001:     0.1950211620E+02
             c0_task001:     0.1761986941E+02
     RMSE,MaxAE_task001:     0.5430463465E+01    0.1605748788E+02

     RMSE and MaxAE of the model:   5.430463 16.057488
--------------------------------------------------------------------------------
Time (second) used for this DI:            0.12

Dimension:   2
-------------------
Feature Construction (FC) starts ...
Total number of features in the space phi00:             19
Total number of features in the space phi01:            624
Total number of features in the space phi02:         183496
Total number of features in the space phi03:     4305332456
Size of the SIS-selected subspace from phi03:      10000
Time (second) used for this FC:          775.40

Descriptor Identification (DI) starts ...
Total number of SIS-selected features from all dimensions:      20000
 
Final model/descriptor !
================================================================================
  2D descriptor: 
     d001 = (((feature15*feature18)+(feature17*feature19))-(feature11*(feature11-feature16)))    feature_ID:008576
     d002 = ((feature11*(feature17-feature19))*((feature16-feature18)-(feature19-feature5)))    feature_ID:010128

  2D model(y=sum(ci*di)+c0): 
     coeff.(ci)_task001:    -0.2057314116E+02    0.8664955333E+02
             c0_task001:     0.2348345377E+02
     RMSE,MaxAE_task001:     0.4279482943E+01    0.1305009616E+02

     RMSE and MaxAE of the model:   4.279483 13.050096
================================================================================
Time (second) used for this DI:           33.43
Total time (second):         1583.23
Have a nice day !    

