****************************************************************
  Sure Independence Screening and Sparsifying Operator (SISSO)  
             Version SISSO.3.3, July, 2023.                
****************************************************************

Read in data from train.dat
Read in data from SISSO.in
Property type:     1
Number of tasks:        1
Descriptor dimension:        2
Number of samples for the task(s):     36
Restarts :  0
Number of scalar features:       24
Tier of the feature space:        3
Maximal feature complexity (number of operators in a feature):        6
Unit of input primary feature, each represented by a row vector: 
    1.00
    1.00
    1.00
    1.00
    1.00
    1.00
    1.00
    1.00
    1.00
    1.00
    1.00
    1.00
    1.00
    1.00
    1.00
    1.00
    1.00
    1.00
    1.00
    1.00
    1.00
    1.00
    1.00
    1.00
The feature will be discarded if the minimum of the maximal abs. value in it <    0.10000E-02
The faature will be discarded if the maximum of the maximal abs. value in it >     0.10000E+06
Size of the SIS-selected (single) subspace :  10000 10000
Operators for feature construction: (+)(-)(*) (+)(-)(*) (+)(-)(*) 
Method for sparse regression:  L0        
Fitting intercept:      T
Metric for model selection: RMSE
Number of the top-ranked models to output:      100
--------------------------------------------------------------------------------

Dimension:   1
-------------------
Feature Construction (FC) starts ...
Population Standard Deviation (SD) of the task 001:  109.94259
Total number of features in the space phi00:             24
Total number of features in the space phi01:           1003
Total number of features in the space phi02:         483612
Total number of features in the space phi03:    23206907866
Size of the SIS-selected subspace from phi03:      10000
Time (second) used for this FC:         3760.02

Descriptor Identification (DI) starts ...
Total number of SIS-selected features from all dimensions:      10000
 
  1D descriptor: 
     d001 = (((feature17+feature21)*(feature21-feature13))-(feature24*(feature15+feature18)))    feature_ID:000001

  1D model(y=sum(ci*di)+c0): 
     coeff.(ci)_task001:    -0.1698315140E+03
             c0_task001:     0.2718423650E+03
     RMSE,MaxAE_task001:     0.3972851261E+02    0.9629564362E+02

     RMSE and MaxAE of the model:  39.728513 96.295644
--------------------------------------------------------------------------------
Time (second) used for this DI:            0.09

Dimension:   2
-------------------
Feature Construction (FC) starts ...
Total number of features in the space phi00:             24
Total number of features in the space phi01:           1003
Total number of features in the space phi02:         483612
Total number of features in the space phi03:    23206907866
Size of the SIS-selected subspace from phi03:      10000
Time (second) used for this FC:         3757.81

Descriptor Identification (DI) starts ...
Total number of SIS-selected features from all dimensions:      20000
 
Final model/descriptor !
================================================================================
  2D descriptor: 
     d001 = (((feature11+feature21)-(feature20-feature2))-((feature13+feature20)-feature9))    feature_ID:000072
     d002 = (((feature22-feature13)-feature8)*((feature16*feature20)*(feature22-feature23)))    feature_ID:011306

  2D model(y=sum(ci*di)+c0): 
     coeff.(ci)_task001:    -0.1340585942E+03   -0.9318163249E+03
             c0_task001:     0.1864060996E+03
     RMSE,MaxAE_task001:     0.2035024738E+02    0.4544294505E+02

     RMSE and MaxAE of the model:  20.350247 45.442945
================================================================================
Time (second) used for this DI:           25.63
Total time (second):         7544.65
Have a nice day !    

