****************************************************************
  Sure Independence Screening and Sparsifying Operator (SISSO)  
             Version SISSO.3.3, July, 2023.                
****************************************************************

Read in data from train.dat
Read in data from SISSO.in
Property type:     1
Number of tasks:        1
Descriptor dimension:        2
Number of samples for the task(s):     36
Restarts :  0
Number of scalar features:       24
Tier of the feature space:        3
Maximal feature complexity (number of operators in a feature):        6
Unit of input primary feature, each represented by a row vector: 
    1.00
    1.00
    1.00
    1.00
    1.00
    1.00
    1.00
    1.00
    1.00
    1.00
    1.00
    1.00
    1.00
    1.00
    1.00
    1.00
    1.00
    1.00
    1.00
    1.00
    1.00
    1.00
    1.00
    1.00
The feature will be discarded if the minimum of the maximal abs. value in it <    0.10000E-02
The faature will be discarded if the maximum of the maximal abs. value in it >     0.10000E+06
Size of the SIS-selected (single) subspace :  10000 10000
Operators for feature construction: (+)(-)(*) (+)(-)(*) (+)(-)(*) 
Method for sparse regression:  L0        
Fitting intercept:      T
Metric for model selection: RMSE
Number of the top-ranked models to output:      100
--------------------------------------------------------------------------------

Dimension:   1
-------------------
Feature Construction (FC) starts ...
Population Standard Deviation (SD) of the task 001:   23.05032
Total number of features in the space phi00:             24
Total number of features in the space phi01:            999
Total number of features in the space phi02:         464140
Total number of features in the space phi03:    21877863748
Size of the SIS-selected subspace from phi03:      10000
Time (second) used for this FC:         3320.15

Descriptor Identification (DI) starts ...
Total number of SIS-selected features from all dimensions:      10000
 
  1D descriptor: 
     d001 = ((feature23*(feature9+feature22))+((feature15-feature17)*(feature20-feature23)))    feature_ID:000001

  1D model(y=sum(ci*di)+c0): 
     coeff.(ci)_task001:    -0.6919368046E+02
             c0_task001:     0.6497878354E+02
     RMSE,MaxAE_task001:     0.1214285151E+02    0.2735501175E+02

     RMSE and MaxAE of the model:  12.142852 27.355012
--------------------------------------------------------------------------------
Time (second) used for this DI:            0.12

Dimension:   2
-------------------
Feature Construction (FC) starts ...
Total number of features in the space phi00:             24
Total number of features in the space phi01:            999
Total number of features in the space phi02:         464140
Total number of features in the space phi03:    21877863748
Size of the SIS-selected subspace from phi03:      10000
Time (second) used for this FC:         3322.43

Descriptor Identification (DI) starts ...
Total number of SIS-selected features from all dimensions:      20000
 
Final model/descriptor !
================================================================================
  2D descriptor: 
     d001 = ((feature22*(feature1-feature22))+((feature1-feature23)*(feature17-feature15)))    feature_ID:000052
     d002 = (((feature24-feature20)-feature4)*((feature10-feature17)*(feature21-feature23)))    feature_ID:011440

  2D model(y=sum(ci*di)+c0): 
     coeff.(ci)_task001:     0.5911566531E+02    0.1658673486E+03
             c0_task001:     0.6834845579E+02
     RMSE,MaxAE_task001:     0.7017277131E+01    0.1740570140E+02

     RMSE and MaxAE of the model:   7.017277 17.405701
================================================================================
Time (second) used for this DI:           25.74
Total time (second):         6669.42
Have a nice day !    

