****************************************************************
  Sure Independence Screening and Sparsifying Operator (SISSO)  
             Version SISSO.3.3, July, 2023.                
****************************************************************

Read in data from train.dat
Read in data from SISSO.in
Property type:     1
Number of tasks:        1
Descriptor dimension:        2
Number of samples for the task(s):     36
Restarts :  0
Number of scalar features:       20
Tier of the feature space:        3
Maximal feature complexity (number of operators in a feature):        6
Unit of input primary feature, each represented by a row vector: 
    1.00
    1.00
    1.00
    1.00
    1.00
    1.00
    1.00
    1.00
    1.00
    1.00
    1.00
    1.00
    1.00
    1.00
    1.00
    1.00
    1.00
    1.00
    1.00
    1.00
The feature will be discarded if the minimum of the maximal abs. value in it <    0.10000E-02
The faature will be discarded if the maximum of the maximal abs. value in it >     0.10000E+06
Size of the SIS-selected (single) subspace :  10000 10000
Operators for feature construction: (+)(-)(*) (+)(-)(*) (+)(-)(*) 
Method for sparse regression:  L0        
Fitting intercept:      T
Metric for model selection: RMSE
Number of the top-ranked models to output:      100
--------------------------------------------------------------------------------

Dimension:   1
-------------------
Feature Construction (FC) starts ...
Population Standard Deviation (SD) of the task 001:   10.86526
Total number of features in the space phi00:             20
Total number of features in the space phi01:            710
Total number of features in the space phi02:         253569
Total number of features in the space phi03:     7385137300
Size of the SIS-selected subspace from phi03:      10000
Time (second) used for this FC:         1366.50

Descriptor Identification (DI) starts ...
Total number of SIS-selected features from all dimensions:      10000
 
  1D descriptor: 
     d001 = (((feature14+feature18)-feature19)*((feature10+feature11)+(feature20-feature18)))    feature_ID:000001

  1D model(y=sum(ci*di)+c0): 
     coeff.(ci)_task001:     0.2458121903E+02
             c0_task001:     0.4330920891E+01
     RMSE,MaxAE_task001:     0.4852918097E+01    0.1399162912E+02

     RMSE and MaxAE of the model:   4.852918 13.991629
--------------------------------------------------------------------------------
Time (second) used for this DI:            0.10

Dimension:   2
-------------------
Feature Construction (FC) starts ...
Total number of features in the space phi00:             20
Total number of features in the space phi01:            710
Total number of features in the space phi02:         253569
Total number of features in the space phi03:     7385137300
Size of the SIS-selected subspace from phi03:      10000
Time (second) used for this FC:         1368.51

Descriptor Identification (DI) starts ...
Total number of SIS-selected features from all dimensions:      20000
 
Final model/descriptor !
================================================================================
  2D descriptor: 
     d001 = (((feature12*feature13)+(feature17*feature19))-(feature12*(feature20-feature18)))    feature_ID:005432
     d002 = ((feature10*(feature10-feature18))*((feature11-feature13)*(feature15-feature16)))    feature_ID:013283

  2D model(y=sum(ci*di)+c0): 
     coeff.(ci)_task001:    -0.2585031708E+02    0.2225779381E+03
             c0_task001:     0.2834791592E+02
     RMSE,MaxAE_task001:     0.2485525241E+01    0.5986887122E+01

     RMSE and MaxAE of the model:   2.485525  5.986887
================================================================================
Time (second) used for this DI:           25.64
Total time (second):         2766.03
Have a nice day !    

