
       ==============================================
       |                                            |
       |                 C R E S T                  |
       |                                            |
       |  Conformer-Rotamer Ensemble Sampling Tool  |
       |          based on the GFN methods          |
       |             P.Pracht, S.Grimme             |
       |          Universitaet Bonn, MCTC           |
       ==============================================
       Version 2.12,   Thu 19. Mai 16:32:32 CEST 2022
  Using the xTB program. Compatible with xTB version 6.4.0

   Cite work conducted with this code as

   • P.Pracht, F.Bohle, S.Grimme, PCCP, 2020, 22, 7169-7192.
   • S.Grimme, JCTC, 2019, 15, 2847-2862.

   and for works involving QCG as

   • S.Spicher, C.Plett, P.Pracht, A.Hansen, S.Grimme,
     JCTC, 2022, 18 (5), 3174-3189.

   with help from:
   C.Bannwarth, F.Bohle, S.Ehlert, S.Grimme,
   C.Plett, P.Pracht, S.Spicher

   This program is distributed in the hope that it will be useful,
   but WITHOUT ANY WARRANTY; without even the implied warranty of
   MERCHANTABILITY or FITNESS FOR A PARTICULAR PURPOSE.

 Command line input:
 > crest out.xyz --gfn 2 --chrg 0 -T 1 --noreftopo

  -gfn2 : Use of GFN2-xTB requested.
  --chrg 0
  -T 1 (CPUs/Threads selected)

 -------------------------
 xTB Geometry Optimization
 -------------------------
 Geometry successfully optimized.

------------------------------------------------
Generating MTD length from a flexibility measure
------------------------------------------------
 Calculating WBOs... done.
 Calculating NCI flexibility... done.
     covalent flexibility measure :   0.000
 non-covalent flexibility measure :   0.896
 flexibility measure :   0.000
 t(MTD) / ps    :     5.0
 Σ(t(MTD)) / ps :    70.0 (14 MTDs)

-------------------------------------
Starting a trial MTD to test settings
-------------------------------------
 Estimated runtime for one MTD (5.0 ps) on a single thread: 8 min 38 sec
 Estimated runtime for a batch of 14 MTDs on 1 threads: 2 h 0 min 45 sec

 list of Vbias parameters applied:
$metadyn    0.00300   1.300
$metadyn    0.00150   1.300
$metadyn    0.00075   1.300
$metadyn    0.00300   0.780
$metadyn    0.00150   0.780
$metadyn    0.00075   0.780
$metadyn    0.00300   0.468
$metadyn    0.00150   0.468
$metadyn    0.00075   0.468
$metadyn    0.00300   0.281
$metadyn    0.00150   0.281
$metadyn    0.00075   0.281
$metadyn    0.00100   0.100
$metadyn    0.00500   0.800

*******************************************************************************************
**                        N E W    I T E R A T I O N    C Y C L E                        **
*******************************************************************************************

========================================
            MTD Iteration  1
========================================

     ========================================
     |         Meta-MD (MTD) Sampling       |
     ========================================

Starting Meta-MD  14 with the settings:
     MD time /ps        :     5.0
     dt /fs             :     5.0
     dumpstep(trj) /fs  :     100
     dumpstep(Vbias)/ps :     1.0
     Vbias factor k /Eh :  0.0900
     Vbias exp α /bohr⁻²:    0.80
*Meta-MTD 14 finished*
Starting Meta-MD  13 with the settings:
     MD time /ps        :     5.0
     dt /fs             :     5.0
     dumpstep(trj) /fs  :     100
     dumpstep(Vbias)/ps :     1.0
     Vbias factor k /Eh :  0.0180
     Vbias exp α /bohr⁻²:    0.10
*Meta-MTD 13 finished*
Starting Meta-MD  12 with the settings:
     MD time /ps        :     5.0
     dt /fs             :     5.0
     dumpstep(trj) /fs  :     100
     dumpstep(Vbias)/ps :     1.0
     Vbias factor k /Eh :  0.0135
     Vbias exp α /bohr⁻²:    0.28
*Meta-MTD 12 finished*
Starting Meta-MD  11 with the settings:
     MD time /ps        :     5.0
     dt /fs             :     5.0
     dumpstep(trj) /fs  :     100
     dumpstep(Vbias)/ps :     1.0
     Vbias factor k /Eh :  0.0270
     Vbias exp α /bohr⁻²:    0.28
*Meta-MTD 11 finished*
Starting Meta-MD  10 with the settings:
     MD time /ps        :     5.0
     dt /fs             :     5.0
     dumpstep(trj) /fs  :     100
     dumpstep(Vbias)/ps :     1.0
     Vbias factor k /Eh :  0.0540
     Vbias exp α /bohr⁻²:    0.28
*Meta-MTD 10 finished*
Starting Meta-MD   9 with the settings:
     MD time /ps        :     5.0
     dt /fs             :     5.0
     dumpstep(trj) /fs  :     100
     dumpstep(Vbias)/ps :     1.0
     Vbias factor k /Eh :  0.0135
     Vbias exp α /bohr⁻²:    0.47
*Meta-MTD 9 finished*
Starting Meta-MD   8 with the settings:
     MD time /ps        :     5.0
     dt /fs             :     5.0
     dumpstep(trj) /fs  :     100
     dumpstep(Vbias)/ps :     1.0
     Vbias factor k /Eh :  0.0270
     Vbias exp α /bohr⁻²:    0.47
*Meta-MTD 8 finished*
Starting Meta-MD   7 with the settings:
     MD time /ps        :     5.0
     dt /fs             :     5.0
     dumpstep(trj) /fs  :     100
     dumpstep(Vbias)/ps :     1.0
     Vbias factor k /Eh :  0.0540
     Vbias exp α /bohr⁻²:    0.47
*Meta-MTD 7 finished*
Starting Meta-MD   6 with the settings:
     MD time /ps        :     5.0
     dt /fs             :     5.0
     dumpstep(trj) /fs  :     100
     dumpstep(Vbias)/ps :     1.0
     Vbias factor k /Eh :  0.0135
     Vbias exp α /bohr⁻²:    0.78
*Meta-MTD 6 finished*
Starting Meta-MD   5 with the settings:
     MD time /ps        :     5.0
     dt /fs             :     5.0
     dumpstep(trj) /fs  :     100
     dumpstep(Vbias)/ps :     1.0
     Vbias factor k /Eh :  0.0270
     Vbias exp α /bohr⁻²:    0.78
*Meta-MTD 5 finished*
Starting Meta-MD   4 with the settings:
     MD time /ps        :     5.0
     dt /fs             :     5.0
     dumpstep(trj) /fs  :     100
     dumpstep(Vbias)/ps :     1.0
     Vbias factor k /Eh :  0.0540
     Vbias exp α /bohr⁻²:    0.78
*Meta-MTD 4 finished*
Starting Meta-MD   3 with the settings:
     MD time /ps        :     5.0
     dt /fs             :     5.0
     dumpstep(trj) /fs  :     100
     dumpstep(Vbias)/ps :     1.0
     Vbias factor k /Eh :  0.0135
     Vbias exp α /bohr⁻²:    1.30
*Meta-MTD 3 finished*
Starting Meta-MD   2 with the settings:
     MD time /ps        :     5.0
     dt /fs             :     5.0
     dumpstep(trj) /fs  :     100
     dumpstep(Vbias)/ps :     1.0
     Vbias factor k /Eh :  0.0270
     Vbias exp α /bohr⁻²:    1.30
*Meta-MTD 2 finished*
Starting Meta-MD   1 with the settings:
     MD time /ps        :     5.0
     dt /fs             :     5.0
     dumpstep(trj) /fs  :     100
     dumpstep(Vbias)/ps :     1.0
     Vbias factor k /Eh :  0.0540
     Vbias exp α /bohr⁻²:    1.30
*Meta-MTD 1 finished*

-----------------------
Multilevel Optimization
-----------------------

 -------------------------
 1. crude pre-optimization
 -------------------------
 Optimizing all 686 structures from file "crest_rotamers_0.xyz" ...
 1 2 3 4 5 6 7 8 9 10 11 12 13 14 15 16 17 18 19 20 21 22 23 24 25 26 27 28 29 30 31 32 33 34 35 36 37 38 39 40 41 42 43 44 45 46 47 48 49 50 51 52 53 54 55 56 57 58 59 60 61 62 63 64 65 66 67 68 69 70 71 72 73 74 75 76 77 78 79 80 81 82 83 84 85 86 87 88 89 90 91 92 93 94 95 96 97 98 99 100 101 102 103 104 105 106 107 108 109 110 111 112 113 114 115 116 117 118 119 120 121 122 123 124 125 126 127 128 129 130 131 132 133 134 135 136 137 138 139 140 141 142 143 144 145 146 147 148 149 150 151 152 153 154 155 156 157 158 159 160 161 162 163 164 165 166 167 168 169 170 171 172 173 174 175 176 177 178 179 180 181 182 183 184 185 186 187 188 189 190 191 192 193 194 195 196 197 198 199 200 201 202 203 204 205 206 207 208 209 210 211 212 213 214 215 216 217 218 219 220 221 222 223 224 225 226 227 228 229 230 231 232 233 234 235 236 237 238 239 240 241 242 243 244 245 246 247 248 249 250 251 252 253 254 255 256 257 258 259 260 261 262 263 264 265 266 267 268 269 270 271 272 273 274 275 276 277 278 279 280 281 282 283 284 285 286 287 288 289 290 291 292 293 294 295 296 297 298 299 300 301 302 303 304 305 306 307 308 309 310 311 312 313 314 315 316 317 318 319 320 321 322 323 324 325 326 327 328 329 330 331 332 333 334 335 336 337 338 339 340 341 342 343 344 345 346 347 348 349 350 351 352 353 354 355 356 357 358 359 360 361 362 363 364 365 366 367 368 369 370 371 372 373 374 375 376 377 378 379 380 381 382 383 384 385 386 387 388 389 390 391 392 393 394 395 396 397 398 399 400 401 402 403 404 405 406 407 408 409 410 411 412 413 414 415 416 417 418 419 420 421 422 423 424 425 426 427 428 429 430 431 432 433 434 435 436 437 438 439 440 441 442 443 444 445 446 447 448 449 450 451 452 453 454 455 456 457 458 459 460 461 462 463 464 465 466 467 468 469 470 471 472 473 474 475 476 477 478 479 480 481 482 483 484 485 486 487 488 489 490 491 492 493 494 495 496 497 498 499 500 501 502 503 504 505 506 507 508 509 510 511 512 513 514 515 516 517 518 519 520 521 522 523 524 525 526 527 528 529 530 531 532 533 534 535 536 537 538 539 540 541 542 543 544 545 546 547 548 549 550 551 552 553 554 555 556 557 558 559 560 561 562 563 564 565 566 567 568 569 570 571 572 573 574 575 576 577 578 579 580 581 582 583 584 585 586 587 588 589 590 591 592 593 594 595 596 597 598 599 600 601 602 603 604 605 606 607 608 609 610 611 612 613 614 615 616 617 618 619 620 621 622 623 624 625 626 627 628 629 630 631 632 633 634 635 636 637 638 639 640 641 642 643 644 645 646 647 648 649 650 651 652 653 654 655 656 657 658 659 660 661 662 663 664 665 666 667 668 669 670 671 672 673 674 675 676 677 678 679 680 681 682 683 684 685 686
 done.
 running RMSDs...
 done.
 E lowest :   -22.79562
 686 structures remain within    12.00 kcal/mol window

 -------------------------------------
 2. optimization with tight thresholds
 -------------------------------------
 Optimizing all 687 structures from file "crest_rotamers_1.xyz" ...
 1 2 3 4 5 6 7 8 9 10 11 12 13 14 15 16 17 18 19 20 21 22 23 24 25 26 27 28 29 30 31 32 33 34 35 36 37 38 39 40 41 42 43 44 45 46 47 48 49 50 51 52 53 54 55 56 57 58 59 60 61 62 63 64 65 66 67 68 69 70 71 72 73 74 75 76 77 78 79 80 81 82 83 84 85 86 87 88 89 90 91 92 93 94 95 96 97 98 99 100 101 102 103 104 105 106 107 108 109 110 111 112 113 114 115 116 117 118 119 120 121 122 123 124 125 126 127 128 129 130 131 132 133 134 135 136 137 138 139 140 141 142 143 144 145 146 147 148 149 150 151 152 153 154 155 156 157 158 159 160 161 162 163 164 165 166 167 168 169 170 171 172 173 174 175 176 177 178 179 180 181 182 183 184 185 186 187 188 189 190 191 192 193 194 195 196 197 198 199 200 201 202 203 204 205 206 207 208 209 210 211 212 213 214 215 216 217 218 219 220 221 222 223 224 225 226 227 228 229 230 231 232 233 234 235 236 237 238 239 240 241 242 243 244 245 246 247 248 249 250 251 252 253 254 255 256 257 258 259 260 261 262 263 264 265 266 267 268 269 270 271 272 273 274 275 276 277 278 279 280 281 282 283 284 285 286 287 288 289 290 291 292 293 294 295 296 297 298 299 300 301 302 303 304 305 306 307 308 309 310 311 312 313 314 315 316 317 318 319 320 321 322 323 324 325 326 327 328 329 330 331 332 333 334 335 336 337 338 339 340 341 342 343 344 345 346 347 348 349 350 351 352 353 354 355 356 357 358 359 360 361 362 363 364 365 366 367 368 369 370 371 372 373 374 375 376 377 378 379 380 381 382 383 384 385 386 387 388 389 390 391 392 393 394 395 396 397 398 399 400 401 402 403 404 405 406 407 408 409 410 411 412 413 414 415 416 417 418 419 420 421 422 423 424 425 426 427 428 429 430 431 432 433 434 435 436 437 438 439 440 441 442 443 444 445 446 447 448 449 450 451 452 453 454 455 456 457 458 459 460 461 462 463 464 465 466 467 468 469 470 471 472 473 474 475 476 477 478 479 480 481 482 483 484 485 486 487 488 489 490 491 492 493 494 495 496 497 498 499 500 501 502 503 504 505 506 507 508 509 510 511 512 513 514 515 516 517 518 519 520 521 522 523 524 525 526 527 528 529 530 531 532 533 534 535 536 537 538 539 540 541 542 543 544 545 546 547 548 549 550 551 552 553 554 555 556 557 558 559 560 561 562 563 564 565 566 567 568 569 570 571 572 573 574 575 576 577 578 579 580 581 582 583 584 585 586 587 588 589 590 591 592 593 594 595 596 597 598 599 600 601 602 603 604 605 606 607 608 609 610 611 612 613 614 615 616 617 618 619 620 621 622 623 624 625 626 627 628 629 630 631 632 633 634 635 636 637 638 639 640 641 642 643 644 645 646 647 648 649 650 651 652 653 654 655 656 657 658 659 660 661 662 663 664 665 666 667 668 669 670 671 672 673 674 675 676 677 678 679 680 681 682 683 684 685 686 687
 done.
 running RMSDs...
 done.
 E lowest :   -22.79842
 93 structures remain within     6.00 kcal/mol window


========================================
            MTD Iteration  2
========================================

     ========================================
     |         Meta-MD (MTD) Sampling       |
     ========================================

Starting Meta-MD  12 with the settings:
     MD time /ps        :     5.0
     dt /fs             :     5.0
     dumpstep(trj) /fs  :     100
     dumpstep(Vbias)/ps :     1.0
     Vbias factor k /Eh :  0.0135
     Vbias exp α /bohr⁻²:    0.28
*Meta-MTD 12 finished*
Starting Meta-MD  11 with the settings:
     MD time /ps        :     5.0
     dt /fs             :     5.0
     dumpstep(trj) /fs  :     100
     dumpstep(Vbias)/ps :     1.0
     Vbias factor k /Eh :  0.0270
     Vbias exp α /bohr⁻²:    0.28
*Meta-MTD 11 finished*
Starting Meta-MD  10 with the settings:
     MD time /ps        :     5.0
     dt /fs             :     5.0
     dumpstep(trj) /fs  :     100
     dumpstep(Vbias)/ps :     1.0
     Vbias factor k /Eh :  0.0540
     Vbias exp α /bohr⁻²:    0.28
*Meta-MTD 10 finished*
Starting Meta-MD   9 with the settings:
     MD time /ps        :     5.0
     dt /fs             :     5.0
     dumpstep(trj) /fs  :     100
     dumpstep(Vbias)/ps :     1.0
     Vbias factor k /Eh :  0.0135
     Vbias exp α /bohr⁻²:    0.47
*Meta-MTD 9 finished*
Starting Meta-MD   8 with the settings:
     MD time /ps        :     5.0
     dt /fs             :     5.0
     dumpstep(trj) /fs  :     100
     dumpstep(Vbias)/ps :     1.0
     Vbias factor k /Eh :  0.0270
     Vbias exp α /bohr⁻²:    0.47
*Meta-MTD 8 finished*
Starting Meta-MD   7 with the settings:
     MD time /ps        :     5.0
     dt /fs             :     5.0
     dumpstep(trj) /fs  :     100
     dumpstep(Vbias)/ps :     1.0
     Vbias factor k /Eh :  0.0540
     Vbias exp α /bohr⁻²:    0.47
*Meta-MTD 7 finished*
Starting Meta-MD   6 with the settings:
     MD time /ps        :     5.0
     dt /fs             :     5.0
     dumpstep(trj) /fs  :     100
     dumpstep(Vbias)/ps :     1.0
     Vbias factor k /Eh :  0.0135
     Vbias exp α /bohr⁻²:    0.78
*Meta-MTD 6 finished*
Starting Meta-MD   5 with the settings:
     MD time /ps        :     5.0
     dt /fs             :     5.0
     dumpstep(trj) /fs  :     100
     dumpstep(Vbias)/ps :     1.0
     Vbias factor k /Eh :  0.0270
     Vbias exp α /bohr⁻²:    0.78
*Meta-MTD 5 finished*
Starting Meta-MD   4 with the settings:
     MD time /ps        :     5.0
     dt /fs             :     5.0
     dumpstep(trj) /fs  :     100
     dumpstep(Vbias)/ps :     1.0
     Vbias factor k /Eh :  0.0540
     Vbias exp α /bohr⁻²:    0.78
*Meta-MTD 4 finished*
Starting Meta-MD   3 with the settings:
     MD time /ps        :     5.0
     dt /fs             :     5.0
     dumpstep(trj) /fs  :     100
     dumpstep(Vbias)/ps :     1.0
     Vbias factor k /Eh :  0.0135
     Vbias exp α /bohr⁻²:    1.30
*Meta-MTD 3 finished*
Starting Meta-MD   2 with the settings:
     MD time /ps        :     5.0
     dt /fs             :     5.0
     dumpstep(trj) /fs  :     100
     dumpstep(Vbias)/ps :     1.0
     Vbias factor k /Eh :  0.0270
     Vbias exp α /bohr⁻²:    1.30
*Meta-MTD 2 finished*
Starting Meta-MD   1 with the settings:
     MD time /ps        :     5.0
     dt /fs             :     5.0
     dumpstep(trj) /fs  :     100
     dumpstep(Vbias)/ps :     1.0
     Vbias factor k /Eh :  0.0540
     Vbias exp α /bohr⁻²:    1.30
*Meta-MTD 1 finished*

-----------------------
Multilevel Optimization
-----------------------

 -------------------------
 1. crude pre-optimization
 -------------------------
 Optimizing all 588 structures from file "crest_rotamers_0.xyz" ...
 1 2 3 4 5 6 7 8 9 10 11 12 13 14 15 16 17 18 19 20 21 22 23 24 25 26 27 28 29 30 31 32 33 34 35 36 37 38 39 40 41 42 43 44 45 46 47 48 49 50 51 52 53 54 55 56 57 58 59 60 61 62 63 64 65 66 67 68 69 70 71 72 73 74 75 76 77 78 79 80 81 82 83 84 85 86 87 88 89 90 91 92 93 94 95 96 97 98 99 100 101 102 103 104 105 106 107 108 109 110 111 112 113 114 115 116 117 118 119 120 121 122 123 124 125 126 127 128 129 130 131 132 133 134 135 136 137 138 139 140 141 142 143 144 145 146 147 148 149 150 151 152 153 154 155 156 157 158 159 160 161 162 163 164 165 166 167 168 169 170 171 172 173 174 175 176 177 178 179 180 181 182 183 184 185 186 187 188 189 190 191 192 193 194 195 196 197 198 199 200 201 202 203 204 205 206 207 208 209 210 211 212 213 214 215 216 217 218 219 220 221 222 223 224 225 226 227 228 229 230 231 232 233 234 235 236 237 238 239 240 241 242 243 244 245 246 247 248 249 250 251 252 253 254 255 256 257 258 259 260 261 262 263 264 265 266 267 268 269 270 271 272 273 274 275 276 277 278 279 280 281 282 283 284 285 286 287 288 289 290 291 292 293 294 295 296 297 298 299 300 301 302 303 304 305 306 307 308 309 310 311 312 313 314 315 316 317 318 319 320 321 322 323 324 325 326 327 328 329 330 331 332 333 334 335 336 337 338 339 340 341 342 343 344 345 346 347 348 349 350 351 352 353 354 355 356 357 358 359 360 361 362 363 364 365 366 367 368 369 370 371 372 373 374 375 376 377 378 379 380 381 382 383 384 385 386 387 388 389 390 391 392 393 394 395 396 397 398 399 400 401 402 403 404 405 406 407 408 409 410 411 412 413 414 415 416 417 418 419 420 421 422 423 424 425 426 427 428 429 430 431 432 433 434 435 436 437 438 439 440 441 442 443 444 445 446 447 448 449 450 451 452 453 454 455 456 457 458 459 460 461 462 463 464 465 466 467 468 469 470 471 472 473 474 475 476 477 478 479 480 481 482 483 484 485 486 487 488 489 490 491 492 493 494 495 496 497 498 499 500 501 502 503 504 505 506 507 508 509 510 511 512 513 514 515 516 517 518 519 520 521 522 523 524 525 526 527 528 529 530 531 532 533 534 535 536 537 538 539 540 541 542 543 544 545 546 547 548 549 550 551 552 553 554 555 556 557 558 559 560 561 562 563 564 565 566 567 568 569 570 571 572 573 574 575 576 577 578 579 580 581 582 583 584 585 586 587 588
 done.
 running RMSDs...
 done.
 E lowest :   -22.79778
 587 structures remain within    12.00 kcal/mol window

 -------------------------------------
 2. optimization with tight thresholds
 -------------------------------------
 Optimizing all 588 structures from file "crest_rotamers_1.xyz" ...
 1 2 3 4 5 6 7 8 9 10 11 12 13 14 15 16 17 18 19 20 21 22 23 24 25 26 27 28 29 30 31 32 33 34 35 36 37 38 39 40 41 42 43 44 45 46 47 48 49 50 51 52 53 54 55 56 57 58 59 60 61 62 63 64 65 66 67 68 69 70 71 72 73 74 75 76 77 78 79 80 81 82 83 84 85 86 87 88 89 90 91 92 93 94 95 96 97 98 99 100 101 102 103 104 105 106 107 108 109 110 111 112 113 114 115 116 117 118 119 120 121 122 123 124 125 126 127 128 129 130 131 132 133 134 135 136 137 138 139 140 141 142 143 144 145 146 147 148 149 150 151 152 153 154 155 156 157 158 159 160 161 162 163 164 165 166 167 168 169 170 171 172 173 174 175 176 177 178 179 180 181 182 183 184 185 186 187 188 189 190 191 192 193 194 195 196 197 198 199 200 201 202 203 204 205 206 207 208 209 210 211 212 213 214 215 216 217 218 219 220 221 222 223 224 225 226 227 228 229 230 231 232 233 234 235 236 237 238 239 240 241 242 243 244 245 246 247 248 249 250 251 252 253 254 255 256 257 258 259 260 261 262 263 264 265 266 267 268 269 270 271 272 273 274 275 276 277 278 279 280 281 282 283 284 285 286 287 288 289 290 291 292 293 294 295 296 297 298 299 300 301 302 303 304 305 306 307 308 309 310 311 312 313 314 315 316 317 318 319 320 321 322 323 324 325 326 327 328 329 330 331 332 333 334 335 336 337 338 339 340 341 342 343 344 345 346 347 348 349 350 351 352 353 354 355 356 357 358 359 360 361 362 363 364 365 366 367 368 369 370 371 372 373 374 375 376 377 378 379 380 381 382 383 384 385 386 387 388 389 390 391 392 393 394 395 396 397 398 399 400 401 402 403 404 405 406 407 408 409 410 411 412 413 414 415 416 417 418 419 420 421 422 423 424 425 426 427 428 429 430 431 432 433 434 435 436 437 438 439 440 441 442 443 444 445 446 447 448 449 450 451 452 453 454 455 456 457 458 459 460 461 462 463 464 465 466 467 468 469 470 471 472 473 474 475 476 477 478 479 480 481 482 483 484 485 486 487 488 489 490 491 492 493 494 495 496 497 498 499 500 501 502 503 504 505 506 507 508 509 510 511 512 513 514 515 516 517 518 519 520 521 522 523 524 525 526 527 528 529 530 531 532 533 534 535 536 537 538 539 540 541 542 543 544 545 546 547 548 549 550 551 552 553 554 555 556 557 558 559 560 561 562 563 564 565 566 567 568 569 570 571 572 573 574 575 576 577 578 579 580 581 582 583 584 585 586 587 588
 done.
 running RMSDs...
 done.
 E lowest :   -22.79843
 102 structures remain within     6.00 kcal/mol window

========================================
            MTD Iterations done         
========================================
 Collecting ensmbles.
 running RMSDs...
 done.
 E lowest :   -22.79843
 174 structures remain within     6.00 kcal/mol window

 -------------------------------
 Additional orientation sampling
 -------------------------------
 Optimizing all 248 structures from file "oh_ensemble.xyz" ...
 1 2 3 4 5 6 7 8 9 10 11 12 13 14 15 16 17 18 19 20 21 22 23 24 25 26 27 28 29 30 31 32 33 34 35 36 37 38 39 40 41 42 43 44 45 46 47 48 49 50 51 52 53 54 55 56 57 58 59 60 61 62 63 64 65 66 67 68 69 70 71 72 73 74 75 76 77 78 79 80 81 82 83 84 85 86 87 88 89 90 91 92 93 94 95 96 97 98 99 100 101 102 103 104 105 106 107 108 109 110 111 112 113 114 115 116 117 118 119 120 121 122 123 124 125 126 127 128 129 130 131 132 133 134 135 136 137 138 139 140 141 142 143 144 145 146 147 148 149 150 151 152 153 154 155 156 157 158 159 160 161 162 163 164 165 166 167 168 169 170 171 172 173 174 175 176 177 178 179 180 181 182 183 184 185 186 187 188 189 190 191 192 193 194 195 196 197 198 199 200 201 202 203 204 205 206 207 208 209 210 211 212 213 214 215 216 217 218 219 220 221 222 223 224 225 226 227 228 229 230 231 232 233 234 235 236 237 238 239 240 241 242 243 244 245 246 247 248
 done.
 running RMSDs...
 done.
 E lowest :   -22.79843
 269 structures remain within     6.00 kcal/mol window

-----------------------------------------------
Additional regular MDs on lowest 4 conformer(s)
-----------------------------------------------
Starting MD   8 with the settings:
     MD time /ps        :     2.5
     MD Temperature /K  :   500.0
     dt /fs             :     5.0
     dumpstep(trj) /fs  :     100
*MD 8 finished*
Starting MD   7 with the settings:
     MD time /ps        :     2.5
     MD Temperature /K  :   400.0
     dt /fs             :     5.0
     dumpstep(trj) /fs  :     100
*MD 7 finished*
Starting MD   6 with the settings:
     MD time /ps        :     2.5
     MD Temperature /K  :   500.0
     dt /fs             :     5.0
     dumpstep(trj) /fs  :     100
*MD 6 finished*
Starting MD   5 with the settings:
     MD time /ps        :     2.5
     MD Temperature /K  :   400.0
     dt /fs             :     5.0
     dumpstep(trj) /fs  :     100
*MD 5 finished*
Starting MD   4 with the settings:
     MD time /ps        :     2.5
     MD Temperature /K  :   500.0
     dt /fs             :     5.0
     dumpstep(trj) /fs  :     100
*MD 4 finished*
Starting MD   3 with the settings:
     MD time /ps        :     2.5
     MD Temperature /K  :   400.0
     dt /fs             :     5.0
     dumpstep(trj) /fs  :     100
*MD 3 finished*
Starting MD   2 with the settings:
     MD time /ps        :     2.5
     MD Temperature /K  :   500.0
     dt /fs             :     5.0
     dumpstep(trj) /fs  :     100
*MD 2 finished*
Starting MD   1 with the settings:
     MD time /ps        :     2.5
     MD Temperature /K  :   400.0
     dt /fs             :     5.0
     dumpstep(trj) /fs  :     100
*MD 1 finished*
 Appending file crest_rotamers_2.xyz with new structures

 -------------------------------------------
 Ensemble optimization with tight thresholds
 -------------------------------------------
 Optimizing all 461 structures from file "crest_rotamers_2.xyz" ...
 1 2 3 4 5 6 7 8 9 10 11 12 13 14 15 16 17 18 19 20 21 22 23 24 25 26 27 28 29 30 31 32 33 34 35 36 37 38 39 40 41 42 43 44 45 46 47 48 49 50 51 52 53 54 55 56 57 58 59 60 61 62 63 64 65 66 67 68 69 70 71 72 73 74 75 76 77 78 79 80 81 82 83 84 85 86 87 88 89 90 91 92 93 94 95 96 97 98 99 100 101 102 103 104 105 106 107 108 109 110 111 112 113 114 115 116 117 118 119 120 121 122 123 124 125 126 127 128 129 130 131 132 133 134 135 136 137 138 139 140 141 142 143 144 145 146 147 148 149 150 151 152 153 154 155 156 157 158 159 160 161 162 163 164 165 166 167 168 169 170 171 172 173 174 175 176 177 178 179 180 181 182 183 184 185 186 187 188 189 190 191 192 193 194 195 196 197 198 199 200 201 202 203 204 205 206 207 208 209 210 211 212 213 214 215 216 217 218 219 220 221 222 223 224 225 226 227 228 229 230 231 232 233 234 235 236 237 238 239 240 241 242 243 244 245 246 247 248 249 250 251 252 253 254 255 256 257 258 259 260 261 262 263 264 265 266 267 268 269 270 271 272 273 274 275 276 277 278 279 280 281 282 283 284 285 286 287 288 289 290 291 292 293 294 295 296 297 298 299 300 301 302 303 304 305 306 307 308 309 310 311 312 313 314 315 316 317 318 319 320 321 322 323 324 325 326 327 328 329 330 331 332 333 334 335 336 337 338 339 340 341 342 343 344 345 346 347 348 349 350 351 352 353 354 355 356 357 358 359 360 361 362 363 364 365 366 367 368 369 370 371 372 373 374 375 376 377 378 379 380 381 382 383 384 385 386 387 388 389 390 391 392 393 394 395 396 397 398 399 400 401 402 403 404 405 406 407 408 409 410 411 412 413 414 415 416 417 418 419 420 421 422 423 424 425 426 427 428 429 430 431 432 433 434 435 436 437 438 439 440 441 442 443 444 445 446 447 448 449 450 451 452 453 454 455 456 457 458 459 460 461
 done.
 running RMSDs...
 done.
 E lowest :   -22.79843
 323 structures remain within     6.00 kcal/mol window


     ========================================
     |        Structure Crossing (GC)       |
     ========================================
 =============================
  # threads =           1
 =============================
 input  file name : crest_rotamers_4.xyz
number of atoms                :    18
number of points on xyz files  :   323
conformer energy window  /kcal :    6.00
CN per atom difference cut-off :  0.3000
RMSD threshold                 :  0.2500
max. # of generated structures : 250
 reading xyz file ...
 # in E window                323
 generating pairs ...       52325
  31.0 % done
  61.9 % done
  92.9 % done
 generated pairs           :        8823
 number of clash discarded :       43180
 average rmsd w.r.t input  : 2.97890
 sd of ensemble            : 0.68459
 number of new structures      :         283
 removed identical structures  :         217
 writing          250  TMPCONF* dirs ...
 --------------------------
 GC: loose pre-optimization
 --------------------------
 Starting optimization of generated structures
 250 jobs to do.
 1 2 3 4 5 6 7 8 9 10 11 12 13 14 15 16 17 18 19 20 21 22 23 24 25 26 27 28 29 30 31 32 33 34 35 36 37 38 39 40 41 42 43 44 45 46 47 48 49 50 51 52 53 54 55 56 57 58 59 60 61 62 63 64 65 66 67 68 69 70 71 72 73 74 75 76 77 78 79 80 81 82 83 84 85 86 87 88 89 90 91 92 93 94 95 96 97 98 99 100 101 102 103 104 105 106 107 108 109 110 111 112 113 114 115 116 117 118 119 120 121 122 123 124 125 126 127 128 129 130 131 132 133 134 135 136 137 138 139 140 141 142 143 144 145 146 147 148 149 150 151 152 153 154 155 156 157 158 159 160 161 162 163 164 165 166 167 168 169 170 171 172 173 174 175 176 177 178 179 180 181 182 183 184 185 186 187 188 189 190 191 192 193 194 195 196 197 198 199 200 201 202 203 204 205 206 207 208 209 210 211 212 213 214 215 216 217 218 219 220 221 222 223 224 225 226 227 228 229 230 231 232 233 234 235 236 237 238 239 240 241 242 243 244 245 246 247 248 249 250 
 done.
 Now appending opt.xyz file with new structures
 running RMSDs...
 done.
 E lowest :   -22.79838
 195 structures remain within    10.00 kcal/mol window
 --------------------------------------
 GC: optimization with tight thresholds
 --------------------------------------
 Optimizing all 195 structures from file "crest_rotamers_1.xyz" ...
 1 2 3 4 5 6 7 8 9 10 11 12 13 14 15 16 17 18 19 20 21 22 23 24 25 26 27 28 29 30 31 32 33 34 35 36 37 38 39 40 41 42 43 44 45 46 47 48 49 50 51 52 53 54 55 56 57 58 59 60 61 62 63 64 65 66 67 68 69 70 71 72 73 74 75 76 77 78 79 80 81 82 83 84 85 86 87 88 89 90 91 92 93 94 95 96 97 98 99 100 101 102 103 104 105 106 107 108 109 110 111 112 113 114 115 116 117 118 119 120 121 122 123 124 125 126 127 128 129 130 131 132 133 134 135 136 137 138 139 140 141 142 143 144 145 146 147 148 149 150 151 152 153 154 155 156 157 158 159 160 161 162 163 164 165 166 167 168 169 170 171 172 173 174 175 176 177 178 179 180 181 182 183 184 185 186 187 188 189 190 191 192 193 194 195
 done.
 running RMSDs...
 done.
 E lowest :   -22.79843


   ================================================
   |           Final Geometry Optimization        |
   ================================================
 ------------------------------------------------
 Ensemble optimization with very tight thresholds
 ------------------------------------------------
 Optimizing all 373 structures from file "crest_rotamers_5.xyz" ...
 1 2 3 4 5 6 7 8 9 10 11 12 13 14 15 16 17 18 19 20 21 22 23 24 25 26 27 28 29 30 31 32 33 34 35 36 37 38 39 40 41 42 43 44 45 46 47 48 49 50 51 52 53 54 55 56 57 58 59 60 61 62 63 64 65 66 67 68 69 70 71 72 73 74 75 76 77 78 79 80 81 82 83 84 85 86 87 88 89 90 91 92 93 94 95 96 97 98 99 100 101 102 103 104 105 106 107 108 109 110 111 112 113 114 115 116 117 118 119 120 121 122 123 124 125 126 127 128 129 130 131 132 133 134 135 136 137 138 139 140 141 142 143 144 145 146 147 148 149 150 151 152 153 154 155 156 157 158 159 160 161 162 163 164 165 166 167 168 169 170 171 172 173 174 175 176 177 178 179 180 181 182 183 184 185 186 187 188 189 190 191 192 193 194 195 196 197 198 199 200 201 202 203 204 205 206 207 208 209 210 211 212 213 214 215 216 217 218 219 220 221 222 223 224 225 226 227 228 229 230 231 232 233 234 235 236 237 238 239 240 241 242 243 244 245 246 247 248 249 250 251 252 253 254 255 256 257 258 259 260 261 262 263 264 265 266 267 268 269 270 271 272 273 274 275 276 277 278 279 280 281 282 283 284 285 286 287 288 289 290 291 292 293 294 295 296 297 298 299 300 301 302 303 304 305 306 307 308 309 310 311 312 313 314 315 316 317 318 319 320 321 322 323 324 325 326 327 328 329 330 331 332 333 334 335 336 337 338 339 340 341 342 343 344 345 346 347 348 349 350 351 352 353 354 355 356 357 358 359 360 361 362 363 364 365 366 367 368 369 370 371 372 373
 done.
 running RMSDs...
 done.
 E lowest :   -22.79843
 339 structures remain within     6.00 kcal/mol window

 input  file name : crest_rotamers_6.xyz
 output file name : crest_rotamers_7.xyz
 number of atoms                :   18
 number of points on xyz files  :   373
 RMSD threshold                 :   0.1250
 Bconst threshold               :   0.0100
 population threshold           :   0.0500
 conformer energy window  /kcal :   6.0000
 # fragment in coord            :     2
 # bonds in reference structure :    16
 number of reliable points      :   373
 reference state Etot :  -22.798425720000001
 number of doubles removed by rot/RMSD         :          34
 total number unique points considered further :         339
       Erel/kcal        Etot weight/tot  conformer     set   degen     origin
       1   0.000   -22.79843    0.01386    0.12463       1       9     hor
       2   0.000   -22.79843    0.01386                                hor
       3   0.000   -22.79843    0.01386                                gc
       4   0.000   -22.79843    0.01385                                gc
       5   0.001   -22.79842    0.01385                                gc
       6   0.001   -22.79842    0.01385                                md5
       7   0.001   -22.79842    0.01384                                mtd4
       8   0.001   -22.79842    0.01384                                md5
       9   0.002   -22.79842    0.01383                                md4
      10   0.003   -22.79842    0.01379    0.05491       2       4     md4
      11   0.003   -22.79842    0.01379                                md2
      12   0.008   -22.79841    0.01368                                md2
      13   0.009   -22.79841    0.01365                                md2
      14   0.003   -22.79842    0.01379    0.02757       3       2     hor
      15   0.003   -22.79842    0.01378                                gc
      16   0.011   -22.79841    0.01361    0.01361       4       1     md2
      17   0.013   -22.79841    0.01357    0.01357       5       1     md4
      18   0.024   -22.79839    0.01332    0.02660       6       2     mtd14
      19   0.026   -22.79839    0.01328                                md3
      20   0.027   -22.79838    0.01325    0.01325       7       1     md4
      21   0.045   -22.79835    0.01284    0.01284       8       1     gc
      22   0.061   -22.79833    0.01252    0.03735       9       3     md3
      23   0.062   -22.79833    0.01249                                gc
      24   0.069   -22.79832    0.01235                                mtd4
      25   0.084   -22.79829    0.01204    0.01204      10       1     mtd6
      26   0.118   -22.79824    0.01136    0.15785      11      14     hor
      27   0.118   -22.79824    0.01135                                hor
      28   0.118   -22.79824    0.01135                                hor
      29   0.118   -22.79824    0.01135                                hor
      30   0.119   -22.79824    0.01135                                hor
      31   0.119   -22.79824    0.01135                                hor
      32   0.119   -22.79824    0.01135                                mtd9
      33   0.120   -22.79823    0.01133                                mtd4
      34   0.125   -22.79823    0.01124                                mtd2
      35   0.126   -22.79823    0.01121                                hor
      36   0.126   -22.79822    0.01120                                md3
      37   0.127   -22.79822    0.01119                                hor
      38   0.130   -22.79822    0.01113                                hor
      39   0.133   -22.79821    0.01108                                md7
      40   0.120   -22.79823    0.01132    0.08948      12       8     mtd5
      41   0.120   -22.79823    0.01132                                hor
      42   0.120   -22.79823    0.01132                                gc
      43   0.137   -22.79821    0.01100                                gc
      44   0.122   -22.79823    0.01129                                hor
      45   0.138   -22.79821    0.01099                                hor
      46   0.123   -22.79823    0.01127                                hor
      47   0.139   -22.79820    0.01097                                gc
      48   0.144   -22.79820    0.01088    0.02174      13       2     mtd1
      49   0.145   -22.79819    0.01086                                md5
      50   0.151   -22.79818    0.01074    0.01074      14       1     mtd5
      51   0.159   -22.79817    0.01061    0.02119      15       2     mtd8
      52   0.160   -22.79817    0.01059                                md7
      53   0.162   -22.79817    0.01055    0.03292      16       3     md3
      54   0.123   -22.79823    0.01126                                md2
      55   0.131   -22.79822    0.01111                                gc
      56   0.163   -22.79817    0.01053    0.02164      17       2     gc
      57   0.132   -22.79822    0.01110                                gc
      58   0.163   -22.79817    0.01052    0.03212      18       3     gc
      59   0.132   -22.79822    0.01110                                md7
      60   0.165   -22.79816    0.01050                                gc
      61   0.168   -22.79816    0.01045    0.03125      19       3     gc
      62   0.170   -22.79816    0.01041                                md3
      63   0.171   -22.79815    0.01039                                gc
      64   0.173   -22.79815    0.01035    0.04126      20       4     mtd10
      65   0.177   -22.79814    0.01028                                md4
      66   0.175   -22.79815    0.01032                                mtd5
      67   0.176   -22.79815    0.01031                                gc
      68   0.177   -22.79814    0.01028    0.01028      21       1     mtd11
      69   0.176   -22.79815    0.01030    0.02046      22       2     gc
      70   0.185   -22.79813    0.01015                                gc
      71   0.835   -22.79710    0.00339    0.05087      23      15     mtd9
      72   0.835   -22.79710    0.00339                                hor
      73   0.835   -22.79710    0.00339                                hor
      74   0.835   -22.79710    0.00339                                mtd9
      75   0.835   -22.79710    0.00339                                hor
      76   0.835   -22.79710    0.00339                                md4
      77   0.835   -22.79710    0.00339                                hor
      78   0.835   -22.79710    0.00339                                hor
      79   0.835   -22.79709    0.00339                                gc
      80   0.835   -22.79709    0.00339                                hor
      81   0.835   -22.79709    0.00339                                hor
      82   0.835   -22.79709    0.00339                                mtd4
      83   0.835   -22.79709    0.00339                                md4
      84   0.836   -22.79709    0.00339                                mtd4
      85   0.836   -22.79709    0.00339                                md7
      86   0.877   -22.79703    0.00316    0.01894      24       6     hor
      87   0.877   -22.79703    0.00316                                hor
      88   0.877   -22.79703    0.00316                                mtd4
      89   0.877   -22.79703    0.00316                                mtd3
      90   0.877   -22.79703    0.00316                                mtd4
      91   0.880   -22.79702    0.00314                                mtd2
      92   0.881   -22.79702    0.00314    0.01255      25       4     hor
      93   0.882   -22.79702    0.00313                                md3
      94   0.881   -22.79702    0.00314                                md3
      95   0.882   -22.79702    0.00313                                mtd5
      96   0.882   -22.79702    0.00313    0.01254      26       4     mtd8
      97   0.880   -22.79702    0.00315                                hor
      98   0.882   -22.79702    0.00313                                md5
      99   0.883   -22.79702    0.00313                                mtd2
     100   0.889   -22.79701    0.00309    0.00927      27       3     mtd3
     101   0.890   -22.79701    0.00309                                md2
     102   0.890   -22.79701    0.00309                                mtd10
     103   0.893   -22.79700    0.00307    0.00920      28       3     mtd14
     104   0.894   -22.79700    0.00307                                md8
     105   0.897   -22.79700    0.00306                                md2
     106   0.904   -22.79698    0.00302    0.00302      29       1     md4
     107   0.909   -22.79698    0.00299    0.00299      30       1     md5
     108   1.183   -22.79654    0.00189    0.00189      31       1     mtd11
     109   1.229   -22.79647    0.00174    0.00697      32       4     hor
     110   1.229   -22.79647    0.00174                                mtd5
     111   1.230   -22.79647    0.00174                                hor
     112   1.231   -22.79646    0.00174                                mtd9
     113   1.232   -22.79646    0.00174    0.00174      33       1     md5
     114   1.253   -22.79643    0.00168    0.00168      34       1     mtd6
     115   1.417   -22.79617    0.00127    0.00127      35       1     mtd1
     116   1.524   -22.79600    0.00106    0.00106      36       1     mtd3
     117   1.538   -22.79597    0.00104    0.01242      37      12     hor
     118   1.538   -22.79597    0.00104                                md2
     119   1.538   -22.79597    0.00104                                hor
     120   1.538   -22.79597    0.00104                                gc
     121   1.538   -22.79597    0.00104                                mtd1
     122   1.539   -22.79597    0.00104                                hor
     123   1.539   -22.79597    0.00104                                hor
     124   1.539   -22.79597    0.00103                                md2
     125   1.539   -22.79597    0.00103                                md2
     126   1.539   -22.79597    0.00103                                md3
     127   1.539   -22.79597    0.00103                                mtd1
     128   1.539   -22.79597    0.00103                                hor
     129   1.546   -22.79596    0.00102    0.00102      38       1     md8
     130   1.666   -22.79577    0.00084    0.00084      39       1     mtd12
     131   1.689   -22.79573    0.00080    0.00963      40      12     md5
     132   1.689   -22.79573    0.00080                                gc
     133   1.689   -22.79573    0.00080                                hor
     134   1.690   -22.79573    0.00080                                hor
     135   1.690   -22.79573    0.00080                                gc
     136   1.690   -22.79573    0.00080                                gc
     137   1.690   -22.79573    0.00080                                gc
     138   1.690   -22.79573    0.00080                                gc
     139   1.690   -22.79573    0.00080                                gc
     140   1.690   -22.79573    0.00080                                gc
     141   1.691   -22.79573    0.00080                                hor
     142   1.690   -22.79573    0.00080                                hor
     143   1.691   -22.79573    0.00080    0.00240      41       3     gc
     144   1.691   -22.79573    0.00080                                gc
     145   1.695   -22.79572    0.00079                                mtd1
     146   1.695   -22.79572    0.00079    0.00079      42       1     gc
     147   1.724   -22.79568    0.00076    0.00225      43       3     hor
     148   1.730   -22.79567    0.00075                                mtd1
     149   1.734   -22.79566    0.00075                                gc
     150   1.791   -22.79557    0.00068    0.00068      44       1     gc
     151   1.933   -22.79535    0.00053    0.00372      45       7     hor
     152   1.934   -22.79534    0.00053                                mtd2
     153   1.934   -22.79534    0.00053                                hor
     154   1.934   -22.79534    0.00053                                gc
     155   1.934   -22.79534    0.00053                                md2
     156   1.934   -22.79534    0.00053                                gc
     157   1.934   -22.79534    0.00053                                gc
     158   2.407   -22.79459    0.00024    0.00024      46       1     gc
     159   2.427   -22.79456    0.00023    0.00023      47       1     gc
     160   2.429   -22.79455    0.00023    0.00023      48       1     gc
     161   2.706   -22.79411    0.00014    0.00043      49       3     mtd12
     162   2.707   -22.79411    0.00014                                hor
     163   2.707   -22.79411    0.00014                                hor
     164   2.712   -22.79410    0.00014    0.00014      50       1     mtd1
     165   2.726   -22.79408    0.00014    0.00056      51       4     hor
     166   2.726   -22.79408    0.00014                                hor
     167   2.726   -22.79408    0.00014                                hor
     168   2.726   -22.79408    0.00014                                hor
     169   2.774   -22.79401    0.00013    0.00013      52       1     hor
     170   2.846   -22.79389    0.00011    0.00023      53       2     gc
     171   2.846   -22.79389    0.00011                                gc
     172   3.016   -22.79362    0.00009    0.00051      54       6     hor
     173   3.016   -22.79362    0.00009                                md2
     174   3.016   -22.79362    0.00009                                hor
     175   3.016   -22.79362    0.00009                                md2
     176   3.017   -22.79362    0.00009                                hor
     177   3.017   -22.79362    0.00009                                gc
     178   3.018   -22.79362    0.00009    0.00009      55       1     hor
     179   3.058   -22.79355    0.00008    0.00008      56       1     mtd11
     180   3.130   -22.79344    0.00007    0.00014      57       2     mtd6
     181   3.130   -22.79344    0.00007                                mtd2
     182   3.132   -22.79344    0.00007    0.00007      58       1     mtd12
     183   3.182   -22.79336    0.00006    0.00013      59       2     mtd6
     184   3.182   -22.79336    0.00006                                mtd8
     185   3.543   -22.79278    0.00004    0.00021      60       6     hor
     186   3.543   -22.79278    0.00004                                hor
     187   3.543   -22.79278    0.00004                                hor
     188   3.544   -22.79278    0.00004                                gc
     189   3.544   -22.79278    0.00004                                gc
     190   3.546   -22.79277    0.00004                                gc
     191   3.634   -22.79263    0.00003    0.00003      61       1     gc
     192   3.730   -22.79248    0.00003    0.00015      62       6     hor
     193   3.730   -22.79248    0.00003                                hor
     194   3.730   -22.79248    0.00003                                hor
     195   3.730   -22.79248    0.00003                                md2
     196   3.730   -22.79248    0.00003                                hor
     197   3.731   -22.79248    0.00003                                mtd14
     198   3.778   -22.79241    0.00002    0.00014      63       6     hor
     199   3.778   -22.79241    0.00002                                hor
     200   3.778   -22.79241    0.00002                                hor
     201   3.778   -22.79241    0.00002                                hor
     202   3.778   -22.79241    0.00002                                hor
     203   3.778   -22.79241    0.00002                                hor
     204   3.780   -22.79240    0.00002    0.00002      64       1     md4
     205   3.794   -22.79238    0.00002    0.00007      65       3     hor
     206   3.795   -22.79238    0.00002                                hor
     207   3.796   -22.79238    0.00002                                mtd2
     208   3.799   -22.79237    0.00002    0.00002      66       1     mtd2
     209   3.806   -22.79236    0.00002    0.00002      67       1     mtd14
     210   3.816   -22.79234    0.00002    0.00018      68       8     hor
     211   3.816   -22.79234    0.00002                                hor
     212   3.816   -22.79234    0.00002                                mtd2
     213   3.817   -22.79234    0.00002                                md4
     214   3.817   -22.79234    0.00002                                md2
     215   3.817   -22.79234    0.00002                                hor
     216   3.817   -22.79234    0.00002                                hor
     217   3.818   -22.79234    0.00002                                hor
     218   3.819   -22.79234    0.00002    0.00002      69       1     hor
     219   3.852   -22.79229    0.00002    0.00002      70       1     mtd2
     220   3.853   -22.79229    0.00002    0.00002      71       1     hor
     221   3.890   -22.79223    0.00002    0.00002      72       1     mtd12
     222   3.908   -22.79220    0.00002    0.00002      73       1     mtd5
     223   3.915   -22.79219    0.00002    0.00002      74       1     gc
     224   3.969   -22.79210    0.00002    0.00005      75       3     hor
     225   3.970   -22.79210    0.00002                                hor
     226   3.971   -22.79210    0.00002                                hor
     227   4.032   -22.79200    0.00002    0.00002      76       1     gc
     228   4.032   -22.79200    0.00002    0.00003      77       2     hor
     229   4.032   -22.79200    0.00002                                hor
     230   4.034   -22.79200    0.00002    0.00003      78       2     hor
     231   4.035   -22.79200    0.00002                                md3
     232   4.035   -22.79200    0.00002    0.00002      79       1     hor
     233   4.065   -22.79195    0.00001    0.00003      80       2     hor
     234   4.065   -22.79195    0.00001                                hor
     235   4.072   -22.79194    0.00001    0.00011      81       8     hor
     236   4.072   -22.79194    0.00001                                hor
     237   4.072   -22.79194    0.00001                                hor
     238   4.072   -22.79194    0.00001                                hor
     239   4.075   -22.79193    0.00001                                hor
     240   4.082   -22.79192    0.00001                                mtd14
     241   4.083   -22.79192    0.00001                                mtd2
     242   4.083   -22.79192    0.00001                                mtd2
     243   4.084   -22.79192    0.00001    0.00003      82       2     md4
     244   4.077   -22.79193    0.00001                                hor
     245   4.078   -22.79193    0.00001    0.00001      83       1     mtd1
     246   4.082   -22.79192    0.00001    0.00001      84       1     md4
     247   4.085   -22.79192    0.00001    0.00003      85       2     md4
     248   4.089   -22.79191    0.00001                                gc
     249   4.094   -22.79190    0.00001    0.00001      86       1     hor
     250   4.109   -22.79188    0.00001    0.00001      87       1     mtd9
     251   4.119   -22.79186    0.00001    0.00001      88       1     md2
     252   4.119   -22.79186    0.00001    0.00001      89       1     md2
     253   4.140   -22.79183    0.00001    0.00003      90       2     md3
     254   4.141   -22.79183    0.00001                                hor
     255   4.144   -22.79182    0.00001    0.00001      91       1     md4
     256   4.160   -22.79180    0.00001    0.00001      92       1     mtd11
     257   4.261   -22.79164    0.00001    0.00001      93       1     md2
     258   4.292   -22.79159    0.00001    0.00001      94       1     mtd11
     259   4.295   -22.79158    0.00001    0.00001      95       1     md4
     260   4.317   -22.79155    0.00001    0.00001      96       1     mtd2
     261   4.323   -22.79154    0.00001    0.00001      97       1     mtd2
     262   4.328   -22.79153    0.00001    0.00001      98       1     mtd5
     263   4.337   -22.79151    0.00001    0.00001      99       1     hor
     264   4.341   -22.79151    0.00001    0.00001     100       1     mtd12
     265   4.350   -22.79149    0.00001    0.00001     101       1     mtd7
     266   4.355   -22.79149    0.00001    0.00001     102       1     mtd14
     267   4.366   -22.79147    0.00001    0.00001     103       1     mtd2
     268   4.369   -22.79146    0.00001    0.00001     104       1     mtd2
     269   4.444   -22.79134    0.00001    0.00001     105       1     mtd6
     270   4.483   -22.79128    0.00001    0.00001     106       1     hor
     271   4.615   -22.79107    0.00001    0.00006     107      10     hor
     272   4.615   -22.79107    0.00001                                hor
     273   4.615   -22.79107    0.00001                                hor
     274   4.615   -22.79107    0.00001                                hor
     275   4.615   -22.79107    0.00001                                hor
     276   4.615   -22.79107    0.00001                                hor
     277   4.615   -22.79107    0.00001                                hor
     278   4.616   -22.79107    0.00001                                hor
     279   4.620   -22.79106    0.00001                                gc
     280   4.621   -22.79106    0.00001                                gc
     281   4.626   -22.79105    0.00001    0.00001     108       1     mtd2
     282   4.627   -22.79105    0.00001    0.00002     109       4     hor
     283   4.627   -22.79105    0.00001                                hor
     284   4.628   -22.79105    0.00001                                hor
     285   4.628   -22.79105    0.00001                                hor
     286   4.636   -22.79104    0.00001    0.00001     110       2     gc
     287   4.638   -22.79103    0.00001                                gc
     288   4.653   -22.79101    0.00001    0.00001     111       1     gc
     289   4.669   -22.79099    0.00001    0.00001     112       1     mtd10
     290   4.671   -22.79098    0.00001    0.00001     113       1     mtd9
     291   4.935   -22.79056    0.00000    0.00000     114       1     gc
     292   4.974   -22.79050    0.00000    0.00000     115       1     mtd1
     293   5.005   -22.79045    0.00000    0.00000     116       1     gc
     294   5.013   -22.79044    0.00000    0.00000     117       1     mtd11
     295   5.027   -22.79041    0.00000    0.00000     118       1     hor
     296   5.043   -22.79039    0.00000    0.00001     119       4     hor
     297   5.044   -22.79039    0.00000                                hor
     298   5.044   -22.79039    0.00000                                hor
     299   5.044   -22.79039    0.00000                                hor
     300   5.078   -22.79033    0.00000    0.00000     120       1     mtd1
     301   5.131   -22.79025    0.00000    0.00000     121       1     hor
     302   5.155   -22.79021    0.00000    0.00000     122       1     hor
     303   5.156   -22.79021    0.00000    0.00000     123       1     mtd7
     304   5.157   -22.79021    0.00000    0.00000     124       1     md3
     305   5.226   -22.79010    0.00000    0.00000     125       1     md3
     306   5.329   -22.78993    0.00000    0.00001     126       5     hor
     307   5.347   -22.78991    0.00000                                hor
     308   5.345   -22.78991    0.00000                                md3
     309   5.346   -22.78991    0.00000                                hor
     310   5.346   -22.78991    0.00000                                hor
     311   5.346   -22.78991    0.00000    0.00000     127       1     mtd1
     312   5.352   -22.78990    0.00000    0.00000     128       3     hor
     313   5.352   -22.78990    0.00000                                hor
     314   5.355   -22.78989    0.00000                                hor
     315   5.385   -22.78984    0.00000    0.00000     129       1     hor
     316   5.407   -22.78981    0.00000    0.00000     130       1     hor
     317   5.422   -22.78979    0.00000    0.00000     131       1     hor
     318   5.486   -22.78968    0.00000    0.00000     132       1     hor
     319   5.516   -22.78964    0.00000    0.00000     133       1     mtd7
     320   5.580   -22.78953    0.00000    0.00000     134       1     gc
     321   5.701   -22.78934    0.00000    0.00000     135       1     mtd2
     322   5.702   -22.78934    0.00000    0.00000     136       1     hor
     323   5.720   -22.78931    0.00000    0.00000     137       1     gc
     324   5.841   -22.78912    0.00000    0.00000     138       1     mtd9
     325   5.849   -22.78910    0.00000    0.00000     139       1     mtd7
     326   5.874   -22.78906    0.00000    0.00000     140       1     mtd11
     327   5.882   -22.78905    0.00000    0.00000     141       1     mtd14
     328   5.925   -22.78898    0.00000    0.00000     142       1     mtd2
     329   5.957   -22.78893    0.00000    0.00000     143       1     mtd11
     330   5.966   -22.78892    0.00000    0.00000     144       1     mtd12
     331   5.967   -22.78892    0.00000    0.00000     145       1     mtd5
     332   5.971   -22.78891    0.00000    0.00000     146       1     mtd5
     333   5.973   -22.78891    0.00000    0.00000     147       1     mtd9
     334   5.979   -22.78890    0.00000    0.00000     148       1     mtd5
     335   5.980   -22.78890    0.00000    0.00000     149       1     mtd3
     336   5.980   -22.78890    0.00000    0.00000     150       1     mtd1
     337   5.985   -22.78889    0.00000    0.00000     151       1     mtd4
     338   5.997   -22.78887    0.00000    0.00000     152       1     mtd2
     339   6.000   -22.78886    0.00000    0.00000     153       1     mtd4
T /K                                  :   298.15
E lowest                              :   -22.79843
ensemble average energy (kcal)        :    0.269
ensemble entropy (J/mol K, cal/mol K) :   39.345    9.404
ensemble free energy (kcal/mol)       :   -2.804
population of lowest in %             :   12.463
 number of unique conformers for further calc          153
 list of relative energies saved as "crest.energies"

 -----------------
 Wall Time Summary
 -----------------
             test MD wall time :         0h : 0m : 1s
                 MTD wall time :         0h : 3m :35s
      multilevel OPT wall time :         0h :12m :10s
                  MD wall time :         0h : 3m :41s
                  GC wall time :         0h : 3m :42s
--------------------
Overall wall time  : 0h :25m : 8s

 CREST terminated normally.
