****************************************************************
  Sure Independence Screening and Sparsifying Operator (SISSO)  
             Version SISSO.3.3, July, 2023.                
****************************************************************

Read in data from train.dat
Read in data from SISSO.in
Property type:     1
Number of tasks:        1
Descriptor dimension:        2
Number of samples for the task(s):     36
Restarts :  0
Number of scalar features:       20
Tier of the feature space:        3
Maximal feature complexity (number of operators in a feature):        6
Unit of input primary feature, each represented by a row vector: 
    1.00
    1.00
    1.00
    1.00
    1.00
    1.00
    1.00
    1.00
    1.00
    1.00
    1.00
    1.00
    1.00
    1.00
    1.00
    1.00
    1.00
    1.00
    1.00
    1.00
The feature will be discarded if the minimum of the maximal abs. value in it <    0.10000E-02
The faature will be discarded if the maximum of the maximal abs. value in it >     0.10000E+06
Size of the SIS-selected (single) subspace :  10000 10000
Operators for feature construction: (+)(-)(*) (+)(-)(*) (+)(-)(*) 
Method for sparse regression:  L0        
Fitting intercept:      T
Metric for model selection: RMSE
Number of the top-ranked models to output:      100
--------------------------------------------------------------------------------

Dimension:   1
-------------------
Feature Construction (FC) starts ...
Population Standard Deviation (SD) of the task 001:  100.55658
Total number of features in the space phi00:             20
Total number of features in the space phi01:            700
Total number of features in the space phi02:         232057
Total number of features in the space phi03:     6465917199
Size of the SIS-selected subspace from phi03:      10000
Time (second) used for this FC:         1263.19

Descriptor Identification (DI) starts ...
Total number of SIS-selected features from all dimensions:      10000
 
  1D descriptor: 
     d001 = (((feature14-feature19)*(feature16+feature17))-(feature18*(feature18-feature11)))    feature_ID:000001

  1D model(y=sum(ci*di)+c0): 
     coeff.(ci)_task001:     0.1656732661E+03
             c0_task001:     0.3381793971E+03
     RMSE,MaxAE_task001:     0.3640420381E+02    0.8889880456E+02

     RMSE and MaxAE of the model:  36.404204 88.898805
--------------------------------------------------------------------------------
Time (second) used for this DI:            5.23

Dimension:   2
-------------------
Feature Construction (FC) starts ...
Total number of features in the space phi00:             20
Total number of features in the space phi01:            700
Total number of features in the space phi02:         232057
Total number of features in the space phi03:     6465917199
Size of the SIS-selected subspace from phi03:      10000
Time (second) used for this FC:         1264.38

Descriptor Identification (DI) starts ...
Total number of SIS-selected features from all dimensions:      20000
 
Final model/descriptor !
================================================================================
  2D descriptor: 
     d001 = (((feature14-feature17)-feature20)*((feature14+feature20)-(feature17+feature19)))    feature_ID:001432
     d002 = ((feature13*(feature11-feature13))*((feature13*feature18)-(feature14*feature16)))    feature_ID:016758

  2D model(y=sum(ci*di)+c0): 
     coeff.(ci)_task001:    -0.1740440669E+03    0.1065327750E+04
             c0_task001:     0.3577564284E+03
     RMSE,MaxAE_task001:     0.2789828635E+02    0.9058223231E+02

     RMSE and MaxAE of the model:  27.898286 90.582232
================================================================================
Time (second) used for this DI:           27.54
Total time (second):         2561.35
Have a nice day !    

