****************************************************************
  Sure Independence Screening and Sparsifying Operator (SISSO)  
             Version SISSO.3.3, July, 2023.                
****************************************************************

Read in data from train.dat
Read in data from SISSO.in
Property type:     1
Number of tasks:        1
Descriptor dimension:        2
Number of samples for the task(s):     36
Restarts :  0
Number of scalar features:       22
Tier of the feature space:        3
Maximal feature complexity (number of operators in a feature):        6
Unit of input primary feature, each represented by a row vector: 
    1.00
    1.00
    1.00
    1.00
    1.00
    1.00
    1.00
    1.00
    1.00
    1.00
    1.00
    1.00
    1.00
    1.00
    1.00
    1.00
    1.00
    1.00
    1.00
    1.00
    1.00
    1.00
The feature will be discarded if the minimum of the maximal abs. value in it <    0.10000E-02
The faature will be discarded if the maximum of the maximal abs. value in it >     0.10000E+06
Size of the SIS-selected (single) subspace :  10000 10000
Operators for feature construction: (+)(-)(*) (+)(-)(*) (+)(-)(*) 
Method for sparse regression:  L0        
Fitting intercept:      T
Metric for model selection: RMSE
Number of the top-ranked models to output:      100
--------------------------------------------------------------------------------

Dimension:   1
-------------------
Feature Construction (FC) starts ...
Population Standard Deviation (SD) of the task 001:  101.55016
Total number of features in the space phi00:             22
Total number of features in the space phi01:            852
Total number of features in the space phi02:         347451
Total number of features in the space phi03:    12995705587
Size of the SIS-selected subspace from phi03:      10000
Time (second) used for this FC:         2322.37

Descriptor Identification (DI) starts ...
Total number of SIS-selected features from all dimensions:      10000
 
  1D descriptor: 
     d001 = (((feature19-feature2)*(feature16-feature21))-(feature16*(feature5-feature16)))    feature_ID:000001

  1D model(y=sum(ci*di)+c0): 
     coeff.(ci)_task001:     0.3101638867E+03
             c0_task001:     0.3141101675E+03
     RMSE,MaxAE_task001:     0.3633629318E+02    0.1023168347E+03

     RMSE and MaxAE of the model:  36.336293102.316835
--------------------------------------------------------------------------------
Time (second) used for this DI:            0.09

Dimension:   2
-------------------
Feature Construction (FC) starts ...
Total number of features in the space phi00:             22
Total number of features in the space phi01:            852
Total number of features in the space phi02:         347451
Total number of features in the space phi03:    12995705587
Size of the SIS-selected subspace from phi03:      10000
Time (second) used for this FC:         2322.92

Descriptor Identification (DI) starts ...
Total number of SIS-selected features from all dimensions:      20000
 
Final model/descriptor !
================================================================================
  2D descriptor: 
     d001 = (((feature12*feature15)+(feature18*feature22))-(feature21*(feature19-feature16)))    feature_ID:001473
     d002 = (((feature16+feature17)-feature20)*((feature19-feature21)*(feature20-feature22)))    feature_ID:010024

  2D model(y=sum(ci*di)+c0): 
     coeff.(ci)_task001:     0.1631859543E+03   -0.2371164933E+04
             c0_task001:     0.1891850770E+03
     RMSE,MaxAE_task001:     0.2621842943E+02    0.9401082101E+02

     RMSE and MaxAE of the model:  26.218429 94.010821
================================================================================
Time (second) used for this DI:           25.41
Total time (second):         4684.22
Have a nice day !    

