****************************************************************
  Sure Independence Screening and Sparsifying Operator (SISSO)  
             Version SISSO.3.3, July, 2023.                
****************************************************************

Read in data from train.dat
Read in data from SISSO.in
Property type:     1
Number of tasks:        1
Descriptor dimension:        2
Number of samples for the task(s):     36
Restarts :  0
Number of scalar features:       19
Tier of the feature space:        3
Maximal feature complexity (number of operators in a feature):        6
Unit of input primary feature, each represented by a row vector: 
    1.00
    1.00
    1.00
    1.00
    1.00
    1.00
    1.00
    1.00
    1.00
    1.00
    1.00
    1.00
    1.00
    1.00
    1.00
    1.00
    1.00
    1.00
    1.00
The feature will be discarded if the minimum of the maximal abs. value in it <    0.10000E-02
The faature will be discarded if the maximum of the maximal abs. value in it >     0.10000E+06
Size of the SIS-selected (single) subspace :  10000 10000
Operators for feature construction: (+)(-)(*) (+)(-)(*) (+)(-)(*) 
Method for sparse regression:  L0        
Fitting intercept:      T
Metric for model selection: RMSE
Number of the top-ranked models to output:      100
--------------------------------------------------------------------------------

Dimension:   1
-------------------
Feature Construction (FC) starts ...
Population Standard Deviation (SD) of the task 001:   11.01962
Total number of features in the space phi00:             19
Total number of features in the space phi01:            639
Total number of features in the space phi02:         206210
Total number of features in the space phi03:     5153113166
Size of the SIS-selected subspace from phi03:      10000
Time (second) used for this FC:          943.82

Descriptor Identification (DI) starts ...
Total number of SIS-selected features from all dimensions:      10000
 
  1D descriptor: 
     d001 = (((feature18-feature17)-feature9)*((feature10+feature13)+(feature19-feature17)))    feature_ID:000001

  1D model(y=sum(ci*di)+c0): 
     coeff.(ci)_task001:    -0.2568893357E+02
             c0_task001:     0.4431609060E+01
     RMSE,MaxAE_task001:     0.4927035627E+01    0.1720123564E+02

     RMSE and MaxAE of the model:   4.927036 17.201236
--------------------------------------------------------------------------------
Time (second) used for this DI:            0.09

Dimension:   2
-------------------
Feature Construction (FC) starts ...
Total number of features in the space phi00:             19
Total number of features in the space phi01:            639
Total number of features in the space phi02:         206210
Total number of features in the space phi03:     5153113166
Size of the SIS-selected subspace from phi03:      10000
Time (second) used for this FC:          944.46

Descriptor Identification (DI) starts ...
Total number of SIS-selected features from all dimensions:      20000
 
Final model/descriptor !
================================================================================
  2D descriptor: 
     d001 = (((feature12+feature16)+(feature16+feature17))-((feature14-feature18)-feature6))    feature_ID:009617
     d002 = (((feature15-feature10)-feature10)*((feature13*feature17)-(feature9*feature12)))    feature_ID:012319

  2D model(y=sum(ci*di)+c0): 
     coeff.(ci)_task001:    -0.8672112203E+01   -0.8345143801E+02
             c0_task001:     0.3238779961E+02
     RMSE,MaxAE_task001:     0.2800034747E+01    0.7264419926E+01

     RMSE and MaxAE of the model:   2.800035  7.264420
================================================================================
Time (second) used for this DI:           25.48
Total time (second):         1914.53
Have a nice day !    

