****************************************************************
  Sure Independence Screening and Sparsifying Operator (SISSO)  
             Version SISSO.3.3, July, 2023.                
****************************************************************

Read in data from train.dat
Read in data from SISSO.in
Property type:     1
Number of tasks:        1
Descriptor dimension:        2
Number of samples for the task(s):     36
Restarts :  0
Number of scalar features:       19
Tier of the feature space:        3
Maximal feature complexity (number of operators in a feature):        6
Unit of input primary feature, each represented by a row vector: 
    1.00
    1.00
    1.00
    1.00
    1.00
    1.00
    1.00
    1.00
    1.00
    1.00
    1.00
    1.00
    1.00
    1.00
    1.00
    1.00
    1.00
    1.00
    1.00
The feature will be discarded if the minimum of the maximal abs. value in it <    0.10000E-02
The faature will be discarded if the maximum of the maximal abs. value in it >     0.10000E+06
Size of the SIS-selected (single) subspace :  10000 10000
Operators for feature construction: (+)(-)(*) (+)(-)(*) (+)(-)(*) 
Method for sparse regression:  L0        
Fitting intercept:      T
Metric for model selection: RMSE
Number of the top-ranked models to output:      100
--------------------------------------------------------------------------------

Dimension:   1
-------------------
Feature Construction (FC) starts ...
Population Standard Deviation (SD) of the task 001:  104.63274
Total number of features in the space phi00:             19
Total number of features in the space phi01:            636
Total number of features in the space phi02:         198801
Total number of features in the space phi03:     4873955199
Size of the SIS-selected subspace from phi03:      10000
Time (second) used for this FC:          897.21

Descriptor Identification (DI) starts ...
Total number of SIS-selected features from all dimensions:      10000
 
  1D descriptor: 
     d001 = ((feature11+(feature12+feature19))*((feature10+feature13)+(feature10-feature18)))    feature_ID:000001

  1D model(y=sum(ci*di)+c0): 
     coeff.(ci)_task001:     0.8787978478E+02
             c0_task001:     0.2004841607E+03
     RMSE,MaxAE_task001:     0.3396639170E+02    0.7088570329E+02

     RMSE and MaxAE of the model:  33.966392 70.885703
--------------------------------------------------------------------------------
Time (second) used for this DI:            0.09

Dimension:   2
-------------------
Feature Construction (FC) starts ...
Total number of features in the space phi00:             19
Total number of features in the space phi01:            636
Total number of features in the space phi02:         198801
Total number of features in the space phi03:     4873955199
Size of the SIS-selected subspace from phi03:      10000
Time (second) used for this FC:          895.79

Descriptor Identification (DI) starts ...
Total number of SIS-selected features from all dimensions:      20000
 
Final model/descriptor !
================================================================================
  2D descriptor: 
     d001 = (((feature10+feature11)+(feature10-feature18))-((feature6-feature10)-feature19))    feature_ID:003821
     d002 = (((feature17-feature11)-feature11)*((feature12-feature15)-(feature7-feature5)))    feature_ID:016344

  2D model(y=sum(ci*di)+c0): 
     coeff.(ci)_task001:     0.1094427444E+03   -0.1561933876E+03
             c0_task001:     0.1118489412E+03
     RMSE,MaxAE_task001:     0.2121297239E+02    0.4654685917E+02

     RMSE and MaxAE of the model:  21.212972 46.546859
================================================================================
Time (second) used for this DI:           28.86
Total time (second):         1822.86
Have a nice day !    

