****************************************************************
  Sure Independence Screening and Sparsifying Operator (SISSO)  
             Version SISSO.3.3, July, 2023.                
****************************************************************

Read in data from train.dat
Read in data from SISSO.in
Property type:     1
Number of tasks:        1
Descriptor dimension:        2
Number of samples for the task(s):     36
Restarts :  0
Number of scalar features:       21
Tier of the feature space:        3
Maximal feature complexity (number of operators in a feature):        6
Unit of input primary feature, each represented by a row vector: 
    1.00
    1.00
    1.00
    1.00
    1.00
    1.00
    1.00
    1.00
    1.00
    1.00
    1.00
    1.00
    1.00
    1.00
    1.00
    1.00
    1.00
    1.00
    1.00
    1.00
    1.00
The feature will be discarded if the minimum of the maximal abs. value in it <    0.10000E-02
The faature will be discarded if the maximum of the maximal abs. value in it >     0.10000E+06
Size of the SIS-selected (single) subspace :  10000 10000
Operators for feature construction: (+)(-)(*) (+)(-)(*) (+)(-)(*) 
Method for sparse regression:  L0        
Fitting intercept:      T
Metric for model selection: RMSE
Number of the top-ranked models to output:      100
--------------------------------------------------------------------------------

Dimension:   1
-------------------
Feature Construction (FC) starts ...
Population Standard Deviation (SD) of the task 001:   22.14900
Total number of features in the space phi00:             21
Total number of features in the space phi01:            761
Total number of features in the space phi02:         267343
Total number of features in the space phi03:     8360394875
Size of the SIS-selected subspace from phi03:      10000
Time (second) used for this FC:         1521.61

Descriptor Identification (DI) starts ...
Total number of SIS-selected features from all dimensions:      10000
 
  1D descriptor: 
     d001 = (((feature12-feature7)*(feature15-feature14))-(feature19*(feature1+feature18)))    feature_ID:000001

  1D model(y=sum(ci*di)+c0): 
     coeff.(ci)_task001:     0.4222665055E+02
             c0_task001:     0.4759025714E+02
     RMSE,MaxAE_task001:     0.1181630053E+02    0.3365009392E+02

     RMSE and MaxAE of the model:  11.816301 33.650094
--------------------------------------------------------------------------------
Time (second) used for this DI:            0.09

Dimension:   2
-------------------
Feature Construction (FC) starts ...
Total number of features in the space phi00:             21
Total number of features in the space phi01:            761
Total number of features in the space phi02:         267343
Total number of features in the space phi03:     8360394875
Size of the SIS-selected subspace from phi03:      10000
Time (second) used for this FC:         1519.99

Descriptor Identification (DI) starts ...
Total number of SIS-selected features from all dimensions:      20000
 
Final model/descriptor !
================================================================================
  2D descriptor: 
     d001 = (((feature14-feature15)-feature19)*((feature12+feature15)-(feature16+feature19)))    feature_ID:004685
     d002 = ((feature14*(feature18-feature19))*((feature15-feature20)-(feature21-feature9)))    feature_ID:010024

  2D model(y=sum(ci*di)+c0): 
     coeff.(ci)_task001:    -0.2937457407E+02    0.2063381539E+03
             c0_task001:     0.4060506402E+02
     RMSE,MaxAE_task001:     0.8287356828E+01    0.1880484079E+02

     RMSE and MaxAE of the model:   8.287357 18.804841
================================================================================
Time (second) used for this DI:           25.38
Total time (second):         3067.66
Have a nice day !    

