****************************************************************
  Sure Independence Screening and Sparsifying Operator (SISSO)  
             Version SISSO.3.3, July, 2023.                
****************************************************************

Read in data from train.dat
Read in data from SISSO.in
Property type:     1
Number of tasks:        1
Descriptor dimension:        2
Number of samples for the task(s):     36
Restarts :  0
Number of scalar features:       22
Tier of the feature space:        3
Maximal feature complexity (number of operators in a feature):        6
Unit of input primary feature, each represented by a row vector: 
    1.00
    1.00
    1.00
    1.00
    1.00
    1.00
    1.00
    1.00
    1.00
    1.00
    1.00
    1.00
    1.00
    1.00
    1.00
    1.00
    1.00
    1.00
    1.00
    1.00
    1.00
    1.00
The feature will be discarded if the minimum of the maximal abs. value in it <    0.10000E-02
The faature will be discarded if the maximum of the maximal abs. value in it >     0.10000E+06
Size of the SIS-selected (single) subspace :  10000 10000
Operators for feature construction: (+)(-)(*) (+)(-)(*) (+)(-)(*) 
Method for sparse regression:  L0        
Fitting intercept:      T
Metric for model selection: RMSE
Number of the top-ranked models to output:      100
--------------------------------------------------------------------------------

Dimension:   1
-------------------
Feature Construction (FC) starts ...
Population Standard Deviation (SD) of the task 001:   97.24722
Total number of features in the space phi00:             22
Total number of features in the space phi01:            846
Total number of features in the space phi02:         341253
Total number of features in the space phi03:    12648773883
Size of the SIS-selected subspace from phi03:      10000
Time (second) used for this FC:         2107.83

Descriptor Identification (DI) starts ...
Total number of SIS-selected features from all dimensions:      10000
 
  1D descriptor: 
     d001 = (((feature12+feature16)-feature19)*((feature15+feature19)-(feature6+feature7)))    feature_ID:000001

  1D model(y=sum(ci*di)+c0): 
     coeff.(ci)_task001:     0.1445001989E+03
             c0_task001:     0.2044564754E+03
     RMSE,MaxAE_task001:     0.3629782609E+02    0.1029114536E+03

     RMSE and MaxAE of the model:  36.297826102.911454
--------------------------------------------------------------------------------
Time (second) used for this DI:           13.31

Dimension:   2
-------------------
Feature Construction (FC) starts ...
Total number of features in the space phi00:             22
Total number of features in the space phi01:            846
Total number of features in the space phi02:         341253
Total number of features in the space phi03:    12648773883
Size of the SIS-selected subspace from phi03:      10000
Time (second) used for this FC:         2121.09

Descriptor Identification (DI) starts ...
Total number of SIS-selected features from all dimensions:      20000
 
Final model/descriptor !
================================================================================
  2D descriptor: 
     d001 = (((feature13-feature21)*(feature21-feature13))-(feature20*(feature17-feature18)))    feature_ID:000008
     d002 = (((feature15-feature16)-feature20)*((feature4+feature18)*(feature19-feature21)))    feature_ID:014167

  2D model(y=sum(ci*di)+c0): 
     coeff.(ci)_task001:     0.3148594283E+03    0.7990087981E+03
             c0_task001:     0.3289910712E+03
     RMSE,MaxAE_task001:     0.2487404024E+02    0.7058936079E+02

     RMSE and MaxAE of the model:  24.874040 70.589361
================================================================================
Time (second) used for this DI:           25.47
Total time (second):         4269.44
Have a nice day !    

