
       ==============================================
       |                                            |
       |                 C R E S T                  |
       |                                            |
       |  Conformer-Rotamer Ensemble Sampling Tool  |
       |          based on the GFN methods          |
       |             P.Pracht, S.Grimme             |
       |          Universitaet Bonn, MCTC           |
       ==============================================
       Version 2.12,   Thu 19. Mai 16:32:32 CEST 2022
  Using the xTB program. Compatible with xTB version 6.4.0

   Cite work conducted with this code as

   • P.Pracht, F.Bohle, S.Grimme, PCCP, 2020, 22, 7169-7192.
   • S.Grimme, JCTC, 2019, 15, 2847-2862.

   and for works involving QCG as

   • S.Spicher, C.Plett, P.Pracht, A.Hansen, S.Grimme,
     JCTC, 2022, 18 (5), 3174-3189.

   with help from:
   C.Bannwarth, F.Bohle, S.Ehlert, S.Grimme,
   C.Plett, P.Pracht, S.Spicher

   This program is distributed in the hope that it will be useful,
   but WITHOUT ANY WARRANTY; without even the implied warranty of
   MERCHANTABILITY or FITNESS FOR A PARTICULAR PURPOSE.

 Command line input:
 > crest out.xyz --gfn 2 --chrg 0 -T 1 --noreftopo

  -gfn2 : Use of GFN2-xTB requested.
  --chrg 0
  -T 1 (CPUs/Threads selected)

 -------------------------
 xTB Geometry Optimization
 -------------------------
 Geometry successfully optimized.

------------------------------------------------
Generating MTD length from a flexibility measure
------------------------------------------------
 Calculating WBOs... done.
 Calculating NCI flexibility... done.
     covalent flexibility measure :   0.000
 non-covalent flexibility measure :   0.731
 flexibility measure :   0.000
 t(MTD) / ps    :     5.0
 Σ(t(MTD)) / ps :    70.0 (14 MTDs)

-------------------------------------
Starting a trial MTD to test settings
-------------------------------------
 Estimated runtime for one MTD (5.0 ps) on a single thread: 39 min 58 sec
 Estimated runtime for a batch of 14 MTDs on 1 threads: 9 h 19 min 31 sec

 list of Vbias parameters applied:
$metadyn    0.00300   1.300
$metadyn    0.00150   1.300
$metadyn    0.00075   1.300
$metadyn    0.00300   0.780
$metadyn    0.00150   0.780
$metadyn    0.00075   0.780
$metadyn    0.00300   0.468
$metadyn    0.00150   0.468
$metadyn    0.00075   0.468
$metadyn    0.00300   0.281
$metadyn    0.00150   0.281
$metadyn    0.00075   0.281
$metadyn    0.00100   0.100
$metadyn    0.00500   0.800

*******************************************************************************************
**                        N E W    I T E R A T I O N    C Y C L E                        **
*******************************************************************************************

========================================
            MTD Iteration  1
========================================

     ========================================
     |         Meta-MD (MTD) Sampling       |
     ========================================

Starting Meta-MD  14 with the settings:
     MD time /ps        :     5.0
     dt /fs             :     5.0
     dumpstep(trj) /fs  :     100
     dumpstep(Vbias)/ps :     1.0
     Vbias factor k /Eh :  0.1400
     Vbias exp α /bohr⁻²:    0.80
*Meta-MTD 14 finished*
Starting Meta-MD  13 with the settings:
     MD time /ps        :     5.0
     dt /fs             :     5.0
     dumpstep(trj) /fs  :     100
     dumpstep(Vbias)/ps :     1.0
     Vbias factor k /Eh :  0.0280
     Vbias exp α /bohr⁻²:    0.10
*Meta-MTD 13 finished*
Starting Meta-MD  12 with the settings:
     MD time /ps        :     5.0
     dt /fs             :     5.0
     dumpstep(trj) /fs  :     100
     dumpstep(Vbias)/ps :     1.0
     Vbias factor k /Eh :  0.0210
     Vbias exp α /bohr⁻²:    0.28
*Meta-MTD 12 finished*
Starting Meta-MD  11 with the settings:
     MD time /ps        :     5.0
     dt /fs             :     5.0
     dumpstep(trj) /fs  :     100
     dumpstep(Vbias)/ps :     1.0
     Vbias factor k /Eh :  0.0420
     Vbias exp α /bohr⁻²:    0.28
*Meta-MTD 11 finished*
Starting Meta-MD  10 with the settings:
     MD time /ps        :     5.0
     dt /fs             :     5.0
     dumpstep(trj) /fs  :     100
     dumpstep(Vbias)/ps :     1.0
     Vbias factor k /Eh :  0.0840
     Vbias exp α /bohr⁻²:    0.28
*Meta-MTD 10 finished*
Starting Meta-MD   9 with the settings:
     MD time /ps        :     5.0
     dt /fs             :     5.0
     dumpstep(trj) /fs  :     100
     dumpstep(Vbias)/ps :     1.0
     Vbias factor k /Eh :  0.0210
     Vbias exp α /bohr⁻²:    0.47
*Meta-MTD 9 finished*
Starting Meta-MD   8 with the settings:
     MD time /ps        :     5.0
     dt /fs             :     5.0
     dumpstep(trj) /fs  :     100
     dumpstep(Vbias)/ps :     1.0
     Vbias factor k /Eh :  0.0420
     Vbias exp α /bohr⁻²:    0.47
*Meta-MTD 8 finished*
Starting Meta-MD   7 with the settings:
     MD time /ps        :     5.0
     dt /fs             :     5.0
     dumpstep(trj) /fs  :     100
     dumpstep(Vbias)/ps :     1.0
     Vbias factor k /Eh :  0.0840
     Vbias exp α /bohr⁻²:    0.47
*Meta-MTD 7 finished*
Starting Meta-MD   6 with the settings:
     MD time /ps        :     5.0
     dt /fs             :     5.0
     dumpstep(trj) /fs  :     100
     dumpstep(Vbias)/ps :     1.0
     Vbias factor k /Eh :  0.0210
     Vbias exp α /bohr⁻²:    0.78
*Meta-MTD 6 finished*
Starting Meta-MD   5 with the settings:
     MD time /ps        :     5.0
     dt /fs             :     5.0
     dumpstep(trj) /fs  :     100
     dumpstep(Vbias)/ps :     1.0
     Vbias factor k /Eh :  0.0420
     Vbias exp α /bohr⁻²:    0.78
*Meta-MTD 5 finished*
Starting Meta-MD   4 with the settings:
     MD time /ps        :     5.0
     dt /fs             :     5.0
     dumpstep(trj) /fs  :     100
     dumpstep(Vbias)/ps :     1.0
     Vbias factor k /Eh :  0.0840
     Vbias exp α /bohr⁻²:    0.78
*Meta-MTD 4 finished*
Starting Meta-MD   3 with the settings:
     MD time /ps        :     5.0
     dt /fs             :     5.0
     dumpstep(trj) /fs  :     100
     dumpstep(Vbias)/ps :     1.0
     Vbias factor k /Eh :  0.0210
     Vbias exp α /bohr⁻²:    1.30
*Meta-MTD 3 finished*
Starting Meta-MD   2 with the settings:
     MD time /ps        :     5.0
     dt /fs             :     5.0
     dumpstep(trj) /fs  :     100
     dumpstep(Vbias)/ps :     1.0
     Vbias factor k /Eh :  0.0420
     Vbias exp α /bohr⁻²:    1.30
*Meta-MTD 2 finished*
Starting Meta-MD   1 with the settings:
     MD time /ps        :     5.0
     dt /fs             :     5.0
     dumpstep(trj) /fs  :     100
     dumpstep(Vbias)/ps :     1.0
     Vbias factor k /Eh :  0.0840
     Vbias exp α /bohr⁻²:    1.30
*Meta-MTD 1 finished*

-----------------------
Multilevel Optimization
-----------------------

 -------------------------
 1. crude pre-optimization
 -------------------------
 Optimizing all 686 structures from file "crest_rotamers_0.xyz" ...
 1 2 3 4 5 6 7 8 9 10 11 12 13 14 15 16 17 18 19 20 21 22 23 24 25 26 27 28 29 30 31 32 33 34 35 36 37 38 39 40 41 42 43 44 45 46 47 48 49 50 51 52 53 54 55 56 57 58 59 60 61 62 63 64 65 66 67 68 69 70 71 72 73 74 75 76 77 78 79 80 81 82 83 84 85 86 87 88 89 90 91 92 93 94 95 96 97 98 99 100 101 102 103 104 105 106 107 108 109 110 111 112 113 114 115 116 117 118 119 120 121 122 123 124 125 126 127 128 129 130 131 132 133 134 135 136 137 138 139 140 141 142 143 144 145 146 147 148 149 150 151 152 153 154 155 156 157 158 159 160 161 162 163 164 165 166 167 168 169 170 171 172 173 174 175 176 177 178 179 180 181 182 183 184 185 186 187 188 189 190 191 192 193 194 195 196 197 198 199 200 201 202 203 204 205 206 207 208 209 210 211 212 213 214 215 216 217 218 219 220 221 222 223 224 225 226 227 228 229 230 231 232 233 234 235 236 237 238 239 240 241 242 243 244 245 246 247 248 249 250 251 252 253 254 255 256 257 258 259 260 261 262 263 264 265 266 267 268 269 270 271 272 273 274 275 276 277 278 279 280 281 282 283 284 285 286 287 288 289 290 291 292 293 294 295 296 297 298 299 300 301 302 303 304 305 306 307 308 309 310 311 312 313 314 315 316 317 318 319 320 321 322 323 324 325 326 327 328 329 330 331 332 333 334 335 336 337 338 339 340 341 342 343 344 345 346 347 348 349 350 351 352 353 354 355 356 357 358 359 360 361 362 363 364 365 366 367 368 369 370 371 372 373 374 375 376 377 378 379 380 381 382 383 384 385 386 387 388 389 390 391 392 393 394 395 396 397 398 399 400 401 402 403 404 405 406 407 408 409 410 411 412 413 414 415 416 417 418 419 420 421 422 423 424 425 426 427 428 429 430 431 432 433 434 435 436 437 438 439 440 441 442 443 444 445 446 447 448 449 450 451 452 453 454 455 456 457 458 459 460 461 462 463 464 465 466 467 468 469 470 471 472 473 474 475 476 477 478 479 480 481 482 483 484 485 486 487 488 489 490 491 492 493 494 495 496 497 498 499 500 501 502 503 504 505 506 507 508 509 510 511 512 513 514 515 516 517 518 519 520 521 522 523 524 525 526 527 528 529 530 531 532 533 534 535 536 537 538 539 540 541 542 543 544 545 546 547 548 549 550 551 552 553 554 555 556 557 558 559 560 561 562 563 564 565 566 567 568 569 570 571 572 573 574 575 576 577 578 579 580 581 582 583 584 585 586 587 588 589 590 591 592 593 594 595 596 597 598 599 600 601 602 603 604 605 606 607 608 609 610 611 612 613 614 615 616 617 618 619 620 621 622 623 624 625 626 627 628 629 630 631 632 633 634 635 636 637 638 639 640 641 642 643 644 645 646 647 648 649 650 651 652 653 654 655 656 657 658 659 660 661 662 663 664 665 666 667 668 669 670 671 672 673 674 675 676 677 678 679 680 681 682 683 684 685 686
 done.
 running RMSDs...
 done.
 E lowest :   -77.32099
 630 structures remain within    12.00 kcal/mol window

 -------------------------------------
 2. optimization with tight thresholds
 -------------------------------------
 Optimizing all 631 structures from file "crest_rotamers_1.xyz" ...
 1 2 3 4 5 6 7 8 9 10 11 12 13 14 15 16 17 18 19 20 21 22 23 24 25 26 27 28 29 30 31 32 33 34 35 36 37 38 39 40 41 42 43 44 45 46 47 48 49 50 51 52 53 54 55 56 57 58 59 60 61 62 63 64 65 66 67 68 69 70 71 72 73 74 75 76 77 78 79 80 81 82 83 84 85 86 87 88 89 90 91 92 93 94 95 96 97 98 99 100 101 102 103 104 105 106 107 108 109 110 111 112 113 114 115 116 117 118 119 120 121 122 123 124 125 126 127 128 129 130 131 132 133 134 135 136 137 138 139 140 141 142 143 144 145 146 147 148 149 150 151 152 153 154 155 156 157 158 159 160 161 162 163 164 165 166 167 168 169 170 171 172 173 174 175 176 177 178 179 180 181 182 183 184 185 186 187 188 189 190 191 192 193 194 195 196 197 198 199 200 201 202 203 204 205 206 207 208 209 210 211 212 213 214 215 216 217 218 219 220 221 222 223 224 225 226 227 228 229 230 231 232 233 234 235 236 237 238 239 240 241 242 243 244 245 246 247 248 249 250 251 252 253 254 255 256 257 258 259 260 261 262 263 264 265 266 267 268 269 270 271 272 273 274 275 276 277 278 279 280 281 282 283 284 285 286 287 288 289 290 291 292 293 294 295 296 297 298 299 300 301 302 303 304 305 306 307 308 309 310 311 312 313 314 315 316 317 318 319 320 321 322 323 324 325 326 327 328 329 330 331 332 333 334 335 336 337 338 339 340 341 342 343 344 345 346 347 348 349 350 351 352 353 354 355 356 357 358 359 360 361 362 363 364 365 366 367 368 369 370 371 372 373 374 375 376 377 378 379 380 381 382 383 384 385 386 387 388 389 390 391 392 393 394 395 396 397 398 399 400 401 402 403 404 405 406 407 408 409 410 411 412 413 414 415 416 417 418 419 420 421 422 423 424 425 426 427 428 429 430 431 432 433 434 435 436 437 438 439 440 441 442 443 444 445 446 447 448 449 450 451 452 453 454 455 456 457 458 459 460 461 462 463 464 465 466 467 468 469 470 471 472 473 474 475 476 477 478 479 480 481 482 483 484 485 486 487 488 489 490 491 492 493 494 495 496 497 498 499 500 501 502 503 504 505 506 507 508 509 510 511 512 513 514 515 516 517 518 519 520 521 522 523 524 525 526 527 528 529 530 531 532 533 534 535 536 537 538 539 540 541 542 543 544 545 546 547 548 549 550 551 552 553 554 555 556 557 558 559 560 561 562 563 564 565 566 567 568 569 570 571 572 573 574 575 576 577 578 579 580 581 582 583 584 585 586 587 588 589 590 591 592 593 594 595 596 597 598 599 600 601 602 603 604 605 606 607 608 609 610 611 612 613 614 615 616 617 618 619 620 621 622 623 624 625 626 627 628 629 630 631
 done.
 running RMSDs...
 done.
 E lowest :   -77.32400
 358 structures remain within     6.00 kcal/mol window


========================================
            MTD Iteration  2
========================================

     ========================================
     |         Meta-MD (MTD) Sampling       |
     ========================================

Starting Meta-MD  12 with the settings:
     MD time /ps        :     5.0
     dt /fs             :     5.0
     dumpstep(trj) /fs  :     100
     dumpstep(Vbias)/ps :     1.0
     Vbias factor k /Eh :  0.0210
     Vbias exp α /bohr⁻²:    0.28
*Meta-MTD 12 finished*
Starting Meta-MD  11 with the settings:
     MD time /ps        :     5.0
     dt /fs             :     5.0
     dumpstep(trj) /fs  :     100
     dumpstep(Vbias)/ps :     1.0
     Vbias factor k /Eh :  0.0420
     Vbias exp α /bohr⁻²:    0.28
*Meta-MTD 11 finished*
Starting Meta-MD  10 with the settings:
     MD time /ps        :     5.0
     dt /fs             :     5.0
     dumpstep(trj) /fs  :     100
     dumpstep(Vbias)/ps :     1.0
     Vbias factor k /Eh :  0.0840
     Vbias exp α /bohr⁻²:    0.28
*Meta-MTD 10 finished*
Starting Meta-MD   9 with the settings:
     MD time /ps        :     5.0
     dt /fs             :     5.0
     dumpstep(trj) /fs  :     100
     dumpstep(Vbias)/ps :     1.0
     Vbias factor k /Eh :  0.0210
     Vbias exp α /bohr⁻²:    0.47
*Meta-MTD 9 finished*
Starting Meta-MD   8 with the settings:
     MD time /ps        :     5.0
     dt /fs             :     5.0
     dumpstep(trj) /fs  :     100
     dumpstep(Vbias)/ps :     1.0
     Vbias factor k /Eh :  0.0420
     Vbias exp α /bohr⁻²:    0.47
*Meta-MTD 8 finished*
Starting Meta-MD   7 with the settings:
     MD time /ps        :     5.0
     dt /fs             :     5.0
     dumpstep(trj) /fs  :     100
     dumpstep(Vbias)/ps :     1.0
     Vbias factor k /Eh :  0.0840
     Vbias exp α /bohr⁻²:    0.47
*Meta-MTD 7 finished*
Starting Meta-MD   6 with the settings:
     MD time /ps        :     5.0
     dt /fs             :     5.0
     dumpstep(trj) /fs  :     100
     dumpstep(Vbias)/ps :     1.0
     Vbias factor k /Eh :  0.0210
     Vbias exp α /bohr⁻²:    0.78
*Meta-MTD 6 finished*
Starting Meta-MD   5 with the settings:
     MD time /ps        :     5.0
     dt /fs             :     5.0
     dumpstep(trj) /fs  :     100
     dumpstep(Vbias)/ps :     1.0
     Vbias factor k /Eh :  0.0420
     Vbias exp α /bohr⁻²:    0.78
*Meta-MTD 5 finished*
Starting Meta-MD   4 with the settings:
     MD time /ps        :     5.0
     dt /fs             :     5.0
     dumpstep(trj) /fs  :     100
     dumpstep(Vbias)/ps :     1.0
     Vbias factor k /Eh :  0.0840
     Vbias exp α /bohr⁻²:    0.78
*Meta-MTD 4 finished*
Starting Meta-MD   3 with the settings:
     MD time /ps        :     5.0
     dt /fs             :     5.0
     dumpstep(trj) /fs  :     100
     dumpstep(Vbias)/ps :     1.0
     Vbias factor k /Eh :  0.0210
     Vbias exp α /bohr⁻²:    1.30
*Meta-MTD 3 finished*
Starting Meta-MD   2 with the settings:
     MD time /ps        :     5.0
     dt /fs             :     5.0
     dumpstep(trj) /fs  :     100
     dumpstep(Vbias)/ps :     1.0
     Vbias factor k /Eh :  0.0420
     Vbias exp α /bohr⁻²:    1.30
*Meta-MTD 2 finished*
Starting Meta-MD   1 with the settings:
     MD time /ps        :     5.0
     dt /fs             :     5.0
     dumpstep(trj) /fs  :     100
     dumpstep(Vbias)/ps :     1.0
     Vbias factor k /Eh :  0.0840
     Vbias exp α /bohr⁻²:    1.30
*Meta-MTD 1 finished*

-----------------------
Multilevel Optimization
-----------------------

 -------------------------
 1. crude pre-optimization
 -------------------------
 Optimizing all 588 structures from file "crest_rotamers_0.xyz" ...
 1 2 3 4 5 6 7 8 9 10 11 12 13 14 15 16 17 18 19 20 21 22 23 24 25 26 27 28 29 30 31 32 33 34 35 36 37 38 39 40 41 42 43 44 45 46 47 48 49 50 51 52 53 54 55 56 57 58 59 60 61 62 63 64 65 66 67 68 69 70 71 72 73 74 75 76 77 78 79 80 81 82 83 84 85 86 87 88 89 90 91 92 93 94 95 96 97 98 99 100 101 102 103 104 105 106 107 108 109 110 111 112 113 114 115 116 117 118 119 120 121 122 123 124 125 126 127 128 129 130 131 132 133 134 135 136 137 138 139 140 141 142 143 144 145 146 147 148 149 150 151 152 153 154 155 156 157 158 159 160 161 162 163 164 165 166 167 168 169 170 171 172 173 174 175 176 177 178 179 180 181 182 183 184 185 186 187 188 189 190 191 192 193 194 195 196 197 198 199 200 201 202 203 204 205 206 207 208 209 210 211 212 213 214 215 216 217 218 219 220 221 222 223 224 225 226 227 228 229 230 231 232 233 234 235 236 237 238 239 240 241 242 243 244 245 246 247 248 249 250 251 252 253 254 255 256 257 258 259 260 261 262 263 264 265 266 267 268 269 270 271 272 273 274 275 276 277 278 279 280 281 282 283 284 285 286 287 288 289 290 291 292 293 294 295 296 297 298 299 300 301 302 303 304 305 306 307 308 309 310 311 312 313 314 315 316 317 318 319 320 321 322 323 324 325 326 327 328 329 330 331 332 333 334 335 336 337 338 339 340 341 342 343 344 345 346 347 348 349 350 351 352 353 354 355 356 357 358 359 360 361 362 363 364 365 366 367 368 369 370 371 372 373 374 375 376 377 378 379 380 381 382 383 384 385 386 387 388 389 390 391 392 393 394 395 396 397 398 399 400 401 402 403 404 405 406 407 408 409 410 411 412 413 414 415 416 417 418 419 420 421 422 423 424 425 426 427 428 429 430 431 432 433 434 435 436 437 438 439 440 441 442 443 444 445 446 447 448 449 450 451 452 453 454 455 456 457 458 459 460 461 462 463 464 465 466 467 468 469 470 471 472 473 474 475 476 477 478 479 480 481 482 483 484 485 486 487 488 489 490 491 492 493 494 495 496 497 498 499 500 501 502 503 504 505 506 507 508 509 510 511 512 513 514 515 516 517 518 519 520 521 522 523 524 525 526 527 528 529 530 531 532 533 534 535 536 537 538 539 540 541 542 543 544 545 546 547 548 549 550 551 552 553 554 555 556 557 558 559 560 561 562 563 564 565 566 567 568 569 570 571 572 573 574 575 576 577 578 579 580 581 582 583 584 585 586 587 588
 done.
 running RMSDs...
 done.
 E lowest :   -77.32378
 422 structures remain within    12.00 kcal/mol window

 -------------------------------------
 2. optimization with tight thresholds
 -------------------------------------
 Optimizing all 423 structures from file "crest_rotamers_1.xyz" ...
 1 2 3 4 5 6 7 8 9 10 11 12 13 14 15 16 17 18 19 20 21 22 23 24 25 26 27 28 29 30 31 32 33 34 35 36 37 38 39 40 41 42 43 44 45 46 47 48 49 50 51 52 53 54 55 56 57 58 59 60 61 62 63 64 65 66 67 68 69 70 71 72 73 74 75 76 77 78 79 80 81 82 83 84 85 86 87 88 89 90 91 92 93 94 95 96 97 98 99 100 101 102 103 104 105 106 107 108 109 110 111 112 113 114 115 116 117 118 119 120 121 122 123 124 125 126 127 128 129 130 131 132 133 134 135 136 137 138 139 140 141 142 143 144 145 146 147 148 149 150 151 152 153 154 155 156 157 158 159 160 161 162 163 164 165 166 167 168 169 170 171 172 173 174 175 176 177 178 179 180 181 182 183 184 185 186 187 188 189 190 191 192 193 194 195 196 197 198 199 200 201 202 203 204 205 206 207 208 209 210 211 212 213 214 215 216 217 218 219 220 221 222 223 224 225 226 227 228 229 230 231 232 233 234 235 236 237 238 239 240 241 242 243 244 245 246 247 248 249 250 251 252 253 254 255 256 257 258 259 260 261 262 263 264 265 266 267 268 269 270 271 272 273 274 275 276 277 278 279 280 281 282 283 284 285 286 287 288 289 290 291 292 293 294 295 296 297 298 299 300 301 302 303 304 305 306 307 308 309 310 311 312 313 314 315 316 317 318 319 320 321 322 323 324 325 326 327 328 329 330 331 332 333 334 335 336 337 338 339 340 341 342 343 344 345 346 347 348 349 350 351 352 353 354 355 356 357 358 359 360 361 362 363 364 365 366 367 368 369 370 371 372 373 374 375 376 377 378 379 380 381 382 383 384 385 386 387 388 389 390 391 392 393 394 395 396 397 398 399 400 401 402 403 404 405 406 407 408 409 410 411 412 413 414 415 416 417 418 419 420 421 422 423
 done.
 running RMSDs...
 done.
 E lowest :   -77.32400
 253 structures remain within     6.00 kcal/mol window

========================================
            MTD Iterations done         
========================================
 Collecting ensmbles.
 running RMSDs...
 done.
 E lowest :   -77.32400
 604 structures remain within     6.00 kcal/mol window

-----------------------------------------------
Additional regular MDs on lowest 4 conformer(s)
-----------------------------------------------
Starting MD   8 with the settings:
     MD time /ps        :     2.5
     MD Temperature /K  :   500.0
     dt /fs             :     5.0
     dumpstep(trj) /fs  :     100
*MD 8 finished*
Starting MD   7 with the settings:
     MD time /ps        :     2.5
     MD Temperature /K  :   400.0
     dt /fs             :     5.0
     dumpstep(trj) /fs  :     100
*MD 7 finished*
Starting MD   6 with the settings:
     MD time /ps        :     2.5
     MD Temperature /K  :   500.0
     dt /fs             :     5.0
     dumpstep(trj) /fs  :     100
*MD 6 finished*
Starting MD   5 with the settings:
     MD time /ps        :     2.5
     MD Temperature /K  :   400.0
     dt /fs             :     5.0
     dumpstep(trj) /fs  :     100
*MD 5 finished*
Starting MD   4 with the settings:
     MD time /ps        :     2.5
     MD Temperature /K  :   500.0
     dt /fs             :     5.0
     dumpstep(trj) /fs  :     100
*MD 4 finished*
Starting MD   3 with the settings:
     MD time /ps        :     2.5
     MD Temperature /K  :   400.0
     dt /fs             :     5.0
     dumpstep(trj) /fs  :     100
*MD 3 finished*
Starting MD   2 with the settings:
     MD time /ps        :     2.5
     MD Temperature /K  :   500.0
     dt /fs             :     5.0
     dumpstep(trj) /fs  :     100
*MD 2 finished*
Starting MD   1 with the settings:
     MD time /ps        :     2.5
     MD Temperature /K  :   400.0
     dt /fs             :     5.0
     dumpstep(trj) /fs  :     100
*MD 1 finished*
 Appending file crest_rotamers_1.xyz with new structures

 -------------------------------------------
 Ensemble optimization with tight thresholds
 -------------------------------------------
 Optimizing all 796 structures from file "crest_rotamers_1.xyz" ...
 1 2 3 4 5 6 7 8 9 10 11 12 13 14 15 16 17 18 19 20 21 22 23 24 25 26 27 28 29 30 31 32 33 34 35 36 37 38 39 40 41 42 43 44 45 46 47 48 49 50 51 52 53 54 55 56 57 58 59 60 61 62 63 64 65 66 67 68 69 70 71 72 73 74 75 76 77 78 79 80 81 82 83 84 85 86 87 88 89 90 91 92 93 94 95 96 97 98 99 100 101 102 103 104 105 106 107 108 109 110 111 112 113 114 115 116 117 118 119 120 121 122 123 124 125 126 127 128 129 130 131 132 133 134 135 136 137 138 139 140 141 142 143 144 145 146 147 148 149 150 151 152 153 154 155 156 157 158 159 160 161 162 163 164 165 166 167 168 169 170 171 172 173 174 175 176 177 178 179 180 181 182 183 184 185 186 187 188 189 190 191 192 193 194 195 196 197 198 199 200 201 202 203 204 205 206 207 208 209 210 211 212 213 214 215 216 217 218 219 220 221 222 223 224 225 226 227 228 229 230 231 232 233 234 235 236 237 238 239 240 241 242 243 244 245 246 247 248 249 250 251 252 253 254 255 256 257 258 259 260 261 262 263 264 265 266 267 268 269 270 271 272 273 274 275 276 277 278 279 280 281 282 283 284 285 286 287 288 289 290 291 292 293 294 295 296 297 298 299 300 301 302 303 304 305 306 307 308 309 310 311 312 313 314 315 316 317 318 319 320 321 322 323 324 325 326 327 328 329 330 331 332 333 334 335 336 337 338 339 340 341 342 343 344 345 346 347 348 349 350 351 352 353 354 355 356 357 358 359 360 361 362 363 364 365 366 367 368 369 370 371 372 373 374 375 376 377 378 379 380 381 382 383 384 385 386 387 388 389 390 391 392 393 394 395 396 397 398 399 400 401 402 403 404 405 406 407 408 409 410 411 412 413 414 415 416 417 418 419 420 421 422 423 424 425 426 427 428 429 430 431 432 433 434 435 436 437 438 439 440 441 442 443 444 445 446 447 448 449 450 451 452 453 454 455 456 457 458 459 460 461 462 463 464 465 466 467 468 469 470 471 472 473 474 475 476 477 478 479 480 481 482 483 484 485 486 487 488 489 490 491 492 493 494 495 496 497 498 499 500 501 502 503 504 505 506 507 508 509 510 511 512 513 514 515 516 517 518 519 520 521 522 523 524 525 526 527 528 529 530 531 532 533 534 535 536 537 538 539 540 541 542 543 544 545 546 547 548 549 550 551 552 553 554 555 556 557 558 559 560 561 562 563 564 565 566 567 568 569 570 571 572 573 574 575 576 577 578 579 580 581 582 583 584 585 586 587 588 589 590 591 592 593 594 595 596 597 598 599 600 601 602 603 604 605 606 607 608 609 610 611 612 613 614 615 616 617 618 619 620 621 622 623 624 625 626 627 628 629 630 631 632 633 634 635 636 637 638 639 640 641 642 643 644 645 646 647 648 649 650 651 652 653 654 655 656 657 658 659 660 661 662 663 664 665 666 667 668 669 670 671 672 673 674 675 676 677 678 679 680 681 682 683 684 685 686 687 688 689 690 691 692 693 694 695 696 697 698 699 700 701 702 703 704 705 706 707 708 709 710 711 712 713 714 715 716 717 718 719 720 721 722 723 724 725 726 727 728 729 730 731 732 733 734 735 736 737 738 739 740 741 742 743 744 745 746 747 748 749 750 751 752 753 754 755 756 757 758 759 760 761 762 763 764 765 766 767 768 769 770 771 772 773 774 775 776 777 778 779 780 781 782 783 784 785 786 787 788 789 790 791 792 793 794 795 796
 done.
 running RMSDs...
 done.
 E lowest :   -77.32400
 621 structures remain within     6.00 kcal/mol window


     ========================================
     |        Structure Crossing (GC)       |
     ========================================
 =============================
  # threads =           1
 =============================
 input  file name : crest_rotamers_3.xyz
number of atoms                :    28
number of points on xyz files  :   621
conformer energy window  /kcal :    6.00
CN per atom difference cut-off :  0.3000
RMSD threshold                 :  0.2500
max. # of generated structures : 250
 reading xyz file ...
 # in E window                621
 generating pairs ...      193130
  16.1 % done
  32.2 % done
  48.3 % done
  64.4 % done
  80.5 % done
  96.6 % done
 generated pairs           :        8370
 number of clash discarded :      184140
 average rmsd w.r.t input  : 4.39753
 sd of ensemble            : 0.93665
 number of new structures      :         316
 removed identical structures  :         184
 writing          250  TMPCONF* dirs ...
 --------------------------
 GC: loose pre-optimization
 --------------------------
 Starting optimization of generated structures
 250 jobs to do.
 1 2 3 4 5 6 7 8 9 10 11 12 13 14 15 16 17 18 19 20 21 22 23 24 25 26 27 28 29 30 31 32 33 34 35 36 37 38 39 40 41 42 43 44 45 46 47 48 49 50 51 52 53 54 55 56 57 58 59 60 61 62 63 64 65 66 67 68 69 70 71 72 73 74 75 76 77 78 79 80 81 82 83 84 85 86 87 88 89 90 91 92 93 94 95 96 97 98 99 100 101 102 103 104 105 106 107 108 109 110 111 112 113 114 115 116 117 118 119 120 121 122 123 124 125 126 127 128 129 130 131 132 133 134 135 136 137 138 139 140 141 142 143 144 145 146 147 148 149 150 151 152 153 154 155 156 157 158 159 160 161 162 163 164 165 166 167 168 169 170 171 172 173 174 175 176 177 178 179 180 181 182 183 184 185 186 187 188 189 190 191 192 193 194 195 196 197 198 199 200 201 202 203 204 205 206 207 208 209 210 211 212 213 214 215 216 217 218 219 220 221 222 223 224 225 226 227 228 229 230 231 232 233 234 235 236 237 238 239 240 241 242 243 244 245 246 247 248 249 250 
 done.
 Now appending opt.xyz file with new structures
 running RMSDs...
 done.
 E lowest :   -77.32400
 224 structures remain within    10.00 kcal/mol window
 --------------------------------------
 GC: optimization with tight thresholds
 --------------------------------------
 Optimizing all 224 structures from file "crest_rotamers_1.xyz" ...
 1 2 3 4 5 6 7 8 9 10 11 12 13 14 15 16 17 18 19 20 21 22 23 24 25 26 27 28 29 30 31 32 33 34 35 36 37 38 39 40 41 42 43 44 45 46 47 48 49 50 51 52 53 54 55 56 57 58 59 60 61 62 63 64 65 66 67 68 69 70 71 72 73 74 75 76 77 78 79 80 81 82 83 84 85 86 87 88 89 90 91 92 93 94 95 96 97 98 99 100 101 102 103 104 105 106 107 108 109 110 111 112 113 114 115 116 117 118 119 120 121 122 123 124 125 126 127 128 129 130 131 132 133 134 135 136 137 138 139 140 141 142 143 144 145 146 147 148 149 150 151 152 153 154 155 156 157 158 159 160 161 162 163 164 165 166 167 168 169 170 171 172 173 174 175 176 177 178 179 180 181 182 183 184 185 186 187 188 189 190 191 192 193 194 195 196 197 198 199 200 201 202 203 204 205 206 207 208 209 210 211 212 213 214 215 216 217 218 219 220 221 222 223 224
 done.
 running RMSDs...
 done.
 E lowest :   -77.32400


   ================================================
   |           Final Geometry Optimization        |
   ================================================
 ------------------------------------------------
 Ensemble optimization with very tight thresholds
 ------------------------------------------------
 Optimizing all 797 structures from file "crest_rotamers_4.xyz" ...
 1 2 3 4 5 6 7 8 9 10 11 12 13 14 15 16 17 18 19 20 21 22 23 24 25 26 27 28 29 30 31 32 33 34 35 36 37 38 39 40 41 42 43 44 45 46 47 48 49 50 51 52 53 54 55 56 57 58 59 60 61 62 63 64 65 66 67 68 69 70 71 72 73 74 75 76 77 78 79 80 81 82 83 84 85 86 87 88 89 90 91 92 93 94 95 96 97 98 99 100 101 102 103 104 105 106 107 108 109 110 111 112 113 114 115 116 117 118 119 120 121 122 123 124 125 126 127 128 129 130 131 132 133 134 135 136 137 138 139 140 141 142 143 144 145 146 147 148 149 150 151 152 153 154 155 156 157 158 159 160 161 162 163 164 165 166 167 168 169 170 171 172 173 174 175 176 177 178 179 180 181 182 183 184 185 186 187 188 189 190 191 192 193 194 195 196 197 198 199 200 201 202 203 204 205 206 207 208 209 210 211 212 213 214 215 216 217 218 219 220 221 222 223 224 225 226 227 228 229 230 231 232 233 234 235 236 237 238 239 240 241 242 243 244 245 246 247 248 249 250 251 252 253 254 255 256 257 258 259 260 261 262 263 264 265 266 267 268 269 270 271 272 273 274 275 276 277 278 279 280 281 282 283 284 285 286 287 288 289 290 291 292 293 294 295 296 297 298 299 300 301 302 303 304 305 306 307 308 309 310 311 312 313 314 315 316 317 318 319 320 321 322 323 324 325 326 327 328 329 330 331 332 333 334 335 336 337 338 339 340 341 342 343 344 345 346 347 348 349 350 351 352 353 354 355 356 357 358 359 360 361 362 363 364 365 366 367 368 369 370 371 372 373 374 375 376 377 378 379 380 381 382 383 384 385 386 387 388 389 390 391 392 393 394 395 396 397 398 399 400 401 402 403 404 405 406 407 408 409 410 411 412 413 414 415 416 417 418 419 420 421 422 423 424 425 426 427 428 429 430 431 432 433 434 435 436 437 438 439 440 441 442 443 444 445 446 447 448 449 450 451 452 453 454 455 456 457 458 459 460 461 462 463 464 465 466 467 468 469 470 471 472 473 474 475 476 477 478 479 480 481 482 483 484 485 486 487 488 489 490 491 492 493 494 495 496 497 498 499 500 501 502 503 504 505 506 507 508 509 510 511 512 513 514 515 516 517 518 519 520 521 522 523 524 525 526 527 528 529 530 531 532 533 534 535 536 537 538 539 540 541 542 543 544 545 546 547 548 549 550 551 552 553 554 555 556 557 558 559 560 561 562 563 564 565 566 567 568 569 570 571 572 573 574 575 576 577 578 579 580 581 582 583 584 585 586 587 588 589 590 591 592 593 594 595 596 597 598 599 600 601 602 603 604 605 606 607 608 609 610 611 612 613 614 615 616 617 618 619 620 621 622 623 624 625 626 627 628 629 630 631 632 633 634 635 636 637 638 639 640 641 642 643 644 645 646 647 648 649 650 651 652 653 654 655 656 657 658 659 660 661 662 663 664 665 666 667 668 669 670 671 672 673 674 675 676 677 678 679 680 681 682 683 684 685 686 687 688 689 690 691 692 693 694 695 696 697 698 699 700 701 702 703 704 705 706 707 708 709 710 711 712 713 714 715 716 717 718 719 720 721 722 723 724 725 726 727 728 729 730 731 732 733 734 735 736 737 738 739 740 741 742 743 744 745 746 747 748 749 750 751 752 753 754 755 756 757 758 759 760 761 762 763 764 765 766 767 768 769 770 771 772 773 774 775 776 777 778 779 780 781 782 783 784 785 786 787 788 789 790 791 792 793 794 795 796 797
 done.
 running RMSDs...
 done.
 E lowest :   -77.32401
 786 structures remain within     6.00 kcal/mol window

 input  file name : crest_rotamers_5.xyz
 output file name : crest_rotamers_6.xyz
 number of atoms                :   28
 number of points on xyz files  :   797
 RMSD threshold                 :   0.1250
 Bconst threshold               :   0.0100
 population threshold           :   0.0500
 conformer energy window  /kcal :   6.0000
 # fragment in coord            :     2
 # bonds in reference structure :    26
 number of reliable points      :   797
 reference state Etot :  -77.324005170000007
 number of doubles removed by rot/RMSD         :          11
 total number unique points considered further :         786
       Erel/kcal        Etot weight/tot  conformer     set   degen     origin
       1   0.000   -77.32401    0.00518    0.89043       1     172     mtd14
       2   0.000   -77.32401    0.00518                                gc
       3   0.000   -77.32401    0.00518                                gc
       4   0.000   -77.32401    0.00518                                gc
       5   0.000   -77.32401    0.00518                                gc
       6   0.000   -77.32401    0.00518                                gc
       7   0.000   -77.32401    0.00518                                gc
       8   0.000   -77.32401    0.00518                                gc
       9   0.000   -77.32401    0.00518                                mtd3
      10   0.000   -77.32401    0.00518                                mtd5
      11   0.000   -77.32401    0.00518                                mtd3
      12   0.000   -77.32401    0.00518                                gc
      13   0.000   -77.32401    0.00518                                mtd6
      14   0.000   -77.32401    0.00518                                gc
      15   0.000   -77.32401    0.00518                                mtd12
      16   0.000   -77.32401    0.00518                                gc
      17   0.000   -77.32401    0.00518                                gc
      18   0.000   -77.32401    0.00518                                mtd9
      19   0.000   -77.32401    0.00518                                mtd7
      20   0.000   -77.32401    0.00518                                gc
      21   0.000   -77.32401    0.00518                                mtd6
      22   0.000   -77.32401    0.00518                                mtd5
      23   0.000   -77.32401    0.00518                                mtd13
      24   0.000   -77.32401    0.00518                                gc
      25   0.000   -77.32401    0.00518                                gc
      26   0.000   -77.32401    0.00518                                gc
      27   0.000   -77.32401    0.00518                                mtd4
      28   0.000   -77.32401    0.00518                                mtd5
      29   0.000   -77.32401    0.00518                                mtd7
      30   0.000   -77.32401    0.00518                                gc
      31   0.000   -77.32401    0.00518                                gc
      32   0.000   -77.32401    0.00518                                mtd9
      33   0.000   -77.32401    0.00518                                gc
      34   0.000   -77.32401    0.00518                                mtd5
      35   0.000   -77.32401    0.00518                                gc
      36   0.000   -77.32401    0.00518                                gc
      37   0.000   -77.32401    0.00518                                gc
      38   0.000   -77.32401    0.00518                                mtd6
      39   0.000   -77.32401    0.00518                                gc
      40   0.000   -77.32401    0.00518                                gc
      41   0.000   -77.32401    0.00518                                gc
      42   0.000   -77.32401    0.00518                                gc
      43   0.000   -77.32401    0.00518                                mtd10
      44   0.000   -77.32401    0.00518                                gc
      45   0.000   -77.32401    0.00518                                gc
      46   0.000   -77.32401    0.00518                                gc
      47   0.000   -77.32401    0.00518                                mtd9
      48   0.000   -77.32401    0.00518                                mtd5
      49   0.000   -77.32401    0.00518                                gc
      50   0.000   -77.32401    0.00518                                gc
      51   0.000   -77.32401    0.00518                                gc
      52   0.000   -77.32401    0.00518                                gc
      53   0.000   -77.32401    0.00518                                gc
      54   0.000   -77.32401    0.00518                                gc
      55   0.000   -77.32401    0.00518                                gc
      56   0.000   -77.32401    0.00518                                gc
      57   0.000   -77.32401    0.00518                                gc
      58   0.000   -77.32401    0.00518                                gc
      59   0.000   -77.32401    0.00518                                mtd11
      60   0.000   -77.32401    0.00518                                gc
      61   0.000   -77.32401    0.00518                                mtd9
      62   0.000   -77.32401    0.00518                                gc
      63   0.000   -77.32401    0.00518                                mtd7
      64   0.000   -77.32401    0.00518                                gc
      65   0.000   -77.32401    0.00518                                mtd3
      66   0.000   -77.32401    0.00518                                gc
      67   0.000   -77.32401    0.00518                                gc
      68   0.000   -77.32401    0.00518                                mtd14
      69   0.000   -77.32401    0.00518                                gc
      70   0.000   -77.32400    0.00518                                gc
      71   0.000   -77.32400    0.00518                                gc
      72   0.000   -77.32400    0.00518                                mtd8
      73   0.000   -77.32400    0.00518                                mtd2
      74   0.000   -77.32400    0.00518                                mtd10
      75   0.000   -77.32400    0.00518                                md2
      76   0.000   -77.32400    0.00518                                mtd10
      77   0.000   -77.32400    0.00518                                gc
      78   0.000   -77.32400    0.00518                                mtd9
      79   0.000   -77.32400    0.00518                                md3
      80   0.000   -77.32400    0.00518                                mtd2
      81   0.000   -77.32400    0.00518                                gc
      82   0.000   -77.32400    0.00518                                gc
      83   0.000   -77.32400    0.00518                                gc
      84   0.000   -77.32400    0.00518                                mtd1
      85   0.000   -77.32400    0.00518                                gc
      86   0.000   -77.32400    0.00518                                gc
      87   0.000   -77.32400    0.00518                                gc
      88   0.000   -77.32400    0.00518                                mtd2
      89   0.000   -77.32400    0.00518                                mtd14
      90   0.000   -77.32400    0.00518                                mtd10
      91   0.000   -77.32400    0.00518                                gc
      92   0.000   -77.32400    0.00518                                gc
      93   0.000   -77.32400    0.00518                                mtd9
      94   0.000   -77.32400    0.00518                                mtd1
      95   0.000   -77.32400    0.00518                                gc
      96   0.000   -77.32400    0.00518                                mtd1
      97   0.000   -77.32400    0.00518                                gc
      98   0.000   -77.32400    0.00518                                gc
      99   0.000   -77.32400    0.00518                                gc
     100   0.000   -77.32400    0.00518                                gc
     101   0.000   -77.32400    0.00518                                mtd6
     102   0.000   -77.32400    0.00518                                gc
     103   0.000   -77.32400    0.00518                                mtd9
     104   0.000   -77.32400    0.00518                                gc
     105   0.000   -77.32400    0.00518                                mtd11
     106   0.000   -77.32400    0.00518                                gc
     107   0.000   -77.32400    0.00518                                md4
     108   0.000   -77.32400    0.00518                                mtd13
     109   0.000   -77.32400    0.00518                                mtd1
     110   0.000   -77.32400    0.00518                                mtd3
     111   0.000   -77.32400    0.00518                                gc
     112   0.000   -77.32400    0.00518                                gc
     113   0.000   -77.32400    0.00518                                mtd9
     114   0.000   -77.32400    0.00518                                mtd12
     115   0.000   -77.32400    0.00518                                md5
     116   0.000   -77.32400    0.00518                                gc
     117   0.000   -77.32400    0.00518                                gc
     118   0.000   -77.32400    0.00518                                mtd10
     119   0.000   -77.32400    0.00518                                gc
     120   0.000   -77.32400    0.00518                                gc
     121   0.000   -77.32400    0.00518                                mtd1
     122   0.000   -77.32400    0.00518                                gc
     123   0.000   -77.32400    0.00518                                mtd5
     124   0.000   -77.32400    0.00518                                mtd2
     125   0.000   -77.32400    0.00518                                mtd5
     126   0.000   -77.32400    0.00518                                mtd7
     127   0.000   -77.32400    0.00518                                mtd8
     128   0.000   -77.32400    0.00518                                gc
     129   0.000   -77.32400    0.00518                                mtd6
     130   0.000   -77.32400    0.00518                                gc
     131   0.000   -77.32400    0.00518                                gc
     132   0.000   -77.32400    0.00518                                mtd12
     133   0.000   -77.32400    0.00518                                gc
     134   0.000   -77.32400    0.00518                                mtd3
     135   0.000   -77.32400    0.00518                                mtd10
     136   0.000   -77.32400    0.00518                                gc
     137   0.000   -77.32400    0.00518                                gc
     138   0.000   -77.32400    0.00518                                mtd3
     139   0.000   -77.32400    0.00518                                gc
     140   0.000   -77.32400    0.00518                                mtd6
     141   0.000   -77.32400    0.00518                                mtd5
     142   0.000   -77.32400    0.00518                                gc
     143   0.000   -77.32400    0.00518                                mtd7
     144   0.000   -77.32400    0.00518                                mtd1
     145   0.000   -77.32400    0.00518                                md4
     146   0.000   -77.32400    0.00518                                gc
     147   0.000   -77.32400    0.00518                                mtd4
     148   0.000   -77.32400    0.00518                                gc
     149   0.000   -77.32400    0.00518                                gc
     150   0.000   -77.32400    0.00518                                gc
     151   0.000   -77.32400    0.00518                                gc
     152   0.000   -77.32400    0.00518                                gc
     153   0.000   -77.32400    0.00518                                mtd2
     154   0.000   -77.32400    0.00518                                mtd5
     155   0.000   -77.32400    0.00518                                gc
     156   0.000   -77.32400    0.00518                                md3
     157   0.000   -77.32400    0.00518                                mtd2
     158   0.000   -77.32400    0.00518                                gc
     159   0.000   -77.32400    0.00518                                gc
     160   0.000   -77.32400    0.00518                                mtd2
     161   0.000   -77.32400    0.00518                                gc
     162   0.000   -77.32400    0.00518                                gc
     163   0.000   -77.32400    0.00518                                gc
     164   0.000   -77.32400    0.00518                                gc
     165   0.000   -77.32400    0.00518                                gc
     166   0.000   -77.32400    0.00518                                md3
     167   0.000   -77.32400    0.00518                                mtd6
     168   0.000   -77.32400    0.00518                                mtd11
     169   0.000   -77.32400    0.00517                                gc
     170   0.001   -77.32400    0.00517                                gc
     171   0.001   -77.32400    0.00517                                gc
     172   0.001   -77.32400    0.00517                                mtd5
     173   1.562   -77.32152    0.00037    0.03937       2     106     mtd4
     174   1.562   -77.32152    0.00037                                mtd6
     175   1.562   -77.32152    0.00037                                mtd7
     176   1.562   -77.32152    0.00037                                mtd1
     177   1.562   -77.32152    0.00037                                mtd1
     178   1.562   -77.32152    0.00037                                mtd4
     179   1.562   -77.32152    0.00037                                mtd14
     180   1.562   -77.32152    0.00037                                mtd1
     181   1.562   -77.32152    0.00037                                mtd14
     182   1.562   -77.32152    0.00037                                mtd3
     183   1.562   -77.32152    0.00037                                mtd7
     184   1.562   -77.32152    0.00037                                mtd10
     185   1.562   -77.32152    0.00037                                mtd4
     186   1.562   -77.32152    0.00037                                mtd12
     187   1.562   -77.32152    0.00037                                mtd7
     188   1.562   -77.32152    0.00037                                mtd14
     189   1.562   -77.32152    0.00037                                mtd9
     190   1.562   -77.32152    0.00037                                md8
     191   1.562   -77.32152    0.00037                                mtd14
     192   1.562   -77.32152    0.00037                                mtd4
     193   1.562   -77.32152    0.00037                                mtd14
     194   1.562   -77.32152    0.00037                                gc
     195   1.562   -77.32152    0.00037                                mtd12
     196   1.562   -77.32152    0.00037                                mtd5
     197   1.562   -77.32152    0.00037                                gc
     198   1.562   -77.32152    0.00037                                mtd4
     199   1.562   -77.32152    0.00037                                mtd9
     200   1.562   -77.32152    0.00037                                mtd2
     201   1.562   -77.32152    0.00037                                md8
     202   1.562   -77.32152    0.00037                                mtd6
     203   1.562   -77.32152    0.00037                                mtd7
     204   1.562   -77.32152    0.00037                                mtd1
     205   1.562   -77.32152    0.00037                                mtd5
     206   1.562   -77.32152    0.00037                                mtd5
     207   1.562   -77.32152    0.00037                                mtd7
     208   1.562   -77.32152    0.00037                                mtd8
     209   1.562   -77.32152    0.00037                                mtd13
     210   1.562   -77.32152    0.00037                                mtd2
     211   1.562   -77.32152    0.00037                                mtd10
     212   1.562   -77.32152    0.00037                                mtd7
     213   1.562   -77.32152    0.00037                                mtd9
     214   1.562   -77.32152    0.00037                                mtd5
     215   1.562   -77.32152    0.00037                                mtd9
     216   1.562   -77.32152    0.00037                                mtd9
     217   1.562   -77.32152    0.00037                                mtd6
     218   1.562   -77.32152    0.00037                                mtd6
     219   1.562   -77.32152    0.00037                                mtd10
     220   1.562   -77.32152    0.00037                                mtd1
     221   1.562   -77.32152    0.00037                                mtd12
     222   1.562   -77.32152    0.00037                                mtd12
     223   1.562   -77.32152    0.00037                                mtd9
     224   1.562   -77.32152    0.00037                                mtd8
     225   1.562   -77.32152    0.00037                                mtd8
     226   1.562   -77.32152    0.00037                                mtd10
     227   1.562   -77.32152    0.00037                                mtd14
     228   1.562   -77.32152    0.00037                                mtd12
     229   1.562   -77.32152    0.00037                                mtd3
     230   1.562   -77.32152    0.00037                                mtd7
     231   1.562   -77.32152    0.00037                                mtd1
     232   1.562   -77.32152    0.00037                                mtd7
     233   1.562   -77.32152    0.00037                                mtd5
     234   1.562   -77.32152    0.00037                                mtd2
     235   1.562   -77.32152    0.00037                                mtd2
     236   1.563   -77.32152    0.00037                                mtd8
     237   1.563   -77.32152    0.00037                                mtd2
     238   1.563   -77.32152    0.00037                                mtd10
     239   1.563   -77.32152    0.00037                                mtd8
     240   1.563   -77.32152    0.00037                                mtd11
     241   1.563   -77.32152    0.00037                                mtd9
     242   1.563   -77.32152    0.00037                                mtd5
     243   1.563   -77.32152    0.00037                                md7
     244   1.563   -77.32152    0.00037                                mtd2
     245   1.563   -77.32152    0.00037                                mtd9
     246   1.563   -77.32152    0.00037                                mtd1
     247   1.563   -77.32152    0.00037                                mtd12
     248   1.563   -77.32152    0.00037                                mtd6
     249   1.563   -77.32152    0.00037                                mtd4
     250   1.563   -77.32152    0.00037                                mtd6
     251   1.563   -77.32152    0.00037                                mtd1
     252   1.563   -77.32151    0.00037                                mtd9
     253   1.563   -77.32151    0.00037                                mtd4
     254   1.563   -77.32151    0.00037                                mtd2
     255   1.563   -77.32151    0.00037                                mtd4
     256   1.563   -77.32151    0.00037                                mtd2
     257   1.563   -77.32151    0.00037                                mtd9
     258   1.563   -77.32151    0.00037                                md8
     259   1.563   -77.32151    0.00037                                mtd2
     260   1.563   -77.32151    0.00037                                mtd9
     261   1.563   -77.32151    0.00037                                mtd5
     262   1.563   -77.32151    0.00037                                mtd4
     263   1.563   -77.32151    0.00037                                mtd5
     264   1.563   -77.32151    0.00037                                md8
     265   1.563   -77.32151    0.00037                                mtd13
     266   1.563   -77.32151    0.00037                                mtd9
     267   1.563   -77.32151    0.00037                                mtd8
     268   1.563   -77.32151    0.00037                                mtd2
     269   1.563   -77.32151    0.00037                                mtd3
     270   1.563   -77.32151    0.00037                                mtd14
     271   1.563   -77.32151    0.00037                                gc
     272   1.563   -77.32151    0.00037                                mtd1
     273   1.563   -77.32151    0.00037                                mtd13
     274   1.563   -77.32151    0.00037                                gc
     275   1.563   -77.32151    0.00037                                gc
     276   1.563   -77.32151    0.00037                                mtd9
     277   1.563   -77.32151    0.00037                                gc
     278   1.564   -77.32151    0.00037                                mtd6
     279   1.598   -77.32146    0.00035    0.02167       3      62     mtd7
     280   1.598   -77.32146    0.00035                                mtd2
     281   1.598   -77.32146    0.00035                                gc
     282   1.598   -77.32146    0.00035                                gc
     283   1.599   -77.32146    0.00035                                mtd9
     284   1.599   -77.32146    0.00035                                mtd4
     285   1.599   -77.32146    0.00035                                mtd9
     286   1.599   -77.32146    0.00035                                mtd14
     287   1.599   -77.32146    0.00035                                md4
     288   1.599   -77.32146    0.00035                                gc
     289   1.599   -77.32146    0.00035                                mtd14
     290   1.599   -77.32146    0.00035                                gc
     291   1.599   -77.32146    0.00035                                mtd6
     292   1.599   -77.32146    0.00035                                mtd9
     293   1.599   -77.32146    0.00035                                gc
     294   1.599   -77.32146    0.00035                                md4
     295   1.599   -77.32146    0.00035                                gc
     296   1.599   -77.32146    0.00035                                mtd4
     297   1.599   -77.32146    0.00035                                mtd12
     298   1.599   -77.32146    0.00035                                md2
     299   1.599   -77.32146    0.00035                                mtd12
     300   1.599   -77.32146    0.00035                                mtd1
     301   1.599   -77.32146    0.00035                                mtd5
     302   1.599   -77.32146    0.00035                                gc
     303   1.599   -77.32146    0.00035                                mtd7
     304   1.599   -77.32146    0.00035                                gc
     305   1.599   -77.32146    0.00035                                gc
     306   1.599   -77.32146    0.00035                                mtd7
     307   1.599   -77.32146    0.00035                                gc
     308   1.599   -77.32146    0.00035                                mtd9
     309   1.599   -77.32146    0.00035                                mtd8
     310   1.599   -77.32146    0.00035                                mtd12
     311   1.599   -77.32146    0.00035                                mtd2
     312   1.599   -77.32146    0.00035                                mtd12
     313   1.599   -77.32146    0.00035                                mtd1
     314   1.599   -77.32146    0.00035                                mtd12
     315   1.599   -77.32146    0.00035                                gc
     316   1.599   -77.32146    0.00035                                mtd4
     317   1.599   -77.32146    0.00035                                mtd4
     318   1.599   -77.32146    0.00035                                mtd14
     319   1.599   -77.32146    0.00035                                mtd2
     320   1.599   -77.32146    0.00035                                mtd9
     321   1.599   -77.32146    0.00035                                mtd11
     322   1.599   -77.32146    0.00035                                gc
     323   1.599   -77.32146    0.00035                                gc
     324   1.599   -77.32146    0.00035                                mtd7
     325   1.599   -77.32146    0.00035                                mtd10
     326   1.599   -77.32146    0.00035                                gc
     327   1.599   -77.32146    0.00035                                gc
     328   1.599   -77.32146    0.00035                                mtd9
     329   1.599   -77.32146    0.00035                                gc
     330   1.599   -77.32146    0.00035                                mtd11
     331   1.599   -77.32146    0.00035                                mtd5
     332   1.599   -77.32146    0.00035                                gc
     333   1.599   -77.32146    0.00035                                gc
     334   1.599   -77.32146    0.00035                                gc
     335   1.599   -77.32146    0.00035                                mtd4
     336   1.599   -77.32146    0.00035                                gc
     337   1.599   -77.32146    0.00035                                mtd1
     338   1.599   -77.32146    0.00035                                mtd12
     339   1.599   -77.32146    0.00035                                mtd1
     340   1.599   -77.32146    0.00035                                mtd5
     341   1.742   -77.32123    0.00027    0.01535       4      56     mtd4
     342   1.742   -77.32123    0.00027                                mtd5
     343   1.743   -77.32123    0.00027                                mtd7
     344   1.743   -77.32123    0.00027                                mtd6
     345   1.743   -77.32123    0.00027                                mtd12
     346   1.743   -77.32123    0.00027                                mtd6
     347   1.743   -77.32123    0.00027                                mtd1
     348   1.743   -77.32123    0.00027                                mtd6
     349   1.743   -77.32123    0.00027                                mtd3
     350   1.743   -77.32123    0.00027                                mtd14
     351   1.743   -77.32123    0.00027                                mtd4
     352   1.743   -77.32123    0.00027                                mtd12
     353   1.743   -77.32123    0.00027                                mtd12
     354   1.743   -77.32123    0.00027                                mtd1
     355   1.743   -77.32123    0.00027                                mtd6
     356   1.743   -77.32123    0.00027                                mtd5
     357   1.743   -77.32123    0.00027                                mtd10
     358   1.743   -77.32123    0.00027                                mtd2
     359   1.743   -77.32123    0.00027                                mtd7
     360   1.743   -77.32123    0.00027                                mtd10
     361   1.743   -77.32123    0.00027                                mtd4
     362   1.743   -77.32123    0.00027                                mtd14
     363   1.743   -77.32123    0.00027                                mtd14
     364   1.743   -77.32123    0.00027                                mtd6
     365   1.743   -77.32123    0.00027                                mtd5
     366   1.743   -77.32123    0.00027                                mtd1
     367   1.743   -77.32123    0.00027                                mtd5
     368   1.743   -77.32123    0.00027                                mtd1
     369   1.743   -77.32123    0.00027                                mtd3
     370   1.743   -77.32123    0.00027                                mtd12
     371   1.743   -77.32123    0.00027                                mtd11
     372   1.743   -77.32123    0.00027                                mtd9
     373   1.743   -77.32123    0.00027                                mtd7
     374   1.743   -77.32123    0.00027                                mtd7
     375   1.743   -77.32123    0.00027                                mtd6
     376   1.743   -77.32123    0.00027                                mtd3
     377   1.743   -77.32123    0.00027                                mtd5
     378   1.743   -77.32123    0.00027                                mtd3
     379   1.743   -77.32123    0.00027                                mtd10
     380   1.743   -77.32123    0.00027                                mtd14
     381   1.743   -77.32123    0.00027                                mtd7
     382   1.743   -77.32123    0.00027                                mtd4
     383   1.743   -77.32123    0.00027                                mtd10
     384   1.743   -77.32123    0.00027                                mtd4
     385   1.743   -77.32123    0.00027                                mtd14
     386   1.743   -77.32123    0.00027                                mtd6
     387   1.743   -77.32123    0.00027                                mtd5
     388   1.743   -77.32123    0.00027                                mtd4
     389   1.743   -77.32123    0.00027                                mtd7
     390   1.743   -77.32123    0.00027                                mtd1
     391   1.743   -77.32123    0.00027                                mtd3
     392   1.743   -77.32123    0.00027                                mtd4
     393   1.743   -77.32123    0.00027                                mtd12
     394   1.743   -77.32123    0.00027                                mtd1
     395   1.743   -77.32123    0.00027                                mtd9
     396   1.743   -77.32123    0.00027                                mtd1
     397   1.761   -77.32120    0.00027    0.01009       5      38     mtd9
     398   1.761   -77.32120    0.00027                                mtd9
     399   1.761   -77.32120    0.00027                                mtd12
     400   1.761   -77.32120    0.00027                                md8
     401   1.761   -77.32120    0.00027                                mtd2
     402   1.761   -77.32120    0.00027                                mtd5
     403   1.761   -77.32120    0.00027                                mtd2
     404   1.761   -77.32120    0.00027                                md8
     405   1.761   -77.32120    0.00027                                mtd7
     406   1.761   -77.32120    0.00027                                mtd2
     407   1.761   -77.32120    0.00027                                mtd5
     408   1.761   -77.32120    0.00027                                mtd14
     409   1.761   -77.32120    0.00027                                mtd14
     410   1.761   -77.32120    0.00027                                mtd8
     411   1.761   -77.32120    0.00027                                mtd10
     412   1.761   -77.32120    0.00027                                mtd1
     413   1.761   -77.32120    0.00027                                mtd2
     414   1.761   -77.32120    0.00027                                mtd6
     415   1.761   -77.32120    0.00027                                mtd2
     416   1.761   -77.32120    0.00027                                mtd2
     417   1.761   -77.32120    0.00027                                mtd14
     418   1.761   -77.32120    0.00027                                mtd5
     419   1.761   -77.32120    0.00027                                mtd2
     420   1.761   -77.32120    0.00027                                mtd7
     421   1.761   -77.32120    0.00027                                mtd14
     422   1.761   -77.32120    0.00027                                mtd7
     423   1.761   -77.32120    0.00027                                mtd9
     424   1.761   -77.32120    0.00027                                mtd10
     425   1.761   -77.32120    0.00027                                md8
     426   1.761   -77.32120    0.00027                                mtd3
     427   1.761   -77.32120    0.00027                                mtd1
     428   1.761   -77.32120    0.00027                                mtd14
     429   1.761   -77.32120    0.00027                                mtd12
     430   1.762   -77.32120    0.00027                                mtd9
     431   1.762   -77.32120    0.00027                                mtd6
     432   1.763   -77.32120    0.00026                                mtd13
     433   1.763   -77.32120    0.00026                                mtd14
     434   1.770   -77.32118    0.00026                                mtd14
     435   2.165   -77.32055    0.00013    0.01073       6      80     mtd9
     436   2.165   -77.32055    0.00013                                mtd9
     437   2.165   -77.32055    0.00013                                mtd9
     438   2.166   -77.32055    0.00013                                mtd3
     439   2.166   -77.32055    0.00013                                mtd5
     440   2.166   -77.32055    0.00013                                mtd11
     441   2.166   -77.32055    0.00013                                mtd10
     442   2.166   -77.32055    0.00013                                mtd2
     443   2.166   -77.32055    0.00013                                mtd9
     444   2.166   -77.32055    0.00013                                mtd9
     445   2.166   -77.32055    0.00013                                mtd6
     446   2.166   -77.32055    0.00013                                gc
     447   2.166   -77.32055    0.00013                                gc
     448   2.166   -77.32055    0.00013                                mtd6
     449   2.166   -77.32055    0.00013                                mtd13
     450   2.166   -77.32055    0.00013                                mtd4
     451   2.166   -77.32055    0.00013                                mtd8
     452   2.166   -77.32055    0.00013                                mtd3
     453   2.166   -77.32055    0.00013                                mtd9
     454   2.166   -77.32055    0.00013                                mtd6
     455   2.166   -77.32055    0.00013                                mtd4
     456   2.166   -77.32055    0.00013                                mtd12
     457   2.166   -77.32055    0.00013                                mtd5
     458   2.166   -77.32055    0.00013                                gc
     459   2.166   -77.32055    0.00013                                mtd8
     460   2.166   -77.32055    0.00013                                gc
     461   2.166   -77.32055    0.00013                                mtd6
     462   2.166   -77.32055    0.00013                                gc
     463   2.166   -77.32055    0.00013                                mtd6
     464   2.166   -77.32055    0.00013                                mtd6
     465   2.166   -77.32055    0.00013                                gc
     466   2.166   -77.32055    0.00013                                mtd6
     467   2.166   -77.32055    0.00013                                gc
     468   2.166   -77.32055    0.00013                                mtd10
     469   2.166   -77.32055    0.00013                                mtd10
     470   2.166   -77.32055    0.00013                                mtd1
     471   2.166   -77.32055    0.00013                                mtd5
     472   2.166   -77.32055    0.00013                                mtd13
     473   2.166   -77.32055    0.00013                                gc
     474   2.166   -77.32055    0.00013                                mtd2
     475   2.166   -77.32055    0.00013                                mtd6
     476   2.166   -77.32055    0.00013                                mtd6
     477   2.166   -77.32055    0.00013                                gc
     478   2.166   -77.32055    0.00013                                mtd3
     479   2.166   -77.32055    0.00013                                mtd3
     480   2.166   -77.32055    0.00013                                gc
     481   2.166   -77.32055    0.00013                                gc
     482   2.166   -77.32055    0.00013                                mtd1
     483   2.166   -77.32055    0.00013                                mtd3
     484   2.166   -77.32055    0.00013                                gc
     485   2.166   -77.32055    0.00013                                gc
     486   2.166   -77.32055    0.00013                                mtd7
     487   2.166   -77.32055    0.00013                                mtd7
     488   2.166   -77.32055    0.00013                                gc
     489   2.166   -77.32055    0.00013                                mtd3
     490   2.166   -77.32055    0.00013                                mtd3
     491   2.166   -77.32055    0.00013                                mtd5
     492   2.166   -77.32055    0.00013                                gc
     493   2.166   -77.32055    0.00013                                mtd8
     494   2.166   -77.32055    0.00013                                md1
     495   2.166   -77.32055    0.00013                                gc
     496   2.166   -77.32055    0.00013                                gc
     497   2.166   -77.32055    0.00013                                gc
     498   2.166   -77.32055    0.00013                                mtd11
     499   2.167   -77.32055    0.00013                                gc
     500   2.167   -77.32055    0.00013                                mtd5
     501   2.167   -77.32055    0.00013                                mtd6
     502   2.167   -77.32055    0.00013                                gc
     503   2.167   -77.32055    0.00013                                gc
     504   2.167   -77.32055    0.00013                                gc
     505   2.167   -77.32055    0.00013                                mtd9
     506   2.167   -77.32055    0.00013                                mtd2
     507   2.167   -77.32055    0.00013                                gc
     508   2.167   -77.32055    0.00013                                mtd3
     509   2.167   -77.32055    0.00013                                gc
     510   2.167   -77.32055    0.00013                                gc
     511   2.168   -77.32055    0.00013                                mtd7
     512   2.168   -77.32055    0.00013                                mtd1
     513   2.170   -77.32055    0.00013                                mtd14
     514   2.169   -77.32055    0.00013                                mtd3
     515   2.169   -77.32055    0.00013    0.00013       7       1     mtd7
     516   2.172   -77.32054    0.00013    0.00066       8       5     gc
     517   2.173   -77.32054    0.00013                                mtd7
     518   2.174   -77.32054    0.00013                                mtd7
     519   2.177   -77.32054    0.00013                                gc
     520   2.177   -77.32054    0.00013                                gc
     521   2.187   -77.32052    0.00013    0.00013       9       1     mtd14
     522   2.320   -77.32031    0.00010    0.00392      10      38     mtd9
     523   2.321   -77.32031    0.00010                                gc
     524   2.321   -77.32031    0.00010                                mtd9
     525   2.321   -77.32031    0.00010                                md6
     526   2.321   -77.32031    0.00010                                gc
     527   2.321   -77.32031    0.00010                                mtd9
     528   2.321   -77.32031    0.00010                                mtd11
     529   2.321   -77.32031    0.00010                                mtd1
     530   2.321   -77.32031    0.00010                                mtd9
     531   2.321   -77.32031    0.00010                                mtd7
     532   2.321   -77.32031    0.00010                                mtd1
     533   2.321   -77.32031    0.00010                                mtd5
     534   2.321   -77.32031    0.00010                                gc
     535   2.321   -77.32031    0.00010                                mtd13
     536   2.321   -77.32031    0.00010                                mtd5
     537   2.321   -77.32031    0.00010                                gc
     538   2.321   -77.32031    0.00010                                mtd1
     539   2.321   -77.32031    0.00010                                mtd6
     540   2.321   -77.32031    0.00010                                gc
     541   2.321   -77.32031    0.00010                                gc
     542   2.321   -77.32031    0.00010                                mtd5
     543   2.321   -77.32031    0.00010                                gc
     544   2.321   -77.32031    0.00010                                mtd2
     545   2.322   -77.32031    0.00010                                mtd5
     546   2.322   -77.32031    0.00010                                mtd11
     547   2.322   -77.32031    0.00010                                mtd5
     548   2.322   -77.32031    0.00010                                mtd1
     549   2.322   -77.32031    0.00010                                mtd12
     550   2.322   -77.32031    0.00010                                gc
     551   2.322   -77.32031    0.00010                                mtd6
     552   2.322   -77.32031    0.00010                                mtd5
     553   2.322   -77.32031    0.00010                                mtd12
     554   2.322   -77.32030    0.00010                                mtd7
     555   2.322   -77.32030    0.00010                                mtd10
     556   2.323   -77.32030    0.00010                                mtd6
     557   2.323   -77.32030    0.00010                                mtd9
     558   2.326   -77.32030    0.00010                                mtd11
     559   2.331   -77.32029    0.00010                                mtd12
     560   2.541   -77.31996    0.00007    0.00050      11       7     mtd1
     561   2.541   -77.31996    0.00007                                mtd12
     562   2.541   -77.31996    0.00007                                mtd14
     563   2.541   -77.31996    0.00007                                mtd2
     564   2.541   -77.31996    0.00007                                mtd14
     565   2.542   -77.31995    0.00007                                mtd8
     566   2.545   -77.31995    0.00007                                mtd10
     567   2.547   -77.31995    0.00007    0.00014      12       2     mtd4
     568   2.554   -77.31993    0.00007                                mtd3
     569   2.576   -77.31990    0.00007    0.00121      13      18     mtd9
     570   2.576   -77.31990    0.00007                                gc
     571   2.576   -77.31990    0.00007                                mtd3
     572   2.576   -77.31990    0.00007                                gc
     573   2.576   -77.31990    0.00007                                gc
     574   2.576   -77.31990    0.00007                                gc
     575   2.576   -77.31990    0.00007                                gc
     576   2.576   -77.31990    0.00007                                gc
     577   2.576   -77.31990    0.00007                                gc
     578   2.576   -77.31990    0.00007                                mtd9
     579   2.576   -77.31990    0.00007                                gc
     580   2.576   -77.31990    0.00007                                gc
     581   2.576   -77.31990    0.00007                                gc
     582   2.576   -77.31990    0.00007                                gc
     583   2.576   -77.31990    0.00007                                gc
     584   2.576   -77.31990    0.00007                                mtd5
     585   2.578   -77.31990    0.00007                                gc
     586   2.577   -77.31990    0.00007                                mtd6
     587   2.577   -77.31990    0.00007    0.00007      14       1     gc
     588   2.598   -77.31987    0.00006    0.00013      15       2     gc
     589   2.599   -77.31986    0.00006                                gc
     590   2.698   -77.31971    0.00005    0.00005      16       1     mtd3
     591   2.716   -77.31968    0.00005    0.00027      17       5     gc
     592   2.717   -77.31968    0.00005                                gc
     593   2.717   -77.31968    0.00005                                gc
     594   2.717   -77.31968    0.00005                                gc
     595   2.717   -77.31968    0.00005                                gc
     596   2.768   -77.31959    0.00005    0.00063      18      13     mtd7
     597   2.768   -77.31959    0.00005                                mtd1
     598   2.769   -77.31959    0.00005                                mtd10
     599   2.769   -77.31959    0.00005                                mtd1
     600   2.769   -77.31959    0.00005                                mtd14
     601   2.770   -77.31959    0.00005                                mtd1
     602   2.770   -77.31959    0.00005                                mtd4
     603   2.770   -77.31959    0.00005                                mtd3
     604   2.770   -77.31959    0.00005                                mtd11
     605   2.770   -77.31959    0.00005                                mtd7
     606   2.770   -77.31959    0.00005                                mtd4
     607   2.771   -77.31959    0.00005                                mtd7
     608   2.773   -77.31959    0.00005                                mtd10
     609   2.800   -77.31954    0.00005    0.00028      19       6     mtd5
     610   2.800   -77.31954    0.00005                                mtd6
     611   2.800   -77.31954    0.00005                                mtd5
     612   2.800   -77.31954    0.00005                                mtd6
     613   2.800   -77.31954    0.00005                                mtd2
     614   2.800   -77.31954    0.00005                                mtd5
     615   2.811   -77.31953    0.00005    0.00199      20      44     mtd1
     616   2.811   -77.31953    0.00005                                md4
     617   2.811   -77.31953    0.00005                                mtd2
     618   2.811   -77.31953    0.00005                                mtd5
     619   2.811   -77.31953    0.00005                                mtd1
     620   2.811   -77.31953    0.00005                                mtd9
     621   2.811   -77.31953    0.00005                                mtd7
     622   2.811   -77.31953    0.00005                                mtd1
     623   2.811   -77.31953    0.00005                                mtd7
     624   2.811   -77.31953    0.00005                                mtd9
     625   2.811   -77.31953    0.00005                                mtd12
     626   2.811   -77.31953    0.00005                                mtd11
     627   2.811   -77.31953    0.00005                                mtd7
     628   2.811   -77.31952    0.00005                                mtd7
     629   2.811   -77.31952    0.00005                                mtd5
     630   2.811   -77.31952    0.00005                                mtd5
     631   2.811   -77.31952    0.00005                                mtd5
     632   2.811   -77.31952    0.00005                                mtd7
     633   2.811   -77.31952    0.00005                                mtd4
     634   2.811   -77.31952    0.00005                                mtd1
     635   2.811   -77.31952    0.00005                                mtd11
     636   2.811   -77.31952    0.00005                                mtd2
     637   2.811   -77.31952    0.00005                                mtd7
     638   2.811   -77.31952    0.00005                                mtd7
     639   2.811   -77.31952    0.00005                                mtd6
     640   2.811   -77.31952    0.00005                                mtd4
     641   2.811   -77.31952    0.00005                                mtd5
     642   2.811   -77.31952    0.00005                                mtd12
     643   2.811   -77.31952    0.00005                                mtd9
     644   2.811   -77.31952    0.00005                                mtd5
     645   2.811   -77.31952    0.00005                                mtd12
     646   2.811   -77.31952    0.00005                                mtd12
     647   2.811   -77.31952    0.00005                                mtd1
     648   2.811   -77.31952    0.00005                                mtd5
     649   2.811   -77.31952    0.00005                                mtd5
     650   2.811   -77.31952    0.00005                                mtd9
     651   2.812   -77.31952    0.00005                                mtd12
     652   2.812   -77.31952    0.00005                                mtd6
     653   2.812   -77.31952    0.00005                                mtd6
     654   2.812   -77.31952    0.00005                                mtd1
     655   2.812   -77.31952    0.00005                                mtd1
     656   2.812   -77.31952    0.00005                                md4
     657   2.812   -77.31952    0.00005                                mtd6
     658   2.813   -77.31952    0.00005                                mtd1
     659   2.819   -77.31951    0.00004    0.00018      21       4     mtd13
     660   2.819   -77.31951    0.00004                                mtd3
     661   2.819   -77.31951    0.00004                                mtd8
     662   2.819   -77.31951    0.00004                                mtd2
     663   2.853   -77.31946    0.00004    0.00013      22       3     mtd12
     664   2.854   -77.31946    0.00004                                mtd7
     665   2.854   -77.31946    0.00004                                mtd2
     666   2.855   -77.31946    0.00004    0.00004      23       1     mtd6
     667   2.855   -77.31946    0.00004    0.00008      24       2     mtd5
     668   2.856   -77.31945    0.00004                                mtd5
     669   2.856   -77.31945    0.00004    0.00008      25       2     mtd14
     670   2.854   -77.31946    0.00004                                mtd6
     671   2.857   -77.31945    0.00004    0.00004      26       1     mtd9
     672   2.862   -77.31944    0.00004    0.00004      27       1     mtd3
     673   2.868   -77.31943    0.00004    0.00004      28       1     mtd6
     674   2.945   -77.31931    0.00004    0.00054      29      15     mtd5
     675   2.945   -77.31931    0.00004                                mtd7
     676   2.945   -77.31931    0.00004                                mtd7
     677   2.945   -77.31931    0.00004                                mtd11
     678   2.945   -77.31931    0.00004                                mtd12
     679   2.945   -77.31931    0.00004                                mtd5
     680   2.946   -77.31931    0.00004                                mtd11
     681   2.946   -77.31931    0.00004                                mtd6
     682   2.946   -77.31931    0.00004                                mtd2
     683   2.946   -77.31931    0.00004                                mtd2
     684   2.946   -77.31931    0.00004                                mtd5
     685   2.946   -77.31931    0.00004                                mtd5
     686   2.946   -77.31931    0.00004                                mtd6
     687   2.946   -77.31931    0.00004                                md6
     688   2.949   -77.31931    0.00004                                mtd7
     689   3.061   -77.31913    0.00003    0.00003      30       1     mtd6
     690   3.095   -77.31907    0.00003    0.00047      31      17     mtd10
     691   3.095   -77.31907    0.00003                                mtd10
     692   3.095   -77.31907    0.00003                                mtd12
     693   3.096   -77.31907    0.00003                                mtd7
     694   3.096   -77.31907    0.00003                                mtd1
     695   3.097   -77.31907    0.00003                                mtd10
     696   3.097   -77.31907    0.00003                                mtd3
     697   3.097   -77.31907    0.00003                                mtd2
     698   3.097   -77.31907    0.00003                                mtd10
     699   3.097   -77.31907    0.00003                                mtd1
     700   3.098   -77.31907    0.00003                                mtd1
     701   3.098   -77.31907    0.00003                                mtd10
     702   3.098   -77.31907    0.00003                                mtd1
     703   3.098   -77.31907    0.00003                                mtd8
     704   3.099   -77.31907    0.00003                                mtd12
     705   3.102   -77.31906    0.00003                                mtd7
     706   3.104   -77.31906    0.00003                                mtd2
     707   3.147   -77.31899    0.00003    0.00003      32       1     mtd3
     708   3.321   -77.31871    0.00002    0.00006      33       3     gc
     709   3.321   -77.31871    0.00002                                gc
     710   3.322   -77.31871    0.00002                                mtd3
     711   3.596   -77.31827    0.00001    0.00011      34       9     mtd5
     712   3.596   -77.31827    0.00001                                mtd3
     713   3.596   -77.31827    0.00001                                mtd10
     714   3.596   -77.31827    0.00001                                mtd6
     715   3.596   -77.31827    0.00001                                mtd2
     716   3.596   -77.31827    0.00001                                mtd10
     717   3.596   -77.31827    0.00001                                mtd6
     718   3.596   -77.31827    0.00001                                mtd5
     719   3.596   -77.31827    0.00001                                mtd1
     720   3.659   -77.31817    0.00001    0.00002      35       2     mtd5
     721   3.659   -77.31817    0.00001                                mtd5
     722   3.708   -77.31810    0.00001    0.00002      36       2     mtd1
     723   3.709   -77.31809    0.00001                                mtd1
     724   3.725   -77.31807    0.00001    0.00008      37       8     mtd1
     725   3.725   -77.31807    0.00001                                mtd1
     726   3.725   -77.31807    0.00001                                mtd11
     727   3.732   -77.31806    0.00001                                mtd9
     728   3.732   -77.31806    0.00001                                mtd6
     729   3.732   -77.31806    0.00001                                mtd1
     730   3.732   -77.31806    0.00001                                mtd11
     731   3.736   -77.31805    0.00001                                mtd7
     732   3.743   -77.31804    0.00001    0.00009      38      10     mtd1
     733   3.743   -77.31804    0.00001                                mtd1
     734   3.743   -77.31804    0.00001                                mtd10
     735   3.743   -77.31804    0.00001                                mtd1
     736   3.743   -77.31804    0.00001                                mtd1
     737   3.731   -77.31806    0.00001                                mtd12
     738   3.731   -77.31806    0.00001                                mtd5
     739   3.731   -77.31806    0.00001                                mtd12
     740   3.731   -77.31806    0.00001                                mtd3
     741   3.732   -77.31806    0.00001                                mtd9
     742   3.762   -77.31801    0.00001    0.00001      39       1     mtd2
     743   3.969   -77.31768    0.00001    0.00001      40       1     mtd12
     744   4.030   -77.31758    0.00001    0.00002      41       4     mtd14
     745   4.030   -77.31758    0.00001                                mtd8
     746   4.030   -77.31758    0.00001                                mtd12
     747   4.030   -77.31758    0.00001                                mtd6
     748   4.030   -77.31758    0.00001    0.00001      42       2     mtd8
     749   4.031   -77.31758    0.00001                                mtd11
     750   4.105   -77.31746    0.00001    0.00002      43       3     mtd4
     751   4.106   -77.31746    0.00001                                mtd11
     752   4.107   -77.31746    0.00001                                mtd14
     753   4.238   -77.31725    0.00000    0.00000      44       1     mtd14
     754   4.239   -77.31725    0.00000    0.00004      45       9     mtd11
     755   4.239   -77.31725    0.00000                                mtd12
     756   4.239   -77.31725    0.00000                                mtd5
     757   4.239   -77.31725    0.00000                                mtd12
     758   4.239   -77.31725    0.00000                                mtd7
     759   4.239   -77.31725    0.00000                                mtd1
     760   4.239   -77.31725    0.00000                                mtd12
     761   4.239   -77.31725    0.00000                                mtd12
     762   4.239   -77.31725    0.00000                                mtd10
     763   4.271   -77.31720    0.00000    0.00004      46      10     mtd9
     764   4.271   -77.31720    0.00000                                mtd10
     765   4.271   -77.31720    0.00000                                mtd10
     766   4.271   -77.31720    0.00000                                mtd6
     767   4.272   -77.31720    0.00000                                mtd10
     768   4.272   -77.31720    0.00000                                mtd10
     769   4.272   -77.31720    0.00000                                mtd7
     770   4.273   -77.31720    0.00000                                mtd5
     771   4.273   -77.31720    0.00000                                mtd2
     772   4.273   -77.31720    0.00000                                mtd9
     773   4.276   -77.31719    0.00000    0.00001      47       2     mtd7
     774   4.289   -77.31717    0.00000                                mtd9
     775   4.280   -77.31719    0.00000    0.00000      48       1     mtd6
     776   4.368   -77.31704    0.00000    0.00000      49       1     mtd5
     777   4.703   -77.31651    0.00000    0.00000      50       1     mtd11
     778   4.724   -77.31648    0.00000    0.00000      51       1     mtd9
     779   4.900   -77.31620    0.00000    0.00000      52       1     mtd2
     780   4.924   -77.31616    0.00000    0.00000      53       1     mtd5
     781   4.991   -77.31605    0.00000    0.00000      54       1     mtd10
     782   4.999   -77.31604    0.00000    0.00000      55       1     mtd4
     783   5.185   -77.31574    0.00000    0.00000      56       2     mtd14
     784   5.210   -77.31570    0.00000                                mtd1
     785   5.443   -77.31533    0.00000    0.00000      57       1     mtd1
     786   5.626   -77.31504    0.00000    0.00000      58       1     mtd11
T /K                                  :   298.15
E lowest                              :   -77.32401
ensemble average energy (kcal)        :    0.197
ensemble entropy (J/mol K, cal/mol K) :   46.518   11.118
ensemble free energy (kcal/mol)       :   -3.315
population of lowest in %             :   89.043
 number of unique conformers for further calc           58
 list of relative energies saved as "crest.energies"

 -----------------
 Wall Time Summary
 -----------------
             test MD wall time :         0h : 0m : 8s
                 MTD wall time :         0h :17m :31s
      multilevel OPT wall time :         1h :23m :43s
                  MD wall time :         0h :13m : 8s
                  GC wall time :         0h : 9m :21s
--------------------
Overall wall time  : 2h :13m :32s

 CREST terminated normally.
