****************************************************************
  Sure Independence Screening and Sparsifying Operator (SISSO)  
             Version SISSO.3.3, July, 2023.                
****************************************************************

Read in data from train.dat
Read in data from SISSO.in
Property type:     1
Number of tasks:        1
Descriptor dimension:        2
Number of samples for the task(s):     36
Restarts :  0
Number of scalar features:       24
Tier of the feature space:        3
Maximal feature complexity (number of operators in a feature):        6
Unit of input primary feature, each represented by a row vector: 
    1.00
    1.00
    1.00
    1.00
    1.00
    1.00
    1.00
    1.00
    1.00
    1.00
    1.00
    1.00
    1.00
    1.00
    1.00
    1.00
    1.00
    1.00
    1.00
    1.00
    1.00
    1.00
    1.00
    1.00
The feature will be discarded if the minimum of the maximal abs. value in it <    0.10000E-02
The faature will be discarded if the maximum of the maximal abs. value in it >     0.10000E+06
Size of the SIS-selected (single) subspace :  10000 10000
Operators for feature construction: (+)(-)(*) (+)(-)(*) (+)(-)(*) 
Method for sparse regression:  L0        
Fitting intercept:      T
Metric for model selection: RMSE
Number of the top-ranked models to output:      100
--------------------------------------------------------------------------------

Dimension:   1
-------------------
Feature Construction (FC) starts ...
Population Standard Deviation (SD) of the task 001:   10.66737
Total number of features in the space phi00:             24
Total number of features in the space phi01:            999
Total number of features in the space phi02:         464140
Total number of features in the space phi03:    21877863748
Size of the SIS-selected subspace from phi03:      10000
Time (second) used for this FC:         3300.50

Descriptor Identification (DI) starts ...
Total number of SIS-selected features from all dimensions:      10000
 
  1D descriptor: 
     d001 = (((feature18+feature23)-feature24)*((feature12-feature14)+(feature23-feature14)))    feature_ID:000001

  1D model(y=sum(ci*di)+c0): 
     coeff.(ci)_task001:    -0.1953455547E+02
             c0_task001:     0.5351645084E+01
     RMSE,MaxAE_task001:     0.5444158853E+01    0.1413835417E+02

     RMSE and MaxAE of the model:   5.444159 14.138354
--------------------------------------------------------------------------------
Time (second) used for this DI:            0.10

Dimension:   2
-------------------
Feature Construction (FC) starts ...
Total number of features in the space phi00:             24
Total number of features in the space phi01:            999
Total number of features in the space phi02:         464140
Total number of features in the space phi03:    21877863748
Size of the SIS-selected subspace from phi03:      10000
Time (second) used for this FC:         3296.51

Descriptor Identification (DI) starts ...
Total number of SIS-selected features from all dimensions:      20000
 
Final model/descriptor !
================================================================================
  2D descriptor: 
     d001 = (((feature1+feature12)+(feature22-feature14))-((feature14-feature8)-feature9))    feature_ID:000619
     d002 = ((feature18*(feature17-feature19))*((feature20-feature24)*(feature21-feature23)))    feature_ID:011915

  2D model(y=sum(ci*di)+c0): 
     coeff.(ci)_task001:    -0.1082212506E+02    0.1855284005E+03
             c0_task001:     0.7064964584E+01
     RMSE,MaxAE_task001:     0.3219804851E+01    0.7962921960E+01

     RMSE and MaxAE of the model:   3.219805  7.962922
================================================================================
Time (second) used for this DI:           25.66
Total time (second):         6624.06
Have a nice day !    

