****************************************************************
  Sure Independence Screening and Sparsifying Operator (SISSO)  
             Version SISSO.3.3, July, 2023.                
****************************************************************

Read in data from train.dat
Read in data from SISSO.in
Property type:     1
Number of tasks:        1
Descriptor dimension:        2
Number of samples for the task(s):     36
Restarts :  0
Number of scalar features:       21
Tier of the feature space:        3
Maximal feature complexity (number of operators in a feature):        6
Unit of input primary feature, each represented by a row vector: 
    1.00
    1.00
    1.00
    1.00
    1.00
    1.00
    1.00
    1.00
    1.00
    1.00
    1.00
    1.00
    1.00
    1.00
    1.00
    1.00
    1.00
    1.00
    1.00
    1.00
    1.00
The feature will be discarded if the minimum of the maximal abs. value in it <    0.10000E-02
The faature will be discarded if the maximum of the maximal abs. value in it >     0.10000E+06
Size of the SIS-selected (single) subspace :  10000 10000
Operators for feature construction: (+)(-)(*) (+)(-)(*) (+)(-)(*) 
Method for sparse regression:  L0        
Fitting intercept:      T
Metric for model selection: RMSE
Number of the top-ranked models to output:      100
--------------------------------------------------------------------------------

Dimension:   1
-------------------
Feature Construction (FC) starts ...
Population Standard Deviation (SD) of the task 001:   10.73800
Total number of features in the space phi00:             21
Total number of features in the space phi01:            761
Total number of features in the space phi02:         272212
Total number of features in the space phi03:     8567602233
Size of the SIS-selected subspace from phi03:      10000
Time (second) used for this FC:         1530.16

Descriptor Identification (DI) starts ...
Total number of SIS-selected features from all dimensions:      10000
 
  1D descriptor: 
     d001 = (((feature15-feature20)*(feature21-feature20))-(feature12*feature15))    feature_ID:000001

  1D model(y=sum(ci*di)+c0): 
     coeff.(ci)_task001:    -0.4201710236E+02
             c0_task001:    -0.4009055072E+01
     RMSE,MaxAE_task001:     0.5384055311E+01    0.1540073316E+02

     RMSE and MaxAE of the model:   5.384055 15.400733
--------------------------------------------------------------------------------
Time (second) used for this DI:            0.13

Dimension:   2
-------------------
Feature Construction (FC) starts ...
Total number of features in the space phi00:             21
Total number of features in the space phi01:            761
Total number of features in the space phi02:         272212
Total number of features in the space phi03:     8567602233
Size of the SIS-selected subspace from phi03:      10000
Time (second) used for this FC:         1525.60

Descriptor Identification (DI) starts ...
Total number of SIS-selected features from all dimensions:      20000
 
Final model/descriptor !
================================================================================
  2D descriptor: 
     d001 = (((feature12+feature16)-feature18)*((feature10+feature19)-(feature15+feature18)))    feature_ID:008028
     d002 = (((feature13+feature20)-feature18)*((feature1+feature15)*(feature19-feature21)))    feature_ID:017800

  2D model(y=sum(ci*di)+c0): 
     coeff.(ci)_task001:    -0.3727521311E+02   -0.1440504478E+03
             c0_task001:     0.2811600836E+01
     RMSE,MaxAE_task001:     0.3883752021E+01    0.1306326447E+02

     RMSE and MaxAE of the model:   3.883752 13.063264
================================================================================
Time (second) used for this DI:           25.49
Total time (second):         3082.23
Have a nice day !    

