****************************************************************
  Sure Independence Screening and Sparsifying Operator (SISSO)  
             Version SISSO.3.3, July, 2023.                
****************************************************************

Read in data from train.dat
Read in data from SISSO.in
Property type:     1
Number of tasks:        1
Descriptor dimension:        2
Number of samples for the task(s):     36
Restarts :  0
Number of scalar features:       22
Tier of the feature space:        3
Maximal feature complexity (number of operators in a feature):        6
Unit of input primary feature, each represented by a row vector: 
    1.00
    1.00
    1.00
    1.00
    1.00
    1.00
    1.00
    1.00
    1.00
    1.00
    1.00
    1.00
    1.00
    1.00
    1.00
    1.00
    1.00
    1.00
    1.00
    1.00
    1.00
    1.00
The feature will be discarded if the minimum of the maximal abs. value in it <    0.10000E-02
The faature will be discarded if the maximum of the maximal abs. value in it >     0.10000E+06
Size of the SIS-selected (single) subspace :  10000 10000
Operators for feature construction: (+)(-)(*) (+)(-)(*) (+)(-)(*) 
Method for sparse regression:  L0        
Fitting intercept:      T
Metric for model selection: RMSE
Number of the top-ranked models to output:      100
--------------------------------------------------------------------------------

Dimension:   1
-------------------
Feature Construction (FC) starts ...
Population Standard Deviation (SD) of the task 001:   22.77339
Total number of features in the space phi00:             22
Total number of features in the space phi01:            800
Total number of features in the space phi02:         306969
Total number of features in the space phi03:    10540912391
Size of the SIS-selected subspace from phi03:      10000
Time (second) used for this FC:         1796.84

Descriptor Identification (DI) starts ...
Total number of SIS-selected features from all dimensions:      10000
 
  1D descriptor: 
     d001 = (((feature13+feature15)-feature21)*((feature14-feature15)-(feature22-feature7)))    feature_ID:000001

  1D model(y=sum(ci*di)+c0): 
     coeff.(ci)_task001:    -0.2874383855E+02
             c0_task001:     0.2923477536E+02
     RMSE,MaxAE_task001:     0.1006609707E+02    0.2655365342E+02

     RMSE and MaxAE of the model:  10.066097 26.553653
--------------------------------------------------------------------------------
Time (second) used for this DI:            0.10

Dimension:   2
-------------------
Feature Construction (FC) starts ...
Total number of features in the space phi00:             22
Total number of features in the space phi01:            800
Total number of features in the space phi02:         306969
Total number of features in the space phi03:    10540912391
Size of the SIS-selected subspace from phi03:      10000
Time (second) used for this FC:         1801.61

Descriptor Identification (DI) starts ...
Total number of SIS-selected features from all dimensions:      20000
 
Final model/descriptor !
================================================================================
  2D descriptor: 
     d001 = ((feature22*(feature14-feature15))*((feature13+feature15)-(feature7+feature21)))    feature_ID:000013
     d002 = (((feature1+feature22)-feature21)*((feature3+feature20)*(feature19-feature20)))    feature_ID:010368

  2D model(y=sum(ci*di)+c0): 
     coeff.(ci)_task001:    -0.1151997736E+03    0.1475904762E+03
             c0_task001:     0.3446868100E+02
     RMSE,MaxAE_task001:     0.7293240906E+01    0.1789735829E+02

     RMSE and MaxAE of the model:   7.293241 17.897358
================================================================================
Time (second) used for this DI:           25.42
Total time (second):         3624.99
Have a nice day !    

