****************************************************************
  Sure Independence Screening and Sparsifying Operator (SISSO)  
             Version SISSO.3.3, July, 2023.                
****************************************************************

Read in data from train.dat
Read in data from SISSO.in
Property type:     1
Number of tasks:        1
Descriptor dimension:        2
Number of samples for the task(s):     36
Restarts :  0
Number of scalar features:       24
Tier of the feature space:        3
Maximal feature complexity (number of operators in a feature):        6
Unit of input primary feature, each represented by a row vector: 
    1.00
    1.00
    1.00
    1.00
    1.00
    1.00
    1.00
    1.00
    1.00
    1.00
    1.00
    1.00
    1.00
    1.00
    1.00
    1.00
    1.00
    1.00
    1.00
    1.00
    1.00
    1.00
    1.00
    1.00
The feature will be discarded if the minimum of the maximal abs. value in it <    0.10000E-02
The faature will be discarded if the maximum of the maximal abs. value in it >     0.10000E+06
Size of the SIS-selected (single) subspace :  10000 10000
Operators for feature construction: (+)(-)(*) (+)(-)(*) (+)(-)(*) 
Method for sparse regression:  L0        
Fitting intercept:      T
Metric for model selection: RMSE
Number of the top-ranked models to output:      100
--------------------------------------------------------------------------------

Dimension:   1
-------------------
Feature Construction (FC) starts ...
Population Standard Deviation (SD) of the task 001:   98.88609
Total number of features in the space phi00:             24
Total number of features in the space phi01:            998
Total number of features in the space phi02:         431786
Total number of features in the space phi03:    19802974449
Size of the SIS-selected subspace from phi03:      10000
Time (second) used for this FC:         2979.51

Descriptor Identification (DI) starts ...
Total number of SIS-selected features from all dimensions:      10000
 
  1D descriptor: 
     d001 = ((feature21*(feature18-feature23))+((feature3+feature5)*(feature15-feature20)))    feature_ID:000001

  1D model(y=sum(ci*di)+c0): 
     coeff.(ci)_task001:     0.3354697499E+03
             c0_task001:     0.3467692403E+03
     RMSE,MaxAE_task001:     0.2459617856E+02    0.7163450667E+02

     RMSE and MaxAE of the model:  24.596179 71.634507
--------------------------------------------------------------------------------
Time (second) used for this DI:            0.09

Dimension:   2
-------------------
Feature Construction (FC) starts ...
Total number of features in the space phi00:             24
Total number of features in the space phi01:            998
Total number of features in the space phi02:         431786
Total number of features in the space phi03:    19802974449
Size of the SIS-selected subspace from phi03:      10000
Time (second) used for this FC:         2980.78

Descriptor Identification (DI) starts ...
Total number of SIS-selected features from all dimensions:      20000
 
Final model/descriptor !
================================================================================
  2D descriptor: 
     d001 = ((feature21*(feature18-feature23))+((feature3+feature5)*(feature15-feature20)))    feature_ID:000001
     d002 = ((feature22*(feature18-feature22))*((feature15-feature17)+(feature15-feature19)))    feature_ID:010001

  2D model(y=sum(ci*di)+c0): 
     coeff.(ci)_task001:     0.3413256801E+03   -0.2324500407E+03
             c0_task001:     0.3505058591E+03
     RMSE,MaxAE_task001:     0.1478505010E+02    0.3226964897E+02

     RMSE and MaxAE of the model:  14.785050 32.269649
================================================================================
Time (second) used for this DI:           25.51
Total time (second):         6019.62
Have a nice day !    

