****************************************************************
  Sure Independence Screening and Sparsifying Operator (SISSO)  
             Version SISSO.3.3, July, 2023.                
****************************************************************

Read in data from train.dat
Read in data from SISSO.in
Property type:     1
Number of tasks:        1
Descriptor dimension:        2
Number of samples for the task(s):     36
Restarts :  0
Number of scalar features:       20
Tier of the feature space:        3
Maximal feature complexity (number of operators in a feature):        6
Unit of input primary feature, each represented by a row vector: 
    1.00
    1.00
    1.00
    1.00
    1.00
    1.00
    1.00
    1.00
    1.00
    1.00
    1.00
    1.00
    1.00
    1.00
    1.00
    1.00
    1.00
    1.00
    1.00
    1.00
The feature will be discarded if the minimum of the maximal abs. value in it <    0.10000E-02
The faature will be discarded if the maximum of the maximal abs. value in it >     0.10000E+06
Size of the SIS-selected (single) subspace :  10000 10000
Operators for feature construction: (+)(-)(*) (+)(-)(*) (+)(-)(*) 
Method for sparse regression:  L0        
Fitting intercept:      T
Metric for model selection: RMSE
Number of the top-ranked models to output:      100
--------------------------------------------------------------------------------

Dimension:   1
-------------------
Feature Construction (FC) starts ...
Population Standard Deviation (SD) of the task 001:   11.17836
Total number of features in the space phi00:             20
Total number of features in the space phi01:            700
Total number of features in the space phi02:         232057
Total number of features in the space phi03:     6465917199
Size of the SIS-selected subspace from phi03:      10000
Time (second) used for this FC:         1263.83

Descriptor Identification (DI) starts ...
Total number of SIS-selected features from all dimensions:      10000
 
  1D descriptor: 
     d001 = (((feature11+feature18)-feature19)*((feature13+feature20)-(feature8+feature18)))    feature_ID:000001

  1D model(y=sum(ci*di)+c0): 
     coeff.(ci)_task001:     0.2766887383E+02
             c0_task001:     0.4632356702E+01
     RMSE,MaxAE_task001:     0.5306651990E+01    0.1641888042E+02

     RMSE and MaxAE of the model:   5.306652 16.418880
--------------------------------------------------------------------------------
Time (second) used for this DI:            0.10

Dimension:   2
-------------------
Feature Construction (FC) starts ...
Total number of features in the space phi00:             20
Total number of features in the space phi01:            700
Total number of features in the space phi02:         232057
Total number of features in the space phi03:     6465917199
Size of the SIS-selected subspace from phi03:      10000
Time (second) used for this FC:         1268.24

Descriptor Identification (DI) starts ...
Total number of SIS-selected features from all dimensions:      20000
 
Final model/descriptor !
================================================================================
  2D descriptor: 
     d001 = ((feature11*(feature13*feature20))*((feature11+feature13)-(feature19-feature2)))    feature_ID:001354
     d002 = (((feature20-feature18)-feature18)*((feature1-feature20)*(feature17-feature19)))    feature_ID:010004

  2D model(y=sum(ci*di)+c0): 
     coeff.(ci)_task001:     0.4725802751E+02   -0.1542747863E+03
             c0_task001:     0.2650099677E+01
     RMSE,MaxAE_task001:     0.3752711016E+01    0.1388951758E+02

     RMSE and MaxAE of the model:   3.752711 13.889518
================================================================================
Time (second) used for this DI:           26.23
Total time (second):         2559.11
Have a nice day !    

