forrtl: No such file or directory
forrtl: No such file or directory
forrtl: No such file or directory
forrtl: No such file or directory
forrtl: No such file or directory
forrtl: No such file or directory
forrtl: No such file or directory
forrtl: No such file or directory
forrtl: No such file or directory
forrtl: No such file or directory
forrtl: severe (29): file not found, unit 0, file /scratch/user/peterchao1/Plastic_Crystal/extra_molecules/update_42/v8/year_2/classification/2023.0/SISSO.in
Image              PC                Routine            Line        Source             
SISSO_3.3          0000000000493B3C  Unknown               Unknown  Unknown
SISSO_3.3          00000000004A9FCE  Unknown               Unknown  Unknown
SISSO_3.3          000000000048CF5F  Unknown               Unknown  Unknown
SISSO_3.3          000000000048557C  Unknown               Unknown  Unknown
SISSO_3.3          000000000040362E  Unknown               Unknown  Unknown
libc-2.17.so       00002B2EC1C7E555  __libc_start_main     Unknown  Unknown
SISSO_3.3          0000000000403529  Unknown               Unknown  Unknown
forrtl: severe (29): file not found, unit 0, file /scratch/user/peterchao1/Plastic_Crystal/extra_molecules/update_42/v8/year_2/classification/2023.0/SISSO.in
Image              PC                Routine            Line        Source             
SISSO_3.3          0000000000493B3C  Unknown               Unknown  Unknown
SISSO_3.3          00000000004A9FCE  Unknown               Unknown  Unknown
SISSO_3.3          000000000048CF5F  Unknown               Unknown  Unknown
SISSO_3.3          000000000048557C  Unknown               Unknown  Unknown
SISSO_3.3          000000000040362E  Unknown               Unknown  Unknown
libc-2.17.so       00002B9313223555  __libc_start_main     Unknown  Unknown
SISSO_3.3          0000000000403529  Unknown               Unknown  Unknown
forrtl: severe (29): file not found, unit 0, file /scratch/user/peterchao1/Plastic_Crystal/extra_molecules/update_42/v8/year_2/classification/2023.0/SISSO.in
Image              PC                Routine            Line        Source             
SISSO_3.3          0000000000493B3C  Unknown               Unknown  Unknown
SISSO_3.3          00000000004A9FCE  Unknown               Unknown  Unknown
SISSO_3.3          000000000048CF5F  Unknown               Unknown  Unknown
SISSO_3.3          000000000048557C  Unknown               Unknown  Unknown
SISSO_3.3          000000000040362E  Unknown               Unknown  Unknown
libc-2.17.so       00002B0E017B5555  __libc_start_main     Unknown  Unknown
SISSO_3.3          0000000000403529  Unknown               Unknown  Unknown
forrtl: severe (29): file not found, unit 0, file /scratch/user/peterchao1/Plastic_Crystal/extra_molecules/update_42/v8/year_2/classification/2023.0/SISSO.in
Image              PC                Routine            Line        Source             
SISSO_3.3          0000000000493B3C  Unknown               Unknown  Unknown
SISSO_3.3          00000000004A9FCE  Unknown               Unknown  Unknown
SISSO_3.3          000000000048CF5F  Unknown               Unknown  Unknown
SISSO_3.3          000000000048557C  Unknown               Unknown  Unknown
SISSO_3.3          000000000040362E  Unknown               Unknown  Unknown
libc-2.17.so       00002B48E89F1555  __libc_start_main     Unknown  Unknown
SISSO_3.3          0000000000403529  Unknown               Unknown  Unknown
forrtl: severe (29): file not found, unit 0, file /scratch/user/peterchao1/Plastic_Crystal/extra_molecules/update_42/v8/year_2/classification/2023.0/SISSO.in
Image              PC                Routine            Line        Source             
SISSO_3.3          0000000000493B3C  Unknown               Unknown  Unknown
SISSO_3.3          00000000004A9FCE  Unknown               Unknown  Unknown
SISSO_3.3          000000000048CF5F  Unknown               Unknown  Unknown
SISSO_3.3          000000000048557C  Unknown               Unknown  Unknown
SISSO_3.3          000000000040362E  Unknown               Unknown  Unknown
libc-2.17.so       00002B9E6E17C555  __libc_start_main     Unknown  Unknown
SISSO_3.3          0000000000403529  Unknown               Unknown  Unknown
forrtl: severe (29): file not found, unit 0, file /scratch/user/peterchao1/Plastic_Crystal/extra_molecules/update_42/v8/year_2/classification/2023.0/SISSO.in
Image              PC                Routine            Line        Source             
SISSO_3.3          0000000000493B3C  Unknown               Unknown  Unknown
SISSO_3.3          00000000004A9FCE  Unknown               Unknown  Unknown
SISSO_3.3          000000000048CF5F  Unknown               Unknown  Unknown
SISSO_3.3          000000000048557C  Unknown               Unknown  Unknown
SISSO_3.3          000000000040362E  Unknown               Unknown  Unknown
libc-2.17.so       00002B9E36B03555  __libc_start_main     Unknown  Unknown
SISSO_3.3          0000000000403529  Unknown               Unknown  Unknown
forrtl: severe (29): file not found, unit 0, file /scratch/user/peterchao1/Plastic_Crystal/extra_molecules/update_42/v8/year_2/classification/2023.0/SISSO.in
Image              PC                Routine            Line        Source             
SISSO_3.3          0000000000493B3C  Unknown               Unknown  Unknown
SISSO_3.3          00000000004A9FCE  Unknown               Unknown  Unknown
SISSO_3.3          000000000048CF5F  Unknown               Unknown  Unknown
SISSO_3.3          000000000048557C  Unknown               Unknown  Unknown
SISSO_3.3          000000000040362E  Unknown               Unknown  Unknown
libc-2.17.so       00002ADD9BC10555  __libc_start_main     Unknown  Unknown
SISSO_3.3          0000000000403529  Unknown               Unknown  Unknown
forrtl: severe (29): file not found, unit 0, file /scratch/user/peterchao1/Plastic_Crystal/extra_molecules/update_42/v8/year_2/classification/2023.0/SISSO.in
Image              PC                Routine            Line        Source             
SISSO_3.3          0000000000493B3C  Unknown               Unknown  Unknown
SISSO_3.3          00000000004A9FCE  Unknown               Unknown  Unknown
SISSO_3.3          000000000048CF5F  Unknown               Unknown  Unknown
SISSO_3.3          000000000048557C  Unknown               Unknown  Unknown
SISSO_3.3          000000000040362E  Unknown               Unknown  Unknown
libc-2.17.so       00002B312E23A555  __libc_start_main     Unknown  Unknown
SISSO_3.3          0000000000403529  Unknown               Unknown  Unknown
forrtl: severe (29): file not found, unit 0, file /scratch/user/peterchao1/Plastic_Crystal/extra_molecules/update_42/v8/year_2/classification/2023.0/SISSO.in
Image              PC                Routine            Line        Source             
SISSO_3.3          0000000000493B3C  Unknown               Unknown  Unknown
SISSO_3.3          00000000004A9FCE  Unknown               Unknown  Unknown
SISSO_3.3          000000000048CF5F  Unknown               Unknown  Unknown
SISSO_3.3          000000000048557C  Unknown               Unknown  Unknown
SISSO_3.3          000000000040362E  Unknown               Unknown  Unknown
libc-2.17.so       00002B82B8BBC555  __libc_start_main     Unknown  Unknown
SISSO_3.3          0000000000403529  Unknown               Unknown  Unknown
