****************************************************************
  Sure Independence Screening and Sparsifying Operator (SISSO)  
             Version SISSO.3.3, July, 2023.                
****************************************************************

Read in data from train.dat
Read in data from SISSO.in
Property type:     1
Number of tasks:        1
Descriptor dimension:        2
Number of samples for the task(s):     36
Restarts :  0
Number of scalar features:       19
Tier of the feature space:        3
Maximal feature complexity (number of operators in a feature):        6
Unit of input primary feature, each represented by a row vector: 
    1.00
    1.00
    1.00
    1.00
    1.00
    1.00
    1.00
    1.00
    1.00
    1.00
    1.00
    1.00
    1.00
    1.00
    1.00
    1.00
    1.00
    1.00
    1.00
The feature will be discarded if the minimum of the maximal abs. value in it <    0.10000E-02
The faature will be discarded if the maximum of the maximal abs. value in it >     0.10000E+06
Size of the SIS-selected (single) subspace :  10000 10000
Operators for feature construction: (+)(-)(*) (+)(-)(*) (+)(-)(*) 
Method for sparse regression:  L0        
Fitting intercept:      T
Metric for model selection: RMSE
Number of the top-ranked models to output:      100
--------------------------------------------------------------------------------

Dimension:   1
-------------------
Feature Construction (FC) starts ...
Population Standard Deviation (SD) of the task 001:   10.59081
Total number of features in the space phi00:             19
Total number of features in the space phi01:            635
Total number of features in the space phi02:         198084
Total number of features in the space phi03:     4851697472
Size of the SIS-selected subspace from phi03:      10000
Time (second) used for this FC:          896.28

Descriptor Identification (DI) starts ...
Total number of SIS-selected features from all dimensions:      10000
 
  1D descriptor: 
     d001 = (((feature12+feature17)-feature18)*((feature10*feature12)*(feature10*feature19)))    feature_ID:000001

  1D model(y=sum(ci*di)+c0): 
     coeff.(ci)_task001:     0.1009702724E+03
             c0_task001:     0.5190554920E+01
     RMSE,MaxAE_task001:     0.5135451897E+01    0.1272246218E+02

     RMSE and MaxAE of the model:   5.135452 12.722462
--------------------------------------------------------------------------------
Time (second) used for this DI:            0.13

Dimension:   2
-------------------
Feature Construction (FC) starts ...
Total number of features in the space phi00:             19
Total number of features in the space phi01:            635
Total number of features in the space phi02:         198084
Total number of features in the space phi03:     4851697472
Size of the SIS-selected subspace from phi03:      10000
Time (second) used for this FC:          900.25

Descriptor Identification (DI) starts ...
Total number of SIS-selected features from all dimensions:      20000
 
Final model/descriptor !
================================================================================
  2D descriptor: 
     d001 = (((feature12+feature17)-feature18)*((feature10*feature12)*(feature10*feature19)))    feature_ID:000001
     d002 = ((feature19*(feature16-feature18))*((feature1+feature19)-(feature16+feature17)))    feature_ID:010055

  2D model(y=sum(ci*di)+c0): 
     coeff.(ci)_task001:     0.1199212682E+03    0.9439233422E+02
             c0_task001:     0.2299176981E+01
     RMSE,MaxAE_task001:     0.3760186400E+01    0.1055221474E+02

     RMSE and MaxAE of the model:   3.760186 10.552215
================================================================================
Time (second) used for this DI:           25.47
Total time (second):         1822.82
Have a nice day !    

