****************************************************************
  Sure Independence Screening and Sparsifying Operator (SISSO)  
             Version SISSO.3.3, July, 2023.                
****************************************************************

Read in data from train.dat
Read in data from SISSO.in
Property type:     1
Number of tasks:        1
Descriptor dimension:        2
Number of samples for the task(s):     36
Restarts :  0
Number of scalar features:       20
Tier of the feature space:        3
Maximal feature complexity (number of operators in a feature):        6
Unit of input primary feature, each represented by a row vector: 
    1.00
    1.00
    1.00
    1.00
    1.00
    1.00
    1.00
    1.00
    1.00
    1.00
    1.00
    1.00
    1.00
    1.00
    1.00
    1.00
    1.00
    1.00
    1.00
    1.00
The feature will be discarded if the minimum of the maximal abs. value in it <    0.10000E-02
The faature will be discarded if the maximum of the maximal abs. value in it >     0.10000E+06
Size of the SIS-selected (single) subspace :  10000 10000
Operators for feature construction: (+)(-)(*) (+)(-)(*) (+)(-)(*) 
Method for sparse regression:  L0        
Fitting intercept:      T
Metric for model selection: RMSE
Number of the top-ranked models to output:      100
--------------------------------------------------------------------------------

Dimension:   1
-------------------
Feature Construction (FC) starts ...
Population Standard Deviation (SD) of the task 001:    9.42663
Total number of features in the space phi00:             20
Total number of features in the space phi01:            699
Total number of features in the space phi02:         231768
Total number of features in the space phi03:     6463634928
Size of the SIS-selected subspace from phi03:      10000
Time (second) used for this FC:         1214.42

Descriptor Identification (DI) starts ...
Total number of SIS-selected features from all dimensions:      10000
 
  1D descriptor: 
     d001 = (((feature13+feature18)-feature19)*((feature11+feature14)-(feature3+feature15)))    feature_ID:000001

  1D model(y=sum(ci*di)+c0): 
     coeff.(ci)_task001:     0.2597402113E+02
             c0_task001:     0.6721603499E+01
     RMSE,MaxAE_task001:     0.4755059905E+01    0.1359382087E+02

     RMSE and MaxAE of the model:   4.755060 13.593821
--------------------------------------------------------------------------------
Time (second) used for this DI:            0.09

Dimension:   2
-------------------
Feature Construction (FC) starts ...
Total number of features in the space phi00:             20
Total number of features in the space phi01:            699
Total number of features in the space phi02:         231768
Total number of features in the space phi03:     6463634928
Size of the SIS-selected subspace from phi03:      10000
Time (second) used for this FC:         1216.81

Descriptor Identification (DI) starts ...
Total number of SIS-selected features from all dimensions:      20000
 
Final model/descriptor !
================================================================================
  2D descriptor: 
     d001 = ((feature11*(feature11*feature13))*((feature13+feature18)-(feature19-feature4)))    feature_ID:000083
     d002 = (((feature1+feature18)-feature20)*((feature1+feature12)+(feature15-feature16)))    feature_ID:012081

  2D model(y=sum(ci*di)+c0): 
     coeff.(ci)_task001:     0.5232812828E+02   -0.2749667312E+02
             c0_task001:     0.5888417510E+01
     RMSE,MaxAE_task001:     0.3457976090E+01    0.8050539367E+01

     RMSE and MaxAE of the model:   3.457976  8.050539
================================================================================
Time (second) used for this DI:           25.70
Total time (second):         2460.08
Have a nice day !    

