****************************************************************
  Sure Independence Screening and Sparsifying Operator (SISSO)  
             Version SISSO.3.3, July, 2023.                
****************************************************************

Read in data from train.dat
Read in data from SISSO.in
Property type:     1
Number of tasks:        1
Descriptor dimension:        2
Number of samples for the task(s):     36
Restarts :  0
Number of scalar features:       20
Tier of the feature space:        3
Maximal feature complexity (number of operators in a feature):        6
Unit of input primary feature, each represented by a row vector: 
    1.00
    1.00
    1.00
    1.00
    1.00
    1.00
    1.00
    1.00
    1.00
    1.00
    1.00
    1.00
    1.00
    1.00
    1.00
    1.00
    1.00
    1.00
    1.00
    1.00
The feature will be discarded if the minimum of the maximal abs. value in it <    0.10000E-02
The faature will be discarded if the maximum of the maximal abs. value in it >     0.10000E+06
Size of the SIS-selected (single) subspace :  10000 10000
Operators for feature construction: (+)(-)(*) (+)(-)(*) (+)(-)(*) 
Method for sparse regression:  L0        
Fitting intercept:      T
Metric for model selection: RMSE
Number of the top-ranked models to output:      100
--------------------------------------------------------------------------------

Dimension:   1
-------------------
Feature Construction (FC) starts ...
Population Standard Deviation (SD) of the task 001:   10.63210
Total number of features in the space phi00:             20
Total number of features in the space phi01:            701
Total number of features in the space phi02:         236454
Total number of features in the space phi03:     6640532941
Size of the SIS-selected subspace from phi03:      10000
Time (second) used for this FC:         1230.59

Descriptor Identification (DI) starts ...
Total number of SIS-selected features from all dimensions:      10000
 
  1D descriptor: 
     d001 = (((feature11-feature5)*(feature11-feature19))-(feature15*(feature1-feature14)))    feature_ID:000001

  1D model(y=sum(ci*di)+c0): 
     coeff.(ci)_task001:     0.3162492531E+02
             c0_task001:     0.5983517635E+01
     RMSE,MaxAE_task001:     0.4137080966E+01    0.8748173849E+01

     RMSE and MaxAE of the model:   4.137081  8.748174
--------------------------------------------------------------------------------
Time (second) used for this DI:            0.09

Dimension:   2
-------------------
Feature Construction (FC) starts ...
Total number of features in the space phi00:             20
Total number of features in the space phi01:            701
Total number of features in the space phi02:         236454
Total number of features in the space phi03:     6640532941
Size of the SIS-selected subspace from phi03:      10000
Time (second) used for this FC:         1232.81

Descriptor Identification (DI) starts ...
Total number of SIS-selected features from all dimensions:      20000
 
Final model/descriptor !
================================================================================
  2D descriptor: 
     d001 = (((feature11-feature6)*(feature11-feature19))-(feature14*(feature1-feature15)))    feature_ID:000012
     d002 = (((feature12+feature20)-feature18)*((feature12-feature5)*(feature11-feature18)))    feature_ID:010064

  2D model(y=sum(ci*di)+c0): 
     coeff.(ci)_task001:     0.2986502971E+02    0.7449348944E+02
             c0_task001:     0.5102343171E+01
     RMSE,MaxAE_task001:     0.2958793840E+01    0.7314473123E+01

     RMSE and MaxAE of the model:   2.958794  7.314473
================================================================================
Time (second) used for this DI:           26.41
Total time (second):         2490.60
Have a nice day !    

