****************************************************************
  Sure Independence Screening and Sparsifying Operator (SISSO)  
             Version SISSO.3.3, July, 2023.                
****************************************************************

Read in data from train.dat
Read in data from SISSO.in
Property type:     1
Number of tasks:        1
Descriptor dimension:        2
Number of samples for the task(s):     36
Restarts :  0
Number of scalar features:       20
Tier of the feature space:        3
Maximal feature complexity (number of operators in a feature):        6
Unit of input primary feature, each represented by a row vector: 
    1.00
    1.00
    1.00
    1.00
    1.00
    1.00
    1.00
    1.00
    1.00
    1.00
    1.00
    1.00
    1.00
    1.00
    1.00
    1.00
    1.00
    1.00
    1.00
    1.00
The feature will be discarded if the minimum of the maximal abs. value in it <    0.10000E-02
The faature will be discarded if the maximum of the maximal abs. value in it >     0.10000E+06
Size of the SIS-selected (single) subspace :  10000 10000
Operators for feature construction: (+)(-)(*) (+)(-)(*) (+)(-)(*) 
Method for sparse regression:  L0        
Fitting intercept:      T
Metric for model selection: RMSE
Number of the top-ranked models to output:      100
--------------------------------------------------------------------------------

Dimension:   1
-------------------
Feature Construction (FC) starts ...
Population Standard Deviation (SD) of the task 001:   22.97398
Total number of features in the space phi00:             20
Total number of features in the space phi01:            701
Total number of features in the space phi02:         236454
Total number of features in the space phi03:     6640532941
Size of the SIS-selected subspace from phi03:      10000
Time (second) used for this FC:         1229.68

Descriptor Identification (DI) starts ...
Total number of SIS-selected features from all dimensions:      10000
 
  1D descriptor: 
     d001 = (((feature11+feature20)*(feature11-feature19))-(feature14*(feature13-feature14)))    feature_ID:000001

  1D model(y=sum(ci*di)+c0): 
     coeff.(ci)_task001:     0.2950689115E+02
             c0_task001:     0.3687709593E+02
     RMSE,MaxAE_task001:     0.1083405269E+02    0.2555618301E+02

     RMSE and MaxAE of the model:  10.834053 25.556183
--------------------------------------------------------------------------------
Time (second) used for this DI:            0.09

Dimension:   2
-------------------
Feature Construction (FC) starts ...
Total number of features in the space phi00:             20
Total number of features in the space phi01:            701
Total number of features in the space phi02:         236454
Total number of features in the space phi03:     6640532941
Size of the SIS-selected subspace from phi03:      10000
Time (second) used for this FC:         1233.80

Descriptor Identification (DI) starts ...
Total number of SIS-selected features from all dimensions:      20000
 
Final model/descriptor !
================================================================================
  2D descriptor: 
     d001 = ((feature13*(feature18-feature4))+((feature12+feature20)*(feature19-feature14)))    feature_ID:002014
     d002 = (((feature11-feature17)-feature5)*((feature1+feature18)-(feature12+feature14)))    feature_ID:011289

  2D model(y=sum(ci*di)+c0): 
     coeff.(ci)_task001:    -0.5160224376E+02   -0.1041960462E+03
             c0_task001:     0.5071333242E+02
     RMSE,MaxAE_task001:     0.7457273886E+01    0.2021879448E+02

     RMSE and MaxAE of the model:   7.457274 20.218794
================================================================================
Time (second) used for this DI:           25.50
Total time (second):         2489.74
Have a nice day !    

