****************************************************************
  Sure Independence Screening and Sparsifying Operator (SISSO)  
             Version SISSO.3.3, July, 2023.                
****************************************************************

Read in data from train.dat
Read in data from SISSO.in
Property type:     1
Number of tasks:        1
Descriptor dimension:        2
Number of samples for the task(s):     36
Restarts :  0
Number of scalar features:       20
Tier of the feature space:        3
Maximal feature complexity (number of operators in a feature):        6
Unit of input primary feature, each represented by a row vector: 
    1.00
    1.00
    1.00
    1.00
    1.00
    1.00
    1.00
    1.00
    1.00
    1.00
    1.00
    1.00
    1.00
    1.00
    1.00
    1.00
    1.00
    1.00
    1.00
    1.00
The feature will be discarded if the minimum of the maximal abs. value in it <    0.10000E-02
The faature will be discarded if the maximum of the maximal abs. value in it >     0.10000E+06
Size of the SIS-selected (single) subspace :  10000 10000
Operators for feature construction: (+)(-)(*) (+)(-)(*) (+)(-)(*) 
Method for sparse regression:  L0        
Fitting intercept:      T
Metric for model selection: RMSE
Number of the top-ranked models to output:      100
--------------------------------------------------------------------------------

Dimension:   1
-------------------
Feature Construction (FC) starts ...
Population Standard Deviation (SD) of the task 001:  107.54427
Total number of features in the space phi00:             20
Total number of features in the space phi01:            688
Total number of features in the space phi02:         214180
Total number of features in the space phi03:     5734430315
Size of the SIS-selected subspace from phi03:      10000
Time (second) used for this FC:         1133.47

Descriptor Identification (DI) starts ...
Total number of SIS-selected features from all dimensions:      10000
 
  1D descriptor: 
     d001 = (((feature13-feature20)*(feature16-feature14))-(feature12*(feature14+feature20)))    feature_ID:000001

  1D model(y=sum(ci*di)+c0): 
     coeff.(ci)_task001:    -0.2926158864E+03
             c0_task001:     0.1360870994E+03
     RMSE,MaxAE_task001:     0.3564150933E+02    0.7640239792E+02

     RMSE and MaxAE of the model:  35.641509 76.402398
--------------------------------------------------------------------------------
Time (second) used for this DI:            0.12

Dimension:   2
-------------------
Feature Construction (FC) starts ...
Total number of features in the space phi00:             20
Total number of features in the space phi01:            688
Total number of features in the space phi02:         214180
Total number of features in the space phi03:     5734430315
Size of the SIS-selected subspace from phi03:      10000
Time (second) used for this FC:         1132.98

Descriptor Identification (DI) starts ...
Total number of SIS-selected features from all dimensions:      20000
 
Final model/descriptor !
================================================================================
  2D descriptor: 
     d001 = (((feature8-feature14)*(feature12+feature13))-(feature20*(feature8+feature17)))    feature_ID:000007
     d002 = (((feature1+feature13)-feature19)*((feature14-feature6)*(feature13-feature14)))    feature_ID:012068

  2D model(y=sum(ci*di)+c0): 
     coeff.(ci)_task001:    -0.2845238255E+03   -0.1790057769E+03
             c0_task001:     0.9031853744E+02
     RMSE,MaxAE_task001:     0.2319838163E+02    0.5154171506E+02

     RMSE and MaxAE of the model:  23.198382 51.541715
================================================================================
Time (second) used for this DI:           25.56
Total time (second):         2293.20
Have a nice day !    

