****************************************************************
  Sure Independence Screening and Sparsifying Operator (SISSO)  
             Version SISSO.3.3, July, 2023.                
****************************************************************

Read in data from train.dat
Read in data from SISSO.in
Property type:     1
Number of tasks:        1
Descriptor dimension:        2
Number of samples for the task(s):     36
Restarts :  0
Number of scalar features:       18
Tier of the feature space:        3
Maximal feature complexity (number of operators in a feature):        6
Unit of input primary feature, each represented by a row vector: 
    1.00
    1.00
    1.00
    1.00
    1.00
    1.00
    1.00
    1.00
    1.00
    1.00
    1.00
    1.00
    1.00
    1.00
    1.00
    1.00
    1.00
    1.00
The feature will be discarded if the minimum of the maximal abs. value in it <    0.10000E-02
The faature will be discarded if the maximum of the maximal abs. value in it >     0.10000E+06
Size of the SIS-selected (single) subspace :  10000 10000
Operators for feature construction: (+)(-)(*) (+)(-)(*) (+)(-)(*) 
Method for sparse regression:  L0        
Fitting intercept:      T
Metric for model selection: RMSE
Number of the top-ranked models to output:      100
--------------------------------------------------------------------------------

Dimension:   1
-------------------
Feature Construction (FC) starts ...
Population Standard Deviation (SD) of the task 001:    9.07907
Total number of features in the space phi00:             18
Total number of features in the space phi01:            562
Total number of features in the space phi02:         148365
Total number of features in the space phi03:     2977918392
Size of the SIS-selected subspace from phi03:      10000
Time (second) used for this FC:          478.96

Descriptor Identification (DI) starts ...
Total number of SIS-selected features from all dimensions:      10000
 
  1D descriptor: 
     d001 = ((feature14*(feature6+feature17))+((feature8-feature10)*(feature12+feature14)))    feature_ID:000001

  1D model(y=sum(ci*di)+c0): 
     coeff.(ci)_task001:    -0.2267861197E+02
             c0_task001:     0.3041270726E+01
     RMSE,MaxAE_task001:     0.4294481149E+01    0.1619272407E+02

     RMSE and MaxAE of the model:   4.294481 16.192724
--------------------------------------------------------------------------------
Time (second) used for this DI:            0.11

Dimension:   2
-------------------
Feature Construction (FC) starts ...
Total number of features in the space phi00:             18
Total number of features in the space phi01:            562
Total number of features in the space phi02:         148365
Total number of features in the space phi03:     2977918392
Size of the SIS-selected subspace from phi03:      10000
Time (second) used for this FC:          477.78

Descriptor Identification (DI) starts ...
Total number of SIS-selected features from all dimensions:      20000
 
Final model/descriptor !
================================================================================
  2D descriptor: 
     d001 = ((feature12*(feature10-feature6))*((feature10+feature14)-(feature17-feature3)))    feature_ID:006070
     d002 = ((feature15*(feature13-feature17))*((feature15-feature16)*(feature16-feature18)))    feature_ID:014066

  2D model(y=sum(ci*di)+c0): 
     coeff.(ci)_task001:     0.3761250461E+02    0.4944584277E+03
             c0_task001:     0.3834768324E+01
     RMSE,MaxAE_task001:     0.2361284598E+01    0.5724556398E+01

     RMSE and MaxAE of the model:   2.361285  5.724556
================================================================================
Time (second) used for this DI:           25.66
Total time (second):          983.71
Have a nice day !    

