****************************************************************
  Sure Independence Screening and Sparsifying Operator (SISSO)  
             Version SISSO.3.3, July, 2023.                
****************************************************************

Read in data from train.dat
Read in data from SISSO.in
Property type:     1
Number of tasks:        1
Descriptor dimension:        2
Number of samples for the task(s):     36
Restarts :  0
Number of scalar features:       18
Tier of the feature space:        3
Maximal feature complexity (number of operators in a feature):        6
Unit of input primary feature, each represented by a row vector: 
    1.00
    1.00
    1.00
    1.00
    1.00
    1.00
    1.00
    1.00
    1.00
    1.00
    1.00
    1.00
    1.00
    1.00
    1.00
    1.00
    1.00
    1.00
The feature will be discarded if the minimum of the maximal abs. value in it <    0.10000E-02
The faature will be discarded if the maximum of the maximal abs. value in it >     0.10000E+06
Size of the SIS-selected (single) subspace :  10000 10000
Operators for feature construction: (+)(-)(*) (+)(-)(*) (+)(-)(*) 
Method for sparse regression:  L0        
Fitting intercept:      T
Metric for model selection: RMSE
Number of the top-ranked models to output:      100
--------------------------------------------------------------------------------

Dimension:   1
-------------------
Feature Construction (FC) starts ...
Population Standard Deviation (SD) of the task 001:   10.83769
Total number of features in the space phi00:             18
Total number of features in the space phi01:            563
Total number of features in the space phi02:         149891
Total number of features in the space phi03:     3024058707
Size of the SIS-selected subspace from phi03:      10000
Time (second) used for this FC:          471.25

Descriptor Identification (DI) starts ...
Total number of SIS-selected features from all dimensions:      10000
 
  1D descriptor: 
     d001 = ((feature12*(feature10+feature18))+((feature1-feature12)*(feature17-feature10)))    feature_ID:000001

  1D model(y=sum(ci*di)+c0): 
     coeff.(ci)_task001:     0.1596013115E+02
             c0_task001:     0.2549748461E+01
     RMSE,MaxAE_task001:     0.4878348422E+01    0.1627348906E+02

     RMSE and MaxAE of the model:   4.878348 16.273489
--------------------------------------------------------------------------------
Time (second) used for this DI:            0.13

Dimension:   2
-------------------
Feature Construction (FC) starts ...
Total number of features in the space phi00:             18
Total number of features in the space phi01:            563
Total number of features in the space phi02:         149891
Total number of features in the space phi03:     3024058707
Size of the SIS-selected subspace from phi03:      10000
Time (second) used for this FC:          472.67

Descriptor Identification (DI) starts ...
Total number of SIS-selected features from all dimensions:      20000
 
Final model/descriptor !
================================================================================
  2D descriptor: 
     d001 = ((feature12*(feature10+feature18))-((feature1+feature17)*(feature12+feature16)))    feature_ID:006449
     d002 = (((feature13-feature15)*(feature15-feature16))-(feature12*(feature15-feature10)))    feature_ID:016683

  2D model(y=sum(ci*di)+c0): 
     coeff.(ci)_task001:     0.1597554701E+02    0.3939740616E+02
             c0_task001:     0.1703553806E+02
     RMSE,MaxAE_task001:     0.4219293942E+01    0.1351805995E+02

     RMSE and MaxAE of the model:   4.219294 13.518060
================================================================================
Time (second) used for this DI:           25.66
Total time (second):          970.39
Have a nice day !    

