****************************************************************
  Sure Independence Screening and Sparsifying Operator (SISSO)  
             Version SISSO.3.3, July, 2023.                
****************************************************************

Read in data from train.dat
Read in data from SISSO.in
Property type:     1
Number of tasks:        1
Descriptor dimension:        2
Number of samples for the task(s):     36
Restarts :  0
Number of scalar features:       22
Tier of the feature space:        3
Maximal feature complexity (number of operators in a feature):        6
Unit of input primary feature, each represented by a row vector: 
    1.00
    1.00
    1.00
    1.00
    1.00
    1.00
    1.00
    1.00
    1.00
    1.00
    1.00
    1.00
    1.00
    1.00
    1.00
    1.00
    1.00
    1.00
    1.00
    1.00
    1.00
    1.00
The feature will be discarded if the minimum of the maximal abs. value in it <    0.10000E-02
The faature will be discarded if the maximum of the maximal abs. value in it >     0.10000E+06
Size of the SIS-selected (single) subspace :  10000 10000
Operators for feature construction: (+)(-)(*) (+)(-)(*) (+)(-)(*) 
Method for sparse regression:  L0        
Fitting intercept:      T
Metric for model selection: RMSE
Number of the top-ranked models to output:      100
--------------------------------------------------------------------------------

Dimension:   1
-------------------
Feature Construction (FC) starts ...
Population Standard Deviation (SD) of the task 001:  110.75721
Total number of features in the space phi00:             22
Total number of features in the space phi01:            826
Total number of features in the space phi02:         319124
Total number of features in the space phi03:    11311167871
Size of the SIS-selected subspace from phi03:      10000
Time (second) used for this FC:         1959.49

Descriptor Identification (DI) starts ...
Total number of SIS-selected features from all dimensions:      10000
 
  1D descriptor: 
     d001 = (((feature11+feature20)-(feature19-feature2))-((feature13+feature19)-feature8))    feature_ID:000001

  1D model(y=sum(ci*di)+c0): 
     coeff.(ci)_task001:    -0.1296436189E+03
             c0_task001:     0.1803775165E+03
     RMSE,MaxAE_task001:     0.3215661392E+02    0.7746732268E+02

     RMSE and MaxAE of the model:  32.156614 77.467323
--------------------------------------------------------------------------------
Time (second) used for this DI:            0.11

Dimension:   2
-------------------
Feature Construction (FC) starts ...
Total number of features in the space phi00:             22
Total number of features in the space phi01:            826
Total number of features in the space phi02:         319124
Total number of features in the space phi03:    11311167871
Size of the SIS-selected subspace from phi03:      10000
Time (second) used for this FC:         1961.91

Descriptor Identification (DI) starts ...
Total number of SIS-selected features from all dimensions:      20000
 
Final model/descriptor !
================================================================================
  2D descriptor: 
     d001 = (((feature11+feature20)-(feature19-feature2))-((feature13+feature19)-feature8))    feature_ID:000001
     d002 = ((feature21*(feature16-feature17))*((feature14+feature15)-(feature5+feature16)))    feature_ID:010001

  2D model(y=sum(ci*di)+c0): 
     coeff.(ci)_task001:    -0.1308199172E+03    0.2572884419E+03
             c0_task001:     0.1912151558E+03
     RMSE,MaxAE_task001:     0.2129771634E+02    0.5277341190E+02

     RMSE and MaxAE of the model:  21.297716 52.773412
================================================================================
Time (second) used for this DI:           38.40
Total time (second):         3960.79
Have a nice day !    

