****************************************************************
  Sure Independence Screening and Sparsifying Operator (SISSO)  
             Version SISSO.3.3, July, 2023.                
****************************************************************

Read in data from train.dat
Read in data from SISSO.in
Property type:     1
Number of tasks:        1
Descriptor dimension:        2
Number of samples for the task(s):     36
Restarts :  0
Number of scalar features:       21
Tier of the feature space:        3
Maximal feature complexity (number of operators in a feature):        6
Unit of input primary feature, each represented by a row vector: 
    1.00
    1.00
    1.00
    1.00
    1.00
    1.00
    1.00
    1.00
    1.00
    1.00
    1.00
    1.00
    1.00
    1.00
    1.00
    1.00
    1.00
    1.00
    1.00
    1.00
    1.00
The feature will be discarded if the minimum of the maximal abs. value in it <    0.10000E-02
The faature will be discarded if the maximum of the maximal abs. value in it >     0.10000E+06
Size of the SIS-selected (single) subspace :  10000 10000
Operators for feature construction: (+)(-)(*) (+)(-)(*) (+)(-)(*) 
Method for sparse regression:  L0        
Fitting intercept:      T
Metric for model selection: RMSE
Number of the top-ranked models to output:      100
--------------------------------------------------------------------------------

Dimension:   1
-------------------
Feature Construction (FC) starts ...
Population Standard Deviation (SD) of the task 001:   11.00150
Total number of features in the space phi00:             21
Total number of features in the space phi01:            769
Total number of features in the space phi02:         284319
Total number of features in the space phi03:     9176915309
Size of the SIS-selected subspace from phi03:      10000
Time (second) used for this FC:         1671.86

Descriptor Identification (DI) starts ...
Total number of SIS-selected features from all dimensions:      10000
 
  1D descriptor: 
     d001 = (((feature15+feature20)-feature21)*((feature11+feature12)-(feature9+feature20)))    feature_ID:000001

  1D model(y=sum(ci*di)+c0): 
     coeff.(ci)_task001:     0.3358382220E+02
             c0_task001:     0.6219348391E+01
     RMSE,MaxAE_task001:     0.5649860871E+01    0.1470847748E+02

     RMSE and MaxAE of the model:   5.649861 14.708477
--------------------------------------------------------------------------------
Time (second) used for this DI:            0.16

Dimension:   2
-------------------
Feature Construction (FC) starts ...
Total number of features in the space phi00:             21
Total number of features in the space phi01:            769
Total number of features in the space phi02:         284319
Total number of features in the space phi03:     9176915309
Size of the SIS-selected subspace from phi03:      10000
Time (second) used for this FC:         1668.44

Descriptor Identification (DI) starts ...
Total number of SIS-selected features from all dimensions:      20000
 
Final model/descriptor !
================================================================================
  2D descriptor: 
     d001 = ((feature15*(feature11-feature6))-((feature1+feature19)*(feature14+feature20)))    feature_ID:006004
     d002 = ((feature11*(feature11-feature20))*((feature12-feature14)*(feature16-feature17)))    feature_ID:010130

  2D model(y=sum(ci*di)+c0): 
     coeff.(ci)_task001:     0.1653080110E+02    0.1939636413E+03
             c0_task001:     0.1544298658E+02
     RMSE,MaxAE_task001:     0.3437542653E+01    0.9968560724E+01

     RMSE and MaxAE of the model:   3.437543  9.968561
================================================================================
Time (second) used for this DI:           25.54
Total time (second):         3367.06
Have a nice day !    

