****************************************************************
  Sure Independence Screening and Sparsifying Operator (SISSO)  
             Version SISSO.3.3, July, 2023.                
****************************************************************

Read in data from train.dat
Read in data from SISSO.in
Property type:     1
Number of tasks:        1
Descriptor dimension:        2
Number of samples for the task(s):     36
Restarts :  0
Number of scalar features:       19
Tier of the feature space:        3
Maximal feature complexity (number of operators in a feature):        6
Unit of input primary feature, each represented by a row vector: 
    1.00
    1.00
    1.00
    1.00
    1.00
    1.00
    1.00
    1.00
    1.00
    1.00
    1.00
    1.00
    1.00
    1.00
    1.00
    1.00
    1.00
    1.00
    1.00
The feature will be discarded if the minimum of the maximal abs. value in it <    0.10000E-02
The faature will be discarded if the maximum of the maximal abs. value in it >     0.10000E+06
Size of the SIS-selected (single) subspace :  10000 10000
Operators for feature construction: (+)(-)(*) (+)(-)(*) (+)(-)(*) 
Method for sparse regression:  L0        
Fitting intercept:      T
Metric for model selection: RMSE
Number of the top-ranked models to output:      100
--------------------------------------------------------------------------------

Dimension:   1
-------------------
Feature Construction (FC) starts ...
Population Standard Deviation (SD) of the task 001:   20.79480
Total number of features in the space phi00:             19
Total number of features in the space phi01:            635
Total number of features in the space phi02:         197031
Total number of features in the space phi03:     4809818268
Size of the SIS-selected subspace from phi03:      10000
Time (second) used for this FC:          893.90

Descriptor Identification (DI) starts ...
Total number of SIS-selected features from all dimensions:      10000
 
  1D descriptor: 
     d001 = ((feature19*(feature12-feature19))+((feature14+feature17)*(feature19-feature16)))    feature_ID:000001

  1D model(y=sum(ci*di)+c0): 
     coeff.(ci)_task001:     0.4632343681E+02
             c0_task001:     0.5094362031E+02
     RMSE,MaxAE_task001:     0.1119715649E+02    0.2749299455E+02

     RMSE and MaxAE of the model:  11.197156 27.492995
--------------------------------------------------------------------------------
Time (second) used for this DI:            0.09

Dimension:   2
-------------------
Feature Construction (FC) starts ...
Total number of features in the space phi00:             19
Total number of features in the space phi01:            635
Total number of features in the space phi02:         197031
Total number of features in the space phi03:     4809818268
Size of the SIS-selected subspace from phi03:      10000
Time (second) used for this FC:          896.99

Descriptor Identification (DI) starts ...
Total number of SIS-selected features from all dimensions:      20000
 
Final model/descriptor !
================================================================================
  2D descriptor: 
     d001 = (((feature12+feature17)-feature18)*((feature12*feature15)*(feature17*feature19)))    feature_ID:000588
     d002 = (((feature17-feature4)*(feature5+feature17))-(feature19*(feature17-feature18)))    feature_ID:008736

  2D model(y=sum(ci*di)+c0): 
     coeff.(ci)_task001:     0.4155663642E+03   -0.4053952230E+02
             c0_task001:     0.4586218997E+02
     RMSE,MaxAE_task001:     0.8512215568E+01    0.2641671015E+02

     RMSE and MaxAE of the model:   8.512216 26.416710
================================================================================
Time (second) used for this DI:           25.55
Total time (second):         1817.19
Have a nice day !    

