****************************************************************
  Sure Independence Screening and Sparsifying Operator (SISSO)  
             Version SISSO.3.3, July, 2023.                
****************************************************************

Read in data from train.dat
Read in data from SISSO.in
Property type:     1
Number of tasks:        1
Descriptor dimension:        2
Number of samples for the task(s):     36
Restarts :  0
Number of scalar features:       23
Tier of the feature space:        3
Maximal feature complexity (number of operators in a feature):        6
Unit of input primary feature, each represented by a row vector: 
    1.00
    1.00
    1.00
    1.00
    1.00
    1.00
    1.00
    1.00
    1.00
    1.00
    1.00
    1.00
    1.00
    1.00
    1.00
    1.00
    1.00
    1.00
    1.00
    1.00
    1.00
    1.00
    1.00
The feature will be discarded if the minimum of the maximal abs. value in it <    0.10000E-02
The faature will be discarded if the maximum of the maximal abs. value in it >     0.10000E+06
Size of the SIS-selected (single) subspace :  10000 10000
Operators for feature construction: (+)(-)(*) (+)(-)(*) (+)(-)(*) 
Method for sparse regression:  L0        
Fitting intercept:      T
Metric for model selection: RMSE
Number of the top-ranked models to output:      100
--------------------------------------------------------------------------------

Dimension:   1
-------------------
Feature Construction (FC) starts ...
Population Standard Deviation (SD) of the task 001:   24.29801
Total number of features in the space phi00:             23
Total number of features in the space phi01:            912
Total number of features in the space phi02:         389286
Total number of features in the space phi03:    16057240883
Size of the SIS-selected subspace from phi03:      10000
Time (second) used for this FC:         2736.84

Descriptor Identification (DI) starts ...
Total number of SIS-selected features from all dimensions:      10000
 
  1D descriptor: 
     d001 = ((feature13*(feature9+feature17))+((feature14-feature19)*(feature22-feature20)))    feature_ID:000001

  1D model(y=sum(ci*di)+c0): 
     coeff.(ci)_task001:     0.8788527489E+02
             c0_task001:     0.7515825882E+01
     RMSE,MaxAE_task001:     0.1309903308E+02    0.3200173656E+02

     RMSE and MaxAE of the model:  13.099033 32.001737
--------------------------------------------------------------------------------
Time (second) used for this DI:            0.11

Dimension:   2
-------------------
Feature Construction (FC) starts ...
Total number of features in the space phi00:             23
Total number of features in the space phi01:            912
Total number of features in the space phi02:         389286
Total number of features in the space phi03:    16057240883
Size of the SIS-selected subspace from phi03:      10000
Time (second) used for this FC:         2743.07

Descriptor Identification (DI) starts ...
Total number of SIS-selected features from all dimensions:      20000
 
Final model/descriptor !
================================================================================
  2D descriptor: 
     d001 = (((feature1-feature13)*(feature16-feature17))-(feature21*(feature21-feature9)))    feature_ID:003867
     d002 = (((feature20-feature22)-feature3)*((feature16*feature19)*(feature19-feature23)))    feature_ID:018727

  2D model(y=sum(ci*di)+c0): 
     coeff.(ci)_task001:     0.3863072479E+02    0.8171888779E+03
             c0_task001:     0.5295074794E+02
     RMSE,MaxAE_task001:     0.9190246630E+01    0.2758094701E+02

     RMSE and MaxAE of the model:   9.190247 27.580947
================================================================================
Time (second) used for this DI:           25.49
Total time (second):         5513.26
Have a nice day !    

