****************************************************************
  Sure Independence Screening and Sparsifying Operator (SISSO)  
             Version SISSO.3.3, July, 2023.                
****************************************************************

Read in data from train.dat
Read in data from SISSO.in
Property type:     1
Number of tasks:        1
Descriptor dimension:        2
Number of samples for the task(s):     36
Restarts :  0
Number of scalar features:       20
Tier of the feature space:        3
Maximal feature complexity (number of operators in a feature):        6
Unit of input primary feature, each represented by a row vector: 
    1.00
    1.00
    1.00
    1.00
    1.00
    1.00
    1.00
    1.00
    1.00
    1.00
    1.00
    1.00
    1.00
    1.00
    1.00
    1.00
    1.00
    1.00
    1.00
    1.00
The feature will be discarded if the minimum of the maximal abs. value in it <    0.10000E-02
The faature will be discarded if the maximum of the maximal abs. value in it >     0.10000E+06
Size of the SIS-selected (single) subspace :  10000 10000
Operators for feature construction: (+)(-)(*) (+)(-)(*) (+)(-)(*) 
Method for sparse regression:  L0        
Fitting intercept:      T
Metric for model selection: RMSE
Number of the top-ranked models to output:      100
--------------------------------------------------------------------------------

Dimension:   1
-------------------
Feature Construction (FC) starts ...
Population Standard Deviation (SD) of the task 001:   23.78190
Total number of features in the space phi00:             20
Total number of features in the space phi01:            707
Total number of features in the space phi02:         253681
Total number of features in the space phi03:     7389891705
Size of the SIS-selected subspace from phi03:      10000
Time (second) used for this FC:         1334.08

Descriptor Identification (DI) starts ...
Total number of SIS-selected features from all dimensions:      10000
 
  1D descriptor: 
     d001 = (((feature10-feature18)*(feature15+feature18))-(feature16*(feature5+feature19)))    feature_ID:000001

  1D model(y=sum(ci*di)+c0): 
     coeff.(ci)_task001:     0.5825991070E+02
             c0_task001:     0.6571651234E+02
     RMSE,MaxAE_task001:     0.1269748211E+02    0.3442843058E+02

     RMSE and MaxAE of the model:  12.697482 34.428431
--------------------------------------------------------------------------------
Time (second) used for this DI:            0.09

Dimension:   2
-------------------
Feature Construction (FC) starts ...
Total number of features in the space phi00:             20
Total number of features in the space phi01:            707
Total number of features in the space phi02:         253681
Total number of features in the space phi03:     7389891705
Size of the SIS-selected subspace from phi03:      10000
Time (second) used for this FC:         1335.92

Descriptor Identification (DI) starts ...
Total number of SIS-selected features from all dimensions:      20000
 
Final model/descriptor !
================================================================================
  2D descriptor: 
     d001 = (((feature19-feature6)*(feature18-feature16))-(feature18*(feature17+feature18)))    feature_ID:009303
     d002 = ((feature13*(feature10-feature16))*((feature18-feature2)*(feature13-feature18)))    feature_ID:017520

  2D model(y=sum(ci*di)+c0): 
     coeff.(ci)_task001:     0.5508705353E+02    0.1290170157E+04
             c0_task001:     0.6955111223E+02
     RMSE,MaxAE_task001:     0.9447461590E+01    0.2492906497E+02

     RMSE and MaxAE of the model:   9.447462 24.929065
================================================================================
Time (second) used for this DI:           25.52
Total time (second):         2696.24
Have a nice day !    

