****************************************************************
  Sure Independence Screening and Sparsifying Operator (SISSO)  
             Version SISSO.3.3, July, 2023.                
****************************************************************

Read in data from train.dat
Read in data from SISSO.in
Property type:     1
Number of tasks:        1
Descriptor dimension:        2
Number of samples for the task(s):     36
Restarts :  0
Number of scalar features:       19
Tier of the feature space:        3
Maximal feature complexity (number of operators in a feature):        6
Unit of input primary feature, each represented by a row vector: 
    1.00
    1.00
    1.00
    1.00
    1.00
    1.00
    1.00
    1.00
    1.00
    1.00
    1.00
    1.00
    1.00
    1.00
    1.00
    1.00
    1.00
    1.00
    1.00
The feature will be discarded if the minimum of the maximal abs. value in it <    0.10000E-02
The faature will be discarded if the maximum of the maximal abs. value in it >     0.10000E+06
Size of the SIS-selected (single) subspace :  10000 10000
Operators for feature construction: (+)(-)(*) (+)(-)(*) (+)(-)(*) 
Method for sparse regression:  L0        
Fitting intercept:      T
Metric for model selection: RMSE
Number of the top-ranked models to output:      100
--------------------------------------------------------------------------------

Dimension:   1
-------------------
Feature Construction (FC) starts ...
Population Standard Deviation (SD) of the task 001:   24.00935
Total number of features in the space phi00:             19
Total number of features in the space phi01:            632
Total number of features in the space phi02:         198602
Total number of features in the space phi03:     4842191662
Size of the SIS-selected subspace from phi03:      10000
Time (second) used for this FC:          892.51

Descriptor Identification (DI) starts ...
Total number of SIS-selected features from all dimensions:      10000
 
  1D descriptor: 
     d001 = ((feature19*(feature5+feature16))+((feature13+feature18)*(feature18-feature10)))    feature_ID:000001

  1D model(y=sum(ci*di)+c0): 
     coeff.(ci)_task001:    -0.3953201335E+02
             c0_task001:     0.5375309103E+02
     RMSE,MaxAE_task001:     0.1307268391E+02    0.3433688517E+02

     RMSE and MaxAE of the model:  13.072684 34.336885
--------------------------------------------------------------------------------
Time (second) used for this DI:            6.32

Dimension:   2
-------------------
Feature Construction (FC) starts ...
Total number of features in the space phi00:             19
Total number of features in the space phi01:            632
Total number of features in the space phi02:         198602
Total number of features in the space phi03:     4842191662
Size of the SIS-selected subspace from phi03:      10000
Time (second) used for this FC:          891.93

Descriptor Identification (DI) starts ...
Total number of SIS-selected features from all dimensions:      20000
 
Final model/descriptor !
================================================================================
  2D descriptor: 
     d001 = (((feature10-feature18)*(feature12+feature18))-(feature10*(feature19-feature13)))    feature_ID:000033
     d002 = (((feature14+feature15)-feature17)*((feature11-feature4)*(feature17-feature4)))    feature_ID:010242

  2D model(y=sum(ci*di)+c0): 
     coeff.(ci)_task001:     0.4518437619E+02   -0.3085087776E+03
             c0_task001:     0.4180709994E+02
     RMSE,MaxAE_task001:     0.1008963561E+02    0.2522056679E+02

     RMSE and MaxAE of the model:  10.089636 25.220567
================================================================================
Time (second) used for this DI:           25.55
Total time (second):         1817.28
Have a nice day !    

