****************************************************************
  Sure Independence Screening and Sparsifying Operator (SISSO)  
             Version SISSO.3.3, July, 2023.                
****************************************************************

Read in data from train.dat
Read in data from SISSO.in
Property type:     1
Number of tasks:        1
Descriptor dimension:        2
Number of samples for the task(s):     36
Restarts :  0
Number of scalar features:       22
Tier of the feature space:        3
Maximal feature complexity (number of operators in a feature):        6
Unit of input primary feature, each represented by a row vector: 
    1.00
    1.00
    1.00
    1.00
    1.00
    1.00
    1.00
    1.00
    1.00
    1.00
    1.00
    1.00
    1.00
    1.00
    1.00
    1.00
    1.00
    1.00
    1.00
    1.00
    1.00
    1.00
The feature will be discarded if the minimum of the maximal abs. value in it <    0.10000E-02
The faature will be discarded if the maximum of the maximal abs. value in it >     0.10000E+06
Size of the SIS-selected (single) subspace :  10000 10000
Operators for feature construction: (+)(-)(*) (+)(-)(*) (+)(-)(*) 
Method for sparse regression:  L0        
Fitting intercept:      T
Metric for model selection: RMSE
Number of the top-ranked models to output:      100
--------------------------------------------------------------------------------

Dimension:   1
-------------------
Feature Construction (FC) starts ...
Population Standard Deviation (SD) of the task 001:   24.41590
Total number of features in the space phi00:             22
Total number of features in the space phi01:            826
Total number of features in the space phi02:         319124
Total number of features in the space phi03:    11311167871
Size of the SIS-selected subspace from phi03:      10000
Time (second) used for this FC:         1953.21

Descriptor Identification (DI) starts ...
Total number of SIS-selected features from all dimensions:      10000
 
  1D descriptor: 
     d001 = (((feature16+feature22)-feature7)*((feature13+feature16)-(feature15+feature20)))    feature_ID:000001

  1D model(y=sum(ci*di)+c0): 
     coeff.(ci)_task001:     0.2448956594E+02
             c0_task001:     0.3085413854E+02
     RMSE,MaxAE_task001:     0.1144064298E+02    0.3358593916E+02

     RMSE and MaxAE of the model:  11.440643 33.585939
--------------------------------------------------------------------------------
Time (second) used for this DI:            0.09

Dimension:   2
-------------------
Feature Construction (FC) starts ...
Total number of features in the space phi00:             22
Total number of features in the space phi01:            826
Total number of features in the space phi02:         319124
Total number of features in the space phi03:    11311167871
Size of the SIS-selected subspace from phi03:      10000
Time (second) used for this FC:         1956.18

Descriptor Identification (DI) starts ...
Total number of SIS-selected features from all dimensions:      20000
 
Final model/descriptor !
================================================================================
  2D descriptor: 
     d001 = (((feature13+feature22)*(feature13-feature20))-(feature16*(feature15-feature16)))    feature_ID:005563
     d002 = (((feature14+feature20)-feature21)*((feature16-feature3)*(feature15-feature22)))    feature_ID:010001

  2D model(y=sum(ci*di)+c0): 
     coeff.(ci)_task001:     0.2605986387E+02   -0.2832938512E+03
             c0_task001:     0.3193582903E+02
     RMSE,MaxAE_task001:     0.7493459615E+01    0.2083689370E+02

     RMSE and MaxAE of the model:   7.493460 20.836894
================================================================================
Time (second) used for this DI:           25.49
Total time (second):         3935.74
Have a nice day !    

