****************************************************************
  Sure Independence Screening and Sparsifying Operator (SISSO)  
             Version SISSO.3.3, July, 2023.                
****************************************************************

Read in data from train.dat
Read in data from SISSO.in
Property type:     1
Number of tasks:        1
Descriptor dimension:        2
Number of samples for the task(s):     36
Restarts :  0
Number of scalar features:       19
Tier of the feature space:        3
Maximal feature complexity (number of operators in a feature):        6
Unit of input primary feature, each represented by a row vector: 
    1.00
    1.00
    1.00
    1.00
    1.00
    1.00
    1.00
    1.00
    1.00
    1.00
    1.00
    1.00
    1.00
    1.00
    1.00
    1.00
    1.00
    1.00
    1.00
The feature will be discarded if the minimum of the maximal abs. value in it <    0.10000E-02
The faature will be discarded if the maximum of the maximal abs. value in it >     0.10000E+06
Size of the SIS-selected (single) subspace :  10000 10000
Operators for feature construction: (+)(-)(*) (+)(-)(*) (+)(-)(*) 
Method for sparse regression:  L0        
Fitting intercept:      T
Metric for model selection: RMSE
Number of the top-ranked models to output:      100
--------------------------------------------------------------------------------

Dimension:   1
-------------------
Feature Construction (FC) starts ...
Population Standard Deviation (SD) of the task 001:   94.02615
Total number of features in the space phi00:             19
Total number of features in the space phi01:            636
Total number of features in the space phi02:         201268
Total number of features in the space phi03:     4955933849
Size of the SIS-selected subspace from phi03:      10000
Time (second) used for this FC:          891.74

Descriptor Identification (DI) starts ...
Total number of SIS-selected features from all dimensions:      10000
 
  1D descriptor: 
     d001 = (((feature6+feature16)*(feature18-feature13))-(feature10*(feature14+feature19)))    feature_ID:000001

  1D model(y=sum(ci*di)+c0): 
     coeff.(ci)_task001:    -0.1936202569E+03
             c0_task001:     0.2140641345E+03
     RMSE,MaxAE_task001:     0.2597717723E+02    0.5411285711E+02

     RMSE and MaxAE of the model:  25.977177 54.112857
--------------------------------------------------------------------------------
Time (second) used for this DI:            0.60

Dimension:   2
-------------------
Feature Construction (FC) starts ...
Total number of features in the space phi00:             19
Total number of features in the space phi01:            636
Total number of features in the space phi02:         201268
Total number of features in the space phi03:     4955933849
Size of the SIS-selected subspace from phi03:      10000
Time (second) used for this FC:          892.61

Descriptor Identification (DI) starts ...
Total number of SIS-selected features from all dimensions:      20000
 
Final model/descriptor !
================================================================================
  2D descriptor: 
     d001 = ((feature19*(feature10+feature14))+((feature18-feature4)*(feature13-feature16)))    feature_ID:000237
     d002 = ((feature10*(feature12-feature14))*((feature14+feature16)-(feature6+feature18)))    feature_ID:014611

  2D model(y=sum(ci*di)+c0): 
     coeff.(ci)_task001:     0.1955532811E+03    0.3238000079E+03
             c0_task001:     0.2088307978E+03
     RMSE,MaxAE_task001:     0.1859902680E+02    0.3948304872E+02

     RMSE and MaxAE of the model:  18.599027 39.483049
================================================================================
Time (second) used for this DI:           25.58
Total time (second):         1811.33
Have a nice day !    

