****************************************************************
  Sure Independence Screening and Sparsifying Operator (SISSO)  
             Version SISSO.3.3, July, 2023.                
****************************************************************

Read in data from train.dat
Read in data from SISSO.in
Property type:     1
Number of tasks:        1
Descriptor dimension:        2
Number of samples for the task(s):     36
Restarts :  0
Number of scalar features:       21
Tier of the feature space:        3
Maximal feature complexity (number of operators in a feature):        6
Unit of input primary feature, each represented by a row vector: 
    1.00
    1.00
    1.00
    1.00
    1.00
    1.00
    1.00
    1.00
    1.00
    1.00
    1.00
    1.00
    1.00
    1.00
    1.00
    1.00
    1.00
    1.00
    1.00
    1.00
    1.00
The feature will be discarded if the minimum of the maximal abs. value in it <    0.10000E-02
The faature will be discarded if the maximum of the maximal abs. value in it >     0.10000E+06
Size of the SIS-selected (single) subspace :  10000 10000
Operators for feature construction: (+)(-)(*) (+)(-)(*) (+)(-)(*) 
Method for sparse regression:  L0        
Fitting intercept:      T
Metric for model selection: RMSE
Number of the top-ranked models to output:      100
--------------------------------------------------------------------------------

Dimension:   1
-------------------
Feature Construction (FC) starts ...
Population Standard Deviation (SD) of the task 001:    9.56097
Total number of features in the space phi00:             21
Total number of features in the space phi01:            774
Total number of features in the space phi02:         295478
Total number of features in the space phi03:     9718806916
Size of the SIS-selected subspace from phi03:      10000
Time (second) used for this FC:         1725.11

Descriptor Identification (DI) starts ...
Total number of SIS-selected features from all dimensions:      10000
 
  1D descriptor: 
     d001 = ((feature11*(feature13+feature14))*((feature14+feature15)+(feature21-feature20)))    feature_ID:000001

  1D model(y=sum(ci*di)+c0): 
     coeff.(ci)_task001:     0.1970920701E+02
             c0_task001:     0.2148033426E+01
     RMSE,MaxAE_task001:     0.3936342321E+01    0.9620828108E+01

     RMSE and MaxAE of the model:   3.936342  9.620828
--------------------------------------------------------------------------------
Time (second) used for this DI:            0.09

Dimension:   2
-------------------
Feature Construction (FC) starts ...
Total number of features in the space phi00:             21
Total number of features in the space phi01:            774
Total number of features in the space phi02:         295478
Total number of features in the space phi03:     9718806916
Size of the SIS-selected subspace from phi03:      10000
Time (second) used for this FC:         1728.30

Descriptor Identification (DI) starts ...
Total number of SIS-selected features from all dimensions:      20000
 
Final model/descriptor !
================================================================================
  2D descriptor: 
     d001 = (((feature11*feature14)-(feature6*feature15))-(feature13*(feature18-feature21)))    feature_ID:000551
     d002 = (((feature16-feature12)-feature2)*((feature14-feature19)*(feature17-feature20)))    feature_ID:013729

  2D model(y=sum(ci*di)+c0): 
     coeff.(ci)_task001:     0.2719106393E+02    0.8723334352E+02
             c0_task001:     0.2123280787E+01
     RMSE,MaxAE_task001:     0.2350444191E+01    0.5428547290E+01

     RMSE and MaxAE of the model:   2.350444  5.428547
================================================================================
Time (second) used for this DI:           25.67
Total time (second):         3479.89
Have a nice day !    

