****************************************************************
  Sure Independence Screening and Sparsifying Operator (SISSO)  
             Version SISSO.3.3, July, 2023.                
****************************************************************

Read in data from train.dat
Read in data from SISSO.in
Property type:     1
Number of tasks:        1
Descriptor dimension:        2
Number of samples for the task(s):     36
Restarts :  0
Number of scalar features:       22
Tier of the feature space:        3
Maximal feature complexity (number of operators in a feature):        6
Unit of input primary feature, each represented by a row vector: 
    1.00
    1.00
    1.00
    1.00
    1.00
    1.00
    1.00
    1.00
    1.00
    1.00
    1.00
    1.00
    1.00
    1.00
    1.00
    1.00
    1.00
    1.00
    1.00
    1.00
    1.00
    1.00
The feature will be discarded if the minimum of the maximal abs. value in it <    0.10000E-02
The faature will be discarded if the maximum of the maximal abs. value in it >     0.10000E+06
Size of the SIS-selected (single) subspace :  10000 10000
Operators for feature construction: (+)(-)(*) (+)(-)(*) (+)(-)(*) 
Method for sparse regression:  L0        
Fitting intercept:      T
Metric for model selection: RMSE
Number of the top-ranked models to output:      100
--------------------------------------------------------------------------------

Dimension:   1
-------------------
Feature Construction (FC) starts ...
Population Standard Deviation (SD) of the task 001:    9.92414
Total number of features in the space phi00:             22
Total number of features in the space phi01:            846
Total number of features in the space phi02:         341253
Total number of features in the space phi03:    12648773883
Size of the SIS-selected subspace from phi03:      10000
Time (second) used for this FC:         2107.18

Descriptor Identification (DI) starts ...
Total number of SIS-selected features from all dimensions:      10000
 
  1D descriptor: 
     d001 = ((feature12*(feature10+feature15))+((feature12-feature20)*(feature20-feature21)))    feature_ID:000001

  1D model(y=sum(ci*di)+c0): 
     coeff.(ci)_task001:     0.3659546806E+02
             c0_task001:    -0.8601239412E+00
     RMSE,MaxAE_task001:     0.4838208696E+01    0.1673941305E+02

     RMSE and MaxAE of the model:   4.838209 16.739413
--------------------------------------------------------------------------------
Time (second) used for this DI:            0.11

Dimension:   2
-------------------
Feature Construction (FC) starts ...
Total number of features in the space phi00:             22
Total number of features in the space phi01:            846
Total number of features in the space phi02:         341253
Total number of features in the space phi03:    12648773883
Size of the SIS-selected subspace from phi03:      10000
Time (second) used for this FC:         2110.04

Descriptor Identification (DI) starts ...
Total number of SIS-selected features from all dimensions:      20000
 
Final model/descriptor !
================================================================================
  2D descriptor: 
     d001 = (((feature15+feature20)-feature21)*((feature12-feature17)-(feature6-feature12)))    feature_ID:000101
     d002 = (((feature15-feature20)-feature22)*((feature12*feature13)*(feature19-feature21)))    feature_ID:011897

  2D model(y=sum(ci*di)+c0): 
     coeff.(ci)_task001:     0.1826119769E+02    0.4380748164E+03
             c0_task001:     0.3619318555E+01
     RMSE,MaxAE_task001:     0.3471617611E+01    0.1019644795E+02

     RMSE and MaxAE of the model:   3.471618 10.196448
================================================================================
Time (second) used for this DI:           25.50
Total time (second):         4243.68
Have a nice day !    

