****************************************************************
  Sure Independence Screening and Sparsifying Operator (SISSO)  
             Version SISSO.3.3, July, 2023.                
****************************************************************

Read in data from train.dat
Read in data from SISSO.in
Property type:     1
Number of tasks:        1
Descriptor dimension:        2
Number of samples for the task(s):     36
Restarts :  0
Number of scalar features:       18
Tier of the feature space:        3
Maximal feature complexity (number of operators in a feature):        6
Unit of input primary feature, each represented by a row vector: 
    1.00
    1.00
    1.00
    1.00
    1.00
    1.00
    1.00
    1.00
    1.00
    1.00
    1.00
    1.00
    1.00
    1.00
    1.00
    1.00
    1.00
    1.00
The feature will be discarded if the minimum of the maximal abs. value in it <    0.10000E-02
The faature will be discarded if the maximum of the maximal abs. value in it >     0.10000E+06
Size of the SIS-selected (single) subspace :  10000 10000
Operators for feature construction: (+)(-)(*) (+)(-)(*) (+)(-)(*) 
Method for sparse regression:  L0        
Fitting intercept:      T
Metric for model selection: RMSE
Number of the top-ranked models to output:      100
--------------------------------------------------------------------------------

Dimension:   1
-------------------
Feature Construction (FC) starts ...
Population Standard Deviation (SD) of the task 001:   10.34589
Total number of features in the space phi00:             18
Total number of features in the space phi01:            570
Total number of features in the space phi02:         160526
Total number of features in the space phi03:     3345394803
Size of the SIS-selected subspace from phi03:      10000
Time (second) used for this FC:          557.22

Descriptor Identification (DI) starts ...
Total number of SIS-selected features from all dimensions:      10000
 
  1D descriptor: 
     d001 = (((feature1+feature12)-feature13)+((feature18-feature9)+(feature6+feature18)))    feature_ID:000001

  1D model(y=sum(ci*di)+c0): 
     coeff.(ci)_task001:    -0.9740844901E+01
             c0_task001:     0.1962072743E+02
     RMSE,MaxAE_task001:     0.5177335653E+01    0.1274507216E+02

     RMSE and MaxAE of the model:   5.177336 12.745072
--------------------------------------------------------------------------------
Time (second) used for this DI:            1.39

Dimension:   2
-------------------
Feature Construction (FC) starts ...
Total number of features in the space phi00:             18
Total number of features in the space phi01:            570
Total number of features in the space phi02:         160526
Total number of features in the space phi03:     3345394803
Size of the SIS-selected subspace from phi03:      10000
Time (second) used for this FC:          547.83

Descriptor Identification (DI) starts ...
Total number of SIS-selected features from all dimensions:      20000
 
Final model/descriptor !
================================================================================
  2D descriptor: 
     d001 = (((feature1-feature13)-feature9)*((feature14-feature18)-(feature6-feature9)))    feature_ID:002181
     d002 = (((feature12+feature14)-feature13)*((feature13-feature9)*(feature10-feature15)))    feature_ID:010001

  2D model(y=sum(ci*di)+c0): 
     coeff.(ci)_task001:    -0.1267946351E+02    0.3388994250E+03
             c0_task001:     0.7268152540E+01
     RMSE,MaxAE_task001:     0.3417002312E+01    0.1038548415E+02

     RMSE and MaxAE of the model:   3.417002 10.385484
================================================================================
Time (second) used for this DI:           25.48
Total time (second):         1132.83
Have a nice day !    

