****************************************************************
  Sure Independence Screening and Sparsifying Operator (SISSO)  
             Version SISSO.3.3, July, 2023.                
****************************************************************

Read in data from train.dat
Read in data from SISSO.in
Property type:     1
Number of tasks:        1
Descriptor dimension:        2
Number of samples for the task(s):     36
Restarts :  0
Number of scalar features:       20
Tier of the feature space:        3
Maximal feature complexity (number of operators in a feature):        6
Unit of input primary feature, each represented by a row vector: 
    1.00
    1.00
    1.00
    1.00
    1.00
    1.00
    1.00
    1.00
    1.00
    1.00
    1.00
    1.00
    1.00
    1.00
    1.00
    1.00
    1.00
    1.00
    1.00
    1.00
The feature will be discarded if the minimum of the maximal abs. value in it <    0.10000E-02
The faature will be discarded if the maximum of the maximal abs. value in it >     0.10000E+06
Size of the SIS-selected (single) subspace :  10000 10000
Operators for feature construction: (+)(-)(*) (+)(-)(*) (+)(-)(*) 
Method for sparse regression:  L0        
Fitting intercept:      T
Metric for model selection: RMSE
Number of the top-ranked models to output:      100
--------------------------------------------------------------------------------

Dimension:   1
-------------------
Feature Construction (FC) starts ...
Population Standard Deviation (SD) of the task 001:   22.72713
Total number of features in the space phi00:             20
Total number of features in the space phi01:            708
Total number of features in the space phi02:         250975
Total number of features in the space phi03:     7262090116
Size of the SIS-selected subspace from phi03:      10000
Time (second) used for this FC:         1325.44

Descriptor Identification (DI) starts ...
Total number of SIS-selected features from all dimensions:      10000
 
  1D descriptor: 
     d001 = (((feature11+feature17)*(feature12+feature18))-(feature20*(feature13-feature20)))    feature_ID:000001

  1D model(y=sum(ci*di)+c0): 
     coeff.(ci)_task001:    -0.3596225706E+02
             c0_task001:     0.7392777535E+02
     RMSE,MaxAE_task001:     0.1042742668E+02    0.2371814180E+02

     RMSE and MaxAE of the model:  10.427427 23.718142
--------------------------------------------------------------------------------
Time (second) used for this DI:            0.09

Dimension:   2
-------------------
Feature Construction (FC) starts ...
Total number of features in the space phi00:             20
Total number of features in the space phi01:            708
Total number of features in the space phi02:         250975
Total number of features in the space phi03:     7262090116
Size of the SIS-selected subspace from phi03:      10000
Time (second) used for this FC:         1324.78

Descriptor Identification (DI) starts ...
Total number of SIS-selected features from all dimensions:      20000
 
Final model/descriptor !
================================================================================
  2D descriptor: 
     d001 = (((feature12+feature17)-(feature7-feature17))-((feature13-feature18)-feature18))    feature_ID:003535
     d002 = ((feature15*(feature10-feature11))*((feature11-feature20)*(feature14-feature18)))    feature_ID:018553

  2D model(y=sum(ci*di)+c0): 
     coeff.(ci)_task001:    -0.2189981656E+02    0.1821618627E+04
             c0_task001:     0.8593492815E+02
     RMSE,MaxAE_task001:     0.7197377265E+01    0.1469305884E+02

     RMSE and MaxAE of the model:   7.197377 14.693059
================================================================================
Time (second) used for this DI:           25.48
Total time (second):         2676.40
Have a nice day !    

