****************************************************************
  Sure Independence Screening and Sparsifying Operator (SISSO)  
             Version SISSO.3.3, July, 2023.                
****************************************************************

Read in data from train.dat
Read in data from SISSO.in
Property type:     1
Number of tasks:        1
Descriptor dimension:        2
Number of samples for the task(s):     36
Restarts :  0
Number of scalar features:       20
Tier of the feature space:        3
Maximal feature complexity (number of operators in a feature):        6
Unit of input primary feature, each represented by a row vector: 
    1.00
    1.00
    1.00
    1.00
    1.00
    1.00
    1.00
    1.00
    1.00
    1.00
    1.00
    1.00
    1.00
    1.00
    1.00
    1.00
    1.00
    1.00
    1.00
    1.00
The feature will be discarded if the minimum of the maximal abs. value in it <    0.10000E-02
The faature will be discarded if the maximum of the maximal abs. value in it >     0.10000E+06
Size of the SIS-selected (single) subspace :  10000 10000
Operators for feature construction: (+)(-)(*) (+)(-)(*) (+)(-)(*) 
Method for sparse regression:  L0        
Fitting intercept:      T
Metric for model selection: RMSE
Number of the top-ranked models to output:      100
--------------------------------------------------------------------------------

Dimension:   1
-------------------
Feature Construction (FC) starts ...
Population Standard Deviation (SD) of the task 001:   90.19367
Total number of features in the space phi00:             20
Total number of features in the space phi01:            694
Total number of features in the space phi02:         231529
Total number of features in the space phi03:     6410968110
Size of the SIS-selected subspace from phi03:      10000
Time (second) used for this FC:         1171.48

Descriptor Identification (DI) starts ...
Total number of SIS-selected features from all dimensions:      10000
 
  1D descriptor: 
     d001 = (((feature14-feature4)*(feature13+feature14))-(feature17*(feature19-feature14)))    feature_ID:000001

  1D model(y=sum(ci*di)+c0): 
     coeff.(ci)_task001:     0.2194345697E+03
             c0_task001:     0.2869488197E+03
     RMSE,MaxAE_task001:     0.2761112661E+02    0.5201153568E+02

     RMSE and MaxAE of the model:  27.611127 52.011536
--------------------------------------------------------------------------------
Time (second) used for this DI:            0.11

Dimension:   2
-------------------
Feature Construction (FC) starts ...
Total number of features in the space phi00:             20
Total number of features in the space phi01:            694
Total number of features in the space phi02:         231529
Total number of features in the space phi03:     6410968110
Size of the SIS-selected subspace from phi03:      10000
Time (second) used for this FC:         1171.15

Descriptor Identification (DI) starts ...
Total number of SIS-selected features from all dimensions:      20000
 
Final model/descriptor !
================================================================================
  2D descriptor: 
     d001 = (((feature13-feature7)*(feature14-feature4))-(feature17*(feature19-feature14)))    feature_ID:000012
     d002 = (((feature11-feature13)-feature5)*((feature1-feature18)*(feature13-feature6)))    feature_ID:010276

  2D model(y=sum(ci*di)+c0): 
     coeff.(ci)_task001:     0.2213155681E+03   -0.2576548039E+03
             c0_task001:     0.3163913303E+03
     RMSE,MaxAE_task001:     0.1817754638E+02    0.5063736210E+02

     RMSE and MaxAE of the model:  18.177546 50.637362
================================================================================
Time (second) used for this DI:           25.55
Total time (second):         2369.37
Have a nice day !    

