****************************************************************
  Sure Independence Screening and Sparsifying Operator (SISSO)  
             Version SISSO.3.3, July, 2023.                
****************************************************************

Read in data from train.dat
Read in data from SISSO.in
Property type:     1
Number of tasks:        1
Descriptor dimension:        2
Number of samples for the task(s):     36
Restarts :  0
Number of scalar features:       21
Tier of the feature space:        3
Maximal feature complexity (number of operators in a feature):        6
Unit of input primary feature, each represented by a row vector: 
    1.00
    1.00
    1.00
    1.00
    1.00
    1.00
    1.00
    1.00
    1.00
    1.00
    1.00
    1.00
    1.00
    1.00
    1.00
    1.00
    1.00
    1.00
    1.00
    1.00
    1.00
The feature will be discarded if the minimum of the maximal abs. value in it <    0.10000E-02
The faature will be discarded if the maximum of the maximal abs. value in it >     0.10000E+06
Size of the SIS-selected (single) subspace :  10000 10000
Operators for feature construction: (+)(-)(*) (+)(-)(*) (+)(-)(*) 
Method for sparse regression:  L0        
Fitting intercept:      T
Metric for model selection: RMSE
Number of the top-ranked models to output:      100
--------------------------------------------------------------------------------

Dimension:   1
-------------------
Feature Construction (FC) starts ...
Population Standard Deviation (SD) of the task 001:   95.68064
Total number of features in the space phi00:             21
Total number of features in the space phi01:            769
Total number of features in the space phi02:         283728
Total number of features in the space phi03:     9151663982
Size of the SIS-selected subspace from phi03:      10000
Time (second) used for this FC:         1687.63

Descriptor Identification (DI) starts ...
Total number of SIS-selected features from all dimensions:      10000
 
  1D descriptor: 
     d001 = (((feature14*feature19)+(feature18*feature20))-(feature11*(feature19+feature21)))    feature_ID:000001

  1D model(y=sum(ci*di)+c0): 
     coeff.(ci)_task001:    -0.1788936358E+03
             c0_task001:     0.3609693184E+03
     RMSE,MaxAE_task001:     0.3933469990E+02    0.1062197677E+03

     RMSE and MaxAE of the model:  39.334700106.219768
--------------------------------------------------------------------------------
Time (second) used for this DI:            2.78

Dimension:   2
-------------------
Feature Construction (FC) starts ...
Total number of features in the space phi00:             21
Total number of features in the space phi01:            769
Total number of features in the space phi02:         283728
Total number of features in the space phi03:     9151663982
Size of the SIS-selected subspace from phi03:      10000
Time (second) used for this FC:         1685.49

Descriptor Identification (DI) starts ...
Total number of SIS-selected features from all dimensions:      20000
 
Final model/descriptor !
================================================================================
  2D descriptor: 
     d001 = ((feature19*(feature11-feature14))+((feature17*feature21)-(feature18*feature20)))    feature_ID:001971
     d002 = ((feature11*(feature12-feature14))*((feature13-feature16)-(feature18-feature2)))    feature_ID:010003

  2D model(y=sum(ci*di)+c0): 
     coeff.(ci)_task001:     0.1927489260E+03    0.1984878376E+03
             c0_task001:     0.3571738403E+03
     RMSE,MaxAE_task001:     0.2491295735E+02    0.6364973512E+02

     RMSE and MaxAE of the model:  24.912957 63.649735
================================================================================
Time (second) used for this DI:           25.47
Total time (second):         3402.27
Have a nice day !    

