****************************************************************
  Sure Independence Screening and Sparsifying Operator (SISSO)  
             Version SISSO.3.3, July, 2023.                
****************************************************************

Read in data from train.dat
Read in data from SISSO.in
Property type:     1
Number of tasks:        1
Descriptor dimension:        2
Number of samples for the task(s):     36
Restarts :  0
Number of scalar features:       18
Tier of the feature space:        3
Maximal feature complexity (number of operators in a feature):        6
Unit of input primary feature, each represented by a row vector: 
    1.00
    1.00
    1.00
    1.00
    1.00
    1.00
    1.00
    1.00
    1.00
    1.00
    1.00
    1.00
    1.00
    1.00
    1.00
    1.00
    1.00
    1.00
The feature will be discarded if the minimum of the maximal abs. value in it <    0.10000E-02
The faature will be discarded if the maximum of the maximal abs. value in it >     0.10000E+06
Size of the SIS-selected (single) subspace :  10000 10000
Operators for feature construction: (+)(-)(*) (+)(-)(*) (+)(-)(*) 
Method for sparse regression:  L0        
Fitting intercept:      T
Metric for model selection: RMSE
Number of the top-ranked models to output:      100
--------------------------------------------------------------------------------

Dimension:   1
-------------------
Feature Construction (FC) starts ...
Population Standard Deviation (SD) of the task 001:   11.00062
Total number of features in the space phi00:             18
Total number of features in the space phi01:            562
Total number of features in the space phi02:         147220
Total number of features in the space phi03:     2942072215
Size of the SIS-selected subspace from phi03:      10000
Time (second) used for this FC:          482.30

Descriptor Identification (DI) starts ...
Total number of SIS-selected features from all dimensions:      10000
 
  1D descriptor: 
     d001 = (((feature1+feature12)-feature10)+((feature17+feature18)-(feature13-feature5)))    feature_ID:000001

  1D model(y=sum(ci*di)+c0): 
     coeff.(ci)_task001:    -0.1291917923E+02
             c0_task001:     0.2482907904E+02
     RMSE,MaxAE_task001:     0.5418755671E+01    0.1400681962E+02

     RMSE and MaxAE of the model:   5.418756 14.006820
--------------------------------------------------------------------------------
Time (second) used for this DI:            0.09

Dimension:   2
-------------------
Feature Construction (FC) starts ...
Total number of features in the space phi00:             18
Total number of features in the space phi01:            562
Total number of features in the space phi02:         147220
Total number of features in the space phi03:     2942072215
Size of the SIS-selected subspace from phi03:      10000
Time (second) used for this FC:          484.89

Descriptor Identification (DI) starts ...
Total number of SIS-selected features from all dimensions:      20000
 
Final model/descriptor !
================================================================================
  2D descriptor: 
     d001 = (((feature18-feature16)-feature16)*((feature1-feature13)*(feature1-feature14)))    feature_ID:000792
     d002 = (((feature11+feature14)-feature16)*((feature10-feature12)*(feature14-feature15)))    feature_ID:013008

  2D model(y=sum(ci*di)+c0): 
     coeff.(ci)_task001:    -0.6910419052E+02   -0.3488804481E+03
             c0_task001:     0.4603872652E+01
     RMSE,MaxAE_task001:     0.3890826883E+01    0.8773951389E+01

     RMSE and MaxAE of the model:   3.890827  8.773951
================================================================================
Time (second) used for this DI:           25.54
Total time (second):          993.84
Have a nice day !    

