****************************************************************
  Sure Independence Screening and Sparsifying Operator (SISSO)  
             Version SISSO.3.3, July, 2023.                
****************************************************************

Read in data from train.dat
Read in data from SISSO.in
Property type:     1
Number of tasks:        1
Descriptor dimension:        2
Number of samples for the task(s):     36
Restarts :  0
Number of scalar features:       18
Tier of the feature space:        3
Maximal feature complexity (number of operators in a feature):        6
Unit of input primary feature, each represented by a row vector: 
    1.00
    1.00
    1.00
    1.00
    1.00
    1.00
    1.00
    1.00
    1.00
    1.00
    1.00
    1.00
    1.00
    1.00
    1.00
    1.00
    1.00
    1.00
The feature will be discarded if the minimum of the maximal abs. value in it <    0.10000E-02
The faature will be discarded if the maximum of the maximal abs. value in it >     0.10000E+06
Size of the SIS-selected (single) subspace :  10000 10000
Operators for feature construction: (+)(-)(*) (+)(-)(*) (+)(-)(*) 
Method for sparse regression:  L0        
Fitting intercept:      T
Metric for model selection: RMSE
Number of the top-ranked models to output:      100
--------------------------------------------------------------------------------

Dimension:   1
-------------------
Feature Construction (FC) starts ...
Population Standard Deviation (SD) of the task 001:   23.75522
Total number of features in the space phi00:             18
Total number of features in the space phi01:            573
Total number of features in the space phi02:         166567
Total number of features in the space phi03:     3541616024
Size of the SIS-selected subspace from phi03:      10000
Time (second) used for this FC:          591.29

Descriptor Identification (DI) starts ...
Total number of SIS-selected features from all dimensions:      10000
 
  1D descriptor: 
     d001 = (((feature10-feature12)*(feature17-feature13))-(feature16*(feature3+feature17)))    feature_ID:000001

  1D model(y=sum(ci*di)+c0): 
     coeff.(ci)_task001:     0.5899098922E+02
             c0_task001:     0.5691453027E+02
     RMSE,MaxAE_task001:     0.1171265186E+02    0.2888943718E+02

     RMSE and MaxAE of the model:  11.712652 28.889437
--------------------------------------------------------------------------------
Time (second) used for this DI:            0.14

Dimension:   2
-------------------
Feature Construction (FC) starts ...
Total number of features in the space phi00:             18
Total number of features in the space phi01:            573
Total number of features in the space phi02:         166567
Total number of features in the space phi03:     3541616024
Size of the SIS-selected subspace from phi03:      10000
Time (second) used for this FC:          592.19

Descriptor Identification (DI) starts ...
Total number of SIS-selected features from all dimensions:      20000
 
Final model/descriptor !
================================================================================
  2D descriptor: 
     d001 = ((feature16*(feature3+feature17))+((feature3+feature11)*(feature6+feature14)))    feature_ID:006796
     d002 = (((feature10+feature15)-feature18)*((feature12-feature9)*(feature10-feature17)))    feature_ID:014040

  2D model(y=sum(ci*di)+c0): 
     coeff.(ci)_task001:    -0.7644753473E+02    0.2687735359E+03
             c0_task001:     0.8154577151E+02
     RMSE,MaxAE_task001:     0.8514348084E+01    0.2328375461E+02

     RMSE and MaxAE of the model:   8.514348 23.283755
================================================================================
Time (second) used for this DI:           25.64
Total time (second):         1210.17
Have a nice day !    

