****************************************************************
  Sure Independence Screening and Sparsifying Operator (SISSO)  
             Version SISSO.3.3, July, 2023.                
****************************************************************

Read in data from train.dat
Read in data from SISSO.in
Property type:     1
Number of tasks:        1
Descriptor dimension:        2
Number of samples for the task(s):     36
Restarts :  0
Number of scalar features:       20
Tier of the feature space:        3
Maximal feature complexity (number of operators in a feature):        6
Unit of input primary feature, each represented by a row vector: 
    1.00
    1.00
    1.00
    1.00
    1.00
    1.00
    1.00
    1.00
    1.00
    1.00
    1.00
    1.00
    1.00
    1.00
    1.00
    1.00
    1.00
    1.00
    1.00
    1.00
The feature will be discarded if the minimum of the maximal abs. value in it <    0.10000E-02
The faature will be discarded if the maximum of the maximal abs. value in it >     0.10000E+06
Size of the SIS-selected (single) subspace :  10000 10000
Operators for feature construction: (+)(-)(*) (+)(-)(*) (+)(-)(*) 
Method for sparse regression:  L0        
Fitting intercept:      T
Metric for model selection: RMSE
Number of the top-ranked models to output:      100
--------------------------------------------------------------------------------

Dimension:   1
-------------------
Feature Construction (FC) starts ...
Population Standard Deviation (SD) of the task 001:   23.16725
Total number of features in the space phi00:             20
Total number of features in the space phi01:            692
Total number of features in the space phi02:         228532
Total number of features in the space phi03:     6294397039
Size of the SIS-selected subspace from phi03:      10000
Time (second) used for this FC:         1112.82

Descriptor Identification (DI) starts ...
Total number of SIS-selected features from all dimensions:      10000
 
  1D descriptor: 
     d001 = (((feature19-feature5)*(feature12-feature19))-(feature18*(feature13+feature16)))    feature_ID:000001

  1D model(y=sum(ci*di)+c0): 
     coeff.(ci)_task001:     0.5894447542E+02
             c0_task001:     0.8059732648E+02
     RMSE,MaxAE_task001:     0.1159315370E+02    0.2577381529E+02

     RMSE and MaxAE of the model:  11.593154 25.773815
--------------------------------------------------------------------------------
Time (second) used for this DI:            0.15

Dimension:   2
-------------------
Feature Construction (FC) starts ...
Total number of features in the space phi00:             20
Total number of features in the space phi01:            692
Total number of features in the space phi02:         228532
Total number of features in the space phi03:     6294397039
Size of the SIS-selected subspace from phi03:      10000
Time (second) used for this FC:         1115.15

Descriptor Identification (DI) starts ...
Total number of SIS-selected features from all dimensions:      20000
 
Final model/descriptor !
================================================================================
  2D descriptor: 
     d001 = (((feature11-feature13)-(feature7+feature9))-(feature19+(feature19+feature20)))    feature_ID:001172
     d002 = (((feature16-feature19)-feature5)*((feature2+feature12)*(feature18-feature20)))    feature_ID:013998

  2D model(y=sum(ci*di)+c0): 
     coeff.(ci)_task001:     0.1807470719E+02    0.3258939380E+04
             c0_task001:     0.6411699244E+02
     RMSE,MaxAE_task001:     0.8282272418E+01    0.2592746809E+02

     RMSE and MaxAE of the model:   8.282272 25.927468
================================================================================
Time (second) used for this DI:           26.28
Total time (second):         2255.18
Have a nice day !    

