****************************************************************
  Sure Independence Screening and Sparsifying Operator (SISSO)  
             Version SISSO.3.3, July, 2023.                
****************************************************************

Read in data from train.dat
Read in data from SISSO.in
Property type:     1
Number of tasks:        1
Descriptor dimension:        2
Number of samples for the task(s):     36
Restarts :  0
Number of scalar features:       21
Tier of the feature space:        3
Maximal feature complexity (number of operators in a feature):        6
Unit of input primary feature, each represented by a row vector: 
    1.00
    1.00
    1.00
    1.00
    1.00
    1.00
    1.00
    1.00
    1.00
    1.00
    1.00
    1.00
    1.00
    1.00
    1.00
    1.00
    1.00
    1.00
    1.00
    1.00
    1.00
The feature will be discarded if the minimum of the maximal abs. value in it <    0.10000E-02
The faature will be discarded if the maximum of the maximal abs. value in it >     0.10000E+06
Size of the SIS-selected (single) subspace :  10000 10000
Operators for feature construction: (+)(-)(*) (+)(-)(*) (+)(-)(*) 
Method for sparse regression:  L0        
Fitting intercept:      T
Metric for model selection: RMSE
Number of the top-ranked models to output:      100
--------------------------------------------------------------------------------

Dimension:   1
-------------------
Feature Construction (FC) starts ...
Population Standard Deviation (SD) of the task 001:   21.96991
Total number of features in the space phi00:             21
Total number of features in the space phi01:            779
Total number of features in the space phi02:         297287
Total number of features in the space phi03:     9854601325
Size of the SIS-selected subspace from phi03:      10000
Time (second) used for this FC:         1743.12

Descriptor Identification (DI) starts ...
Total number of SIS-selected features from all dimensions:      10000
 
  1D descriptor: 
     d001 = (((feature14+feature19)-feature20)*((feature11-feature15)*(feature14*feature21)))    feature_ID:000001

  1D model(y=sum(ci*di)+c0): 
     coeff.(ci)_task001:     0.2804033152E+03
             c0_task001:     0.2628801404E+02
     RMSE,MaxAE_task001:     0.1214316730E+02    0.2412841202E+02

     RMSE and MaxAE of the model:  12.143167 24.128412
--------------------------------------------------------------------------------
Time (second) used for this DI:            0.09

Dimension:   2
-------------------
Feature Construction (FC) starts ...
Total number of features in the space phi00:             21
Total number of features in the space phi01:            779
Total number of features in the space phi02:         297287
Total number of features in the space phi03:     9854601325
Size of the SIS-selected subspace from phi03:      10000
Time (second) used for this FC:         1754.47

Descriptor Identification (DI) starts ...
Total number of SIS-selected features from all dimensions:      20000
 
Final model/descriptor !
================================================================================
  2D descriptor: 
     d001 = ((feature21*(feature13+feature14))*((feature14+feature17)-(feature20-feature7)))    feature_ID:005024
     d002 = ((feature11*(feature12-feature16))*((feature11+feature19)-(feature12+feature21)))    feature_ID:010472

  2D model(y=sum(ci*di)+c0): 
     coeff.(ci)_task001:     0.6070065640E+02    0.2136272626E+03
             c0_task001:     0.2772121091E+02
     RMSE,MaxAE_task001:     0.7860553546E+01    0.1744777002E+02

     RMSE and MaxAE of the model:   7.860554 17.447770
================================================================================
Time (second) used for this DI:           25.53
Total time (second):         3528.43
Have a nice day !    

