****************************************************************
  Sure Independence Screening and Sparsifying Operator (SISSO)  
             Version SISSO.3.3, July, 2023.                
****************************************************************

Read in data from train.dat
Read in data from SISSO.in
Property type:     1
Number of tasks:        1
Descriptor dimension:        2
Number of samples for the task(s):     36
Restarts :  0
Number of scalar features:       21
Tier of the feature space:        3
Maximal feature complexity (number of operators in a feature):        6
Unit of input primary feature, each represented by a row vector: 
    1.00
    1.00
    1.00
    1.00
    1.00
    1.00
    1.00
    1.00
    1.00
    1.00
    1.00
    1.00
    1.00
    1.00
    1.00
    1.00
    1.00
    1.00
    1.00
    1.00
    1.00
The feature will be discarded if the minimum of the maximal abs. value in it <    0.10000E-02
The faature will be discarded if the maximum of the maximal abs. value in it >     0.10000E+06
Size of the SIS-selected (single) subspace :  10000 10000
Operators for feature construction: (+)(-)(*) (+)(-)(*) (+)(-)(*) 
Method for sparse regression:  L0        
Fitting intercept:      T
Metric for model selection: RMSE
Number of the top-ranked models to output:      100
--------------------------------------------------------------------------------

Dimension:   1
-------------------
Feature Construction (FC) starts ...
Population Standard Deviation (SD) of the task 001:   21.62108
Total number of features in the space phi00:             21
Total number of features in the space phi01:            774
Total number of features in the space phi02:         295478
Total number of features in the space phi03:     9718806916
Size of the SIS-selected subspace from phi03:      10000
Time (second) used for this FC:         1727.75

Descriptor Identification (DI) starts ...
Total number of SIS-selected features from all dimensions:      10000
 
  1D descriptor: 
     d001 = (((feature20-feature14)-feature14)*((feature14*feature15)*(feature14*feature21)))    feature_ID:000001

  1D model(y=sum(ci*di)+c0): 
     coeff.(ci)_task001:    -0.3357010741E+03
             c0_task001:     0.2392532736E+02
     RMSE,MaxAE_task001:     0.9713403413E+01    0.2385314532E+02

     RMSE and MaxAE of the model:   9.713403 23.853145
--------------------------------------------------------------------------------
Time (second) used for this DI:            0.09

Dimension:   2
-------------------
Feature Construction (FC) starts ...
Total number of features in the space phi00:             21
Total number of features in the space phi01:            774
Total number of features in the space phi02:         295478
Total number of features in the space phi03:     9718806916
Size of the SIS-selected subspace from phi03:      10000
Time (second) used for this FC:         1724.49

Descriptor Identification (DI) starts ...
Total number of SIS-selected features from all dimensions:      20000
 
Final model/descriptor !
================================================================================
  2D descriptor: 
     d001 = (((feature20-feature14)-feature14)*((feature14*feature15)*(feature14*feature21)))    feature_ID:000001
     d002 = (((feature11-feature15)-feature15)*((feature12-feature13)*(feature18-feature21)))    feature_ID:010001

  2D model(y=sum(ci*di)+c0): 
     coeff.(ci)_task001:    -0.3304969699E+03    0.6053664293E+03
             c0_task001:     0.2524295314E+02
     RMSE,MaxAE_task001:     0.7092407892E+01    0.1470854681E+02

     RMSE and MaxAE of the model:   7.092408 14.708547
================================================================================
Time (second) used for this DI:           25.51
Total time (second):         3478.51
Have a nice day !    

