****************************************************************
  Sure Independence Screening and Sparsifying Operator (SISSO)  
             Version SISSO.3.3, July, 2023.                
****************************************************************

Read in data from train.dat
Read in data from SISSO.in
Property type:     1
Number of tasks:        1
Descriptor dimension:        2
Number of samples for the task(s):     36
Restarts :  0
Number of scalar features:       20
Tier of the feature space:        3
Maximal feature complexity (number of operators in a feature):        6
Unit of input primary feature, each represented by a row vector: 
    1.00
    1.00
    1.00
    1.00
    1.00
    1.00
    1.00
    1.00
    1.00
    1.00
    1.00
    1.00
    1.00
    1.00
    1.00
    1.00
    1.00
    1.00
    1.00
    1.00
The feature will be discarded if the minimum of the maximal abs. value in it <    0.10000E-02
The faature will be discarded if the maximum of the maximal abs. value in it >     0.10000E+06
Size of the SIS-selected (single) subspace :  10000 10000
Operators for feature construction: (+)(-)(*) (+)(-)(*) (+)(-)(*) 
Method for sparse regression:  L0        
Fitting intercept:      T
Metric for model selection: RMSE
Number of the top-ranked models to output:      100
--------------------------------------------------------------------------------

Dimension:   1
-------------------
Feature Construction (FC) starts ...
Population Standard Deviation (SD) of the task 001:   86.75229
Total number of features in the space phi00:             20
Total number of features in the space phi01:            717
Total number of features in the space phi02:         269268
Total number of features in the space phi03:     8106225488
Size of the SIS-selected subspace from phi03:      10000
Time (second) used for this FC:         1484.97

Descriptor Identification (DI) starts ...
Total number of SIS-selected features from all dimensions:      10000
 
  1D descriptor: 
     d001 = (((feature1+feature19)-feature14)+((feature4-feature9)+(feature5-feature9)))    feature_ID:000001

  1D model(y=sum(ci*di)+c0): 
     coeff.(ci)_task001:    -0.1167733254E+03
             c0_task001:     0.1835338374E+03
     RMSE,MaxAE_task001:     0.2944677637E+02    0.6526139897E+02

     RMSE and MaxAE of the model:  29.446776 65.261399
--------------------------------------------------------------------------------
Time (second) used for this DI:            0.26

Dimension:   2
-------------------
Feature Construction (FC) starts ...
Total number of features in the space phi00:             20
Total number of features in the space phi01:            717
Total number of features in the space phi02:         269268
Total number of features in the space phi03:     8106225488
Size of the SIS-selected subspace from phi03:      10000
Time (second) used for this FC:         1496.44

Descriptor Identification (DI) starts ...
Total number of SIS-selected features from all dimensions:      20000
 
Final model/descriptor !
================================================================================
  2D descriptor: 
     d001 = (((feature1+feature17)-feature14)+((feature4-feature9)+(feature5-feature9)))    feature_ID:000002
     d002 = (((feature10+feature20)-feature19)*((feature14-feature9)*(feature13-feature20)))    feature_ID:012469

  2D model(y=sum(ci*di)+c0): 
     coeff.(ci)_task001:    -0.1020911820E+03   -0.6134839289E+03
             c0_task001:     0.1897991516E+03
     RMSE,MaxAE_task001:     0.1906695382E+02    0.5263481403E+02

     RMSE and MaxAE of the model:  19.066954 52.634814
================================================================================
Time (second) used for this DI:           25.58
Total time (second):         3008.24
Have a nice day !    

