****************************************************************
  Sure Independence Screening and Sparsifying Operator (SISSO)  
             Version SISSO.3.3, July, 2023.                
****************************************************************

Read in data from train.dat
Read in data from SISSO.in
Property type:     1
Number of tasks:        1
Descriptor dimension:        2
Number of samples for the task(s):     36
Restarts :  0
Number of scalar features:       19
Tier of the feature space:        3
Maximal feature complexity (number of operators in a feature):        6
Unit of input primary feature, each represented by a row vector: 
    1.00
    1.00
    1.00
    1.00
    1.00
    1.00
    1.00
    1.00
    1.00
    1.00
    1.00
    1.00
    1.00
    1.00
    1.00
    1.00
    1.00
    1.00
    1.00
The feature will be discarded if the minimum of the maximal abs. value in it <    0.10000E-02
The faature will be discarded if the maximum of the maximal abs. value in it >     0.10000E+06
Size of the SIS-selected (single) subspace :  10000 10000
Operators for feature construction: (+)(-)(*) (+)(-)(*) (+)(-)(*) 
Method for sparse regression:  L0        
Fitting intercept:      T
Metric for model selection: RMSE
Number of the top-ranked models to output:      100
--------------------------------------------------------------------------------

Dimension:   1
-------------------
Feature Construction (FC) starts ...
Population Standard Deviation (SD) of the task 001:   93.92689
Total number of features in the space phi00:             19
Total number of features in the space phi01:            631
Total number of features in the space phi02:         191847
Total number of features in the space phi03:     4625590482
Size of the SIS-selected subspace from phi03:      10000
Time (second) used for this FC:          955.27

Descriptor Identification (DI) starts ...
Total number of SIS-selected features from all dimensions:      10000
 
  1D descriptor: 
     d001 = (((feature8+feature17)*(feature13-feature17))-(feature15*(feature18-feature17)))    feature_ID:000001

  1D model(y=sum(ci*di)+c0): 
     coeff.(ci)_task001:     0.4612731915E+03
             c0_task001:     0.3489070071E+03
     RMSE,MaxAE_task001:     0.3464266964E+02    0.8679543385E+02

     RMSE and MaxAE of the model:  34.642670 86.795434
--------------------------------------------------------------------------------
Time (second) used for this DI:            0.10

Dimension:   2
-------------------
Feature Construction (FC) starts ...
Total number of features in the space phi00:             19
Total number of features in the space phi01:            631
Total number of features in the space phi02:         191847
Total number of features in the space phi03:     4625590482
Size of the SIS-selected subspace from phi03:      10000
Time (second) used for this FC:          950.48

Descriptor Identification (DI) starts ...
Total number of SIS-selected features from all dimensions:      20000
 
Final model/descriptor !
================================================================================
  2D descriptor: 
     d001 = (((feature8+feature17)*(feature13-feature17))-(feature15*(feature18-feature17)))    feature_ID:000001
     d002 = (((feature14+feature16)-feature8)*((feature10-feature15)-(feature4+feature15)))    feature_ID:010003

  2D model(y=sum(ci*di)+c0): 
     coeff.(ci)_task001:     0.4284247481E+03    0.8730348783E+02
             c0_task001:     0.3863869800E+03
     RMSE,MaxAE_task001:     0.2108615849E+02    0.5622196715E+02

     RMSE and MaxAE of the model:  21.086158 56.221967
================================================================================
Time (second) used for this DI:           25.52
Total time (second):         1932.32
Have a nice day !    

