
       ==============================================
       |                                            |
       |                 C R E S T                  |
       |                                            |
       |  Conformer-Rotamer Ensemble Sampling Tool  |
       |          based on the GFN methods          |
       |             P.Pracht, S.Grimme             |
       |          Universitaet Bonn, MCTC           |
       ==============================================
       Version 2.12,   Thu 19. Mai 16:32:32 CEST 2022
  Using the xTB program. Compatible with xTB version 6.4.0

   Cite work conducted with this code as

   • P.Pracht, F.Bohle, S.Grimme, PCCP, 2020, 22, 7169-7192.
   • S.Grimme, JCTC, 2019, 15, 2847-2862.

   and for works involving QCG as

   • S.Spicher, C.Plett, P.Pracht, A.Hansen, S.Grimme,
     JCTC, 2022, 18 (5), 3174-3189.

   with help from:
   C.Bannwarth, F.Bohle, S.Ehlert, S.Grimme,
   C.Plett, P.Pracht, S.Spicher

   This program is distributed in the hope that it will be useful,
   but WITHOUT ANY WARRANTY; without even the implied warranty of
   MERCHANTABILITY or FITNESS FOR A PARTICULAR PURPOSE.

 Command line input:
 > crest out.xyz --gfn 2 --chrg 0 -T 1 --noreftopo

  -gfn2 : Use of GFN2-xTB requested.
  --chrg 0
  -T 1 (CPUs/Threads selected)

 -------------------------
 xTB Geometry Optimization
 -------------------------
 Geometry successfully optimized.

------------------------------------------------
Generating MTD length from a flexibility measure
------------------------------------------------
 Calculating WBOs... done.
 Calculating NCI flexibility... done.
     covalent flexibility measure :   0.404
 non-covalent flexibility measure :   0.575
 flexibility measure :   0.385
 t(MTD) / ps    :     6.0
 Σ(t(MTD)) / ps :    84.0 (14 MTDs)

-------------------------------------
Starting a trial MTD to test settings
-------------------------------------
 Estimated runtime for one MTD (6.0 ps) on a single thread: 22 min 30 sec
 Estimated runtime for a batch of 14 MTDs on 1 threads: 5 h 14 min 55 sec

 list of Vbias parameters applied:
$metadyn    0.00300   1.300
$metadyn    0.00150   1.300
$metadyn    0.00075   1.300
$metadyn    0.00300   0.780
$metadyn    0.00150   0.780
$metadyn    0.00075   0.780
$metadyn    0.00300   0.468
$metadyn    0.00150   0.468
$metadyn    0.00075   0.468
$metadyn    0.00300   0.281
$metadyn    0.00150   0.281
$metadyn    0.00075   0.281
$metadyn    0.00100   0.100
$metadyn    0.00500   0.800

*******************************************************************************************
**                        N E W    I T E R A T I O N    C Y C L E                        **
*******************************************************************************************

========================================
            MTD Iteration  1
========================================

     ========================================
     |         Meta-MD (MTD) Sampling       |
     ========================================

Starting Meta-MD  14 with the settings:
     MD time /ps        :     6.0
     dt /fs             :     5.0
     dumpstep(trj) /fs  :     100
     dumpstep(Vbias)/ps :     1.0
     Vbias factor k /Eh :  0.1300
     Vbias exp α /bohr⁻²:    0.80
*Meta-MTD 14 finished*
Starting Meta-MD  13 with the settings:
     MD time /ps        :     6.0
     dt /fs             :     5.0
     dumpstep(trj) /fs  :     100
     dumpstep(Vbias)/ps :     1.0
     Vbias factor k /Eh :  0.0260
     Vbias exp α /bohr⁻²:    0.10
*Meta-MTD 13 finished*
Starting Meta-MD  12 with the settings:
     MD time /ps        :     6.0
     dt /fs             :     5.0
     dumpstep(trj) /fs  :     100
     dumpstep(Vbias)/ps :     1.0
     Vbias factor k /Eh :  0.0195
     Vbias exp α /bohr⁻²:    0.28
*Meta-MTD 12 finished*
Starting Meta-MD  11 with the settings:
     MD time /ps        :     6.0
     dt /fs             :     5.0
     dumpstep(trj) /fs  :     100
     dumpstep(Vbias)/ps :     1.0
     Vbias factor k /Eh :  0.0390
     Vbias exp α /bohr⁻²:    0.28
*Meta-MTD 11 finished*
Starting Meta-MD  10 with the settings:
     MD time /ps        :     6.0
     dt /fs             :     5.0
     dumpstep(trj) /fs  :     100
     dumpstep(Vbias)/ps :     1.0
     Vbias factor k /Eh :  0.0780
     Vbias exp α /bohr⁻²:    0.28
*Meta-MTD 10 finished*
Starting Meta-MD   9 with the settings:
     MD time /ps        :     6.0
     dt /fs             :     5.0
     dumpstep(trj) /fs  :     100
     dumpstep(Vbias)/ps :     1.0
     Vbias factor k /Eh :  0.0195
     Vbias exp α /bohr⁻²:    0.47
*Meta-MTD 9 finished*
Starting Meta-MD   8 with the settings:
     MD time /ps        :     6.0
     dt /fs             :     5.0
     dumpstep(trj) /fs  :     100
     dumpstep(Vbias)/ps :     1.0
     Vbias factor k /Eh :  0.0390
     Vbias exp α /bohr⁻²:    0.47
*Meta-MTD 8 finished*
Starting Meta-MD   7 with the settings:
     MD time /ps        :     6.0
     dt /fs             :     5.0
     dumpstep(trj) /fs  :     100
     dumpstep(Vbias)/ps :     1.0
     Vbias factor k /Eh :  0.0780
     Vbias exp α /bohr⁻²:    0.47
*Meta-MTD 7 finished*
Starting Meta-MD   6 with the settings:
     MD time /ps        :     6.0
     dt /fs             :     5.0
     dumpstep(trj) /fs  :     100
     dumpstep(Vbias)/ps :     1.0
     Vbias factor k /Eh :  0.0195
     Vbias exp α /bohr⁻²:    0.78
*Meta-MTD 6 finished*
Starting Meta-MD   5 with the settings:
     MD time /ps        :     6.0
     dt /fs             :     5.0
     dumpstep(trj) /fs  :     100
     dumpstep(Vbias)/ps :     1.0
     Vbias factor k /Eh :  0.0390
     Vbias exp α /bohr⁻²:    0.78
*Meta-MTD 5 finished*
Starting Meta-MD   4 with the settings:
     MD time /ps        :     6.0
     dt /fs             :     5.0
     dumpstep(trj) /fs  :     100
     dumpstep(Vbias)/ps :     1.0
     Vbias factor k /Eh :  0.0780
     Vbias exp α /bohr⁻²:    0.78
*Meta-MTD 4 finished*
Starting Meta-MD   3 with the settings:
     MD time /ps        :     6.0
     dt /fs             :     5.0
     dumpstep(trj) /fs  :     100
     dumpstep(Vbias)/ps :     1.0
     Vbias factor k /Eh :  0.0195
     Vbias exp α /bohr⁻²:    1.30
*Meta-MTD 3 finished*
Starting Meta-MD   2 with the settings:
     MD time /ps        :     6.0
     dt /fs             :     5.0
     dumpstep(trj) /fs  :     100
     dumpstep(Vbias)/ps :     1.0
     Vbias factor k /Eh :  0.0390
     Vbias exp α /bohr⁻²:    1.30
*Meta-MTD 2 finished*
Starting Meta-MD   1 with the settings:
     MD time /ps        :     6.0
     dt /fs             :     5.0
     dumpstep(trj) /fs  :     100
     dumpstep(Vbias)/ps :     1.0
     Vbias factor k /Eh :  0.0780
     Vbias exp α /bohr⁻²:    1.30
*Meta-MTD 1 finished*

-----------------------
Multilevel Optimization
-----------------------

 -------------------------
 1. crude pre-optimization
 -------------------------
 Optimizing all 826 structures from file "crest_rotamers_0.xyz" ...
 1 2 3 4 5 6 7 8 9 10 11 12 13 14 15 16 17 18 19 20 21 22 23 24 25 26 27 28 29 30 31 32 33 34 35 36 37 38 39 40 41 42 43 44 45 46 47 48 49 50 51 52 53 54 55 56 57 58 59 60 61 62 63 64 65 66 67 68 69 70 71 72 73 74 75 76 77 78 79 80 81 82 83 84 85 86 87 88 89 90 91 92 93 94 95 96 97 98 99 100 101 102 103 104 105 106 107 108 109 110 111 112 113 114 115 116 117 118 119 120 121 122 123 124 125 126 127 128 129 130 131 132 133 134 135 136 137 138 139 140 141 142 143 144 145 146 147 148 149 150 151 152 153 154 155 156 157 158 159 160 161 162 163 164 165 166 167 168 169 170 171 172 173 174 175 176 177 178 179 180 181 182 183 184 185 186 187 188 189 190 191 192 193 194 195 196 197 198 199 200 201 202 203 204 205 206 207 208 209 210 211 212 213 214 215 216 217 218 219 220 221 222 223 224 225 226 227 228 229 230 231 232 233 234 235 236 237 238 239 240 241 242 243 244 245 246 247 248 249 250 251 252 253 254 255 256 257 258 259 260 261 262 263 264 265 266 267 268 269 270 271 272 273 274 275 276 277 278 279 280 281 282 283 284 285 286 287 288 289 290 291 292 293 294 295 296 297 298 299 300 301 302 303 304 305 306 307 308 309 310 311 312 313 314 315 316 317 318 319 320 321 322 323 324 325 326 327 328 329 330 331 332 333 334 335 336 337 338 339 340 341 342 343 344 345 346 347 348 349 350 351 352 353 354 355 356 357 358 359 360 361 362 363 364 365 366 367 368 369 370 371 372 373 374 375 376 377 378 379 380 381 382 383 384 385 386 387 388 389 390 391 392 393 394 395 396 397 398 399 400 401 402 403 404 405 406 407 408 409 410 411 412 413 414 415 416 417 418 419 420 421 422 423 424 425 426 427 428 429 430 431 432 433 434 435 436 437 438 439 440 441 442 443 444 445 446 447 448 449 450 451 452 453 454 455 456 457 458 459 460 461 462 463 464 465 466 467 468 469 470 471 472 473 474 475 476 477 478 479 480 481 482 483 484 485 486 487 488 489 490 491 492 493 494 495 496 497 498 499 500 501 502 503 504 505 506 507 508 509 510 511 512 513 514 515 516 517 518 519 520 521 522 523 524 525 526 527 528 529 530 531 532 533 534 535 536 537 538 539 540 541 542 543 544 545 546 547 548 549 550 551 552 553 554 555 556 557 558 559 560 561 562 563 564 565 566 567 568 569 570 571 572 573 574 575 576 577 578 579 580 581 582 583 584 585 586 587 588 589 590 591 592 593 594 595 596 597 598 599 600 601 602 603 604 605 606 607 608 609 610 611 612 613 614 615 616 617 618 619 620 621 622 623 624 625 626 627 628 629 630 631 632 633 634 635 636 637 638 639 640 641 642 643 644 645 646 647 648 649 650 651 652 653 654 655 656 657 658 659 660 661 662 663 664 665 666 667 668 669 670 671 672 673 674 675 676 677 678 679 680 681 682 683 684 685 686 687 688 689 690 691 692 693 694 695 696 697 698 699 700 701 702 703 704 705 706 707 708 709 710 711 712 713 714 715 716 717 718 719 720 721 722 723 724 725 726 727 728 729 730 731 732 733 734 735 736 737 738 739 740 741 742 743 744 745 746 747 748 749 750 751 752 753 754 755 756 757 758 759 760 761 762 763 764 765 766 767 768 769 770 771 772 773 774 775 776 777 778 779 780 781 782 783 784 785 786 787 788 789 790 791 792 793 794 795 796 797 798 799 800 801 802 803 804 805 806 807 808 809 810 811 812 813 814 815 816 817 818 819 820 821 822 823 824 825 826
 done.
 running RMSDs...
 done.
 E lowest :   -37.26098
 618 structures remain within    12.00 kcal/mol window

 -------------------------------------
 2. optimization with tight thresholds
 -------------------------------------
 Optimizing all 619 structures from file "crest_rotamers_1.xyz" ...
 1 2 3 4 5 6 7 8 9 10 11 12 13 14 15 16 17 18 19 20 21 22 23 24 25 26 27 28 29 30 31 32 33 34 35 36 37 38 39 40 41 42 43 44 45 46 47 48 49 50 51 52 53 54 55 56 57 58 59 60 61 62 63 64 65 66 67 68 69 70 71 72 73 74 75 76 77 78 79 80 81 82 83 84 85 86 87 88 89 90 91 92 93 94 95 96 97 98 99 100 101 102 103 104 105 106 107 108 109 110 111 112 113 114 115 116 117 118 119 120 121 122 123 124 125 126 127 128 129 130 131 132 133 134 135 136 137 138 139 140 141 142 143 144 145 146 147 148 149 150 151 152 153 154 155 156 157 158 159 160 161 162 163 164 165 166 167 168 169 170 171 172 173 174 175 176 177 178 179 180 181 182 183 184 185 186 187 188 189 190 191 192 193 194 195 196 197 198 199 200 201 202 203 204 205 206 207 208 209 210 211 212 213 214 215 216 217 218 219 220 221 222 223 224 225 226 227 228 229 230 231 232 233 234 235 236 237 238 239 240 241 242 243 244 245 246 247 248 249 250 251 252 253 254 255 256 257 258 259 260 261 262 263 264 265 266 267 268 269 270 271 272 273 274 275 276 277 278 279 280 281 282 283 284 285 286 287 288 289 290 291 292 293 294 295 296 297 298 299 300 301 302 303 304 305 306 307 308 309 310 311 312 313 314 315 316 317 318 319 320 321 322 323 324 325 326 327 328 329 330 331 332 333 334 335 336 337 338 339 340 341 342 343 344 345 346 347 348 349 350 351 352 353 354 355 356 357 358 359 360 361 362 363 364 365 366 367 368 369 370 371 372 373 374 375 376 377 378 379 380 381 382 383 384 385 386 387 388 389 390 391 392 393 394 395 396 397 398 399 400 401 402 403 404 405 406 407 408 409 410 411 412 413 414 415 416 417 418 419 420 421 422 423 424 425 426 427 428 429 430 431 432 433 434 435 436 437 438 439 440 441 442 443 444 445 446 447 448 449 450 451 452 453 454 455 456 457 458 459 460 461 462 463 464 465 466 467 468 469 470 471 472 473 474 475 476 477 478 479 480 481 482 483 484 485 486 487 488 489 490 491 492 493 494 495 496 497 498 499 500 501 502 503 504 505 506 507 508 509 510 511 512 513 514 515 516 517 518 519 520 521 522 523 524 525 526 527 528 529 530 531 532 533 534 535 536 537 538 539 540 541 542 543 544 545 546 547 548 549 550 551 552 553 554 555 556 557 558 559 560 561 562 563 564 565 566 567 568 569 570 571 572 573 574 575 576 577 578 579 580 581 582 583 584 585 586 587 588 589 590 591 592 593 594 595 596 597 598 599 600 601 602 603 604 605 606 607 608 609 610 611 612 613 614 615 616 617 618 619
 done.
 running RMSDs...
 done.
 E lowest :   -37.26143
 136 structures remain within     6.00 kcal/mol window


========================================
            MTD Iteration  2
========================================

     ========================================
     |         Meta-MD (MTD) Sampling       |
     ========================================

Starting Meta-MD  12 with the settings:
     MD time /ps        :     6.0
     dt /fs             :     5.0
     dumpstep(trj) /fs  :     100
     dumpstep(Vbias)/ps :     1.0
     Vbias factor k /Eh :  0.0195
     Vbias exp α /bohr⁻²:    0.28
*Meta-MTD 12 finished*
Starting Meta-MD  11 with the settings:
     MD time /ps        :     6.0
     dt /fs             :     5.0
     dumpstep(trj) /fs  :     100
     dumpstep(Vbias)/ps :     1.0
     Vbias factor k /Eh :  0.0390
     Vbias exp α /bohr⁻²:    0.28
*Meta-MTD 11 finished*
Starting Meta-MD  10 with the settings:
     MD time /ps        :     6.0
     dt /fs             :     5.0
     dumpstep(trj) /fs  :     100
     dumpstep(Vbias)/ps :     1.0
     Vbias factor k /Eh :  0.0780
     Vbias exp α /bohr⁻²:    0.28
*Meta-MTD 10 finished*
Starting Meta-MD   9 with the settings:
     MD time /ps        :     6.0
     dt /fs             :     5.0
     dumpstep(trj) /fs  :     100
     dumpstep(Vbias)/ps :     1.0
     Vbias factor k /Eh :  0.0195
     Vbias exp α /bohr⁻²:    0.47
*Meta-MTD 9 finished*
Starting Meta-MD   8 with the settings:
     MD time /ps        :     6.0
     dt /fs             :     5.0
     dumpstep(trj) /fs  :     100
     dumpstep(Vbias)/ps :     1.0
     Vbias factor k /Eh :  0.0390
     Vbias exp α /bohr⁻²:    0.47
*Meta-MTD 8 finished*
Starting Meta-MD   7 with the settings:
     MD time /ps        :     6.0
     dt /fs             :     5.0
     dumpstep(trj) /fs  :     100
     dumpstep(Vbias)/ps :     1.0
     Vbias factor k /Eh :  0.0780
     Vbias exp α /bohr⁻²:    0.47
*Meta-MTD 7 finished*
Starting Meta-MD   6 with the settings:
     MD time /ps        :     6.0
     dt /fs             :     5.0
     dumpstep(trj) /fs  :     100
     dumpstep(Vbias)/ps :     1.0
     Vbias factor k /Eh :  0.0195
     Vbias exp α /bohr⁻²:    0.78
*Meta-MTD 6 finished*
Starting Meta-MD   5 with the settings:
     MD time /ps        :     6.0
     dt /fs             :     5.0
     dumpstep(trj) /fs  :     100
     dumpstep(Vbias)/ps :     1.0
     Vbias factor k /Eh :  0.0390
     Vbias exp α /bohr⁻²:    0.78
*Meta-MTD 5 finished*
Starting Meta-MD   4 with the settings:
     MD time /ps        :     6.0
     dt /fs             :     5.0
     dumpstep(trj) /fs  :     100
     dumpstep(Vbias)/ps :     1.0
     Vbias factor k /Eh :  0.0780
     Vbias exp α /bohr⁻²:    0.78
*Meta-MTD 4 finished*
Starting Meta-MD   3 with the settings:
     MD time /ps        :     6.0
     dt /fs             :     5.0
     dumpstep(trj) /fs  :     100
     dumpstep(Vbias)/ps :     1.0
     Vbias factor k /Eh :  0.0195
     Vbias exp α /bohr⁻²:    1.30
*Meta-MTD 3 finished*
Starting Meta-MD   2 with the settings:
     MD time /ps        :     6.0
     dt /fs             :     5.0
     dumpstep(trj) /fs  :     100
     dumpstep(Vbias)/ps :     1.0
     Vbias factor k /Eh :  0.0390
     Vbias exp α /bohr⁻²:    1.30
*Meta-MTD 2 finished*
Starting Meta-MD   1 with the settings:
     MD time /ps        :     6.0
     dt /fs             :     5.0
     dumpstep(trj) /fs  :     100
     dumpstep(Vbias)/ps :     1.0
     Vbias factor k /Eh :  0.0780
     Vbias exp α /bohr⁻²:    1.30
*Meta-MTD 1 finished*

-----------------------
Multilevel Optimization
-----------------------

 -------------------------
 1. crude pre-optimization
 -------------------------
 Optimizing all 708 structures from file "crest_rotamers_0.xyz" ...
 1 2 3 4 5 6 7 8 9 10 11 12 13 14 15 16 17 18 19 20 21 22 23 24 25 26 27 28 29 30 31 32 33 34 35 36 37 38 39 40 41 42 43 44 45 46 47 48 49 50 51 52 53 54 55 56 57 58 59 60 61 62 63 64 65 66 67 68 69 70 71 72 73 74 75 76 77 78 79 80 81 82 83 84 85 86 87 88 89 90 91 92 93 94 95 96 97 98 99 100 101 102 103 104 105 106 107 108 109 110 111 112 113 114 115 116 117 118 119 120 121 122 123 124 125 126 127 128 129 130 131 132 133 134 135 136 137 138 139 140 141 142 143 144 145 146 147 148 149 150 151 152 153 154 155 156 157 158 159 160 161 162 163 164 165 166 167 168 169 170 171 172 173 174 175 176 177 178 179 180 181 182 183 184 185 186 187 188 189 190 191 192 193 194 195 196 197 198 199 200 201 202 203 204 205 206 207 208 209 210 211 212 213 214 215 216 217 218 219 220 221 222 223 224 225 226 227 228 229 230 231 232 233 234 235 236 237 238 239 240 241 242 243 244 245 246 247 248 249 250 251 252 253 254 255 256 257 258 259 260 261 262 263 264 265 266 267 268 269 270 271 272 273 274 275 276 277 278 279 280 281 282 283 284 285 286 287 288 289 290 291 292 293 294 295 296 297 298 299 300 301 302 303 304 305 306 307 308 309 310 311 312 313 314 315 316 317 318 319 320 321 322 323 324 325 326 327 328 329 330 331 332 333 334 335 336 337 338 339 340 341 342 343 344 345 346 347 348 349 350 351 352 353 354 355 356 357 358 359 360 361 362 363 364 365 366 367 368 369 370 371 372 373 374 375 376 377 378 379 380 381 382 383 384 385 386 387 388 389 390 391 392 393 394 395 396 397 398 399 400 401 402 403 404 405 406 407 408 409 410 411 412 413 414 415 416 417 418 419 420 421 422 423 424 425 426 427 428 429 430 431 432 433 434 435 436 437 438 439 440 441 442 443 444 445 446 447 448 449 450 451 452 453 454 455 456 457 458 459 460 461 462 463 464 465 466 467 468 469 470 471 472 473 474 475 476 477 478 479 480 481 482 483 484 485 486 487 488 489 490 491 492 493 494 495 496 497 498 499 500 501 502 503 504 505 506 507 508 509 510 511 512 513 514 515 516 517 518 519 520 521 522 523 524 525 526 527 528 529 530 531 532 533 534 535 536 537 538 539 540 541 542 543 544 545 546 547 548 549 550 551 552 553 554 555 556 557 558 559 560 561 562 563 564 565 566 567 568 569 570 571 572 573 574 575 576 577 578 579 580 581 582 583 584 585 586 587 588 589 590 591 592 593 594 595 596 597 598 599 600 601 602 603 604 605 606 607 608 609 610 611 612 613 614 615 616 617 618 619 620 621 622 623 624 625 626 627 628 629 630 631 632 633 634 635 636 637 638 639 640 641 642 643 644 645 646 647 648 649 650 651 652 653 654 655 656 657 658 659 660 661 662 663 664 665 666 667 668 669 670 671 672 673 674 675 676 677 678 679 680 681 682 683 684 685 686 687 688 689 690 691 692 693 694 695 696 697 698 699 700 701 702 703 704 705 706 707 708
 done.
 running RMSDs...
 done.
 E lowest :   -37.26087
 534 structures remain within    12.00 kcal/mol window

 -------------------------------------
 2. optimization with tight thresholds
 -------------------------------------
 Optimizing all 535 structures from file "crest_rotamers_1.xyz" ...
 1 2 3 4 5 6 7 8 9 10 11 12 13 14 15 16 17 18 19 20 21 22 23 24 25 26 27 28 29 30 31 32 33 34 35 36 37 38 39 40 41 42 43 44 45 46 47 48 49 50 51 52 53 54 55 56 57 58 59 60 61 62 63 64 65 66 67 68 69 70 71 72 73 74 75 76 77 78 79 80 81 82 83 84 85 86 87 88 89 90 91 92 93 94 95 96 97 98 99 100 101 102 103 104 105 106 107 108 109 110 111 112 113 114 115 116 117 118 119 120 121 122 123 124 125 126 127 128 129 130 131 132 133 134 135 136 137 138 139 140 141 142 143 144 145 146 147 148 149 150 151 152 153 154 155 156 157 158 159 160 161 162 163 164 165 166 167 168 169 170 171 172 173 174 175 176 177 178 179 180 181 182 183 184 185 186 187 188 189 190 191 192 193 194 195 196 197 198 199 200 201 202 203 204 205 206 207 208 209 210 211 212 213 214 215 216 217 218 219 220 221 222 223 224 225 226 227 228 229 230 231 232 233 234 235 236 237 238 239 240 241 242 243 244 245 246 247 248 249 250 251 252 253 254 255 256 257 258 259 260 261 262 263 264 265 266 267 268 269 270 271 272 273 274 275 276 277 278 279 280 281 282 283 284 285 286 287 288 289 290 291 292 293 294 295 296 297 298 299 300 301 302 303 304 305 306 307 308 309 310 311 312 313 314 315 316 317 318 319 320 321 322 323 324 325 326 327 328 329 330 331 332 333 334 335 336 337 338 339 340 341 342 343 344 345 346 347 348 349 350 351 352 353 354 355 356 357 358 359 360 361 362 363 364 365 366 367 368 369 370 371 372 373 374 375 376 377 378 379 380 381 382 383 384 385 386 387 388 389 390 391 392 393 394 395 396 397 398 399 400 401 402 403 404 405 406 407 408 409 410 411 412 413 414 415 416 417 418 419 420 421 422 423 424 425 426 427 428 429 430 431 432 433 434 435 436 437 438 439 440 441 442 443 444 445 446 447 448 449 450 451 452 453 454 455 456 457 458 459 460 461 462 463 464 465 466 467 468 469 470 471 472 473 474 475 476 477 478 479 480 481 482 483 484 485 486 487 488 489 490 491 492 493 494 495 496 497 498 499 500 501 502 503 504 505 506 507 508 509 510 511 512 513 514 515 516 517 518 519 520 521 522 523 524 525 526 527 528 529 530 531 532 533 534 535
 done.
 running RMSDs...
 done.
 E lowest :   -37.26143
 165 structures remain within     6.00 kcal/mol window

========================================
            MTD Iterations done         
========================================
 Collecting ensmbles.
 running RMSDs...
 done.
 E lowest :   -37.26143
 289 structures remain within     6.00 kcal/mol window

 -------------------------------
 Additional orientation sampling
 -------------------------------
 Optimizing all 880 structures from file "oh_ensemble.xyz" ...
 1 2 3 4 5 6 7 8 9 10 11 12 13 14 15 16 17 18 19 20 21 22 23 24 25 26 27 28 29 30 31 32 33 34 35 36 37 38 39 40 41 42 43 44 45 46 47 48 49 50 51 52 53 54 55 56 57 58 59 60 61 62 63 64 65 66 67 68 69 70 71 72 73 74 75 76 77 78 79 80 81 82 83 84 85 86 87 88 89 90 91 92 93 94 95 96 97 98 99 100 101 102 103 104 105 106 107 108 109 110 111 112 113 114 115 116 117 118 119 120 121 122 123 124 125 126 127 128 129 130 131 132 133 134 135 136 137 138 139 140 141 142 143 144 145 146 147 148 149 150 151 152 153 154 155 156 157 158 159 160 161 162 163 164 165 166 167 168 169 170 171 172 173 174 175 176 177 178 179 180 181 182 183 184 185 186 187 188 189 190 191 192 193 194 195 196 197 198 199 200 201 202 203 204 205 206 207 208 209 210 211 212 213 214 215 216 217 218 219 220 221 222 223 224 225 226 227 228 229 230 231 232 233 234 235 236 237 238 239 240 241 242 243 244 245 246 247 248 249 250 251 252 253 254 255 256 257 258 259 260 261 262 263 264 265 266 267 268 269 270 271 272 273 274 275 276 277 278 279 280 281 282 283 284 285 286 287 288 289 290 291 292 293 294 295 296 297 298 299 300 301 302 303 304 305 306 307 308 309 310 311 312 313 314 315 316 317 318 319 320 321 322 323 324 325 326 327 328 329 330 331 332 333 334 335 336 337 338 339 340 341 342 343 344 345 346 347 348 349 350 351 352 353 354 355 356 357 358 359 360 361 362 363 364 365 366 367 368 369 370 371 372 373 374 375 376 377 378 379 380 381 382 383 384 385 386 387 388 389 390 391 392 393 394 395 396 397 398 399 400 401 402 403 404 405 406 407 408 409 410 411 412 413 414 415 416 417 418 419 420 421 422 423 424 425 426 427 428 429 430 431 432 433 434 435 436 437 438 439 440 441 442 443 444 445 446 447 448 449 450 451 452 453 454 455 456 457 458 459 460 461 462 463 464 465 466 467 468 469 470 471 472 473 474 475 476 477 478 479 480 481 482 483 484 485 486 487 488 489 490 491 492 493 494 495 496 497 498 499 500 501 502 503 504 505 506 507 508 509 510 511 512 513 514 515 516 517 518 519 520 521 522 523 524 525 526 527 528 529 530 531 532 533 534 535 536 537 538 539 540 541 542 543 544 545 546 547 548 549 550 551 552 553 554 555 556 557 558 559 560 561 562 563 564 565 566 567 568 569 570 571 572 573 574 575 576 577 578 579 580 581 582 583 584 585 586 587 588 589 590 591 592 593 594 595 596 597 598 599 600 601 602 603 604 605 606 607 608 609 610 611 612 613 614 615 616 617 618 619 620 621 622 623 624 625 626 627 628 629 630 631 632 633 634 635 636 637 638 639 640 641 642 643 644 645 646 647 648 649 650 651 652 653 654 655 656 657 658 659 660 661 662 663 664 665 666 667 668 669 670 671 672 673 674 675 676 677 678 679 680 681 682 683 684 685 686 687 688 689 690 691 692 693 694 695 696 697 698 699 700 701 702 703 704 705 706 707 708 709 710 711 712 713 714 715 716 717 718 719 720 721 722 723 724 725 726 727 728 729 730 731 732 733 734 735 736 737 738 739 740 741 742 743 744 745 746 747 748 749 750 751 752 753 754 755 756 757 758 759 760 761 762 763 764 765 766 767 768 769 770 771 772 773 774 775 776 777 778 779 780 781 782 783 784 785 786 787 788 789 790 791 792 793 794 795 796 797 798 799 800 801 802 803 804 805 806 807 808 809 810 811 812 813 814 815 816 817 818 819 820 821 822 823 824 825 826 827 828 829 830 831 832 833 834 835 836 837 838 839 840 841 842 843 844 845 846 847 848 849 850 851 852 853 854 855 856 857 858 859 860 861 862 863 864 865 866 867 868 869 870 871 872 873 874 875 876 877 878 879 880
 done.
 running RMSDs...
 done.
 E lowest :   -37.26143
 642 structures remain within     6.00 kcal/mol window

-----------------------------------------------
Additional regular MDs on lowest 4 conformer(s)
-----------------------------------------------
Starting MD   8 with the settings:
     MD time /ps        :     3.0
     MD Temperature /K  :   500.0
     dt /fs             :     5.0
     dumpstep(trj) /fs  :     100
*MD 8 finished*
Starting MD   7 with the settings:
     MD time /ps        :     3.0
     MD Temperature /K  :   400.0
     dt /fs             :     5.0
     dumpstep(trj) /fs  :     100
*MD 7 finished*
Starting MD   6 with the settings:
     MD time /ps        :     3.0
     MD Temperature /K  :   500.0
     dt /fs             :     5.0
     dumpstep(trj) /fs  :     100
*MD 6 finished*
Starting MD   5 with the settings:
     MD time /ps        :     3.0
     MD Temperature /K  :   400.0
     dt /fs             :     5.0
     dumpstep(trj) /fs  :     100
*MD 5 finished*
Starting MD   4 with the settings:
     MD time /ps        :     3.0
     MD Temperature /K  :   500.0
     dt /fs             :     5.0
     dumpstep(trj) /fs  :     100
*MD 4 finished*
Starting MD   3 with the settings:
     MD time /ps        :     3.0
     MD Temperature /K  :   400.0
     dt /fs             :     5.0
     dumpstep(trj) /fs  :     100
*MD 3 finished*
Starting MD   2 with the settings:
     MD time /ps        :     3.0
     MD Temperature /K  :   500.0
     dt /fs             :     5.0
     dumpstep(trj) /fs  :     100
*MD 2 finished*
Starting MD   1 with the settings:
     MD time /ps        :     3.0
     MD Temperature /K  :   400.0
     dt /fs             :     5.0
     dumpstep(trj) /fs  :     100
*MD 1 finished*
 Appending file crest_rotamers_2.xyz with new structures

 -------------------------------------------
 Ensemble optimization with tight thresholds
 -------------------------------------------
 Optimizing all 874 structures from file "crest_rotamers_2.xyz" ...
 1 2 3 4 5 6 7 8 9 10 11 12 13 14 15 16 17 18 19 20 21 22 23 24 25 26 27 28 29 30 31 32 33 34 35 36 37 38 39 40 41 42 43 44 45 46 47 48 49 50 51 52 53 54 55 56 57 58 59 60 61 62 63 64 65 66 67 68 69 70 71 72 73 74 75 76 77 78 79 80 81 82 83 84 85 86 87 88 89 90 91 92 93 94 95 96 97 98 99 100 101 102 103 104 105 106 107 108 109 110 111 112 113 114 115 116 117 118 119 120 121 122 123 124 125 126 127 128 129 130 131 132 133 134 135 136 137 138 139 140 141 142 143 144 145 146 147 148 149 150 151 152 153 154 155 156 157 158 159 160 161 162 163 164 165 166 167 168 169 170 171 172 173 174 175 176 177 178 179 180 181 182 183 184 185 186 187 188 189 190 191 192 193 194 195 196 197 198 199 200 201 202 203 204 205 206 207 208 209 210 211 212 213 214 215 216 217 218 219 220 221 222 223 224 225 226 227 228 229 230 231 232 233 234 235 236 237 238 239 240 241 242 243 244 245 246 247 248 249 250 251 252 253 254 255 256 257 258 259 260 261 262 263 264 265 266 267 268 269 270 271 272 273 274 275 276 277 278 279 280 281 282 283 284 285 286 287 288 289 290 291 292 293 294 295 296 297 298 299 300 301 302 303 304 305 306 307 308 309 310 311 312 313 314 315 316 317 318 319 320 321 322 323 324 325 326 327 328 329 330 331 332 333 334 335 336 337 338 339 340 341 342 343 344 345 346 347 348 349 350 351 352 353 354 355 356 357 358 359 360 361 362 363 364 365 366 367 368 369 370 371 372 373 374 375 376 377 378 379 380 381 382 383 384 385 386 387 388 389 390 391 392 393 394 395 396 397 398 399 400 401 402 403 404 405 406 407 408 409 410 411 412 413 414 415 416 417 418 419 420 421 422 423 424 425 426 427 428 429 430 431 432 433 434 435 436 437 438 439 440 441 442 443 444 445 446 447 448 449 450 451 452 453 454 455 456 457 458 459 460 461 462 463 464 465 466 467 468 469 470 471 472 473 474 475 476 477 478 479 480 481 482 483 484 485 486 487 488 489 490 491 492 493 494 495 496 497 498 499 500 501 502 503 504 505 506 507 508 509 510 511 512 513 514 515 516 517 518 519 520 521 522 523 524 525 526 527 528 529 530 531 532 533 534 535 536 537 538 539 540 541 542 543 544 545 546 547 548 549 550 551 552 553 554 555 556 557 558 559 560 561 562 563 564 565 566 567 568 569 570 571 572 573 574 575 576 577 578 579 580 581 582 583 584 585 586 587 588 589 590 591 592 593 594 595 596 597 598 599 600 601 602 603 604 605 606 607 608 609 610 611 612 613 614 615 616 617 618 619 620 621 622 623 624 625 626 627 628 629 630 631 632 633 634 635 636 637 638 639 640 641 642 643 644 645 646 647 648 649 650 651 652 653 654 655 656 657 658 659 660 661 662 663 664 665 666 667 668 669 670 671 672 673 674 675 676 677 678 679 680 681 682 683 684 685 686 687 688 689 690 691 692 693 694 695 696 697 698 699 700 701 702 703 704 705 706 707 708 709 710 711 712 713 714 715 716 717 718 719 720 721 722 723 724 725 726 727 728 729 730 731 732 733 734 735 736 737 738 739 740 741 742 743 744 745 746 747 748 749 750 751 752 753 754 755 756 757 758 759 760 761 762 763 764 765 766 767 768 769 770 771 772 773 774 775 776 777 778 779 780 781 782 783 784 785 786 787 788 789 790 791 792 793 794 795 796 797 798 799 800 801 802 803 804 805 806 807 808 809 810 811 812 813 814 815 816 817 818 819 820 821 822 823 824 825 826 827 828 829 830 831 832 833 834 835 836 837 838 839 840 841 842 843 844 845 846 847 848 849 850 851 852 853 854 855 856 857 858 859 860 861 862 863 864 865 866 867 868 869 870 871 872 873 874
 done.
 running RMSDs...
 done.
 E lowest :   -37.26143
 678 structures remain within     6.00 kcal/mol window


     ========================================
     |        Structure Crossing (GC)       |
     ========================================
 =============================
  # threads =           1
 =============================
 input  file name : crest_rotamers_4.xyz
number of atoms                :    26
number of points on xyz files  :   678
conformer energy window  /kcal :    6.00
CN per atom difference cut-off :  0.3000
RMSD threshold                 :  0.2500
max. # of generated structures : 300
 reading xyz file ...
 # in E window                678
 generating pairs ...      230180
  14.7 % done
  29.5 % done
  44.2 % done
  59.0 % done
  73.7 % done
  88.5 % done
 generated pairs           :       26720
 number of clash discarded :      202783
 average rmsd w.r.t input  : 3.51313
 sd of ensemble            : 0.85346
 number of new structures      :         296
 removed identical structures  :         304
 writing          296  TMPCONF* dirs ...
 --------------------------
 GC: loose pre-optimization
 --------------------------
 Starting optimization of generated structures
 296 jobs to do.
 1 2 3 4 5 6 7 8 9 10 11 12 13 14 15 16 17 18 19 20 21 22 23 24 25 26 27 28 29 30 31 32 33 34 35 36 37 38 39 40 41 42 43 44 45 46 47 48 49 50 51 52 53 54 55 56 57 58 59 60 61 62 63 64 65 66 67 68 69 70 71 72 73 74 75 76 77 78 79 80 81 82 83 84 85 86 87 88 89 90 91 92 93 94 95 96 97 98 99 100 101 102 103 104 105 106 107 108 109 110 111 112 113 114 115 116 117 118 119 120 121 122 123 124 125 126 127 128 129 130 131 132 133 134 135 136 137 138 139 140 141 142 143 144 145 146 147 148 149 150 151 152 153 154 155 156 157 158 159 160 161 162 163 164 165 166 167 168 169 170 171 172 173 174 175 176 177 178 179 180 181 182 183 184 185 186 187 188 189 190 191 192 193 194 195 196 197 198 199 200 201 202 203 204 205 206 207 208 209 210 211 212 213 214 215 216 217 218 219 220 221 222 223 224 225 226 227 228 229 230 231 232 233 234 235 236 237 238 239 240 241 242 243 244 245 246 247 248 249 250 251 252 253 254 255 256 257 258 259 260 261 262 263 264 265 266 267 268 269 270 271 272 273 274 275 276 277 278 279 280 281 282 283 284 285 286 287 288 289 290 291 292 293 294 295 296 
 done.
 Now appending opt.xyz file with new structures
 running RMSDs...
 done.
 E lowest :   -37.26139
 104 structures remain within    10.00 kcal/mol window
 --------------------------------------
 GC: optimization with tight thresholds
 --------------------------------------
 Optimizing all 104 structures from file "crest_rotamers_1.xyz" ...
 1 2 3 4 5 6 7 8 9 10 11 12 13 14 15 16 17 18 19 20 21 22 23 24 25 26 27 28 29 30 31 32 33 34 35 36 37 38 39 40 41 42 43 44 45 46 47 48 49 50 51 52 53 54 55 56 57 58 59 60 61 62 63 64 65 66 67 68 69 70 71 72 73 74 75 76 77 78 79 80 81 82 83 84 85 86 87 88 89 90 91 92 93 94 95 96 97 98 99 100 101 102 103 104
 done.
 running RMSDs...
 done.
 E lowest :   -37.26143


   ================================================
   |           Final Geometry Optimization        |
   ================================================
 ------------------------------------------------
 Ensemble optimization with very tight thresholds
 ------------------------------------------------
 Optimizing all 695 structures from file "crest_rotamers_5.xyz" ...
 1 2 3 4 5 6 7 8 9 10 11 12 13 14 15 16 17 18 19 20 21 22 23 24 25 26 27 28 29 30 31 32 33 34 35 36 37 38 39 40 41 42 43 44 45 46 47 48 49 50 51 52 53 54 55 56 57 58 59 60 61 62 63 64 65 66 67 68 69 70 71 72 73 74 75 76 77 78 79 80 81 82 83 84 85 86 87 88 89 90 91 92 93 94 95 96 97 98 99 100 101 102 103 104 105 106 107 108 109 110 111 112 113 114 115 116 117 118 119 120 121 122 123 124 125 126 127 128 129 130 131 132 133 134 135 136 137 138 139 140 141 142 143 144 145 146 147 148 149 150 151 152 153 154 155 156 157 158 159 160 161 162 163 164 165 166 167 168 169 170 171 172 173 174 175 176 177 178 179 180 181 182 183 184 185 186 187 188 189 190 191 192 193 194 195 196 197 198 199 200 201 202 203 204 205 206 207 208 209 210 211 212 213 214 215 216 217 218 219 220 221 222 223 224 225 226 227 228 229 230 231 232 233 234 235 236 237 238 239 240 241 242 243 244 245 246 247 248 249 250 251 252 253 254 255 256 257 258 259 260 261 262 263 264 265 266 267 268 269 270 271 272 273 274 275 276 277 278 279 280 281 282 283 284 285 286 287 288 289 290 291 292 293 294 295 296 297 298 299 300 301 302 303 304 305 306 307 308 309 310 311 312 313 314 315 316 317 318 319 320 321 322 323 324 325 326 327 328 329 330 331 332 333 334 335 336 337 338 339 340 341 342 343 344 345 346 347 348 349 350 351 352 353 354 355 356 357 358 359 360 361 362 363 364 365 366 367 368 369 370 371 372 373 374 375 376 377 378 379 380 381 382 383 384 385 386 387 388 389 390 391 392 393 394 395 396 397 398 399 400 401 402 403 404 405 406 407 408 409 410 411 412 413 414 415 416 417 418 419 420 421 422 423 424 425 426 427 428 429 430 431 432 433 434 435 436 437 438 439 440 441 442 443 444 445 446 447 448 449 450 451 452 453 454 455 456 457 458 459 460 461 462 463 464 465 466 467 468 469 470 471 472 473 474 475 476 477 478 479 480 481 482 483 484 485 486 487 488 489 490 491 492 493 494 495 496 497 498 499 500 501 502 503 504 505 506 507 508 509 510 511 512 513 514 515 516 517 518 519 520 521 522 523 524 525 526 527 528 529 530 531 532 533 534 535 536 537 538 539 540 541 542 543 544 545 546 547 548 549 550 551 552 553 554 555 556 557 558 559 560 561 562 563 564 565 566 567 568 569 570 571 572 573 574 575 576 577 578 579 580 581 582 583 584 585 586 587 588 589 590 591 592 593 594 595 596 597 598 599 600 601 602 603 604 605 606 607 608 609 610 611 612 613 614 615 616 617 618 619 620 621 622 623 624 625 626 627 628 629 630 631 632 633 634 635 636 637 638 639 640 641 642 643 644 645 646 647 648 649 650 651 652 653 654 655 656 657 658 659 660 661 662 663 664 665 666 667 668 669 670 671 672 673 674 675 676 677 678 679 680 681 682 683 684 685 686 687 688 689 690 691 692 693 694 695
 done.
 running RMSDs...
 done.
 E lowest :   -37.26143
 683 structures remain within     6.00 kcal/mol window

 input  file name : crest_rotamers_6.xyz
 output file name : crest_rotamers_7.xyz
 number of atoms                :   26
 number of points on xyz files  :   695
 RMSD threshold                 :   0.1250
 Bconst threshold               :   0.0100
 population threshold           :   0.0500
 conformer energy window  /kcal :   6.0000
 # fragment in coord            :     2
 # bonds in reference structure :    24
 number of reliable points      :   695
 reference state Etot :  -37.261431410000000
 number of doubles removed by rot/RMSD         :          12
 total number unique points considered further :         683
       Erel/kcal        Etot weight/tot  conformer     set   degen     origin
       1   0.000   -37.26143    0.05208    0.78085       1      15     mtd7
       2   0.000   -37.26143    0.05208                                hor
       3   0.000   -37.26143    0.05208                                hor
       4   0.000   -37.26143    0.05208                                hor
       5   0.000   -37.26143    0.05208                                hor
       6   0.000   -37.26143    0.05208                                hor
       7   0.000   -37.26143    0.05208                                hor
       8   0.000   -37.26143    0.05207                                hor
       9   0.000   -37.26143    0.05207                                md4
      10   0.000   -37.26143    0.05207                                hor
      11   0.000   -37.26143    0.05207                                hor
      12   0.000   -37.26143    0.05206                                hor
      13   0.000   -37.26143    0.05206                                mtd6
      14   0.001   -37.26143    0.05204                                md4
      15   0.002   -37.26143    0.05187                                mtd1
      16   0.719   -37.26029    0.01550    0.03095       2       2     md6
      17   0.721   -37.26028    0.01545                                md3
      18   1.262   -37.25942    0.00620    0.02480       3       4     hor
      19   1.262   -37.25942    0.00620                                hor
      20   1.262   -37.25942    0.00620                                md7
      21   1.262   -37.25942    0.00620                                md7
      22   1.429   -37.25915    0.00468    0.01404       4       3     hor
      23   1.429   -37.25915    0.00468                                hor
      24   1.429   -37.25915    0.00468                                hor
      25   1.510   -37.25903    0.00408    0.00408       5       1     hor
      26   1.751   -37.25864    0.00272    0.01360       6       5     hor
      27   1.751   -37.25864    0.00272                                hor
      28   1.751   -37.25864    0.00272                                hor
      29   1.751   -37.25864    0.00272                                mtd13
      30   1.751   -37.25864    0.00272                                hor
      31   1.753   -37.25864    0.00271    0.02707       7      10     hor
      32   1.753   -37.25864    0.00271                                gc
      33   1.753   -37.25864    0.00271                                hor
      34   1.753   -37.25864    0.00271                                md3
      35   1.753   -37.25864    0.00271                                mtd6
      36   1.754   -37.25864    0.00271                                md3
      37   1.754   -37.25864    0.00271                                mtd1
      38   1.754   -37.25864    0.00271                                mtd6
      39   1.754   -37.25864    0.00270                                mtd1
      40   1.754   -37.25864    0.00270                                mtd10
      41   1.845   -37.25849    0.00232    0.00232       8       1     hor
      42   1.904   -37.25840    0.00210    0.00210       9       1     hor
      43   1.916   -37.25838    0.00206    0.00206      10       1     hor
      44   1.973   -37.25829    0.00187    0.00187      11       1     hor
      45   1.974   -37.25829    0.00187    0.00187      12       1     mtd1
      46   1.994   -37.25825    0.00181    0.00181      13       1     gc
      47   2.023   -37.25821    0.00172    0.00172      14       1     gc
      48   2.026   -37.25820    0.00171    0.00342      15       2     hor
      49   2.026   -37.25820    0.00171                                hor
      50   2.039   -37.25818    0.00167    0.00334      16       2     gc
      51   2.042   -37.25818    0.00166                                hor
      52   2.071   -37.25813    0.00158    0.00317      17       2     hor
      53   2.071   -37.25813    0.00158                                hor
      54   2.098   -37.25809    0.00151    0.00151      18       1     md5
      55   2.137   -37.25803    0.00142    0.00426      19       3     hor
      56   2.137   -37.25803    0.00142                                hor
      57   2.137   -37.25803    0.00142                                hor
      58   2.139   -37.25802    0.00141    0.00282      20       2     hor
      59   2.140   -37.25802    0.00141                                mtd14
      60   2.160   -37.25799    0.00136    0.00273      21       2     mtd8
      61   2.161   -37.25799    0.00136                                hor
      62   2.194   -37.25793    0.00129    0.00129      22       1     md6
      63   2.205   -37.25792    0.00126    0.00253      23       2     hor
      64   2.205   -37.25792    0.00126                                hor
      65   2.273   -37.25781    0.00113    0.00225      24       2     hor
      66   2.274   -37.25781    0.00113                                hor
      67   2.277   -37.25780    0.00112    0.00112      25       1     mtd1
      68   2.301   -37.25776    0.00107    0.00751      26       7     hor
      69   2.301   -37.25776    0.00107                                mtd2
      70   2.302   -37.25776    0.00107                                mtd9
      71   2.302   -37.25776    0.00107                                hor
      72   2.302   -37.25776    0.00107                                hor
      73   2.304   -37.25776    0.00107                                mtd9
      74   2.305   -37.25776    0.00107                                hor
      75   2.320   -37.25773    0.00104    0.00104      27       1     mtd9
      76   2.338   -37.25771    0.00101    0.00303      28       3     hor
      77   2.338   -37.25771    0.00101                                hor
      78   2.338   -37.25771    0.00101                                mtd3
      79   2.424   -37.25757    0.00087    0.00610      29       7     hor
      80   2.424   -37.25757    0.00087                                mtd6
      81   2.424   -37.25757    0.00087                                mtd12
      82   2.425   -37.25757    0.00087                                mtd9
      83   2.425   -37.25757    0.00087                                mtd11
      84   2.427   -37.25756    0.00087                                mtd12
      85   2.428   -37.25756    0.00087                                mtd9
      86   2.456   -37.25752    0.00083    0.00083      30       1     hor
      87   2.519   -37.25742    0.00074    0.00149      31       2     hor
      88   2.519   -37.25742    0.00074                                hor
      89   2.525   -37.25741    0.00074    0.00074      32       1     mtd11
      90   2.528   -37.25740    0.00073    0.00073      33       1     mtd3
      91   2.580   -37.25732    0.00067    0.00201      34       3     md1
      92   2.580   -37.25732    0.00067                                mtd5
      93   2.580   -37.25732    0.00067                                mtd8
      94   2.754   -37.25704    0.00050    0.00100      35       2     hor
      95   2.755   -37.25704    0.00050                                hor
      96   2.870   -37.25686    0.00041    0.00123      36       3     hor
      97   2.871   -37.25686    0.00041                                hor
      98   2.871   -37.25686    0.00041                                md1
      99   2.876   -37.25685    0.00041    0.00081      37       2     hor
     100   2.881   -37.25684    0.00040                                hor
     101   2.893   -37.25682    0.00040    0.00040      38       1     hor
     102   2.905   -37.25680    0.00039    0.00039      39       1     hor
     103   2.921   -37.25678    0.00038    0.00151      40       4     mtd6
     104   2.921   -37.25678    0.00038                                hor
     105   2.921   -37.25678    0.00038                                mtd3
     106   2.921   -37.25678    0.00038                                hor
     107   2.925   -37.25677    0.00038    0.00038      41       1     mtd3
     108   2.971   -37.25670    0.00035    0.00035      42       1     md3
     109   2.974   -37.25669    0.00035    0.00035      43       1     mtd8
     110   2.976   -37.25669    0.00034    0.00034      44       1     mtd5
     111   2.980   -37.25668    0.00034    0.00034      45       1     hor
     112   3.022   -37.25662    0.00032    0.00032      46       1     mtd9
     113   3.070   -37.25654    0.00029    0.00029      47       1     md1
     114   3.076   -37.25653    0.00029    0.00029      48       1     hor
     115   3.087   -37.25651    0.00029    0.00029      49       1     mtd3
     116   3.097   -37.25650    0.00028    0.00028      50       1     hor
     117   3.117   -37.25646    0.00027    0.00081      51       3     hor
     118   3.117   -37.25646    0.00027                                hor
     119   3.118   -37.25646    0.00027                                hor
     120   3.125   -37.25645    0.00027    0.00027      52       1     hor
     121   3.149   -37.25641    0.00026    0.00026      53       1     hor
     122   3.150   -37.25641    0.00026    0.00051      54       2     hor
     123   3.150   -37.25641    0.00026                                hor
     124   3.150   -37.25641    0.00026    0.00051      55       2     hor
     125   3.151   -37.25641    0.00026                                hor
     126   3.157   -37.25640    0.00025    0.00051      56       2     hor
     127   3.157   -37.25640    0.00025                                hor
     128   3.162   -37.25639    0.00025    0.00025      57       1     hor
     129   3.172   -37.25638    0.00025    0.00025      58       1     gc
     130   3.173   -37.25638    0.00025    0.00049      59       2     hor
     131   3.173   -37.25638    0.00025                                hor
     132   3.173   -37.25637    0.00025    0.00025      60       1     mtd2
     133   3.183   -37.25636    0.00024    0.00048      61       2     hor
     134   3.186   -37.25635    0.00024                                hor
     135   3.187   -37.25635    0.00024    0.00072      62       3     hor
     136   3.187   -37.25635    0.00024                                hor
     137   3.188   -37.25635    0.00024                                hor
     138   3.186   -37.25635    0.00024    0.00024      63       1     hor
     139   3.191   -37.25635    0.00024    0.00024      64       1     mtd3
     140   3.192   -37.25635    0.00024    0.00024      65       1     mtd6
     141   3.192   -37.25634    0.00024    0.00072      66       3     hor
     142   3.192   -37.25634    0.00024                                hor
     143   3.193   -37.25634    0.00024                                hor
     144   3.206   -37.25632    0.00023    0.00023      67       1     hor
     145   3.208   -37.25632    0.00023    0.00023      68       1     mtd3
     146   3.217   -37.25630    0.00023    0.00069      69       3     hor
     147   3.217   -37.25630    0.00023                                hor
     148   3.218   -37.25630    0.00023                                mtd11
     149   3.232   -37.25628    0.00022    0.00022      70       1     hor
     150   3.242   -37.25626    0.00022    0.00044      71       2     hor
     151   3.244   -37.25626    0.00022                                hor
     152   3.246   -37.25626    0.00022    0.00022      72       1     hor
     153   3.253   -37.25625    0.00022    0.00022      73       1     hor
     154   3.256   -37.25624    0.00021    0.00043      74       2     mtd12
     155   3.262   -37.25623    0.00021                                mtd10
     156   3.262   -37.25623    0.00021    0.00021      75       1     hor
     157   3.264   -37.25623    0.00021    0.00021      76       1     mtd5
     158   3.270   -37.25622    0.00021    0.00021      77       1     mtd11
     159   3.271   -37.25622    0.00021    0.00021      78       1     hor
     160   3.272   -37.25622    0.00021    0.00021      79       1     mtd11
     161   3.274   -37.25621    0.00021    0.00042      80       2     hor
     162   3.275   -37.25621    0.00021                                mtd5
     163   3.277   -37.25621    0.00021    0.00021      81       1     hor
     164   3.281   -37.25620    0.00021    0.00062      82       3     hor
     165   3.281   -37.25620    0.00021                                hor
     166   3.282   -37.25620    0.00021                                gc
     167   3.288   -37.25619    0.00020    0.00020      83       1     hor
     168   3.290   -37.25619    0.00020    0.00020      84       1     mtd6
     169   3.320   -37.25614    0.00019    0.00058      85       3     hor
     170   3.320   -37.25614    0.00019                                gc
     171   3.326   -37.25613    0.00019                                mtd14
     172   3.326   -37.25613    0.00019    0.00019      86       1     mtd14
     173   3.372   -37.25606    0.00018    0.00018      87       1     md5
     174   3.385   -37.25604    0.00017    0.00035      88       2     hor
     175   3.386   -37.25604    0.00017                                mtd10
     176   3.390   -37.25603    0.00017    0.00034      89       2     mtd1
     177   3.390   -37.25603    0.00017                                hor
     178   3.407   -37.25600    0.00017    0.00017      90       1     hor
     179   3.412   -37.25599    0.00017    0.00017      91       1     md5
     180   3.464   -37.25591    0.00015    0.00015      92       1     mtd9
     181   3.513   -37.25583    0.00014    0.00042      93       3     hor
     182   3.513   -37.25583    0.00014                                hor
     183   3.513   -37.25583    0.00014                                hor
     184   3.535   -37.25580    0.00013    0.00013      94       1     mtd2
     185   3.553   -37.25577    0.00013    0.00013      95       1     hor
     186   3.553   -37.25577    0.00013    0.00026      96       2     mtd2
     187   3.554   -37.25577    0.00013                                hor
     188   3.554   -37.25577    0.00013    0.00039      97       3     hor
     189   3.555   -37.25577    0.00013                                hor
     190   3.556   -37.25577    0.00013                                hor
     191   3.560   -37.25576    0.00013    0.00013      98       1     md5
     192   3.583   -37.25572    0.00012    0.00025      99       2     mtd6
     193   3.583   -37.25572    0.00012                                mtd9
     194   3.583   -37.25572    0.00012    0.00025     100       2     hor
     195   3.587   -37.25572    0.00012                                md8
     196   3.587   -37.25571    0.00012    0.00012     101       1     hor
     197   3.584   -37.25572    0.00012    0.00012     102       1     gc
     198   3.597   -37.25570    0.00012    0.00012     103       1     mtd4
     199   3.600   -37.25569    0.00012    0.00012     104       1     hor
     200   3.605   -37.25569    0.00012    0.00012     105       1     hor
     201   3.616   -37.25567    0.00012    0.00012     106       1     hor
     202   3.637   -37.25564    0.00011    0.00011     107       1     hor
     203   3.645   -37.25562    0.00011    0.00011     108       1     hor
     204   3.656   -37.25561    0.00011    0.00011     109       1     hor
     205   3.657   -37.25560    0.00011    0.00022     110       2     hor
     206   3.658   -37.25560    0.00011                                hor
     207   3.669   -37.25558    0.00011    0.00011     111       1     hor
     208   3.671   -37.25558    0.00011    0.00021     112       2     mtd7
     209   3.672   -37.25558    0.00011                                gc
     210   3.691   -37.25555    0.00010    0.00010     113       1     hor
     211   3.703   -37.25553    0.00010    0.00040     114       4     hor
     212   3.703   -37.25553    0.00010                                md2
     213   3.706   -37.25553    0.00010                                hor
     214   3.707   -37.25552    0.00010                                hor
     215   3.714   -37.25551    0.00010    0.00010     115       1     hor
     216   3.752   -37.25545    0.00009    0.00019     116       2     hor
     217   3.753   -37.25545    0.00009                                hor
     218   3.758   -37.25544    0.00009    0.00009     117       1     mtd9
     219   3.761   -37.25544    0.00009    0.00009     118       1     hor
     220   3.798   -37.25538    0.00009    0.00034     119       4     mtd9
     221   3.798   -37.25538    0.00009                                mtd4
     222   3.798   -37.25538    0.00009                                mtd9
     223   3.800   -37.25538    0.00009                                mtd9
     224   3.806   -37.25537    0.00008    0.00017     120       2     hor
     225   3.807   -37.25537    0.00008                                hor
     226   3.809   -37.25536    0.00008    0.00008     121       1     hor
     227   3.818   -37.25535    0.00008    0.00008     122       1     hor
     228   3.837   -37.25532    0.00008    0.00024     123       3     mtd6
     229   3.837   -37.25532    0.00008                                hor
     230   3.837   -37.25532    0.00008                                gc
     231   3.841   -37.25531    0.00008    0.00016     124       2     hor
     232   3.843   -37.25531    0.00008                                hor
     233   3.857   -37.25528    0.00008    0.00008     125       1     hor
     234   3.864   -37.25527    0.00008    0.00008     126       1     md6
     235   3.879   -37.25525    0.00008    0.00038     127       5     hor
     236   3.879   -37.25525    0.00008                                hor
     237   3.879   -37.25525    0.00008                                hor
     238   3.879   -37.25525    0.00008                                hor
     239   3.879   -37.25525    0.00008                                hor
     240   3.879   -37.25525    0.00008    0.00023     128       3     hor
     241   3.880   -37.25525    0.00008                                hor
     242   3.880   -37.25525    0.00008                                hor
     243   3.881   -37.25525    0.00007    0.00015     129       2     mtd7
     244   3.881   -37.25525    0.00007                                md2
     245   3.881   -37.25525    0.00007    0.00007     130       1     hor
     246   3.882   -37.25524    0.00007    0.00015     131       2     hor
     247   3.884   -37.25524    0.00007                                hor
     248   3.906   -37.25521    0.00007    0.00014     132       2     mtd12
     249   3.909   -37.25520    0.00007                                mtd5
     250   3.911   -37.25520    0.00007    0.00007     133       1     hor
     251   3.914   -37.25519    0.00007    0.00014     134       2     hor
     252   3.915   -37.25519    0.00007                                hor
     253   3.919   -37.25519    0.00007    0.00014     135       2     mtd5
     254   3.924   -37.25518    0.00007                                hor
     255   3.924   -37.25518    0.00007    0.00014     136       2     mtd11
     256   3.924   -37.25518    0.00007                                mtd14
     257   3.929   -37.25517    0.00007    0.00021     137       3     mtd9
     258   3.931   -37.25517    0.00007                                mtd3
     259   3.929   -37.25517    0.00007                                mtd1
     260   3.931   -37.25517    0.00007    0.00020     138       3     mtd3
     261   3.942   -37.25515    0.00007                                mtd3
     262   3.943   -37.25515    0.00007                                hor
     263   3.943   -37.25515    0.00007    0.00007     139       1     hor
     264   3.943   -37.25515    0.00007    0.00027     140       4     hor
     265   3.951   -37.25514    0.00007                                hor
     266   3.959   -37.25512    0.00007                                hor
     267   3.950   -37.25514    0.00007                                mtd5
     268   3.964   -37.25511    0.00007    0.00013     141       2     md5
     269   3.965   -37.25511    0.00006                                mtd1
     270   3.968   -37.25511    0.00006    0.00006     142       1     mtd14
     271   3.933   -37.25516    0.00007    0.00007     143       1     md2
     272   3.969   -37.25511    0.00006    0.00006     144       1     mtd14
     273   3.970   -37.25510    0.00006    0.00013     145       2     mtd4
     274   3.942   -37.25515    0.00007                                mtd3
     275   3.974   -37.25510    0.00006    0.00013     146       2     md2
     276   3.975   -37.25510    0.00006                                mtd7
     277   3.977   -37.25509    0.00006    0.00006     147       1     hor
     278   3.979   -37.25509    0.00006    0.00006     148       1     hor
     279   3.984   -37.25508    0.00006    0.00006     149       1     hor
     280   3.989   -37.25507    0.00006    0.00006     150       1     mtd5
     281   3.989   -37.25507    0.00006    0.00012     151       2     hor
     282   3.989   -37.25507    0.00006                                mtd14
     283   4.000   -37.25506    0.00006    0.00006     152       1     hor
     284   4.003   -37.25505    0.00006    0.00006     153       1     hor
     285   4.004   -37.25505    0.00006    0.00024     154       4     hor
     286   4.005   -37.25505    0.00006                                md2
     287   4.004   -37.25505    0.00006                                mtd12
     288   4.004   -37.25505    0.00006                                mtd3
     289   4.004   -37.25505    0.00006    0.00006     155       1     hor
     290   4.006   -37.25505    0.00006    0.00006     156       1     mtd13
     291   4.023   -37.25502    0.00006    0.00006     157       1     hor
     292   4.029   -37.25501    0.00006    0.00006     158       1     hor
     293   4.032   -37.25501    0.00006    0.00012     159       2     hor
     294   4.039   -37.25499    0.00006                                hor
     295   4.052   -37.25497    0.00006    0.00011     160       2     hor
     296   4.055   -37.25497    0.00006                                hor
     297   4.055   -37.25497    0.00006    0.00017     161       3     hor
     298   4.057   -37.25497    0.00006                                hor
     299   4.055   -37.25497    0.00006                                hor
     300   4.068   -37.25495    0.00005    0.00005     162       1     hor
     301   4.074   -37.25494    0.00005    0.00011     163       2     hor
     302   4.080   -37.25493    0.00005                                hor
     303   4.086   -37.25492    0.00005    0.00011     164       2     mtd7
     304   4.087   -37.25492    0.00005                                hor
     305   4.090   -37.25491    0.00005    0.00005     165       1     hor
     306   4.094   -37.25491    0.00005    0.00010     166       2     hor
     307   4.098   -37.25490    0.00005                                mtd3
     308   4.109   -37.25488    0.00005    0.00005     167       1     hor
     309   4.111   -37.25488    0.00005    0.00020     168       4     hor
     310   4.112   -37.25488    0.00005                                hor
     311   4.112   -37.25488    0.00005                                hor
     312   4.112   -37.25488    0.00005                                hor
     313   4.115   -37.25487    0.00005    0.00005     169       1     hor
     314   4.117   -37.25487    0.00005    0.00005     170       1     hor
     315   4.118   -37.25487    0.00005    0.00005     171       1     mtd5
     316   4.144   -37.25483    0.00005    0.00005     172       1     hor
     317   4.146   -37.25482    0.00005    0.00005     173       1     hor
     318   4.147   -37.25482    0.00005    0.00005     174       1     hor
     319   4.159   -37.25480    0.00005    0.00005     175       1     mtd5
     320   4.164   -37.25480    0.00005    0.00005     176       1     mtd11
     321   4.180   -37.25477    0.00005    0.00014     177       3     hor
     322   4.181   -37.25477    0.00005                                hor
     323   4.181   -37.25477    0.00005                                mtd1
     324   4.183   -37.25477    0.00004    0.00009     178       2     md8
     325   4.192   -37.25475    0.00004                                mtd5
     326   4.202   -37.25474    0.00004    0.00004     179       1     hor
     327   4.236   -37.25468    0.00004    0.00016     180       4     hor
     328   4.237   -37.25468    0.00004                                hor
     329   4.238   -37.25468    0.00004                                mtd1
     330   4.238   -37.25468    0.00004                                hor
     331   4.242   -37.25467    0.00004    0.00004     181       1     mtd13
     332   4.255   -37.25465    0.00004    0.00004     182       1     mtd6
     333   4.272   -37.25462    0.00004    0.00004     183       1     mtd1
     334   4.288   -37.25460    0.00004    0.00011     184       3     mtd7
     335   4.288   -37.25460    0.00004                                mtd7
     336   4.288   -37.25460    0.00004                                hor
     337   4.305   -37.25457    0.00004    0.00004     185       1     mtd6
     338   4.325   -37.25454    0.00004    0.00004     186       1     md5
     339   4.327   -37.25454    0.00004    0.00004     187       1     hor
     340   4.328   -37.25453    0.00004    0.00004     188       1     hor
     341   4.332   -37.25453    0.00004    0.00004     189       1     mtd7
     342   4.332   -37.25453    0.00004    0.00004     190       1     hor
     343   4.338   -37.25452    0.00003    0.00003     191       1     mtd9
     344   4.344   -37.25451    0.00003    0.00003     192       1     mtd1
     345   4.345   -37.25451    0.00003    0.00003     193       1     gc
     346   4.358   -37.25449    0.00003    0.00003     194       1     hor
     347   4.359   -37.25448    0.00003    0.00003     195       1     hor
     348   4.367   -37.25447    0.00003    0.00003     196       1     hor
     349   4.370   -37.25447    0.00003    0.00003     197       1     mtd1
     350   4.380   -37.25445    0.00003    0.00003     198       1     hor
     351   4.388   -37.25444    0.00003    0.00003     199       1     hor
     352   4.390   -37.25444    0.00003    0.00003     200       1     hor
     353   4.393   -37.25443    0.00003    0.00006     201       2     hor
     354   4.394   -37.25443    0.00003                                mtd9
     355   4.396   -37.25443    0.00003    0.00006     202       2     hor
     356   4.396   -37.25443    0.00003                                mtd9
     357   4.400   -37.25442    0.00003    0.00006     203       2     hor
     358   4.400   -37.25442    0.00003                                hor
     359   4.401   -37.25442    0.00003    0.00003     204       1     mtd5
     360   4.402   -37.25442    0.00003    0.00003     205       1     mtd9
     361   4.414   -37.25440    0.00003    0.00003     206       1     mtd2
     362   4.415   -37.25440    0.00003    0.00003     207       1     hor
     363   4.415   -37.25440    0.00003    0.00003     208       1     mtd6
     364   4.423   -37.25438    0.00003    0.00006     209       2     mtd6
     365   4.430   -37.25437    0.00003                                mtd6
     366   4.430   -37.25437    0.00003    0.00003     210       1     hor
     367   4.431   -37.25437    0.00003    0.00003     211       1     hor
     368   4.450   -37.25434    0.00003    0.00003     212       1     mtd9
     369   4.452   -37.25434    0.00003    0.00003     213       1     mtd12
     370   4.453   -37.25434    0.00003    0.00003     214       1     mtd5
     371   4.455   -37.25433    0.00003    0.00006     215       2     mtd7
     372   4.457   -37.25433    0.00003                                mtd7
     373   4.463   -37.25432    0.00003    0.00003     216       1     mtd7
     374   4.466   -37.25431    0.00003    0.00003     217       1     hor
     375   4.466   -37.25431    0.00003    0.00003     218       1     md5
     376   4.467   -37.25431    0.00003    0.00006     219       2     hor
     377   4.469   -37.25431    0.00003                                hor
     378   4.477   -37.25430    0.00003    0.00003     220       1     hor
     379   4.484   -37.25429    0.00003    0.00003     221       1     mtd5
     380   4.495   -37.25427    0.00003    0.00003     222       1     mtd5
     381   4.498   -37.25426    0.00003    0.00005     223       2     hor
     382   4.505   -37.25425    0.00003                                hor
     383   4.502   -37.25426    0.00003    0.00003     224       1     mtd5
     384   4.514   -37.25424    0.00003    0.00005     225       2     mtd3
     385   4.515   -37.25424    0.00003                                mtd3
     386   4.520   -37.25423    0.00003    0.00003     226       1     mtd5
     387   4.524   -37.25422    0.00003    0.00003     227       1     hor
     388   4.536   -37.25420    0.00002    0.00002     228       1     mtd6
     389   4.539   -37.25420    0.00002    0.00002     229       1     hor
     390   4.543   -37.25419    0.00002    0.00002     230       1     hor
     391   4.549   -37.25418    0.00002    0.00002     231       1     hor
     392   4.553   -37.25418    0.00002    0.00002     232       1     hor
     393   4.571   -37.25415    0.00002    0.00002     233       1     hor
     394   4.582   -37.25413    0.00002    0.00005     234       2     hor
     395   4.582   -37.25413    0.00002                                hor
     396   4.584   -37.25413    0.00002    0.00002     235       1     hor
     397   4.625   -37.25406    0.00002    0.00004     236       2     hor
     398   4.625   -37.25406    0.00002                                mtd5
     399   4.625   -37.25406    0.00002    0.00002     237       1     hor
     400   4.635   -37.25404    0.00002    0.00004     238       2     hor
     401   4.635   -37.25404    0.00002                                hor
     402   4.639   -37.25404    0.00002    0.00002     239       1     hor
     403   4.640   -37.25404    0.00002    0.00002     240       1     hor
     404   4.657   -37.25401    0.00002    0.00002     241       1     md2
     405   4.660   -37.25401    0.00002    0.00004     242       2     mtd2
     406   4.667   -37.25399    0.00002                                md8
     407   4.664   -37.25400    0.00002    0.00002     243       1     hor
     408   4.673   -37.25398    0.00002    0.00002     244       1     mtd10
     409   4.679   -37.25397    0.00002    0.00002     245       1     md8
     410   4.685   -37.25396    0.00002    0.00002     246       1     hor
     411   4.686   -37.25396    0.00002    0.00002     247       1     mtd14
     412   4.688   -37.25396    0.00002    0.00002     248       1     mtd5
     413   4.696   -37.25395    0.00002    0.00002     249       1     mtd6
     414   4.698   -37.25395    0.00002    0.00002     250       1     hor
     415   4.698   -37.25395    0.00002    0.00002     251       1     mtd3
     416   4.707   -37.25393    0.00002    0.00002     252       1     mtd1
     417   4.707   -37.25393    0.00002    0.00002     253       1     mtd4
     418   4.709   -37.25393    0.00002    0.00002     254       1     hor
     419   4.711   -37.25392    0.00002    0.00002     255       1     mtd1
     420   4.717   -37.25391    0.00002    0.00002     256       1     mtd1
     421   4.718   -37.25391    0.00002    0.00002     257       1     mtd9
     422   4.721   -37.25391    0.00002    0.00002     258       1     hor
     423   4.721   -37.25391    0.00002    0.00002     259       1     hor
     424   4.725   -37.25390    0.00002    0.00002     260       1     gc
     425   4.728   -37.25390    0.00002    0.00002     261       1     hor
     426   4.728   -37.25390    0.00002    0.00002     262       1     hor
     427   4.730   -37.25389    0.00002    0.00002     263       1     hor
     428   4.733   -37.25389    0.00002    0.00002     264       1     mtd10
     429   4.740   -37.25388    0.00002    0.00002     265       1     hor
     430   4.741   -37.25388    0.00002    0.00002     266       1     hor
     431   4.744   -37.25387    0.00002    0.00002     267       1     hor
     432   4.744   -37.25387    0.00002    0.00002     268       1     hor
     433   4.747   -37.25387    0.00002    0.00002     269       1     mtd12
     434   4.747   -37.25387    0.00002    0.00003     270       2     hor
     435   4.747   -37.25387    0.00002                                hor
     436   4.751   -37.25386    0.00002    0.00002     271       1     mtd5
     437   4.752   -37.25386    0.00002    0.00002     272       1     gc
     438   4.760   -37.25385    0.00002    0.00002     273       1     mtd9
     439   4.763   -37.25384    0.00002    0.00002     274       1     hor
     440   4.774   -37.25382    0.00002    0.00002     275       1     mtd5
     441   4.795   -37.25379    0.00002    0.00002     276       1     hor
     442   4.795   -37.25379    0.00002    0.00002     277       1     mtd8
     443   4.796   -37.25379    0.00002    0.00006     278       4     hor
     444   4.796   -37.25379    0.00002                                hor
     445   4.796   -37.25379    0.00002                                hor
     446   4.796   -37.25379    0.00002                                hor
     447   4.797   -37.25379    0.00002    0.00002     279       1     mtd5
     448   4.800   -37.25378    0.00002    0.00002     280       1     hor
     449   4.807   -37.25377    0.00002    0.00002     281       1     md8
     450   4.818   -37.25375    0.00002    0.00002     282       1     mtd5
     451   4.823   -37.25374    0.00002    0.00002     283       1     mtd1
     452   4.828   -37.25374    0.00002    0.00002     284       1     hor
     453   4.830   -37.25373    0.00002    0.00002     285       1     mtd12
     454   4.833   -37.25373    0.00002    0.00002     286       1     mtd9
     455   4.848   -37.25371    0.00001    0.00001     287       1     mtd5
     456   4.872   -37.25367    0.00001    0.00001     288       1     hor
     457   4.875   -37.25366    0.00001    0.00001     289       1     hor
     458   4.888   -37.25364    0.00001    0.00001     290       1     hor
     459   4.919   -37.25359    0.00001    0.00004     291       3     mtd1
     460   4.920   -37.25359    0.00001                                hor
     461   4.922   -37.25359    0.00001                                mtd12
     462   4.920   -37.25359    0.00001    0.00001     292       1     hor
     463   4.929   -37.25358    0.00001    0.00003     293       2     hor
     464   4.929   -37.25358    0.00001                                hor
     465   4.934   -37.25357    0.00001    0.00003     294       2     hor
     466   4.935   -37.25357    0.00001                                hor
     467   4.936   -37.25357    0.00001    0.00001     295       1     hor
     468   4.944   -37.25355    0.00001    0.00001     296       1     mtd11
     469   4.948   -37.25355    0.00001    0.00002     297       2     mtd5
     470   4.948   -37.25355    0.00001                                mtd11
     471   4.955   -37.25353    0.00001    0.00002     298       2     gc
     472   4.955   -37.25353    0.00001                                hor
     473   4.967   -37.25352    0.00001    0.00001     299       1     mtd9
     474   4.968   -37.25351    0.00001    0.00002     300       2     hor
     475   4.969   -37.25351    0.00001                                mtd12
     476   4.970   -37.25351    0.00001    0.00001     301       1     hor
     477   4.978   -37.25350    0.00001    0.00001     302       1     hor
     478   4.979   -37.25350    0.00001    0.00001     303       1     hor
     479   4.986   -37.25349    0.00001    0.00001     304       1     mtd1
     480   4.988   -37.25348    0.00001    0.00001     305       1     hor
     481   4.991   -37.25348    0.00001    0.00001     306       1     mtd7
     482   4.994   -37.25347    0.00001    0.00001     307       1     hor
     483   5.001   -37.25346    0.00001    0.00001     308       1     mtd12
     484   5.007   -37.25345    0.00001    0.00001     309       1     hor
     485   5.013   -37.25344    0.00001    0.00001     310       1     hor
     486   5.014   -37.25344    0.00001    0.00002     311       2     hor
     487   5.017   -37.25344    0.00001                                mtd10
     488   5.014   -37.25344    0.00001    0.00001     312       1     hor
     489   5.021   -37.25343    0.00001    0.00001     313       1     md8
     490   5.023   -37.25343    0.00001    0.00003     314       3     hor
     491   5.024   -37.25343    0.00001                                hor
     492   5.024   -37.25342    0.00001                                hor
     493   5.024   -37.25343    0.00001    0.00001     315       1     mtd3
     494   5.025   -37.25342    0.00001    0.00001     316       1     mtd7
     495   5.046   -37.25339    0.00001    0.00001     317       1     hor
     496   5.052   -37.25338    0.00001    0.00001     318       1     hor
     497   5.055   -37.25338    0.00001    0.00001     319       1     hor
     498   5.076   -37.25334    0.00001    0.00001     320       1     mtd9
     499   5.080   -37.25334    0.00001    0.00001     321       1     mtd7
     500   5.080   -37.25334    0.00001    0.00001     322       1     mtd7
     501   5.081   -37.25333    0.00001    0.00001     323       1     mtd5
     502   5.088   -37.25332    0.00001    0.00002     324       2     hor
     503   5.090   -37.25332    0.00001                                hor
     504   5.091   -37.25332    0.00001    0.00001     325       1     hor
     505   5.089   -37.25332    0.00001    0.00001     326       1     mtd10
     506   5.101   -37.25330    0.00001    0.00001     327       1     hor
     507   5.102   -37.25330    0.00001    0.00001     328       1     hor
     508   5.105   -37.25330    0.00001    0.00002     329       2     mtd1
     509   5.106   -37.25330    0.00001                                hor
     510   5.115   -37.25328    0.00001    0.00001     330       1     hor
     511   5.105   -37.25330    0.00001    0.00001     331       1     hor
     512   5.126   -37.25326    0.00001    0.00001     332       1     md6
     513   5.128   -37.25326    0.00001    0.00002     333       2     hor
     514   5.134   -37.25325    0.00001                                mtd5
     515   5.142   -37.25324    0.00001    0.00001     334       1     hor
     516   5.142   -37.25324    0.00001    0.00001     335       1     hor
     517   5.153   -37.25322    0.00001    0.00002     336       2     mtd7
     518   5.157   -37.25321    0.00001                                hor
     519   5.160   -37.25321    0.00001    0.00001     337       1     md8
     520   5.132   -37.25325    0.00001    0.00001     338       1     hor
     521   5.168   -37.25320    0.00001    0.00003     339       3     md8
     522   5.169   -37.25319    0.00001                                hor
     523   5.172   -37.25319    0.00001                                md8
     524   5.176   -37.25318    0.00001    0.00001     340       1     hor
     525   5.176   -37.25318    0.00001    0.00001     341       1     hor
     526   5.184   -37.25317    0.00001    0.00001     342       1     hor
     527   5.185   -37.25317    0.00001    0.00001     343       1     mtd1
     528   5.185   -37.25317    0.00001    0.00001     344       1     hor
     529   5.186   -37.25317    0.00001    0.00001     345       1     mtd7
     530   5.186   -37.25317    0.00001    0.00002     346       2     hor
     531   5.186   -37.25317    0.00001                                hor
     532   5.191   -37.25316    0.00001    0.00002     347       3     hor
     533   5.194   -37.25315    0.00001                                hor
     534   5.195   -37.25315    0.00001                                hor
     535   5.209   -37.25313    0.00001    0.00001     348       1     mtd1
     536   5.222   -37.25311    0.00001    0.00001     349       1     hor
     537   5.230   -37.25310    0.00001    0.00001     350       1     hor
     538   5.237   -37.25309    0.00001    0.00001     351       1     mtd5
     539   5.243   -37.25308    0.00001    0.00002     352       2     hor
     540   5.244   -37.25307    0.00001                                mtd5
     541   5.245   -37.25307    0.00001    0.00001     353       1     hor
     542   5.254   -37.25306    0.00001    0.00001     354       1     hor
     543   5.254   -37.25306    0.00001    0.00001     355       1     hor
     544   5.254   -37.25306    0.00001    0.00001     356       1     mtd12
     545   5.260   -37.25305    0.00001    0.00001     357       2     mtd11
     546   5.264   -37.25304    0.00001                                mtd5
     547   5.266   -37.25304    0.00001    0.00001     358       1     mtd9
     548   5.267   -37.25304    0.00001    0.00001     359       1     gc
     549   5.276   -37.25302    0.00001    0.00001     360       1     mtd12
     550   5.289   -37.25300    0.00001    0.00001     361       1     hor
     551   5.291   -37.25300    0.00001    0.00001     362       1     mtd9
     552   5.293   -37.25300    0.00001    0.00002     363       3     hor
     553   5.293   -37.25300    0.00001                                hor
     554   5.294   -37.25299    0.00001                                hor
     555   5.293   -37.25300    0.00001    0.00001     364       1     md8
     556   5.297   -37.25299    0.00001    0.00001     365       1     hor
     557   5.303   -37.25298    0.00001    0.00001     366       1     hor
     558   5.318   -37.25296    0.00001    0.00001     367       1     mtd7
     559   5.322   -37.25295    0.00001    0.00001     368       1     mtd7
     560   5.325   -37.25295    0.00001    0.00001     369       1     hor
     561   5.328   -37.25294    0.00001    0.00001     370       1     hor
     562   5.347   -37.25291    0.00001    0.00001     371       2     hor
     563   5.351   -37.25290    0.00001                                hor
     564   5.353   -37.25290    0.00001    0.00001     372       1     hor
     565   5.357   -37.25289    0.00001    0.00001     373       1     md8
     566   5.383   -37.25285    0.00001    0.00003     374       5     hor
     567   5.383   -37.25285    0.00001                                hor
     568   5.383   -37.25285    0.00001                                hor
     569   5.383   -37.25285    0.00001                                hor
     570   5.384   -37.25285    0.00001                                hor
     571   5.388   -37.25284    0.00001    0.00001     375       1     md5
     572   5.391   -37.25284    0.00001    0.00001     376       1     hor
     573   5.425   -37.25279    0.00001    0.00001     377       2     mtd12
     574   5.433   -37.25277    0.00001                                mtd9
     575   5.434   -37.25277    0.00001    0.00001     378       1     hor
     576   5.435   -37.25277    0.00001    0.00001     379       1     hor
     577   5.439   -37.25276    0.00001    0.00001     380       1     mtd1
     578   5.469   -37.25272    0.00001    0.00001     381       1     hor
     579   5.475   -37.25271    0.00001    0.00001     382       1     mtd7
     580   5.477   -37.25270    0.00001    0.00001     383       1     md8
     581   5.481   -37.25270    0.00001    0.00001     384       1     mtd9
     582   5.490   -37.25268    0.00000    0.00000     385       1     hor
     583   5.492   -37.25268    0.00000    0.00000     386       1     hor
     584   5.496   -37.25267    0.00000    0.00000     387       1     hor
     585   5.501   -37.25266    0.00000    0.00000     388       1     gc
     586   5.502   -37.25266    0.00000    0.00000     389       1     mtd2
     587   5.515   -37.25264    0.00000    0.00001     390       2     hor
     588   5.517   -37.25264    0.00000                                hor
     589   5.517   -37.25264    0.00000    0.00001     391       2     gc
     590   5.516   -37.25264    0.00000                                hor
     591   5.561   -37.25257    0.00000    0.00000     392       1     mtd7
     592   5.567   -37.25256    0.00000    0.00001     393       2     hor
     593   5.567   -37.25256    0.00000                                hor
     594   5.568   -37.25256    0.00000    0.00000     394       1     hor
     595   5.574   -37.25255    0.00000    0.00000     395       1     mtd1
     596   5.589   -37.25253    0.00000    0.00000     396       1     hor
     597   5.598   -37.25251    0.00000    0.00000     397       1     mtd10
     598   5.601   -37.25250    0.00000    0.00001     398       2     mtd7
     599   5.604   -37.25250    0.00000                                hor
     600   5.605   -37.25250    0.00000    0.00001     399       3     mtd1
     601   5.609   -37.25249    0.00000                                mtd1
     602   5.609   -37.25249    0.00000                                mtd7
     603   5.604   -37.25250    0.00000    0.00000     400       1     hor
     604   5.611   -37.25249    0.00000    0.00001     401       2     mtd7
     605   5.619   -37.25248    0.00000                                hor
     606   5.620   -37.25247    0.00000    0.00000     402       1     hor
     607   5.621   -37.25247    0.00000    0.00000     403       1     mtd1
     608   5.622   -37.25247    0.00000    0.00001     404       2     mtd9
     609   5.617   -37.25248    0.00000                                hor
     610   5.624   -37.25247    0.00000    0.00001     405       3     mtd1
     611   5.623   -37.25247    0.00000                                mtd1
     612   5.621   -37.25247    0.00000                                mtd7
     613   5.624   -37.25247    0.00000    0.00000     406       1     hor
     614   5.628   -37.25246    0.00000    0.00000     407       1     hor
     615   5.629   -37.25246    0.00000    0.00000     408       1     md6
     616   5.640   -37.25244    0.00000    0.00001     409       2     hor
     617   5.640   -37.25244    0.00000                                hor
     618   5.642   -37.25244    0.00000    0.00000     410       1     hor
     619   5.663   -37.25241    0.00000    0.00000     411       1     hor
     620   5.691   -37.25236    0.00000    0.00000     412       1     mtd1
     621   5.696   -37.25235    0.00000    0.00001     413       2     mtd1
     622   5.696   -37.25235    0.00000                                mtd1
     623   5.707   -37.25234    0.00000    0.00000     414       1     md8
     624   5.710   -37.25233    0.00000    0.00000     415       1     hor
     625   5.714   -37.25233    0.00000    0.00001     416       2     hor
     626   5.714   -37.25233    0.00000                                hor
     627   5.726   -37.25231    0.00000    0.00000     417       1     hor
     628   5.731   -37.25230    0.00000    0.00000     418       1     hor
     629   5.733   -37.25229    0.00000    0.00000     419       1     hor
     630   5.736   -37.25229    0.00000    0.00000     420       1     mtd1
     631   5.748   -37.25227    0.00000    0.00000     421       1     mtd2
     632   5.753   -37.25226    0.00000    0.00001     422       2     hor
     633   5.753   -37.25226    0.00000                                hor
     634   5.753   -37.25226    0.00000    0.00000     423       1     mtd4
     635   5.762   -37.25225    0.00000    0.00001     424       2     hor
     636   5.768   -37.25224    0.00000                                hor
     637   5.766   -37.25224    0.00000    0.00000     425       1     mtd7
     638   5.772   -37.25223    0.00000    0.00000     426       1     hor
     639   5.774   -37.25223    0.00000    0.00000     427       1     hor
     640   5.779   -37.25222    0.00000    0.00000     428       1     hor
     641   5.780   -37.25222    0.00000    0.00000     429       1     hor
     642   5.786   -37.25221    0.00000    0.00000     430       1     hor
     643   5.800   -37.25219    0.00000    0.00001     431       2     hor
     644   5.800   -37.25219    0.00000                                hor
     645   5.807   -37.25218    0.00000    0.00000     432       1     hor
     646   5.810   -37.25217    0.00000    0.00001     433       2     hor
     647   5.811   -37.25217    0.00000                                hor
     648   5.815   -37.25217    0.00000    0.00001     434       2     hor
     649   5.816   -37.25216    0.00000                                hor
     650   5.822   -37.25215    0.00000    0.00001     435       2     hor
     651   5.825   -37.25215    0.00000                                mtd7
     652   5.833   -37.25214    0.00000    0.00002     436       6     hor
     653   5.833   -37.25214    0.00000                                hor
     654   5.833   -37.25214    0.00000                                hor
     655   5.834   -37.25213    0.00000                                hor
     656   5.834   -37.25213    0.00000                                hor
     657   5.836   -37.25213    0.00000                                gc
     658   5.843   -37.25212    0.00000    0.00000     437       1     hor
     659   5.847   -37.25211    0.00000    0.00000     438       1     hor
     660   5.850   -37.25211    0.00000    0.00000     439       1     hor
     661   5.851   -37.25211    0.00000    0.00000     440       1     hor
     662   5.855   -37.25210    0.00000    0.00000     441       1     hor
     663   5.867   -37.25208    0.00000    0.00000     442       1     hor
     664   5.869   -37.25208    0.00000    0.00000     443       1     hor
     665   5.891   -37.25204    0.00000    0.00001     444       2     mtd10
     666   5.891   -37.25204    0.00000                                mtd12
     667   5.892   -37.25204    0.00000    0.00001     445       3     hor
     668   5.892   -37.25204    0.00000                                hor
     669   5.893   -37.25204    0.00000                                hor
     670   5.914   -37.25201    0.00000    0.00000     446       1     hor
     671   5.918   -37.25200    0.00000    0.00000     447       2     hor
     672   5.918   -37.25200    0.00000                                hor
     673   5.944   -37.25196    0.00000    0.00000     448       1     hor
     674   5.945   -37.25196    0.00000    0.00000     449       1     mtd7
     675   5.953   -37.25194    0.00000    0.00000     450       2     hor
     676   5.955   -37.25194    0.00000                                hor
     677   5.962   -37.25193    0.00000    0.00000     451       1     hor
     678   5.978   -37.25190    0.00000    0.00000     452       2     hor
     679   5.978   -37.25190    0.00000                                hor
     680   5.978   -37.25190    0.00000    0.00000     453       1     hor
     681   5.982   -37.25190    0.00000    0.00000     454       1     mtd2
     682   5.986   -37.25189    0.00000    0.00000     455       1     hor
     683   5.986   -37.25189    0.00000    0.00000     456       1     hor
T /K                                  :   298.15
E lowest                              :   -37.26143
ensemble average energy (kcal)        :    0.432
ensemble entropy (J/mol K, cal/mol K) :   30.624    7.319
ensemble free energy (kcal/mol)       :   -2.182
population of lowest in %             :   78.085
 number of unique conformers for further calc          456
 list of relative energies saved as "crest.energies"

 -----------------
 Wall Time Summary
 -----------------
             test MD wall time :         0h : 0m : 4s
                 MTD wall time :         0h : 9m :16s
      multilevel OPT wall time :         0h :28m :25s
                  MD wall time :         0h : 7m :47s
                  GC wall time :         0h : 4m : 6s
--------------------
Overall wall time  : 0h :51m :42s

 CREST terminated normally.
