****************************************************************
  Sure Independence Screening and Sparsifying Operator (SISSO)  
             Version SISSO.3.3, July, 2023.                
****************************************************************

Read in data from train.dat
Read in data from SISSO.in
Property type:     1
Number of tasks:        1
Descriptor dimension:        2
Number of samples for the task(s):     36
Restarts :  0
Number of scalar features:       19
Tier of the feature space:        3
Maximal feature complexity (number of operators in a feature):        6
Unit of input primary feature, each represented by a row vector: 
    1.00
    1.00
    1.00
    1.00
    1.00
    1.00
    1.00
    1.00
    1.00
    1.00
    1.00
    1.00
    1.00
    1.00
    1.00
    1.00
    1.00
    1.00
    1.00
The feature will be discarded if the minimum of the maximal abs. value in it <    0.10000E-02
The faature will be discarded if the maximum of the maximal abs. value in it >     0.10000E+06
Size of the SIS-selected (single) subspace :  10000 10000
Operators for feature construction: (+)(-)(*) (+)(-)(*) (+)(-)(*) 
Method for sparse regression:  L0        
Fitting intercept:      T
Metric for model selection: RMSE
Number of the top-ranked models to output:      100
--------------------------------------------------------------------------------

Dimension:   1
-------------------
Feature Construction (FC) starts ...
Population Standard Deviation (SD) of the task 001:   10.22135
Total number of features in the space phi00:             19
Total number of features in the space phi01:            623
Total number of features in the space phi02:         189542
Total number of features in the space phi03:     4514932670
Size of the SIS-selected subspace from phi03:      10000
Time (second) used for this FC:          887.24

Descriptor Identification (DI) starts ...
Total number of SIS-selected features from all dimensions:      10000
 
  1D descriptor: 
     d001 = (((feature12+feature17)-feature18)*((feature10-feature11)*(feature12*feature19)))    feature_ID:000001

  1D model(y=sum(ci*di)+c0): 
     coeff.(ci)_task001:     0.1256630139E+03
             c0_task001:     0.4559723981E+01
     RMSE,MaxAE_task001:     0.4442203937E+01    0.1301306563E+02

     RMSE and MaxAE of the model:   4.442204 13.013066
--------------------------------------------------------------------------------
Time (second) used for this DI:           52.42

Dimension:   2
-------------------
Feature Construction (FC) starts ...
Total number of features in the space phi00:             19
Total number of features in the space phi01:            623
Total number of features in the space phi02:         189542
Total number of features in the space phi03:     4514932670
Size of the SIS-selected subspace from phi03:      10000
Time (second) used for this FC:          888.63

Descriptor Identification (DI) starts ...
Total number of SIS-selected features from all dimensions:      20000
 
Final model/descriptor !
================================================================================
  2D descriptor: 
     d001 = (((feature12+feature17)-feature16)*((feature10-feature11)*(feature12*feature19)))    feature_ID:003551
     d002 = (((feature16-feature18)-feature7)*((feature15-feature16)*(feature15-feature17)))    feature_ID:013618

  2D model(y=sum(ci*di)+c0): 
     coeff.(ci)_task001:     0.1284441498E+03    0.2002224302E+03
             c0_task001:     0.4177234771E+01
     RMSE,MaxAE_task001:     0.2989839627E+01    0.6687795019E+01

     RMSE and MaxAE of the model:   2.989840  6.687795
================================================================================
Time (second) used for this DI:           25.51
Total time (second):         1854.48
Have a nice day !    

