****************************************************************
  Sure Independence Screening and Sparsifying Operator (SISSO)  
             Version SISSO.3.3, July, 2023.                
****************************************************************

Read in data from train.dat
Read in data from SISSO.in
Property type:     1
Number of tasks:        1
Descriptor dimension:        2
Number of samples for the task(s):     36
Restarts :  0
Number of scalar features:       19
Tier of the feature space:        3
Maximal feature complexity (number of operators in a feature):        6
Unit of input primary feature, each represented by a row vector: 
    1.00
    1.00
    1.00
    1.00
    1.00
    1.00
    1.00
    1.00
    1.00
    1.00
    1.00
    1.00
    1.00
    1.00
    1.00
    1.00
    1.00
    1.00
    1.00
The feature will be discarded if the minimum of the maximal abs. value in it <    0.10000E-02
The faature will be discarded if the maximum of the maximal abs. value in it >     0.10000E+06
Size of the SIS-selected (single) subspace :  10000 10000
Operators for feature construction: (+)(-)(*) (+)(-)(*) (+)(-)(*) 
Method for sparse regression:  L0        
Fitting intercept:      T
Metric for model selection: RMSE
Number of the top-ranked models to output:      100
--------------------------------------------------------------------------------

Dimension:   1
-------------------
Feature Construction (FC) starts ...
Population Standard Deviation (SD) of the task 001:   10.81450
Total number of features in the space phi00:             19
Total number of features in the space phi01:            631
Total number of features in the space phi02:         191847
Total number of features in the space phi03:     4625590482
Size of the SIS-selected subspace from phi03:      10000
Time (second) used for this FC:          945.32

Descriptor Identification (DI) starts ...
Total number of SIS-selected features from all dimensions:      10000
 
  1D descriptor: 
     d001 = ((feature10*(feature12*feature19))*((feature12+feature17)-(feature18-feature6)))    feature_ID:000001

  1D model(y=sum(ci*di)+c0): 
     coeff.(ci)_task001:     0.9854870486E+02
             c0_task001:     0.3920781845E+01
     RMSE,MaxAE_task001:     0.5091124938E+01    0.1283465746E+02

     RMSE and MaxAE of the model:   5.091125 12.834657
--------------------------------------------------------------------------------
Time (second) used for this DI:            0.11

Dimension:   2
-------------------
Feature Construction (FC) starts ...
Total number of features in the space phi00:             19
Total number of features in the space phi01:            631
Total number of features in the space phi02:         191847
Total number of features in the space phi03:     4625590482
Size of the SIS-selected subspace from phi03:      10000
Time (second) used for this FC:          946.02

Descriptor Identification (DI) starts ...
Total number of SIS-selected features from all dimensions:      20000
 
Final model/descriptor !
================================================================================
  2D descriptor: 
     d001 = (((feature12+feature17)-feature18)*((feature10*feature12)*(feature10*feature19)))    feature_ID:000113
     d002 = (((feature10-feature17)-feature17)*((feature10*feature13)*(feature16-feature18)))    feature_ID:010170

  2D model(y=sum(ci*di)+c0): 
     coeff.(ci)_task001:     0.1190491522E+03    0.1372466536E+03
             c0_task001:     0.4647236379E+01
     RMSE,MaxAE_task001:     0.3290489949E+01    0.1085819057E+02

     RMSE and MaxAE of the model:   3.290490 10.858191
================================================================================
Time (second) used for this DI:           25.47
Total time (second):         1918.26
Have a nice day !    

