
       ==============================================
       |                                            |
       |                 C R E S T                  |
       |                                            |
       |  Conformer-Rotamer Ensemble Sampling Tool  |
       |          based on the GFN methods          |
       |             P.Pracht, S.Grimme             |
       |          Universitaet Bonn, MCTC           |
       ==============================================
       Version 2.12,   Thu 19. Mai 16:32:32 CEST 2022
  Using the xTB program. Compatible with xTB version 6.4.0

   Cite work conducted with this code as

   • P.Pracht, F.Bohle, S.Grimme, PCCP, 2020, 22, 7169-7192.
   • S.Grimme, JCTC, 2019, 15, 2847-2862.

   and for works involving QCG as

   • S.Spicher, C.Plett, P.Pracht, A.Hansen, S.Grimme,
     JCTC, 2022, 18 (5), 3174-3189.

   with help from:
   C.Bannwarth, F.Bohle, S.Ehlert, S.Grimme,
   C.Plett, P.Pracht, S.Spicher

   This program is distributed in the hope that it will be useful,
   but WITHOUT ANY WARRANTY; without even the implied warranty of
   MERCHANTABILITY or FITNESS FOR A PARTICULAR PURPOSE.

 Command line input:
 > crest out.xyz --gfn 2 --chrg 0 -T 1 --noreftopo

  -gfn2 : Use of GFN2-xTB requested.
  --chrg 0
  -T 1 (CPUs/Threads selected)

 -------------------------
 xTB Geometry Optimization
 -------------------------
 Geometry successfully optimized.

------------------------------------------------
Generating MTD length from a flexibility measure
------------------------------------------------
 Calculating WBOs... done.
 Calculating NCI flexibility... done.
     covalent flexibility measure :   0.158
 non-covalent flexibility measure :   0.590
 flexibility measure :   0.196
 t(MTD) / ps    :     5.0
 Σ(t(MTD)) / ps :    70.0 (14 MTDs)

-------------------------------------
Starting a trial MTD to test settings
-------------------------------------
 Estimated runtime for one MTD (5.0 ps) on a single thread: 31 min 15 sec
 Estimated runtime for a batch of 14 MTDs on 1 threads: 7 h 17 min 34 sec

 list of Vbias parameters applied:
$metadyn    0.00300   1.300
$metadyn    0.00150   1.300
$metadyn    0.00075   1.300
$metadyn    0.00300   0.780
$metadyn    0.00150   0.780
$metadyn    0.00075   0.780
$metadyn    0.00300   0.468
$metadyn    0.00150   0.468
$metadyn    0.00075   0.468
$metadyn    0.00300   0.281
$metadyn    0.00150   0.281
$metadyn    0.00075   0.281
$metadyn    0.00100   0.100
$metadyn    0.00500   0.800

*******************************************************************************************
**                        N E W    I T E R A T I O N    C Y C L E                        **
*******************************************************************************************

========================================
            MTD Iteration  1
========================================

     ========================================
     |         Meta-MD (MTD) Sampling       |
     ========================================

Starting Meta-MD  14 with the settings:
     MD time /ps        :     5.0
     dt /fs             :     5.0
     dumpstep(trj) /fs  :     100
     dumpstep(Vbias)/ps :     1.0
     Vbias factor k /Eh :  0.1800
     Vbias exp α /bohr⁻²:    0.80
*Meta-MTD 14 finished*
Starting Meta-MD  13 with the settings:
     MD time /ps        :     5.0
     dt /fs             :     5.0
     dumpstep(trj) /fs  :     100
     dumpstep(Vbias)/ps :     1.0
     Vbias factor k /Eh :  0.0360
     Vbias exp α /bohr⁻²:    0.10
*Meta-MTD 13 finished*
Starting Meta-MD  12 with the settings:
     MD time /ps        :     5.0
     dt /fs             :     5.0
     dumpstep(trj) /fs  :     100
     dumpstep(Vbias)/ps :     1.0
     Vbias factor k /Eh :  0.0270
     Vbias exp α /bohr⁻²:    0.28
*Meta-MTD 12 finished*
Starting Meta-MD  11 with the settings:
     MD time /ps        :     5.0
     dt /fs             :     5.0
     dumpstep(trj) /fs  :     100
     dumpstep(Vbias)/ps :     1.0
     Vbias factor k /Eh :  0.0540
     Vbias exp α /bohr⁻²:    0.28
*Meta-MTD 11 finished*
Starting Meta-MD  10 with the settings:
     MD time /ps        :     5.0
     dt /fs             :     5.0
     dumpstep(trj) /fs  :     100
     dumpstep(Vbias)/ps :     1.0
     Vbias factor k /Eh :  0.1080
     Vbias exp α /bohr⁻²:    0.28
*Meta-MTD 10 finished*
Starting Meta-MD   9 with the settings:
     MD time /ps        :     5.0
     dt /fs             :     5.0
     dumpstep(trj) /fs  :     100
     dumpstep(Vbias)/ps :     1.0
     Vbias factor k /Eh :  0.0270
     Vbias exp α /bohr⁻²:    0.47
*Meta-MTD 9 finished*
Starting Meta-MD   8 with the settings:
     MD time /ps        :     5.0
     dt /fs             :     5.0
     dumpstep(trj) /fs  :     100
     dumpstep(Vbias)/ps :     1.0
     Vbias factor k /Eh :  0.0540
     Vbias exp α /bohr⁻²:    0.47
*Meta-MTD 8 finished*
Starting Meta-MD   7 with the settings:
     MD time /ps        :     5.0
     dt /fs             :     5.0
     dumpstep(trj) /fs  :     100
     dumpstep(Vbias)/ps :     1.0
     Vbias factor k /Eh :  0.1080
     Vbias exp α /bohr⁻²:    0.47
*Meta-MTD 7 finished*
Starting Meta-MD   6 with the settings:
     MD time /ps        :     5.0
     dt /fs             :     5.0
     dumpstep(trj) /fs  :     100
     dumpstep(Vbias)/ps :     1.0
     Vbias factor k /Eh :  0.0270
     Vbias exp α /bohr⁻²:    0.78
*Meta-MTD 6 finished*
Starting Meta-MD   5 with the settings:
     MD time /ps        :     5.0
     dt /fs             :     5.0
     dumpstep(trj) /fs  :     100
     dumpstep(Vbias)/ps :     1.0
     Vbias factor k /Eh :  0.0540
     Vbias exp α /bohr⁻²:    0.78
*Meta-MTD 5 finished*
Starting Meta-MD   4 with the settings:
     MD time /ps        :     5.0
     dt /fs             :     5.0
     dumpstep(trj) /fs  :     100
     dumpstep(Vbias)/ps :     1.0
     Vbias factor k /Eh :  0.1080
     Vbias exp α /bohr⁻²:    0.78
*Meta-MTD 4 finished*
Starting Meta-MD   3 with the settings:
     MD time /ps        :     5.0
     dt /fs             :     5.0
     dumpstep(trj) /fs  :     100
     dumpstep(Vbias)/ps :     1.0
     Vbias factor k /Eh :  0.0270
     Vbias exp α /bohr⁻²:    1.30
*Meta-MTD 3 finished*
Starting Meta-MD   2 with the settings:
     MD time /ps        :     5.0
     dt /fs             :     5.0
     dumpstep(trj) /fs  :     100
     dumpstep(Vbias)/ps :     1.0
     Vbias factor k /Eh :  0.0540
     Vbias exp α /bohr⁻²:    1.30
*Meta-MTD 2 finished*
Starting Meta-MD   1 with the settings:
     MD time /ps        :     5.0
     dt /fs             :     5.0
     dumpstep(trj) /fs  :     100
     dumpstep(Vbias)/ps :     1.0
     Vbias factor k /Eh :  0.1080
     Vbias exp α /bohr⁻²:    1.30
*Meta-MTD 1 finished*

-----------------------
Multilevel Optimization
-----------------------

 -------------------------
 1. crude pre-optimization
 -------------------------
 Optimizing all 686 structures from file "crest_rotamers_0.xyz" ...
 1 2 3 4 5 6 7 8 9 10 11 12 13 14 15 16 17 18 19 20 21 22 23 24 25 26 27 28 29 30 31 32 33 34 35 36 37 38 39 40 41 42 43 44 45 46 47 48 49 50 51 52 53 54 55 56 57 58 59 60 61 62 63 64 65 66 67 68 69 70 71 72 73 74 75 76 77 78 79 80 81 82 83 84 85 86 87 88 89 90 91 92 93 94 95 96 97 98 99 100 101 102 103 104 105 106 107 108 109 110 111 112 113 114 115 116 117 118 119 120 121 122 123 124 125 126 127 128 129 130 131 132 133 134 135 136 137 138 139 140 141 142 143 144 145 146 147 148 149 150 151 152 153 154 155 156 157 158 159 160 161 162 163 164 165 166 167 168 169 170 171 172 173 174 175 176 177 178 179 180 181 182 183 184 185 186 187 188 189 190 191 192 193 194 195 196 197 198 199 200 201 202 203 204 205 206 207 208 209 210 211 212 213 214 215 216 217 218 219 220 221 222 223 224 225 226 227 228 229 230 231 232 233 234 235 236 237 238 239 240 241 242 243 244 245 246 247 248 249 250 251 252 253 254 255 256 257 258 259 260 261 262 263 264 265 266 267 268 269 270 271 272 273 274 275 276 277 278 279 280 281 282 283 284 285 286 287 288 289 290 291 292 293 294 295 296 297 298 299 300 301 302 303 304 305 306 307 308 309 310 311 312 313 314 315 316 317 318 319 320 321 322 323 324 325 326 327 328 329 330 331 332 333 334 335 336 337 338 339 340 341 342 343 344 345 346 347 348 349 350 351 352 353 354 355 356 357 358 359 360 361 362 363 364 365 366 367 368 369 370 371 372 373 374 375 376 377 378 379 380 381 382 383 384 385 386 387 388 389 390 391 392 393 394 395 396 397 398 399 400 401 402 403 404 405 406 407 408 409 410 411 412 413 414 415 416 417 418 419 420 421 422 423 424 425 426 427 428 429 430 431 432 433 434 435 436 437 438 439 440 441 442 443 444 445 446 447 448 449 450 451 452 453 454 455 456 457 458 459 460 461 462 463 464 465 466 467 468 469 470 471 472 473 474 475 476 477 478 479 480 481 482 483 484 485 486 487 488 489 490 491 492 493 494 495 496 497 498 499 500 501 502 503 504 505 506 507 508 509 510 511 512 513 514 515 516 517 518 519 520 521 522 523 524 525 526 527 528 529 530 531 532 533 534 535 536 537 538 539 540 541 542 543 544 545 546 547 548 549 550 551 552 553 554 555 556 557 558 559 560 561 562 563 564 565 566 567 568 569 570 571 572 573 574 575 576 577 578 579 580 581 582 583 584 585 586 587 588 589 590 591 592 593 594 595 596 597 598 599 600 601 602 603 604 605 606 607 608 609 610 611 612 613 614 615 616 617 618 619 620 621 622 623 624 625 626 627 628 629 630 631 632 633 634 635 636 637 638 639 640 641 642 643 644 645 646 647 648 649 650 651 652 653 654 655 656 657 658 659 660 661 662 663 664 665 666 667 668 669 670 671 672 673 674 675 676 677 678 679 680 681 682 683 684 685 686
 done.
 running RMSDs...
 done.
 E lowest :   -46.65491
 303 structures remain within    12.00 kcal/mol window

 -------------------------------------
 2. optimization with tight thresholds
 -------------------------------------
 Optimizing all 304 structures from file "crest_rotamers_1.xyz" ...
 1 2 3 4 5 6 7 8 9 10 11 12 13 14 15 16 17 18 19 20 21 22 23 24 25 26 27 28 29 30 31 32 33 34 35 36 37 38 39 40 41 42 43 44 45 46 47 48 49 50 51 52 53 54 55 56 57 58 59 60 61 62 63 64 65 66 67 68 69 70 71 72 73 74 75 76 77 78 79 80 81 82 83 84 85 86 87 88 89 90 91 92 93 94 95 96 97 98 99 100 101 102 103 104 105 106 107 108 109 110 111 112 113 114 115 116 117 118 119 120 121 122 123 124 125 126 127 128 129 130 131 132 133 134 135 136 137 138 139 140 141 142 143 144 145 146 147 148 149 150 151 152 153 154 155 156 157 158 159 160 161 162 163 164 165 166 167 168 169 170 171 172 173 174 175 176 177 178 179 180 181 182 183 184 185 186 187 188 189 190 191 192 193 194 195 196 197 198 199 200 201 202 203 204 205 206 207 208 209 210 211 212 213 214 215 216 217 218 219 220 221 222 223 224 225 226 227 228 229 230 231 232 233 234 235 236 237 238 239 240 241 242 243 244 245 246 247 248 249 250 251 252 253 254 255 256 257 258 259 260 261 262 263 264 265 266 267 268 269 270 271 272 273 274 275 276 277 278 279 280 281 282 283 284 285 286 287 288 289 290 291 292 293 294 295 296 297 298 299 300 301 302 303 304
 done.
 running RMSDs...
 done.
 E lowest :   -46.65553
 120 structures remain within     6.00 kcal/mol window


========================================
            MTD Iteration  2
========================================

     ========================================
     |         Meta-MD (MTD) Sampling       |
     ========================================

Starting Meta-MD  12 with the settings:
     MD time /ps        :     5.0
     dt /fs             :     5.0
     dumpstep(trj) /fs  :     100
     dumpstep(Vbias)/ps :     1.0
     Vbias factor k /Eh :  0.0270
     Vbias exp α /bohr⁻²:    0.28
*Meta-MTD 12 finished*
Starting Meta-MD  11 with the settings:
     MD time /ps        :     5.0
     dt /fs             :     5.0
     dumpstep(trj) /fs  :     100
     dumpstep(Vbias)/ps :     1.0
     Vbias factor k /Eh :  0.0540
     Vbias exp α /bohr⁻²:    0.28
*Meta-MTD 11 finished*
Starting Meta-MD  10 with the settings:
     MD time /ps        :     5.0
     dt /fs             :     5.0
     dumpstep(trj) /fs  :     100
     dumpstep(Vbias)/ps :     1.0
     Vbias factor k /Eh :  0.1080
     Vbias exp α /bohr⁻²:    0.28
*Meta-MTD 10 finished*
Starting Meta-MD   9 with the settings:
     MD time /ps        :     5.0
     dt /fs             :     5.0
     dumpstep(trj) /fs  :     100
     dumpstep(Vbias)/ps :     1.0
     Vbias factor k /Eh :  0.0270
     Vbias exp α /bohr⁻²:    0.47
*Meta-MTD 9 finished*
Starting Meta-MD   8 with the settings:
     MD time /ps        :     5.0
     dt /fs             :     5.0
     dumpstep(trj) /fs  :     100
     dumpstep(Vbias)/ps :     1.0
     Vbias factor k /Eh :  0.0540
     Vbias exp α /bohr⁻²:    0.47
*Meta-MTD 8 finished*
Starting Meta-MD   7 with the settings:
     MD time /ps        :     5.0
     dt /fs             :     5.0
     dumpstep(trj) /fs  :     100
     dumpstep(Vbias)/ps :     1.0
     Vbias factor k /Eh :  0.1080
     Vbias exp α /bohr⁻²:    0.47
*Meta-MTD 7 finished*
Starting Meta-MD   6 with the settings:
     MD time /ps        :     5.0
     dt /fs             :     5.0
     dumpstep(trj) /fs  :     100
     dumpstep(Vbias)/ps :     1.0
     Vbias factor k /Eh :  0.0270
     Vbias exp α /bohr⁻²:    0.78
*Meta-MTD 6 finished*
Starting Meta-MD   5 with the settings:
     MD time /ps        :     5.0
     dt /fs             :     5.0
     dumpstep(trj) /fs  :     100
     dumpstep(Vbias)/ps :     1.0
     Vbias factor k /Eh :  0.0540
     Vbias exp α /bohr⁻²:    0.78
*Meta-MTD 5 finished*
Starting Meta-MD   4 with the settings:
     MD time /ps        :     5.0
     dt /fs             :     5.0
     dumpstep(trj) /fs  :     100
     dumpstep(Vbias)/ps :     1.0
     Vbias factor k /Eh :  0.1080
     Vbias exp α /bohr⁻²:    0.78
*Meta-MTD 4 finished*
Starting Meta-MD   3 with the settings:
     MD time /ps        :     5.0
     dt /fs             :     5.0
     dumpstep(trj) /fs  :     100
     dumpstep(Vbias)/ps :     1.0
     Vbias factor k /Eh :  0.0270
     Vbias exp α /bohr⁻²:    1.30
*Meta-MTD 3 finished*
Starting Meta-MD   2 with the settings:
     MD time /ps        :     5.0
     dt /fs             :     5.0
     dumpstep(trj) /fs  :     100
     dumpstep(Vbias)/ps :     1.0
     Vbias factor k /Eh :  0.0540
     Vbias exp α /bohr⁻²:    1.30
*Meta-MTD 2 finished*
Starting Meta-MD   1 with the settings:
     MD time /ps        :     5.0
     dt /fs             :     5.0
     dumpstep(trj) /fs  :     100
     dumpstep(Vbias)/ps :     1.0
     Vbias factor k /Eh :  0.1080
     Vbias exp α /bohr⁻²:    1.30
*Meta-MTD 1 finished*

-----------------------
Multilevel Optimization
-----------------------

 -------------------------
 1. crude pre-optimization
 -------------------------
 Optimizing all 588 structures from file "crest_rotamers_0.xyz" ...
 1 2 3 4 5 6 7 8 9 10 11 12 13 14 15 16 17 18 19 20 21 22 23 24 25 26 27 28 29 30 31 32 33 34 35 36 37 38 39 40 41 42 43 44 45 46 47 48 49 50 51 52 53 54 55 56 57 58 59 60 61 62 63 64 65 66 67 68 69 70 71 72 73 74 75 76 77 78 79 80 81 82 83 84 85 86 87 88 89 90 91 92 93 94 95 96 97 98 99 100 101 102 103 104 105 106 107 108 109 110 111 112 113 114 115 116 117 118 119 120 121 122 123 124 125 126 127 128 129 130 131 132 133 134 135 136 137 138 139 140 141 142 143 144 145 146 147 148 149 150 151 152 153 154 155 156 157 158 159 160 161 162 163 164 165 166 167 168 169 170 171 172 173 174 175 176 177 178 179 180 181 182 183 184 185 186 187 188 189 190 191 192 193 194 195 196 197 198 199 200 201 202 203 204 205 206 207 208 209 210 211 212 213 214 215 216 217 218 219 220 221 222 223 224 225 226 227 228 229 230 231 232 233 234 235 236 237 238 239 240 241 242 243 244 245 246 247 248 249 250 251 252 253 254 255 256 257 258 259 260 261 262 263 264 265 266 267 268 269 270 271 272 273 274 275 276 277 278 279 280 281 282 283 284 285 286 287 288 289 290 291 292 293 294 295 296 297 298 299 300 301 302 303 304 305 306 307 308 309 310 311 312 313 314 315 316 317 318 319 320 321 322 323 324 325 326 327 328 329 330 331 332 333 334 335 336 337 338 339 340 341 342 343 344 345 346 347 348 349 350 351 352 353 354 355 356 357 358 359 360 361 362 363 364 365 366 367 368 369 370 371 372 373 374 375 376 377 378 379 380 381 382 383 384 385 386 387 388 389 390 391 392 393 394 395 396 397 398 399 400 401 402 403 404 405 406 407 408 409 410 411 412 413 414 415 416 417 418 419 420 421 422 423 424 425 426 427 428 429 430 431 432 433 434 435 436 437 438 439 440 441 442 443 444 445 446 447 448 449 450 451 452 453 454 455 456 457 458 459 460 461 462 463 464 465 466 467 468 469 470 471 472 473 474 475 476 477 478 479 480 481 482 483 484 485 486 487 488 489 490 491 492 493 494 495 496 497 498 499 500 501 502 503 504 505 506 507 508 509 510 511 512 513 514 515 516 517 518 519 520 521 522 523 524 525 526 527 528 529 530 531 532 533 534 535 536 537 538 539 540 541 542 543 544 545 546 547 548 549 550 551 552 553 554 555 556 557 558 559 560 561 562 563 564 565 566 567 568 569 570 571 572 573 574 575 576 577 578 579 580 581 582 583 584 585 586 587 588
 done.
 running RMSDs...
 done.
 E lowest :   -46.65525
 404 structures remain within    12.00 kcal/mol window

 -------------------------------------
 2. optimization with tight thresholds
 -------------------------------------
 Optimizing all 405 structures from file "crest_rotamers_1.xyz" ...
 1 2 3 4 5 6 7 8 9 10 11 12 13 14 15 16 17 18 19 20 21 22 23 24 25 26 27 28 29 30 31 32 33 34 35 36 37 38 39 40 41 42 43 44 45 46 47 48 49 50 51 52 53 54 55 56 57 58 59 60 61 62 63 64 65 66 67 68 69 70 71 72 73 74 75 76 77 78 79 80 81 82 83 84 85 86 87 88 89 90 91 92 93 94 95 96 97 98 99 100 101 102 103 104 105 106 107 108 109 110 111 112 113 114 115 116 117 118 119 120 121 122 123 124 125 126 127 128 129 130 131 132 133 134 135 136 137 138 139 140 141 142 143 144 145 146 147 148 149 150 151 152 153 154 155 156 157 158 159 160 161 162 163 164 165 166 167 168 169 170 171 172 173 174 175 176 177 178 179 180 181 182 183 184 185 186 187 188 189 190 191 192 193 194 195 196 197 198 199 200 201 202 203 204 205 206 207 208 209 210 211 212 213 214 215 216 217 218 219 220 221 222 223 224 225 226 227 228 229 230 231 232 233 234 235 236 237 238 239 240 241 242 243 244 245 246 247 248 249 250 251 252 253 254 255 256 257 258 259 260 261 262 263 264 265 266 267 268 269 270 271 272 273 274 275 276 277 278 279 280 281 282 283 284 285 286 287 288 289 290 291 292 293 294 295 296 297 298 299 300 301 302 303 304 305 306 307 308 309 310 311 312 313 314 315 316 317 318 319 320 321 322 323 324 325 326 327 328 329 330 331 332 333 334 335 336 337 338 339 340 341 342 343 344 345 346 347 348 349 350 351 352 353 354 355 356 357 358 359 360 361 362 363 364 365 366 367 368 369 370 371 372 373 374 375 376 377 378 379 380 381 382 383 384 385 386 387 388 389 390 391 392 393 394 395 396 397 398 399 400 401 402 403 404 405
 done.
 running RMSDs...
 done.
 E lowest :   -46.65553
 226 structures remain within     6.00 kcal/mol window

========================================
            MTD Iterations done         
========================================
 Collecting ensmbles.
 running RMSDs...
 done.
 E lowest :   -46.65553
 323 structures remain within     6.00 kcal/mol window

-----------------------------------------------
Additional regular MDs on lowest 4 conformer(s)
-----------------------------------------------
Starting MD   8 with the settings:
     MD time /ps        :     2.5
     MD Temperature /K  :   500.0
     dt /fs             :     5.0
     dumpstep(trj) /fs  :     100
*MD 8 finished*
Starting MD   7 with the settings:
     MD time /ps        :     2.5
     MD Temperature /K  :   400.0
     dt /fs             :     5.0
     dumpstep(trj) /fs  :     100
*MD 7 finished*
Starting MD   6 with the settings:
     MD time /ps        :     2.5
     MD Temperature /K  :   500.0
     dt /fs             :     5.0
     dumpstep(trj) /fs  :     100
*MD 6 finished*
Starting MD   5 with the settings:
     MD time /ps        :     2.5
     MD Temperature /K  :   400.0
     dt /fs             :     5.0
     dumpstep(trj) /fs  :     100
*MD 5 finished*
Starting MD   4 with the settings:
     MD time /ps        :     2.5
     MD Temperature /K  :   500.0
     dt /fs             :     5.0
     dumpstep(trj) /fs  :     100
*MD 4 finished*
Starting MD   3 with the settings:
     MD time /ps        :     2.5
     MD Temperature /K  :   400.0
     dt /fs             :     5.0
     dumpstep(trj) /fs  :     100
*MD 3 finished*
Starting MD   2 with the settings:
     MD time /ps        :     2.5
     MD Temperature /K  :   500.0
     dt /fs             :     5.0
     dumpstep(trj) /fs  :     100
*MD 2 finished*
Starting MD   1 with the settings:
     MD time /ps        :     2.5
     MD Temperature /K  :   400.0
     dt /fs             :     5.0
     dumpstep(trj) /fs  :     100
*MD 1 finished*
 Appending file crest_rotamers_1.xyz with new structures

 -------------------------------------------
 Ensemble optimization with tight thresholds
 -------------------------------------------
 Optimizing all 515 structures from file "crest_rotamers_1.xyz" ...
 1 2 3 4 5 6 7 8 9 10 11 12 13 14 15 16 17 18 19 20 21 22 23 24 25 26 27 28 29 30 31 32 33 34 35 36 37 38 39 40 41 42 43 44 45 46 47 48 49 50 51 52 53 54 55 56 57 58 59 60 61 62 63 64 65 66 67 68 69 70 71 72 73 74 75 76 77 78 79 80 81 82 83 84 85 86 87 88 89 90 91 92 93 94 95 96 97 98 99 100 101 102 103 104 105 106 107 108 109 110 111 112 113 114 115 116 117 118 119 120 121 122 123 124 125 126 127 128 129 130 131 132 133 134 135 136 137 138 139 140 141 142 143 144 145 146 147 148 149 150 151 152 153 154 155 156 157 158 159 160 161 162 163 164 165 166 167 168 169 170 171 172 173 174 175 176 177 178 179 180 181 182 183 184 185 186 187 188 189 190 191 192 193 194 195 196 197 198 199 200 201 202 203 204 205 206 207 208 209 210 211 212 213 214 215 216 217 218 219 220 221 222 223 224 225 226 227 228 229 230 231 232 233 234 235 236 237 238 239 240 241 242 243 244 245 246 247 248 249 250 251 252 253 254 255 256 257 258 259 260 261 262 263 264 265 266 267 268 269 270 271 272 273 274 275 276 277 278 279 280 281 282 283 284 285 286 287 288 289 290 291 292 293 294 295 296 297 298 299 300 301 302 303 304 305 306 307 308 309 310 311 312 313 314 315 316 317 318 319 320 321 322 323 324 325 326 327 328 329 330 331 332 333 334 335 336 337 338 339 340 341 342 343 344 345 346 347 348 349 350 351 352 353 354 355 356 357 358 359 360 361 362 363 364 365 366 367 368 369 370 371 372 373 374 375 376 377 378 379 380 381 382 383 384 385 386 387 388 389 390 391 392 393 394 395 396 397 398 399 400 401 402 403 404 405 406 407 408 409 410 411 412 413 414 415 416 417 418 419 420 421 422 423 424 425 426 427 428 429 430 431 432 433 434 435 436 437 438 439 440 441 442 443 444 445 446 447 448 449 450 451 452 453 454 455 456 457 458 459 460 461 462 463 464 465 466 467 468 469 470 471 472 473 474 475 476 477 478 479 480 481 482 483 484 485 486 487 488 489 490 491 492 493 494 495 496 497 498 499 500 501 502 503 504 505 506 507 508 509 510 511 512 513 514 515
 done.
 running RMSDs...
 done.
 E lowest :   -46.65553
 410 structures remain within     6.00 kcal/mol window


     ========================================
     |        Structure Crossing (GC)       |
     ========================================
 =============================
  # threads =           1
 =============================
 input  file name : crest_rotamers_3.xyz
number of atoms                :    36
number of points on xyz files  :   410
conformer energy window  /kcal :    6.00
CN per atom difference cut-off :  0.3000
RMSD threshold                 :  0.2500
max. # of generated structures : 250
 reading xyz file ...
 # in E window                410
 generating pairs ...       84254
  24.4 % done
  48.8 % done
  73.2 % done
  97.6 % done
 generated pairs           :       41513
 number of clash discarded :       42332
 average rmsd w.r.t input  : 3.11823
 sd of ensemble            : 0.83729
 number of new structures      :         105
 removed identical structures  :         395
 writing          105  TMPCONF* dirs ...
 --------------------------
 GC: loose pre-optimization
 --------------------------
 Starting optimization of generated structures
 105 jobs to do.
 1 2 3 4 5 6 7 8 9 10 11 12 13 14 15 16 17 18 19 20 21 22 23 24 25 26 27 28 29 30 31 32 33 34 35 36 37 38 39 40 41 42 43 44 45 46 47 48 49 50 51 52 53 54 55 56 57 58 59 60 61 62 63 64 65 66 67 68 69 70 71 72 73 74 75 76 77 78 79 80 81 82 83 84 85 86 87 88 89 90 91 92 93 94 95 96 97 98 99 100 101 102 103 104 105 
 done.
 Now appending opt.xyz file with new structures
 running RMSDs...
 done.
 E lowest :   -46.65552
 64 structures remain within    10.00 kcal/mol window
 --------------------------------------
 GC: optimization with tight thresholds
 --------------------------------------
 Optimizing all 64 structures from file "crest_rotamers_1.xyz" ...
 1 2 3 4 5 6 7 8 9 10 11 12 13 14 15 16 17 18 19 20 21 22 23 24 25 26 27 28 29 30 31 32 33 34 35 36 37 38 39 40 41 42 43 44 45 46 47 48 49 50 51 52 53 54 55 56 57 58 59 60 61 62 63 64
 done.
 running RMSDs...
 done.
 E lowest :   -46.65553


   ================================================
   |           Final Geometry Optimization        |
   ================================================
 ------------------------------------------------
 Ensemble optimization with very tight thresholds
 ------------------------------------------------
 Optimizing all 426 structures from file "crest_rotamers_4.xyz" ...
 1 2 3 4 5 6 7 8 9 10 11 12 13 14 15 16 17 18 19 20 21 22 23 24 25 26 27 28 29 30 31 32 33 34 35 36 37 38 39 40 41 42 43 44 45 46 47 48 49 50 51 52 53 54 55 56 57 58 59 60 61 62 63 64 65 66 67 68 69 70 71 72 73 74 75 76 77 78 79 80 81 82 83 84 85 86 87 88 89 90 91 92 93 94 95 96 97 98 99 100 101 102 103 104 105 106 107 108 109 110 111 112 113 114 115 116 117 118 119 120 121 122 123 124 125 126 127 128 129 130 131 132 133 134 135 136 137 138 139 140 141 142 143 144 145 146 147 148 149 150 151 152 153 154 155 156 157 158 159 160 161 162 163 164 165 166 167 168 169 170 171 172 173 174 175 176 177 178 179 180 181 182 183 184 185 186 187 188 189 190 191 192 193 194 195 196 197 198 199 200 201 202 203 204 205 206 207 208 209 210 211 212 213 214 215 216 217 218 219 220 221 222 223 224 225 226 227 228 229 230 231 232 233 234 235 236 237 238 239 240 241 242 243 244 245 246 247 248 249 250 251 252 253 254 255 256 257 258 259 260 261 262 263 264 265 266 267 268 269 270 271 272 273 274 275 276 277 278 279 280 281 282 283 284 285 286 287 288 289 290 291 292 293 294 295 296 297 298 299 300 301 302 303 304 305 306 307 308 309 310 311 312 313 314 315 316 317 318 319 320 321 322 323 324 325 326 327 328 329 330 331 332 333 334 335 336 337 338 339 340 341 342 343 344 345 346 347 348 349 350 351 352 353 354 355 356 357 358 359 360 361 362 363 364 365 366 367 368 369 370 371 372 373 374 375 376 377 378 379 380 381 382 383 384 385 386 387 388 389 390 391 392 393 394 395 396 397 398 399 400 401 402 403 404 405 406 407 408 409 410 411 412 413 414 415 416 417 418 419 420 421 422 423 424 425 426
 done.
 running RMSDs...
 done.
 E lowest :   -46.65553
 386 structures remain within     6.00 kcal/mol window

 input  file name : crest_rotamers_5.xyz
 output file name : crest_rotamers_6.xyz
 number of atoms                :   36
 number of points on xyz files  :   426
 RMSD threshold                 :   0.1250
 Bconst threshold               :   0.0100
 population threshold           :   0.0500
 conformer energy window  /kcal :   6.0000
 # fragment in coord            :     2
 # bonds in reference structure :    34
 number of reliable points      :   426
 reference state Etot :  -46.655526420000001
 number of doubles removed by rot/RMSD         :          40
 total number unique points considered further :         386
       Erel/kcal        Etot weight/tot  conformer     set   degen     origin
       1   0.000   -46.65553    0.00397    0.34252       1      88     mtd7
       2   0.000   -46.65553    0.00397                                gc
       3   0.000   -46.65553    0.00397                                md2
       4   0.000   -46.65553    0.00397                                mtd2
       5   0.000   -46.65553    0.00397                                gc
       6   0.000   -46.65553    0.00397                                gc
       7   0.000   -46.65553    0.00397                                mtd3
       8   0.000   -46.65553    0.00397                                mtd9
       9   0.001   -46.65553    0.00397                                mtd4
      10   0.001   -46.65553    0.00397                                gc
      11   0.001   -46.65553    0.00397                                mtd5
      12   0.001   -46.65553    0.00397                                md3
      13   0.001   -46.65553    0.00397                                mtd3
      14   0.001   -46.65553    0.00397                                mtd9
      15   0.001   -46.65553    0.00397                                mtd8
      16   0.001   -46.65552    0.00397                                mtd12
      17   0.001   -46.65552    0.00397                                md4
      18   0.001   -46.65552    0.00397                                mtd3
      19   0.001   -46.65552    0.00397                                gc
      20   0.001   -46.65552    0.00397                                gc
      21   0.001   -46.65552    0.00397                                mtd8
      22   0.001   -46.65552    0.00396                                md1
      23   0.001   -46.65552    0.00396                                gc
      24   0.002   -46.65552    0.00396                                mtd2
      25   0.002   -46.65552    0.00396                                mtd12
      26   0.002   -46.65552    0.00396                                mtd3
      27   0.002   -46.65552    0.00396                                md2
      28   0.002   -46.65552    0.00396                                mtd11
      29   0.002   -46.65552    0.00396                                mtd8
      30   0.002   -46.65552    0.00396                                gc
      31   0.003   -46.65552    0.00396                                mtd3
      32   0.003   -46.65552    0.00395                                mtd11
      33   0.003   -46.65552    0.00395                                mtd8
      34   0.003   -46.65552    0.00395                                mtd3
      35   0.003   -46.65552    0.00395                                md2
      36   0.003   -46.65552    0.00395                                mtd4
      37   0.004   -46.65552    0.00395                                gc
      38   0.004   -46.65552    0.00395                                mtd14
      39   0.004   -46.65552    0.00395                                md4
      40   0.004   -46.65552    0.00395                                mtd6
      41   0.004   -46.65552    0.00394                                mtd6
      42   0.004   -46.65552    0.00394                                mtd4
      43   0.005   -46.65552    0.00394                                mtd2
      44   0.005   -46.65552    0.00394                                md4
      45   0.005   -46.65552    0.00394                                mtd12
      46   0.007   -46.65552    0.00393                                gc
      47   0.007   -46.65552    0.00393                                mtd7
      48   0.007   -46.65551    0.00392                                mtd2
      49   0.007   -46.65551    0.00392                                gc
      50   0.008   -46.65551    0.00392                                mtd12
      51   0.009   -46.65551    0.00392                                md7
      52   0.011   -46.65551    0.00390                                mtd3
      53   0.014   -46.65550    0.00388                                mtd4
      54   0.014   -46.65550    0.00388                                mtd5
      55   0.015   -46.65550    0.00388                                mtd14
      56   0.015   -46.65550    0.00387                                mtd6
      57   0.016   -46.65550    0.00387                                md3
      58   0.016   -46.65550    0.00387                                mtd12
      59   0.016   -46.65550    0.00387                                mtd8
      60   0.016   -46.65550    0.00386                                mtd2
      61   0.018   -46.65550    0.00385                                gc
      62   0.019   -46.65550    0.00385                                mtd2
      63   0.019   -46.65550    0.00385                                mtd3
      64   0.019   -46.65550    0.00384                                mtd4
      65   0.021   -46.65549    0.00383                                mtd3
      66   0.021   -46.65549    0.00383                                mtd2
      67   0.022   -46.65549    0.00383                                md8
      68   0.022   -46.65549    0.00383                                mtd6
      69   0.023   -46.65549    0.00382                                md8
      70   0.024   -46.65549    0.00382                                mtd6
      71   0.025   -46.65549    0.00381                                md3
      72   0.025   -46.65549    0.00381                                mtd6
      73   0.025   -46.65549    0.00381                                md6
      74   0.028   -46.65548    0.00379                                gc
      75   0.030   -46.65548    0.00378                                gc
      76   0.030   -46.65548    0.00378                                mtd7
      77   0.030   -46.65548    0.00377                                gc
      78   0.031   -46.65548    0.00377                                md8
      79   0.032   -46.65548    0.00376                                md3
      80   0.032   -46.65548    0.00376                                mtd7
      81   0.033   -46.65547    0.00376                                mtd6
      82   0.033   -46.65547    0.00376                                mtd2
      83   0.036   -46.65547    0.00374                                mtd3
      84   0.037   -46.65547    0.00373                                mtd7
      85   0.046   -46.65545    0.00368                                mtd7
      86   0.047   -46.65545    0.00367                                mtd4
      87   0.047   -46.65545    0.00367                                md6
      88   0.050   -46.65545    0.00365                                md6
      89   0.051   -46.65544    0.00364    0.42613       2     119     mtd12
      90   0.052   -46.65544    0.00364                                mtd2
      91   0.052   -46.65544    0.00364                                mtd1
      92   0.052   -46.65544    0.00364                                mtd6
      93   0.052   -46.65544    0.00364                                mtd3
      94   0.052   -46.65544    0.00364                                md2
      95   0.052   -46.65544    0.00364                                md6
      96   0.052   -46.65544    0.00364                                mtd6
      97   0.052   -46.65544    0.00364                                mtd3
      98   0.052   -46.65544    0.00364                                md1
      99   0.052   -46.65544    0.00364                                mtd2
     100   0.052   -46.65544    0.00364                                md8
     101   0.052   -46.65544    0.00364                                md5
     102   0.052   -46.65544    0.00364                                mtd4
     103   0.052   -46.65544    0.00364                                md6
     104   0.052   -46.65544    0.00364                                mtd2
     105   0.052   -46.65544    0.00364                                mtd8
     106   0.052   -46.65544    0.00364                                mtd5
     107   0.053   -46.65544    0.00364                                md7
     108   0.053   -46.65544    0.00364                                mtd7
     109   0.053   -46.65544    0.00364                                mtd3
     110   0.053   -46.65544    0.00364                                mtd2
     111   0.053   -46.65544    0.00364                                mtd4
     112   0.053   -46.65544    0.00363                                mtd5
     113   0.053   -46.65544    0.00363                                mtd5
     114   0.053   -46.65544    0.00363                                md8
     115   0.053   -46.65544    0.00363                                md3
     116   0.053   -46.65544    0.00363                                md3
     117   0.053   -46.65544    0.00363                                md6
     118   0.053   -46.65544    0.00363                                mtd9
     119   0.053   -46.65544    0.00363                                mtd6
     120   0.053   -46.65544    0.00363                                md8
     121   0.053   -46.65544    0.00363                                md8
     122   0.054   -46.65544    0.00363                                mtd4
     123   0.054   -46.65544    0.00363                                md8
     124   0.054   -46.65544    0.00363                                md4
     125   0.054   -46.65544    0.00363                                mtd11
     126   0.054   -46.65544    0.00363                                mtd6
     127   0.054   -46.65544    0.00363                                mtd3
     128   0.054   -46.65544    0.00363                                md7
     129   0.054   -46.65544    0.00363                                mtd4
     130   0.054   -46.65544    0.00363                                md2
     131   0.054   -46.65544    0.00363                                mtd2
     132   0.054   -46.65544    0.00362                                mtd4
     133   0.054   -46.65544    0.00362                                md6
     134   0.054   -46.65544    0.00362                                mtd6
     135   0.055   -46.65544    0.00362                                mtd6
     136   0.055   -46.65544    0.00362                                md6
     137   0.055   -46.65544    0.00362                                md4
     138   0.055   -46.65544    0.00362                                mtd12
     139   0.055   -46.65544    0.00362                                mtd12
     140   0.055   -46.65544    0.00362                                md5
     141   0.055   -46.65544    0.00362                                mtd12
     142   0.056   -46.65544    0.00362                                mtd3
     143   0.056   -46.65544    0.00362                                mtd1
     144   0.056   -46.65544    0.00362                                md8
     145   0.056   -46.65544    0.00361                                mtd9
     146   0.056   -46.65544    0.00361                                mtd2
     147   0.056   -46.65544    0.00361                                mtd2
     148   0.056   -46.65544    0.00361                                mtd12
     149   0.056   -46.65544    0.00361                                mtd4
     150   0.057   -46.65544    0.00361                                mtd2
     151   0.057   -46.65544    0.00361                                md3
     152   0.057   -46.65544    0.00361                                mtd4
     153   0.057   -46.65544    0.00361                                mtd2
     154   0.057   -46.65544    0.00361                                mtd6
     155   0.057   -46.65544    0.00361                                mtd3
     156   0.057   -46.65544    0.00361                                md8
     157   0.057   -46.65543    0.00361                                mtd7
     158   0.057   -46.65543    0.00361                                mtd12
     159   0.058   -46.65543    0.00361                                mtd11
     160   0.058   -46.65543    0.00360                                mtd6
     161   0.058   -46.65543    0.00360                                mtd2
     162   0.058   -46.65543    0.00360                                mtd2
     163   0.058   -46.65543    0.00360                                mtd4
     164   0.059   -46.65543    0.00360                                mtd6
     165   0.059   -46.65543    0.00360                                mtd8
     166   0.059   -46.65543    0.00360                                md4
     167   0.059   -46.65543    0.00360                                mtd12
     168   0.060   -46.65543    0.00359                                md3
     169   0.060   -46.65543    0.00359                                md2
     170   0.061   -46.65543    0.00359                                mtd11
     171   0.061   -46.65543    0.00358                                mtd11
     172   0.063   -46.65543    0.00358                                mtd4
     173   0.063   -46.65543    0.00357                                mtd12
     174   0.063   -46.65543    0.00357                                md8
     175   0.063   -46.65543    0.00357                                mtd6
     176   0.063   -46.65543    0.00357                                md8
     177   0.063   -46.65543    0.00357                                mtd6
     178   0.063   -46.65543    0.00357                                md6
     179   0.064   -46.65542    0.00357                                mtd2
     180   0.064   -46.65542    0.00357                                mtd11
     181   0.065   -46.65542    0.00356                                mtd3
     182   0.066   -46.65542    0.00355                                mtd4
     183   0.067   -46.65542    0.00355                                md6
     184   0.067   -46.65542    0.00355                                mtd12
     185   0.068   -46.65542    0.00354                                md8
     186   0.070   -46.65542    0.00353                                md6
     187   0.071   -46.65541    0.00353                                mtd4
     188   0.073   -46.65541    0.00352                                mtd11
     189   0.076   -46.65540    0.00349                                mtd14
     190   0.078   -46.65540    0.00348                                md5
     191   0.080   -46.65540    0.00347                                mtd7
     192   0.081   -46.65540    0.00347                                mtd11
     193   0.081   -46.65540    0.00347                                md8
     194   0.081   -46.65540    0.00346                                md5
     195   0.083   -46.65539    0.00346                                mtd11
     196   0.084   -46.65539    0.00345                                mtd2
     197   0.085   -46.65539    0.00344                                mtd12
     198   0.086   -46.65539    0.00344                                mtd11
     199   0.087   -46.65539    0.00343                                md2
     200   0.087   -46.65539    0.00343                                mtd7
     201   0.096   -46.65537    0.00338                                md2
     202   0.101   -46.65537    0.00335                                md2
     203   0.101   -46.65537    0.00335                                mtd3
     204   0.101   -46.65537    0.00335                                md5
     205   0.101   -46.65537    0.00335                                md5
     206   0.101   -46.65537    0.00335                                md7
     207   0.101   -46.65536    0.00335                                mtd7
     208   0.102   -46.65536    0.00335    0.19003       3      58     gc
     209   0.102   -46.65536    0.00335                                md8
     210   0.102   -46.65536    0.00335                                mtd6
     211   0.102   -46.65536    0.00334                                md6
     212   0.103   -46.65536    0.00334                                md1
     213   0.103   -46.65536    0.00334                                mtd2
     214   0.103   -46.65536    0.00334                                gc
     215   0.104   -46.65536    0.00334                                md7
     216   0.104   -46.65536    0.00333                                mtd14
     217   0.104   -46.65536    0.00333                                mtd3
     218   0.104   -46.65536    0.00333                                md2
     219   0.105   -46.65536    0.00333                                mtd3
     220   0.105   -46.65536    0.00333                                md3
     221   0.105   -46.65536    0.00333                                md2
     222   0.105   -46.65536    0.00333                                md3
     223   0.105   -46.65536    0.00333                                mtd4
     224   0.106   -46.65536    0.00332                                mtd2
     225   0.106   -46.65536    0.00332                                md6
     226   0.107   -46.65536    0.00332                                md4
     227   0.107   -46.65536    0.00332                                mtd12
     228   0.107   -46.65536    0.00332                                mtd6
     229   0.108   -46.65535    0.00331                                md8
     230   0.109   -46.65535    0.00331                                mtd6
     231   0.109   -46.65535    0.00330                                md6
     232   0.109   -46.65535    0.00330                                md4
     233   0.109   -46.65535    0.00330                                md3
     234   0.109   -46.65535    0.00330                                md8
     235   0.110   -46.65535    0.00330                                mtd3
     236   0.110   -46.65535    0.00330                                md5
     237   0.110   -46.65535    0.00330                                md4
     238   0.111   -46.65535    0.00330                                mtd12
     239   0.111   -46.65535    0.00330                                mtd2
     240   0.111   -46.65535    0.00330                                md5
     241   0.111   -46.65535    0.00329                                mtd3
     242   0.112   -46.65535    0.00329                                mtd3
     243   0.112   -46.65535    0.00329                                md5
     244   0.112   -46.65535    0.00329                                md6
     245   0.112   -46.65535    0.00329                                md5
     246   0.113   -46.65535    0.00328                                mtd2
     247   0.113   -46.65535    0.00328                                mtd7
     248   0.114   -46.65535    0.00328                                mtd6
     249   0.115   -46.65534    0.00327                                mtd6
     250   0.117   -46.65534    0.00326                                mtd2
     251   0.120   -46.65534    0.00325                                md4
     252   0.120   -46.65534    0.00324                                md3
     253   0.121   -46.65533    0.00324                                md4
     254   0.122   -46.65533    0.00323                                md6
     255   0.126   -46.65533    0.00321                                md8
     256   0.126   -46.65533    0.00321                                md6
     257   0.130   -46.65532    0.00319                                mtd12
     258   0.133   -46.65532    0.00318                                mtd3
     259   0.136   -46.65531    0.00316                                mtd7
     260   0.136   -46.65531    0.00316                                mtd3
     261   0.141   -46.65530    0.00313                                mtd12
     262   0.144   -46.65530    0.00312                                mtd3
     263   0.146   -46.65529    0.00310                                mtd12
     264   0.149   -46.65529    0.00309                                md5
     265   0.151   -46.65529    0.00308                                mtd4
     266   0.158   -46.65528    0.00305    0.03573       4      12     mtd1
     267   0.159   -46.65527    0.00304                                mtd4
     268   0.159   -46.65527    0.00304                                md4
     269   0.159   -46.65527    0.00304                                md5
     270   0.160   -46.65527    0.00304                                mtd12
     271   0.161   -46.65527    0.00303                                mtd3
     272   0.162   -46.65527    0.00302                                md7
     273   0.179   -46.65524    0.00294                                mtd5
     274   0.179   -46.65524    0.00294                                md8
     275   0.181   -46.65524    0.00293                                md1
     276   0.195   -46.65522    0.00286                                mtd1
     277   0.202   -46.65521    0.00283                                md4
     278   0.214   -46.65519    0.00277    0.00552       5       2     mtd7
     279   0.218   -46.65518    0.00275                                mtd12
     280   5.184   -46.64726    0.00000    0.00002       6      29     mtd11
     281   5.185   -46.64726    0.00000                                gc
     282   5.185   -46.64726    0.00000                                mtd4
     283   5.185   -46.64726    0.00000                                mtd7
     284   5.185   -46.64726    0.00000                                mtd2
     285   5.185   -46.64726    0.00000                                mtd11
     286   5.185   -46.64726    0.00000                                mtd11
     287   5.186   -46.64726    0.00000                                mtd9
     288   5.186   -46.64726    0.00000                                mtd4
     289   5.186   -46.64726    0.00000                                mtd4
     290   5.186   -46.64726    0.00000                                mtd2
     291   5.187   -46.64726    0.00000                                mtd9
     292   5.194   -46.64725    0.00000                                mtd11
     293   5.194   -46.64725    0.00000                                mtd5
     294   5.187   -46.64726    0.00000                                mtd5
     295   5.195   -46.64725    0.00000                                mtd11
     296   5.188   -46.64726    0.00000                                mtd14
     297   5.206   -46.64723    0.00000                                mtd4
     298   5.188   -46.64726    0.00000                                mtd9
     299   5.189   -46.64726    0.00000                                mtd2
     300   5.195   -46.64725    0.00000                                mtd12
     301   5.195   -46.64725    0.00000                                mtd14
     302   5.189   -46.64726    0.00000                                mtd4
     303   5.196   -46.64725    0.00000                                mtd1
     304   5.190   -46.64726    0.00000                                mtd10
     305   5.196   -46.64725    0.00000                                mtd6
     306   5.190   -46.64726    0.00000                                mtd12
     307   5.196   -46.64725    0.00000                                mtd5
     308   5.191   -46.64725    0.00000                                mtd1
     309   5.196   -46.64725    0.00000    0.00002       7      33     mtd8
     310   5.197   -46.64725    0.00000                                mtd2
     311   5.208   -46.64723    0.00000                                mtd4
     312   5.209   -46.64723    0.00000                                mtd1
     313   5.197   -46.64724    0.00000                                mtd12
     314   5.197   -46.64724    0.00000                                mtd6
     315   5.197   -46.64724    0.00000                                mtd1
     316   5.197   -46.64724    0.00000                                mtd4
     317   5.209   -46.64723    0.00000                                mtd6
     318   5.210   -46.64722    0.00000                                mtd4
     319   5.197   -46.64724    0.00000                                mtd4
     320   5.210   -46.64722    0.00000                                mtd1
     321   5.191   -46.64725    0.00000                                mtd4
     322   5.227   -46.64720    0.00000                                mtd11
     323   5.210   -46.64722    0.00000                                mtd6
     324   5.198   -46.64724    0.00000                                mtd1
     325   5.210   -46.64722    0.00000                                mtd4
     326   5.191   -46.64725    0.00000                                mtd4
     327   5.198   -46.64724    0.00000                                mtd11
     328   5.211   -46.64722    0.00000                                mtd4
     329   5.198   -46.64724    0.00000                                mtd4
     330   5.191   -46.64725    0.00000                                mtd6
     331   5.199   -46.64724    0.00000                                mtd6
     332   5.213   -46.64722    0.00000                                mtd11
     333   5.229   -46.64719    0.00000                                mtd12
     334   5.213   -46.64722    0.00000                                mtd12
     335   5.214   -46.64722    0.00000                                mtd1
     336   5.192   -46.64725    0.00000                                gc
     337   5.201   -46.64724    0.00000                                mtd1
     338   5.201   -46.64724    0.00000                                mtd5
     339   5.202   -46.64724    0.00000                                mtd4
     340   5.192   -46.64725    0.00000                                mtd12
     341   5.214   -46.64722    0.00000                                mtd14
     342   5.192   -46.64725    0.00000    0.00000       8       1     mtd1
     343   5.193   -46.64725    0.00000    0.00001       9      19     mtd1
     344   5.217   -46.64721    0.00000                                mtd12
     345   5.218   -46.64721    0.00000                                mtd4
     346   5.231   -46.64719    0.00000                                mtd9
     347   5.232   -46.64719    0.00000                                mtd7
     348   5.202   -46.64724    0.00000                                mtd12
     349   5.202   -46.64724    0.00000                                mtd2
     350   5.203   -46.64724    0.00000                                mtd4
     351   5.203   -46.64724    0.00000                                mtd14
     352   5.218   -46.64721    0.00000                                mtd7
     353   5.233   -46.64719    0.00000                                mtd2
     354   5.203   -46.64723    0.00000                                mtd2
     355   5.203   -46.64723    0.00000                                mtd9
     356   5.204   -46.64723    0.00000                                mtd8
     357   5.193   -46.64725    0.00000                                mtd11
     358   5.221   -46.64721    0.00000                                mtd10
     359   5.194   -46.64725    0.00000                                mtd1
     360   5.240   -46.64718    0.00000                                mtd8
     361   5.204   -46.64723    0.00000                                mtd4
     362   5.240   -46.64718    0.00000    0.00000      10       8     mtd12
     363   5.204   -46.64723    0.00000                                mtd11
     364   5.222   -46.64720    0.00000                                mtd5
     365   5.205   -46.64723    0.00000                                mtd2
     366   5.206   -46.64723    0.00000                                mtd6
     367   5.222   -46.64720    0.00000                                mtd11
     368   5.225   -46.64720    0.00000                                mtd2
     369   5.240   -46.64718    0.00000                                mtd4
     370   5.249   -46.64716    0.00000    0.00000      11       4     mtd8
     371   5.263   -46.64714    0.00000                                mtd9
     372   5.271   -46.64713    0.00000                                mtd7
     373   5.276   -46.64712    0.00000                                mtd11
     374   5.279   -46.64711    0.00000    0.00000      12       6     mtd4
     375   5.250   -46.64716    0.00000                                mtd6
     376   5.280   -46.64711    0.00000                                mtd1
     377   5.283   -46.64711    0.00000                                mtd1
     378   5.282   -46.64711    0.00000                                mtd2
     379   5.254   -46.64715    0.00000                                mtd4
     380   5.261   -46.64714    0.00000    0.00000      13       1     mtd6
     381   5.304   -46.64707    0.00000    0.00000      14       1     mtd8
     382   5.328   -46.64704    0.00000    0.00000      15       2     mtd2
     383   5.331   -46.64703    0.00000                                mtd4
     384   5.408   -46.64691    0.00000    0.00000      16       1     mtd9
     385   5.427   -46.64688    0.00000    0.00000      17       2     mtd11
     386   5.429   -46.64687    0.00000                                mtd4
T /K                                  :   298.15
E lowest                              :   -46.65553
ensemble average energy (kcal)        :    0.060
ensemble entropy (J/mol K, cal/mol K) :   46.801   11.186
ensemble free energy (kcal/mol)       :   -3.335
population of lowest in %             :   34.252
 number of unique conformers for further calc           17
 list of relative energies saved as "crest.energies"

 -----------------
 Wall Time Summary
 -----------------
             test MD wall time :         0h : 0m : 6s
                 MTD wall time :         0h :14m :41s
      multilevel OPT wall time :         0h :40m :27s
                  MD wall time :         0h : 8m :50s
                  GC wall time :         0h : 2m : 5s
--------------------
Overall wall time  : 1h :11m :21s

 CREST terminated normally.
