****************************************************************
  Sure Independence Screening and Sparsifying Operator (SISSO)  
             Version SISSO.3.3, July, 2023.                
****************************************************************

Read in data from train.dat
Read in data from SISSO.in
Property type:     1
Number of tasks:        1
Descriptor dimension:        2
Number of samples for the task(s):     36
Restarts :  0
Number of scalar features:       19
Tier of the feature space:        3
Maximal feature complexity (number of operators in a feature):        6
Unit of input primary feature, each represented by a row vector: 
    1.00
    1.00
    1.00
    1.00
    1.00
    1.00
    1.00
    1.00
    1.00
    1.00
    1.00
    1.00
    1.00
    1.00
    1.00
    1.00
    1.00
    1.00
    1.00
The feature will be discarded if the minimum of the maximal abs. value in it <    0.10000E-02
The faature will be discarded if the maximum of the maximal abs. value in it >     0.10000E+06
Size of the SIS-selected (single) subspace :  10000 10000
Operators for feature construction: (+)(-)(*) (+)(-)(*) (+)(-)(*) 
Method for sparse regression:  L0        
Fitting intercept:      T
Metric for model selection: RMSE
Number of the top-ranked models to output:      100
--------------------------------------------------------------------------------

Dimension:   1
-------------------
Feature Construction (FC) starts ...
Population Standard Deviation (SD) of the task 001:   96.88779
Total number of features in the space phi00:             19
Total number of features in the space phi01:            628
Total number of features in the space phi02:         196409
Total number of features in the space phi03:     4751396120
Size of the SIS-selected subspace from phi03:      10000
Time (second) used for this FC:          877.20

Descriptor Identification (DI) starts ...
Total number of SIS-selected features from all dimensions:      10000
 
  1D descriptor: 
     d001 = ((feature19*(feature13-feature3))+((feature1-feature16)*(feature18-feature13)))    feature_ID:000001

  1D model(y=sum(ci*di)+c0): 
     coeff.(ci)_task001:     0.3115582733E+03
             c0_task001:     0.3097069090E+03
     RMSE,MaxAE_task001:     0.3664785683E+02    0.9630524603E+02

     RMSE and MaxAE of the model:  36.647857 96.305246
--------------------------------------------------------------------------------
Time (second) used for this DI:            0.15

Dimension:   2
-------------------
Feature Construction (FC) starts ...
Total number of features in the space phi00:             19
Total number of features in the space phi01:            628
Total number of features in the space phi02:         196409
Total number of features in the space phi03:     4751396120
Size of the SIS-selected subspace from phi03:      10000
Time (second) used for this FC:          876.84

Descriptor Identification (DI) starts ...
Total number of SIS-selected features from all dimensions:      20000
 
Final model/descriptor !
================================================================================
  2D descriptor: 
     d001 = ((feature16*(feature13-feature15))+((feature10-feature16)*(feature16+feature17)))    feature_ID:004313
     d002 = ((feature12*(feature10-feature12))*((feature14-feature17)-(feature2-feature4)))    feature_ID:016140

  2D model(y=sum(ci*di)+c0): 
     coeff.(ci)_task001:     0.1470662343E+03   -0.9310467504E+03
             c0_task001:     0.3110740546E+03
     RMSE,MaxAE_task001:     0.2575609205E+02    0.6362989376E+02

     RMSE and MaxAE of the model:  25.756092 63.629894
================================================================================
Time (second) used for this DI:           25.47
Total time (second):         1780.57
Have a nice day !    

