****************************************************************
  Sure Independence Screening and Sparsifying Operator (SISSO)  
             Version SISSO.3.3, July, 2023.                
****************************************************************

Read in data from train.dat
Read in data from SISSO.in
Property type:     1
Number of tasks:        1
Descriptor dimension:        2
Number of samples for the task(s):     36
Restarts :  0
Number of scalar features:       18
Tier of the feature space:        3
Maximal feature complexity (number of operators in a feature):        6
Unit of input primary feature, each represented by a row vector: 
    1.00
    1.00
    1.00
    1.00
    1.00
    1.00
    1.00
    1.00
    1.00
    1.00
    1.00
    1.00
    1.00
    1.00
    1.00
    1.00
    1.00
    1.00
The feature will be discarded if the minimum of the maximal abs. value in it <    0.10000E-02
The faature will be discarded if the maximum of the maximal abs. value in it >     0.10000E+06
Size of the SIS-selected (single) subspace :  10000 10000
Operators for feature construction: (+)(-)(*) (+)(-)(*) (+)(-)(*) 
Method for sparse regression:  L0        
Fitting intercept:      T
Metric for model selection: RMSE
Number of the top-ranked models to output:      100
--------------------------------------------------------------------------------

Dimension:   1
-------------------
Feature Construction (FC) starts ...
Population Standard Deviation (SD) of the task 001:   11.16088
Total number of features in the space phi00:             18
Total number of features in the space phi01:            563
Total number of features in the space phi02:         149800
Total number of features in the space phi03:     3020647064
Size of the SIS-selected subspace from phi03:      10000
Time (second) used for this FC:          507.38

Descriptor Identification (DI) starts ...
Total number of SIS-selected features from all dimensions:      10000
 
  1D descriptor: 
     d001 = (((feature12+feature17)-feature18)*((feature10+feature13)-(feature8+feature17)))    feature_ID:000001

  1D model(y=sum(ci*di)+c0): 
     coeff.(ci)_task001:     0.2941569661E+02
             c0_task001:     0.6280816473E+01
     RMSE,MaxAE_task001:     0.5185049337E+01    0.1439469342E+02

     RMSE and MaxAE of the model:   5.185049 14.394693
--------------------------------------------------------------------------------
Time (second) used for this DI:           11.67

Dimension:   2
-------------------
Feature Construction (FC) starts ...
Total number of features in the space phi00:             18
Total number of features in the space phi01:            563
Total number of features in the space phi02:         149800
Total number of features in the space phi03:     3020647064
Size of the SIS-selected subspace from phi03:      10000
Time (second) used for this FC:          492.57

Descriptor Identification (DI) starts ...
Total number of SIS-selected features from all dimensions:      20000
 
Final model/descriptor !
================================================================================
  2D descriptor: 
     d001 = (((feature12+feature17)-feature18)*((feature10+feature13)-(feature8+feature17)))    feature_ID:000001
     d002 = (((feature16-feature17)-feature17)*((feature10*feature14)-(feature11*feature16)))    feature_ID:010001

  2D model(y=sum(ci*di)+c0): 
     coeff.(ci)_task001:     0.2930006193E+02   -0.3051447579E+02
             c0_task001:     0.5604388915E+01
     RMSE,MaxAE_task001:     0.4250051526E+01    0.1515062453E+02

     RMSE and MaxAE of the model:   4.250052 15.150625
================================================================================
Time (second) used for this DI:           25.65
Total time (second):         1038.07
Have a nice day !    

