****************************************************************
  Sure Independence Screening and Sparsifying Operator (SISSO)  
             Version SISSO.3.3, July, 2023.                
****************************************************************

Read in data from train.dat
Read in data from SISSO.in
Property type:     1
Number of tasks:        1
Descriptor dimension:        2
Number of samples for the task(s):     36
Restarts :  0
Number of scalar features:       20
Tier of the feature space:        3
Maximal feature complexity (number of operators in a feature):        6
Unit of input primary feature, each represented by a row vector: 
    1.00
    1.00
    1.00
    1.00
    1.00
    1.00
    1.00
    1.00
    1.00
    1.00
    1.00
    1.00
    1.00
    1.00
    1.00
    1.00
    1.00
    1.00
    1.00
    1.00
The feature will be discarded if the minimum of the maximal abs. value in it <    0.10000E-02
The faature will be discarded if the maximum of the maximal abs. value in it >     0.10000E+06
Size of the SIS-selected (single) subspace :  10000 10000
Operators for feature construction: (+)(-)(*) (+)(-)(*) (+)(-)(*) 
Method for sparse regression:  L0        
Fitting intercept:      T
Metric for model selection: RMSE
Number of the top-ranked models to output:      100
--------------------------------------------------------------------------------

Dimension:   1
-------------------
Feature Construction (FC) starts ...
Population Standard Deviation (SD) of the task 001:   11.02198
Total number of features in the space phi00:             20
Total number of features in the space phi01:            707
Total number of features in the space phi02:         254794
Total number of features in the space phi03:     7419903468
Size of the SIS-selected subspace from phi03:      10000
Time (second) used for this FC:         1344.88

Descriptor Identification (DI) starts ...
Total number of SIS-selected features from all dimensions:      10000
 
  1D descriptor: 
     d001 = (((feature13+feature18)-feature19)*((feature10+feature20)-(feature8+feature18)))    feature_ID:000001

  1D model(y=sum(ci*di)+c0): 
     coeff.(ci)_task001:     0.2446919107E+02
             c0_task001:     0.6719392145E+01
     RMSE,MaxAE_task001:     0.5350059472E+01    0.1571667991E+02

     RMSE and MaxAE of the model:   5.350059 15.716680
--------------------------------------------------------------------------------
Time (second) used for this DI:            0.11

Dimension:   2
-------------------
Feature Construction (FC) starts ...
Total number of features in the space phi00:             20
Total number of features in the space phi01:            707
Total number of features in the space phi02:         254794
Total number of features in the space phi03:     7419903468
Size of the SIS-selected subspace from phi03:      10000
Time (second) used for this FC:         1349.87

Descriptor Identification (DI) starts ...
Total number of SIS-selected features from all dimensions:      20000
 
Final model/descriptor !
================================================================================
  2D descriptor: 
     d001 = (((feature13+feature18)-feature19)*((feature10+feature20)-(feature8+feature18)))    feature_ID:000001
     d002 = (((feature11+feature18)-feature14)*((feature10-feature14)*(feature15-feature18)))    feature_ID:010001

  2D model(y=sum(ci*di)+c0): 
     coeff.(ci)_task001:     0.2583460784E+02   -0.1302237916E+03
             c0_task001:     0.3881342604E+01
     RMSE,MaxAE_task001:     0.4243267048E+01    0.1089251706E+02

     RMSE and MaxAE of the model:   4.243267 10.892517
================================================================================
Time (second) used for this DI:           25.54
Total time (second):         2727.18
Have a nice day !    

