****************************************************************
  Sure Independence Screening and Sparsifying Operator (SISSO)  
             Version SISSO.3.3, July, 2023.                
****************************************************************

Read in data from train.dat
Read in data from SISSO.in
Property type:     1
Number of tasks:        1
Descriptor dimension:        2
Number of samples for the task(s):     36
Restarts :  0
Number of scalar features:       18
Tier of the feature space:        3
Maximal feature complexity (number of operators in a feature):        6
Unit of input primary feature, each represented by a row vector: 
    1.00
    1.00
    1.00
    1.00
    1.00
    1.00
    1.00
    1.00
    1.00
    1.00
    1.00
    1.00
    1.00
    1.00
    1.00
    1.00
    1.00
    1.00
The feature will be discarded if the minimum of the maximal abs. value in it <    0.10000E-02
The faature will be discarded if the maximum of the maximal abs. value in it >     0.10000E+06
Size of the SIS-selected (single) subspace :  10000 10000
Operators for feature construction: (+)(-)(*) (+)(-)(*) (+)(-)(*) 
Method for sparse regression:  L0        
Fitting intercept:      T
Metric for model selection: RMSE
Number of the top-ranked models to output:      100
--------------------------------------------------------------------------------

Dimension:   1
-------------------
Feature Construction (FC) starts ...
Population Standard Deviation (SD) of the task 001:   10.67065
Total number of features in the space phi00:             18
Total number of features in the space phi01:            573
Total number of features in the space phi02:         165800
Total number of features in the space phi03:     3517413317
Size of the SIS-selected subspace from phi03:      10000
Time (second) used for this FC:          589.77

Descriptor Identification (DI) starts ...
Total number of SIS-selected features from all dimensions:      10000
 
  1D descriptor: 
     d001 = (((feature1+feature12)-feature10)+((feature17-feature13)-(feature9-feature17)))    feature_ID:000001

  1D model(y=sum(ci*di)+c0): 
     coeff.(ci)_task001:    -0.9980893478E+01
             c0_task001:     0.1696333255E+02
     RMSE,MaxAE_task001:     0.5246309793E+01    0.1408466184E+02

     RMSE and MaxAE of the model:   5.246310 14.084662
--------------------------------------------------------------------------------
Time (second) used for this DI:            0.11

Dimension:   2
-------------------
Feature Construction (FC) starts ...
Total number of features in the space phi00:             18
Total number of features in the space phi01:            573
Total number of features in the space phi02:         165800
Total number of features in the space phi03:     3517413317
Size of the SIS-selected subspace from phi03:      10000
Time (second) used for this FC:          589.41

Descriptor Identification (DI) starts ...
Total number of SIS-selected features from all dimensions:      20000
 
Final model/descriptor !
================================================================================
  2D descriptor: 
     d001 = (((feature13+feature14)-feature17)*((feature1-feature9)-(feature9+feature16)))    feature_ID:004406
     d002 = (((feature11+feature14)-feature9)*((feature10-feature12)*(feature14-feature15)))    feature_ID:010152

  2D model(y=sum(ci*di)+c0): 
     coeff.(ci)_task001:    -0.9610519776E+01   -0.2480779149E+03
             c0_task001:     0.9939856169E+01
     RMSE,MaxAE_task001:     0.2369519501E+01    0.5510612905E+01

     RMSE and MaxAE of the model:   2.369520  5.510613
================================================================================
Time (second) used for this DI:           25.77
Total time (second):         1205.69
Have a nice day !    

