
       ==============================================
       |                                            |
       |                 C R E S T                  |
       |                                            |
       |  Conformer-Rotamer Ensemble Sampling Tool  |
       |          based on the GFN methods          |
       |             P.Pracht, S.Grimme             |
       |          Universitaet Bonn, MCTC           |
       ==============================================
       Version 2.12,   Thu 19. Mai 16:32:32 CEST 2022
  Using the xTB program. Compatible with xTB version 6.4.0

   Cite work conducted with this code as

   • P.Pracht, F.Bohle, S.Grimme, PCCP, 2020, 22, 7169-7192.
   • S.Grimme, JCTC, 2019, 15, 2847-2862.

   and for works involving QCG as

   • S.Spicher, C.Plett, P.Pracht, A.Hansen, S.Grimme,
     JCTC, 2022, 18 (5), 3174-3189.

   with help from:
   C.Bannwarth, F.Bohle, S.Ehlert, S.Grimme,
   C.Plett, P.Pracht, S.Spicher

   This program is distributed in the hope that it will be useful,
   but WITHOUT ANY WARRANTY; without even the implied warranty of
   MERCHANTABILITY or FITNESS FOR A PARTICULAR PURPOSE.

 Command line input:
 > crest out.xyz --gfn 2 --chrg 0 -T 1 --noreftopo

  -gfn2 : Use of GFN2-xTB requested.
  --chrg 0
  -T 1 (CPUs/Threads selected)

 -------------------------
 xTB Geometry Optimization
 -------------------------
 Geometry successfully optimized.

------------------------------------------------
Generating MTD length from a flexibility measure
------------------------------------------------
 Calculating WBOs... done.
 Calculating NCI flexibility... done.
     covalent flexibility measure :   0.303
 non-covalent flexibility measure :   0.765
 flexibility measure :   0.362
 t(MTD) / ps    :     6.0
 Σ(t(MTD)) / ps :    84.0 (14 MTDs)

-------------------------------------
Starting a trial MTD to test settings
-------------------------------------
 Estimated runtime for one MTD (6.0 ps) on a single thread: 25 min 16 sec
 Estimated runtime for a batch of 14 MTDs on 1 threads: 5 h 53 min 48 sec

 list of Vbias parameters applied:
$metadyn    0.00300   1.300
$metadyn    0.00150   1.300
$metadyn    0.00075   1.300
$metadyn    0.00300   0.780
$metadyn    0.00150   0.780
$metadyn    0.00075   0.780
$metadyn    0.00300   0.468
$metadyn    0.00150   0.468
$metadyn    0.00075   0.468
$metadyn    0.00300   0.281
$metadyn    0.00150   0.281
$metadyn    0.00075   0.281
$metadyn    0.00100   0.100
$metadyn    0.00500   0.800

*******************************************************************************************
**                        N E W    I T E R A T I O N    C Y C L E                        **
*******************************************************************************************

========================================
            MTD Iteration  1
========================================

     ========================================
     |         Meta-MD (MTD) Sampling       |
     ========================================

Starting Meta-MD  14 with the settings:
     MD time /ps        :     6.0
     dt /fs             :     5.0
     dumpstep(trj) /fs  :     100
     dumpstep(Vbias)/ps :     1.0
     Vbias factor k /Eh :  0.1450
     Vbias exp α /bohr⁻²:    0.80
*Meta-MTD 14 finished*
Starting Meta-MD  13 with the settings:
     MD time /ps        :     6.0
     dt /fs             :     5.0
     dumpstep(trj) /fs  :     100
     dumpstep(Vbias)/ps :     1.0
     Vbias factor k /Eh :  0.0290
     Vbias exp α /bohr⁻²:    0.10
*Meta-MTD 13 finished*
Starting Meta-MD  12 with the settings:
     MD time /ps        :     6.0
     dt /fs             :     5.0
     dumpstep(trj) /fs  :     100
     dumpstep(Vbias)/ps :     1.0
     Vbias factor k /Eh :  0.0218
     Vbias exp α /bohr⁻²:    0.28
*Meta-MTD 12 finished*
Starting Meta-MD  11 with the settings:
     MD time /ps        :     6.0
     dt /fs             :     5.0
     dumpstep(trj) /fs  :     100
     dumpstep(Vbias)/ps :     1.0
     Vbias factor k /Eh :  0.0435
     Vbias exp α /bohr⁻²:    0.28
*Meta-MTD 11 finished*
Starting Meta-MD  10 with the settings:
     MD time /ps        :     6.0
     dt /fs             :     5.0
     dumpstep(trj) /fs  :     100
     dumpstep(Vbias)/ps :     1.0
     Vbias factor k /Eh :  0.0870
     Vbias exp α /bohr⁻²:    0.28
*Meta-MTD 10 finished*
Starting Meta-MD   9 with the settings:
     MD time /ps        :     6.0
     dt /fs             :     5.0
     dumpstep(trj) /fs  :     100
     dumpstep(Vbias)/ps :     1.0
     Vbias factor k /Eh :  0.0218
     Vbias exp α /bohr⁻²:    0.47
*Meta-MTD 9 finished*
Starting Meta-MD   8 with the settings:
     MD time /ps        :     6.0
     dt /fs             :     5.0
     dumpstep(trj) /fs  :     100
     dumpstep(Vbias)/ps :     1.0
     Vbias factor k /Eh :  0.0435
     Vbias exp α /bohr⁻²:    0.47
*Meta-MTD 8 finished*
Starting Meta-MD   7 with the settings:
     MD time /ps        :     6.0
     dt /fs             :     5.0
     dumpstep(trj) /fs  :     100
     dumpstep(Vbias)/ps :     1.0
     Vbias factor k /Eh :  0.0870
     Vbias exp α /bohr⁻²:    0.47
*Meta-MTD 7 finished*
Starting Meta-MD   6 with the settings:
     MD time /ps        :     6.0
     dt /fs             :     5.0
     dumpstep(trj) /fs  :     100
     dumpstep(Vbias)/ps :     1.0
     Vbias factor k /Eh :  0.0218
     Vbias exp α /bohr⁻²:    0.78
*Meta-MTD 6 finished*
Starting Meta-MD   5 with the settings:
     MD time /ps        :     6.0
     dt /fs             :     5.0
     dumpstep(trj) /fs  :     100
     dumpstep(Vbias)/ps :     1.0
     Vbias factor k /Eh :  0.0435
     Vbias exp α /bohr⁻²:    0.78
*Meta-MTD 5 finished*
Starting Meta-MD   4 with the settings:
     MD time /ps        :     6.0
     dt /fs             :     5.0
     dumpstep(trj) /fs  :     100
     dumpstep(Vbias)/ps :     1.0
     Vbias factor k /Eh :  0.0870
     Vbias exp α /bohr⁻²:    0.78
*Meta-MTD 4 finished*
Starting Meta-MD   3 with the settings:
     MD time /ps        :     6.0
     dt /fs             :     5.0
     dumpstep(trj) /fs  :     100
     dumpstep(Vbias)/ps :     1.0
     Vbias factor k /Eh :  0.0218
     Vbias exp α /bohr⁻²:    1.30
*Meta-MTD 3 finished*
Starting Meta-MD   2 with the settings:
     MD time /ps        :     6.0
     dt /fs             :     5.0
     dumpstep(trj) /fs  :     100
     dumpstep(Vbias)/ps :     1.0
     Vbias factor k /Eh :  0.0435
     Vbias exp α /bohr⁻²:    1.30
*Meta-MTD 2 finished*
Starting Meta-MD   1 with the settings:
     MD time /ps        :     6.0
     dt /fs             :     5.0
     dumpstep(trj) /fs  :     100
     dumpstep(Vbias)/ps :     1.0
     Vbias factor k /Eh :  0.0870
     Vbias exp α /bohr⁻²:    1.30
*Meta-MTD 1 finished*

-----------------------
Multilevel Optimization
-----------------------

 -------------------------
 1. crude pre-optimization
 -------------------------
 Optimizing all 826 structures from file "crest_rotamers_0.xyz" ...
 1 2 3 4 5 6 7 8 9 10 11 12 13 14 15 16 17 18 19 20 21 22 23 24 25 26 27 28 29 30 31 32 33 34 35 36 37 38 39 40 41 42 43 44 45 46 47 48 49 50 51 52 53 54 55 56 57 58 59 60 61 62 63 64 65 66 67 68 69 70 71 72 73 74 75 76 77 78 79 80 81 82 83 84 85 86 87 88 89 90 91 92 93 94 95 96 97 98 99 100 101 102 103 104 105 106 107 108 109 110 111 112 113 114 115 116 117 118 119 120 121 122 123 124 125 126 127 128 129 130 131 132 133 134 135 136 137 138 139 140 141 142 143 144 145 146 147 148 149 150 151 152 153 154 155 156 157 158 159 160 161 162 163 164 165 166 167 168 169 170 171 172 173 174 175 176 177 178 179 180 181 182 183 184 185 186 187 188 189 190 191 192 193 194 195 196 197 198 199 200 201 202 203 204 205 206 207 208 209 210 211 212 213 214 215 216 217 218 219 220 221 222 223 224 225 226 227 228 229 230 231 232 233 234 235 236 237 238 239 240 241 242 243 244 245 246 247 248 249 250 251 252 253 254 255 256 257 258 259 260 261 262 263 264 265 266 267 268 269 270 271 272 273 274 275 276 277 278 279 280 281 282 283 284 285 286 287 288 289 290 291 292 293 294 295 296 297 298 299 300 301 302 303 304 305 306 307 308 309 310 311 312 313 314 315 316 317 318 319 320 321 322 323 324 325 326 327 328 329 330 331 332 333 334 335 336 337 338 339 340 341 342 343 344 345 346 347 348 349 350 351 352 353 354 355 356 357 358 359 360 361 362 363 364 365 366 367 368 369 370 371 372 373 374 375 376 377 378 379 380 381 382 383 384 385 386 387 388 389 390 391 392 393 394 395 396 397 398 399 400 401 402 403 404 405 406 407 408 409 410 411 412 413 414 415 416 417 418 419 420 421 422 423 424 425 426 427 428 429 430 431 432 433 434 435 436 437 438 439 440 441 442 443 444 445 446 447 448 449 450 451 452 453 454 455 456 457 458 459 460 461 462 463 464 465 466 467 468 469 470 471 472 473 474 475 476 477 478 479 480 481 482 483 484 485 486 487 488 489 490 491 492 493 494 495 496 497 498 499 500 501 502 503 504 505 506 507 508 509 510 511 512 513 514 515 516 517 518 519 520 521 522 523 524 525 526 527 528 529 530 531 532 533 534 535 536 537 538 539 540 541 542 543 544 545 546 547 548 549 550 551 552 553 554 555 556 557 558 559 560 561 562 563 564 565 566 567 568 569 570 571 572 573 574 575 576 577 578 579 580 581 582 583 584 585 586 587 588 589 590 591 592 593 594 595 596 597 598 599 600 601 602 603 604 605 606 607 608 609 610 611 612 613 614 615 616 617 618 619 620 621 622 623 624 625 626 627 628 629 630 631 632 633 634 635 636 637 638 639 640 641 642 643 644 645 646 647 648 649 650 651 652 653 654 655 656 657 658 659 660 661 662 663 664 665 666 667 668 669 670 671 672 673 674 675 676 677 678 679 680 681 682 683 684 685 686 687 688 689 690 691 692 693 694 695 696 697 698 699 700 701 702 703 704 705 706 707 708 709 710 711 712 713 714 715 716 717 718 719 720 721 722 723 724 725 726 727 728 729 730 731 732 733 734 735 736 737 738 739 740 741 742 743 744 745 746 747 748 749 750 751 752 753 754 755 756 757 758 759 760 761 762 763 764 765 766 767 768 769 770 771 772 773 774 775 776 777 778 779 780 781 782 783 784 785 786 787 788 789 790 791 792 793 794 795 796 797 798 799 800 801 802 803 804 805 806 807 808 809 810 811 812 813 814 815 816 817 818 819 820 821 822 823 824 825 826
 done.
 running RMSDs...
 done.
 E lowest :   -29.48404
 762 structures remain within    12.00 kcal/mol window

 -------------------------------------
 2. optimization with tight thresholds
 -------------------------------------
 Optimizing all 763 structures from file "crest_rotamers_1.xyz" ...
 1 2 3 4 5 6 7 8 9 10 11 12 13 14 15 16 17 18 19 20 21 22 23 24 25 26 27 28 29 30 31 32 33 34 35 36 37 38 39 40 41 42 43 44 45 46 47 48 49 50 51 52 53 54 55 56 57 58 59 60 61 62 63 64 65 66 67 68 69 70 71 72 73 74 75 76 77 78 79 80 81 82 83 84 85 86 87 88 89 90 91 92 93 94 95 96 97 98 99 100 101 102 103 104 105 106 107 108 109 110 111 112 113 114 115 116 117 118 119 120 121 122 123 124 125 126 127 128 129 130 131 132 133 134 135 136 137 138 139 140 141 142 143 144 145 146 147 148 149 150 151 152 153 154 155 156 157 158 159 160 161 162 163 164 165 166 167 168 169 170 171 172 173 174 175 176 177 178 179 180 181 182 183 184 185 186 187 188 189 190 191 192 193 194 195 196 197 198 199 200 201 202 203 204 205 206 207 208 209 210 211 212 213 214 215 216 217 218 219 220 221 222 223 224 225 226 227 228 229 230 231 232 233 234 235 236 237 238 239 240 241 242 243 244 245 246 247 248 249 250 251 252 253 254 255 256 257 258 259 260 261 262 263 264 265 266 267 268 269 270 271 272 273 274 275 276 277 278 279 280 281 282 283 284 285 286 287 288 289 290 291 292 293 294 295 296 297 298 299 300 301 302 303 304 305 306 307 308 309 310 311 312 313 314 315 316 317 318 319 320 321 322 323 324 325 326 327 328 329 330 331 332 333 334 335 336 337 338 339 340 341 342 343 344 345 346 347 348 349 350 351 352 353 354 355 356 357 358 359 360 361 362 363 364 365 366 367 368 369 370 371 372 373 374 375 376 377 378 379 380 381 382 383 384 385 386 387 388 389 390 391 392 393 394 395 396 397 398 399 400 401 402 403 404 405 406 407 408 409 410 411 412 413 414 415 416 417 418 419 420 421 422 423 424 425 426 427 428 429 430 431 432 433 434 435 436 437 438 439 440 441 442 443 444 445 446 447 448 449 450 451 452 453 454 455 456 457 458 459 460 461 462 463 464 465 466 467 468 469 470 471 472 473 474 475 476 477 478 479 480 481 482 483 484 485 486 487 488 489 490 491 492 493 494 495 496 497 498 499 500 501 502 503 504 505 506 507 508 509 510 511 512 513 514 515 516 517 518 519 520 521 522 523 524 525 526 527 528 529 530 531 532 533 534 535 536 537 538 539 540 541 542 543 544 545 546 547 548 549 550 551 552 553 554 555 556 557 558 559 560 561 562 563 564 565 566 567 568 569 570 571 572 573 574 575 576 577 578 579 580 581 582 583 584 585 586 587 588 589 590 591 592 593 594 595 596 597 598 599 600 601 602 603 604 605 606 607 608 609 610 611 612 613 614 615 616 617 618 619 620 621 622 623 624 625 626 627 628 629 630 631 632 633 634 635 636 637 638 639 640 641 642 643 644 645 646 647 648 649 650 651 652 653 654 655 656 657 658 659 660 661 662 663 664 665 666 667 668 669 670 671 672 673 674 675 676 677 678 679 680 681 682 683 684 685 686 687 688 689 690 691 692 693 694 695 696 697 698 699 700 701 702 703 704 705 706 707 708 709 710 711 712 713 714 715 716 717 718 719 720 721 722 723 724 725 726 727 728 729 730 731 732 733 734 735 736 737 738 739 740 741 742 743 744 745 746 747 748 749 750 751 752 753 754 755 756 757 758 759 760 761 762 763
 done.
 running RMSDs...
 done.
 E lowest :   -29.48416
 419 structures remain within     6.00 kcal/mol window


========================================
            MTD Iteration  2
========================================

     ========================================
     |         Meta-MD (MTD) Sampling       |
     ========================================

Starting Meta-MD  12 with the settings:
     MD time /ps        :     6.0
     dt /fs             :     5.0
     dumpstep(trj) /fs  :     100
     dumpstep(Vbias)/ps :     1.0
     Vbias factor k /Eh :  0.0218
     Vbias exp α /bohr⁻²:    0.28
*Meta-MTD 12 finished*
Starting Meta-MD  11 with the settings:
     MD time /ps        :     6.0
     dt /fs             :     5.0
     dumpstep(trj) /fs  :     100
     dumpstep(Vbias)/ps :     1.0
     Vbias factor k /Eh :  0.0435
     Vbias exp α /bohr⁻²:    0.28
*Meta-MTD 11 finished*
Starting Meta-MD  10 with the settings:
     MD time /ps        :     6.0
     dt /fs             :     5.0
     dumpstep(trj) /fs  :     100
     dumpstep(Vbias)/ps :     1.0
     Vbias factor k /Eh :  0.0870
     Vbias exp α /bohr⁻²:    0.28
*Meta-MTD 10 finished*
Starting Meta-MD   9 with the settings:
     MD time /ps        :     6.0
     dt /fs             :     5.0
     dumpstep(trj) /fs  :     100
     dumpstep(Vbias)/ps :     1.0
     Vbias factor k /Eh :  0.0218
     Vbias exp α /bohr⁻²:    0.47
*Meta-MTD 9 finished*
Starting Meta-MD   8 with the settings:
     MD time /ps        :     6.0
     dt /fs             :     5.0
     dumpstep(trj) /fs  :     100
     dumpstep(Vbias)/ps :     1.0
     Vbias factor k /Eh :  0.0435
     Vbias exp α /bohr⁻²:    0.47
*Meta-MTD 8 finished*
Starting Meta-MD   7 with the settings:
     MD time /ps        :     6.0
     dt /fs             :     5.0
     dumpstep(trj) /fs  :     100
     dumpstep(Vbias)/ps :     1.0
     Vbias factor k /Eh :  0.0870
     Vbias exp α /bohr⁻²:    0.47
*Meta-MTD 7 finished*
Starting Meta-MD   6 with the settings:
     MD time /ps        :     6.0
     dt /fs             :     5.0
     dumpstep(trj) /fs  :     100
     dumpstep(Vbias)/ps :     1.0
     Vbias factor k /Eh :  0.0218
     Vbias exp α /bohr⁻²:    0.78
*Meta-MTD 6 finished*
Starting Meta-MD   5 with the settings:
     MD time /ps        :     6.0
     dt /fs             :     5.0
     dumpstep(trj) /fs  :     100
     dumpstep(Vbias)/ps :     1.0
     Vbias factor k /Eh :  0.0435
     Vbias exp α /bohr⁻²:    0.78
*Meta-MTD 5 finished*
Starting Meta-MD   4 with the settings:
     MD time /ps        :     6.0
     dt /fs             :     5.0
     dumpstep(trj) /fs  :     100
     dumpstep(Vbias)/ps :     1.0
     Vbias factor k /Eh :  0.0870
     Vbias exp α /bohr⁻²:    0.78
*Meta-MTD 4 finished*
Starting Meta-MD   3 with the settings:
     MD time /ps        :     6.0
     dt /fs             :     5.0
     dumpstep(trj) /fs  :     100
     dumpstep(Vbias)/ps :     1.0
     Vbias factor k /Eh :  0.0218
     Vbias exp α /bohr⁻²:    1.30
*Meta-MTD 3 finished*
Starting Meta-MD   2 with the settings:
     MD time /ps        :     6.0
     dt /fs             :     5.0
     dumpstep(trj) /fs  :     100
     dumpstep(Vbias)/ps :     1.0
     Vbias factor k /Eh :  0.0435
     Vbias exp α /bohr⁻²:    1.30
*Meta-MTD 2 finished*
Starting Meta-MD   1 with the settings:
     MD time /ps        :     6.0
     dt /fs             :     5.0
     dumpstep(trj) /fs  :     100
     dumpstep(Vbias)/ps :     1.0
     Vbias factor k /Eh :  0.0870
     Vbias exp α /bohr⁻²:    1.30
*Meta-MTD 1 finished*

-----------------------
Multilevel Optimization
-----------------------

 -------------------------
 1. crude pre-optimization
 -------------------------
 Optimizing all 708 structures from file "crest_rotamers_0.xyz" ...
 1 2 3 4 5 6 7 8 9 10 11 12 13 14 15 16 17 18 19 20 21 22 23 24 25 26 27 28 29 30 31 32 33 34 35 36 37 38 39 40 41 42 43 44 45 46 47 48 49 50 51 52 53 54 55 56 57 58 59 60 61 62 63 64 65 66 67 68 69 70 71 72 73 74 75 76 77 78 79 80 81 82 83 84 85 86 87 88 89 90 91 92 93 94 95 96 97 98 99 100 101 102 103 104 105 106 107 108 109 110 111 112 113 114 115 116 117 118 119 120 121 122 123 124 125 126 127 128 129 130 131 132 133 134 135 136 137 138 139 140 141 142 143 144 145 146 147 148 149 150 151 152 153 154 155 156 157 158 159 160 161 162 163 164 165 166 167 168 169 170 171 172 173 174 175 176 177 178 179 180 181 182 183 184 185 186 187 188 189 190 191 192 193 194 195 196 197 198 199 200 201 202 203 204 205 206 207 208 209 210 211 212 213 214 215 216 217 218 219 220 221 222 223 224 225 226 227 228 229 230 231 232 233 234 235 236 237 238 239 240 241 242 243 244 245 246 247 248 249 250 251 252 253 254 255 256 257 258 259 260 261 262 263 264 265 266 267 268 269 270 271 272 273 274 275 276 277 278 279 280 281 282 283 284 285 286 287 288 289 290 291 292 293 294 295 296 297 298 299 300 301 302 303 304 305 306 307 308 309 310 311 312 313 314 315 316 317 318 319 320 321 322 323 324 325 326 327 328 329 330 331 332 333 334 335 336 337 338 339 340 341 342 343 344 345 346 347 348 349 350 351 352 353 354 355 356 357 358 359 360 361 362 363 364 365 366 367 368 369 370 371 372 373 374 375 376 377 378 379 380 381 382 383 384 385 386 387 388 389 390 391 392 393 394 395 396 397 398 399 400 401 402 403 404 405 406 407 408 409 410 411 412 413 414 415 416 417 418 419 420 421 422 423 424 425 426 427 428 429 430 431 432 433 434 435 436 437 438 439 440 441 442 443 444 445 446 447 448 449 450 451 452 453 454 455 456 457 458 459 460 461 462 463 464 465 466 467 468 469 470 471 472 473 474 475 476 477 478 479 480 481 482 483 484 485 486 487 488 489 490 491 492 493 494 495 496 497 498 499 500 501 502 503 504 505 506 507 508 509 510 511 512 513 514 515 516 517 518 519 520 521 522 523 524 525 526 527 528 529 530 531 532 533 534 535 536 537 538 539 540 541 542 543 544 545 546 547 548 549 550 551 552 553 554 555 556 557 558 559 560 561 562 563 564 565 566 567 568 569 570 571 572 573 574 575 576 577 578 579 580 581 582 583 584 585 586 587 588 589 590 591 592 593 594 595 596 597 598 599 600 601 602 603 604 605 606 607 608 609 610 611 612 613 614 615 616 617 618 619 620 621 622 623 624 625 626 627 628 629 630 631 632 633 634 635 636 637 638 639 640 641 642 643 644 645 646 647 648 649 650 651 652 653 654 655 656 657 658 659 660 661 662 663 664 665 666 667 668 669 670 671 672 673 674 675 676 677 678 679 680 681 682 683 684 685 686 687 688 689 690 691 692 693 694 695 696 697 698 699 700 701 702 703 704 705 706 707 708
 done.
 running RMSDs...
 done.
 E lowest :   -29.48406
 628 structures remain within    12.00 kcal/mol window

 -------------------------------------
 2. optimization with tight thresholds
 -------------------------------------
 Optimizing all 629 structures from file "crest_rotamers_1.xyz" ...
 1 2 3 4 5 6 7 8 9 10 11 12 13 14 15 16 17 18 19 20 21 22 23 24 25 26 27 28 29 30 31 32 33 34 35 36 37 38 39 40 41 42 43 44 45 46 47 48 49 50 51 52 53 54 55 56 57 58 59 60 61 62 63 64 65 66 67 68 69 70 71 72 73 74 75 76 77 78 79 80 81 82 83 84 85 86 87 88 89 90 91 92 93 94 95 96 97 98 99 100 101 102 103 104 105 106 107 108 109 110 111 112 113 114 115 116 117 118 119 120 121 122 123 124 125 126 127 128 129 130 131 132 133 134 135 136 137 138 139 140 141 142 143 144 145 146 147 148 149 150 151 152 153 154 155 156 157 158 159 160 161 162 163 164 165 166 167 168 169 170 171 172 173 174 175 176 177 178 179 180 181 182 183 184 185 186 187 188 189 190 191 192 193 194 195 196 197 198 199 200 201 202 203 204 205 206 207 208 209 210 211 212 213 214 215 216 217 218 219 220 221 222 223 224 225 226 227 228 229 230 231 232 233 234 235 236 237 238 239 240 241 242 243 244 245 246 247 248 249 250 251 252 253 254 255 256 257 258 259 260 261 262 263 264 265 266 267 268 269 270 271 272 273 274 275 276 277 278 279 280 281 282 283 284 285 286 287 288 289 290 291 292 293 294 295 296 297 298 299 300 301 302 303 304 305 306 307 308 309 310 311 312 313 314 315 316 317 318 319 320 321 322 323 324 325 326 327 328 329 330 331 332 333 334 335 336 337 338 339 340 341 342 343 344 345 346 347 348 349 350 351 352 353 354 355 356 357 358 359 360 361 362 363 364 365 366 367 368 369 370 371 372 373 374 375 376 377 378 379 380 381 382 383 384 385 386 387 388 389 390 391 392 393 394 395 396 397 398 399 400 401 402 403 404 405 406 407 408 409 410 411 412 413 414 415 416 417 418 419 420 421 422 423 424 425 426 427 428 429 430 431 432 433 434 435 436 437 438 439 440 441 442 443 444 445 446 447 448 449 450 451 452 453 454 455 456 457 458 459 460 461 462 463 464 465 466 467 468 469 470 471 472 473 474 475 476 477 478 479 480 481 482 483 484 485 486 487 488 489 490 491 492 493 494 495 496 497 498 499 500 501 502 503 504 505 506 507 508 509 510 511 512 513 514 515 516 517 518 519 520 521 522 523 524 525 526 527 528 529 530 531 532 533 534 535 536 537 538 539 540 541 542 543 544 545 546 547 548 549 550 551 552 553 554 555 556 557 558 559 560 561 562 563 564 565 566 567 568 569 570 571 572 573 574 575 576 577 578 579 580 581 582 583 584 585 586 587 588 589 590 591 592 593 594 595 596 597 598 599 600 601 602 603 604 605 606 607 608 609 610 611 612 613 614 615 616 617 618 619 620 621 622 623 624 625 626 627 628 629
 done.
 running RMSDs...
 done.
 E lowest :   -29.48416
 330 structures remain within     6.00 kcal/mol window

========================================
            MTD Iterations done         
========================================
 Collecting ensmbles.
 running RMSDs...
 done.
 E lowest :   -29.48416
 743 structures remain within     6.00 kcal/mol window

-----------------------------------------------
Additional regular MDs on lowest 4 conformer(s)
-----------------------------------------------
Starting MD   8 with the settings:
     MD time /ps        :     3.0
     MD Temperature /K  :   500.0
     dt /fs             :     5.0
     dumpstep(trj) /fs  :     100
*MD 8 finished*
Starting MD   7 with the settings:
     MD time /ps        :     3.0
     MD Temperature /K  :   400.0
     dt /fs             :     5.0
     dumpstep(trj) /fs  :     100
*MD 7 finished*
Starting MD   6 with the settings:
     MD time /ps        :     3.0
     MD Temperature /K  :   500.0
     dt /fs             :     5.0
     dumpstep(trj) /fs  :     100
*MD 6 finished*
Starting MD   5 with the settings:
     MD time /ps        :     3.0
     MD Temperature /K  :   400.0
     dt /fs             :     5.0
     dumpstep(trj) /fs  :     100
*MD 5 finished*
Starting MD   4 with the settings:
     MD time /ps        :     3.0
     MD Temperature /K  :   500.0
     dt /fs             :     5.0
     dumpstep(trj) /fs  :     100
*MD 4 finished*
Starting MD   3 with the settings:
     MD time /ps        :     3.0
     MD Temperature /K  :   400.0
     dt /fs             :     5.0
     dumpstep(trj) /fs  :     100
*MD 3 finished*
Starting MD   2 with the settings:
     MD time /ps        :     3.0
     MD Temperature /K  :   500.0
     dt /fs             :     5.0
     dumpstep(trj) /fs  :     100
*MD 2 finished*
Starting MD   1 with the settings:
     MD time /ps        :     3.0
     MD Temperature /K  :   400.0
     dt /fs             :     5.0
     dumpstep(trj) /fs  :     100
*MD 1 finished*
 Appending file crest_rotamers_1.xyz with new structures

 -------------------------------------------
 Ensemble optimization with tight thresholds
 -------------------------------------------
 Optimizing all 975 structures from file "crest_rotamers_1.xyz" ...
 1 2 3 4 5 6 7 8 9 10 11 12 13 14 15 16 17 18 19 20 21 22 23 24 25 26 27 28 29 30 31 32 33 34 35 36 37 38 39 40 41 42 43 44 45 46 47 48 49 50 51 52 53 54 55 56 57 58 59 60 61 62 63 64 65 66 67 68 69 70 71 72 73 74 75 76 77 78 79 80 81 82 83 84 85 86 87 88 89 90 91 92 93 94 95 96 97 98 99 100 101 102 103 104 105 106 107 108 109 110 111 112 113 114 115 116 117 118 119 120 121 122 123 124 125 126 127 128 129 130 131 132 133 134 135 136 137 138 139 140 141 142 143 144 145 146 147 148 149 150 151 152 153 154 155 156 157 158 159 160 161 162 163 164 165 166 167 168 169 170 171 172 173 174 175 176 177 178 179 180 181 182 183 184 185 186 187 188 189 190 191 192 193 194 195 196 197 198 199 200 201 202 203 204 205 206 207 208 209 210 211 212 213 214 215 216 217 218 219 220 221 222 223 224 225 226 227 228 229 230 231 232 233 234 235 236 237 238 239 240 241 242 243 244 245 246 247 248 249 250 251 252 253 254 255 256 257 258 259 260 261 262 263 264 265 266 267 268 269 270 271 272 273 274 275 276 277 278 279 280 281 282 283 284 285 286 287 288 289 290 291 292 293 294 295 296 297 298 299 300 301 302 303 304 305 306 307 308 309 310 311 312 313 314 315 316 317 318 319 320 321 322 323 324 325 326 327 328 329 330 331 332 333 334 335 336 337 338 339 340 341 342 343 344 345 346 347 348 349 350 351 352 353 354 355 356 357 358 359 360 361 362 363 364 365 366 367 368 369 370 371 372 373 374 375 376 377 378 379 380 381 382 383 384 385 386 387 388 389 390 391 392 393 394 395 396 397 398 399 400 401 402 403 404 405 406 407 408 409 410 411 412 413 414 415 416 417 418 419 420 421 422 423 424 425 426 427 428 429 430 431 432 433 434 435 436 437 438 439 440 441 442 443 444 445 446 447 448 449 450 451 452 453 454 455 456 457 458 459 460 461 462 463 464 465 466 467 468 469 470 471 472 473 474 475 476 477 478 479 480 481 482 483 484 485 486 487 488 489 490 491 492 493 494 495 496 497 498 499 500 501 502 503 504 505 506 507 508 509 510 511 512 513 514 515 516 517 518 519 520 521 522 523 524 525 526 527 528 529 530 531 532 533 534 535 536 537 538 539 540 541 542 543 544 545 546 547 548 549 550 551 552 553 554 555 556 557 558 559 560 561 562 563 564 565 566 567 568 569 570 571 572 573 574 575 576 577 578 579 580 581 582 583 584 585 586 587 588 589 590 591 592 593 594 595 596 597 598 599 600 601 602 603 604 605 606 607 608 609 610 611 612 613 614 615 616 617 618 619 620 621 622 623 624 625 626 627 628 629 630 631 632 633 634 635 636 637 638 639 640 641 642 643 644 645 646 647 648 649 650 651 652 653 654 655 656 657 658 659 660 661 662 663 664 665 666 667 668 669 670 671 672 673 674 675 676 677 678 679 680 681 682 683 684 685 686 687 688 689 690 691 692 693 694 695 696 697 698 699 700 701 702 703 704 705 706 707 708 709 710 711 712 713 714 715 716 717 718 719 720 721 722 723 724 725 726 727 728 729 730 731 732 733 734 735 736 737 738 739 740 741 742 743 744 745 746 747 748 749 750 751 752 753 754 755 756 757 758 759 760 761 762 763 764 765 766 767 768 769 770 771 772 773 774 775 776 777 778 779 780 781 782 783 784 785 786 787 788 789 790 791 792 793 794 795 796 797 798 799 800 801 802 803 804 805 806 807 808 809 810 811 812 813 814 815 816 817 818 819 820 821 822 823 824 825 826 827 828 829 830 831 832 833 834 835 836 837 838 839 840 841 842 843 844 845 846 847 848 849 850 851 852 853 854 855 856 857 858 859 860 861 862 863 864 865 866 867 868 869 870 871 872 873 874 875 876 877 878 879 880 881 882 883 884 885 886 887 888 889 890 891 892 893 894 895 896 897 898 899 900 901 902 903 904 905 906 907 908 909 910 911 912 913 914 915 916 917 918 919 920 921 922 923 924 925 926 927 928 929 930 931 932 933 934 935 936 937 938 939 940 941 942 943 944 945 946 947 948 949 950 951 952 953 954 955 956 957 958 959 960 961 962 963 964 965 966 967 968 969 970 971 972 973 974 975
 done.
 running RMSDs...
 done.
 E lowest :   -29.48416
 769 structures remain within     6.00 kcal/mol window


     ========================================
     |        Structure Crossing (GC)       |
     ========================================
 =============================
  # threads =           1
 =============================
 input  file name : crest_rotamers_3.xyz
number of atoms                :    29
number of points on xyz files  :   769
conformer energy window  /kcal :    6.00
CN per atom difference cut-off :  0.3000
RMSD threshold                 :  0.2500
max. # of generated structures : 300
 reading xyz file ...
 # in E window                769
 generating pairs ...      296064
  13.0 % done
  26.0 % done
  39.0 % done
  52.0 % done
  65.0 % done
  78.0 % done
  91.0 % done
 generated pairs           :      248476
 number of clash discarded :       46820
 average rmsd w.r.t input  : 3.42193
 sd of ensemble            : 0.82912
 number of new structures      :          15
 removed identical structures  :         585
 writing           15  TMPCONF* dirs ...
 --------------------------
 GC: loose pre-optimization
 --------------------------
 Starting optimization of generated structures
 15 jobs to do.
 1 2 3 4 5 6 7 8 9 10 11 12 13 14 15 
 done.
 Now appending opt.xyz file with new structures
 running RMSDs...
 done.
 E lowest :   -29.48415
 14 structures remain within    10.00 kcal/mol window
 --------------------------------------
 GC: optimization with tight thresholds
 --------------------------------------
 Optimizing all 14 structures from file "crest_rotamers_1.xyz" ...
 1 2 3 4 5 6 7 8 9 10 11 12 13 14
 done.
 running RMSDs...
 done.
 E lowest :   -29.48416


   ================================================
   |           Final Geometry Optimization        |
   ================================================
 ------------------------------------------------
 Ensemble optimization with very tight thresholds
 ------------------------------------------------
 Optimizing all 773 structures from file "crest_rotamers_4.xyz" ...
 1 2 3 4 5 6 7 8 9 10 11 12 13 14 15 16 17 18 19 20 21 22 23 24 25 26 27 28 29 30 31 32 33 34 35 36 37 38 39 40 41 42 43 44 45 46 47 48 49 50 51 52 53 54 55 56 57 58 59 60 61 62 63 64 65 66 67 68 69 70 71 72 73 74 75 76 77 78 79 80 81 82 83 84 85 86 87 88 89 90 91 92 93 94 95 96 97 98 99 100 101 102 103 104 105 106 107 108 109 110 111 112 113 114 115 116 117 118 119 120 121 122 123 124 125 126 127 128 129 130 131 132 133 134 135 136 137 138 139 140 141 142 143 144 145 146 147 148 149 150 151 152 153 154 155 156 157 158 159 160 161 162 163 164 165 166 167 168 169 170 171 172 173 174 175 176 177 178 179 180 181 182 183 184 185 186 187 188 189 190 191 192 193 194 195 196 197 198 199 200 201 202 203 204 205 206 207 208 209 210 211 212 213 214 215 216 217 218 219 220 221 222 223 224 225 226 227 228 229 230 231 232 233 234 235 236 237 238 239 240 241 242 243 244 245 246 247 248 249 250 251 252 253 254 255 256 257 258 259 260 261 262 263 264 265 266 267 268 269 270 271 272 273 274 275 276 277 278 279 280 281 282 283 284 285 286 287 288 289 290 291 292 293 294 295 296 297 298 299 300 301 302 303 304 305 306 307 308 309 310 311 312 313 314 315 316 317 318 319 320 321 322 323 324 325 326 327 328 329 330 331 332 333 334 335 336 337 338 339 340 341 342 343 344 345 346 347 348 349 350 351 352 353 354 355 356 357 358 359 360 361 362 363 364 365 366 367 368 369 370 371 372 373 374 375 376 377 378 379 380 381 382 383 384 385 386 387 388 389 390 391 392 393 394 395 396 397 398 399 400 401 402 403 404 405 406 407 408 409 410 411 412 413 414 415 416 417 418 419 420 421 422 423 424 425 426 427 428 429 430 431 432 433 434 435 436 437 438 439 440 441 442 443 444 445 446 447 448 449 450 451 452 453 454 455 456 457 458 459 460 461 462 463 464 465 466 467 468 469 470 471 472 473 474 475 476 477 478 479 480 481 482 483 484 485 486 487 488 489 490 491 492 493 494 495 496 497 498 499 500 501 502 503 504 505 506 507 508 509 510 511 512 513 514 515 516 517 518 519 520 521 522 523 524 525 526 527 528 529 530 531 532 533 534 535 536 537 538 539 540 541 542 543 544 545 546 547 548 549 550 551 552 553 554 555 556 557 558 559 560 561 562 563 564 565 566 567 568 569 570 571 572 573 574 575 576 577 578 579 580 581 582 583 584 585 586 587 588 589 590 591 592 593 594 595 596 597 598 599 600 601 602 603 604 605 606 607 608 609 610 611 612 613 614 615 616 617 618 619 620 621 622 623 624 625 626 627 628 629 630 631 632 633 634 635 636 637 638 639 640 641 642 643 644 645 646 647 648 649 650 651 652 653 654 655 656 657 658 659 660 661 662 663 664 665 666 667 668 669 670 671 672 673 674 675 676 677 678 679 680 681 682 683 684 685 686 687 688 689 690 691 692 693 694 695 696 697 698 699 700 701 702 703 704 705 706 707 708 709 710 711 712 713 714 715 716 717 718 719 720 721 722 723 724 725 726 727 728 729 730 731 732 733 734 735 736 737 738 739 740 741 742 743 744 745 746 747 748 749 750 751 752 753 754 755 756 757 758 759 760 761 762 763 764 765 766 767 768 769 770 771 772 773
 done.
 running RMSDs...
 done.
 E lowest :   -29.48416
 772 structures remain within     6.00 kcal/mol window

 input  file name : crest_rotamers_5.xyz
 output file name : crest_rotamers_6.xyz
 number of atoms                :   29
 number of points on xyz files  :   773
 RMSD threshold                 :   0.1250
 Bconst threshold               :   0.0100
 population threshold           :   0.0500
 conformer energy window  /kcal :   6.0000
 # fragment in coord            :     1
 # bonds in reference structure :    28
 number of reliable points      :   773
 reference state Etot :  -29.484158239999999
 number of doubles removed by rot/RMSD         :           1
 total number unique points considered further :         772
       Erel/kcal        Etot weight/tot  conformer     set   degen     origin
       1   0.000   -29.48416    0.00242    0.95268       1     394     mtd14
       2   0.000   -29.48416    0.00242                                mtd3
       3   0.000   -29.48416    0.00242                                mtd11
       4   0.000   -29.48416    0.00242                                mtd8
       5   0.000   -29.48416    0.00242                                mtd8
       6   0.000   -29.48416    0.00242                                mtd7
       7   0.000   -29.48416    0.00242                                mtd7
       8   0.000   -29.48416    0.00242                                mtd10
       9   0.000   -29.48416    0.00242                                mtd10
      10   0.000   -29.48416    0.00242                                mtd7
      11   0.000   -29.48416    0.00242                                mtd4
      12   0.000   -29.48416    0.00242                                mtd4
      13   0.000   -29.48416    0.00242                                mtd8
      14   0.000   -29.48416    0.00242                                mtd8
      15   0.000   -29.48416    0.00242                                mtd7
      16   0.000   -29.48416    0.00242                                mtd4
      17   0.000   -29.48416    0.00242                                mtd4
      18   0.000   -29.48416    0.00242                                mtd11
      19   0.000   -29.48416    0.00242                                mtd10
      20   0.000   -29.48416    0.00242                                mtd3
      21   0.000   -29.48416    0.00242                                mtd2
      22   0.000   -29.48416    0.00242                                mtd3
      23   0.000   -29.48416    0.00242                                mtd13
      24   0.000   -29.48416    0.00242                                mtd5
      25   0.000   -29.48416    0.00242                                mtd9
      26   0.000   -29.48416    0.00242                                mtd4
      27   0.000   -29.48416    0.00242                                mtd14
      28   0.000   -29.48416    0.00242                                mtd4
      29   0.000   -29.48416    0.00242                                mtd13
      30   0.000   -29.48416    0.00242                                mtd11
      31   0.000   -29.48416    0.00242                                mtd12
      32   0.000   -29.48416    0.00242                                mtd4
      33   0.000   -29.48416    0.00242                                mtd14
      34   0.000   -29.48416    0.00242                                mtd7
      35   0.000   -29.48416    0.00242                                mtd12
      36   0.000   -29.48416    0.00242                                mtd7
      37   0.000   -29.48416    0.00242                                mtd9
      38   0.000   -29.48416    0.00242                                mtd10
      39   0.000   -29.48416    0.00242                                mtd2
      40   0.000   -29.48416    0.00242                                mtd12
      41   0.000   -29.48416    0.00242                                mtd3
      42   0.000   -29.48416    0.00242                                mtd6
      43   0.000   -29.48416    0.00242                                mtd8
      44   0.000   -29.48416    0.00242                                mtd12
      45   0.000   -29.48416    0.00242                                mtd8
      46   0.000   -29.48416    0.00242                                mtd14
      47   0.000   -29.48416    0.00242                                mtd12
      48   0.000   -29.48416    0.00242                                md2
      49   0.000   -29.48416    0.00242                                mtd3
      50   0.000   -29.48416    0.00242                                mtd4
      51   0.000   -29.48416    0.00242                                mtd9
      52   0.000   -29.48416    0.00242                                mtd5
      53   0.000   -29.48416    0.00242                                mtd8
      54   0.000   -29.48416    0.00242                                mtd12
      55   0.000   -29.48416    0.00242                                mtd10
      56   0.000   -29.48416    0.00242                                mtd9
      57   0.000   -29.48416    0.00242                                mtd10
      58   0.000   -29.48416    0.00242                                mtd7
      59   0.000   -29.48416    0.00242                                mtd4
      60   0.000   -29.48416    0.00242                                mtd4
      61   0.000   -29.48416    0.00242                                mtd4
      62   0.000   -29.48416    0.00242                                mtd14
      63   0.000   -29.48416    0.00242                                mtd10
      64   0.000   -29.48416    0.00242                                md6
      65   0.000   -29.48416    0.00242                                mtd7
      66   0.000   -29.48416    0.00242                                mtd1
      67   0.000   -29.48416    0.00242                                mtd12
      68   0.000   -29.48416    0.00242                                mtd14
      69   0.000   -29.48416    0.00242                                mtd9
      70   0.000   -29.48416    0.00242                                mtd3
      71   0.000   -29.48416    0.00242                                mtd5
      72   0.000   -29.48416    0.00242                                mtd1
      73   0.000   -29.48416    0.00242                                mtd2
      74   0.000   -29.48416    0.00242                                mtd7
      75   0.000   -29.48416    0.00242                                mtd3
      76   0.000   -29.48416    0.00242                                mtd14
      77   0.000   -29.48416    0.00242                                mtd2
      78   0.000   -29.48416    0.00242                                mtd2
      79   0.000   -29.48416    0.00242                                mtd7
      80   0.000   -29.48416    0.00242                                mtd10
      81   0.000   -29.48416    0.00242                                mtd3
      82   0.000   -29.48416    0.00242                                mtd2
      83   0.000   -29.48416    0.00242                                mtd11
      84   0.000   -29.48416    0.00242                                mtd7
      85   0.000   -29.48416    0.00242                                mtd2
      86   0.000   -29.48416    0.00242                                mtd4
      87   0.000   -29.48416    0.00242                                mtd11
      88   0.000   -29.48416    0.00242                                mtd8
      89   0.000   -29.48416    0.00242                                mtd3
      90   0.000   -29.48416    0.00242                                mtd13
      91   0.000   -29.48416    0.00242                                input
      92   0.000   -29.48416    0.00242                                mtd11
      93   0.000   -29.48416    0.00242                                mtd14
      94   0.000   -29.48416    0.00242                                mtd12
      95   0.000   -29.48416    0.00242                                mtd2
      96   0.000   -29.48416    0.00242                                mtd14
      97   0.000   -29.48416    0.00242                                mtd12
      98   0.000   -29.48416    0.00242                                mtd2
      99   0.000   -29.48416    0.00242                                mtd1
     100   0.000   -29.48416    0.00242                                mtd10
     101   0.000   -29.48416    0.00242                                mtd4
     102   0.000   -29.48416    0.00242                                mtd12
     103   0.000   -29.48416    0.00242                                mtd2
     104   0.000   -29.48416    0.00242                                md4
     105   0.000   -29.48416    0.00242                                mtd4
     106   0.000   -29.48416    0.00242                                mtd8
     107   0.000   -29.48416    0.00242                                mtd2
     108   0.000   -29.48416    0.00242                                mtd8
     109   0.000   -29.48416    0.00242                                mtd4
     110   0.000   -29.48416    0.00242                                mtd8
     111   0.000   -29.48416    0.00242                                mtd5
     112   0.000   -29.48416    0.00242                                mtd4
     113   0.000   -29.48416    0.00242                                mtd12
     114   0.000   -29.48416    0.00242                                mtd2
     115   0.000   -29.48416    0.00242                                mtd12
     116   0.000   -29.48416    0.00242                                md3
     117   0.000   -29.48416    0.00242                                mtd10
     118   0.000   -29.48416    0.00242                                mtd2
     119   0.000   -29.48416    0.00242                                mtd11
     120   0.000   -29.48416    0.00242                                mtd4
     121   0.000   -29.48416    0.00242                                mtd8
     122   0.000   -29.48416    0.00242                                mtd2
     123   0.000   -29.48416    0.00242                                mtd4
     124   0.000   -29.48416    0.00242                                mtd4
     125   0.000   -29.48416    0.00242                                mtd1
     126   0.000   -29.48416    0.00242                                mtd8
     127   0.000   -29.48416    0.00242                                mtd5
     128   0.000   -29.48416    0.00242                                mtd6
     129   0.000   -29.48416    0.00242                                mtd5
     130   0.000   -29.48416    0.00242                                md7
     131   0.000   -29.48416    0.00242                                mtd11
     132   0.000   -29.48416    0.00242                                mtd8
     133   0.000   -29.48416    0.00242                                mtd4
     134   0.000   -29.48416    0.00242                                mtd3
     135   0.000   -29.48416    0.00242                                mtd3
     136   0.000   -29.48416    0.00242                                mtd4
     137   0.000   -29.48416    0.00242                                mtd9
     138   0.000   -29.48416    0.00242                                mtd2
     139   0.000   -29.48416    0.00242                                mtd2
     140   0.000   -29.48416    0.00242                                mtd14
     141   0.000   -29.48416    0.00242                                mtd1
     142   0.000   -29.48416    0.00242                                md4
     143   0.000   -29.48416    0.00242                                mtd7
     144   0.000   -29.48416    0.00242                                mtd12
     145   0.000   -29.48416    0.00242                                mtd5
     146   0.000   -29.48416    0.00242                                mtd4
     147   0.000   -29.48416    0.00242                                mtd12
     148   0.000   -29.48416    0.00242                                mtd3
     149   0.000   -29.48416    0.00242                                mtd1
     150   0.000   -29.48416    0.00242                                mtd4
     151   0.000   -29.48416    0.00242                                mtd3
     152   0.000   -29.48416    0.00242                                mtd9
     153   0.000   -29.48416    0.00242                                mtd4
     154   0.000   -29.48416    0.00242                                mtd5
     155   0.000   -29.48416    0.00242                                mtd12
     156   0.000   -29.48416    0.00242                                mtd7
     157   0.000   -29.48416    0.00242                                mtd4
     158   0.000   -29.48416    0.00242                                mtd4
     159   0.000   -29.48416    0.00242                                mtd4
     160   0.000   -29.48416    0.00242                                mtd2
     161   0.000   -29.48416    0.00242                                mtd3
     162   0.000   -29.48416    0.00242                                mtd8
     163   0.000   -29.48416    0.00242                                mtd4
     164   0.000   -29.48416    0.00242                                mtd3
     165   0.000   -29.48416    0.00242                                mtd10
     166   0.000   -29.48416    0.00242                                md4
     167   0.000   -29.48416    0.00242                                mtd1
     168   0.000   -29.48416    0.00242                                mtd2
     169   0.000   -29.48416    0.00242                                mtd2
     170   0.000   -29.48416    0.00242                                mtd7
     171   0.000   -29.48416    0.00242                                md2
     172   0.000   -29.48416    0.00242                                mtd3
     173   0.000   -29.48416    0.00242                                mtd9
     174   0.000   -29.48416    0.00242                                mtd1
     175   0.000   -29.48416    0.00242                                mtd12
     176   0.000   -29.48416    0.00242                                mtd7
     177   0.000   -29.48416    0.00242                                mtd12
     178   0.000   -29.48416    0.00242                                mtd4
     179   0.000   -29.48416    0.00242                                mtd8
     180   0.000   -29.48416    0.00242                                mtd4
     181   0.000   -29.48416    0.00242                                mtd5
     182   0.000   -29.48416    0.00242                                mtd9
     183   0.000   -29.48416    0.00242                                md6
     184   0.000   -29.48416    0.00242                                mtd8
     185   0.000   -29.48416    0.00242                                mtd13
     186   0.000   -29.48416    0.00242                                mtd3
     187   0.000   -29.48416    0.00242                                md2
     188   0.000   -29.48416    0.00242                                mtd4
     189   0.000   -29.48416    0.00242                                mtd4
     190   0.000   -29.48416    0.00242                                md2
     191   0.000   -29.48416    0.00242                                mtd2
     192   0.000   -29.48416    0.00242                                mtd4
     193   0.000   -29.48416    0.00242                                mtd2
     194   0.000   -29.48416    0.00242                                mtd10
     195   0.000   -29.48416    0.00242                                mtd5
     196   0.000   -29.48416    0.00242                                mtd12
     197   0.000   -29.48416    0.00242                                mtd7
     198   0.000   -29.48416    0.00242                                mtd13
     199   0.000   -29.48416    0.00242                                mtd5
     200   0.000   -29.48416    0.00242                                md6
     201   0.000   -29.48416    0.00242                                mtd13
     202   0.000   -29.48416    0.00242                                mtd7
     203   0.000   -29.48416    0.00242                                mtd6
     204   0.000   -29.48416    0.00242                                mtd2
     205   0.000   -29.48416    0.00242                                mtd8
     206   0.000   -29.48416    0.00242                                mtd5
     207   0.000   -29.48416    0.00242                                mtd5
     208   0.000   -29.48416    0.00242                                mtd8
     209   0.000   -29.48416    0.00242                                md6
     210   0.000   -29.48416    0.00242                                mtd2
     211   0.000   -29.48416    0.00242                                mtd13
     212   0.000   -29.48416    0.00242                                mtd8
     213   0.000   -29.48416    0.00242                                mtd6
     214   0.000   -29.48416    0.00242                                md2
     215   0.000   -29.48416    0.00242                                mtd10
     216   0.000   -29.48416    0.00242                                mtd7
     217   0.000   -29.48416    0.00242                                mtd7
     218   0.000   -29.48416    0.00242                                mtd14
     219   0.000   -29.48416    0.00242                                mtd10
     220   0.000   -29.48416    0.00242                                mtd7
     221   0.000   -29.48416    0.00242                                mtd13
     222   0.000   -29.48416    0.00242                                mtd3
     223   0.000   -29.48416    0.00242                                md4
     224   0.000   -29.48416    0.00242                                md2
     225   0.000   -29.48416    0.00242                                md3
     226   0.000   -29.48416    0.00242                                mtd10
     227   0.000   -29.48416    0.00242                                mtd5
     228   0.000   -29.48416    0.00242                                mtd9
     229   0.000   -29.48416    0.00242                                mtd6
     230   0.000   -29.48416    0.00242                                md2
     231   0.000   -29.48416    0.00242                                mtd2
     232   0.000   -29.48416    0.00242                                mtd4
     233   0.000   -29.48416    0.00242                                mtd4
     234   0.000   -29.48416    0.00242                                mtd7
     235   0.000   -29.48416    0.00242                                mtd7
     236   0.000   -29.48416    0.00242                                mtd3
     237   0.000   -29.48416    0.00242                                mtd4
     238   0.000   -29.48416    0.00242                                mtd12
     239   0.000   -29.48416    0.00242                                mtd10
     240   0.000   -29.48416    0.00242                                mtd9
     241   0.000   -29.48416    0.00242                                mtd2
     242   0.000   -29.48416    0.00242                                mtd14
     243   0.000   -29.48416    0.00242                                gc
     244   0.000   -29.48416    0.00242                                mtd10
     245   0.000   -29.48416    0.00242                                mtd2
     246   0.000   -29.48416    0.00242                                mtd7
     247   0.000   -29.48416    0.00242                                mtd3
     248   0.000   -29.48416    0.00242                                mtd7
     249   0.000   -29.48416    0.00242                                mtd4
     250   0.000   -29.48416    0.00242                                mtd11
     251   0.000   -29.48416    0.00242                                mtd13
     252   0.000   -29.48416    0.00242                                mtd11
     253   0.000   -29.48416    0.00242                                md7
     254   0.000   -29.48416    0.00242                                gc
     255   0.000   -29.48416    0.00242                                mtd9
     256   0.000   -29.48416    0.00242                                mtd5
     257   0.000   -29.48416    0.00242                                mtd2
     258   0.000   -29.48416    0.00242                                mtd14
     259   0.000   -29.48416    0.00242                                mtd8
     260   0.000   -29.48416    0.00242                                mtd8
     261   0.000   -29.48416    0.00242                                mtd1
     262   0.000   -29.48416    0.00242                                mtd4
     263   0.000   -29.48416    0.00242                                mtd2
     264   0.000   -29.48416    0.00242                                md2
     265   0.000   -29.48416    0.00242                                gc
     266   0.000   -29.48416    0.00242                                mtd9
     267   0.000   -29.48416    0.00242                                mtd11
     268   0.000   -29.48416    0.00242                                mtd8
     269   0.000   -29.48416    0.00242                                gc
     270   0.000   -29.48416    0.00242                                mtd12
     271   0.000   -29.48416    0.00242                                mtd8
     272   0.000   -29.48416    0.00242                                mtd8
     273   0.000   -29.48416    0.00242                                md2
     274   0.000   -29.48416    0.00242                                mtd4
     275   0.000   -29.48416    0.00242                                mtd3
     276   0.000   -29.48416    0.00242                                mtd4
     277   0.000   -29.48416    0.00242                                mtd3
     278   0.000   -29.48416    0.00242                                mtd7
     279   0.000   -29.48416    0.00242                                mtd4
     280   0.000   -29.48416    0.00242                                mtd8
     281   0.000   -29.48416    0.00242                                mtd5
     282   0.000   -29.48416    0.00242                                mtd12
     283   0.000   -29.48416    0.00242                                mtd10
     284   0.000   -29.48416    0.00242                                mtd8
     285   0.000   -29.48416    0.00242                                mtd2
     286   0.000   -29.48416    0.00242                                mtd5
     287   0.000   -29.48416    0.00242                                mtd6
     288   0.000   -29.48416    0.00242                                mtd7
     289   0.000   -29.48416    0.00242                                md2
     290   0.000   -29.48416    0.00242                                gc
     291   0.000   -29.48416    0.00242                                mtd14
     292   0.000   -29.48416    0.00242                                mtd7
     293   0.000   -29.48416    0.00242                                mtd7
     294   0.000   -29.48416    0.00242                                mtd9
     295   0.000   -29.48416    0.00242                                mtd8
     296   0.000   -29.48416    0.00242                                mtd11
     297   0.000   -29.48416    0.00242                                mtd14
     298   0.000   -29.48416    0.00242                                mtd13
     299   0.000   -29.48416    0.00242                                mtd12
     300   0.000   -29.48416    0.00242                                mtd7
     301   0.000   -29.48416    0.00242                                mtd8
     302   0.000   -29.48416    0.00242                                mtd3
     303   0.000   -29.48416    0.00242                                mtd4
     304   0.000   -29.48416    0.00242                                mtd3
     305   0.000   -29.48416    0.00242                                mtd11
     306   0.000   -29.48416    0.00242                                mtd11
     307   0.000   -29.48416    0.00242                                mtd3
     308   0.000   -29.48416    0.00242                                mtd11
     309   0.000   -29.48416    0.00242                                mtd9
     310   0.000   -29.48416    0.00242                                mtd10
     311   0.000   -29.48416    0.00242                                mtd3
     312   0.000   -29.48416    0.00242                                mtd8
     313   0.000   -29.48416    0.00242                                mtd7
     314   0.000   -29.48416    0.00242                                mtd6
     315   0.000   -29.48416    0.00242                                mtd9
     316   0.000   -29.48416    0.00242                                mtd11
     317   0.000   -29.48416    0.00242                                mtd2
     318   0.000   -29.48416    0.00242                                mtd1
     319   0.000   -29.48416    0.00242                                mtd4
     320   0.000   -29.48416    0.00242                                mtd7
     321   0.000   -29.48416    0.00242                                mtd7
     322   0.000   -29.48416    0.00242                                mtd10
     323   0.000   -29.48416    0.00242                                mtd9
     324   0.000   -29.48416    0.00242                                mtd4
     325   0.000   -29.48416    0.00242                                mtd3
     326   0.000   -29.48416    0.00242                                mtd14
     327   0.000   -29.48416    0.00242                                mtd4
     328   0.000   -29.48416    0.00242                                mtd8
     329   0.000   -29.48416    0.00242                                mtd7
     330   0.000   -29.48416    0.00242                                mtd8
     331   0.000   -29.48416    0.00242                                mtd9
     332   0.000   -29.48416    0.00242                                mtd10
     333   0.000   -29.48416    0.00242                                mtd5
     334   0.000   -29.48416    0.00242                                mtd4
     335   0.000   -29.48416    0.00242                                mtd1
     336   0.000   -29.48416    0.00242                                mtd1
     337   0.000   -29.48416    0.00242                                mtd3
     338   0.000   -29.48416    0.00242                                mtd7
     339   0.000   -29.48416    0.00242                                mtd10
     340   0.000   -29.48416    0.00242                                mtd8
     341   0.000   -29.48416    0.00242                                mtd5
     342   0.000   -29.48416    0.00242                                mtd4
     343   0.000   -29.48416    0.00242                                mtd7
     344   0.000   -29.48416    0.00242                                mtd7
     345   0.000   -29.48416    0.00242                                mtd6
     346   0.000   -29.48416    0.00242                                mtd2
     347   0.000   -29.48416    0.00242                                mtd3
     348   0.000   -29.48416    0.00242                                mtd13
     349   0.000   -29.48416    0.00242                                mtd7
     350   0.000   -29.48416    0.00242                                mtd7
     351   0.000   -29.48416    0.00242                                mtd2
     352   0.000   -29.48416    0.00242                                mtd7
     353   0.000   -29.48416    0.00242                                mtd8
     354   0.000   -29.48416    0.00242                                mtd3
     355   0.000   -29.48416    0.00242                                mtd7
     356   0.000   -29.48416    0.00242                                mtd4
     357   0.000   -29.48416    0.00242                                mtd1
     358   0.000   -29.48416    0.00242                                mtd5
     359   0.000   -29.48416    0.00242                                mtd4
     360   0.000   -29.48416    0.00242                                gc
     361   0.000   -29.48416    0.00242                                mtd14
     362   0.000   -29.48416    0.00242                                mtd9
     363   0.000   -29.48416    0.00242                                mtd4
     364   0.000   -29.48416    0.00242                                mtd2
     365   0.000   -29.48416    0.00242                                mtd10
     366   0.000   -29.48416    0.00242                                gc
     367   0.000   -29.48416    0.00242                                mtd8
     368   0.000   -29.48416    0.00242                                mtd9
     369   0.000   -29.48416    0.00242                                mtd5
     370   0.000   -29.48416    0.00242                                mtd3
     371   0.000   -29.48416    0.00242                                mtd8
     372   0.000   -29.48416    0.00242                                mtd10
     373   0.001   -29.48416    0.00242                                mtd1
     374   0.001   -29.48416    0.00242                                mtd11
     375   0.001   -29.48416    0.00242                                mtd3
     376   0.001   -29.48416    0.00242                                mtd5
     377   0.001   -29.48416    0.00242                                mtd12
     378   0.001   -29.48416    0.00242                                mtd9
     379   0.001   -29.48416    0.00242                                mtd11
     380   0.001   -29.48416    0.00242                                mtd7
     381   0.001   -29.48416    0.00242                                mtd8
     382   0.001   -29.48416    0.00242                                mtd7
     383   0.001   -29.48416    0.00242                                mtd3
     384   0.001   -29.48416    0.00242                                mtd7
     385   0.001   -29.48416    0.00242                                mtd11
     386   0.001   -29.48416    0.00242                                mtd14
     387   0.001   -29.48416    0.00242                                mtd12
     388   0.001   -29.48416    0.00242                                mtd10
     389   0.001   -29.48416    0.00242                                mtd8
     390   0.001   -29.48416    0.00242                                mtd10
     391   0.001   -29.48416    0.00242                                mtd4
     392   0.001   -29.48416    0.00242                                mtd10
     393   0.001   -29.48416    0.00242                                mtd4
     394   0.001   -29.48416    0.00241                                mtd3
     395   1.161   -29.48231    0.00034    0.00034       2       1     mtd10
     396   1.725   -29.48141    0.00013    0.02464       3     187     mtd10
     397   1.725   -29.48141    0.00013                                mtd14
     398   1.725   -29.48141    0.00013                                mtd9
     399   1.725   -29.48141    0.00013                                mtd6
     400   1.725   -29.48141    0.00013                                mtd8
     401   1.725   -29.48141    0.00013                                mtd1
     402   1.725   -29.48141    0.00013                                mtd8
     403   1.725   -29.48141    0.00013                                mtd9
     404   1.725   -29.48141    0.00013                                mtd7
     405   1.725   -29.48141    0.00013                                mtd13
     406   1.725   -29.48141    0.00013                                mtd11
     407   1.725   -29.48141    0.00013                                mtd7
     408   1.725   -29.48141    0.00013                                mtd7
     409   1.725   -29.48141    0.00013                                mtd9
     410   1.725   -29.48141    0.00013                                mtd14
     411   1.725   -29.48141    0.00013                                mtd5
     412   1.725   -29.48141    0.00013                                mtd5
     413   1.725   -29.48141    0.00013                                mtd1
     414   1.725   -29.48141    0.00013                                mtd11
     415   1.725   -29.48141    0.00013                                mtd8
     416   1.725   -29.48141    0.00013                                mtd10
     417   1.725   -29.48141    0.00013                                mtd1
     418   1.725   -29.48141    0.00013                                mtd9
     419   1.725   -29.48141    0.00013                                mtd11
     420   1.725   -29.48141    0.00013                                mtd14
     421   1.725   -29.48141    0.00013                                mtd11
     422   1.725   -29.48141    0.00013                                mtd14
     423   1.725   -29.48141    0.00013                                mtd4
     424   1.725   -29.48141    0.00013                                mtd7
     425   1.725   -29.48141    0.00013                                mtd11
     426   1.725   -29.48141    0.00013                                mtd6
     427   1.725   -29.48141    0.00013                                mtd6
     428   1.725   -29.48141    0.00013                                mtd4
     429   1.725   -29.48141    0.00013                                mtd11
     430   1.725   -29.48141    0.00013                                mtd12
     431   1.725   -29.48141    0.00013                                mtd1
     432   1.725   -29.48141    0.00013                                mtd5
     433   1.725   -29.48141    0.00013                                mtd1
     434   1.725   -29.48141    0.00013                                mtd12
     435   1.725   -29.48141    0.00013                                mtd6
     436   1.725   -29.48141    0.00013                                mtd10
     437   1.725   -29.48141    0.00013                                mtd10
     438   1.725   -29.48141    0.00013                                mtd10
     439   1.725   -29.48141    0.00013                                mtd6
     440   1.725   -29.48141    0.00013                                mtd10
     441   1.725   -29.48141    0.00013                                mtd4
     442   1.725   -29.48141    0.00013                                mtd1
     443   1.725   -29.48141    0.00013                                mtd6
     444   1.725   -29.48141    0.00013                                mtd5
     445   1.725   -29.48141    0.00013                                mtd10
     446   1.725   -29.48141    0.00013                                mtd13
     447   1.725   -29.48141    0.00013                                mtd10
     448   1.725   -29.48141    0.00013                                mtd1
     449   1.725   -29.48141    0.00013                                mtd10
     450   1.725   -29.48141    0.00013                                mtd1
     451   1.725   -29.48141    0.00013                                mtd1
     452   1.725   -29.48141    0.00013                                mtd4
     453   1.725   -29.48141    0.00013                                mtd11
     454   1.725   -29.48141    0.00013                                mtd9
     455   1.725   -29.48141    0.00013                                mtd6
     456   1.725   -29.48141    0.00013                                mtd1
     457   1.725   -29.48141    0.00013                                mtd4
     458   1.725   -29.48141    0.00013                                mtd1
     459   1.725   -29.48141    0.00013                                mtd5
     460   1.725   -29.48141    0.00013                                mtd6
     461   1.725   -29.48141    0.00013                                mtd6
     462   1.725   -29.48141    0.00013                                mtd11
     463   1.725   -29.48141    0.00013                                mtd7
     464   1.725   -29.48141    0.00013                                mtd13
     465   1.725   -29.48141    0.00013                                mtd9
     466   1.725   -29.48141    0.00013                                mtd13
     467   1.725   -29.48141    0.00013                                mtd9
     468   1.725   -29.48141    0.00013                                mtd12
     469   1.726   -29.48141    0.00013                                mtd6
     470   1.726   -29.48141    0.00013                                mtd1
     471   1.726   -29.48141    0.00013                                mtd2
     472   1.726   -29.48141    0.00013                                mtd1
     473   1.726   -29.48141    0.00013                                md5
     474   1.726   -29.48141    0.00013                                mtd5
     475   1.726   -29.48141    0.00013                                mtd11
     476   1.726   -29.48141    0.00013                                mtd12
     477   1.726   -29.48141    0.00013                                mtd10
     478   1.726   -29.48141    0.00013                                mtd12
     479   1.726   -29.48141    0.00013                                mtd11
     480   1.726   -29.48141    0.00013                                mtd11
     481   1.726   -29.48141    0.00013                                mtd12
     482   1.726   -29.48141    0.00013                                mtd11
     483   1.726   -29.48141    0.00013                                mtd1
     484   1.726   -29.48141    0.00013                                mtd11
     485   1.726   -29.48141    0.00013                                mtd9
     486   1.726   -29.48141    0.00013                                md8
     487   1.726   -29.48141    0.00013                                mtd5
     488   1.726   -29.48141    0.00013                                mtd1
     489   1.726   -29.48141    0.00013                                mtd1
     490   1.726   -29.48141    0.00013                                mtd9
     491   1.726   -29.48141    0.00013                                mtd10
     492   1.726   -29.48141    0.00013                                mtd11
     493   1.726   -29.48141    0.00013                                mtd2
     494   1.726   -29.48141    0.00013                                mtd5
     495   1.726   -29.48141    0.00013                                mtd9
     496   1.726   -29.48141    0.00013                                mtd11
     497   1.726   -29.48141    0.00013                                mtd2
     498   1.726   -29.48141    0.00013                                mtd2
     499   1.726   -29.48141    0.00013                                mtd2
     500   1.726   -29.48141    0.00013                                mtd10
     501   1.726   -29.48141    0.00013                                mtd1
     502   1.726   -29.48141    0.00013                                mtd8
     503   1.726   -29.48141    0.00013                                mtd5
     504   1.726   -29.48141    0.00013                                mtd11
     505   1.726   -29.48141    0.00013                                mtd10
     506   1.726   -29.48141    0.00013                                mtd6
     507   1.726   -29.48141    0.00013                                mtd1
     508   1.726   -29.48141    0.00013                                mtd8
     509   1.726   -29.48141    0.00013                                mtd9
     510   1.726   -29.48141    0.00013                                mtd12
     511   1.726   -29.48141    0.00013                                mtd5
     512   1.726   -29.48141    0.00013                                mtd2
     513   1.726   -29.48141    0.00013                                mtd11
     514   1.726   -29.48141    0.00013                                mtd7
     515   1.726   -29.48141    0.00013                                mtd4
     516   1.726   -29.48141    0.00013                                mtd2
     517   1.726   -29.48141    0.00013                                mtd7
     518   1.726   -29.48141    0.00013                                mtd14
     519   1.726   -29.48141    0.00013                                mtd1
     520   1.726   -29.48141    0.00013                                mtd4
     521   1.726   -29.48141    0.00013                                mtd12
     522   1.726   -29.48141    0.00013                                mtd6
     523   1.726   -29.48141    0.00013                                mtd8
     524   1.726   -29.48141    0.00013                                mtd10
     525   1.726   -29.48141    0.00013                                mtd9
     526   1.726   -29.48141    0.00013                                mtd12
     527   1.726   -29.48141    0.00013                                mtd6
     528   1.726   -29.48141    0.00013                                mtd11
     529   1.726   -29.48141    0.00013                                mtd14
     530   1.726   -29.48141    0.00013                                mtd9
     531   1.726   -29.48141    0.00013                                mtd5
     532   1.726   -29.48141    0.00013                                mtd14
     533   1.726   -29.48141    0.00013                                mtd10
     534   1.726   -29.48141    0.00013                                mtd1
     535   1.726   -29.48141    0.00013                                mtd8
     536   1.726   -29.48141    0.00013                                mtd5
     537   1.726   -29.48141    0.00013                                mtd7
     538   1.726   -29.48141    0.00013                                mtd11
     539   1.726   -29.48141    0.00013                                mtd7
     540   1.726   -29.48141    0.00013                                mtd11
     541   1.726   -29.48141    0.00013                                md5
     542   1.726   -29.48141    0.00013                                mtd6
     543   1.726   -29.48141    0.00013                                mtd12
     544   1.726   -29.48141    0.00013                                mtd2
     545   1.726   -29.48141    0.00013                                md6
     546   1.726   -29.48141    0.00013                                mtd14
     547   1.726   -29.48141    0.00013                                mtd10
     548   1.726   -29.48141    0.00013                                mtd7
     549   1.726   -29.48141    0.00013                                mtd11
     550   1.726   -29.48141    0.00013                                mtd11
     551   1.726   -29.48141    0.00013                                mtd12
     552   1.726   -29.48141    0.00013                                mtd6
     553   1.726   -29.48141    0.00013                                mtd1
     554   1.726   -29.48141    0.00013                                mtd14
     555   1.726   -29.48141    0.00013                                mtd13
     556   1.726   -29.48141    0.00013                                mtd10
     557   1.726   -29.48141    0.00013                                mtd8
     558   1.726   -29.48141    0.00013                                mtd9
     559   1.726   -29.48141    0.00013                                mtd8
     560   1.726   -29.48141    0.00013                                mtd12
     561   1.726   -29.48141    0.00013                                mtd1
     562   1.726   -29.48141    0.00013                                mtd10
     563   1.726   -29.48141    0.00013                                mtd14
     564   1.726   -29.48141    0.00013                                mtd14
     565   1.726   -29.48141    0.00013                                mtd10
     566   1.726   -29.48141    0.00013                                mtd1
     567   1.726   -29.48141    0.00013                                mtd7
     568   1.726   -29.48141    0.00013                                mtd7
     569   1.726   -29.48141    0.00013                                mtd7
     570   1.726   -29.48141    0.00013                                mtd4
     571   1.726   -29.48141    0.00013                                mtd7
     572   1.726   -29.48141    0.00013                                mtd10
     573   1.726   -29.48141    0.00013                                mtd12
     574   1.726   -29.48141    0.00013                                mtd10
     575   1.726   -29.48141    0.00013                                mtd1
     576   1.726   -29.48141    0.00013                                mtd11
     577   1.726   -29.48141    0.00013                                mtd5
     578   1.726   -29.48141    0.00013                                mtd14
     579   1.726   -29.48141    0.00013                                mtd1
     580   1.726   -29.48141    0.00013                                md5
     581   1.726   -29.48141    0.00013                                mtd10
     582   1.726   -29.48141    0.00013                                mtd13
     583   1.787   -29.48131    0.00012    0.02232       4     188     md5
     584   1.787   -29.48131    0.00012                                mtd1
     585   1.787   -29.48131    0.00012                                mtd12
     586   1.787   -29.48131    0.00012                                mtd5
     587   1.787   -29.48131    0.00012                                mtd14
     588   1.787   -29.48131    0.00012                                mtd5
     589   1.787   -29.48131    0.00012                                mtd10
     590   1.787   -29.48131    0.00012                                mtd1
     591   1.787   -29.48131    0.00012                                mtd14
     592   1.787   -29.48131    0.00012                                mtd7
     593   1.787   -29.48131    0.00012                                mtd1
     594   1.787   -29.48131    0.00012                                mtd10
     595   1.787   -29.48131    0.00012                                mtd5
     596   1.787   -29.48131    0.00012                                mtd5
     597   1.787   -29.48131    0.00012                                mtd5
     598   1.787   -29.48131    0.00012                                mtd11
     599   1.787   -29.48131    0.00012                                mtd1
     600   1.787   -29.48131    0.00012                                mtd12
     601   1.787   -29.48131    0.00012                                mtd5
     602   1.787   -29.48131    0.00012                                mtd12
     603   1.787   -29.48131    0.00012                                mtd14
     604   1.787   -29.48131    0.00012                                mtd7
     605   1.787   -29.48131    0.00012                                mtd5
     606   1.787   -29.48131    0.00012                                mtd8
     607   1.787   -29.48131    0.00012                                mtd11
     608   1.787   -29.48131    0.00012                                mtd12
     609   1.787   -29.48131    0.00012                                mtd7
     610   1.787   -29.48131    0.00012                                mtd5
     611   1.787   -29.48131    0.00012                                mtd10
     612   1.787   -29.48131    0.00012                                mtd8
     613   1.787   -29.48131    0.00012                                mtd6
     614   1.787   -29.48131    0.00012                                mtd5
     615   1.787   -29.48131    0.00012                                mtd8
     616   1.787   -29.48131    0.00012                                mtd5
     617   1.787   -29.48131    0.00012                                mtd8
     618   1.787   -29.48131    0.00012                                mtd11
     619   1.787   -29.48131    0.00012                                mtd2
     620   1.787   -29.48131    0.00012                                mtd10
     621   1.787   -29.48131    0.00012                                mtd7
     622   1.787   -29.48131    0.00012                                mtd5
     623   1.787   -29.48131    0.00012                                mtd4
     624   1.787   -29.48131    0.00012                                mtd9
     625   1.787   -29.48131    0.00012                                mtd14
     626   1.787   -29.48131    0.00012                                mtd10
     627   1.787   -29.48131    0.00012                                mtd7
     628   1.787   -29.48131    0.00012                                mtd10
     629   1.787   -29.48131    0.00012                                mtd12
     630   1.787   -29.48131    0.00012                                mtd2
     631   1.787   -29.48131    0.00012                                mtd14
     632   1.787   -29.48131    0.00012                                mtd11
     633   1.787   -29.48131    0.00012                                mtd5
     634   1.787   -29.48131    0.00012                                mtd13
     635   1.787   -29.48131    0.00012                                mtd10
     636   1.787   -29.48131    0.00012                                mtd7
     637   1.787   -29.48131    0.00012                                mtd7
     638   1.787   -29.48131    0.00012                                mtd8
     639   1.787   -29.48131    0.00012                                mtd1
     640   1.787   -29.48131    0.00012                                mtd8
     641   1.787   -29.48131    0.00012                                mtd14
     642   1.787   -29.48131    0.00012                                mtd9
     643   1.787   -29.48131    0.00012                                mtd6
     644   1.787   -29.48131    0.00012                                mtd11
     645   1.787   -29.48131    0.00012                                mtd12
     646   1.787   -29.48131    0.00012                                mtd11
     647   1.787   -29.48131    0.00012                                mtd13
     648   1.787   -29.48131    0.00012                                mtd5
     649   1.787   -29.48131    0.00012                                mtd5
     650   1.787   -29.48131    0.00012                                mtd8
     651   1.787   -29.48131    0.00012                                mtd1
     652   1.787   -29.48131    0.00012                                mtd6
     653   1.787   -29.48131    0.00012                                mtd11
     654   1.787   -29.48131    0.00012                                mtd9
     655   1.787   -29.48131    0.00012                                mtd8
     656   1.787   -29.48131    0.00012                                mtd11
     657   1.787   -29.48131    0.00012                                mtd1
     658   1.787   -29.48131    0.00012                                mtd11
     659   1.787   -29.48131    0.00012                                mtd1
     660   1.787   -29.48131    0.00012                                mtd14
     661   1.787   -29.48131    0.00012                                mtd11
     662   1.787   -29.48131    0.00012                                mtd9
     663   1.787   -29.48131    0.00012                                mtd5
     664   1.787   -29.48131    0.00012                                mtd14
     665   1.787   -29.48131    0.00012                                mtd9
     666   1.787   -29.48131    0.00012                                mtd7
     667   1.787   -29.48131    0.00012                                mtd1
     668   1.787   -29.48131    0.00012                                mtd6
     669   1.787   -29.48131    0.00012                                mtd9
     670   1.787   -29.48131    0.00012                                mtd11
     671   1.787   -29.48131    0.00012                                mtd1
     672   1.787   -29.48131    0.00012                                mtd11
     673   1.787   -29.48131    0.00012                                mtd13
     674   1.787   -29.48131    0.00012                                mtd6
     675   1.787   -29.48131    0.00012                                mtd10
     676   1.787   -29.48131    0.00012                                mtd11
     677   1.787   -29.48131    0.00012                                mtd9
     678   1.787   -29.48131    0.00012                                mtd4
     679   1.787   -29.48131    0.00012                                mtd8
     680   1.787   -29.48131    0.00012                                mtd10
     681   1.787   -29.48131    0.00012                                mtd14
     682   1.787   -29.48131    0.00012                                mtd14
     683   1.787   -29.48131    0.00012                                mtd14
     684   1.787   -29.48131    0.00012                                mtd5
     685   1.787   -29.48131    0.00012                                mtd7
     686   1.787   -29.48131    0.00012                                mtd1
     687   1.787   -29.48131    0.00012                                mtd7
     688   1.787   -29.48131    0.00012                                mtd2
     689   1.787   -29.48131    0.00012                                mtd14
     690   1.787   -29.48131    0.00012                                mtd1
     691   1.787   -29.48131    0.00012                                mtd12
     692   1.787   -29.48131    0.00012                                mtd2
     693   1.787   -29.48131    0.00012                                mtd11
     694   1.787   -29.48131    0.00012                                mtd11
     695   1.787   -29.48131    0.00012                                mtd14
     696   1.787   -29.48131    0.00012                                mtd7
     697   1.787   -29.48131    0.00012                                mtd6
     698   1.787   -29.48131    0.00012                                mtd7
     699   1.787   -29.48131    0.00012                                mtd7
     700   1.787   -29.48131    0.00012                                mtd4
     701   1.787   -29.48131    0.00012                                mtd10
     702   1.787   -29.48131    0.00012                                mtd12
     703   1.787   -29.48131    0.00012                                mtd5
     704   1.787   -29.48131    0.00012                                mtd1
     705   1.787   -29.48131    0.00012                                mtd9
     706   1.787   -29.48131    0.00012                                mtd9
     707   1.787   -29.48131    0.00012                                mtd13
     708   1.787   -29.48131    0.00012                                mtd8
     709   1.787   -29.48131    0.00012                                mtd11
     710   1.787   -29.48131    0.00012                                mtd1
     711   1.787   -29.48131    0.00012                                mtd11
     712   1.787   -29.48131    0.00012                                mtd1
     713   1.787   -29.48131    0.00012                                md5
     714   1.787   -29.48131    0.00012                                mtd7
     715   1.787   -29.48131    0.00012                                mtd12
     716   1.787   -29.48131    0.00012                                mtd2
     717   1.787   -29.48131    0.00012                                mtd1
     718   1.787   -29.48131    0.00012                                mtd10
     719   1.787   -29.48131    0.00012                                mtd6
     720   1.787   -29.48131    0.00012                                mtd10
     721   1.787   -29.48131    0.00012                                mtd10
     722   1.787   -29.48131    0.00012                                mtd7
     723   1.787   -29.48131    0.00012                                mtd6
     724   1.787   -29.48131    0.00012                                mtd5
     725   1.787   -29.48131    0.00012                                mtd9
     726   1.787   -29.48131    0.00012                                mtd2
     727   1.787   -29.48131    0.00012                                mtd12
     728   1.787   -29.48131    0.00012                                mtd11
     729   1.787   -29.48131    0.00012                                mtd8
     730   1.787   -29.48131    0.00012                                mtd5
     731   1.787   -29.48131    0.00012                                mtd7
     732   1.788   -29.48131    0.00012                                mtd8
     733   1.788   -29.48131    0.00012                                mtd7
     734   1.788   -29.48131    0.00012                                mtd1
     735   1.788   -29.48131    0.00012                                mtd7
     736   1.788   -29.48131    0.00012                                md5
     737   1.788   -29.48131    0.00012                                mtd8
     738   1.788   -29.48131    0.00012                                mtd7
     739   1.788   -29.48131    0.00012                                mtd5
     740   1.788   -29.48131    0.00012                                mtd1
     741   1.788   -29.48131    0.00012                                mtd8
     742   1.788   -29.48131    0.00012                                mtd1
     743   1.788   -29.48131    0.00012                                mtd10
     744   1.788   -29.48131    0.00012                                mtd8
     745   1.788   -29.48131    0.00012                                mtd11
     746   1.788   -29.48131    0.00012                                mtd7
     747   1.788   -29.48131    0.00012                                md5
     748   1.788   -29.48131    0.00012                                mtd2
     749   1.788   -29.48131    0.00012                                mtd11
     750   1.788   -29.48131    0.00012                                mtd7
     751   1.788   -29.48131    0.00012                                mtd1
     752   1.788   -29.48131    0.00012                                mtd8
     753   1.788   -29.48131    0.00012                                mtd14
     754   1.788   -29.48131    0.00012                                mtd6
     755   1.788   -29.48131    0.00012                                mtd10
     756   1.788   -29.48131    0.00012                                mtd7
     757   1.788   -29.48131    0.00012                                mtd10
     758   1.788   -29.48131    0.00012                                mtd12
     759   1.788   -29.48131    0.00012                                mtd10
     760   1.788   -29.48131    0.00012                                md5
     761   1.788   -29.48131    0.00012                                mtd5
     762   1.788   -29.48131    0.00012                                mtd5
     763   1.788   -29.48131    0.00012                                mtd10
     764   1.788   -29.48131    0.00012                                mtd1
     765   1.788   -29.48131    0.00012                                mtd8
     766   1.788   -29.48131    0.00012                                mtd7
     767   1.788   -29.48131    0.00012                                mtd1
     768   1.788   -29.48131    0.00012                                mtd2
     769   1.788   -29.48131    0.00012                                mtd5
     770   1.788   -29.48131    0.00012                                mtd10
     771   3.335   -29.47884    0.00001    0.00002       5       2     mtd8
     772   3.336   -29.47884    0.00001                                mtd6
T /K                                  :   298.15
E lowest                              :   -29.48416
ensemble average energy (kcal)        :    0.083
ensemble entropy (J/mol K, cal/mol K) :   51.255   12.250
ensemble free energy (kcal/mol)       :   -3.652
population of lowest in %             :   95.268
 number of unique conformers for further calc            5
 list of relative energies saved as "crest.energies"

 -----------------
 Wall Time Summary
 -----------------
             test MD wall time :         0h : 0m : 4s
                 MTD wall time :         0h :11m : 1s
      multilevel OPT wall time :         0h :23m :33s
                  MD wall time :         0h : 7m : 2s
                  GC wall time :         0h : 0m :17s
--------------------
Overall wall time  : 0h :44m :56s

 CREST terminated normally.
