****************************************************************
  Sure Independence Screening and Sparsifying Operator (SISSO)  
             Version SISSO.3.3, July, 2023.                
****************************************************************

Read in data from train.dat
Read in data from SISSO.in
Property type:     1
Number of tasks:        1
Descriptor dimension:        2
Number of samples for the task(s):     36
Restarts :  0
Number of scalar features:       19
Tier of the feature space:        3
Maximal feature complexity (number of operators in a feature):        6
Unit of input primary feature, each represented by a row vector: 
    1.00
    1.00
    1.00
    1.00
    1.00
    1.00
    1.00
    1.00
    1.00
    1.00
    1.00
    1.00
    1.00
    1.00
    1.00
    1.00
    1.00
    1.00
    1.00
The feature will be discarded if the minimum of the maximal abs. value in it <    0.10000E-02
The faature will be discarded if the maximum of the maximal abs. value in it >     0.10000E+06
Size of the SIS-selected (single) subspace :  10000 10000
Operators for feature construction: (+)(-)(*) (+)(-)(*) (+)(-)(*) 
Method for sparse regression:  L0        
Fitting intercept:      T
Metric for model selection: RMSE
Number of the top-ranked models to output:      100
--------------------------------------------------------------------------------

Dimension:   1
-------------------
Feature Construction (FC) starts ...
Population Standard Deviation (SD) of the task 001:   21.76093
Total number of features in the space phi00:             19
Total number of features in the space phi01:            626
Total number of features in the space phi02:         182905
Total number of features in the space phi03:     4293837228
Size of the SIS-selected subspace from phi03:      10000
Time (second) used for this FC:          777.32

Descriptor Identification (DI) starts ...
Total number of SIS-selected features from all dimensions:      10000
 
  1D descriptor: 
     d001 = ((feature18*(feature6+feature19))+((feature13-feature9)*(feature12-feature11)))    feature_ID:000001

  1D model(y=sum(ci*di)+c0): 
     coeff.(ci)_task001:    -0.4219506226E+02
             c0_task001:     0.4873161115E+02
     RMSE,MaxAE_task001:     0.1192403548E+02    0.2967766375E+02

     RMSE and MaxAE of the model:  11.924035 29.677664
--------------------------------------------------------------------------------
Time (second) used for this DI:            0.12

Dimension:   2
-------------------
Feature Construction (FC) starts ...
Total number of features in the space phi00:             19
Total number of features in the space phi01:            626
Total number of features in the space phi02:         182905
Total number of features in the space phi03:     4293837228
Size of the SIS-selected subspace from phi03:      10000
Time (second) used for this FC:          790.24

Descriptor Identification (DI) starts ...
Total number of SIS-selected features from all dimensions:      20000
 
Final model/descriptor !
================================================================================
  2D descriptor: 
     d001 = ((feature13*(feature11-feature12))-((feature1+feature18)*(feature6+feature19)))    feature_ID:000035
     d002 = (((feature16-feature13)-feature5)*((feature13-feature15)*(feature16-feature17)))    feature_ID:010890

  2D model(y=sum(ci*di)+c0): 
     coeff.(ci)_task001:     0.5359682406E+02    0.2361848877E+03
             c0_task001:     0.5213472873E+02
     RMSE,MaxAE_task001:     0.9518631950E+01    0.3195044381E+02

     RMSE and MaxAE of the model:   9.518632 31.950444
================================================================================
Time (second) used for this DI:           25.48
Total time (second):         1593.94
Have a nice day !    

