****************************************************************
  Sure Independence Screening and Sparsifying Operator (SISSO)  
             Version SISSO.3.3, July, 2023.                
****************************************************************

Read in data from train.dat
Read in data from SISSO.in
Property type:     1
Number of tasks:        1
Descriptor dimension:        2
Number of samples for the task(s):     36
Restarts :  0
Number of scalar features:       19
Tier of the feature space:        3
Maximal feature complexity (number of operators in a feature):        6
Unit of input primary feature, each represented by a row vector: 
    1.00
    1.00
    1.00
    1.00
    1.00
    1.00
    1.00
    1.00
    1.00
    1.00
    1.00
    1.00
    1.00
    1.00
    1.00
    1.00
    1.00
    1.00
    1.00
The feature will be discarded if the minimum of the maximal abs. value in it <    0.10000E-02
The faature will be discarded if the maximum of the maximal abs. value in it >     0.10000E+06
Size of the SIS-selected (single) subspace :  10000 10000
Operators for feature construction: (+)(-)(*) (+)(-)(*) (+)(-)(*) 
Method for sparse regression:  L0        
Fitting intercept:      T
Metric for model selection: RMSE
Number of the top-ranked models to output:      100
--------------------------------------------------------------------------------

Dimension:   1
-------------------
Feature Construction (FC) starts ...
Population Standard Deviation (SD) of the task 001:   10.69806
Total number of features in the space phi00:             19
Total number of features in the space phi01:            642
Total number of features in the space phi02:         210353
Total number of features in the space phi03:     5306278138
Size of the SIS-selected subspace from phi03:      10000
Time (second) used for this FC:          994.05

Descriptor Identification (DI) starts ...
Total number of SIS-selected features from all dimensions:      10000
 
  1D descriptor: 
     d001 = (((feature13+feature18)-feature19)*((feature1-feature9)+(feature18-feature9)))    feature_ID:000001

  1D model(y=sum(ci*di)+c0): 
     coeff.(ci)_task001:    -0.1947268578E+02
             c0_task001:     0.5987515950E+01
     RMSE,MaxAE_task001:     0.5145059494E+01    0.1355809910E+02

     RMSE and MaxAE of the model:   5.145059 13.558099
--------------------------------------------------------------------------------
Time (second) used for this DI:            0.13

Dimension:   2
-------------------
Feature Construction (FC) starts ...
Total number of features in the space phi00:             19
Total number of features in the space phi01:            642
Total number of features in the space phi02:         210353
Total number of features in the space phi03:     5306278138
Size of the SIS-selected subspace from phi03:      10000
Time (second) used for this FC:          993.20

Descriptor Identification (DI) starts ...
Total number of SIS-selected features from all dimensions:      20000
 
Final model/descriptor !
================================================================================
  2D descriptor: 
     d001 = ((feature17*(feature6+feature17))+((feature1-feature13)*(feature9-feature18)))    feature_ID:006653
     d002 = (((feature10-feature15)-feature6)*((feature12*feature16)-(feature13*feature18)))    feature_ID:013398

  2D model(y=sum(ci*di)+c0): 
     coeff.(ci)_task001:    -0.1782554556E+02   -0.6663954741E+02
             c0_task001:     0.1925032768E+02
     RMSE,MaxAE_task001:     0.3441596677E+01    0.8915898426E+01

     RMSE and MaxAE of the model:   3.441597  8.915898
================================================================================
Time (second) used for this DI:           25.43
Total time (second):         2013.67
Have a nice day !    

