****************************************************************
  Sure Independence Screening and Sparsifying Operator (SISSO)  
             Version SISSO.3.3, July, 2023.                
****************************************************************

Read in data from train.dat
Read in data from SISSO.in
Property type:     1
Number of tasks:        1
Descriptor dimension:        2
Number of samples for the task(s):     36
Restarts :  0
Number of scalar features:       19
Tier of the feature space:        3
Maximal feature complexity (number of operators in a feature):        6
Unit of input primary feature, each represented by a row vector: 
    1.00
    1.00
    1.00
    1.00
    1.00
    1.00
    1.00
    1.00
    1.00
    1.00
    1.00
    1.00
    1.00
    1.00
    1.00
    1.00
    1.00
    1.00
    1.00
The feature will be discarded if the minimum of the maximal abs. value in it <    0.10000E-02
The faature will be discarded if the maximum of the maximal abs. value in it >     0.10000E+06
Size of the SIS-selected (single) subspace :  10000 10000
Operators for feature construction: (+)(-)(*) (+)(-)(*) (+)(-)(*) 
Method for sparse regression:  L0        
Fitting intercept:      T
Metric for model selection: RMSE
Number of the top-ranked models to output:      100
--------------------------------------------------------------------------------

Dimension:   1
-------------------
Feature Construction (FC) starts ...
Population Standard Deviation (SD) of the task 001:  111.26032
Total number of features in the space phi00:             19
Total number of features in the space phi01:            624
Total number of features in the space phi02:         183020
Total number of features in the space phi03:     4276733073
Size of the SIS-selected subspace from phi03:      10000
Time (second) used for this FC:          836.87

Descriptor Identification (DI) starts ...
Total number of SIS-selected features from all dimensions:      10000
 
  1D descriptor: 
     d001 = (((feature11+feature13)-feature18)+((feature11+feature19)-(feature7-feature11)))    feature_ID:000001

  1D model(y=sum(ci*di)+c0): 
     coeff.(ci)_task001:     0.1095327479E+03
             c0_task001:     0.1120909610E+03
     RMSE,MaxAE_task001:     0.3598013980E+02    0.8040810647E+02

     RMSE and MaxAE of the model:  35.980140 80.408106
--------------------------------------------------------------------------------
Time (second) used for this DI:           13.09

Dimension:   2
-------------------
Feature Construction (FC) starts ...
Total number of features in the space phi00:             19
Total number of features in the space phi01:            624
Total number of features in the space phi02:         183020
Total number of features in the space phi03:     4276733073
Size of the SIS-selected subspace from phi03:      10000
Time (second) used for this FC:          837.06

Descriptor Identification (DI) starts ...
Total number of SIS-selected features from all dimensions:      20000
 
Final model/descriptor !
================================================================================
  2D descriptor: 
     d001 = (((feature11+feature13)-feature18)+((feature11+feature19)-(feature7-feature11)))    feature_ID:000001
     d002 = (((feature3+feature14)*(feature12-feature15))-(feature12*(feature12-feature11)))    feature_ID:010241

  2D model(y=sum(ci*di)+c0): 
     coeff.(ci)_task001:     0.1243492637E+03    0.1957005153E+03
             c0_task001:     0.1188602661E+03
     RMSE,MaxAE_task001:     0.2713000524E+02    0.6209527450E+02

     RMSE and MaxAE of the model:  27.130005 62.095274
================================================================================
Time (second) used for this DI:           25.64
Total time (second):         1716.97
Have a nice day !    

