****************************************************************
  Sure Independence Screening and Sparsifying Operator (SISSO)  
             Version SISSO.3.3, July, 2023.                
****************************************************************

Read in data from train.dat
Read in data from SISSO.in
Property type:     1
Number of tasks:        1
Descriptor dimension:        2
Number of samples for the task(s):     36
Restarts :  0
Number of scalar features:       22
Tier of the feature space:        3
Maximal feature complexity (number of operators in a feature):        6
Unit of input primary feature, each represented by a row vector: 
    1.00
    1.00
    1.00
    1.00
    1.00
    1.00
    1.00
    1.00
    1.00
    1.00
    1.00
    1.00
    1.00
    1.00
    1.00
    1.00
    1.00
    1.00
    1.00
    1.00
    1.00
    1.00
The feature will be discarded if the minimum of the maximal abs. value in it <    0.10000E-02
The faature will be discarded if the maximum of the maximal abs. value in it >     0.10000E+06
Size of the SIS-selected (single) subspace :  10000 10000
Operators for feature construction: (+)(-)(*) (+)(-)(*) (+)(-)(*) 
Method for sparse regression:  L0        
Fitting intercept:      T
Metric for model selection: RMSE
Number of the top-ranked models to output:      100
--------------------------------------------------------------------------------

Dimension:   1
-------------------
Feature Construction (FC) starts ...
Population Standard Deviation (SD) of the task 001:   99.59926
Total number of features in the space phi00:             22
Total number of features in the space phi01:            836
Total number of features in the space phi02:         319443
Total number of features in the space phi03:    11488976931
Size of the SIS-selected subspace from phi03:      10000
Time (second) used for this FC:         2066.68

Descriptor Identification (DI) starts ...
Total number of SIS-selected features from all dimensions:      10000
 
  1D descriptor: 
     d001 = (((feature13-feature19)-feature21)+((feature4+feature6)+(feature7+feature13)))    feature_ID:000001

  1D model(y=sum(ci*di)+c0): 
     coeff.(ci)_task001:     0.9943805397E+02
             c0_task001:     0.2380329939E+03
     RMSE,MaxAE_task001:     0.3317366640E+02    0.8689597302E+02

     RMSE and MaxAE of the model:  33.173666 86.895973
--------------------------------------------------------------------------------
Time (second) used for this DI:            0.28

Dimension:   2
-------------------
Feature Construction (FC) starts ...
Total number of features in the space phi00:             22
Total number of features in the space phi01:            836
Total number of features in the space phi02:         319443
Total number of features in the space phi03:    11488976931
Size of the SIS-selected subspace from phi03:      10000
Time (second) used for this FC:         2065.06

Descriptor Identification (DI) starts ...
Total number of SIS-selected features from all dimensions:      20000
 
Final model/descriptor !
================================================================================
  2D descriptor: 
     d001 = ((feature19*(feature21-feature4))+((feature4-feature13)*(feature6+feature16)))    feature_ID:001365
     d002 = ((feature18*(feature20-feature8))*((feature1+feature2)+(feature20-feature22)))    feature_ID:010095

  2D model(y=sum(ci*di)+c0): 
     coeff.(ci)_task001:    -0.2721392167E+03   -0.3697765819E+03
             c0_task001:     0.3193388339E+03
     RMSE,MaxAE_task001:     0.2179188347E+02    0.4830258606E+02

     RMSE and MaxAE of the model:  21.791883 48.302586
================================================================================
Time (second) used for this DI:           25.49
Total time (second):         4158.95
Have a nice day !    

