****************************************************************
  Sure Independence Screening and Sparsifying Operator (SISSO)  
             Version SISSO.3.3, July, 2023.                
****************************************************************

Read in data from train.dat
Read in data from SISSO.in
Property type:     1
Number of tasks:        1
Descriptor dimension:        2
Number of samples for the task(s):     36
Restarts :  0
Number of scalar features:       20
Tier of the feature space:        3
Maximal feature complexity (number of operators in a feature):        6
Unit of input primary feature, each represented by a row vector: 
    1.00
    1.00
    1.00
    1.00
    1.00
    1.00
    1.00
    1.00
    1.00
    1.00
    1.00
    1.00
    1.00
    1.00
    1.00
    1.00
    1.00
    1.00
    1.00
    1.00
The feature will be discarded if the minimum of the maximal abs. value in it <    0.10000E-02
The faature will be discarded if the maximum of the maximal abs. value in it >     0.10000E+06
Size of the SIS-selected (single) subspace :  10000 10000
Operators for feature construction: (+)(-)(*) (+)(-)(*) (+)(-)(*) 
Method for sparse regression:  L0        
Fitting intercept:      T
Metric for model selection: RMSE
Number of the top-ranked models to output:      100
--------------------------------------------------------------------------------

Dimension:   1
-------------------
Feature Construction (FC) starts ...
Population Standard Deviation (SD) of the task 001:  111.93820
Total number of features in the space phi00:             20
Total number of features in the space phi01:            673
Total number of features in the space phi02:         207428
Total number of features in the space phi03:     5378292108
Size of the SIS-selected subspace from phi03:      10000
Time (second) used for this FC:         1037.64

Descriptor Identification (DI) starts ...
Total number of SIS-selected features from all dimensions:      10000
 
  1D descriptor: 
     d001 = ((feature12*(feature15+feature20))+((feature13*feature14)-(feature18*feature19)))    feature_ID:000001

  1D model(y=sum(ci*di)+c0): 
     coeff.(ci)_task001:     0.1552540873E+03
             c0_task001:     0.2570998980E+03
     RMSE,MaxAE_task001:     0.4034582581E+02    0.1058782049E+03

     RMSE and MaxAE of the model:  40.345826105.878205
--------------------------------------------------------------------------------
Time (second) used for this DI:            0.11

Dimension:   2
-------------------
Feature Construction (FC) starts ...
Total number of features in the space phi00:             20
Total number of features in the space phi01:            673
Total number of features in the space phi02:         207428
Total number of features in the space phi03:     5378292108
Size of the SIS-selected subspace from phi03:      10000
Time (second) used for this FC:         1038.59

Descriptor Identification (DI) starts ...
Total number of SIS-selected features from all dimensions:      20000
 
Final model/descriptor !
================================================================================
  2D descriptor: 
     d001 = (((feature12+feature14)-feature19)*((feature12+feature13)+(feature20-feature17)))    feature_ID:009671
     d002 = (((feature16-feature18)-feature3)*((feature12+feature20)-(feature14+feature18)))    feature_ID:011582

  2D model(y=sum(ci*di)+c0): 
     coeff.(ci)_task001:     0.1652366592E+03   -0.2017001977E+03
             c0_task001:     0.2613348569E+03
     RMSE,MaxAE_task001:     0.3107763077E+02    0.9013361786E+02

     RMSE and MaxAE of the model:  31.077631 90.133618
================================================================================
Time (second) used for this DI:           32.12
Total time (second):         2112.40
Have a nice day !    

