****************************************************************
  Sure Independence Screening and Sparsifying Operator (SISSO)  
             Version SISSO.3.3, July, 2023.                
****************************************************************

Read in data from train.dat
Read in data from SISSO.in
Property type:     1
Number of tasks:        1
Descriptor dimension:        2
Number of samples for the task(s):     36
Restarts :  0
Number of scalar features:       19
Tier of the feature space:        3
Maximal feature complexity (number of operators in a feature):        6
Unit of input primary feature, each represented by a row vector: 
    1.00
    1.00
    1.00
    1.00
    1.00
    1.00
    1.00
    1.00
    1.00
    1.00
    1.00
    1.00
    1.00
    1.00
    1.00
    1.00
    1.00
    1.00
    1.00
The feature will be discarded if the minimum of the maximal abs. value in it <    0.10000E-02
The faature will be discarded if the maximum of the maximal abs. value in it >     0.10000E+06
Size of the SIS-selected (single) subspace :  10000 10000
Operators for feature construction: (+)(-)(*) (+)(-)(*) (+)(-)(*) 
Method for sparse regression:  L0        
Fitting intercept:      T
Metric for model selection: RMSE
Number of the top-ranked models to output:      100
--------------------------------------------------------------------------------

Dimension:   1
-------------------
Feature Construction (FC) starts ...
Population Standard Deviation (SD) of the task 001:   97.03416
Total number of features in the space phi00:             19
Total number of features in the space phi01:            635
Total number of features in the space phi02:         196970
Total number of features in the space phi03:     4805561121
Size of the SIS-selected subspace from phi03:      10000
Time (second) used for this FC:          893.34

Descriptor Identification (DI) starts ...
Total number of SIS-selected features from all dimensions:      10000
 
  1D descriptor: 
     d001 = (((feature10+feature13)+(feature13+feature14))-((feature18-feature16)-feature19))    feature_ID:000001

  1D model(y=sum(ci*di)+c0): 
     coeff.(ci)_task001:     0.8905368030E+02
             c0_task001:     0.3193107952E+02
     RMSE,MaxAE_task001:     0.3613648950E+02    0.1082797533E+03

     RMSE and MaxAE of the model:  36.136490108.279753
--------------------------------------------------------------------------------
Time (second) used for this DI:            0.14

Dimension:   2
-------------------
Feature Construction (FC) starts ...
Total number of features in the space phi00:             19
Total number of features in the space phi01:            635
Total number of features in the space phi02:         196970
Total number of features in the space phi03:     4805561121
Size of the SIS-selected subspace from phi03:      10000
Time (second) used for this FC:          891.23

Descriptor Identification (DI) starts ...
Total number of SIS-selected features from all dimensions:      20000
 
Final model/descriptor !
================================================================================
  2D descriptor: 
     d001 = (((feature10+feature13)+(feature14+feature16))-((feature4+feature18)-feature19))    feature_ID:000276
     d002 = (((feature14-feature12)-feature3)*((feature10-feature11)*(feature14-feature15)))    feature_ID:011790

  2D model(y=sum(ci*di)+c0): 
     coeff.(ci)_task001:     0.1124792654E+03    0.5929692796E+03
             c0_task001:     0.3135123595E+02
     RMSE,MaxAE_task001:     0.2364613823E+02    0.5587305283E+02

     RMSE and MaxAE of the model:  23.646138 55.873053
================================================================================
Time (second) used for this DI:           25.43
Total time (second):         1811.04
Have a nice day !    

