****************************************************************
  Sure Independence Screening and Sparsifying Operator (SISSO)  
             Version SISSO.3.3, July, 2023.                
****************************************************************

Read in data from train.dat
Read in data from SISSO.in
Property type:     1
Number of tasks:        1
Descriptor dimension:        2
Number of samples for the task(s):     36
Restarts :  0
Number of scalar features:       18
Tier of the feature space:        3
Maximal feature complexity (number of operators in a feature):        6
Unit of input primary feature, each represented by a row vector: 
    1.00
    1.00
    1.00
    1.00
    1.00
    1.00
    1.00
    1.00
    1.00
    1.00
    1.00
    1.00
    1.00
    1.00
    1.00
    1.00
    1.00
    1.00
The feature will be discarded if the minimum of the maximal abs. value in it <    0.10000E-02
The faature will be discarded if the maximum of the maximal abs. value in it >     0.10000E+06
Size of the SIS-selected (single) subspace :  10000 10000
Operators for feature construction: (+)(-)(*) (+)(-)(*) (+)(-)(*) 
Method for sparse regression:  L0        
Fitting intercept:      T
Metric for model selection: RMSE
Number of the top-ranked models to output:      100
--------------------------------------------------------------------------------

Dimension:   1
-------------------
Feature Construction (FC) starts ...
Population Standard Deviation (SD) of the task 001:    9.58125
Total number of features in the space phi00:             18
Total number of features in the space phi01:            554
Total number of features in the space phi02:         139165
Total number of features in the space phi03:     2697643307
Size of the SIS-selected subspace from phi03:      10000
Time (second) used for this FC:          473.64

Descriptor Identification (DI) starts ...
Total number of SIS-selected features from all dimensions:      10000
 
  1D descriptor: 
     d001 = ((feature15+(feature13+feature15))*((feature11*feature13)-(feature12*feature15)))    feature_ID:000001

  1D model(y=sum(ci*di)+c0): 
     coeff.(ci)_task001:     0.1934686288E+02
             c0_task001:     0.4789684386E+01
     RMSE,MaxAE_task001:     0.4947393635E+01    0.1821952699E+02

     RMSE and MaxAE of the model:   4.947394 18.219527
--------------------------------------------------------------------------------
Time (second) used for this DI:            0.10

Dimension:   2
-------------------
Feature Construction (FC) starts ...
Total number of features in the space phi00:             18
Total number of features in the space phi01:            554
Total number of features in the space phi02:         139165
Total number of features in the space phi03:     2697643307
Size of the SIS-selected subspace from phi03:      10000
Time (second) used for this FC:          471.06

Descriptor Identification (DI) starts ...
Total number of SIS-selected features from all dimensions:      20000
 
Final model/descriptor !
================================================================================
  2D descriptor: 
     d001 = ((feature13*(feature14+feature15))*((feature11*feature13)-(feature12*feature15)))    feature_ID:000004
     d002 = (((feature16-feature18)-feature2)*((feature1-feature15)*(feature11-feature16)))    feature_ID:011976

  2D model(y=sum(ci*di)+c0): 
     coeff.(ci)_task001:     0.6796961999E+02   -0.1703852383E+03
             c0_task001:     0.2982540976E+01
     RMSE,MaxAE_task001:     0.3349047999E+01    0.8410710949E+01

     RMSE and MaxAE of the model:   3.349048  8.410711
================================================================================
Time (second) used for this DI:           25.82
Total time (second):          971.58
Have a nice day !    

