****************************************************************
  Sure Independence Screening and Sparsifying Operator (SISSO)  
             Version SISSO.3.3, July, 2023.                
****************************************************************

Read in data from train.dat
Read in data from SISSO.in
Property type:     1
Number of tasks:        1
Descriptor dimension:        2
Number of samples for the task(s):     36
Restarts :  0
Number of scalar features:       20
Tier of the feature space:        3
Maximal feature complexity (number of operators in a feature):        6
Unit of input primary feature, each represented by a row vector: 
    1.00
    1.00
    1.00
    1.00
    1.00
    1.00
    1.00
    1.00
    1.00
    1.00
    1.00
    1.00
    1.00
    1.00
    1.00
    1.00
    1.00
    1.00
    1.00
    1.00
The feature will be discarded if the minimum of the maximal abs. value in it <    0.10000E-02
The faature will be discarded if the maximum of the maximal abs. value in it >     0.10000E+06
Size of the SIS-selected (single) subspace :  10000 10000
Operators for feature construction: (+)(-)(*) (+)(-)(*) (+)(-)(*) 
Method for sparse regression:  L0        
Fitting intercept:      T
Metric for model selection: RMSE
Number of the top-ranked models to output:      100
--------------------------------------------------------------------------------

Dimension:   1
-------------------
Feature Construction (FC) starts ...
Population Standard Deviation (SD) of the task 001:   21.62108
Total number of features in the space phi00:             20
Total number of features in the space phi01:            695
Total number of features in the space phi02:         231834
Total number of features in the space phi03:     6427537647
Size of the SIS-selected subspace from phi03:      10000
Time (second) used for this FC:         1223.74

Descriptor Identification (DI) starts ...
Total number of SIS-selected features from all dimensions:      10000
 
  1D descriptor: 
     d001 = ((feature16*(feature16*feature19))-((feature11*feature14)*(feature14+feature16)))    feature_ID:000001

  1D model(y=sum(ci*di)+c0): 
     coeff.(ci)_task001:    -0.5410729100E+02
             c0_task001:     0.2365011434E+02
     RMSE,MaxAE_task001:     0.1122834592E+02    0.2958981572E+02

     RMSE and MaxAE of the model:  11.228346 29.589816
--------------------------------------------------------------------------------
Time (second) used for this DI:           17.29

Dimension:   2
-------------------
Feature Construction (FC) starts ...
Total number of features in the space phi00:             20
Total number of features in the space phi01:            695
Total number of features in the space phi02:         231834
Total number of features in the space phi03:     6427537647
Size of the SIS-selected subspace from phi03:      10000
Time (second) used for this FC:         1213.37

Descriptor Identification (DI) starts ...
Total number of SIS-selected features from all dimensions:      20000
 
Final model/descriptor !
================================================================================
  2D descriptor: 
     d001 = (((feature14+feature16)-feature3)*((feature11+feature14)-(feature19-feature4)))    feature_ID:000285
     d002 = (((feature15+feature16)-feature20)*((feature12*feature16)-(feature13*feature15)))    feature_ID:010154

  2D model(y=sum(ci*di)+c0): 
     coeff.(ci)_task001:     0.2982440983E+02   -0.3794177900E+03
             c0_task001:     0.1650730538E+02
     RMSE,MaxAE_task001:     0.7966042837E+01    0.2267651039E+02

     RMSE and MaxAE of the model:   7.966043 22.676510
================================================================================
Time (second) used for this DI:           25.65
Total time (second):         2480.92
Have a nice day !    

