****************************************************************
  Sure Independence Screening and Sparsifying Operator (SISSO)  
             Version SISSO.3.3, July, 2023.                
****************************************************************

Read in data from train.dat
Read in data from SISSO.in
Property type:     1
Number of tasks:        1
Descriptor dimension:        2
Number of samples for the task(s):     36
Restarts :  0
Number of scalar features:       20
Tier of the feature space:        3
Maximal feature complexity (number of operators in a feature):        6
Unit of input primary feature, each represented by a row vector: 
    1.00
    1.00
    1.00
    1.00
    1.00
    1.00
    1.00
    1.00
    1.00
    1.00
    1.00
    1.00
    1.00
    1.00
    1.00
    1.00
    1.00
    1.00
    1.00
    1.00
The feature will be discarded if the minimum of the maximal abs. value in it <    0.10000E-02
The faature will be discarded if the maximum of the maximal abs. value in it >     0.10000E+06
Size of the SIS-selected (single) subspace :  10000 10000
Operators for feature construction: (+)(-)(*) (+)(-)(*) (+)(-)(*) 
Method for sparse regression:  L0        
Fitting intercept:      T
Metric for model selection: RMSE
Number of the top-ranked models to output:      100
--------------------------------------------------------------------------------

Dimension:   1
-------------------
Feature Construction (FC) starts ...
Population Standard Deviation (SD) of the task 001:  101.69052
Total number of features in the space phi00:             20
Total number of features in the space phi01:            673
Total number of features in the space phi02:         207428
Total number of features in the space phi03:     5378292108
Size of the SIS-selected subspace from phi03:      10000
Time (second) used for this FC:         1036.92

Descriptor Identification (DI) starts ...
Total number of SIS-selected features from all dimensions:      10000
 
  1D descriptor: 
     d001 = (((feature15-feature19)*(feature18+feature19))-(feature16*(feature19-feature20)))    feature_ID:000001

  1D model(y=sum(ci*di)+c0): 
     coeff.(ci)_task001:     0.1718934279E+03
             c0_task001:     0.3343628060E+03
     RMSE,MaxAE_task001:     0.3402322847E+02    0.9998477427E+02

     RMSE and MaxAE of the model:  34.023228 99.984774
--------------------------------------------------------------------------------
Time (second) used for this DI:            0.09

Dimension:   2
-------------------
Feature Construction (FC) starts ...
Total number of features in the space phi00:             20
Total number of features in the space phi01:            673
Total number of features in the space phi02:         207428
Total number of features in the space phi03:     5378292108
Size of the SIS-selected subspace from phi03:      10000
Time (second) used for this FC:         1037.15

Descriptor Identification (DI) starts ...
Total number of SIS-selected features from all dimensions:      20000
 
Final model/descriptor !
================================================================================
  2D descriptor: 
     d001 = ((feature19*(feature15-feature19))+((feature16-feature2)*(feature20-feature19)))    feature_ID:004312
     d002 = (((feature1+feature17)-feature12)+((feature2+feature3)+(feature6-feature16)))    feature_ID:010749

  2D model(y=sum(ci*di)+c0): 
     coeff.(ci)_task001:     0.2867541980E+03   -0.7481699225E+02
             c0_task001:     0.3174669696E+03
     RMSE,MaxAE_task001:     0.2752478195E+02    0.9459420870E+02

     RMSE and MaxAE of the model:  27.524782 94.594209
================================================================================
Time (second) used for this DI:           25.40
Total time (second):         2100.49
Have a nice day !    

