forrtl: No such file or directory
forrtl: No such file or directory
forrtl: No such file or directory
forrtl: No such file or directory
forrtl: No such file or directory
forrtl: No such file or directory
forrtl: No such file or directory
forrtl: No such file or directory
forrtl: No such file or directory
forrtl: No such file or directory
forrtl: severe (29): file not found, unit 0, file /scratch/user/peterchao1/Plastic_Crystal/extra_molecules/update_42/v8/year_2/S/2019.0/SISSO.in
Image              PC                Routine            Line        Source             
SISSO_3.3          0000000000493B3C  Unknown               Unknown  Unknown
SISSO_3.3          00000000004A9FCE  Unknown               Unknown  Unknown
SISSO_3.3          000000000048CF5F  Unknown               Unknown  Unknown
SISSO_3.3          000000000048557C  Unknown               Unknown  Unknown
SISSO_3.3          000000000040362E  Unknown               Unknown  Unknown
libc-2.17.so       00002B802BA1F555  __libc_start_main     Unknown  Unknown
SISSO_3.3          0000000000403529  Unknown               Unknown  Unknown
forrtl: severe (29): file not found, unit 0, file /scratch/user/peterchao1/Plastic_Crystal/extra_molecules/update_42/v8/year_2/S/2019.0/SISSO.in
Image              PC                Routine            Line        Source             
SISSO_3.3          0000000000493B3C  Unknown               Unknown  Unknown
SISSO_3.3          00000000004A9FCE  Unknown               Unknown  Unknown
SISSO_3.3          000000000048CF5F  Unknown               Unknown  Unknown
SISSO_3.3          000000000048557C  Unknown               Unknown  Unknown
SISSO_3.3          000000000040362E  Unknown               Unknown  Unknown
libc-2.17.so       00002AFAC1ABB555  __libc_start_main     Unknown  Unknown
SISSO_3.3          0000000000403529  Unknown               Unknown  Unknown
forrtl: severe (29): file not found, unit 0, file /scratch/user/peterchao1/Plastic_Crystal/extra_molecules/update_42/v8/year_2/S/2019.0/SISSO.in
Image              PC                Routine            Line        Source             
SISSO_3.3          0000000000493B3C  Unknown               Unknown  Unknown
SISSO_3.3          00000000004A9FCE  Unknown               Unknown  Unknown
SISSO_3.3          000000000048CF5F  Unknown               Unknown  Unknown
SISSO_3.3          000000000048557C  Unknown               Unknown  Unknown
SISSO_3.3          000000000040362E  Unknown               Unknown  Unknown
libc-2.17.so       00002B3CF764E555  __libc_start_main     Unknown  Unknown
SISSO_3.3          0000000000403529  Unknown               Unknown  Unknown
forrtl: severe (29): file not found, unit 0, file /scratch/user/peterchao1/Plastic_Crystal/extra_molecules/update_42/v8/year_2/S/2019.0/SISSO.in
Image              PC                Routine            Line        Source             
SISSO_3.3          0000000000493B3C  Unknown               Unknown  Unknown
SISSO_3.3          00000000004A9FCE  Unknown               Unknown  Unknown
SISSO_3.3          000000000048CF5F  Unknown               Unknown  Unknown
SISSO_3.3          000000000048557C  Unknown               Unknown  Unknown
SISSO_3.3          000000000040362E  Unknown               Unknown  Unknown
libc-2.17.so       00002B5BF0081555  __libc_start_main     Unknown  Unknown
SISSO_3.3          0000000000403529  Unknown               Unknown  Unknown
forrtl: severe (29): file not found, unit 0, file /scratch/user/peterchao1/Plastic_Crystal/extra_molecules/update_42/v8/year_2/S/2019.0/SISSO.in
Image              PC                Routine            Line        Source             
SISSO_3.3          0000000000493B3C  Unknown               Unknown  Unknown
SISSO_3.3          00000000004A9FCE  Unknown               Unknown  Unknown
SISSO_3.3          000000000048CF5F  Unknown               Unknown  Unknown
SISSO_3.3          000000000048557C  Unknown               Unknown  Unknown
SISSO_3.3          000000000040362E  Unknown               Unknown  Unknown
libc-2.17.so       00002ACC9CFBB555  __libc_start_main     Unknown  Unknown
SISSO_3.3          0000000000403529  Unknown               Unknown  Unknown
forrtl: severe (29): file not found, unit 0, file /scratch/user/peterchao1/Plastic_Crystal/extra_molecules/update_42/v8/year_2/S/2019.0/SISSO.in
Image              PC                Routine            Line        Source             
SISSO_3.3          0000000000493B3C  Unknown               Unknown  Unknown
SISSO_3.3          00000000004A9FCE  Unknown               Unknown  Unknown
SISSO_3.3          000000000048CF5F  Unknown               Unknown  Unknown
SISSO_3.3          000000000048557C  Unknown               Unknown  Unknown
SISSO_3.3          000000000040362E  Unknown               Unknown  Unknown
libc-2.17.so       00002B90F05BF555  __libc_start_main     Unknown  Unknown
SISSO_3.3          0000000000403529  Unknown               Unknown  Unknown
forrtl: severe (29): file not found, unit 0, file /scratch/user/peterchao1/Plastic_Crystal/extra_molecules/update_42/v8/year_2/S/2019.0/SISSO.in
Image              PC                Routine            Line        Source             
SISSO_3.3          0000000000493B3C  Unknown               Unknown  Unknown
SISSO_3.3          00000000004A9FCE  Unknown               Unknown  Unknown
SISSO_3.3          000000000048CF5F  Unknown               Unknown  Unknown
SISSO_3.3          000000000048557C  Unknown               Unknown  Unknown
SISSO_3.3          000000000040362E  Unknown               Unknown  Unknown
libc-2.17.so       00002AAD7DBA6555  __libc_start_main     Unknown  Unknown
SISSO_3.3          0000000000403529  Unknown               Unknown  Unknown
forrtl: severe (29): file not found, unit 0, file /scratch/user/peterchao1/Plastic_Crystal/extra_molecules/update_42/v8/year_2/S/2019.0/SISSO.in
Image              PC                Routine            Line        Source             
SISSO_3.3          0000000000493B3C  Unknown               Unknown  Unknown
SISSO_3.3          00000000004A9FCE  Unknown               Unknown  Unknown
SISSO_3.3          000000000048CF5F  Unknown               Unknown  Unknown
SISSO_3.3          000000000048557C  Unknown               Unknown  Unknown
SISSO_3.3          000000000040362E  Unknown               Unknown  Unknown
libc-2.17.so       00002B0CAA5B4555  __libc_start_main     Unknown  Unknown
SISSO_3.3          0000000000403529  Unknown               Unknown  Unknown
forrtl: severe (29): file not found, unit 0, file /scratch/user/peterchao1/Plastic_Crystal/extra_molecules/update_42/v8/year_2/S/2019.0/SISSO.in
Image              PC                Routine            Line        Source             
SISSO_3.3          0000000000493B3C  Unknown               Unknown  Unknown
SISSO_3.3          00000000004A9FCE  Unknown               Unknown  Unknown
SISSO_3.3          000000000048CF5F  Unknown               Unknown  Unknown
SISSO_3.3          000000000048557C  Unknown               Unknown  Unknown
SISSO_3.3          000000000040362E  Unknown               Unknown  Unknown
libc-2.17.so       00002AC90EF6B555  __libc_start_main     Unknown  Unknown
SISSO_3.3          0000000000403529  Unknown               Unknown  Unknown
forrtl: severe (29): file not found, unit 0, file /scratch/user/peterchao1/Plastic_Crystal/extra_molecules/update_42/v8/year_2/S/2019.0/SISSO.in
Image              PC                Routine            Line        Source             
SISSO_3.3          0000000000493B3C  Unknown               Unknown  Unknown
SISSO_3.3          00000000004A9FCE  Unknown               Unknown  Unknown
SISSO_3.3          000000000048CF5F  Unknown               Unknown  Unknown
SISSO_3.3          000000000048557C  Unknown               Unknown  Unknown
SISSO_3.3          000000000040362E  Unknown               Unknown  Unknown
libc-2.17.so       00002B245B49D555  __libc_start_main     Unknown  Unknown
SISSO_3.3          0000000000403529  Unknown               Unknown  Unknown
