****************************************************************
  Sure Independence Screening and Sparsifying Operator (SISSO)  
             Version SISSO.3.3, July, 2023.                
****************************************************************

Read in data from train.dat
Read in data from SISSO.in
Property type:     1
Number of tasks:        1
Descriptor dimension:        2
Number of samples for the task(s):     36
Restarts :  0
Number of scalar features:       19
Tier of the feature space:        3
Maximal feature complexity (number of operators in a feature):        6
Unit of input primary feature, each represented by a row vector: 
    1.00
    1.00
    1.00
    1.00
    1.00
    1.00
    1.00
    1.00
    1.00
    1.00
    1.00
    1.00
    1.00
    1.00
    1.00
    1.00
    1.00
    1.00
    1.00
The feature will be discarded if the minimum of the maximal abs. value in it <    0.10000E-02
The faature will be discarded if the maximum of the maximal abs. value in it >     0.10000E+06
Size of the SIS-selected (single) subspace :  10000 10000
Operators for feature construction: (+)(-)(*) (+)(-)(*) (+)(-)(*) 
Method for sparse regression:  L0        
Fitting intercept:      T
Metric for model selection: RMSE
Number of the top-ranked models to output:      100
--------------------------------------------------------------------------------

Dimension:   1
-------------------
Feature Construction (FC) starts ...
Population Standard Deviation (SD) of the task 001:   10.35372
Total number of features in the space phi00:             19
Total number of features in the space phi01:            628
Total number of features in the space phi02:         196409
Total number of features in the space phi03:     4751396120
Size of the SIS-selected subspace from phi03:      10000
Time (second) used for this FC:          876.19

Descriptor Identification (DI) starts ...
Total number of SIS-selected features from all dimensions:      10000
 
  1D descriptor: 
     d001 = (((feature10+feature17)-feature18)*((feature11-feature12)*(feature12*feature19)))    feature_ID:000001

  1D model(y=sum(ci*di)+c0): 
     coeff.(ci)_task001:    -0.1162418924E+03
             c0_task001:     0.5277382706E+01
     RMSE,MaxAE_task001:     0.4780878280E+01    0.1540850592E+02

     RMSE and MaxAE of the model:   4.780878 15.408506
--------------------------------------------------------------------------------
Time (second) used for this DI:            0.11

Dimension:   2
-------------------
Feature Construction (FC) starts ...
Total number of features in the space phi00:             19
Total number of features in the space phi01:            628
Total number of features in the space phi02:         196409
Total number of features in the space phi03:     4751396120
Size of the SIS-selected subspace from phi03:      10000
Time (second) used for this FC:          876.90

Descriptor Identification (DI) starts ...
Total number of SIS-selected features from all dimensions:      20000
 
Final model/descriptor !
================================================================================
  2D descriptor: 
     d001 = (((feature10+feature17)-feature16)*((feature11-feature12)*(feature12*feature19)))    feature_ID:001370
     d002 = ((feature15*(feature15-feature17))*((feature15-feature18)*(feature16-feature18)))    feature_ID:010395

  2D model(y=sum(ci*di)+c0): 
     coeff.(ci)_task001:    -0.1116961190E+03    0.2791078104E+03
             c0_task001:     0.4320397148E+01
     RMSE,MaxAE_task001:     0.3269414230E+01    0.8689008187E+01

     RMSE and MaxAE of the model:   3.269414  8.689008
================================================================================
Time (second) used for this DI:           25.93
Total time (second):         1779.89
Have a nice day !    

