****************************************************************
  Sure Independence Screening and Sparsifying Operator (SISSO)  
             Version SISSO.3.3, July, 2023.                
****************************************************************

Read in data from train.dat
Read in data from SISSO.in
Property type:     1
Number of tasks:        1
Descriptor dimension:        2
Number of samples for the task(s):     36
Restarts :  0
Number of scalar features:       18
Tier of the feature space:        3
Maximal feature complexity (number of operators in a feature):        6
Unit of input primary feature, each represented by a row vector: 
    1.00
    1.00
    1.00
    1.00
    1.00
    1.00
    1.00
    1.00
    1.00
    1.00
    1.00
    1.00
    1.00
    1.00
    1.00
    1.00
    1.00
    1.00
The feature will be discarded if the minimum of the maximal abs. value in it <    0.10000E-02
The faature will be discarded if the maximum of the maximal abs. value in it >     0.10000E+06
Size of the SIS-selected (single) subspace :  10000 10000
Operators for feature construction: (+)(-)(*) (+)(-)(*) (+)(-)(*) 
Method for sparse regression:  L0        
Fitting intercept:      T
Metric for model selection: RMSE
Number of the top-ranked models to output:      100
--------------------------------------------------------------------------------

Dimension:   1
-------------------
Feature Construction (FC) starts ...
Population Standard Deviation (SD) of the task 001:   10.69635
Total number of features in the space phi00:             18
Total number of features in the space phi01:            565
Total number of features in the space phi02:         152406
Total number of features in the space phi03:     3099549313
Size of the SIS-selected subspace from phi03:      10000
Time (second) used for this FC:          517.18

Descriptor Identification (DI) starts ...
Total number of SIS-selected features from all dimensions:      10000
 
  1D descriptor: 
     d001 = (((feature12+feature17)-feature18)*((feature10-feature17)-(feature8-feature10)))    feature_ID:000001

  1D model(y=sum(ci*di)+c0): 
     coeff.(ci)_task001:     0.1998543272E+02
             c0_task001:     0.6578971638E+01
     RMSE,MaxAE_task001:     0.5185535174E+01    0.1237713386E+02

     RMSE and MaxAE of the model:   5.185535 12.377134
--------------------------------------------------------------------------------
Time (second) used for this DI:            0.11

Dimension:   2
-------------------
Feature Construction (FC) starts ...
Total number of features in the space phi00:             18
Total number of features in the space phi01:            565
Total number of features in the space phi02:         152406
Total number of features in the space phi03:     3099549313
Size of the SIS-selected subspace from phi03:      10000
Time (second) used for this FC:          518.08

Descriptor Identification (DI) starts ...
Total number of SIS-selected features from all dimensions:      20000
 
Final model/descriptor !
================================================================================
  2D descriptor: 
     d001 = (((feature10-feature17)*(feature12+feature17))-(feature10*(feature18-feature12)))    feature_ID:001829
     d002 = (((feature18-feature17)-feature17)*((feature1-feature12)*(feature10-feature11)))    feature_ID:010008

  2D model(y=sum(ci*di)+c0): 
     coeff.(ci)_task001:     0.1336179907E+02    0.4793443140E+02
             c0_task001:     0.9985369656E+01
     RMSE,MaxAE_task001:     0.3413116224E+01    0.9138162968E+01

     RMSE and MaxAE of the model:   3.413116  9.138163
================================================================================
Time (second) used for this DI:           25.61
Total time (second):         1061.85
Have a nice day !    

