****************************************************************
  Sure Independence Screening and Sparsifying Operator (SISSO)  
             Version SISSO.3.3, July, 2023.                
****************************************************************

Read in data from train.dat
Read in data from SISSO.in
Property type:     1
Number of tasks:        1
Descriptor dimension:        2
Number of samples for the task(s):     28
Restarts :  0
Number of scalar features:       20
Tier of the feature space:        3
Maximal feature complexity (number of operators in a feature):        6
Unit of input primary feature, each represented by a row vector: 
    1.00
    1.00
    1.00
    1.00
    1.00
    1.00
    1.00
    1.00
    1.00
    1.00
    1.00
    1.00
    1.00
    1.00
    1.00
    1.00
    1.00
    1.00
    1.00
    1.00
The feature will be discarded if the minimum of the maximal abs. value in it <    0.10000E-02
The faature will be discarded if the maximum of the maximal abs. value in it >     0.10000E+06
Size of the SIS-selected (single) subspace :  10000 10000
Operators for feature construction: (+)(-)(*) (+)(-)(*) (+)(-)(*) 
Method for sparse regression:  L0        
Fitting intercept:      T
Metric for model selection: RMSE
Number of the top-ranked models to output:      100
--------------------------------------------------------------------------------

Dimension:   1
-------------------
Feature Construction (FC) starts ...
Population Standard Deviation (SD) of the task 001:   24.25188
Total number of features in the space phi00:             20
Total number of features in the space phi01:            643
Total number of features in the space phi02:         199185
Total number of features in the space phi03:     4970335041
Size of the SIS-selected subspace from phi03:      10000
Time (second) used for this FC:          720.13

Descriptor Identification (DI) starts ...
Total number of SIS-selected features from all dimensions:      10000
 
  1D descriptor: 
     d001 = (((feature8+feature13)*(feature14-feature20))-(feature12*(feature15-feature13)))    feature_ID:000001

  1D model(y=sum(ci*di)+c0): 
     coeff.(ci)_task001:    -0.9842569416E+02
             c0_task001:     0.1555401951E+02
     RMSE,MaxAE_task001:     0.1301577953E+02    0.2659850938E+02

     RMSE and MaxAE of the model:  13.015780 26.598509
--------------------------------------------------------------------------------
Time (second) used for this DI:            0.09

Dimension:   2
-------------------
Feature Construction (FC) starts ...
Total number of features in the space phi00:             20
Total number of features in the space phi01:            643
Total number of features in the space phi02:         199185
Total number of features in the space phi03:     4970335041
Size of the SIS-selected subspace from phi03:      10000
Time (second) used for this FC:          721.32

Descriptor Identification (DI) starts ...
Total number of SIS-selected features from all dimensions:      20000
 
Final model/descriptor !
================================================================================
  2D descriptor: 
     d001 = (((feature1+feature13)*(feature13-feature17))-(feature15*(feature13-feature12)))    feature_ID:009150
     d002 = (((feature12-feature13)-feature18)*((feature12-feature9)*(feature12-feature20)))    feature_ID:015918

  2D model(y=sum(ci*di)+c0): 
     coeff.(ci)_task001:     0.1102425052E+03    0.3490482309E+03
             c0_task001:     0.1326112107E+02
     RMSE,MaxAE_task001:     0.8783239020E+01    0.1868557723E+02

     RMSE and MaxAE of the model:   8.783239 18.685577
================================================================================
Time (second) used for this DI:           21.57
Total time (second):         1463.86
Have a nice day !    

