forrtl: No such file or directory
forrtl: No such file or directory
forrtl: No such file or directory
forrtl: No such file or directory
forrtl: No such file or directory
forrtl: No such file or directory
forrtl: No such file or directory
forrtl: No such file or directory
forrtl: No such file or directory
forrtl: No such file or directory
forrtl: severe (29): file not found, unit 0, file /scratch/user/peterchao1/Plastic_Crystal/extra_molecules/update_42/v8/year_2/H/2019.0/SISSO.in
Image              PC                Routine            Line        Source             
SISSO_3.3          0000000000493B3C  Unknown               Unknown  Unknown
SISSO_3.3          00000000004A9FCE  Unknown               Unknown  Unknown
SISSO_3.3          000000000048CF5F  Unknown               Unknown  Unknown
SISSO_3.3          000000000048557C  Unknown               Unknown  Unknown
SISSO_3.3          000000000040362E  Unknown               Unknown  Unknown
libc-2.17.so       00002AE64A1A1555  __libc_start_main     Unknown  Unknown
SISSO_3.3          0000000000403529  Unknown               Unknown  Unknown
forrtl: severe (29): file not found, unit 0, file /scratch/user/peterchao1/Plastic_Crystal/extra_molecules/update_42/v8/year_2/H/2019.0/SISSO.in
Image              PC                Routine            Line        Source             
SISSO_3.3          0000000000493B3C  Unknown               Unknown  Unknown
SISSO_3.3          00000000004A9FCE  Unknown               Unknown  Unknown
SISSO_3.3          000000000048CF5F  Unknown               Unknown  Unknown
SISSO_3.3          000000000048557C  Unknown               Unknown  Unknown
SISSO_3.3          000000000040362E  Unknown               Unknown  Unknown
libc-2.17.so       00002B3A0CA7F555  __libc_start_main     Unknown  Unknown
SISSO_3.3          0000000000403529  Unknown               Unknown  Unknown
forrtl: severe (29): file not found, unit 0, file /scratch/user/peterchao1/Plastic_Crystal/extra_molecules/update_42/v8/year_2/H/2019.0/SISSO.in
Image              PC                Routine            Line        Source             
SISSO_3.3          0000000000493B3C  Unknown               Unknown  Unknown
SISSO_3.3          00000000004A9FCE  Unknown               Unknown  Unknown
SISSO_3.3          000000000048CF5F  Unknown               Unknown  Unknown
SISSO_3.3          000000000048557C  Unknown               Unknown  Unknown
SISSO_3.3          000000000040362E  Unknown               Unknown  Unknown
libc-2.17.so       00002AD1D695C555  __libc_start_main     Unknown  Unknown
SISSO_3.3          0000000000403529  Unknown               Unknown  Unknown
forrtl: severe (29): file not found, unit 0, file /scratch/user/peterchao1/Plastic_Crystal/extra_molecules/update_42/v8/year_2/H/2019.0/SISSO.in
Image              PC                Routine            Line        Source             
SISSO_3.3          0000000000493B3C  Unknown               Unknown  Unknown
SISSO_3.3          00000000004A9FCE  Unknown               Unknown  Unknown
SISSO_3.3          000000000048CF5F  Unknown               Unknown  Unknown
SISSO_3.3          000000000048557C  Unknown               Unknown  Unknown
SISSO_3.3          000000000040362E  Unknown               Unknown  Unknown
libc-2.17.so       00002B89B3103555  __libc_start_main     Unknown  Unknown
SISSO_3.3          0000000000403529  Unknown               Unknown  Unknown
forrtl: severe (29): file not found, unit 0, file /scratch/user/peterchao1/Plastic_Crystal/extra_molecules/update_42/v8/year_2/H/2019.0/SISSO.in
Image              PC                Routine            Line        Source             
SISSO_3.3          0000000000493B3C  Unknown               Unknown  Unknown
SISSO_3.3          00000000004A9FCE  Unknown               Unknown  Unknown
SISSO_3.3          000000000048CF5F  Unknown               Unknown  Unknown
SISSO_3.3          000000000048557C  Unknown               Unknown  Unknown
SISSO_3.3          000000000040362E  Unknown               Unknown  Unknown
libc-2.17.so       00002B5555EB0555  __libc_start_main     Unknown  Unknown
SISSO_3.3          0000000000403529  Unknown               Unknown  Unknown
forrtl: severe (29): file not found, unit 0, file /scratch/user/peterchao1/Plastic_Crystal/extra_molecules/update_42/v8/year_2/H/2019.0/SISSO.in
Image              PC                Routine            Line        Source             
SISSO_3.3          0000000000493B3C  Unknown               Unknown  Unknown
SISSO_3.3          00000000004A9FCE  Unknown               Unknown  Unknown
SISSO_3.3          000000000048CF5F  Unknown               Unknown  Unknown
SISSO_3.3          000000000048557C  Unknown               Unknown  Unknown
SISSO_3.3          000000000040362E  Unknown               Unknown  Unknown
libc-2.17.so       00002B3F2B345555  __libc_start_main     Unknown  Unknown
SISSO_3.3          0000000000403529  Unknown               Unknown  Unknown
forrtl: severe (29): file not found, unit 0, file /scratch/user/peterchao1/Plastic_Crystal/extra_molecules/update_42/v8/year_2/H/2019.0/SISSO.in
Image              PC                Routine            Line        Source             
SISSO_3.3          0000000000493B3C  Unknown               Unknown  Unknown
SISSO_3.3          00000000004A9FCE  Unknown               Unknown  Unknown
SISSO_3.3          000000000048CF5F  Unknown               Unknown  Unknown
SISSO_3.3          000000000048557C  Unknown               Unknown  Unknown
SISSO_3.3          000000000040362E  Unknown               Unknown  Unknown
libc-2.17.so       00002AB8EE004555  __libc_start_main     Unknown  Unknown
SISSO_3.3          0000000000403529  Unknown               Unknown  Unknown
forrtl: severe (29): file not found, unit 0, file /scratch/user/peterchao1/Plastic_Crystal/extra_molecules/update_42/v8/year_2/H/2019.0/SISSO.in
Image              PC                Routine            Line        Source             
SISSO_3.3          0000000000493B3C  Unknown               Unknown  Unknown
SISSO_3.3          00000000004A9FCE  Unknown               Unknown  Unknown
SISSO_3.3          000000000048CF5F  Unknown               Unknown  Unknown
SISSO_3.3          000000000048557C  Unknown               Unknown  Unknown
SISSO_3.3          000000000040362E  Unknown               Unknown  Unknown
libc-2.17.so       00002AE97AE53555  __libc_start_main     Unknown  Unknown
SISSO_3.3          0000000000403529  Unknown               Unknown  Unknown
forrtl: severe (29): file not found, unit 0, file /scratch/user/peterchao1/Plastic_Crystal/extra_molecules/update_42/v8/year_2/H/2019.0/SISSO.in
Image              PC                Routine            Line        Source             
SISSO_3.3          0000000000493B3C  Unknown               Unknown  Unknown
SISSO_3.3          00000000004A9FCE  Unknown               Unknown  Unknown
SISSO_3.3          000000000048CF5F  Unknown               Unknown  Unknown
SISSO_3.3          000000000048557C  Unknown               Unknown  Unknown
SISSO_3.3          000000000040362E  Unknown               Unknown  Unknown
libc-2.17.so       00002B0D9A358555  __libc_start_main     Unknown  Unknown
SISSO_3.3          0000000000403529  Unknown               Unknown  Unknown
