****************************************************************
  Sure Independence Screening and Sparsifying Operator (SISSO)  
             Version SISSO.3.3, July, 2023.                
****************************************************************

Read in data from train.dat
Read in data from SISSO.in
Property type:     1
Number of tasks:        1
Descriptor dimension:        2
Number of samples for the task(s):     36
Restarts :  0
Number of scalar features:       20
Tier of the feature space:        3
Maximal feature complexity (number of operators in a feature):        6
Unit of input primary feature, each represented by a row vector: 
    1.00
    1.00
    1.00
    1.00
    1.00
    1.00
    1.00
    1.00
    1.00
    1.00
    1.00
    1.00
    1.00
    1.00
    1.00
    1.00
    1.00
    1.00
    1.00
    1.00
The feature will be discarded if the minimum of the maximal abs. value in it <    0.10000E-02
The faature will be discarded if the maximum of the maximal abs. value in it >     0.10000E+06
Size of the SIS-selected (single) subspace :  10000 10000
Operators for feature construction: (+)(-)(*) (+)(-)(*) (+)(-)(*) 
Method for sparse regression:  L0        
Fitting intercept:      T
Metric for model selection: RMSE
Number of the top-ranked models to output:      100
--------------------------------------------------------------------------------

Dimension:   1
-------------------
Feature Construction (FC) starts ...
Population Standard Deviation (SD) of the task 001:   10.25334
Total number of features in the space phi00:             20
Total number of features in the space phi01:            673
Total number of features in the space phi02:         207428
Total number of features in the space phi03:     5378292108
Size of the SIS-selected subspace from phi03:      10000
Time (second) used for this FC:         1037.25

Descriptor Identification (DI) starts ...
Total number of SIS-selected features from all dimensions:      10000
 
  1D descriptor: 
     d001 = (((feature1+feature19)-feature12)+((feature10+feature19)-(feature15-feature7)))    feature_ID:000001

  1D model(y=sum(ci*di)+c0): 
     coeff.(ci)_task001:    -0.1089413175E+02
             c0_task001:     0.1674926406E+02
     RMSE,MaxAE_task001:     0.4941882153E+01    0.1660697332E+02

     RMSE and MaxAE of the model:   4.941882 16.606973
--------------------------------------------------------------------------------
Time (second) used for this DI:            0.10

Dimension:   2
-------------------
Feature Construction (FC) starts ...
Total number of features in the space phi00:             20
Total number of features in the space phi01:            673
Total number of features in the space phi02:         207428
Total number of features in the space phi03:     5378292108
Size of the SIS-selected subspace from phi03:      10000
Time (second) used for this FC:         1037.67

Descriptor Identification (DI) starts ...
Total number of SIS-selected features from all dimensions:      20000
 
Final model/descriptor !
================================================================================
  2D descriptor: 
     d001 = (((feature1+feature19)-feature12)+((feature16+feature19)-(feature5-feature19)))    feature_ID:005607
     d002 = (((feature19-feature17)-feature17)*((feature12-feature16)*(feature15-feature17)))    feature_ID:011026

  2D model(y=sum(ci*di)+c0): 
     coeff.(ci)_task001:    -0.1152479473E+02   -0.9539198825E+02
             c0_task001:     0.3533951732E+02
     RMSE,MaxAE_task001:     0.4064094331E+01    0.1337882188E+02

     RMSE and MaxAE of the model:   4.064094 13.378822
================================================================================
Time (second) used for this DI:           25.52
Total time (second):         2101.20
Have a nice day !    

