****************************************************************
  Sure Independence Screening and Sparsifying Operator (SISSO)  
             Version SISSO.3.3, July, 2023.                
****************************************************************

Read in data from train.dat
Read in data from SISSO.in
Property type:     1
Number of tasks:        1
Descriptor dimension:        2
Number of samples for the task(s):     36
Restarts :  0
Number of scalar features:       21
Tier of the feature space:        3
Maximal feature complexity (number of operators in a feature):        6
Unit of input primary feature, each represented by a row vector: 
    1.00
    1.00
    1.00
    1.00
    1.00
    1.00
    1.00
    1.00
    1.00
    1.00
    1.00
    1.00
    1.00
    1.00
    1.00
    1.00
    1.00
    1.00
    1.00
    1.00
    1.00
The feature will be discarded if the minimum of the maximal abs. value in it <    0.10000E-02
The faature will be discarded if the maximum of the maximal abs. value in it >     0.10000E+06
Size of the SIS-selected (single) subspace :  10000 10000
Operators for feature construction: (+)(-)(*) (+)(-)(*) (+)(-)(*) 
Method for sparse regression:  L0        
Fitting intercept:      T
Metric for model selection: RMSE
Number of the top-ranked models to output:      100
--------------------------------------------------------------------------------

Dimension:   1
-------------------
Feature Construction (FC) starts ...
Population Standard Deviation (SD) of the task 001:   10.83990
Total number of features in the space phi00:             21
Total number of features in the space phi01:            763
Total number of features in the space phi02:         275361
Total number of features in the space phi03:     8720440745
Size of the SIS-selected subspace from phi03:      10000
Time (second) used for this FC:         1535.95

Descriptor Identification (DI) starts ...
Total number of SIS-selected features from all dimensions:      10000
 
  1D descriptor: 
     d001 = (((feature14+feature19)-feature20)*((feature12+feature17)-(feature13+feature19)))    feature_ID:000001

  1D model(y=sum(ci*di)+c0): 
     coeff.(ci)_task001:     0.2175811094E+02
             c0_task001:     0.6601481840E+01
     RMSE,MaxAE_task001:     0.5025205013E+01    0.1371658668E+02

     RMSE and MaxAE of the model:   5.025205 13.716587
--------------------------------------------------------------------------------
Time (second) used for this DI:            0.09

Dimension:   2
-------------------
Feature Construction (FC) starts ...
Total number of features in the space phi00:             21
Total number of features in the space phi01:            763
Total number of features in the space phi02:         275361
Total number of features in the space phi03:     8720440745
Size of the SIS-selected subspace from phi03:      10000
Time (second) used for this FC:         1537.33

Descriptor Identification (DI) starts ...
Total number of SIS-selected features from all dimensions:      20000
 
Final model/descriptor !
================================================================================
  2D descriptor: 
     d001 = (((feature14+feature19)-feature20)*((feature12-feature13)+(feature12-feature19)))    feature_ID:000005
     d002 = ((feature21*(feature19-feature20))+((feature1-feature19)*(feature2-feature12)))    feature_ID:010056

  2D model(y=sum(ci*di)+c0): 
     coeff.(ci)_task001:     0.2277774542E+02    0.1549275400E+02
             c0_task001:     0.4518473881E+01
     RMSE,MaxAE_task001:     0.3841804359E+01    0.1166102630E+02

     RMSE and MaxAE of the model:   3.841804 11.661026
================================================================================
Time (second) used for this DI:           30.32
Total time (second):         3104.51
Have a nice day !    

