****************************************************************
  Sure Independence Screening and Sparsifying Operator (SISSO)  
             Version SISSO.3.3, July, 2023.                
****************************************************************

Read in data from train.dat
Read in data from SISSO.in
Property type:     1
Number of tasks:        1
Descriptor dimension:        2
Number of samples for the task(s):     36
Restarts :  0
Number of scalar features:       18
Tier of the feature space:        3
Maximal feature complexity (number of operators in a feature):        6
Unit of input primary feature, each represented by a row vector: 
    1.00
    1.00
    1.00
    1.00
    1.00
    1.00
    1.00
    1.00
    1.00
    1.00
    1.00
    1.00
    1.00
    1.00
    1.00
    1.00
    1.00
    1.00
The feature will be discarded if the minimum of the maximal abs. value in it <    0.10000E-02
The faature will be discarded if the maximum of the maximal abs. value in it >     0.10000E+06
Size of the SIS-selected (single) subspace :  10000 10000
Operators for feature construction: (+)(-)(*) (+)(-)(*) (+)(-)(*) 
Method for sparse regression:  L0        
Fitting intercept:      T
Metric for model selection: RMSE
Number of the top-ranked models to output:      100
--------------------------------------------------------------------------------

Dimension:   1
-------------------
Feature Construction (FC) starts ...
Population Standard Deviation (SD) of the task 001:   22.63888
Total number of features in the space phi00:             18
Total number of features in the space phi01:            574
Total number of features in the space phi02:         167542
Total number of features in the space phi03:     3573380675
Size of the SIS-selected subspace from phi03:      10000
Time (second) used for this FC:          584.53

Descriptor Identification (DI) starts ...
Total number of SIS-selected features from all dimensions:      10000
 
  1D descriptor: 
     d001 = (((feature3+feature18)*(feature9-feature15))-(feature13*(feature1+feature16)))    feature_ID:000001

  1D model(y=sum(ci*di)+c0): 
     coeff.(ci)_task001:     0.6212556578E+02
             c0_task001:     0.6303932984E+02
     RMSE,MaxAE_task001:     0.1023319876E+02    0.2554467758E+02

     RMSE and MaxAE of the model:  10.233199 25.544678
--------------------------------------------------------------------------------
Time (second) used for this DI:            0.09

Dimension:   2
-------------------
Feature Construction (FC) starts ...
Total number of features in the space phi00:             18
Total number of features in the space phi01:            574
Total number of features in the space phi02:         167542
Total number of features in the space phi03:     3573380675
Size of the SIS-selected subspace from phi03:      10000
Time (second) used for this FC:          585.43

Descriptor Identification (DI) starts ...
Total number of SIS-selected features from all dimensions:      20000
 
Final model/descriptor !
================================================================================
  2D descriptor: 
     d001 = (((feature13+feature18)*(feature15+feature16))-(feature9*(feature18-feature1)))    feature_ID:007106
     d002 = ((feature13*(feature10-feature18))*((feature10-feature11)-(feature16-feature7)))    feature_ID:011391

  2D model(y=sum(ci*di)+c0): 
     coeff.(ci)_task001:    -0.3657803321E+02    0.8777052023E+02
             c0_task001:     0.7048409959E+02
     RMSE,MaxAE_task001:     0.7481731449E+01    0.2380676239E+02

     RMSE and MaxAE of the model:   7.481731 23.806762
================================================================================
Time (second) used for this DI:           25.59
Total time (second):         1196.25
Have a nice day !    

