
       ==============================================
       |                                            |
       |                 C R E S T                  |
       |                                            |
       |  Conformer-Rotamer Ensemble Sampling Tool  |
       |          based on the GFN methods          |
       |             P.Pracht, S.Grimme             |
       |          Universitaet Bonn, MCTC           |
       ==============================================
       Version 2.12,   Thu 19. Mai 16:32:32 CEST 2022
  Using the xTB program. Compatible with xTB version 6.4.0

   Cite work conducted with this code as

   • P.Pracht, F.Bohle, S.Grimme, PCCP, 2020, 22, 7169-7192.
   • S.Grimme, JCTC, 2019, 15, 2847-2862.

   and for works involving QCG as

   • S.Spicher, C.Plett, P.Pracht, A.Hansen, S.Grimme,
     JCTC, 2022, 18 (5), 3174-3189.

   with help from:
   C.Bannwarth, F.Bohle, S.Ehlert, S.Grimme,
   C.Plett, P.Pracht, S.Spicher

   This program is distributed in the hope that it will be useful,
   but WITHOUT ANY WARRANTY; without even the implied warranty of
   MERCHANTABILITY or FITNESS FOR A PARTICULAR PURPOSE.

 Command line input:
 > crest out.xyz --gfn 2 --chrg 0 -T 1 --noreftopo

  -gfn2 : Use of GFN2-xTB requested.
  --chrg 0
  -T 1 (CPUs/Threads selected)

 -------------------------
 xTB Geometry Optimization
 -------------------------
 Geometry successfully optimized.

------------------------------------------------
Generating MTD length from a flexibility measure
------------------------------------------------
 Calculating WBOs... done.
 Calculating NCI flexibility... done.
     covalent flexibility measure :   0.313
 non-covalent flexibility measure :   0.834
 flexibility measure :   0.390
 t(MTD) / ps    :     5.0
 Σ(t(MTD)) / ps :    70.0 (14 MTDs)

-------------------------------------
Starting a trial MTD to test settings
-------------------------------------
 Estimated runtime for one MTD (5.0 ps) on a single thread: 9 min 55 sec
 Estimated runtime for a batch of 14 MTDs on 1 threads: 2 h 18 min 44 sec

 list of Vbias parameters applied:
$metadyn    0.00300   1.300
$metadyn    0.00150   1.300
$metadyn    0.00075   1.300
$metadyn    0.00300   0.780
$metadyn    0.00150   0.780
$metadyn    0.00075   0.780
$metadyn    0.00300   0.468
$metadyn    0.00150   0.468
$metadyn    0.00075   0.468
$metadyn    0.00300   0.281
$metadyn    0.00150   0.281
$metadyn    0.00075   0.281
$metadyn    0.00100   0.100
$metadyn    0.00500   0.800

*******************************************************************************************
**                        N E W    I T E R A T I O N    C Y C L E                        **
*******************************************************************************************

========================================
            MTD Iteration  1
========================================

     ========================================
     |         Meta-MD (MTD) Sampling       |
     ========================================

Starting Meta-MD  14 with the settings:
     MD time /ps        :     5.0
     dt /fs             :     5.0
     dumpstep(trj) /fs  :     100
     dumpstep(Vbias)/ps :     1.0
     Vbias factor k /Eh :  0.0900
     Vbias exp α /bohr⁻²:    0.80
*Meta-MTD 14 finished*
Starting Meta-MD  13 with the settings:
     MD time /ps        :     5.0
     dt /fs             :     5.0
     dumpstep(trj) /fs  :     100
     dumpstep(Vbias)/ps :     1.0
     Vbias factor k /Eh :  0.0180
     Vbias exp α /bohr⁻²:    0.10
*Meta-MTD 13 finished*
Starting Meta-MD  12 with the settings:
     MD time /ps        :     5.0
     dt /fs             :     5.0
     dumpstep(trj) /fs  :     100
     dumpstep(Vbias)/ps :     1.0
     Vbias factor k /Eh :  0.0135
     Vbias exp α /bohr⁻²:    0.28
*Meta-MTD 12 finished*
Starting Meta-MD  11 with the settings:
     MD time /ps        :     5.0
     dt /fs             :     5.0
     dumpstep(trj) /fs  :     100
     dumpstep(Vbias)/ps :     1.0
     Vbias factor k /Eh :  0.0270
     Vbias exp α /bohr⁻²:    0.28
*Meta-MTD 11 finished*
Starting Meta-MD  10 with the settings:
     MD time /ps        :     5.0
     dt /fs             :     5.0
     dumpstep(trj) /fs  :     100
     dumpstep(Vbias)/ps :     1.0
     Vbias factor k /Eh :  0.0540
     Vbias exp α /bohr⁻²:    0.28
*Meta-MTD 10 finished*
Starting Meta-MD   9 with the settings:
     MD time /ps        :     5.0
     dt /fs             :     5.0
     dumpstep(trj) /fs  :     100
     dumpstep(Vbias)/ps :     1.0
     Vbias factor k /Eh :  0.0135
     Vbias exp α /bohr⁻²:    0.47
*Meta-MTD 9 finished*
Starting Meta-MD   8 with the settings:
     MD time /ps        :     5.0
     dt /fs             :     5.0
     dumpstep(trj) /fs  :     100
     dumpstep(Vbias)/ps :     1.0
     Vbias factor k /Eh :  0.0270
     Vbias exp α /bohr⁻²:    0.47
*Meta-MTD 8 finished*
Starting Meta-MD   7 with the settings:
     MD time /ps        :     5.0
     dt /fs             :     5.0
     dumpstep(trj) /fs  :     100
     dumpstep(Vbias)/ps :     1.0
     Vbias factor k /Eh :  0.0540
     Vbias exp α /bohr⁻²:    0.47
*Meta-MTD 7 finished*
Starting Meta-MD   6 with the settings:
     MD time /ps        :     5.0
     dt /fs             :     5.0
     dumpstep(trj) /fs  :     100
     dumpstep(Vbias)/ps :     1.0
     Vbias factor k /Eh :  0.0135
     Vbias exp α /bohr⁻²:    0.78
*Meta-MTD 6 finished*
Starting Meta-MD   5 with the settings:
     MD time /ps        :     5.0
     dt /fs             :     5.0
     dumpstep(trj) /fs  :     100
     dumpstep(Vbias)/ps :     1.0
     Vbias factor k /Eh :  0.0270
     Vbias exp α /bohr⁻²:    0.78
*Meta-MTD 5 finished*
Starting Meta-MD   4 with the settings:
     MD time /ps        :     5.0
     dt /fs             :     5.0
     dumpstep(trj) /fs  :     100
     dumpstep(Vbias)/ps :     1.0
     Vbias factor k /Eh :  0.0540
     Vbias exp α /bohr⁻²:    0.78
*Meta-MTD 4 finished*
Starting Meta-MD   3 with the settings:
     MD time /ps        :     5.0
     dt /fs             :     5.0
     dumpstep(trj) /fs  :     100
     dumpstep(Vbias)/ps :     1.0
     Vbias factor k /Eh :  0.0135
     Vbias exp α /bohr⁻²:    1.30
*Meta-MTD 3 finished*
Starting Meta-MD   2 with the settings:
     MD time /ps        :     5.0
     dt /fs             :     5.0
     dumpstep(trj) /fs  :     100
     dumpstep(Vbias)/ps :     1.0
     Vbias factor k /Eh :  0.0270
     Vbias exp α /bohr⁻²:    1.30
*Meta-MTD 2 finished*
Starting Meta-MD   1 with the settings:
     MD time /ps        :     5.0
     dt /fs             :     5.0
     dumpstep(trj) /fs  :     100
     dumpstep(Vbias)/ps :     1.0
     Vbias factor k /Eh :  0.0540
     Vbias exp α /bohr⁻²:    1.30
*Meta-MTD 1 finished*

-----------------------
Multilevel Optimization
-----------------------

 -------------------------
 1. crude pre-optimization
 -------------------------
 Optimizing all 686 structures from file "crest_rotamers_0.xyz" ...
 1 2 3 4 5 6 7 8 9 10 11 12 13 14 15 16 17 18 19 20 21 22 23 24 25 26 27 28 29 30 31 32 33 34 35 36 37 38 39 40 41 42 43 44 45 46 47 48 49 50 51 52 53 54 55 56 57 58 59 60 61 62 63 64 65 66 67 68 69 70 71 72 73 74 75 76 77 78 79 80 81 82 83 84 85 86 87 88 89 90 91 92 93 94 95 96 97 98 99 100 101 102 103 104 105 106 107 108 109 110 111 112 113 114 115 116 117 118 119 120 121 122 123 124 125 126 127 128 129 130 131 132 133 134 135 136 137 138 139 140 141 142 143 144 145 146 147 148 149 150 151 152 153 154 155 156 157 158 159 160 161 162 163 164 165 166 167 168 169 170 171 172 173 174 175 176 177 178 179 180 181 182 183 184 185 186 187 188 189 190 191 192 193 194 195 196 197 198 199 200 201 202 203 204 205 206 207 208 209 210 211 212 213 214 215 216 217 218 219 220 221 222 223 224 225 226 227 228 229 230 231 232 233 234 235 236 237 238 239 240 241 242 243 244 245 246 247 248 249 250 251 252 253 254 255 256 257 258 259 260 261 262 263 264 265 266 267 268 269 270 271 272 273 274 275 276 277 278 279 280 281 282 283 284 285 286 287 288 289 290 291 292 293 294 295 296 297 298 299 300 301 302 303 304 305 306 307 308 309 310 311 312 313 314 315 316 317 318 319 320 321 322 323 324 325 326 327 328 329 330 331 332 333 334 335 336 337 338 339 340 341 342 343 344 345 346 347 348 349 350 351 352 353 354 355 356 357 358 359 360 361 362 363 364 365 366 367 368 369 370 371 372 373 374 375 376 377 378 379 380 381 382 383 384 385 386 387 388 389 390 391 392 393 394 395 396 397 398 399 400 401 402 403 404 405 406 407 408 409 410 411 412 413 414 415 416 417 418 419 420 421 422 423 424 425 426 427 428 429 430 431 432 433 434 435 436 437 438 439 440 441 442 443 444 445 446 447 448 449 450 451 452 453 454 455 456 457 458 459 460 461 462 463 464 465 466 467 468 469 470 471 472 473 474 475 476 477 478 479 480 481 482 483 484 485 486 487 488 489 490 491 492 493 494 495 496 497 498 499 500 501 502 503 504 505 506 507 508 509 510 511 512 513 514 515 516 517 518 519 520 521 522 523 524 525 526 527 528 529 530 531 532 533 534 535 536 537 538 539 540 541 542 543 544 545 546 547 548 549 550 551 552 553 554 555 556 557 558 559 560 561 562 563 564 565 566 567 568 569 570 571 572 573 574 575 576 577 578 579 580 581 582 583 584 585 586 587 588 589 590 591 592 593 594 595 596 597 598 599 600 601 602 603 604 605 606 607 608 609 610 611 612 613 614 615 616 617 618 619 620 621 622 623 624 625 626 627 628 629 630 631 632 633 634 635 636 637 638 639 640 641 642 643 644 645 646 647 648 649 650 651 652 653 654 655 656 657 658 659 660 661 662 663 664 665 666 667 668 669 670 671 672 673 674 675 676 677 678 679 680 681 682 683 684 685 686
 done.
 running RMSDs...
 done.
 E lowest :   -20.51008
 534 structures remain within    12.00 kcal/mol window

 -------------------------------------
 2. optimization with tight thresholds
 -------------------------------------
 Optimizing all 535 structures from file "crest_rotamers_1.xyz" ...
 1 2 3 4 5 6 7 8 9 10 11 12 13 14 15 16 17 18 19 20 21 22 23 24 25 26 27 28 29 30 31 32 33 34 35 36 37 38 39 40 41 42 43 44 45 46 47 48 49 50 51 52 53 54 55 56 57 58 59 60 61 62 63 64 65 66 67 68 69 70 71 72 73 74 75 76 77 78 79 80 81 82 83 84 85 86 87 88 89 90 91 92 93 94 95 96 97 98 99 100 101 102 103 104 105 106 107 108 109 110 111 112 113 114 115 116 117 118 119 120 121 122 123 124 125 126 127 128 129 130 131 132 133 134 135 136 137 138 139 140 141 142 143 144 145 146 147 148 149 150 151 152 153 154 155 156 157 158 159 160 161 162 163 164 165 166 167 168 169 170 171 172 173 174 175 176 177 178 179 180 181 182 183 184 185 186 187 188 189 190 191 192 193 194 195 196 197 198 199 200 201 202 203 204 205 206 207 208 209 210 211 212 213 214 215 216 217 218 219 220 221 222 223 224 225 226 227 228 229 230 231 232 233 234 235 236 237 238 239 240 241 242 243 244 245 246 247 248 249 250 251 252 253 254 255 256 257 258 259 260 261 262 263 264 265 266 267 268 269 270 271 272 273 274 275 276 277 278 279 280 281 282 283 284 285 286 287 288 289 290 291 292 293 294 295 296 297 298 299 300 301 302 303 304 305 306 307 308 309 310 311 312 313 314 315 316 317 318 319 320 321 322 323 324 325 326 327 328 329 330 331 332 333 334 335 336 337 338 339 340 341 342 343 344 345 346 347 348 349 350 351 352 353 354 355 356 357 358 359 360 361 362 363 364 365 366 367 368 369 370 371 372 373 374 375 376 377 378 379 380 381 382 383 384 385 386 387 388 389 390 391 392 393 394 395 396 397 398 399 400 401 402 403 404 405 406 407 408 409 410 411 412 413 414 415 416 417 418 419 420 421 422 423 424 425 426 427 428 429 430 431 432 433 434 435 436 437 438 439 440 441 442 443 444 445 446 447 448 449 450 451 452 453 454 455 456 457 458 459 460 461 462 463 464 465 466 467 468 469 470 471 472 473 474 475 476 477 478 479 480 481 482 483 484 485 486 487 488 489 490 491 492 493 494 495 496 497 498 499 500 501 502 503 504 505 506 507 508 509 510 511 512 513 514 515 516 517 518 519 520 521 522 523 524 525 526 527 528 529 530 531 532 533 534 535
 done.
 running RMSDs...
 done.
 E lowest :   -20.51014
 169 structures remain within     6.00 kcal/mol window


========================================
            MTD Iteration  2
========================================

     ========================================
     |         Meta-MD (MTD) Sampling       |
     ========================================

Starting Meta-MD  12 with the settings:
     MD time /ps        :     5.0
     dt /fs             :     5.0
     dumpstep(trj) /fs  :     100
     dumpstep(Vbias)/ps :     1.0
     Vbias factor k /Eh :  0.0135
     Vbias exp α /bohr⁻²:    0.28
*Meta-MTD 12 finished*
Starting Meta-MD  11 with the settings:
     MD time /ps        :     5.0
     dt /fs             :     5.0
     dumpstep(trj) /fs  :     100
     dumpstep(Vbias)/ps :     1.0
     Vbias factor k /Eh :  0.0270
     Vbias exp α /bohr⁻²:    0.28
*Meta-MTD 11 finished*
Starting Meta-MD  10 with the settings:
     MD time /ps        :     5.0
     dt /fs             :     5.0
     dumpstep(trj) /fs  :     100
     dumpstep(Vbias)/ps :     1.0
     Vbias factor k /Eh :  0.0540
     Vbias exp α /bohr⁻²:    0.28
*Meta-MTD 10 finished*
Starting Meta-MD   9 with the settings:
     MD time /ps        :     5.0
     dt /fs             :     5.0
     dumpstep(trj) /fs  :     100
     dumpstep(Vbias)/ps :     1.0
     Vbias factor k /Eh :  0.0135
     Vbias exp α /bohr⁻²:    0.47
*Meta-MTD 9 finished*
Starting Meta-MD   8 with the settings:
     MD time /ps        :     5.0
     dt /fs             :     5.0
     dumpstep(trj) /fs  :     100
     dumpstep(Vbias)/ps :     1.0
     Vbias factor k /Eh :  0.0270
     Vbias exp α /bohr⁻²:    0.47
*Meta-MTD 8 finished*
Starting Meta-MD   7 with the settings:
     MD time /ps        :     5.0
     dt /fs             :     5.0
     dumpstep(trj) /fs  :     100
     dumpstep(Vbias)/ps :     1.0
     Vbias factor k /Eh :  0.0540
     Vbias exp α /bohr⁻²:    0.47
*Meta-MTD 7 finished*
Starting Meta-MD   6 with the settings:
     MD time /ps        :     5.0
     dt /fs             :     5.0
     dumpstep(trj) /fs  :     100
     dumpstep(Vbias)/ps :     1.0
     Vbias factor k /Eh :  0.0135
     Vbias exp α /bohr⁻²:    0.78
*Meta-MTD 6 finished*
Starting Meta-MD   5 with the settings:
     MD time /ps        :     5.0
     dt /fs             :     5.0
     dumpstep(trj) /fs  :     100
     dumpstep(Vbias)/ps :     1.0
     Vbias factor k /Eh :  0.0270
     Vbias exp α /bohr⁻²:    0.78
*Meta-MTD 5 finished*
Starting Meta-MD   4 with the settings:
     MD time /ps        :     5.0
     dt /fs             :     5.0
     dumpstep(trj) /fs  :     100
     dumpstep(Vbias)/ps :     1.0
     Vbias factor k /Eh :  0.0540
     Vbias exp α /bohr⁻²:    0.78
*Meta-MTD 4 finished*
Starting Meta-MD   3 with the settings:
     MD time /ps        :     5.0
     dt /fs             :     5.0
     dumpstep(trj) /fs  :     100
     dumpstep(Vbias)/ps :     1.0
     Vbias factor k /Eh :  0.0135
     Vbias exp α /bohr⁻²:    1.30
*Meta-MTD 3 finished*
Starting Meta-MD   2 with the settings:
     MD time /ps        :     5.0
     dt /fs             :     5.0
     dumpstep(trj) /fs  :     100
     dumpstep(Vbias)/ps :     1.0
     Vbias factor k /Eh :  0.0270
     Vbias exp α /bohr⁻²:    1.30
*Meta-MTD 2 finished*
Starting Meta-MD   1 with the settings:
     MD time /ps        :     5.0
     dt /fs             :     5.0
     dumpstep(trj) /fs  :     100
     dumpstep(Vbias)/ps :     1.0
     Vbias factor k /Eh :  0.0540
     Vbias exp α /bohr⁻²:    1.30
*Meta-MTD 1 finished*

-----------------------
Multilevel Optimization
-----------------------

 -------------------------
 1. crude pre-optimization
 -------------------------
 Optimizing all 588 structures from file "crest_rotamers_0.xyz" ...
 1 2 3 4 5 6 7 8 9 10 11 12 13 14 15 16 17 18 19 20 21 22 23 24 25 26 27 28 29 30 31 32 33 34 35 36 37 38 39 40 41 42 43 44 45 46 47 48 49 50 51 52 53 54 55 56 57 58 59 60 61 62 63 64 65 66 67 68 69 70 71 72 73 74 75 76 77 78 79 80 81 82 83 84 85 86 87 88 89 90 91 92 93 94 95 96 97 98 99 100 101 102 103 104 105 106 107 108 109 110 111 112 113 114 115 116 117 118 119 120 121 122 123 124 125 126 127 128 129 130 131 132 133 134 135 136 137 138 139 140 141 142 143 144 145 146 147 148 149 150 151 152 153 154 155 156 157 158 159 160 161 162 163 164 165 166 167 168 169 170 171 172 173 174 175 176 177 178 179 180 181 182 183 184 185 186 187 188 189 190 191 192 193 194 195 196 197 198 199 200 201 202 203 204 205 206 207 208 209 210 211 212 213 214 215 216 217 218 219 220 221 222 223 224 225 226 227 228 229 230 231 232 233 234 235 236 237 238 239 240 241 242 243 244 245 246 247 248 249 250 251 252 253 254 255 256 257 258 259 260 261 262 263 264 265 266 267 268 269 270 271 272 273 274 275 276 277 278 279 280 281 282 283 284 285 286 287 288 289 290 291 292 293 294 295 296 297 298 299 300 301 302 303 304 305 306 307 308 309 310 311 312 313 314 315 316 317 318 319 320 321 322 323 324 325 326 327 328 329 330 331 332 333 334 335 336 337 338 339 340 341 342 343 344 345 346 347 348 349 350 351 352 353 354 355 356 357 358 359 360 361 362 363 364 365 366 367 368 369 370 371 372 373 374 375 376 377 378 379 380 381 382 383 384 385 386 387 388 389 390 391 392 393 394 395 396 397 398 399 400 401 402 403 404 405 406 407 408 409 410 411 412 413 414 415 416 417 418 419 420 421 422 423 424 425 426 427 428 429 430 431 432 433 434 435 436 437 438 439 440 441 442 443 444 445 446 447 448 449 450 451 452 453 454 455 456 457 458 459 460 461 462 463 464 465 466 467 468 469 470 471 472 473 474 475 476 477 478 479 480 481 482 483 484 485 486 487 488 489 490 491 492 493 494 495 496 497 498 499 500 501 502 503 504 505 506 507 508 509 510 511 512 513 514 515 516 517 518 519 520 521 522 523 524 525 526 527 528 529 530 531 532 533 534 535 536 537 538 539 540 541 542 543 544 545 546 547 548 549 550 551 552 553 554 555 556 557 558 559 560 561 562 563 564 565 566 567 568 569 570 571 572 573 574 575 576 577 578 579 580 581 582 583 584 585 586 587 588
 done.
 running RMSDs...
 done.
 E lowest :   -20.51002
 430 structures remain within    12.00 kcal/mol window

 -------------------------------------
 2. optimization with tight thresholds
 -------------------------------------
 Optimizing all 431 structures from file "crest_rotamers_1.xyz" ...
 1 2 3 4 5 6 7 8 9 10 11 12 13 14 15 16 17 18 19 20 21 22 23 24 25 26 27 28 29 30 31 32 33 34 35 36 37 38 39 40 41 42 43 44 45 46 47 48 49 50 51 52 53 54 55 56 57 58 59 60 61 62 63 64 65 66 67 68 69 70 71 72 73 74 75 76 77 78 79 80 81 82 83 84 85 86 87 88 89 90 91 92 93 94 95 96 97 98 99 100 101 102 103 104 105 106 107 108 109 110 111 112 113 114 115 116 117 118 119 120 121 122 123 124 125 126 127 128 129 130 131 132 133 134 135 136 137 138 139 140 141 142 143 144 145 146 147 148 149 150 151 152 153 154 155 156 157 158 159 160 161 162 163 164 165 166 167 168 169 170 171 172 173 174 175 176 177 178 179 180 181 182 183 184 185 186 187 188 189 190 191 192 193 194 195 196 197 198 199 200 201 202 203 204 205 206 207 208 209 210 211 212 213 214 215 216 217 218 219 220 221 222 223 224 225 226 227 228 229 230 231 232 233 234 235 236 237 238 239 240 241 242 243 244 245 246 247 248 249 250 251 252 253 254 255 256 257 258 259 260 261 262 263 264 265 266 267 268 269 270 271 272 273 274 275 276 277 278 279 280 281 282 283 284 285 286 287 288 289 290 291 292 293 294 295 296 297 298 299 300 301 302 303 304 305 306 307 308 309 310 311 312 313 314 315 316 317 318 319 320 321 322 323 324 325 326 327 328 329 330 331 332 333 334 335 336 337 338 339 340 341 342 343 344 345 346 347 348 349 350 351 352 353 354 355 356 357 358 359 360 361 362 363 364 365 366 367 368 369 370 371 372 373 374 375 376 377 378 379 380 381 382 383 384 385 386 387 388 389 390 391 392 393 394 395 396 397 398 399 400 401 402 403 404 405 406 407 408 409 410 411 412 413 414 415 416 417 418 419 420 421 422 423 424 425 426 427 428 429 430 431
 done.
 running RMSDs...
 done.
 E lowest :   -20.51014
 148 structures remain within     6.00 kcal/mol window

========================================
            MTD Iterations done         
========================================
 Collecting ensmbles.
 running RMSDs...
 done.
 E lowest :   -20.51014
 222 structures remain within     6.00 kcal/mol window

-----------------------------------------------
Additional regular MDs on lowest 4 conformer(s)
-----------------------------------------------
Starting MD   8 with the settings:
     MD time /ps        :     2.5
     MD Temperature /K  :   500.0
     dt /fs             :     5.0
     dumpstep(trj) /fs  :     100
*MD 8 finished*
Starting MD   7 with the settings:
     MD time /ps        :     2.5
     MD Temperature /K  :   400.0
     dt /fs             :     5.0
     dumpstep(trj) /fs  :     100
*MD 7 finished*
Starting MD   6 with the settings:
     MD time /ps        :     2.5
     MD Temperature /K  :   500.0
     dt /fs             :     5.0
     dumpstep(trj) /fs  :     100
*MD 6 finished*
Starting MD   5 with the settings:
     MD time /ps        :     2.5
     MD Temperature /K  :   400.0
     dt /fs             :     5.0
     dumpstep(trj) /fs  :     100
*MD 5 finished*
Starting MD   4 with the settings:
     MD time /ps        :     2.5
     MD Temperature /K  :   500.0
     dt /fs             :     5.0
     dumpstep(trj) /fs  :     100
*MD 4 finished*
Starting MD   3 with the settings:
     MD time /ps        :     2.5
     MD Temperature /K  :   400.0
     dt /fs             :     5.0
     dumpstep(trj) /fs  :     100
*MD 3 finished*
Starting MD   2 with the settings:
     MD time /ps        :     2.5
     MD Temperature /K  :   500.0
     dt /fs             :     5.0
     dumpstep(trj) /fs  :     100
*MD 2 finished*
Starting MD   1 with the settings:
     MD time /ps        :     2.5
     MD Temperature /K  :   400.0
     dt /fs             :     5.0
     dumpstep(trj) /fs  :     100
*MD 1 finished*
 Appending file crest_rotamers_1.xyz with new structures

 -------------------------------------------
 Ensemble optimization with tight thresholds
 -------------------------------------------
 Optimizing all 414 structures from file "crest_rotamers_1.xyz" ...
 1 2 3 4 5 6 7 8 9 10 11 12 13 14 15 16 17 18 19 20 21 22 23 24 25 26 27 28 29 30 31 32 33 34 35 36 37 38 39 40 41 42 43 44 45 46 47 48 49 50 51 52 53 54 55 56 57 58 59 60 61 62 63 64 65 66 67 68 69 70 71 72 73 74 75 76 77 78 79 80 81 82 83 84 85 86 87 88 89 90 91 92 93 94 95 96 97 98 99 100 101 102 103 104 105 106 107 108 109 110 111 112 113 114 115 116 117 118 119 120 121 122 123 124 125 126 127 128 129 130 131 132 133 134 135 136 137 138 139 140 141 142 143 144 145 146 147 148 149 150 151 152 153 154 155 156 157 158 159 160 161 162 163 164 165 166 167 168 169 170 171 172 173 174 175 176 177 178 179 180 181 182 183 184 185 186 187 188 189 190 191 192 193 194 195 196 197 198 199 200 201 202 203 204 205 206 207 208 209 210 211 212 213 214 215 216 217 218 219 220 221 222 223 224 225 226 227 228 229 230 231 232 233 234 235 236 237 238 239 240 241 242 243 244 245 246 247 248 249 250 251 252 253 254 255 256 257 258 259 260 261 262 263 264 265 266 267 268 269 270 271 272 273 274 275 276 277 278 279 280 281 282 283 284 285 286 287 288 289 290 291 292 293 294 295 296 297 298 299 300 301 302 303 304 305 306 307 308 309 310 311 312 313 314 315 316 317 318 319 320 321 322 323 324 325 326 327 328 329 330 331 332 333 334 335 336 337 338 339 340 341 342 343 344 345 346 347 348 349 350 351 352 353 354 355 356 357 358 359 360 361 362 363 364 365 366 367 368 369 370 371 372 373 374 375 376 377 378 379 380 381 382 383 384 385 386 387 388 389 390 391 392 393 394 395 396 397 398 399 400 401 402 403 404 405 406 407 408 409 410 411 412 413 414
 done.
 running RMSDs...
 done.
 E lowest :   -20.51014
 243 structures remain within     6.00 kcal/mol window


     ========================================
     |        Structure Crossing (GC)       |
     ========================================
 =============================
  # threads =           1
 =============================
 input  file name : crest_rotamers_3.xyz
number of atoms                :    18
number of points on xyz files  :   243
conformer energy window  /kcal :    6.00
CN per atom difference cut-off :  0.3000
RMSD threshold                 :  0.2500
max. # of generated structures : 250
 reading xyz file ...
 # in E window                243
 generating pairs ...       29645
  41.2 % done
  82.3 % done
 generated pairs           :       25182
 number of clash discarded :        4221
 average rmsd w.r.t input  : 2.50441
 sd of ensemble            : 0.51507
 number of new structures      :          45
 removed identical structures  :         455
 writing           45  TMPCONF* dirs ...
 --------------------------
 GC: loose pre-optimization
 --------------------------
 Starting optimization of generated structures
 45 jobs to do.
 1 2 3 4 5 6 7 8 9 10 11 12 13 14 15 16 17 18 19 20 21 22 23 24 25 26 27 28 29 30 31 32 33 34 35 36 37 38 39 40 41 42 43 44 45 
 done.
 Now appending opt.xyz file with new structures
 running RMSDs...
 done.
 E lowest :   -20.51014
 34 structures remain within    10.00 kcal/mol window
 --------------------------------------
 GC: optimization with tight thresholds
 --------------------------------------
 Optimizing all 34 structures from file "crest_rotamers_1.xyz" ...
 1 2 3 4 5 6 7 8 9 10 11 12 13 14 15 16 17 18 19 20 21 22 23 24 25 26 27 28 29 30 31 32 33 34
 done.
 running RMSDs...
 done.
 E lowest :   -20.51014


   ================================================
   |           Final Geometry Optimization        |
   ================================================
 ------------------------------------------------
 Ensemble optimization with very tight thresholds
 ------------------------------------------------
 Optimizing all 264 structures from file "crest_rotamers_4.xyz" ...
 1 2 3 4 5 6 7 8 9 10 11 12 13 14 15 16 17 18 19 20 21 22 23 24 25 26 27 28 29 30 31 32 33 34 35 36 37 38 39 40 41 42 43 44 45 46 47 48 49 50 51 52 53 54 55 56 57 58 59 60 61 62 63 64 65 66 67 68 69 70 71 72 73 74 75 76 77 78 79 80 81 82 83 84 85 86 87 88 89 90 91 92 93 94 95 96 97 98 99 100 101 102 103 104 105 106 107 108 109 110 111 112 113 114 115 116 117 118 119 120 121 122 123 124 125 126 127 128 129 130 131 132 133 134 135 136 137 138 139 140 141 142 143 144 145 146 147 148 149 150 151 152 153 154 155 156 157 158 159 160 161 162 163 164 165 166 167 168 169 170 171 172 173 174 175 176 177 178 179 180 181 182 183 184 185 186 187 188 189 190 191 192 193 194 195 196 197 198 199 200 201 202 203 204 205 206 207 208 209 210 211 212 213 214 215 216 217 218 219 220 221 222 223 224 225 226 227 228 229 230 231 232 233 234 235 236 237 238 239 240 241 242 243 244 245 246 247 248 249 250 251 252 253 254 255 256 257 258 259 260 261 262 263 264
 done.
 running RMSDs...
 done.
 E lowest :   -20.51014
 264 structures remain within     6.00 kcal/mol window

 input  file name : crest_rotamers_5.xyz
 output file name : crest_rotamers_6.xyz
 number of atoms                :   18
 number of points on xyz files  :   264
 RMSD threshold                 :   0.1250
 Bconst threshold               :   0.0100
 population threshold           :   0.0500
 conformer energy window  /kcal :   6.0000
 # fragment in coord            :     1
 # bonds in reference structure :    17
 number of reliable points      :   264
 reference state Etot :  -20.510142750000000
 number of doubles removed by rot/RMSD         :           0
 total number unique points considered further :         264
       Erel/kcal        Etot weight/tot  conformer     set   degen     origin
       1   0.000   -20.51014    0.02657    0.63750       1      24     mtd7
       2   0.000   -20.51014    0.02657                                mtd7
       3   0.000   -20.51014    0.02657                                md2
       4   0.000   -20.51014    0.02657                                mtd14
       5   0.000   -20.51014    0.02657                                mtd5
       6   0.000   -20.51014    0.02657                                mtd7
       7   0.000   -20.51014    0.02657                                mtd5
       8   0.000   -20.51014    0.02657                                mtd2
       9   0.000   -20.51014    0.02657                                gc
      10   0.000   -20.51014    0.02656                                mtd4
      11   0.000   -20.51014    0.02656                                mtd8
      12   0.000   -20.51014    0.02656                                mtd5
      13   0.000   -20.51014    0.02656                                mtd9
      14   0.000   -20.51014    0.02656                                mtd3
      15   0.000   -20.51014    0.02656                                mtd13
      16   0.000   -20.51014    0.02656                                mtd5
      17   0.000   -20.51014    0.02656                                gc
      18   0.000   -20.51014    0.02656                                mtd11
      19   0.000   -20.51014    0.02656                                mtd5
      20   0.000   -20.51014    0.02656                                mtd2
      21   0.000   -20.51014    0.02656                                mtd14
      22   0.000   -20.51014    0.02656                                md7
      23   0.000   -20.51014    0.02655                                mtd2
      24   0.000   -20.51014    0.02655                                mtd14
      25   1.116   -20.50836    0.00405    0.05260       2      13     mtd11
      26   1.116   -20.50836    0.00405                                mtd12
      27   1.116   -20.50836    0.00405                                md4
      28   1.116   -20.50836    0.00405                                md3
      29   1.116   -20.50836    0.00405                                mtd11
      30   1.116   -20.50836    0.00405                                md6
      31   1.116   -20.50836    0.00405                                mtd12
      32   1.116   -20.50836    0.00405                                mtd1
      33   1.116   -20.50836    0.00405                                mtd7
      34   1.116   -20.50836    0.00405                                md4
      35   1.116   -20.50836    0.00404                                mtd11
      36   1.116   -20.50836    0.00404                                mtd11
      37   1.117   -20.50836    0.00404                                mtd7
      38   1.384   -20.50794    0.00257    0.05400       3      21     mtd13
      39   1.384   -20.50794    0.00257                                mtd10
      40   1.384   -20.50794    0.00257                                mtd4
      41   1.384   -20.50794    0.00257                                mtd12
      42   1.384   -20.50794    0.00257                                mtd10
      43   1.384   -20.50794    0.00257                                md6
      44   1.384   -20.50794    0.00257                                mtd6
      45   1.384   -20.50794    0.00257                                mtd11
      46   1.384   -20.50794    0.00257                                mtd10
      47   1.384   -20.50794    0.00257                                mtd1
      48   1.384   -20.50794    0.00257                                mtd12
      49   1.384   -20.50794    0.00257                                mtd7
      50   1.384   -20.50794    0.00257                                mtd3
      51   1.384   -20.50794    0.00257                                mtd8
      52   1.384   -20.50794    0.00257                                mtd3
      53   1.385   -20.50794    0.00257                                mtd4
      54   1.385   -20.50794    0.00257                                md6
      55   1.385   -20.50794    0.00257                                mtd5
      56   1.386   -20.50793    0.00257                                md6
      57   1.386   -20.50793    0.00257                                mtd12
      58   1.387   -20.50793    0.00256                                md4
      59   1.394   -20.50792    0.00253    0.05822       4      23     mtd11
      60   1.394   -20.50792    0.00253                                mtd11
      61   1.394   -20.50792    0.00253                                mtd7
      62   1.394   -20.50792    0.00253                                mtd10
      63   1.394   -20.50792    0.00253                                md7
      64   1.394   -20.50792    0.00253                                mtd7
      65   1.394   -20.50792    0.00253                                md8
      66   1.394   -20.50792    0.00253                                mtd10
      67   1.394   -20.50792    0.00253                                mtd2
      68   1.394   -20.50792    0.00253                                gc
      69   1.394   -20.50792    0.00253                                mtd9
      70   1.394   -20.50792    0.00253                                mtd9
      71   1.394   -20.50792    0.00253                                mtd10
      72   1.394   -20.50792    0.00253                                mtd1
      73   1.394   -20.50792    0.00253                                mtd1
      74   1.394   -20.50792    0.00253                                md8
      75   1.394   -20.50792    0.00253                                mtd10
      76   1.394   -20.50792    0.00253                                mtd14
      77   1.394   -20.50792    0.00253                                mtd10
      78   1.394   -20.50792    0.00253                                mtd5
      79   1.394   -20.50792    0.00253                                mtd12
      80   1.395   -20.50792    0.00253                                gc
      81   1.395   -20.50792    0.00253                                gc
      82   1.510   -20.50774    0.00208    0.04790       5      23     mtd6
      83   1.510   -20.50774    0.00208                                mtd10
      84   1.510   -20.50774    0.00208                                mtd10
      85   1.510   -20.50774    0.00208                                mtd6
      86   1.510   -20.50774    0.00208                                md8
      87   1.510   -20.50774    0.00208                                mtd6
      88   1.510   -20.50774    0.00208                                mtd7
      89   1.510   -20.50774    0.00208                                mtd9
      90   1.510   -20.50774    0.00208                                mtd9
      91   1.510   -20.50774    0.00208                                mtd14
      92   1.510   -20.50774    0.00208                                mtd12
      93   1.510   -20.50774    0.00208                                mtd2
      94   1.510   -20.50774    0.00208                                mtd7
      95   1.510   -20.50774    0.00208                                mtd12
      96   1.510   -20.50774    0.00208                                mtd7
      97   1.510   -20.50774    0.00208                                mtd11
      98   1.510   -20.50774    0.00208                                md7
      99   1.510   -20.50774    0.00208                                mtd9
     100   1.510   -20.50774    0.00208                                mtd7
     101   1.510   -20.50774    0.00208                                md4
     102   1.510   -20.50774    0.00208                                mtd2
     103   1.510   -20.50774    0.00208                                mtd7
     104   1.511   -20.50773    0.00208                                gc
     105   1.573   -20.50764    0.00187    0.03746       6      20     mtd12
     106   1.573   -20.50764    0.00187                                mtd10
     107   1.573   -20.50764    0.00187                                mtd1
     108   1.573   -20.50764    0.00187                                mtd7
     109   1.573   -20.50764    0.00187                                mtd14
     110   1.573   -20.50764    0.00187                                mtd3
     111   1.573   -20.50764    0.00187                                mtd1
     112   1.573   -20.50764    0.00187                                mtd14
     113   1.573   -20.50764    0.00187                                mtd7
     114   1.573   -20.50764    0.00187                                mtd12
     115   1.573   -20.50764    0.00187                                gc
     116   1.573   -20.50764    0.00187                                mtd12
     117   1.573   -20.50764    0.00187                                mtd6
     118   1.573   -20.50764    0.00187                                mtd14
     119   1.573   -20.50764    0.00187                                mtd3
     120   1.573   -20.50764    0.00187                                mtd14
     121   1.573   -20.50764    0.00187                                md8
     122   1.573   -20.50764    0.00187                                mtd14
     123   1.573   -20.50764    0.00187                                gc
     124   1.573   -20.50764    0.00187                                md8
     125   1.650   -20.50751    0.00164    0.02956       7      18     mtd8
     126   1.650   -20.50751    0.00164                                mtd8
     127   1.650   -20.50751    0.00164                                mtd1
     128   1.650   -20.50751    0.00164                                mtd8
     129   1.650   -20.50751    0.00164                                mtd4
     130   1.650   -20.50751    0.00164                                mtd4
     131   1.650   -20.50751    0.00164                                md7
     132   1.650   -20.50751    0.00164                                mtd2
     133   1.650   -20.50751    0.00164                                mtd5
     134   1.650   -20.50751    0.00164                                mtd5
     135   1.650   -20.50751    0.00164                                mtd4
     136   1.651   -20.50751    0.00164                                mtd12
     137   1.651   -20.50751    0.00164                                mtd4
     138   1.651   -20.50751    0.00164                                mtd4
     139   1.651   -20.50751    0.00164                                gc
     140   1.652   -20.50751    0.00164                                gc
     141   1.653   -20.50751    0.00164                                mtd14
     142   1.653   -20.50751    0.00163                                mtd3
     143   1.934   -20.50706    0.00102    0.02344       8      23     mtd9
     144   1.934   -20.50706    0.00102                                mtd4
     145   1.934   -20.50706    0.00102                                mtd4
     146   1.934   -20.50706    0.00102                                mtd10
     147   1.934   -20.50706    0.00102                                mtd10
     148   1.934   -20.50706    0.00102                                gc
     149   1.934   -20.50706    0.00102                                mtd7
     150   1.934   -20.50706    0.00102                                mtd3
     151   1.934   -20.50706    0.00102                                mtd2
     152   1.934   -20.50706    0.00102                                mtd5
     153   1.934   -20.50706    0.00102                                mtd5
     154   1.934   -20.50706    0.00102                                mtd7
     155   1.934   -20.50706    0.00102                                mtd6
     156   1.934   -20.50706    0.00102                                md8
     157   1.934   -20.50706    0.00102                                mtd5
     158   1.934   -20.50706    0.00102                                mtd9
     159   1.934   -20.50706    0.00102                                mtd9
     160   1.934   -20.50706    0.00102                                mtd7
     161   1.934   -20.50706    0.00102                                mtd10
     162   1.934   -20.50706    0.00102                                gc
     163   1.934   -20.50706    0.00102                                mtd9
     164   1.934   -20.50706    0.00102                                gc
     165   1.934   -20.50706    0.00102                                mtd7
     166   2.084   -20.50682    0.00079    0.01502       9      19     mtd8
     167   2.084   -20.50682    0.00079                                mtd11
     168   2.084   -20.50682    0.00079                                mtd13
     169   2.084   -20.50682    0.00079                                mtd4
     170   2.084   -20.50682    0.00079                                md8
     171   2.084   -20.50682    0.00079                                gc
     172   2.084   -20.50682    0.00079                                mtd6
     173   2.084   -20.50682    0.00079                                mtd7
     174   2.084   -20.50682    0.00079                                mtd5
     175   2.084   -20.50682    0.00079                                mtd3
     176   2.084   -20.50682    0.00079                                md8
     177   2.084   -20.50682    0.00079                                mtd13
     178   2.084   -20.50682    0.00079                                mtd13
     179   2.084   -20.50682    0.00079                                mtd14
     180   2.084   -20.50682    0.00079                                mtd5
     181   2.084   -20.50682    0.00079                                mtd9
     182   2.084   -20.50682    0.00079                                gc
     183   2.084   -20.50682    0.00079                                mtd4
     184   2.084   -20.50682    0.00079                                gc
     185   2.133   -20.50674    0.00073    0.02401      10      33     mtd1
     186   2.133   -20.50674    0.00073                                mtd8
     187   2.133   -20.50674    0.00073                                mtd8
     188   2.133   -20.50674    0.00073                                mtd12
     189   2.133   -20.50674    0.00073                                mtd7
     190   2.133   -20.50674    0.00073                                mtd8
     191   2.133   -20.50674    0.00073                                mtd1
     192   2.133   -20.50674    0.00073                                mtd4
     193   2.133   -20.50674    0.00073                                mtd12
     194   2.133   -20.50674    0.00073                                mtd5
     195   2.133   -20.50674    0.00073                                md6
     196   2.133   -20.50674    0.00073                                mtd4
     197   2.133   -20.50674    0.00073                                mtd7
     198   2.133   -20.50674    0.00073                                mtd11
     199   2.133   -20.50674    0.00073                                mtd3
     200   2.133   -20.50674    0.00073                                md8
     201   2.134   -20.50674    0.00073                                mtd4
     202   2.134   -20.50674    0.00073                                mtd11
     203   2.134   -20.50674    0.00073                                mtd7
     204   2.134   -20.50674    0.00073                                mtd8
     205   2.134   -20.50674    0.00073                                mtd10
     206   2.134   -20.50674    0.00073                                md4
     207   2.134   -20.50674    0.00073                                mtd11
     208   2.134   -20.50674    0.00073                                mtd10
     209   2.134   -20.50674    0.00073                                mtd11
     210   2.134   -20.50674    0.00073                                mtd9
     211   2.134   -20.50674    0.00073                                mtd8
     212   2.134   -20.50674    0.00073                                mtd8
     213   2.134   -20.50674    0.00073                                mtd9
     214   2.134   -20.50674    0.00073                                mtd10
     215   2.134   -20.50674    0.00073                                mtd11
     216   2.134   -20.50674    0.00073                                mtd11
     217   2.134   -20.50674    0.00073                                md4
     218   2.210   -20.50662    0.00064    0.01214      11      19     mtd9
     219   2.210   -20.50662    0.00064                                mtd11
     220   2.210   -20.50662    0.00064                                mtd1
     221   2.210   -20.50662    0.00064                                mtd1
     222   2.210   -20.50662    0.00064                                mtd8
     223   2.210   -20.50662    0.00064                                mtd7
     224   2.210   -20.50662    0.00064                                mtd14
     225   2.210   -20.50662    0.00064                                gc
     226   2.210   -20.50662    0.00064                                mtd11
     227   2.210   -20.50662    0.00064                                mtd12
     228   2.210   -20.50662    0.00064                                mtd7
     229   2.210   -20.50662    0.00064                                mtd5
     230   2.210   -20.50662    0.00064                                gc
     231   2.210   -20.50662    0.00064                                mtd14
     232   2.210   -20.50662    0.00064                                mtd2
     233   2.210   -20.50662    0.00064                                mtd7
     234   2.210   -20.50662    0.00064                                gc
     235   2.210   -20.50662    0.00064                                mtd10
     236   2.211   -20.50662    0.00064                                mtd1
     237   2.328   -20.50643    0.00052    0.00786      12      15     mtd10
     238   2.328   -20.50643    0.00052                                mtd7
     239   2.328   -20.50643    0.00052                                mtd5
     240   2.328   -20.50643    0.00052                                mtd10
     241   2.328   -20.50643    0.00052                                mtd6
     242   2.328   -20.50643    0.00052                                mtd4
     243   2.328   -20.50643    0.00052                                mtd4
     244   2.328   -20.50643    0.00052                                mtd12
     245   2.328   -20.50643    0.00052                                mtd8
     246   2.328   -20.50643    0.00052                                mtd8
     247   2.328   -20.50643    0.00052                                mtd11
     248   2.328   -20.50643    0.00052                                mtd1
     249   2.328   -20.50643    0.00052                                mtd4
     250   2.328   -20.50643    0.00052                                mtd4
     251   2.329   -20.50643    0.00052                                mtd12
     252   4.190   -20.50346    0.00002    0.00029      13      13     mtd2
     253   4.190   -20.50346    0.00002                                mtd4
     254   4.190   -20.50346    0.00002                                mtd4
     255   4.190   -20.50346    0.00002                                mtd10
     256   4.190   -20.50346    0.00002                                gc
     257   4.190   -20.50346    0.00002                                mtd4
     258   4.190   -20.50346    0.00002                                mtd14
     259   4.190   -20.50346    0.00002                                gc
     260   4.190   -20.50346    0.00002                                mtd10
     261   4.190   -20.50346    0.00002                                gc
     262   4.191   -20.50346    0.00002                                mtd14
     263   4.191   -20.50346    0.00002                                mtd10
     264   4.191   -20.50346    0.00002                                mtd14
T /K                                  :   298.15
E lowest                              :   -20.51014
ensemble average energy (kcal)        :    0.569
ensemble entropy (J/mol K, cal/mol K) :   38.143    9.116
ensemble free energy (kcal/mol)       :   -2.718
population of lowest in %             :   63.750
 number of unique conformers for further calc           13
 list of relative energies saved as "crest.energies"

 -----------------
 Wall Time Summary
 -----------------
             test MD wall time :         0h : 0m : 2s
                 MTD wall time :         0h : 4m :19s
      multilevel OPT wall time :         0h : 8m :57s
                  MD wall time :         0h : 2m :27s
                  GC wall time :         0h : 0m :24s
--------------------
Overall wall time  : 0h :17m : 3s

 CREST terminated normally.
