****************************************************************
  Sure Independence Screening and Sparsifying Operator (SISSO)  
             Version SISSO.3.3, July, 2023.                
****************************************************************

Read in data from train.dat
Read in data from SISSO.in
Property type:     1
Number of tasks:        1
Descriptor dimension:        2
Number of samples for the task(s):     36
Restarts :  0
Number of scalar features:       21
Tier of the feature space:        3
Maximal feature complexity (number of operators in a feature):        6
Unit of input primary feature, each represented by a row vector: 
    1.00
    1.00
    1.00
    1.00
    1.00
    1.00
    1.00
    1.00
    1.00
    1.00
    1.00
    1.00
    1.00
    1.00
    1.00
    1.00
    1.00
    1.00
    1.00
    1.00
    1.00
The feature will be discarded if the minimum of the maximal abs. value in it <    0.10000E-02
The faature will be discarded if the maximum of the maximal abs. value in it >     0.10000E+06
Size of the SIS-selected (single) subspace :  10000 10000
Operators for feature construction: (+)(-)(*) (+)(-)(*) (+)(-)(*) 
Method for sparse regression:  L0        
Fitting intercept:      T
Metric for model selection: RMSE
Number of the top-ranked models to output:      100
--------------------------------------------------------------------------------

Dimension:   1
-------------------
Feature Construction (FC) starts ...
Population Standard Deviation (SD) of the task 001:   11.11288
Total number of features in the space phi00:             21
Total number of features in the space phi01:            717
Total number of features in the space phi02:         239240
Total number of features in the space phi03:     6907540857
Size of the SIS-selected subspace from phi03:      10000
Time (second) used for this FC:         1277.78

Descriptor Identification (DI) starts ...
Total number of SIS-selected features from all dimensions:      10000
 
  1D descriptor: 
     d001 = (((feature1+feature18)+(feature21-feature13))-(feature13-feature7))    feature_ID:000001

  1D model(y=sum(ci*di)+c0): 
     coeff.(ci)_task001:    -0.1733299749E+02
             c0_task001:     0.1579273454E+02
     RMSE,MaxAE_task001:     0.4285232169E+01    0.1040195039E+02

     RMSE and MaxAE of the model:   4.285232 10.401950
--------------------------------------------------------------------------------
Time (second) used for this DI:            4.21

Dimension:   2
-------------------
Feature Construction (FC) starts ...
Total number of features in the space phi00:             21
Total number of features in the space phi01:            717
Total number of features in the space phi02:         239240
Total number of features in the space phi03:     6907540857
Size of the SIS-selected subspace from phi03:      10000
Time (second) used for this FC:         1275.58

Descriptor Identification (DI) starts ...
Total number of SIS-selected features from all dimensions:      20000
 
Final model/descriptor !
================================================================================
  2D descriptor: 
     d001 = (((feature1+feature18)-feature13)+((feature7+feature21)+(feature21-feature13)))    feature_ID:000009
     d002 = (((feature18+feature20)-feature19)*((feature13-feature15)*(feature17-feature20)))    feature_ID:010804

  2D model(y=sum(ci*di)+c0): 
     coeff.(ci)_task001:    -0.1189221223E+02   -0.8558703458E+02
             c0_task001:     0.2356682387E+02
     RMSE,MaxAE_task001:     0.3295087940E+01    0.7379163277E+01

     RMSE and MaxAE of the model:   3.295088  7.379163
================================================================================
Time (second) used for this DI:           25.44
Total time (second):         2584.79
Have a nice day !    

