****************************************************************
  Sure Independence Screening and Sparsifying Operator (SISSO)  
             Version SISSO.3.3, July, 2023.                
****************************************************************

Read in data from train.dat
Read in data from SISSO.in
Property type:     1
Number of tasks:        1
Descriptor dimension:        2
Number of samples for the task(s):     36
Restarts :  0
Number of scalar features:       18
Tier of the feature space:        3
Maximal feature complexity (number of operators in a feature):        6
Unit of input primary feature, each represented by a row vector: 
    1.00
    1.00
    1.00
    1.00
    1.00
    1.00
    1.00
    1.00
    1.00
    1.00
    1.00
    1.00
    1.00
    1.00
    1.00
    1.00
    1.00
    1.00
The feature will be discarded if the minimum of the maximal abs. value in it <    0.10000E-02
The faature will be discarded if the maximum of the maximal abs. value in it >     0.10000E+06
Size of the SIS-selected (single) subspace :  10000 10000
Operators for feature construction: (+)(-)(*) (+)(-)(*) (+)(-)(*) 
Method for sparse regression:  L0        
Fitting intercept:      T
Metric for model selection: RMSE
Number of the top-ranked models to output:      100
--------------------------------------------------------------------------------

Dimension:   1
-------------------
Feature Construction (FC) starts ...
Population Standard Deviation (SD) of the task 001:   10.35372
Total number of features in the space phi00:             18
Total number of features in the space phi01:            557
Total number of features in the space phi02:         150097
Total number of features in the space phi03:     3002400627
Size of the SIS-selected subspace from phi03:      10000
Time (second) used for this FC:          483.59

Descriptor Identification (DI) starts ...
Total number of SIS-selected features from all dimensions:      10000
 
  1D descriptor: 
     d001 = ((feature18*(feature16-feature17))+((feature12+feature17)*(feature17-feature10)))    feature_ID:000001

  1D model(y=sum(ci*di)+c0): 
     coeff.(ci)_task001:    -0.1701118461E+02
             c0_task001:     0.1303170019E+02
     RMSE,MaxAE_task001:     0.5151213042E+01    0.1551460709E+02

     RMSE and MaxAE of the model:   5.151213 15.514607
--------------------------------------------------------------------------------
Time (second) used for this DI:            0.12

Dimension:   2
-------------------
Feature Construction (FC) starts ...
Total number of features in the space phi00:             18
Total number of features in the space phi01:            557
Total number of features in the space phi02:         150097
Total number of features in the space phi03:     3002400627
Size of the SIS-selected subspace from phi03:      10000
Time (second) used for this FC:          486.28

Descriptor Identification (DI) starts ...
Total number of SIS-selected features from all dimensions:      20000
 
Final model/descriptor !
================================================================================
  2D descriptor: 
     d001 = (((feature10*feature17)*(feature16-feature15))-(feature12*(feature12*feature13)))    feature_ID:006037
     d002 = (((feature12+feature15)-feature18)*((feature10-feature12)*(feature14-feature17)))    feature_ID:010106

  2D model(y=sum(ci*di)+c0): 
     coeff.(ci)_task001:    -0.4179193624E+02   -0.1384271707E+03
             c0_task001:     0.6560731380E+01
     RMSE,MaxAE_task001:     0.3696944091E+01    0.8228174968E+01

     RMSE and MaxAE of the model:   3.696944  8.228175
================================================================================
Time (second) used for this DI:           32.63
Total time (second):         1003.50
Have a nice day !    

