****************************************************************
  Sure Independence Screening and Sparsifying Operator (SISSO)  
             Version SISSO.3.3, July, 2023.                
****************************************************************

Read in data from train.dat
Read in data from SISSO.in
Property type:     1
Number of tasks:        1
Descriptor dimension:        2
Number of samples for the task(s):     36
Restarts :  0
Number of scalar features:       17
Tier of the feature space:        3
Maximal feature complexity (number of operators in a feature):        6
Unit of input primary feature, each represented by a row vector: 
    1.00
    1.00
    1.00
    1.00
    1.00
    1.00
    1.00
    1.00
    1.00
    1.00
    1.00
    1.00
    1.00
    1.00
    1.00
    1.00
    1.00
The feature will be discarded if the minimum of the maximal abs. value in it <    0.10000E-02
The faature will be discarded if the maximum of the maximal abs. value in it >     0.10000E+06
Size of the SIS-selected (single) subspace :  10000 10000
Operators for feature construction: (+)(-)(*) (+)(-)(*) (+)(-)(*) 
Method for sparse regression:  L0        
Fitting intercept:      T
Metric for model selection: RMSE
Number of the top-ranked models to output:      100
--------------------------------------------------------------------------------

Dimension:   1
-------------------
Feature Construction (FC) starts ...
Population Standard Deviation (SD) of the task 001:   11.12235
Total number of features in the space phi00:             17
Total number of features in the space phi01:            480
Total number of features in the space phi02:         110227
Total number of features in the space phi03:     1767729705
Size of the SIS-selected subspace from phi03:      10000
Time (second) used for this FC:          280.69

Descriptor Identification (DI) starts ...
Total number of SIS-selected features from all dimensions:      10000
 
  1D descriptor: 
     d001 = (((feature1+feature15)-feature10)+((feature16-feature4)+(feature5+feature17)))    feature_ID:000001

  1D model(y=sum(ci*di)+c0): 
     coeff.(ci)_task001:    -0.1331097364E+02
             c0_task001:     0.2675396952E+02
     RMSE,MaxAE_task001:     0.4895200867E+01    0.1754502499E+02

     RMSE and MaxAE of the model:   4.895201 17.545025
--------------------------------------------------------------------------------
Time (second) used for this DI:            0.12

Dimension:   2
-------------------
Feature Construction (FC) starts ...
Total number of features in the space phi00:             17
Total number of features in the space phi01:            480
Total number of features in the space phi02:         110227
Total number of features in the space phi03:     1767729705
Size of the SIS-selected subspace from phi03:      10000
Time (second) used for this FC:          281.05

Descriptor Identification (DI) starts ...
Total number of SIS-selected features from all dimensions:      20000
 
Final model/descriptor !
================================================================================
  2D descriptor: 
     d001 = ((feature16*(feature12+feature16))+((feature1-feature13)*(feature10-feature11)))    feature_ID:005558
     d002 = (((feature10-feature15)-feature16)*((feature10*feature12)*(feature16-feature17)))    feature_ID:011444

  2D model(y=sum(ci*di)+c0): 
     coeff.(ci)_task001:    -0.1986820920E+02    0.3116094531E+03
             c0_task001:     0.2098727294E+02
     RMSE,MaxAE_task001:     0.3338528780E+01    0.8339672622E+01

     RMSE and MaxAE of the model:   3.338529  8.339673
================================================================================
Time (second) used for this DI:           26.47
Total time (second):          592.52
Have a nice day !    

