
       ==============================================
       |                                            |
       |                 C R E S T                  |
       |                                            |
       |  Conformer-Rotamer Ensemble Sampling Tool  |
       |          based on the GFN methods          |
       |             P.Pracht, S.Grimme             |
       |          Universitaet Bonn, MCTC           |
       ==============================================
       Version 2.12,   Thu 19. Mai 16:32:32 CEST 2022
  Using the xTB program. Compatible with xTB version 6.4.0

   Cite work conducted with this code as

   • P.Pracht, F.Bohle, S.Grimme, PCCP, 2020, 22, 7169-7192.
   • S.Grimme, JCTC, 2019, 15, 2847-2862.

   and for works involving QCG as

   • S.Spicher, C.Plett, P.Pracht, A.Hansen, S.Grimme,
     JCTC, 2022, 18 (5), 3174-3189.

   with help from:
   C.Bannwarth, F.Bohle, S.Ehlert, S.Grimme,
   C.Plett, P.Pracht, S.Spicher

   This program is distributed in the hope that it will be useful,
   but WITHOUT ANY WARRANTY; without even the implied warranty of
   MERCHANTABILITY or FITNESS FOR A PARTICULAR PURPOSE.

 Command line input:
 > crest out.xyz --gfn 2 --chrg 0 -T 1 --noreftopo

  -gfn2 : Use of GFN2-xTB requested.
  --chrg 0
  -T 1 (CPUs/Threads selected)

 -------------------------
 xTB Geometry Optimization
 -------------------------
 Geometry successfully optimized.

------------------------------------------------
Generating MTD length from a flexibility measure
------------------------------------------------
 Calculating WBOs... done.
 Calculating NCI flexibility... done.
     covalent flexibility measure :   0.000
 non-covalent flexibility measure :   0.800
 flexibility measure :   0.000
 t(MTD) / ps    :     5.0
 Σ(t(MTD)) / ps :    70.0 (14 MTDs)

-------------------------------------
Starting a trial MTD to test settings
-------------------------------------
 Estimated runtime for one MTD (5.0 ps) on a single thread: 26 min 48 sec
 Estimated runtime for a batch of 14 MTDs on 1 threads: 6 h 15 min 16 sec

 list of Vbias parameters applied:
$metadyn    0.00300   1.300
$metadyn    0.00150   1.300
$metadyn    0.00075   1.300
$metadyn    0.00300   0.780
$metadyn    0.00150   0.780
$metadyn    0.00075   0.780
$metadyn    0.00300   0.468
$metadyn    0.00150   0.468
$metadyn    0.00075   0.468
$metadyn    0.00300   0.281
$metadyn    0.00150   0.281
$metadyn    0.00075   0.281
$metadyn    0.00100   0.100
$metadyn    0.00500   0.800

*******************************************************************************************
**                        N E W    I T E R A T I O N    C Y C L E                        **
*******************************************************************************************

========================================
            MTD Iteration  1
========================================

     ========================================
     |         Meta-MD (MTD) Sampling       |
     ========================================

Starting Meta-MD  14 with the settings:
     MD time /ps        :     5.0
     dt /fs             :     5.0
     dumpstep(trj) /fs  :     100
     dumpstep(Vbias)/ps :     1.0
     Vbias factor k /Eh :  0.1600
     Vbias exp α /bohr⁻²:    0.80
*Meta-MTD 14 finished*
Starting Meta-MD  13 with the settings:
     MD time /ps        :     5.0
     dt /fs             :     5.0
     dumpstep(trj) /fs  :     100
     dumpstep(Vbias)/ps :     1.0
     Vbias factor k /Eh :  0.0320
     Vbias exp α /bohr⁻²:    0.10
*Meta-MTD 13 finished*
Starting Meta-MD  12 with the settings:
     MD time /ps        :     5.0
     dt /fs             :     5.0
     dumpstep(trj) /fs  :     100
     dumpstep(Vbias)/ps :     1.0
     Vbias factor k /Eh :  0.0240
     Vbias exp α /bohr⁻²:    0.28
*Meta-MTD 12 finished*
Starting Meta-MD  11 with the settings:
     MD time /ps        :     5.0
     dt /fs             :     5.0
     dumpstep(trj) /fs  :     100
     dumpstep(Vbias)/ps :     1.0
     Vbias factor k /Eh :  0.0480
     Vbias exp α /bohr⁻²:    0.28
*Meta-MTD 11 finished*
Starting Meta-MD  10 with the settings:
     MD time /ps        :     5.0
     dt /fs             :     5.0
     dumpstep(trj) /fs  :     100
     dumpstep(Vbias)/ps :     1.0
     Vbias factor k /Eh :  0.0960
     Vbias exp α /bohr⁻²:    0.28
*Meta-MTD 10 finished*
Starting Meta-MD   9 with the settings:
     MD time /ps        :     5.0
     dt /fs             :     5.0
     dumpstep(trj) /fs  :     100
     dumpstep(Vbias)/ps :     1.0
     Vbias factor k /Eh :  0.0240
     Vbias exp α /bohr⁻²:    0.47
*Meta-MTD 9 finished*
Starting Meta-MD   8 with the settings:
     MD time /ps        :     5.0
     dt /fs             :     5.0
     dumpstep(trj) /fs  :     100
     dumpstep(Vbias)/ps :     1.0
     Vbias factor k /Eh :  0.0480
     Vbias exp α /bohr⁻²:    0.47
*Meta-MTD 8 finished*
Starting Meta-MD   7 with the settings:
     MD time /ps        :     5.0
     dt /fs             :     5.0
     dumpstep(trj) /fs  :     100
     dumpstep(Vbias)/ps :     1.0
     Vbias factor k /Eh :  0.0960
     Vbias exp α /bohr⁻²:    0.47
*Meta-MTD 7 finished*
Starting Meta-MD   6 with the settings:
     MD time /ps        :     5.0
     dt /fs             :     5.0
     dumpstep(trj) /fs  :     100
     dumpstep(Vbias)/ps :     1.0
     Vbias factor k /Eh :  0.0240
     Vbias exp α /bohr⁻²:    0.78
*Meta-MTD 6 finished*
Starting Meta-MD   5 with the settings:
     MD time /ps        :     5.0
     dt /fs             :     5.0
     dumpstep(trj) /fs  :     100
     dumpstep(Vbias)/ps :     1.0
     Vbias factor k /Eh :  0.0480
     Vbias exp α /bohr⁻²:    0.78
*Meta-MTD 5 finished*
Starting Meta-MD   4 with the settings:
     MD time /ps        :     5.0
     dt /fs             :     5.0
     dumpstep(trj) /fs  :     100
     dumpstep(Vbias)/ps :     1.0
     Vbias factor k /Eh :  0.0960
     Vbias exp α /bohr⁻²:    0.78
*Meta-MTD 4 finished*
Starting Meta-MD   3 with the settings:
     MD time /ps        :     5.0
     dt /fs             :     5.0
     dumpstep(trj) /fs  :     100
     dumpstep(Vbias)/ps :     1.0
     Vbias factor k /Eh :  0.0240
     Vbias exp α /bohr⁻²:    1.30
*Meta-MTD 3 finished*
Starting Meta-MD   2 with the settings:
     MD time /ps        :     5.0
     dt /fs             :     5.0
     dumpstep(trj) /fs  :     100
     dumpstep(Vbias)/ps :     1.0
     Vbias factor k /Eh :  0.0480
     Vbias exp α /bohr⁻²:    1.30
*Meta-MTD 2 finished*
Starting Meta-MD   1 with the settings:
     MD time /ps        :     5.0
     dt /fs             :     5.0
     dumpstep(trj) /fs  :     100
     dumpstep(Vbias)/ps :     1.0
     Vbias factor k /Eh :  0.0960
     Vbias exp α /bohr⁻²:    1.30
*Meta-MTD 1 finished*

-----------------------
Multilevel Optimization
-----------------------

 -------------------------
 1. crude pre-optimization
 -------------------------
 Optimizing all 686 structures from file "crest_rotamers_0.xyz" ...
 1 2 3 4 5 6 7 8 9 10 11 12 13 14 15 16 17 18 19 20 21 22 23 24 25 26 27 28 29 30 31 32 33 34 35 36 37 38 39 40 41 42 43 44 45 46 47 48 49 50 51 52 53 54 55 56 57 58 59 60 61 62 63 64 65 66 67 68 69 70 71 72 73 74 75 76 77 78 79 80 81 82 83 84 85 86 87 88 89 90 91 92 93 94 95 96 97 98 99 100 101 102 103 104 105 106 107 108 109 110 111 112 113 114 115 116 117 118 119 120 121 122 123 124 125 126 127 128 129 130 131 132 133 134 135 136 137 138 139 140 141 142 143 144 145 146 147 148 149 150 151 152 153 154 155 156 157 158 159 160 161 162 163 164 165 166 167 168 169 170 171 172 173 174 175 176 177 178 179 180 181 182 183 184 185 186 187 188 189 190 191 192 193 194 195 196 197 198 199 200 201 202 203 204 205 206 207 208 209 210 211 212 213 214 215 216 217 218 219 220 221 222 223 224 225 226 227 228 229 230 231 232 233 234 235 236 237 238 239 240 241 242 243 244 245 246 247 248 249 250 251 252 253 254 255 256 257 258 259 260 261 262 263 264 265 266 267 268 269 270 271 272 273 274 275 276 277 278 279 280 281 282 283 284 285 286 287 288 289 290 291 292 293 294 295 296 297 298 299 300 301 302 303 304 305 306 307 308 309 310 311 312 313 314 315 316 317 318 319 320 321 322 323 324 325 326 327 328 329 330 331 332 333 334 335 336 337 338 339 340 341 342 343 344 345 346 347 348 349 350 351 352 353 354 355 356 357 358 359 360 361 362 363 364 365 366 367 368 369 370 371 372 373 374 375 376 377 378 379 380 381 382 383 384 385 386 387 388 389 390 391 392 393 394 395 396 397 398 399 400 401 402 403 404 405 406 407 408 409 410 411 412 413 414 415 416 417 418 419 420 421 422 423 424 425 426 427 428 429 430 431 432 433 434 435 436 437 438 439 440 441 442 443 444 445 446 447 448 449 450 451 452 453 454 455 456 457 458 459 460 461 462 463 464 465 466 467 468 469 470 471 472 473 474 475 476 477 478 479 480 481 482 483 484 485 486 487 488 489 490 491 492 493 494 495 496 497 498 499 500 501 502 503 504 505 506 507 508 509 510 511 512 513 514 515 516 517 518 519 520 521 522 523 524 525 526 527 528 529 530 531 532 533 534 535 536 537 538 539 540 541 542 543 544 545 546 547 548 549 550 551 552 553 554 555 556 557 558 559 560 561 562 563 564 565 566 567 568 569 570 571 572 573 574 575 576 577 578 579 580 581 582 583 584 585 586 587 588 589 590 591 592 593 594 595 596 597 598 599 600 601 602 603 604 605 606 607 608 609 610 611 612 613 614 615 616 617 618 619 620 621 622 623 624 625 626 627 628 629 630 631 632 633 634 635 636 637 638 639 640 641 642 643 644 645 646 647 648 649 650 651 652 653 654 655 656 657 658 659 660 661 662 663 664 665 666 667 668 669 670 671 672 673 674 675 676 677 678 679 680 681 682 683 684 685 686
 done.
 running RMSDs...
 done.
 E lowest :   -39.71343
 686 structures remain within    12.00 kcal/mol window

 -------------------------------------
 2. optimization with tight thresholds
 -------------------------------------
 Optimizing all 687 structures from file "crest_rotamers_1.xyz" ...
 1 2 3 4 5 6 7 8 9 10 11 12 13 14 15 16 17 18 19 20 21 22 23 24 25 26 27 28 29 30 31 32 33 34 35 36 37 38 39 40 41 42 43 44 45 46 47 48 49 50 51 52 53 54 55 56 57 58 59 60 61 62 63 64 65 66 67 68 69 70 71 72 73 74 75 76 77 78 79 80 81 82 83 84 85 86 87 88 89 90 91 92 93 94 95 96 97 98 99 100 101 102 103 104 105 106 107 108 109 110 111 112 113 114 115 116 117 118 119 120 121 122 123 124 125 126 127 128 129 130 131 132 133 134 135 136 137 138 139 140 141 142 143 144 145 146 147 148 149 150 151 152 153 154 155 156 157 158 159 160 161 162 163 164 165 166 167 168 169 170 171 172 173 174 175 176 177 178 179 180 181 182 183 184 185 186 187 188 189 190 191 192 193 194 195 196 197 198 199 200 201 202 203 204 205 206 207 208 209 210 211 212 213 214 215 216 217 218 219 220 221 222 223 224 225 226 227 228 229 230 231 232 233 234 235 236 237 238 239 240 241 242 243 244 245 246 247 248 249 250 251 252 253 254 255 256 257 258 259 260 261 262 263 264 265 266 267 268 269 270 271 272 273 274 275 276 277 278 279 280 281 282 283 284 285 286 287 288 289 290 291 292 293 294 295 296 297 298 299 300 301 302 303 304 305 306 307 308 309 310 311 312 313 314 315 316 317 318 319 320 321 322 323 324 325 326 327 328 329 330 331 332 333 334 335 336 337 338 339 340 341 342 343 344 345 346 347 348 349 350 351 352 353 354 355 356 357 358 359 360 361 362 363 364 365 366 367 368 369 370 371 372 373 374 375 376 377 378 379 380 381 382 383 384 385 386 387 388 389 390 391 392 393 394 395 396 397 398 399 400 401 402 403 404 405 406 407 408 409 410 411 412 413 414 415 416 417 418 419 420 421 422 423 424 425 426 427 428 429 430 431 432 433 434 435 436 437 438 439 440 441 442 443 444 445 446 447 448 449 450 451 452 453 454 455 456 457 458 459 460 461 462 463 464 465 466 467 468 469 470 471 472 473 474 475 476 477 478 479 480 481 482 483 484 485 486 487 488 489 490 491 492 493 494 495 496 497 498 499 500 501 502 503 504 505 506 507 508 509 510 511 512 513 514 515 516 517 518 519 520 521 522 523 524 525 526 527 528 529 530 531 532 533 534 535 536 537 538 539 540 541 542 543 544 545 546 547 548 549 550 551 552 553 554 555 556 557 558 559 560 561 562 563 564 565 566 567 568 569 570 571 572 573 574 575 576 577 578 579 580 581 582 583 584 585 586 587 588 589 590 591 592 593 594 595 596 597 598 599 600 601 602 603 604 605 606 607 608 609 610 611 612 613 614 615 616 617 618 619 620 621 622 623 624 625 626 627 628 629 630 631 632 633 634 635 636 637 638 639 640 641 642 643 644 645 646 647 648 649 650 651 652 653 654 655 656 657 658 659 660 661 662 663 664 665 666 667 668 669 670 671 672 673 674 675 676 677 678 679 680 681 682 683 684 685 686 687
 done.
 running RMSDs...
 done.
 E lowest :   -39.71777
 298 structures remain within     6.00 kcal/mol window


========================================
            MTD Iteration  2
========================================

     ========================================
     |         Meta-MD (MTD) Sampling       |
     ========================================

Starting Meta-MD  12 with the settings:
     MD time /ps        :     5.0
     dt /fs             :     5.0
     dumpstep(trj) /fs  :     100
     dumpstep(Vbias)/ps :     1.0
     Vbias factor k /Eh :  0.0240
     Vbias exp α /bohr⁻²:    0.28
*Meta-MTD 12 finished*
Starting Meta-MD  11 with the settings:
     MD time /ps        :     5.0
     dt /fs             :     5.0
     dumpstep(trj) /fs  :     100
     dumpstep(Vbias)/ps :     1.0
     Vbias factor k /Eh :  0.0480
     Vbias exp α /bohr⁻²:    0.28
*Meta-MTD 11 finished*
Starting Meta-MD  10 with the settings:
     MD time /ps        :     5.0
     dt /fs             :     5.0
     dumpstep(trj) /fs  :     100
     dumpstep(Vbias)/ps :     1.0
     Vbias factor k /Eh :  0.0960
     Vbias exp α /bohr⁻²:    0.28
*Meta-MTD 10 finished*
Starting Meta-MD   9 with the settings:
     MD time /ps        :     5.0
     dt /fs             :     5.0
     dumpstep(trj) /fs  :     100
     dumpstep(Vbias)/ps :     1.0
     Vbias factor k /Eh :  0.0240
     Vbias exp α /bohr⁻²:    0.47
*Meta-MTD 9 finished*
Starting Meta-MD   8 with the settings:
     MD time /ps        :     5.0
     dt /fs             :     5.0
     dumpstep(trj) /fs  :     100
     dumpstep(Vbias)/ps :     1.0
     Vbias factor k /Eh :  0.0480
     Vbias exp α /bohr⁻²:    0.47
*Meta-MTD 8 finished*
Starting Meta-MD   7 with the settings:
     MD time /ps        :     5.0
     dt /fs             :     5.0
     dumpstep(trj) /fs  :     100
     dumpstep(Vbias)/ps :     1.0
     Vbias factor k /Eh :  0.0960
     Vbias exp α /bohr⁻²:    0.47
*Meta-MTD 7 finished*
Starting Meta-MD   6 with the settings:
     MD time /ps        :     5.0
     dt /fs             :     5.0
     dumpstep(trj) /fs  :     100
     dumpstep(Vbias)/ps :     1.0
     Vbias factor k /Eh :  0.0240
     Vbias exp α /bohr⁻²:    0.78
*Meta-MTD 6 finished*
Starting Meta-MD   5 with the settings:
     MD time /ps        :     5.0
     dt /fs             :     5.0
     dumpstep(trj) /fs  :     100
     dumpstep(Vbias)/ps :     1.0
     Vbias factor k /Eh :  0.0480
     Vbias exp α /bohr⁻²:    0.78
*Meta-MTD 5 finished*
Starting Meta-MD   4 with the settings:
     MD time /ps        :     5.0
     dt /fs             :     5.0
     dumpstep(trj) /fs  :     100
     dumpstep(Vbias)/ps :     1.0
     Vbias factor k /Eh :  0.0960
     Vbias exp α /bohr⁻²:    0.78
*Meta-MTD 4 finished*
Starting Meta-MD   3 with the settings:
     MD time /ps        :     5.0
     dt /fs             :     5.0
     dumpstep(trj) /fs  :     100
     dumpstep(Vbias)/ps :     1.0
     Vbias factor k /Eh :  0.0240
     Vbias exp α /bohr⁻²:    1.30
*Meta-MTD 3 finished*
Starting Meta-MD   2 with the settings:
     MD time /ps        :     5.0
     dt /fs             :     5.0
     dumpstep(trj) /fs  :     100
     dumpstep(Vbias)/ps :     1.0
     Vbias factor k /Eh :  0.0480
     Vbias exp α /bohr⁻²:    1.30
*Meta-MTD 2 finished*
Starting Meta-MD   1 with the settings:
     MD time /ps        :     5.0
     dt /fs             :     5.0
     dumpstep(trj) /fs  :     100
     dumpstep(Vbias)/ps :     1.0
     Vbias factor k /Eh :  0.0960
     Vbias exp α /bohr⁻²:    1.30
*Meta-MTD 1 finished*

-----------------------
Multilevel Optimization
-----------------------

 -------------------------
 1. crude pre-optimization
 -------------------------
 Optimizing all 588 structures from file "crest_rotamers_0.xyz" ...
 1 2 3 4 5 6 7 8 9 10 11 12 13 14 15 16 17 18 19 20 21 22 23 24 25 26 27 28 29 30 31 32 33 34 35 36 37 38 39 40 41 42 43 44 45 46 47 48 49 50 51 52 53 54 55 56 57 58 59 60 61 62 63 64 65 66 67 68 69 70 71 72 73 74 75 76 77 78 79 80 81 82 83 84 85 86 87 88 89 90 91 92 93 94 95 96 97 98 99 100 101 102 103 104 105 106 107 108 109 110 111 112 113 114 115 116 117 118 119 120 121 122 123 124 125 126 127 128 129 130 131 132 133 134 135 136 137 138 139 140 141 142 143 144 145 146 147 148 149 150 151 152 153 154 155 156 157 158 159 160 161 162 163 164 165 166 167 168 169 170 171 172 173 174 175 176 177 178 179 180 181 182 183 184 185 186 187 188 189 190 191 192 193 194 195 196 197 198 199 200 201 202 203 204 205 206 207 208 209 210 211 212 213 214 215 216 217 218 219 220 221 222 223 224 225 226 227 228 229 230 231 232 233 234 235 236 237 238 239 240 241 242 243 244 245 246 247 248 249 250 251 252 253 254 255 256 257 258 259 260 261 262 263 264 265 266 267 268 269 270 271 272 273 274 275 276 277 278 279 280 281 282 283 284 285 286 287 288 289 290 291 292 293 294 295 296 297 298 299 300 301 302 303 304 305 306 307 308 309 310 311 312 313 314 315 316 317 318 319 320 321 322 323 324 325 326 327 328 329 330 331 332 333 334 335 336 337 338 339 340 341 342 343 344 345 346 347 348 349 350 351 352 353 354 355 356 357 358 359 360 361 362 363 364 365 366 367 368 369 370 371 372 373 374 375 376 377 378 379 380 381 382 383 384 385 386 387 388 389 390 391 392 393 394 395 396 397 398 399 400 401 402 403 404 405 406 407 408 409 410 411 412 413 414 415 416 417 418 419 420 421 422 423 424 425 426 427 428 429 430 431 432 433 434 435 436 437 438 439 440 441 442 443 444 445 446 447 448 449 450 451 452 453 454 455 456 457 458 459 460 461 462 463 464 465 466 467 468 469 470 471 472 473 474 475 476 477 478 479 480 481 482 483 484 485 486 487 488 489 490 491 492 493 494 495 496 497 498 499 500 501 502 503 504 505 506 507 508 509 510 511 512 513 514 515 516 517 518 519 520 521 522 523 524 525 526 527 528 529 530 531 532 533 534 535 536 537 538 539 540 541 542 543 544 545 546 547 548 549 550 551 552 553 554 555 556 557 558 559 560 561 562 563 564 565 566 567 568 569 570 571 572 573 574 575 576 577 578 579 580 581 582 583 584 585 586 587 588
 done.
 running RMSDs...
 done.
 E lowest :   -39.71716
 587 structures remain within    12.00 kcal/mol window

 -------------------------------------
 2. optimization with tight thresholds
 -------------------------------------
 Optimizing all 588 structures from file "crest_rotamers_1.xyz" ...
 1 2 3 4 5 6 7 8 9 10 11 12 13 14 15 16 17 18 19 20 21 22 23 24 25 26 27 28 29 30 31 32 33 34 35 36 37 38 39 40 41 42 43 44 45 46 47 48 49 50 51 52 53 54 55 56 57 58 59 60 61 62 63 64 65 66 67 68 69 70 71 72 73 74 75 76 77 78 79 80 81 82 83 84 85 86 87 88 89 90 91 92 93 94 95 96 97 98 99 100 101 102 103 104 105 106 107 108 109 110 111 112 113 114 115 116 117 118 119 120 121 122 123 124 125 126 127 128 129 130 131 132 133 134 135 136 137 138 139 140 141 142 143 144 145 146 147 148 149 150 151 152 153 154 155 156 157 158 159 160 161 162 163 164 165 166 167 168 169 170 171 172 173 174 175 176 177 178 179 180 181 182 183 184 185 186 187 188 189 190 191 192 193 194 195 196 197 198 199 200 201 202 203 204 205 206 207 208 209 210 211 212 213 214 215 216 217 218 219 220 221 222 223 224 225 226 227 228 229 230 231 232 233 234 235 236 237 238 239 240 241 242 243 244 245 246 247 248 249 250 251 252 253 254 255 256 257 258 259 260 261 262 263 264 265 266 267 268 269 270 271 272 273 274 275 276 277 278 279 280 281 282 283 284 285 286 287 288 289 290 291 292 293 294 295 296 297 298 299 300 301 302 303 304 305 306 307 308 309 310 311 312 313 314 315 316 317 318 319 320 321 322 323 324 325 326 327 328 329 330 331 332 333 334 335 336 337 338 339 340 341 342 343 344 345 346 347 348 349 350 351 352 353 354 355 356 357 358 359 360 361 362 363 364 365 366 367 368 369 370 371 372 373 374 375 376 377 378 379 380 381 382 383 384 385 386 387 388 389 390 391 392 393 394 395 396 397 398 399 400 401 402 403 404 405 406 407 408 409 410 411 412 413 414 415 416 417 418 419 420 421 422 423 424 425 426 427 428 429 430 431 432 433 434 435 436 437 438 439 440 441 442 443 444 445 446 447 448 449 450 451 452 453 454 455 456 457 458 459 460 461 462 463 464 465 466 467 468 469 470 471 472 473 474 475 476 477 478 479 480 481 482 483 484 485 486 487 488 489 490 491 492 493 494 495 496 497 498 499 500 501 502 503 504 505 506 507 508 509 510 511 512 513 514 515 516 517 518 519 520 521 522 523 524 525 526 527 528 529 530 531 532 533 534 535 536 537 538 539 540 541 542 543 544 545 546 547 548 549 550 551 552 553 554 555 556 557 558 559 560 561 562 563 564 565 566 567 568 569 570 571 572 573 574 575 576 577 578 579 580 581 582 583 584 585 586 587 588
 done.
 running RMSDs...
 done.
 E lowest :   -39.71777
 316 structures remain within     6.00 kcal/mol window

========================================
            MTD Iterations done         
========================================
 Collecting ensmbles.
 running RMSDs...
 done.
 E lowest :   -39.71777
 609 structures remain within     6.00 kcal/mol window

-----------------------------------------------
Additional regular MDs on lowest 4 conformer(s)
-----------------------------------------------
Starting MD   8 with the settings:
     MD time /ps        :     2.5
     MD Temperature /K  :   500.0
     dt /fs             :     5.0
     dumpstep(trj) /fs  :     100
*MD 8 finished*
Starting MD   7 with the settings:
     MD time /ps        :     2.5
     MD Temperature /K  :   400.0
     dt /fs             :     5.0
     dumpstep(trj) /fs  :     100
*MD 7 finished*
Starting MD   6 with the settings:
     MD time /ps        :     2.5
     MD Temperature /K  :   500.0
     dt /fs             :     5.0
     dumpstep(trj) /fs  :     100
*MD 6 finished*
Starting MD   5 with the settings:
     MD time /ps        :     2.5
     MD Temperature /K  :   400.0
     dt /fs             :     5.0
     dumpstep(trj) /fs  :     100
*MD 5 finished*
Starting MD   4 with the settings:
     MD time /ps        :     2.5
     MD Temperature /K  :   500.0
     dt /fs             :     5.0
     dumpstep(trj) /fs  :     100
*MD 4 finished*
Starting MD   3 with the settings:
     MD time /ps        :     2.5
     MD Temperature /K  :   400.0
     dt /fs             :     5.0
     dumpstep(trj) /fs  :     100
*MD 3 finished*
Starting MD   2 with the settings:
     MD time /ps        :     2.5
     MD Temperature /K  :   500.0
     dt /fs             :     5.0
     dumpstep(trj) /fs  :     100
*MD 2 finished*
Starting MD   1 with the settings:
     MD time /ps        :     2.5
     MD Temperature /K  :   400.0
     dt /fs             :     5.0
     dumpstep(trj) /fs  :     100
*MD 1 finished*
 Appending file crest_rotamers_1.xyz with new structures

 -------------------------------------------
 Ensemble optimization with tight thresholds
 -------------------------------------------
 Optimizing all 801 structures from file "crest_rotamers_1.xyz" ...
 1 2 3 4 5 6 7 8 9 10 11 12 13 14 15 16 17 18 19 20 21 22 23 24 25 26 27 28 29 30 31 32 33 34 35 36 37 38 39 40 41 42 43 44 45 46 47 48 49 50 51 52 53 54 55 56 57 58 59 60 61 62 63 64 65 66 67 68 69 70 71 72 73 74 75 76 77 78 79 80 81 82 83 84 85 86 87 88 89 90 91 92 93 94 95 96 97 98 99 100 101 102 103 104 105 106 107 108 109 110 111 112 113 114 115 116 117 118 119 120 121 122 123 124 125 126 127 128 129 130 131 132 133 134 135 136 137 138 139 140 141 142 143 144 145 146 147 148 149 150 151 152 153 154 155 156 157 158 159 160 161 162 163 164 165 166 167 168 169 170 171 172 173 174 175 176 177 178 179 180 181 182 183 184 185 186 187 188 189 190 191 192 193 194 195 196 197 198 199 200 201 202 203 204 205 206 207 208 209 210 211 212 213 214 215 216 217 218 219 220 221 222 223 224 225 226 227 228 229 230 231 232 233 234 235 236 237 238 239 240 241 242 243 244 245 246 247 248 249 250 251 252 253 254 255 256 257 258 259 260 261 262 263 264 265 266 267 268 269 270 271 272 273 274 275 276 277 278 279 280 281 282 283 284 285 286 287 288 289 290 291 292 293 294 295 296 297 298 299 300 301 302 303 304 305 306 307 308 309 310 311 312 313 314 315 316 317 318 319 320 321 322 323 324 325 326 327 328 329 330 331 332 333 334 335 336 337 338 339 340 341 342 343 344 345 346 347 348 349 350 351 352 353 354 355 356 357 358 359 360 361 362 363 364 365 366 367 368 369 370 371 372 373 374 375 376 377 378 379 380 381 382 383 384 385 386 387 388 389 390 391 392 393 394 395 396 397 398 399 400 401 402 403 404 405 406 407 408 409 410 411 412 413 414 415 416 417 418 419 420 421 422 423 424 425 426 427 428 429 430 431 432 433 434 435 436 437 438 439 440 441 442 443 444 445 446 447 448 449 450 451 452 453 454 455 456 457 458 459 460 461 462 463 464 465 466 467 468 469 470 471 472 473 474 475 476 477 478 479 480 481 482 483 484 485 486 487 488 489 490 491 492 493 494 495 496 497 498 499 500 501 502 503 504 505 506 507 508 509 510 511 512 513 514 515 516 517 518 519 520 521 522 523 524 525 526 527 528 529 530 531 532 533 534 535 536 537 538 539 540 541 542 543 544 545 546 547 548 549 550 551 552 553 554 555 556 557 558 559 560 561 562 563 564 565 566 567 568 569 570 571 572 573 574 575 576 577 578 579 580 581 582 583 584 585 586 587 588 589 590 591 592 593 594 595 596 597 598 599 600 601 602 603 604 605 606 607 608 609 610 611 612 613 614 615 616 617 618 619 620 621 622 623 624 625 626 627 628 629 630 631 632 633 634 635 636 637 638 639 640 641 642 643 644 645 646 647 648 649 650 651 652 653 654 655 656 657 658 659 660 661 662 663 664 665 666 667 668 669 670 671 672 673 674 675 676 677 678 679 680 681 682 683 684 685 686 687 688 689 690 691 692 693 694 695 696 697 698 699 700 701 702 703 704 705 706 707 708 709 710 711 712 713 714 715 716 717 718 719 720 721 722 723 724 725 726 727 728 729 730 731 732 733 734 735 736 737 738 739 740 741 742 743 744 745 746 747 748 749 750 751 752 753 754 755 756 757 758 759 760 761 762 763 764 765 766 767 768 769 770 771 772 773 774 775 776 777 778 779 780 781 782 783 784 785 786 787 788 789 790 791 792 793 794 795 796 797 798 799 800 801
 done.
 running RMSDs...
 done.
 E lowest :   -39.71777
 701 structures remain within     6.00 kcal/mol window


     ========================================
     |        Structure Crossing (GC)       |
     ========================================
 =============================
  # threads =           1
 =============================
 input  file name : crest_rotamers_3.xyz
number of atoms                :    32
number of points on xyz files  :   701
conformer energy window  /kcal :    6.00
CN per atom difference cut-off :  0.3000
RMSD threshold                 :  0.2500
max. # of generated structures : 250
 reading xyz file ...
 # in E window                701
 generating pairs ...      246050
  14.3 % done
  28.5 % done
  42.8 % done
  57.1 % done
  71.3 % done
  85.6 % done
  99.9 % done
 generated pairs           :       24236
 number of clash discarded :      221114
 average rmsd w.r.t input  : 4.52531
 sd of ensemble            : 1.27156
 number of new structures      :         415
 removed identical structures  :          85
 writing          250  TMPCONF* dirs ...
 --------------------------
 GC: loose pre-optimization
 --------------------------
 Starting optimization of generated structures
 250 jobs to do.
 1 2 3 4 5 6 7 8 9 10 11 12 13 14 15 16 17 18 19 20 21 22 23 24 25 26 27 28 29 30 31 32 33 34 35 36 37 38 39 40 41 42 43 44 45 46 47 48 49 50 51 52 53 54 55 56 57 58 59 60 61 62 63 64 65 66 67 68 69 70 71 72 73 74 75 76 77 78 79 80 81 82 83 84 85 86 87 88 89 90 91 92 93 94 95 96 97 98 99 100 101 102 103 104 105 106 107 108 109 110 111 112 113 114 115 116 117 118 119 120 121 122 123 124 125 126 127 128 129 130 131 132 133 134 135 136 137 138 139 140 141 142 143 144 145 146 147 148 149 150 151 152 153 154 155 156 157 158 159 160 161 162 163 164 165 166 167 168 169 170 171 172 173 174 175 176 177 178 179 180 181 182 183 184 185 186 187 188 189 190 191 192 193 194 195 196 197 198 199 200 201 202 203 204 205 206 207 208 209 210 211 212 213 214 215 216 217 218 219 220 221 222 223 224 225 226 227 228 229 230 231 232 233 234 235 236 237 238 239 240 241 242 243 244 245 246 247 248 249 250 
 done.
 Now appending opt.xyz file with new structures
 running RMSDs...
 done.
 E lowest :   -39.71768
 245 structures remain within    10.00 kcal/mol window
 --------------------------------------
 GC: optimization with tight thresholds
 --------------------------------------
 Optimizing all 245 structures from file "crest_rotamers_1.xyz" ...
 1 2 3 4 5 6 7 8 9 10 11 12 13 14 15 16 17 18 19 20 21 22 23 24 25 26 27 28 29 30 31 32 33 34 35 36 37 38 39 40 41 42 43 44 45 46 47 48 49 50 51 52 53 54 55 56 57 58 59 60 61 62 63 64 65 66 67 68 69 70 71 72 73 74 75 76 77 78 79 80 81 82 83 84 85 86 87 88 89 90 91 92 93 94 95 96 97 98 99 100 101 102 103 104 105 106 107 108 109 110 111 112 113 114 115 116 117 118 119 120 121 122 123 124 125 126 127 128 129 130 131 132 133 134 135 136 137 138 139 140 141 142 143 144 145 146 147 148 149 150 151 152 153 154 155 156 157 158 159 160 161 162 163 164 165 166 167 168 169 170 171 172 173 174 175 176 177 178 179 180 181 182 183 184 185 186 187 188 189 190 191 192 193 194 195 196 197 198 199 200 201 202 203 204 205 206 207 208 209 210 211 212 213 214 215 216 217 218 219 220 221 222 223 224 225 226 227 228 229 230 231 232 233 234 235 236 237 238 239 240 241 242 243 244 245
 done.
 running RMSDs...
 done.
 E lowest :   -39.71777


   ================================================
   |           Final Geometry Optimization        |
   ================================================
 ------------------------------------------------
 Ensemble optimization with very tight thresholds
 ------------------------------------------------
 Optimizing all 820 structures from file "crest_rotamers_4.xyz" ...
 1 2 3 4 5 6 7 8 9 10 11 12 13 14 15 16 17 18 19 20 21 22 23 24 25 26 27 28 29 30 31 32 33 34 35 36 37 38 39 40 41 42 43 44 45 46 47 48 49 50 51 52 53 54 55 56 57 58 59 60 61 62 63 64 65 66 67 68 69 70 71 72 73 74 75 76 77 78 79 80 81 82 83 84 85 86 87 88 89 90 91 92 93 94 95 96 97 98 99 100 101 102 103 104 105 106 107 108 109 110 111 112 113 114 115 116 117 118 119 120 121 122 123 124 125 126 127 128 129 130 131 132 133 134 135 136 137 138 139 140 141 142 143 144 145 146 147 148 149 150 151 152 153 154 155 156 157 158 159 160 161 162 163 164 165 166 167 168 169 170 171 172 173 174 175 176 177 178 179 180 181 182 183 184 185 186 187 188 189 190 191 192 193 194 195 196 197 198 199 200 201 202 203 204 205 206 207 208 209 210 211 212 213 214 215 216 217 218 219 220 221 222 223 224 225 226 227 228 229 230 231 232 233 234 235 236 237 238 239 240 241 242 243 244 245 246 247 248 249 250 251 252 253 254 255 256 257 258 259 260 261 262 263 264 265 266 267 268 269 270 271 272 273 274 275 276 277 278 279 280 281 282 283 284 285 286 287 288 289 290 291 292 293 294 295 296 297 298 299 300 301 302 303 304 305 306 307 308 309 310 311 312 313 314 315 316 317 318 319 320 321 322 323 324 325 326 327 328 329 330 331 332 333 334 335 336 337 338 339 340 341 342 343 344 345 346 347 348 349 350 351 352 353 354 355 356 357 358 359 360 361 362 363 364 365 366 367 368 369 370 371 372 373 374 375 376 377 378 379 380 381 382 383 384 385 386 387 388 389 390 391 392 393 394 395 396 397 398 399 400 401 402 403 404 405 406 407 408 409 410 411 412 413 414 415 416 417 418 419 420 421 422 423 424 425 426 427 428 429 430 431 432 433 434 435 436 437 438 439 440 441 442 443 444 445 446 447 448 449 450 451 452 453 454 455 456 457 458 459 460 461 462 463 464 465 466 467 468 469 470 471 472 473 474 475 476 477 478 479 480 481 482 483 484 485 486 487 488 489 490 491 492 493 494 495 496 497 498 499 500 501 502 503 504 505 506 507 508 509 510 511 512 513 514 515 516 517 518 519 520 521 522 523 524 525 526 527 528 529 530 531 532 533 534 535 536 537 538 539 540 541 542 543 544 545 546 547 548 549 550 551 552 553 554 555 556 557 558 559 560 561 562 563 564 565 566 567 568 569 570 571 572 573 574 575 576 577 578 579 580 581 582 583 584 585 586 587 588 589 590 591 592 593 594 595 596 597 598 599 600 601 602 603 604 605 606 607 608 609 610 611 612 613 614 615 616 617 618 619 620 621 622 623 624 625 626 627 628 629 630 631 632 633 634 635 636 637 638 639 640 641 642 643 644 645 646 647 648 649 650 651 652 653 654 655 656 657 658 659 660 661 662 663 664 665 666 667 668 669 670 671 672 673 674 675 676 677 678 679 680 681 682 683 684 685 686 687 688 689 690 691 692 693 694 695 696 697 698 699 700 701 702 703 704 705 706 707 708 709 710 711 712 713 714 715 716 717 718 719 720 721 722 723 724 725 726 727 728 729 730 731 732 733 734 735 736 737 738 739 740 741 742 743 744 745 746 747 748 749 750 751 752 753 754 755 756 757 758 759 760 761 762 763 764 765 766 767 768 769 770 771 772 773 774 775 776 777 778 779 780 781 782 783 784 785 786 787 788 789 790 791 792 793 794 795 796 797 798 799 800 801 802 803 804 805 806 807 808 809 810 811 812 813 814 815 816 817 818 819 820
 done.
 running RMSDs...
 done.
 E lowest :   -39.71777
 745 structures remain within     6.00 kcal/mol window

 input  file name : crest_rotamers_5.xyz
 output file name : crest_rotamers_6.xyz
 number of atoms                :   32
 number of points on xyz files  :   820
 RMSD threshold                 :   0.1250
 Bconst threshold               :   0.0100
 population threshold           :   0.0500
 conformer energy window  /kcal :   6.0000
 # fragment in coord            :     2
 # bonds in reference structure :    30
 number of reliable points      :   820
 reference state Etot :  -39.717768090000000
 number of doubles removed by rot/RMSD         :          75
 total number unique points considered further :         745
       Erel/kcal        Etot weight/tot  conformer     set   degen     origin
       1   0.000   -39.71777    0.00895    0.39794       1      45     mtd5
       2   0.000   -39.71777    0.00895                                md2
       3   0.000   -39.71777    0.00895                                md6
       4   0.000   -39.71777    0.00895                                mtd2
       5   0.000   -39.71777    0.00894                                md2
       6   0.000   -39.71777    0.00894                                mtd12
       7   0.001   -39.71777    0.00894                                mtd12
       8   0.001   -39.71777    0.00894                                mtd10
       9   0.001   -39.71777    0.00894                                mtd10
      10   0.001   -39.71777    0.00894                                mtd6
      11   0.001   -39.71777    0.00894                                mtd5
      12   0.001   -39.71777    0.00894                                mtd8
      13   0.001   -39.71777    0.00894                                md2
      14   0.001   -39.71777    0.00894                                mtd5
      15   0.001   -39.71777    0.00893                                mtd3
      16   0.001   -39.71777    0.00893                                mtd9
      17   0.001   -39.71777    0.00893                                mtd9
      18   0.002   -39.71777    0.00893                                md4
      19   0.002   -39.71777    0.00892                                mtd5
      20   0.002   -39.71776    0.00892                                mtd8
      21   0.002   -39.71776    0.00892                                mtd12
      22   0.003   -39.71776    0.00891                                mtd1
      23   0.003   -39.71776    0.00891                                mtd8
      24   0.003   -39.71776    0.00891                                mtd2
      25   0.003   -39.71776    0.00891                                mtd12
      26   0.003   -39.71776    0.00890                                mtd8
      27   0.004   -39.71776    0.00888                                md6
      28   0.005   -39.71776    0.00888                                md6
      29   0.006   -39.71776    0.00886                                mtd2
      30   0.006   -39.71776    0.00885                                mtd2
      31   0.008   -39.71776    0.00883                                mtd9
      32   0.009   -39.71775    0.00882                                mtd1
      33   0.009   -39.71775    0.00881                                md6
      34   0.012   -39.71775    0.00878                                mtd12
      35   0.012   -39.71775    0.00877                                mtd5
      36   0.013   -39.71775    0.00876                                mtd8
      37   0.014   -39.71775    0.00875                                mtd8
      38   0.014   -39.71775    0.00873                                mtd7
      39   0.014   -39.71775    0.00873                                md6
      40   0.019   -39.71774    0.00866                                md4
      41   0.024   -39.71773    0.00859                                mtd6
      42   0.025   -39.71773    0.00858                                mtd12
      43   0.026   -39.71773    0.00856                                md4
      44   0.027   -39.71773    0.00855                                mtd1
      45   0.041   -39.71770    0.00835                                mtd1
      46   0.188   -39.71747    0.00652    0.00652       2       1     mtd6
      47   0.333   -39.71724    0.00510    0.19647       3      39     mtd10
      48   0.334   -39.71724    0.00510                                md8
      49   0.334   -39.71724    0.00509                                md6
      50   0.335   -39.71723    0.00509                                mtd8
      51   0.335   -39.71723    0.00509                                mtd3
      52   0.335   -39.71723    0.00509                                mtd8
      53   0.335   -39.71723    0.00509                                md5
      54   0.335   -39.71723    0.00509                                md7
      55   0.335   -39.71723    0.00509                                mtd3
      56   0.336   -39.71723    0.00508                                mtd2
      57   0.336   -39.71723    0.00508                                mtd5
      58   0.336   -39.71723    0.00508                                mtd2
      59   0.337   -39.71723    0.00507                                mtd2
      60   0.337   -39.71723    0.00507                                mtd9
      61   0.339   -39.71723    0.00505                                md6
      62   0.339   -39.71723    0.00505                                mtd1
      63   0.339   -39.71723    0.00505                                md2
      64   0.340   -39.71723    0.00505                                md7
      65   0.340   -39.71723    0.00505                                md5
      66   0.340   -39.71723    0.00504                                mtd5
      67   0.353   -39.71721    0.00493                                mtd10
      68   0.341   -39.71722    0.00504                                mtd12
      69   0.341   -39.71722    0.00503                                md3
      70   0.342   -39.71722    0.00503                                mtd2
      71   0.343   -39.71722    0.00502                                mtd3
      72   0.343   -39.71722    0.00502                                mtd3
      73   0.343   -39.71722    0.00502                                md6
      74   0.343   -39.71722    0.00502                                mtd3
      75   0.344   -39.71722    0.00501                                mtd9
      76   0.344   -39.71722    0.00501                                md2
      77   0.344   -39.71722    0.00501                                md8
      78   0.344   -39.71722    0.00501                                mtd5
      79   0.354   -39.71720    0.00493                                md2
      80   0.344   -39.71722    0.00501                                mtd6
      81   0.344   -39.71722    0.00501                                mtd8
      82   0.345   -39.71722    0.00500                                mtd3
      83   0.347   -39.71721    0.00498                                md2
      84   0.349   -39.71721    0.00496                                mtd12
      85   0.351   -39.71721    0.00495                                mtd6
      86   0.352   -39.71721    0.00495    0.02931       4       6     mtd7
      87   0.352   -39.71721    0.00494                                md2
      88   0.361   -39.71719    0.00487                                mtd11
      89   0.362   -39.71719    0.00486                                md7
      90   0.366   -39.71719    0.00483                                mtd1
      91   0.363   -39.71719    0.00485                                mtd1
      92   0.365   -39.71719    0.00484    0.02852       5       6     md3
      93   0.370   -39.71718    0.00480                                mtd1
      94   0.370   -39.71718    0.00479                                mtd8
      95   0.379   -39.71716    0.00472                                md2
      96   0.381   -39.71716    0.00471                                mtd9
      97   0.387   -39.71715    0.00466                                mtd2
      98   0.384   -39.71716    0.00469    0.00469       6       1     mtd8
      99   0.389   -39.71715    0.00464    0.00464       7       1     mtd12
     100   0.776   -39.71653    0.00242    0.03376       8      14     mtd9
     101   0.776   -39.71653    0.00242                                mtd1
     102   0.776   -39.71653    0.00242                                md7
     103   0.776   -39.71653    0.00242                                mtd7
     104   0.777   -39.71653    0.00241                                mtd8
     105   0.777   -39.71653    0.00241                                mtd7
     106   0.777   -39.71653    0.00241                                mtd3
     107   0.777   -39.71653    0.00241                                mtd8
     108   0.778   -39.71653    0.00241                                mtd9
     109   0.778   -39.71653    0.00241                                mtd12
     110   0.779   -39.71653    0.00241                                mtd6
     111   0.779   -39.71653    0.00241                                mtd2
     112   0.779   -39.71653    0.00240                                mtd4
     113   0.781   -39.71652    0.00240                                mtd9
     114   0.784   -39.71652    0.00239    0.00471       9       2     mtd9
     115   0.801   -39.71649    0.00232                                mtd9
     116   0.834   -39.71644    0.00219    0.01085      10       5     md4
     117   0.840   -39.71643    0.00217                                mtd6
     118   0.841   -39.71643    0.00217                                md4
     119   0.843   -39.71643    0.00216                                md4
     120   0.843   -39.71642    0.00216                                md4
     121   0.851   -39.71641    0.00213    0.04242      11      20     md1
     122   0.852   -39.71641    0.00213                                gc
     123   0.852   -39.71641    0.00213                                mtd1
     124   0.852   -39.71641    0.00213                                mtd5
     125   0.852   -39.71641    0.00213                                mtd7
     126   0.852   -39.71641    0.00213                                mtd3
     127   0.853   -39.71641    0.00212                                mtd4
     128   0.853   -39.71641    0.00212                                mtd14
     129   0.854   -39.71641    0.00212                                mtd1
     130   0.854   -39.71641    0.00212                                mtd9
     131   0.854   -39.71641    0.00212                                mtd1
     132   0.854   -39.71641    0.00212                                mtd14
     133   0.854   -39.71641    0.00212                                mtd6
     134   0.854   -39.71641    0.00212                                mtd7
     135   0.856   -39.71640    0.00211                                mtd8
     136   0.855   -39.71641    0.00212                                mtd9
     137   0.855   -39.71641    0.00212                                mtd8
     138   0.856   -39.71640    0.00211                                md5
     139   0.855   -39.71641    0.00212                                mtd2
     140   0.855   -39.71641    0.00212                                mtd4
     141   0.856   -39.71640    0.00211    0.08186      12      39     mtd1
     142   0.855   -39.71641    0.00212                                mtd11
     143   0.856   -39.71640    0.00211                                mtd6
     144   0.855   -39.71641    0.00212                                mtd11
     145   0.856   -39.71640    0.00211                                mtd3
     146   0.856   -39.71640    0.00211                                mtd1
     147   0.857   -39.71640    0.00211                                mtd12
     148   0.857   -39.71640    0.00211                                mtd8
     149   0.857   -39.71640    0.00211                                mtd2
     150   0.857   -39.71640    0.00211                                mtd11
     151   0.858   -39.71640    0.00211                                mtd1
     152   0.858   -39.71640    0.00211                                md2
     153   0.858   -39.71640    0.00211                                mtd2
     154   0.858   -39.71640    0.00211                                mtd9
     155   0.858   -39.71640    0.00210                                mtd3
     156   0.859   -39.71640    0.00210                                mtd6
     157   0.859   -39.71640    0.00210                                mtd10
     158   0.859   -39.71640    0.00210                                mtd9
     159   0.860   -39.71640    0.00210                                mtd7
     160   0.861   -39.71640    0.00210                                mtd5
     161   0.861   -39.71640    0.00210                                mtd1
     162   0.861   -39.71640    0.00210                                mtd10
     163   0.861   -39.71640    0.00210                                mtd5
     164   0.861   -39.71640    0.00210                                mtd6
     165   0.861   -39.71640    0.00209                                mtd7
     166   0.861   -39.71640    0.00209                                md6
     167   0.862   -39.71640    0.00209                                mtd2
     168   0.862   -39.71639    0.00209                                mtd5
     169   0.862   -39.71639    0.00209                                mtd3
     170   0.862   -39.71639    0.00209                                mtd9
     171   0.862   -39.71639    0.00209                                md6
     172   0.862   -39.71639    0.00209                                mtd8
     173   0.863   -39.71639    0.00209                                mtd3
     174   0.866   -39.71639    0.00208                                mtd1
     175   0.863   -39.71639    0.00209                                mtd8
     176   0.863   -39.71639    0.00209                                mtd9
     177   0.864   -39.71639    0.00209                                mtd5
     178   0.865   -39.71639    0.00208                                mtd8
     179   0.865   -39.71639    0.00208                                mtd1
     180   0.865   -39.71639    0.00208    0.01858      13       9     mtd12
     181   0.866   -39.71639    0.00208                                mtd12
     182   0.868   -39.71638    0.00207                                mtd6
     183   0.868   -39.71638    0.00207                                mtd3
     184   0.870   -39.71638    0.00206                                md5
     185   0.870   -39.71638    0.00206                                mtd2
     186   0.872   -39.71638    0.00206                                md5
     187   0.874   -39.71638    0.00205                                mtd3
     188   0.875   -39.71637    0.00204                                mtd1
     189   0.875   -39.71637    0.00204    0.07945      14      39     md3
     190   0.875   -39.71637    0.00204                                mtd12
     191   0.875   -39.71637    0.00204                                md3
     192   0.876   -39.71637    0.00204                                mtd12
     193   0.876   -39.71637    0.00204                                mtd2
     194   0.876   -39.71637    0.00204                                mtd12
     195   0.876   -39.71637    0.00204                                md5
     196   0.876   -39.71637    0.00204                                mtd8
     197   0.876   -39.71637    0.00204                                md8
     198   0.876   -39.71637    0.00204                                mtd5
     199   0.876   -39.71637    0.00204                                mtd12
     200   0.876   -39.71637    0.00204                                mtd1
     201   0.876   -39.71637    0.00204                                mtd1
     202   0.876   -39.71637    0.00204                                mtd5
     203   0.876   -39.71637    0.00204                                mtd8
     204   0.876   -39.71637    0.00204                                mtd3
     205   0.876   -39.71637    0.00204                                md6
     206   0.877   -39.71637    0.00204                                mtd9
     207   0.877   -39.71637    0.00204                                mtd2
     208   0.877   -39.71637    0.00204                                mtd1
     209   0.877   -39.71637    0.00204                                mtd12
     210   0.877   -39.71637    0.00204                                mtd1
     211   0.877   -39.71637    0.00204                                gc
     212   0.877   -39.71637    0.00204                                md8
     213   0.877   -39.71637    0.00204                                mtd2
     214   0.878   -39.71637    0.00204                                mtd1
     215   0.878   -39.71637    0.00204                                md7
     216   0.878   -39.71637    0.00204                                mtd9
     217   0.878   -39.71637    0.00204                                mtd8
     218   0.884   -39.71636    0.00202                                mtd8
     219   0.884   -39.71636    0.00201                                mtd3
     220   0.879   -39.71637    0.00203                                md5
     221   0.879   -39.71637    0.00203                                mtd1
     222   0.880   -39.71637    0.00203                                mtd1
     223   0.880   -39.71637    0.00203                                mtd2
     224   0.885   -39.71636    0.00201                                md6
     225   0.887   -39.71636    0.00201                                mtd9
     226   0.880   -39.71637    0.00203                                mtd9
     227   0.875   -39.71637    0.00204                                md3
     228   0.881   -39.71636    0.00202    0.00202      15       1     mtd4
     229   0.882   -39.71636    0.00202    0.00997      16       5     md8
     230   0.882   -39.71636    0.00202                                mtd9
     231   0.883   -39.71636    0.00202                                mtd8
     232   0.891   -39.71635    0.00199                                mtd2
     233   0.916   -39.71631    0.00191                                md7
     234   0.988   -39.71619    0.00169    0.00169      17       1     md3
     235   1.262   -39.71576    0.00107    0.00107      18       1     mtd5
     236   1.389   -39.71556    0.00086    0.00169      19       2     mtd12
     237   1.413   -39.71552    0.00083                                mtd2
     238   1.414   -39.71552    0.00083    0.00486      20       6     mtd8
     239   1.416   -39.71551    0.00082                                md7
     240   1.417   -39.71551    0.00082                                mtd8
     241   1.420   -39.71550    0.00082                                mtd6
     242   1.437   -39.71548    0.00079                                mtd2
     243   1.444   -39.71547    0.00078                                mtd12
     244   1.658   -39.71513    0.00055    0.00055      21       1     mtd3
     245   1.663   -39.71512    0.00054    0.00162      22       3     mtd1
     246   1.665   -39.71512    0.00054                                mtd6
     247   1.671   -39.71510    0.00053                                mtd9
     248   1.668   -39.71511    0.00054    0.00107      23       2     mtd6
     249   1.673   -39.71510    0.00053                                mtd9
     250   1.677   -39.71509    0.00053    0.00105      24       2     mtd2
     251   1.689   -39.71508    0.00052                                mtd3
     252   1.788   -39.71492    0.00044    0.00390      25       9     mtd1
     253   1.788   -39.71492    0.00044                                mtd1
     254   1.788   -39.71492    0.00044                                mtd1
     255   1.788   -39.71492    0.00044                                mtd2
     256   1.791   -39.71491    0.00044                                mtd4
     257   1.793   -39.71491    0.00044                                mtd1
     258   1.797   -39.71490    0.00043                                md7
     259   1.807   -39.71489    0.00042                                mtd1
     260   1.817   -39.71487    0.00042                                mtd9
     261   1.845   -39.71483    0.00040    0.00079      26       2     md5
     262   1.850   -39.71482    0.00040                                mtd4
     263   1.994   -39.71459    0.00031    0.00031      27       1     mtd6
     264   2.010   -39.71457    0.00030    0.00030      28       1     md5
     265   2.070   -39.71447    0.00027    0.00054      29       2     mtd7
     266   2.090   -39.71444    0.00026                                mtd9
     267   2.146   -39.71435    0.00024    0.00024      30       1     mtd1
     268   2.158   -39.71433    0.00024    0.00024      31       1     md5
     269   2.160   -39.71433    0.00023    0.00069      32       3     md5
     270   2.161   -39.71432    0.00023                                mtd8
     271   2.197   -39.71427    0.00022                                mtd3
     272   2.201   -39.71426    0.00022    0.00022      33       1     mtd6
     273   2.201   -39.71426    0.00022    0.00022      34       1     md2
     274   2.201   -39.71426    0.00022    0.00851      35      39     md6
     275   2.201   -39.71426    0.00022                                mtd3
     276   2.201   -39.71426    0.00022                                mtd4
     277   2.201   -39.71426    0.00022                                mtd5
     278   2.202   -39.71426    0.00022                                md6
     279   2.202   -39.71426    0.00022                                mtd9
     280   2.202   -39.71426    0.00022                                mtd14
     281   2.202   -39.71426    0.00022                                mtd14
     282   2.202   -39.71426    0.00022                                mtd9
     283   2.202   -39.71426    0.00022                                mtd5
     284   2.202   -39.71426    0.00022                                md2
     285   2.202   -39.71426    0.00022                                mtd1
     286   2.202   -39.71426    0.00022                                mtd4
     287   2.202   -39.71426    0.00022                                mtd5
     288   2.202   -39.71426    0.00022                                mtd2
     289   2.202   -39.71426    0.00022                                mtd11
     290   2.202   -39.71426    0.00022                                md6
     291   2.202   -39.71426    0.00022                                mtd8
     292   2.202   -39.71426    0.00022                                mtd12
     293   2.202   -39.71426    0.00022                                mtd12
     294   2.202   -39.71426    0.00022                                md8
     295   2.202   -39.71426    0.00022                                mtd2
     296   2.202   -39.71426    0.00022                                mtd2
     297   2.202   -39.71426    0.00022                                mtd2
     298   2.202   -39.71426    0.00022                                mtd12
     299   2.203   -39.71426    0.00022                                mtd11
     300   2.203   -39.71426    0.00022                                mtd6
     301   2.203   -39.71426    0.00022                                mtd7
     302   2.203   -39.71426    0.00022                                mtd6
     303   2.203   -39.71426    0.00022                                mtd1
     304   2.203   -39.71426    0.00022                                mtd1
     305   2.204   -39.71426    0.00022                                mtd3
     306   2.204   -39.71426    0.00022                                mtd5
     307   2.204   -39.71426    0.00022                                mtd9
     308   2.204   -39.71426    0.00022                                mtd2
     309   2.204   -39.71426    0.00022                                mtd3
     310   2.206   -39.71425    0.00022                                md5
     311   2.205   -39.71425    0.00022                                mtd5
     312   2.207   -39.71425    0.00022                                mtd8
     313   2.173   -39.71431    0.00023    0.00109      36       5     md5
     314   2.207   -39.71425    0.00022                                mtd6
     315   2.206   -39.71425    0.00022                                mtd5
     316   2.214   -39.71424    0.00021                                mtd8
     317   2.214   -39.71424    0.00021                                mtd8
     318   2.222   -39.71423    0.00021    0.00021      37       1     mtd8
     319   2.223   -39.71423    0.00021    0.00021      38       1     mtd8
     320   2.234   -39.71421    0.00021    0.00062      39       3     mtd2
     321   2.241   -39.71420    0.00020                                mtd3
     322   2.242   -39.71420    0.00020                                mtd6
     323   2.242   -39.71420    0.00020    0.00020      40       1     mtd8
     324   2.249   -39.71418    0.00020    0.00040      41       2     mtd1
     325   2.252   -39.71418    0.00020                                mtd4
     326   2.254   -39.71418    0.00020    0.00040      42       2     mtd1
     327   2.256   -39.71417    0.00020                                mtd6
     328   2.254   -39.71418    0.00020    0.00039      43       2     mtd8
     329   2.276   -39.71414    0.00019                                mtd1
     330   2.258   -39.71417    0.00020    0.00020      44       1     mtd1
     331   2.288   -39.71412    0.00019    0.00019      45       1     mtd9
     332   2.290   -39.71412    0.00019    0.00037      46       2     md8
     333   2.301   -39.71410    0.00018                                mtd13
     334   2.316   -39.71408    0.00018    0.00018      47       1     mtd9
     335   2.335   -39.71405    0.00017    0.00084      48       5     mtd5
     336   2.345   -39.71403    0.00017                                mtd1
     337   2.356   -39.71401    0.00017                                mtd8
     338   2.369   -39.71399    0.00016                                mtd11
     339   2.383   -39.71397    0.00016                                mtd1
     340   2.384   -39.71397    0.00016    0.00049      49       3     mtd6
     341   2.362   -39.71400    0.00017                                mtd6
     342   2.385   -39.71397    0.00016                                mtd8
     343   2.374   -39.71399    0.00016    0.00016      50       1     mtd11
     344   2.368   -39.71399    0.00017    0.00033      51       2     mtd8
     345   2.379   -39.71398    0.00016                                mtd12
     346   2.402   -39.71394    0.00016    0.00016      52       1     mtd5
     347   2.411   -39.71393    0.00015    0.00105      53       7     mtd12
     348   2.429   -39.71390    0.00015                                md8
     349   2.412   -39.71392    0.00015                                mtd5
     350   2.430   -39.71390    0.00015                                mtd6
     351   2.436   -39.71389    0.00015                                mtd14
     352   2.431   -39.71389    0.00015                                mtd9
     353   2.419   -39.71391    0.00015                                mtd11
     354   2.422   -39.71391    0.00015    0.00015      54       1     mtd6
     355   2.425   -39.71390    0.00015    0.00133      55       9     mtd9
     356   2.426   -39.71390    0.00015                                mtd5
     357   2.437   -39.71388    0.00015                                mtd14
     358   2.432   -39.71389    0.00015                                mtd12
     359   2.433   -39.71389    0.00015                                mtd13
     360   2.434   -39.71389    0.00015                                mtd5
     361   2.434   -39.71389    0.00015                                mtd9
     362   2.427   -39.71390    0.00015                                mtd10
     363   2.435   -39.71389    0.00015                                md8
     364   2.437   -39.71388    0.00015    0.00015      56       1     mtd4
     365   2.438   -39.71388    0.00015    0.00015      57       1     mtd1
     366   2.441   -39.71388    0.00015    0.00116      58       8     mtd2
     367   2.444   -39.71387    0.00015                                mtd8
     368   2.444   -39.71387    0.00015                                mtd8
     369   2.441   -39.71388    0.00015                                mtd4
     370   2.441   -39.71388    0.00015                                mtd6
     371   2.442   -39.71388    0.00015                                mtd6
     372   2.443   -39.71388    0.00015                                md6
     373   2.444   -39.71387    0.00015                                mtd6
     374   2.444   -39.71387    0.00015    0.00015      59       1     input
     375   2.443   -39.71387    0.00015    0.00130      60       9     mtd2
     376   2.445   -39.71387    0.00014                                mtd11
     377   2.446   -39.71387    0.00014                                mtd8
     378   2.448   -39.71387    0.00014                                mtd8
     379   2.450   -39.71386    0.00014                                md2
     380   2.435   -39.71389    0.00015                                md2
     381   2.450   -39.71386    0.00014                                mtd8
     382   2.453   -39.71386    0.00014                                mtd6
     383   2.435   -39.71389    0.00015                                mtd2
     384   2.455   -39.71386    0.00014    0.00042      61       3     mtd1
     385   2.459   -39.71385    0.00014                                mtd1
     386   2.479   -39.71382    0.00014                                mtd9
     387   2.493   -39.71379    0.00013    0.00013      62       1     mtd6
     388   2.534   -39.71373    0.00012    0.00100      63       8     mtd5
     389   2.534   -39.71373    0.00012                                mtd6
     390   2.534   -39.71373    0.00012                                mtd2
     391   2.535   -39.71373    0.00012                                mtd5
     392   2.535   -39.71373    0.00012                                mtd5
     393   2.536   -39.71373    0.00012                                mtd6
     394   2.537   -39.71373    0.00012                                mtd9
     395   2.538   -39.71372    0.00012                                mtd6
     396   2.537   -39.71372    0.00012    0.00012      64       1     mtd3
     397   2.541   -39.71372    0.00012    0.00049      65       4     mtd2
     398   2.542   -39.71372    0.00012                                mtd6
     399   2.543   -39.71372    0.00012                                mtd11
     400   2.549   -39.71371    0.00012                                mtd6
     401   2.578   -39.71366    0.00012    0.00012      66       1     mtd14
     402   2.598   -39.71363    0.00011    0.00011      67       1     mtd4
     403   2.607   -39.71361    0.00011    0.00011      68       1     mtd11
     404   2.622   -39.71359    0.00011    0.00011      69       1     mtd4
     405   2.627   -39.71358    0.00011    0.00011      70       1     mtd6
     406   2.627   -39.71358    0.00011    0.00011      71       1     mtd8
     407   2.647   -39.71355    0.00010    0.00030      72       3     mtd11
     408   2.670   -39.71351    0.00010                                mtd4
     409   2.656   -39.71353    0.00010                                mtd9
     410   2.673   -39.71351    0.00010    0.00040      73       4     mtd6
     411   2.659   -39.71353    0.00010                                mtd6
     412   2.678   -39.71350    0.00010                                mtd4
     413   2.673   -39.71351    0.00010                                mtd14
     414   2.682   -39.71349    0.00010    0.00010      74       1     mtd9
     415   2.693   -39.71348    0.00010    0.00010      75       1     mtd6
     416   2.693   -39.71348    0.00010    0.00010      76       1     mtd4
     417   2.675   -39.71350    0.00010    0.00010      77       1     mtd13
     418   2.696   -39.71347    0.00009    0.00038      78       4     mtd1
     419   2.700   -39.71347    0.00009                                mtd4
     420   2.703   -39.71346    0.00009                                mtd9
     421   2.711   -39.71345    0.00009                                mtd7
     422   2.714   -39.71344    0.00009    0.00027      79       3     mtd6
     423   2.716   -39.71344    0.00009                                mtd9
     424   2.736   -39.71341    0.00009                                mtd1
     425   2.736   -39.71341    0.00009    0.00009      80       1     mtd1
     426   2.710   -39.71345    0.00009    0.00009      81       1     mtd1
     427   2.737   -39.71341    0.00009    0.00009      82       1     mtd4
     428   2.748   -39.71339    0.00009    0.00009      83       1     mtd6
     429   2.738   -39.71341    0.00009    0.00044      84       5     mtd5
     430   2.753   -39.71338    0.00009                                mtd11
     431   2.741   -39.71340    0.00009                                md2
     432   2.745   -39.71339    0.00009                                md1
     433   2.711   -39.71345    0.00009                                mtd3
     434   2.754   -39.71338    0.00009    0.00009      85       1     mtd7
     435   2.713   -39.71345    0.00009    0.00009      86       1     mtd6
     436   2.748   -39.71339    0.00009    0.00009      87       1     mtd6
     437   2.769   -39.71335    0.00008    0.00008      88       1     mtd9
     438   2.781   -39.71334    0.00008    0.00016      89       2     mtd6
     439   2.828   -39.71326    0.00008                                mtd2
     440   2.899   -39.71315    0.00007    0.00007      90       1     mtd2
     441   2.905   -39.71314    0.00007    0.00019      91       3     mtd5
     442   2.935   -39.71309    0.00006                                mtd6
     443   2.940   -39.71308    0.00006                                mtd8
     444   2.955   -39.71306    0.00006    0.00006      92       1     md2
     445   2.941   -39.71308    0.00006    0.00013      93       2     mtd8
     446   2.920   -39.71311    0.00007                                mtd5
     447   2.927   -39.71310    0.00006    0.00006      94       1     mtd1
     448   2.988   -39.71301    0.00006    0.00012      95       2     mtd3
     449   2.997   -39.71299    0.00006                                md1
     450   3.018   -39.71296    0.00006    0.00006      96       1     mtd3
     451   3.059   -39.71289    0.00005    0.00005      97       1     mtd5
     452   3.318   -39.71248    0.00003    0.00003      98       1     mtd8
     453   3.671   -39.71192    0.00002    0.00002      99       1     mtd6
     454   3.709   -39.71186    0.00002    0.00002     100       1     mtd8
     455   3.740   -39.71181    0.00002    0.00002     101       1     mtd2
     456   3.860   -39.71162    0.00001    0.00001     102       1     mtd8
     457   3.886   -39.71158    0.00001    0.00001     103       1     mtd1
     458   4.600   -39.71044    0.00000    0.00000     104       1     mtd3
     459   4.641   -39.71037    0.00000    0.00001     105       2     mtd1
     460   4.651   -39.71036    0.00000                                mtd1
     461   4.648   -39.71036    0.00000    0.00000     106       1     mtd6
     462   4.713   -39.71026    0.00000    0.00000     107       1     mtd11
     463   4.743   -39.71021    0.00000    0.00000     108       1     mtd2
     464   4.757   -39.71019    0.00000    0.00001     109       2     mtd1
     465   4.779   -39.71015    0.00000                                mtd1
     466   4.853   -39.71003    0.00000    0.00000     110       1     mtd6
     467   4.905   -39.70995    0.00000    0.00000     111       1     mtd2
     468   4.922   -39.70992    0.00000    0.00000     112       1     mtd1
     469   5.035   -39.70974    0.00000    0.00000     113       1     mtd9
     470   5.039   -39.70974    0.00000    0.00000     114       1     md2
     471   5.040   -39.70974    0.00000    0.00000     115       1     mtd8
     472   5.087   -39.70966    0.00000    0.00000     116       1     mtd1
     473   5.130   -39.70959    0.00000    0.00000     117       1     mtd9
     474   5.249   -39.70940    0.00000    0.00000     118       2     mtd5
     475   5.292   -39.70933    0.00000                                mtd2
     476   5.384   -39.70919    0.00000    0.00000     119       1     mtd6
     477   5.395   -39.70917    0.00000    0.00000     120       1     mtd1
     478   5.515   -39.70898    0.00000    0.00000     121       1     mtd2
     479   5.554   -39.70892    0.00000    0.00000     122       1     mtd12
     480   5.569   -39.70889    0.00000    0.00000     123       3     gc
     481   5.572   -39.70889    0.00000                                mtd10
     482   5.584   -39.70887    0.00000                                mtd10
     483   5.607   -39.70883    0.00000    0.00000     124       1     mtd2
     484   5.637   -39.70878    0.00000    0.00000     125       1     mtd6
     485   5.661   -39.70875    0.00000    0.00000     126       1     mtd5
     486   5.707   -39.70867    0.00000    0.00000     127       1     mtd5
     487   5.713   -39.70866    0.00000    0.00000     128       1     mtd3
     488   5.720   -39.70865    0.00000    0.00000     129       1     gc
     489   5.730   -39.70864    0.00000    0.00000     130       1     mtd14
     490   5.761   -39.70859    0.00000    0.00000     131       1     mtd5
     491   5.787   -39.70855    0.00000    0.00000     132       1     mtd14
     492   5.791   -39.70854    0.00000    0.00000     133       1     mtd10
     493   5.800   -39.70853    0.00000    0.00000     134       1     mtd14
     494   5.800   -39.70853    0.00000    0.00000     135       1     gc
     495   5.822   -39.70849    0.00000    0.00000     136       2     gc
     496   5.824   -39.70849    0.00000                                mtd11
     497   5.829   -39.70848    0.00000    0.00000     137       1     gc
     498   5.831   -39.70848    0.00000    0.00000     138       1     gc
     499   5.849   -39.70845    0.00000    0.00000     139       2     gc
     500   5.878   -39.70840    0.00000                                mtd11
     501   5.881   -39.70840    0.00000    0.00000     140       1     gc
     502   5.882   -39.70839    0.00000    0.00000     141       1     mtd10
     503   5.885   -39.70839    0.00000    0.00000     142       1     gc
     504   5.886   -39.70839    0.00000    0.00000     143       1     mtd14
     505   5.887   -39.70839    0.00000    0.00000     144       1     mtd12
     506   5.891   -39.70838    0.00000    0.00000     145       2     mtd11
     507   5.892   -39.70838    0.00000                                gc
     508   5.896   -39.70837    0.00000    0.00000     146       1     mtd5
     509   5.865   -39.70842    0.00000    0.00000     147       1     gc
     510   5.900   -39.70837    0.00000    0.00000     148       5     md6
     511   5.902   -39.70836    0.00000                                mtd5
     512   5.904   -39.70836    0.00000                                mtd5
     513   5.905   -39.70836    0.00000                                gc
     514   5.905   -39.70836    0.00000                                gc
     515   5.888   -39.70839    0.00000    0.00000     149       1     mtd9
     516   5.910   -39.70835    0.00000    0.00000     150       1     gc
     517   5.911   -39.70835    0.00000    0.00000     151       1     gc
     518   5.907   -39.70836    0.00000    0.00000     152       1     mtd5
     519   5.912   -39.70835    0.00000    0.00000     153       6     mtd5
     520   5.918   -39.70834    0.00000                                md1
     521   5.907   -39.70835    0.00000                                gc
     522   5.907   -39.70835    0.00000                                gc
     523   5.918   -39.70834    0.00000                                gc
     524   5.919   -39.70833    0.00000                                gc
     525   5.908   -39.70835    0.00000    0.00000     154       1     gc
     526   5.909   -39.70835    0.00000    0.00000     155       1     mtd10
     527   5.921   -39.70833    0.00000    0.00000     156       1     mtd5
     528   5.921   -39.70833    0.00000    0.00000     157       1     gc
     529   5.896   -39.70837    0.00000    0.00000     158       2     gc
     530   5.921   -39.70833    0.00000                                gc
     531   5.921   -39.70833    0.00000    0.00000     159       5     gc
     532   5.922   -39.70833    0.00000                                gc
     533   5.922   -39.70833    0.00000                                gc
     534   5.923   -39.70833    0.00000                                gc
     535   5.898   -39.70837    0.00000                                mtd12
     536   5.927   -39.70832    0.00000    0.00000     160       1     gc
     537   5.899   -39.70837    0.00000    0.00000     161       1     gc
     538   5.927   -39.70832    0.00000    0.00000     162       1     mtd1
     539   5.927   -39.70832    0.00000    0.00000     163       3     gc
     540   5.928   -39.70832    0.00000                                gc
     541   5.928   -39.70832    0.00000                                gc
     542   5.928   -39.70832    0.00000    0.00000     164       3     gc
     543   5.928   -39.70832    0.00000                                gc
     544   5.928   -39.70832    0.00000                                gc
     545   5.930   -39.70832    0.00000    0.00000     165       3     mtd5
     546   5.928   -39.70832    0.00000                                gc
     547   5.900   -39.70837    0.00000                                gc
     548   5.925   -39.70833    0.00000    0.00000     166       7     gc
     549   5.928   -39.70832    0.00000                                gc
     550   5.920   -39.70833    0.00000                                gc
     551   5.931   -39.70832    0.00000                                gc
     552   5.933   -39.70831    0.00000                                gc
     553   5.934   -39.70831    0.00000                                gc
     554   5.934   -39.70831    0.00000                                mtd12
     555   5.935   -39.70831    0.00000    0.00000     167       1     mtd12
     556   5.920   -39.70833    0.00000    0.00000     168      10     mtd11
     557   5.929   -39.70832    0.00000                                mtd10
     558   5.935   -39.70831    0.00000                                gc
     559   5.935   -39.70831    0.00000                                gc
     560   5.925   -39.70833    0.00000                                mtd7
     561   5.936   -39.70831    0.00000                                gc
     562   5.936   -39.70831    0.00000                                gc
     563   5.937   -39.70831    0.00000                                gc
     564   5.938   -39.70830    0.00000                                gc
     565   5.922   -39.70833    0.00000                                gc
     566   5.938   -39.70830    0.00000    0.00000     169       2     gc
     567   5.922   -39.70833    0.00000                                gc
     568   5.919   -39.70834    0.00000    0.00000     170       1     gc
     569   5.939   -39.70830    0.00000    0.00000     171      11     gc
     570   5.922   -39.70833    0.00000                                gc
     571   5.945   -39.70829    0.00000                                mtd1
     572   5.945   -39.70829    0.00000                                gc
     573   5.948   -39.70829    0.00000                                gc
     574   5.930   -39.70832    0.00000                                gc
     575   5.926   -39.70832    0.00000                                gc
     576   5.922   -39.70833    0.00000                                gc
     577   5.921   -39.70833    0.00000                                gc
     578   5.941   -39.70830    0.00000                                gc
     579   5.950   -39.70829    0.00000                                mtd11
     580   5.951   -39.70828    0.00000    0.00000     172       1     gc
     581   5.941   -39.70830    0.00000    0.00000     173       2     gc
     582   5.944   -39.70830    0.00000                                gc
     583   5.954   -39.70828    0.00000    0.00000     174       4     gc
     584   5.954   -39.70828    0.00000                                gc
     585   5.950   -39.70829    0.00000                                gc
     586   5.927   -39.70832    0.00000                                gc
     587   5.939   -39.70830    0.00000    0.00000     175       1     gc
     588   5.950   -39.70829    0.00000    0.00000     176       3     mtd5
     589   5.938   -39.70831    0.00000                                gc
     590   5.955   -39.70828    0.00000                                gc
     591   5.955   -39.70828    0.00000    0.00000     177       2     mtd11
     592   5.956   -39.70828    0.00000                                mtd1
     593   5.957   -39.70827    0.00000    0.00000     178       5     gc
     594   5.955   -39.70828    0.00000                                mtd5
     595   5.957   -39.70827    0.00000                                mtd12
     596   5.946   -39.70829    0.00000                                gc
     597   5.958   -39.70827    0.00000                                gc
     598   5.927   -39.70832    0.00000    0.00000     179       3     gc
     599   5.958   -39.70827    0.00000                                gc
     600   5.955   -39.70828    0.00000                                mtd1
     601   5.958   -39.70827    0.00000    0.00000     180       3     gc
     602   5.951   -39.70828    0.00000                                gc
     603   5.958   -39.70827    0.00000                                mtd4
     604   5.958   -39.70827    0.00000    0.00000     181       2     mtd11
     605   5.962   -39.70827    0.00000                                mtd2
     606   5.920   -39.70833    0.00000    0.00000     182       1     mtd11
     607   5.963   -39.70827    0.00000    0.00000     183       5     gc
     608   5.963   -39.70827    0.00000                                mtd2
     609   5.965   -39.70826    0.00000                                mtd12
     610   5.965   -39.70826    0.00000                                mtd5
     611   5.965   -39.70826    0.00000                                gc
     612   5.953   -39.70828    0.00000    0.00000     184       1     mtd5
     613   5.938   -39.70831    0.00000    0.00000     185       2     gc
     614   5.920   -39.70833    0.00000                                gc
     615   5.953   -39.70828    0.00000    0.00000     186       1     gc
     616   5.966   -39.70826    0.00000    0.00000     187       1     mtd7
     617   5.965   -39.70826    0.00000    0.00000     188       3     mtd2
     618   5.969   -39.70826    0.00000                                gc
     619   5.921   -39.70833    0.00000                                gc
     620   5.947   -39.70829    0.00000    0.00000     189       2     mtd1
     621   5.971   -39.70825    0.00000                                gc
     622   5.973   -39.70825    0.00000    0.00000     190       1     mtd1
     623   5.973   -39.70825    0.00000    0.00000     191       2     mtd2
     624   5.975   -39.70825    0.00000                                gc
     625   5.975   -39.70825    0.00000    0.00000     192       1     gc
     626   5.975   -39.70825    0.00000    0.00000     193       2     gc
     627   5.964   -39.70826    0.00000                                gc
     628   5.927   -39.70832    0.00000    0.00000     194       1     gc
     629   5.977   -39.70824    0.00000    0.00000     195       4     mtd12
     630   5.977   -39.70824    0.00000                                mtd1
     631   5.977   -39.70824    0.00000                                mtd7
     632   5.971   -39.70825    0.00000                                gc
     633   5.956   -39.70828    0.00000    0.00000     196       3     mtd11
     634   5.971   -39.70825    0.00000                                gc
     635   5.977   -39.70824    0.00000                                gc
     636   5.978   -39.70824    0.00000    0.00000     197       4     gc
     637   5.956   -39.70828    0.00000                                mtd12
     638   5.971   -39.70825    0.00000                                mtd13
     639   5.978   -39.70824    0.00000                                mtd5
     640   5.978   -39.70824    0.00000    0.00000     198       1     mtd14
     641   5.979   -39.70824    0.00000    0.00000     199       4     mtd12
     642   5.979   -39.70824    0.00000                                mtd12
     643   5.979   -39.70824    0.00000                                mtd4
     644   5.979   -39.70824    0.00000                                mtd9
     645   5.966   -39.70826    0.00000    0.00000     200       1     mtd10
     646   5.980   -39.70824    0.00000    0.00000     201       1     gc
     647   5.974   -39.70825    0.00000    0.00000     202       1     mtd7
     648   5.978   -39.70824    0.00000    0.00000     203       1     mtd12
     649   5.982   -39.70824    0.00000    0.00000     204       1     mtd12
     650   5.982   -39.70823    0.00000    0.00000     205       1     mtd3
     651   5.982   -39.70823    0.00000    0.00000     206       2     mtd3
     652   5.967   -39.70826    0.00000                                gc
     653   5.981   -39.70824    0.00000    0.00000     207       1     mtd7
     654   5.983   -39.70823    0.00000    0.00000     208       1     gc
     655   5.979   -39.70824    0.00000    0.00000     209       2     mtd7
     656   5.983   -39.70823    0.00000                                gc
     657   5.984   -39.70823    0.00000    0.00000     210       1     mtd12
     658   5.951   -39.70828    0.00000    0.00000     211       2     mtd1
     659   5.984   -39.70823    0.00000                                gc
     660   5.984   -39.70823    0.00000    0.00000     212       1     mtd2
     661   5.981   -39.70824    0.00000    0.00000     213       1     mtd14
     662   5.985   -39.70823    0.00000    0.00000     214       4     gc
     663   5.985   -39.70823    0.00000                                mtd5
     664   5.986   -39.70823    0.00000                                mtd1
     665   5.986   -39.70823    0.00000                                mtd4
     666   5.961   -39.70827    0.00000    0.00000     215       1     gc
     667   5.987   -39.70823    0.00000    0.00000     216       1     mtd7
     668   5.987   -39.70823    0.00000    0.00000     217       3     mtd7
     669   5.988   -39.70823    0.00000                                mtd10
     670   5.989   -39.70822    0.00000                                mtd10
     671   5.982   -39.70823    0.00000    0.00000     218       1     mtd3
     672   5.949   -39.70829    0.00000    0.00000     219       2     mtd14
     673   5.990   -39.70822    0.00000                                mtd10
     674   5.962   -39.70827    0.00000    0.00000     220       1     gc
     675   5.983   -39.70823    0.00000    0.00000     221       1     mtd12
     676   5.970   -39.70825    0.00000    0.00000     222       1     gc
     677   5.957   -39.70827    0.00000    0.00000     223       1     gc
     678   5.990   -39.70822    0.00000    0.00000     224       1     mtd10
     679   5.988   -39.70823    0.00000    0.00000     225       2     mtd14
     680   5.990   -39.70822    0.00000                                mtd6
     681   5.990   -39.70822    0.00000    0.00000     226       1     mtd2
     682   5.990   -39.70822    0.00000    0.00000     227       2     mtd11
     683   5.957   -39.70827    0.00000                                mtd12
     684   5.991   -39.70822    0.00000    0.00000     228       3     mtd4
     685   5.991   -39.70822    0.00000                                mtd4
     686   5.981   -39.70824    0.00000                                gc
     687   5.992   -39.70822    0.00000    0.00000     229       2     mtd12
     688   5.992   -39.70822    0.00000                                gc
     689   5.992   -39.70822    0.00000    0.00000     230       1     gc
     690   5.992   -39.70822    0.00000    0.00000     231       1     mtd3
     691   5.988   -39.70823    0.00000    0.00000     232       1     gc
     692   5.992   -39.70822    0.00000    0.00000     233       1     mtd11
     693   5.992   -39.70822    0.00000    0.00000     234       2     mtd12
     694   5.992   -39.70822    0.00000                                mtd2
     695   5.993   -39.70822    0.00000    0.00000     235       1     mtd6
     696   5.993   -39.70822    0.00000    0.00000     236       1     mtd9
     697   5.994   -39.70822    0.00000    0.00000     237       1     mtd2
     698   5.994   -39.70822    0.00000    0.00000     238       1     mtd7
     699   5.970   -39.70825    0.00000    0.00000     239       1     mtd10
     700   5.974   -39.70825    0.00000    0.00000     240       2     mtd6
     701   5.994   -39.70822    0.00000                                mtd11
     702   5.994   -39.70822    0.00000    0.00000     241       1     mtd9
     703   5.990   -39.70822    0.00000    0.00000     242       1     mtd9
     704   5.977   -39.70824    0.00000    0.00000     243       1     gc
     705   5.994   -39.70822    0.00000    0.00000     244       2     mtd10
     706   5.987   -39.70823    0.00000                                gc
     707   5.995   -39.70822    0.00000    0.00000     245       1     mtd7
     708   5.995   -39.70821    0.00000    0.00000     246       3     mtd12
     709   5.995   -39.70821    0.00000                                gc
     710   5.975   -39.70825    0.00000                                gc
     711   5.995   -39.70821    0.00000    0.00000     247       1     mtd3
     712   5.995   -39.70821    0.00000    0.00000     248       1     mtd2
     713   5.986   -39.70823    0.00000    0.00000     249       1     mtd10
     714   5.993   -39.70822    0.00000    0.00000     250       1     mtd8
     715   5.993   -39.70822    0.00000    0.00000     251       1     mtd4
     716   5.995   -39.70821    0.00000    0.00000     252       1     mtd3
     717   5.995   -39.70821    0.00000    0.00000     253       1     mtd3
     718   5.996   -39.70821    0.00000    0.00000     254       1     mtd7
     719   5.996   -39.70821    0.00000    0.00000     255       1     mtd9
     720   5.996   -39.70821    0.00000    0.00000     256       1     mtd7
     721   5.996   -39.70821    0.00000    0.00000     257       2     mtd3
     722   5.996   -39.70821    0.00000                                mtd11
     723   5.996   -39.70821    0.00000    0.00000     258       2     mtd3
     724   5.994   -39.70822    0.00000                                mtd7
     725   5.984   -39.70823    0.00000    0.00000     259       1     mtd12
     726   5.996   -39.70821    0.00000    0.00000     260       1     mtd7
     727   5.996   -39.70821    0.00000    0.00000     261       1     mtd7
     728   5.996   -39.70821    0.00000    0.00000     262       1     mtd3
     729   5.997   -39.70821    0.00000    0.00000     263       1     mtd6
     730   5.997   -39.70821    0.00000    0.00000     264       1     mtd4
     731   5.998   -39.70821    0.00000    0.00000     265       1     mtd12
     732   5.998   -39.70821    0.00000    0.00000     266       2     mtd9
     733   5.995   -39.70821    0.00000                                mtd6
     734   5.992   -39.70822    0.00000    0.00000     267       1     mtd11
     735   5.998   -39.70821    0.00000    0.00000     268       1     mtd3
     736   5.999   -39.70821    0.00000    0.00000     269       1     mtd6
     737   5.999   -39.70821    0.00000    0.00000     270       1     mtd8
     738   5.999   -39.70821    0.00000    0.00000     271       1     mtd9
     739   5.999   -39.70821    0.00000    0.00000     272       1     mtd7
     740   5.999   -39.70821    0.00000    0.00000     273       1     mtd11
     741   6.000   -39.70821    0.00000    0.00000     274       1     mtd7
     742   5.996   -39.70821    0.00000    0.00000     275       1     mtd10
     743   5.989   -39.70822    0.00000    0.00000     276       1     gc
     744   6.000   -39.70821    0.00000    0.00000     277       1     gc
     745   5.969   -39.70826    0.00000    0.00000     278       1     gc
T /K                                  :   298.15
E lowest                              :   -39.71777
ensemble average energy (kcal)        :    0.437
ensemble entropy (J/mol K, cal/mol K) :   45.345   10.838
ensemble free energy (kcal/mol)       :   -3.231
population of lowest in %             :   39.794
 number of unique conformers for further calc          278
 list of relative energies saved as "crest.energies"

 -----------------
 Wall Time Summary
 -----------------
             test MD wall time :         0h : 0m : 5s
                 MTD wall time :         0h :10m :40s
      multilevel OPT wall time :         0h :45m :19s
                  MD wall time :         0h :12m :25s
                  GC wall time :         0h : 4m :43s
--------------------
Overall wall time  : 1h :36m :57s

 CREST terminated normally.
