****************************************************************
  Sure Independence Screening and Sparsifying Operator (SISSO)  
             Version SISSO.3.3, July, 2023.                
****************************************************************

Read in data from train.dat
Read in data from SISSO.in
Property type:     1
Number of tasks:        1
Descriptor dimension:        2
Number of samples for the task(s):     36
Restarts :  0
Number of scalar features:       17
Tier of the feature space:        3
Maximal feature complexity (number of operators in a feature):        6
Unit of input primary feature, each represented by a row vector: 
    1.00
    1.00
    1.00
    1.00
    1.00
    1.00
    1.00
    1.00
    1.00
    1.00
    1.00
    1.00
    1.00
    1.00
    1.00
    1.00
    1.00
The feature will be discarded if the minimum of the maximal abs. value in it <    0.10000E-02
The faature will be discarded if the maximum of the maximal abs. value in it >     0.10000E+06
Size of the SIS-selected (single) subspace :  10000 10000
Operators for feature construction: (+)(-)(*) (+)(-)(*) (+)(-)(*) 
Method for sparse regression:  L0        
Fitting intercept:      T
Metric for model selection: RMSE
Number of the top-ranked models to output:      100
--------------------------------------------------------------------------------

Dimension:   1
-------------------
Feature Construction (FC) starts ...
Population Standard Deviation (SD) of the task 001:   22.38618
Total number of features in the space phi00:             17
Total number of features in the space phi01:            513
Total number of features in the space phi02:         138198
Total number of features in the space phi03:     2535513373
Size of the SIS-selected subspace from phi03:      10000
Time (second) used for this FC:          442.72

Descriptor Identification (DI) starts ...
Total number of SIS-selected features from all dimensions:      10000
 
  1D descriptor: 
     d001 = ((feature10*(feature4-feature8))+((feature10-feature16)*(feature16-feature17)))    feature_ID:000001

  1D model(y=sum(ci*di)+c0): 
     coeff.(ci)_task001:    -0.7221113651E+02
             c0_task001:     0.9285194441E+01
     RMSE,MaxAE_task001:     0.1149683326E+02    0.2771196940E+02

     RMSE and MaxAE of the model:  11.496833 27.711969
--------------------------------------------------------------------------------
Time (second) used for this DI:            0.10

Dimension:   2
-------------------
Feature Construction (FC) starts ...
Total number of features in the space phi00:             17
Total number of features in the space phi01:            513
Total number of features in the space phi02:         138198
Total number of features in the space phi03:     2535513373
Size of the SIS-selected subspace from phi03:      10000
Time (second) used for this FC:          444.40

Descriptor Identification (DI) starts ...
Total number of SIS-selected features from all dimensions:      20000
 
Final model/descriptor !
================================================================================
  2D descriptor: 
     d001 = (((feature16-feature8)*(feature10+feature17))-(feature10*(feature8+feature17)))    feature_ID:006002
     d002 = (((feature11+feature15)-feature14)*((feature13-feature15)*(feature15-feature16)))    feature_ID:010216

  2D model(y=sum(ci*di)+c0): 
     coeff.(ci)_task001:    -0.2518320824E+02    0.2839496817E+03
             c0_task001:     0.3059085334E+02
     RMSE,MaxAE_task001:     0.7231287956E+01    0.1894617908E+02

     RMSE and MaxAE of the model:   7.231288 18.946179
================================================================================
Time (second) used for this DI:           25.53
Total time (second):          918.36
Have a nice day !    

