****************************************************************
  Sure Independence Screening and Sparsifying Operator (SISSO)  
             Version SISSO.3.3, July, 2023.                
****************************************************************

Read in data from train.dat
Read in data from SISSO.in
Property type:     1
Number of tasks:        1
Descriptor dimension:        2
Number of samples for the task(s):     36
Restarts :  0
Number of scalar features:       22
Tier of the feature space:        3
Maximal feature complexity (number of operators in a feature):        6
Unit of input primary feature, each represented by a row vector: 
    1.00
    1.00
    1.00
    1.00
    1.00
    1.00
    1.00
    1.00
    1.00
    1.00
    1.00
    1.00
    1.00
    1.00
    1.00
    1.00
    1.00
    1.00
    1.00
    1.00
    1.00
    1.00
The feature will be discarded if the minimum of the maximal abs. value in it <    0.10000E-02
The faature will be discarded if the maximum of the maximal abs. value in it >     0.10000E+06
Size of the SIS-selected (single) subspace :  10000 10000
Operators for feature construction: (+)(-)(*) (+)(-)(*) (+)(-)(*) 
Method for sparse regression:  L0        
Fitting intercept:      T
Metric for model selection: RMSE
Number of the top-ranked models to output:      100
--------------------------------------------------------------------------------

Dimension:   1
-------------------
Feature Construction (FC) starts ...
Population Standard Deviation (SD) of the task 001:   10.73800
Total number of features in the space phi00:             22
Total number of features in the space phi01:            844
Total number of features in the space phi02:         344495
Total number of features in the space phi03:    12785542969
Size of the SIS-selected subspace from phi03:      10000
Time (second) used for this FC:         2150.61

Descriptor Identification (DI) starts ...
Total number of SIS-selected features from all dimensions:      10000
 
  1D descriptor: 
     d001 = (((feature12+feature20)-feature21)*((feature13+feature15)+(feature22-feature20)))    feature_ID:000001

  1D model(y=sum(ci*di)+c0): 
     coeff.(ci)_task001:     0.2435306291E+02
             c0_task001:     0.4036853605E+01
     RMSE,MaxAE_task001:     0.5080979017E+01    0.1617199779E+02

     RMSE and MaxAE of the model:   5.080979 16.171998
--------------------------------------------------------------------------------
Time (second) used for this DI:            0.18

Dimension:   2
-------------------
Feature Construction (FC) starts ...
Total number of features in the space phi00:             22
Total number of features in the space phi01:            844
Total number of features in the space phi02:         344495
Total number of features in the space phi03:    12785542969
Size of the SIS-selected subspace from phi03:      10000
Time (second) used for this FC:         2153.45

Descriptor Identification (DI) starts ...
Total number of SIS-selected features from all dimensions:      20000
 
Final model/descriptor !
================================================================================
  2D descriptor: 
     d001 = (((feature12+feature22)-feature21)*((feature1*feature14)-(feature12*feature15)))    feature_ID:001286
     d002 = (((feature16-feature20)-feature5)*((feature12*feature13)*(feature19-feature21)))    feature_ID:010187

  2D model(y=sum(ci*di)+c0): 
     coeff.(ci)_task001:    -0.3497577558E+02    0.1677002559E+04
             c0_task001:     0.2962940056E+01
     RMSE,MaxAE_task001:     0.3351099697E+01    0.1224798954E+02

     RMSE and MaxAE of the model:   3.351100 12.247990
================================================================================
Time (second) used for this DI:           29.04
Total time (second):         4333.97
Have a nice day !    

