****************************************************************
  Sure Independence Screening and Sparsifying Operator (SISSO)  
             Version SISSO.3.3, July, 2023.                
****************************************************************

Read in data from train.dat
Read in data from SISSO.in
Property type:     1
Number of tasks:        1
Descriptor dimension:        2
Number of samples for the task(s):     36
Restarts :  0
Number of scalar features:       19
Tier of the feature space:        3
Maximal feature complexity (number of operators in a feature):        6
Unit of input primary feature, each represented by a row vector: 
    1.00
    1.00
    1.00
    1.00
    1.00
    1.00
    1.00
    1.00
    1.00
    1.00
    1.00
    1.00
    1.00
    1.00
    1.00
    1.00
    1.00
    1.00
    1.00
The feature will be discarded if the minimum of the maximal abs. value in it <    0.10000E-02
The faature will be discarded if the maximum of the maximal abs. value in it >     0.10000E+06
Size of the SIS-selected (single) subspace :  10000 10000
Operators for feature construction: (+)(-)(*) (+)(-)(*) (+)(-)(*) 
Method for sparse regression:  L0        
Fitting intercept:      T
Metric for model selection: RMSE
Number of the top-ranked models to output:      100
--------------------------------------------------------------------------------

Dimension:   1
-------------------
Feature Construction (FC) starts ...
Population Standard Deviation (SD) of the task 001:   11.17836
Total number of features in the space phi00:             19
Total number of features in the space phi01:            625
Total number of features in the space phi02:         178988
Total number of features in the space phi03:     4164707493
Size of the SIS-selected subspace from phi03:      10000
Time (second) used for this FC:          800.30

Descriptor Identification (DI) starts ...
Total number of SIS-selected features from all dimensions:      10000
 
  1D descriptor: 
     d001 = (((feature13+feature18)-feature19)*((feature11-feature18)-(feature9-feature11)))    feature_ID:000001

  1D model(y=sum(ci*di)+c0): 
     coeff.(ci)_task001:     0.1880519359E+02
             c0_task001:     0.6127576003E+01
     RMSE,MaxAE_task001:     0.5415749892E+01    0.1415003284E+02

     RMSE and MaxAE of the model:   5.415750 14.150033
--------------------------------------------------------------------------------
Time (second) used for this DI:            0.14

Dimension:   2
-------------------
Feature Construction (FC) starts ...
Total number of features in the space phi00:             19
Total number of features in the space phi01:            625
Total number of features in the space phi02:         178988
Total number of features in the space phi03:     4164707493
Size of the SIS-selected subspace from phi03:      10000
Time (second) used for this FC:          800.57

Descriptor Identification (DI) starts ...
Total number of SIS-selected features from all dimensions:      20000
 
Final model/descriptor !
================================================================================
  2D descriptor: 
     d001 = (((feature13+feature16)-feature19)*((feature11+feature14)-(feature5+feature16)))    feature_ID:000259
     d002 = (((feature19-feature17)-feature7)*((feature1+feature16)-(feature14+feature18)))    feature_ID:018437

  2D model(y=sum(ci*di)+c0): 
     coeff.(ci)_task001:     0.3559577165E+02   -0.6724792666E+02
             c0_task001:     0.4134322206E+01
     RMSE,MaxAE_task001:     0.3991501634E+01    0.1268456343E+02

     RMSE and MaxAE of the model:   3.991502 12.684563
================================================================================
Time (second) used for this DI:           25.50
Total time (second):         1627.74
Have a nice day !    

