****************************************************************
  Sure Independence Screening and Sparsifying Operator (SISSO)  
             Version SISSO.3.3, July, 2023.                
****************************************************************

Read in data from train.dat
Read in data from SISSO.in
Property type:     1
Number of tasks:        1
Descriptor dimension:        2
Number of samples for the task(s):     36
Restarts :  0
Number of scalar features:       22
Tier of the feature space:        3
Maximal feature complexity (number of operators in a feature):        6
Unit of input primary feature, each represented by a row vector: 
    1.00
    1.00
    1.00
    1.00
    1.00
    1.00
    1.00
    1.00
    1.00
    1.00
    1.00
    1.00
    1.00
    1.00
    1.00
    1.00
    1.00
    1.00
    1.00
    1.00
    1.00
    1.00
The feature will be discarded if the minimum of the maximal abs. value in it <    0.10000E-02
The faature will be discarded if the maximum of the maximal abs. value in it >     0.10000E+06
Size of the SIS-selected (single) subspace :  10000 10000
Operators for feature construction: (+)(-)(*) (+)(-)(*) (+)(-)(*) 
Method for sparse regression:  L0        
Fitting intercept:      T
Metric for model selection: RMSE
Number of the top-ranked models to output:      100
--------------------------------------------------------------------------------

Dimension:   1
-------------------
Feature Construction (FC) starts ...
Population Standard Deviation (SD) of the task 001:   21.41103
Total number of features in the space phi00:             22
Total number of features in the space phi01:            846
Total number of features in the space phi02:         331736
Total number of features in the space phi03:    12164467110
Size of the SIS-selected subspace from phi03:      10000
Time (second) used for this FC:         2123.99

Descriptor Identification (DI) starts ...
Total number of SIS-selected features from all dimensions:      10000
 
  1D descriptor: 
     d001 = ((feature19+(feature7+feature20))*((feature10+feature14)+(feature20-feature15)))    feature_ID:000001

  1D model(y=sum(ci*di)+c0): 
     coeff.(ci)_task001:    -0.3701238432E+02
             c0_task001:     0.6111832755E+02
     RMSE,MaxAE_task001:     0.1153088952E+02    0.2450630162E+02

     RMSE and MaxAE of the model:  11.530890 24.506302
--------------------------------------------------------------------------------
Time (second) used for this DI:            0.09

Dimension:   2
-------------------
Feature Construction (FC) starts ...
Total number of features in the space phi00:             22
Total number of features in the space phi01:            846
Total number of features in the space phi02:         331736
Total number of features in the space phi03:    12164467110
Size of the SIS-selected subspace from phi03:      10000
Time (second) used for this FC:         2125.38

Descriptor Identification (DI) starts ...
Total number of SIS-selected features from all dimensions:      20000
 
Final model/descriptor !
================================================================================
  2D descriptor: 
     d001 = (((feature1-feature12)*(feature14-feature15))-(feature19*(feature10+feature20)))    feature_ID:000070
     d002 = (((feature12+feature22)-feature15)*((feature14-feature2)*(feature20-feature21)))    feature_ID:010528

  2D model(y=sum(ci*di)+c0): 
     coeff.(ci)_task001:     0.3795962047E+02    0.2148830535E+03
             c0_task001:     0.5809507079E+02
     RMSE,MaxAE_task001:     0.7354711751E+01    0.1905367983E+02

     RMSE and MaxAE of the model:   7.354712 19.053680
================================================================================
Time (second) used for this DI:           25.40
Total time (second):         4275.60
Have a nice day !    

