****************************************************************
  Sure Independence Screening and Sparsifying Operator (SISSO)  
             Version SISSO.3.3, July, 2023.                
****************************************************************

Read in data from train.dat
Read in data from SISSO.in
Property type:     1
Number of tasks:        1
Descriptor dimension:        2
Number of samples for the task(s):     36
Restarts :  0
Number of scalar features:       19
Tier of the feature space:        3
Maximal feature complexity (number of operators in a feature):        6
Unit of input primary feature, each represented by a row vector: 
    1.00
    1.00
    1.00
    1.00
    1.00
    1.00
    1.00
    1.00
    1.00
    1.00
    1.00
    1.00
    1.00
    1.00
    1.00
    1.00
    1.00
    1.00
    1.00
The feature will be discarded if the minimum of the maximal abs. value in it <    0.10000E-02
The faature will be discarded if the maximum of the maximal abs. value in it >     0.10000E+06
Size of the SIS-selected (single) subspace :  10000 10000
Operators for feature construction: (+)(-)(*) (+)(-)(*) (+)(-)(*) 
Method for sparse regression:  L0        
Fitting intercept:      T
Metric for model selection: RMSE
Number of the top-ranked models to output:      100
--------------------------------------------------------------------------------

Dimension:   1
-------------------
Feature Construction (FC) starts ...
Population Standard Deviation (SD) of the task 001:   22.84840
Total number of features in the space phi00:             19
Total number of features in the space phi01:            641
Total number of features in the space phi02:         208410
Total number of features in the space phi03:     5230177783
Size of the SIS-selected subspace from phi03:      10000
Time (second) used for this FC:          992.73

Descriptor Identification (DI) starts ...
Total number of SIS-selected features from all dimensions:      10000
 
  1D descriptor: 
     d001 = (((feature10-feature13)-feature19)*((feature18-feature9)-(feature9+feature10)))    feature_ID:000001

  1D model(y=sum(ci*di)+c0): 
     coeff.(ci)_task001:     0.2809489653E+02
             c0_task001:     0.2647653302E+02
     RMSE,MaxAE_task001:     0.1184214537E+02    0.2924330483E+02

     RMSE and MaxAE of the model:  11.842145 29.243305
--------------------------------------------------------------------------------
Time (second) used for this DI:            0.09

Dimension:   2
-------------------
Feature Construction (FC) starts ...
Total number of features in the space phi00:             19
Total number of features in the space phi01:            641
Total number of features in the space phi02:         208410
Total number of features in the space phi03:     5230177783
Size of the SIS-selected subspace from phi03:      10000
Time (second) used for this FC:          991.61

Descriptor Identification (DI) starts ...
Total number of SIS-selected features from all dimensions:      20000
 
Final model/descriptor !
================================================================================
  2D descriptor: 
     d001 = (((feature10-feature13)-feature19)*((feature1+feature18)-(feature9+feature10)))    feature_ID:000426
     d002 = (((feature11+feature17)-feature16)*((feature10*feature12)*(feature12-feature18)))    feature_ID:011645

  2D model(y=sum(ci*di)+c0): 
     coeff.(ci)_task001:     0.4110190928E+02    0.4553602113E+03
             c0_task001:     0.4323788233E+02
     RMSE,MaxAE_task001:     0.8434933521E+01    0.1995903855E+02

     RMSE and MaxAE of the model:   8.434934 19.959039
================================================================================
Time (second) used for this DI:           25.45
Total time (second):         2010.61
Have a nice day !    

