****************************************************************
  Sure Independence Screening and Sparsifying Operator (SISSO)  
             Version SISSO.3.3, July, 2023.                
****************************************************************

Read in data from train.dat
Read in data from SISSO.in
Property type:     1
Number of tasks:        1
Descriptor dimension:        2
Number of samples for the task(s):     36
Restarts :  0
Number of scalar features:       20
Tier of the feature space:        3
Maximal feature complexity (number of operators in a feature):        6
Unit of input primary feature, each represented by a row vector: 
    1.00
    1.00
    1.00
    1.00
    1.00
    1.00
    1.00
    1.00
    1.00
    1.00
    1.00
    1.00
    1.00
    1.00
    1.00
    1.00
    1.00
    1.00
    1.00
    1.00
The feature will be discarded if the minimum of the maximal abs. value in it <    0.10000E-02
The faature will be discarded if the maximum of the maximal abs. value in it >     0.10000E+06
Size of the SIS-selected (single) subspace :  10000 10000
Operators for feature construction: (+)(-)(*) (+)(-)(*) (+)(-)(*) 
Method for sparse regression:  L0        
Fitting intercept:      T
Metric for model selection: RMSE
Number of the top-ranked models to output:      100
--------------------------------------------------------------------------------

Dimension:   1
-------------------
Feature Construction (FC) starts ...
Population Standard Deviation (SD) of the task 001:   92.39587
Total number of features in the space phi00:             20
Total number of features in the space phi01:            718
Total number of features in the space phi02:         270627
Total number of features in the space phi03:     8168026635
Size of the SIS-selected subspace from phi03:      10000
Time (second) used for this FC:         1550.07

Descriptor Identification (DI) starts ...
Total number of SIS-selected features from all dimensions:      10000
 
  1D descriptor: 
     d001 = (((feature13+feature14)-feature17)+((feature20-feature2)-(feature5-feature9)))    feature_ID:000001

  1D model(y=sum(ci*di)+c0): 
     coeff.(ci)_task001:     0.1298304832E+03
             c0_task001:     0.8021660697E+02
     RMSE,MaxAE_task001:     0.3190216731E+02    0.6969657223E+02

     RMSE and MaxAE of the model:  31.902167 69.696572
--------------------------------------------------------------------------------
Time (second) used for this DI:            0.10

Dimension:   2
-------------------
Feature Construction (FC) starts ...
Total number of features in the space phi00:             20
Total number of features in the space phi01:            718
Total number of features in the space phi02:         270627
Total number of features in the space phi03:     8168026635
Size of the SIS-selected subspace from phi03:      10000
Time (second) used for this FC:         1543.57

Descriptor Identification (DI) starts ...
Total number of SIS-selected features from all dimensions:      20000
 
Final model/descriptor !
================================================================================
  2D descriptor: 
     d001 = (((feature14-feature17)-(feature2+feature5))-((feature6-feature9)-feature9))    feature_ID:000003
     d002 = (((feature1+feature19)-feature20)*((feature11-feature9)*(feature13-feature15)))    feature_ID:018739

  2D model(y=sum(ci*di)+c0): 
     coeff.(ci)_task001:     0.1269765621E+03    0.3246805265E+03
             c0_task001:     0.1523643707E+03
     RMSE,MaxAE_task001:     0.1997297797E+02    0.5480080576E+02

     RMSE and MaxAE of the model:  19.972978 54.800806
================================================================================
Time (second) used for this DI:           25.49
Total time (second):         3141.33
Have a nice day !    

