****************************************************************
  Sure Independence Screening and Sparsifying Operator (SISSO)  
             Version SISSO.3.3, July, 2023.                
****************************************************************

Read in data from train.dat
Read in data from SISSO.in
Property type:     1
Number of tasks:        1
Descriptor dimension:        2
Number of samples for the task(s):     36
Restarts :  0
Number of scalar features:       21
Tier of the feature space:        3
Maximal feature complexity (number of operators in a feature):        6
Unit of input primary feature, each represented by a row vector: 
    1.00
    1.00
    1.00
    1.00
    1.00
    1.00
    1.00
    1.00
    1.00
    1.00
    1.00
    1.00
    1.00
    1.00
    1.00
    1.00
    1.00
    1.00
    1.00
    1.00
    1.00
The feature will be discarded if the minimum of the maximal abs. value in it <    0.10000E-02
The faature will be discarded if the maximum of the maximal abs. value in it >     0.10000E+06
Size of the SIS-selected (single) subspace :  10000 10000
Operators for feature construction: (+)(-)(*) (+)(-)(*) (+)(-)(*) 
Method for sparse regression:  L0        
Fitting intercept:      T
Metric for model selection: RMSE
Number of the top-ranked models to output:      100
--------------------------------------------------------------------------------

Dimension:   1
-------------------
Feature Construction (FC) starts ...
Population Standard Deviation (SD) of the task 001:   21.63172
Total number of features in the space phi00:             21
Total number of features in the space phi01:            765
Total number of features in the space phi02:         268530
Total number of features in the space phi03:     8434893076
Size of the SIS-selected subspace from phi03:      10000
Time (second) used for this FC:         1586.29

Descriptor Identification (DI) starts ...
Total number of SIS-selected features from all dimensions:      10000
 
  1D descriptor: 
     d001 = ((feature15*(feature12-feature8))+((feature15-feature20)*(feature21-feature20)))    feature_ID:000001

  1D model(y=sum(ci*di)+c0): 
     coeff.(ci)_task001:     0.7059798715E+02
             c0_task001:     0.6887009791E+01
     RMSE,MaxAE_task001:     0.1082827101E+02    0.3159632567E+02

     RMSE and MaxAE of the model:  10.828271 31.596326
--------------------------------------------------------------------------------
Time (second) used for this DI:            0.09

Dimension:   2
-------------------
Feature Construction (FC) starts ...
Total number of features in the space phi00:             21
Total number of features in the space phi01:            765
Total number of features in the space phi02:         268530
Total number of features in the space phi03:     8434893076
Size of the SIS-selected subspace from phi03:      10000
Time (second) used for this FC:         1585.99

Descriptor Identification (DI) starts ...
Total number of SIS-selected features from all dimensions:      20000
 
Final model/descriptor !
================================================================================
  2D descriptor: 
     d001 = (((feature1+feature14)*(feature7+feature19))-(feature21*(feature15-feature20)))    feature_ID:000367
     d002 = (((feature17-feature14)-feature2)*((feature13+feature14)*(feature19-feature21)))    feature_ID:010804

  2D model(y=sum(ci*di)+c0): 
     coeff.(ci)_task001:    -0.7244546745E+02   -0.2530164747E+03
             c0_task001:     0.6434554012E+02
     RMSE,MaxAE_task001:     0.7116393291E+01    0.2193749203E+02

     RMSE and MaxAE of the model:   7.116393 21.937492
================================================================================
Time (second) used for this DI:           25.57
Total time (second):         3198.60
Have a nice day !    

