****************************************************************
  Sure Independence Screening and Sparsifying Operator (SISSO)  
             Version SISSO.3.3, July, 2023.                
****************************************************************

Read in data from train.dat
Read in data from SISSO.in
Property type:     1
Number of tasks:        1
Descriptor dimension:        2
Number of samples for the task(s):     36
Restarts :  0
Number of scalar features:       20
Tier of the feature space:        3
Maximal feature complexity (number of operators in a feature):        6
Unit of input primary feature, each represented by a row vector: 
    1.00
    1.00
    1.00
    1.00
    1.00
    1.00
    1.00
    1.00
    1.00
    1.00
    1.00
    1.00
    1.00
    1.00
    1.00
    1.00
    1.00
    1.00
    1.00
    1.00
The feature will be discarded if the minimum of the maximal abs. value in it <    0.10000E-02
The faature will be discarded if the maximum of the maximal abs. value in it >     0.10000E+06
Size of the SIS-selected (single) subspace :  10000 10000
Operators for feature construction: (+)(-)(*) (+)(-)(*) (+)(-)(*) 
Method for sparse regression:  L0        
Fitting intercept:      T
Metric for model selection: RMSE
Number of the top-ranked models to output:      100
--------------------------------------------------------------------------------

Dimension:   1
-------------------
Feature Construction (FC) starts ...
Population Standard Deviation (SD) of the task 001:   21.76093
Total number of features in the space phi00:             20
Total number of features in the space phi01:            701
Total number of features in the space phi02:         236636
Total number of features in the space phi03:     6649897805
Size of the SIS-selected subspace from phi03:      10000
Time (second) used for this FC:         1209.41

Descriptor Identification (DI) starts ...
Total number of SIS-selected features from all dimensions:      10000
 
  1D descriptor: 
     d001 = (((feature13+feature16)-feature19)*((feature11+feature20)-(feature5+feature12)))    feature_ID:000001

  1D model(y=sum(ci*di)+c0): 
     coeff.(ci)_task001:     0.3175539677E+02
             c0_task001:     0.2950870592E+02
     RMSE,MaxAE_task001:     0.1121608205E+02    0.2621905612E+02

     RMSE and MaxAE of the model:  11.216082 26.219056
--------------------------------------------------------------------------------
Time (second) used for this DI:            0.09

Dimension:   2
-------------------
Feature Construction (FC) starts ...
Total number of features in the space phi00:             20
Total number of features in the space phi01:            701
Total number of features in the space phi02:         236636
Total number of features in the space phi03:     6649897805
Size of the SIS-selected subspace from phi03:      10000
Time (second) used for this FC:         1217.04

Descriptor Identification (DI) starts ...
Total number of SIS-selected features from all dimensions:      20000
 
Final model/descriptor !
================================================================================
  2D descriptor: 
     d001 = (((feature13+feature16)-feature19)*((feature12-feature16)-(feature20-feature8)))    feature_ID:000053
     d002 = (((feature19-feature18)-feature18)*((feature1+feature12)+(feature14-feature11)))    feature_ID:010003

  2D model(y=sum(ci*di)+c0): 
     coeff.(ci)_task001:    -0.3182221888E+02    0.7581116206E+02
             c0_task001:     0.3135704416E+02
     RMSE,MaxAE_task001:     0.8685365035E+01    0.2672722545E+02

     RMSE and MaxAE of the model:   8.685365 26.727225
================================================================================
Time (second) used for this DI:           25.54
Total time (second):         2452.71
Have a nice day !    

