****************************************************************
  Sure Independence Screening and Sparsifying Operator (SISSO)  
             Version SISSO.3.3, July, 2023.                
****************************************************************

Read in data from train.dat
Read in data from SISSO.in
Property type:     1
Number of tasks:        1
Descriptor dimension:        2
Number of samples for the task(s):     19
Restarts :  0
Number of scalar features:       17
Tier of the feature space:        3
Maximal feature complexity (number of operators in a feature):        6
Unit of input primary feature, each represented by a row vector: 
    1.00
    1.00
    1.00
    1.00
    1.00
    1.00
    1.00
    1.00
    1.00
    1.00
    1.00
    1.00
    1.00
    1.00
    1.00
    1.00
    1.00
The feature will be discarded if the minimum of the maximal abs. value in it <    0.10000E-02
The faature will be discarded if the maximum of the maximal abs. value in it >     0.10000E+06
Size of the SIS-selected (single) subspace :  10000 10000
Operators for feature construction: (+)(-)(*) (+)(-)(*) (+)(-)(*) 
Method for sparse regression:  L0        
Fitting intercept:      T
Metric for model selection: RMSE
Number of the top-ranked models to output:      100
--------------------------------------------------------------------------------

Dimension:   1
-------------------
Feature Construction (FC) starts ...
Population Standard Deviation (SD) of the task 001:   10.51961
Total number of features in the space phi00:             17
Total number of features in the space phi01:            508
Total number of features in the space phi02:         131477
Total number of features in the space phi03:     2347000737
Size of the SIS-selected subspace from phi03:      10000
Time (second) used for this FC:          358.32

Descriptor Identification (DI) starts ...
Total number of SIS-selected features from all dimensions:      10000
 
  1D descriptor: 
     d001 = ((feature11*(feature10-feature16))*((feature10*feature11)-(feature9*feature17)))    feature_ID:000001

  1D model(y=sum(ci*di)+c0): 
     coeff.(ci)_task001:     0.1681927347E+03
             c0_task001:     0.6350993831E+01
     RMSE,MaxAE_task001:     0.3149776546E+01    0.5930993831E+01

     RMSE and MaxAE of the model:   3.149777  5.930994
--------------------------------------------------------------------------------
Time (second) used for this DI:            0.07

Dimension:   2
-------------------
Feature Construction (FC) starts ...
Total number of features in the space phi00:             17
Total number of features in the space phi01:            508
Total number of features in the space phi02:         131477
Total number of features in the space phi03:     2347000737
Size of the SIS-selected subspace from phi03:      10000
Time (second) used for this FC:          360.36

Descriptor Identification (DI) starts ...
Total number of SIS-selected features from all dimensions:      20000
 
Final model/descriptor !
================================================================================
  2D descriptor: 
     d001 = ((feature11*(feature10-feature16))*((feature11*feature13)-(feature9*feature17)))    feature_ID:000007
     d002 = (((feature2-feature8)*(feature4+feature11))-(feature9*(feature16-feature9)))    feature_ID:016477

  2D model(y=sum(ci*di)+c0): 
     coeff.(ci)_task001:     0.1825135729E+03   -0.1419378197E+02
             c0_task001:     0.1492697370E+01
     RMSE,MaxAE_task001:     0.1215194785E+01    0.2119507334E+01

     RMSE and MaxAE of the model:   1.215195  2.119507
================================================================================
Time (second) used for this DI:           17.42
Total time (second):          736.74
Have a nice day !    

