****************************************************************
  Sure Independence Screening and Sparsifying Operator (SISSO)  
             Version SISSO.3.3, July, 2023.                
****************************************************************

Read in data from train.dat
Read in data from SISSO.in
Property type:     1
Number of tasks:        1
Descriptor dimension:        2
Number of samples for the task(s):     36
Restarts :  0
Number of scalar features:       20
Tier of the feature space:        3
Maximal feature complexity (number of operators in a feature):        6
Unit of input primary feature, each represented by a row vector: 
    1.00
    1.00
    1.00
    1.00
    1.00
    1.00
    1.00
    1.00
    1.00
    1.00
    1.00
    1.00
    1.00
    1.00
    1.00
    1.00
    1.00
    1.00
    1.00
    1.00
The feature will be discarded if the minimum of the maximal abs. value in it <    0.10000E-02
The faature will be discarded if the maximum of the maximal abs. value in it >     0.10000E+06
Size of the SIS-selected (single) subspace :  10000 10000
Operators for feature construction: (+)(-)(*) (+)(-)(*) (+)(-)(*) 
Method for sparse regression:  L0        
Fitting intercept:      T
Metric for model selection: RMSE
Number of the top-ranked models to output:      100
--------------------------------------------------------------------------------

Dimension:   1
-------------------
Feature Construction (FC) starts ...
Population Standard Deviation (SD) of the task 001:   10.77991
Total number of features in the space phi00:             20
Total number of features in the space phi01:            703
Total number of features in the space phi02:         238934
Total number of features in the space phi03:     6755073155
Size of the SIS-selected subspace from phi03:      10000
Time (second) used for this FC:         1114.61

Descriptor Identification (DI) starts ...
Total number of SIS-selected features from all dimensions:      10000
 
  1D descriptor: 
     d001 = (((feature13+feature18)-feature19)*((feature11-feature18)-(feature9-feature11)))    feature_ID:000001

  1D model(y=sum(ci*di)+c0): 
     coeff.(ci)_task001:     0.1969644724E+02
             c0_task001:     0.6105456770E+01
     RMSE,MaxAE_task001:     0.5048645584E+01    0.1319477413E+02

     RMSE and MaxAE of the model:   5.048646 13.194774
--------------------------------------------------------------------------------
Time (second) used for this DI:            0.10

Dimension:   2
-------------------
Feature Construction (FC) starts ...
Total number of features in the space phi00:             20
Total number of features in the space phi01:            703
Total number of features in the space phi02:         238934
Total number of features in the space phi03:     6755073155
Size of the SIS-selected subspace from phi03:      10000
Time (second) used for this FC:         1112.81

Descriptor Identification (DI) starts ...
Total number of SIS-selected features from all dimensions:      20000
 
Final model/descriptor !
================================================================================
  2D descriptor: 
     d001 = (((feature13+feature18)-feature19)*((feature11-feature6)*(feature11-feature14)))    feature_ID:002073
     d002 = (((feature20-feature18)-feature8)*((feature1+feature19)-(feature12+feature17)))    feature_ID:015370

  2D model(y=sum(ci*di)+c0): 
     coeff.(ci)_task001:     0.6752350456E+02   -0.3655942040E+02
             c0_task001:     0.7090238760E+01
     RMSE,MaxAE_task001:     0.3660342326E+01    0.1158503353E+02

     RMSE and MaxAE of the model:   3.660342 11.585034
================================================================================
Time (second) used for this DI:           25.52
Total time (second):         2280.88
Have a nice day !    

