****************************************************************
  Sure Independence Screening and Sparsifying Operator (SISSO)  
             Version SISSO.3.3, July, 2023.                
****************************************************************

Read in data from train.dat
Read in data from SISSO.in
Property type:     1
Number of tasks:        1
Descriptor dimension:        2
Number of samples for the task(s):     36
Restarts :  0
Number of scalar features:       20
Tier of the feature space:        3
Maximal feature complexity (number of operators in a feature):        6
Unit of input primary feature, each represented by a row vector: 
    1.00
    1.00
    1.00
    1.00
    1.00
    1.00
    1.00
    1.00
    1.00
    1.00
    1.00
    1.00
    1.00
    1.00
    1.00
    1.00
    1.00
    1.00
    1.00
    1.00
The feature will be discarded if the minimum of the maximal abs. value in it <    0.10000E-02
The faature will be discarded if the maximum of the maximal abs. value in it >     0.10000E+06
Size of the SIS-selected (single) subspace :  10000 10000
Operators for feature construction: (+)(-)(*) (+)(-)(*) (+)(-)(*) 
Method for sparse regression:  L0        
Fitting intercept:      T
Metric for model selection: RMSE
Number of the top-ranked models to output:      100
--------------------------------------------------------------------------------

Dimension:   1
-------------------
Feature Construction (FC) starts ...
Population Standard Deviation (SD) of the task 001:    9.56097
Total number of features in the space phi00:             20
Total number of features in the space phi01:            695
Total number of features in the space phi02:         231834
Total number of features in the space phi03:     6427537647
Size of the SIS-selected subspace from phi03:      10000
Time (second) used for this FC:         1208.57

Descriptor Identification (DI) starts ...
Total number of SIS-selected features from all dimensions:      10000
 
  1D descriptor: 
     d001 = (((feature11*feature13)*(feature20-feature17))-(feature14*(feature14*feature15)))    feature_ID:000001

  1D model(y=sum(ci*di)+c0): 
     coeff.(ci)_task001:    -0.7419899743E+02
             c0_task001:     0.3158848301E+01
     RMSE,MaxAE_task001:     0.4388431359E+01    0.1372636128E+02

     RMSE and MaxAE of the model:   4.388431 13.726361
--------------------------------------------------------------------------------
Time (second) used for this DI:            0.75

Dimension:   2
-------------------
Feature Construction (FC) starts ...
Total number of features in the space phi00:             20
Total number of features in the space phi01:            695
Total number of features in the space phi02:         231834
Total number of features in the space phi03:     6427537647
Size of the SIS-selected subspace from phi03:      10000
Time (second) used for this FC:         1208.55

Descriptor Identification (DI) starts ...
Total number of SIS-selected features from all dimensions:      20000
 
Final model/descriptor !
================================================================================
  2D descriptor: 
     d001 = ((feature14*(feature11*feature14))+((feature11*feature16)*(feature11-feature18)))    feature_ID:000736
     d002 = (((feature15+feature18)-feature20)*((feature17-feature18)*(feature18-feature20)))    feature_ID:010164

  2D model(y=sum(ci*di)+c0): 
     coeff.(ci)_task001:     0.2657967986E+02    0.4115793308E+03
             c0_task001:     0.3244233934E+01
     RMSE,MaxAE_task001:     0.2654759148E+01    0.6566592271E+01

     RMSE and MaxAE of the model:   2.654759  6.566592
================================================================================
Time (second) used for this DI:           25.57
Total time (second):         2444.30
Have a nice day !    

