****************************************************************
  Sure Independence Screening and Sparsifying Operator (SISSO)  
             Version SISSO.3.3, July, 2023.                
****************************************************************

Read in data from train.dat
Read in data from SISSO.in
Property type:     1
Number of tasks:        1
Descriptor dimension:        2
Number of samples for the task(s):     36
Restarts :  0
Number of scalar features:       19
Tier of the feature space:        3
Maximal feature complexity (number of operators in a feature):        6
Unit of input primary feature, each represented by a row vector: 
    1.00
    1.00
    1.00
    1.00
    1.00
    1.00
    1.00
    1.00
    1.00
    1.00
    1.00
    1.00
    1.00
    1.00
    1.00
    1.00
    1.00
    1.00
    1.00
The feature will be discarded if the minimum of the maximal abs. value in it <    0.10000E-02
The faature will be discarded if the maximum of the maximal abs. value in it >     0.10000E+06
Size of the SIS-selected (single) subspace :  10000 10000
Operators for feature construction: (+)(-)(*) (+)(-)(*) (+)(-)(*) 
Method for sparse regression:  L0        
Fitting intercept:      T
Metric for model selection: RMSE
Number of the top-ranked models to output:      100
--------------------------------------------------------------------------------

Dimension:   1
-------------------
Feature Construction (FC) starts ...
Population Standard Deviation (SD) of the task 001:   20.99166
Total number of features in the space phi00:             19
Total number of features in the space phi01:            633
Total number of features in the space phi02:         194234
Total number of features in the space phi03:     4707612954
Size of the SIS-selected subspace from phi03:      10000
Time (second) used for this FC:          891.92

Descriptor Identification (DI) starts ...
Total number of SIS-selected features from all dimensions:      10000
 
  1D descriptor: 
     d001 = (((feature12-feature4)*(feature11-feature12))-(feature19*(feature10+feature14)))    feature_ID:000001

  1D model(y=sum(ci*di)+c0): 
     coeff.(ci)_task001:    -0.4923466801E+02
             c0_task001:     0.7576054848E+01
     RMSE,MaxAE_task001:     0.1087069850E+02    0.2548745439E+02

     RMSE and MaxAE of the model:  10.870699 25.487454
--------------------------------------------------------------------------------
Time (second) used for this DI:            0.11

Dimension:   2
-------------------
Feature Construction (FC) starts ...
Total number of features in the space phi00:             19
Total number of features in the space phi01:            633
Total number of features in the space phi02:         194234
Total number of features in the space phi03:     4707612954
Size of the SIS-selected subspace from phi03:      10000
Time (second) used for this FC:          893.59

Descriptor Identification (DI) starts ...
Total number of SIS-selected features from all dimensions:      20000
 
Final model/descriptor !
================================================================================
  2D descriptor: 
     d001 = (((feature12+feature17)-feature4)*((feature11+feature17)-(feature12+feature13)))    feature_ID:000210
     d002 = (((feature18-feature14)-feature14)*((feature11+feature16)-(feature14+feature19)))    feature_ID:013823

  2D model(y=sum(ci*di)+c0): 
     coeff.(ci)_task001:    -0.3142044557E+02    0.4908573486E+02
             c0_task001:     0.3184979778E+02
     RMSE,MaxAE_task001:     0.7144851031E+01    0.1657603510E+02

     RMSE and MaxAE of the model:   7.144851 16.576035
================================================================================
Time (second) used for this DI:           25.51
Total time (second):         1812.01
Have a nice day !    

