****************************************************************
  Sure Independence Screening and Sparsifying Operator (SISSO)  
             Version SISSO.3.3, July, 2023.                
****************************************************************

Read in data from train.dat
Read in data from SISSO.in
Property type:     1
Number of tasks:        1
Descriptor dimension:        2
Number of samples for the task(s):     36
Restarts :  0
Number of scalar features:       20
Tier of the feature space:        3
Maximal feature complexity (number of operators in a feature):        6
Unit of input primary feature, each represented by a row vector: 
    1.00
    1.00
    1.00
    1.00
    1.00
    1.00
    1.00
    1.00
    1.00
    1.00
    1.00
    1.00
    1.00
    1.00
    1.00
    1.00
    1.00
    1.00
    1.00
    1.00
The feature will be discarded if the minimum of the maximal abs. value in it <    0.10000E-02
The faature will be discarded if the maximum of the maximal abs. value in it >     0.10000E+06
Size of the SIS-selected (single) subspace :  10000 10000
Operators for feature construction: (+)(-)(*) (+)(-)(*) (+)(-)(*) 
Method for sparse regression:  L0        
Fitting intercept:      T
Metric for model selection: RMSE
Number of the top-ranked models to output:      100
--------------------------------------------------------------------------------

Dimension:   1
-------------------
Feature Construction (FC) starts ...
Population Standard Deviation (SD) of the task 001:   23.41278
Total number of features in the space phi00:             20
Total number of features in the space phi01:            699
Total number of features in the space phi02:         237342
Total number of features in the space phi03:     6668833681
Size of the SIS-selected subspace from phi03:      10000
Time (second) used for this FC:         1190.75

Descriptor Identification (DI) starts ...
Total number of SIS-selected features from all dimensions:      10000
 
  1D descriptor: 
     d001 = ((feature17*(feature15+feature18))+((feature15-feature19)*(feature18-feature20)))    feature_ID:000001

  1D model(y=sum(ci*di)+c0): 
     coeff.(ci)_task001:    -0.5343270653E+02
             c0_task001:     0.7400433329E+02
     RMSE,MaxAE_task001:     0.1218292228E+02    0.2860271362E+02

     RMSE and MaxAE of the model:  12.182922 28.602714
--------------------------------------------------------------------------------
Time (second) used for this DI:            0.09

Dimension:   2
-------------------
Feature Construction (FC) starts ...
Total number of features in the space phi00:             20
Total number of features in the space phi01:            699
Total number of features in the space phi02:         237342
Total number of features in the space phi03:     6668833681
Size of the SIS-selected subspace from phi03:      10000
Time (second) used for this FC:         1190.94

Descriptor Identification (DI) starts ...
Total number of SIS-selected features from all dimensions:      20000
 
Final model/descriptor !
================================================================================
  2D descriptor: 
     d001 = ((feature17*(feature15+feature18))+((feature15-feature19)*(feature18-feature20)))    feature_ID:000001
     d002 = (((feature1-feature11)*(feature12-feature8))-(feature13*(feature17-feature12)))    feature_ID:010194

  2D model(y=sum(ci*di)+c0): 
     coeff.(ci)_task001:    -0.6236368463E+02   -0.4670027513E+02
             c0_task001:     0.6709165146E+02
     RMSE,MaxAE_task001:     0.9830419807E+01    0.2601225645E+02

     RMSE and MaxAE of the model:   9.830420 26.012256
================================================================================
Time (second) used for this DI:           25.54
Total time (second):         2408.03
Have a nice day !    

