****************************************************************
  Sure Independence Screening and Sparsifying Operator (SISSO)  
             Version SISSO.3.3, July, 2023.                
****************************************************************

Read in data from train.dat
Read in data from SISSO.in
Property type:     1
Number of tasks:        1
Descriptor dimension:        2
Number of samples for the task(s):     36
Restarts :  0
Number of scalar features:       17
Tier of the feature space:        3
Maximal feature complexity (number of operators in a feature):        6
Unit of input primary feature, each represented by a row vector: 
    1.00
    1.00
    1.00
    1.00
    1.00
    1.00
    1.00
    1.00
    1.00
    1.00
    1.00
    1.00
    1.00
    1.00
    1.00
    1.00
    1.00
The feature will be discarded if the minimum of the maximal abs. value in it <    0.10000E-02
The faature will be discarded if the maximum of the maximal abs. value in it >     0.10000E+06
Size of the SIS-selected (single) subspace :  10000 10000
Operators for feature construction: (+)(-)(*) (+)(-)(*) (+)(-)(*) 
Method for sparse regression:  L0        
Fitting intercept:      T
Metric for model selection: RMSE
Number of the top-ranked models to output:      100
--------------------------------------------------------------------------------

Dimension:   1
-------------------
Feature Construction (FC) starts ...
Population Standard Deviation (SD) of the task 001:   95.12001
Total number of features in the space phi00:             17
Total number of features in the space phi01:            508
Total number of features in the space phi02:         128819
Total number of features in the space phi03:     2274398902
Size of the SIS-selected subspace from phi03:      10000
Time (second) used for this FC:          421.44

Descriptor Identification (DI) starts ...
Total number of SIS-selected features from all dimensions:      10000
 
  1D descriptor: 
     d001 = ((feature17*(feature14-feature2))+((feature13-feature16)*(feature14+feature15)))    feature_ID:000001

  1D model(y=sum(ci*di)+c0): 
     coeff.(ci)_task001:     0.2650338632E+03
             c0_task001:     0.3353713131E+03
     RMSE,MaxAE_task001:     0.2955282749E+02    0.6741975251E+02

     RMSE and MaxAE of the model:  29.552827 67.419753
--------------------------------------------------------------------------------
Time (second) used for this DI:            0.13

Dimension:   2
-------------------
Feature Construction (FC) starts ...
Total number of features in the space phi00:             17
Total number of features in the space phi01:            508
Total number of features in the space phi02:         128819
Total number of features in the space phi03:     2274398902
Size of the SIS-selected subspace from phi03:      10000
Time (second) used for this FC:          423.01

Descriptor Identification (DI) starts ...
Total number of SIS-selected features from all dimensions:      20000
 
Final model/descriptor !
================================================================================
  2D descriptor: 
     d001 = ((feature14*(feature17-feature2))+((feature13-feature16)*(feature14+feature15)))    feature_ID:000002
     d002 = (((feature1-feature13)-feature2)*((feature16-feature4)-(feature5+feature7)))    feature_ID:010001

  2D model(y=sum(ci*di)+c0): 
     coeff.(ci)_task001:     0.2751673014E+03   -0.1347403197E+03
             c0_task001:     0.3150464650E+03
     RMSE,MaxAE_task001:     0.2098660533E+02    0.6560399976E+02

     RMSE and MaxAE of the model:  20.986605 65.604000
================================================================================
Time (second) used for this DI:           25.47
Total time (second):          870.97
Have a nice day !    

