****************************************************************
  Sure Independence Screening and Sparsifying Operator (SISSO)  
             Version SISSO.3.3, July, 2023.                
****************************************************************

Read in data from train.dat
Read in data from SISSO.in
Property type:     1
Number of tasks:        1
Descriptor dimension:        2
Number of samples for the task(s):     36
Restarts :  0
Number of scalar features:       19
Tier of the feature space:        3
Maximal feature complexity (number of operators in a feature):        6
Unit of input primary feature, each represented by a row vector: 
    1.00
    1.00
    1.00
    1.00
    1.00
    1.00
    1.00
    1.00
    1.00
    1.00
    1.00
    1.00
    1.00
    1.00
    1.00
    1.00
    1.00
    1.00
    1.00
The feature will be discarded if the minimum of the maximal abs. value in it <    0.10000E-02
The faature will be discarded if the maximum of the maximal abs. value in it >     0.10000E+06
Size of the SIS-selected (single) subspace :  10000 10000
Operators for feature construction: (+)(-)(*) (+)(-)(*) (+)(-)(*) 
Method for sparse regression:  L0        
Fitting intercept:      T
Metric for model selection: RMSE
Number of the top-ranked models to output:      100
--------------------------------------------------------------------------------

Dimension:   1
-------------------
Feature Construction (FC) starts ...
Population Standard Deviation (SD) of the task 001:   97.25306
Total number of features in the space phi00:             19
Total number of features in the space phi01:            644
Total number of features in the space phi02:         215646
Total number of features in the space phi03:     5519068264
Size of the SIS-selected subspace from phi03:      10000
Time (second) used for this FC:          999.89

Descriptor Identification (DI) starts ...
Total number of SIS-selected features from all dimensions:      10000
 
  1D descriptor: 
     d001 = (((feature9+feature17)*(feature13-feature18))-(feature12*(feature1-feature13)))    feature_ID:000001

  1D model(y=sum(ci*di)+c0): 
     coeff.(ci)_task001:     0.1653901611E+03
             c0_task001:     0.2054592673E+03
     RMSE,MaxAE_task001:     0.3418285759E+02    0.9463174196E+02

     RMSE and MaxAE of the model:  34.182858 94.631742
--------------------------------------------------------------------------------
Time (second) used for this DI:            0.31

Dimension:   2
-------------------
Feature Construction (FC) starts ...
Total number of features in the space phi00:             19
Total number of features in the space phi01:            644
Total number of features in the space phi02:         215646
Total number of features in the space phi03:     5519068264
Size of the SIS-selected subspace from phi03:      10000
Time (second) used for this FC:          999.05

Descriptor Identification (DI) starts ...
Total number of SIS-selected features from all dimensions:      20000
 
Final model/descriptor !
================================================================================
  2D descriptor: 
     d001 = (((feature1+feature18)+(feature18-feature13))-(feature12+feature13))    feature_ID:000068
     d002 = (((feature18-feature17)-feature17)*((feature12-feature9)*(feature10*feature12)))    feature_ID:010168

  2D model(y=sum(ci*di)+c0): 
     coeff.(ci)_task001:    -0.9354122115E+02    0.9403396392E+04
             c0_task001:     0.2211530561E+03
     RMSE,MaxAE_task001:     0.2439521754E+02    0.6725995410E+02

     RMSE and MaxAE of the model:  24.395218 67.259954
================================================================================
Time (second) used for this DI:           25.46
Total time (second):         2034.43
Have a nice day !    

