****************************************************************
  Sure Independence Screening and Sparsifying Operator (SISSO)  
             Version SISSO.3.3, July, 2023.                
****************************************************************

Read in data from train.dat
Read in data from SISSO.in
Property type:     1
Number of tasks:        1
Descriptor dimension:        2
Number of samples for the task(s):     36
Restarts :  0
Number of scalar features:       22
Tier of the feature space:        3
Maximal feature complexity (number of operators in a feature):        6
Unit of input primary feature, each represented by a row vector: 
    1.00
    1.00
    1.00
    1.00
    1.00
    1.00
    1.00
    1.00
    1.00
    1.00
    1.00
    1.00
    1.00
    1.00
    1.00
    1.00
    1.00
    1.00
    1.00
    1.00
    1.00
    1.00
The feature will be discarded if the minimum of the maximal abs. value in it <    0.10000E-02
The faature will be discarded if the maximum of the maximal abs. value in it >     0.10000E+06
Size of the SIS-selected (single) subspace :  10000 10000
Operators for feature construction: (+)(-)(*) (+)(-)(*) (+)(-)(*) 
Method for sparse regression:  L0        
Fitting intercept:      T
Metric for model selection: RMSE
Number of the top-ranked models to output:      100
--------------------------------------------------------------------------------

Dimension:   1
-------------------
Feature Construction (FC) starts ...
Population Standard Deviation (SD) of the task 001:   85.63513
Total number of features in the space phi00:             22
Total number of features in the space phi01:            862
Total number of features in the space phi02:         369524
Total number of features in the space phi03:    14302236257
Size of the SIS-selected subspace from phi03:      10000
Time (second) used for this FC:         2437.76

Descriptor Identification (DI) starts ...
Total number of SIS-selected features from all dimensions:      10000
 
  1D descriptor: 
     d001 = ((feature15*(feature22-feature5))+((feature14+feature19)*(feature16-feature19)))    feature_ID:000001

  1D model(y=sum(ci*di)+c0): 
     coeff.(ci)_task001:     0.1750004705E+03
             c0_task001:     0.2936804499E+03
     RMSE,MaxAE_task001:     0.3474775204E+02    0.1086763548E+03

     RMSE and MaxAE of the model:  34.747752108.676355
--------------------------------------------------------------------------------
Time (second) used for this DI:            0.09

Dimension:   2
-------------------
Feature Construction (FC) starts ...
Total number of features in the space phi00:             22
Total number of features in the space phi01:            862
Total number of features in the space phi02:         369524
Total number of features in the space phi03:    14302236257
Size of the SIS-selected subspace from phi03:      10000
Time (second) used for this FC:         2507.44

Descriptor Identification (DI) starts ...
Total number of SIS-selected features from all dimensions:      20000
 
Final model/descriptor !
================================================================================
  2D descriptor: 
     d001 = (((feature3+feature15)*(feature4+feature11))-(feature21*(feature21-feature16)))    feature_ID:000937
     d002 = (((feature18-feature17)-feature17)*((feature12-feature14)*(feature15-feature20)))    feature_ID:011002

  2D model(y=sum(ci*di)+c0): 
     coeff.(ci)_task001:     0.1605476031E+03    0.1065702926E+04
             c0_task001:     0.2619523341E+03
     RMSE,MaxAE_task001:     0.2198827342E+02    0.4820601100E+02

     RMSE and MaxAE of the model:  21.988273 48.206011
================================================================================
Time (second) used for this DI:           25.50
Total time (second):         4971.77
Have a nice day !    

