****************************************************************
  Sure Independence Screening and Sparsifying Operator (SISSO)  
             Version SISSO.3.3, July, 2023.                
****************************************************************

Read in data from train.dat
Read in data from SISSO.in
Property type:     1
Number of tasks:        1
Descriptor dimension:        2
Number of samples for the task(s):     36
Restarts :  0
Number of scalar features:       17
Tier of the feature space:        3
Maximal feature complexity (number of operators in a feature):        6
Unit of input primary feature, each represented by a row vector: 
    1.00
    1.00
    1.00
    1.00
    1.00
    1.00
    1.00
    1.00
    1.00
    1.00
    1.00
    1.00
    1.00
    1.00
    1.00
    1.00
    1.00
The feature will be discarded if the minimum of the maximal abs. value in it <    0.10000E-02
The faature will be discarded if the maximum of the maximal abs. value in it >     0.10000E+06
Size of the SIS-selected (single) subspace :  10000 10000
Operators for feature construction: (+)(-)(*) (+)(-)(*) (+)(-)(*) 
Method for sparse regression:  L0        
Fitting intercept:      T
Metric for model selection: RMSE
Number of the top-ranked models to output:      100
--------------------------------------------------------------------------------

Dimension:   1
-------------------
Feature Construction (FC) starts ...
Population Standard Deviation (SD) of the task 001:   10.35830
Total number of features in the space phi00:             17
Total number of features in the space phi01:            507
Total number of features in the space phi02:         127203
Total number of features in the space phi03:     2229561603
Size of the SIS-selected subspace from phi03:      10000
Time (second) used for this FC:          451.93

Descriptor Identification (DI) starts ...
Total number of SIS-selected features from all dimensions:      10000
 
  1D descriptor: 
     d001 = (((feature14+feature16)-feature17)*((feature12-feature16)-(feature6-feature9)))    feature_ID:000001

  1D model(y=sum(ci*di)+c0): 
     coeff.(ci)_task001:     0.2684469530E+02
             c0_task001:     0.3235375751E+01
     RMSE,MaxAE_task001:     0.4528046225E+01    0.1500214796E+02

     RMSE and MaxAE of the model:   4.528046 15.002148
--------------------------------------------------------------------------------
Time (second) used for this DI:            0.11

Dimension:   2
-------------------
Feature Construction (FC) starts ...
Total number of features in the space phi00:             17
Total number of features in the space phi01:            507
Total number of features in the space phi02:         127203
Total number of features in the space phi03:     2229561603
Size of the SIS-selected subspace from phi03:      10000
Time (second) used for this FC:          421.25

Descriptor Identification (DI) starts ...
Total number of SIS-selected features from all dimensions:      20000
 
Final model/descriptor !
================================================================================
  2D descriptor: 
     d001 = (((feature14+feature16)-feature17)*((feature12-feature16)-(feature6-feature9)))    feature_ID:000001
     d002 = ((feature11*(feature1+feature11))*((feature1-feature13)*(feature10-feature11)))    feature_ID:010002

  2D model(y=sum(ci*di)+c0): 
     coeff.(ci)_task001:     0.2895654400E+02    0.2935720115E+02
             c0_task001:     0.1566520188E+01
     RMSE,MaxAE_task001:     0.3137950068E+01    0.1066405500E+02

     RMSE and MaxAE of the model:   3.137950 10.664055
================================================================================
Time (second) used for this DI:           25.59
Total time (second):          899.69
Have a nice day !    

