****************************************************************
  Sure Independence Screening and Sparsifying Operator (SISSO)  
             Version SISSO.3.3, July, 2023.                
****************************************************************

Read in data from train.dat
Read in data from SISSO.in
Property type:     1
Number of tasks:        1
Descriptor dimension:        2
Number of samples for the task(s):     11
Restarts :  0
Number of scalar features:       11
Tier of the feature space:        3
Maximal feature complexity (number of operators in a feature):        6
Unit of input primary feature, each represented by a row vector: 
    1.00
    1.00
    1.00
    1.00
    1.00
    1.00
    1.00
    1.00
    1.00
    1.00
    1.00
The feature will be discarded if the minimum of the maximal abs. value in it <    0.10000E-02
The faature will be discarded if the maximum of the maximal abs. value in it >     0.10000E+06
Size of the SIS-selected (single) subspace :  10000 10000
Operators for feature construction: (+)(-)(*) (+)(-)(*) (+)(-)(*) 
Method for sparse regression:  L0        
Fitting intercept:      T
Metric for model selection: RMSE
Number of the top-ranked models to output:      100
--------------------------------------------------------------------------------

Dimension:   1
-------------------
Feature Construction (FC) starts ...
Population Standard Deviation (SD) of the task 001:   10.95949
Total number of features in the space phi00:             11
Total number of features in the space phi01:            211
Total number of features in the space phi02:          25384
Total number of features in the space phi03:      129164391
Size of the SIS-selected subspace from phi03:      10000
Time (second) used for this FC:           25.36

Descriptor Identification (DI) starts ...
Total number of SIS-selected features from all dimensions:      10000
 
  1D descriptor: 
     d001 = (((feature5-feature9)*(feature9-feature5))-(feature9*(feature8-feature11)))    feature_ID:000001

  1D model(y=sum(ci*di)+c0): 
     coeff.(ci)_task001:    -0.4638495857E+02
             c0_task001:     0.6195078596E+01
     RMSE,MaxAE_task001:     0.1365584518E+01    0.2575112585E+01

     RMSE and MaxAE of the model:   1.365585  2.575113
--------------------------------------------------------------------------------
Time (second) used for this DI:            0.51

Dimension:   2
-------------------
Feature Construction (FC) starts ...
Total number of features in the space phi00:             11
Total number of features in the space phi01:            211
Total number of features in the space phi02:          25384
Total number of features in the space phi03:      129164391
Size of the SIS-selected subspace from phi03:      10000
Time (second) used for this FC:           26.47

Descriptor Identification (DI) starts ...
Total number of SIS-selected features from all dimensions:      20000
 
Final model/descriptor !
================================================================================
  2D descriptor: 
     d001 = ((feature7*(feature5-feature8))+((feature3*feature4)+(feature10*feature11)))    feature_ID:001287
     d002 = (((feature5-feature6)*(feature6-feature8))-(feature3*(feature5-feature10)))    feature_ID:018985

  2D model(y=sum(ci*di)+c0): 
     coeff.(ci)_task001:    -0.3469487565E+02    0.1173410642E+02
             c0_task001:     0.3905760872E+02
     RMSE,MaxAE_task001:     0.2203667081E+00    0.5365488455E+00

     RMSE and MaxAE of the model:   0.220367  0.536549
================================================================================
Time (second) used for this DI:           15.98
Total time (second):           88.00
Have a nice day !    

