****************************************************************
  Sure Independence Screening and Sparsifying Operator (SISSO)  
             Version SISSO.3.3, July, 2023.                
****************************************************************

Read in data from train.dat
Read in data from SISSO.in
Property type:     1
Number of tasks:        1
Descriptor dimension:        2
Number of samples for the task(s):     36
Restarts :  0
Number of scalar features:       22
Tier of the feature space:        3
Maximal feature complexity (number of operators in a feature):        6
Unit of input primary feature, each represented by a row vector: 
    1.00
    1.00
    1.00
    1.00
    1.00
    1.00
    1.00
    1.00
    1.00
    1.00
    1.00
    1.00
    1.00
    1.00
    1.00
    1.00
    1.00
    1.00
    1.00
    1.00
    1.00
    1.00
The feature will be discarded if the minimum of the maximal abs. value in it <    0.10000E-02
The faature will be discarded if the maximum of the maximal abs. value in it >     0.10000E+06
Size of the SIS-selected (single) subspace :  10000 10000
Operators for feature construction: (+)(-)(*) (+)(-)(*) (+)(-)(*) 
Method for sparse regression:  L0        
Fitting intercept:      T
Metric for model selection: RMSE
Number of the top-ranked models to output:      100
--------------------------------------------------------------------------------

Dimension:   1
-------------------
Feature Construction (FC) starts ...
Population Standard Deviation (SD) of the task 001:  110.82114
Total number of features in the space phi00:             22
Total number of features in the space phi01:            852
Total number of features in the space phi02:         347451
Total number of features in the space phi03:    12995705587
Size of the SIS-selected subspace from phi03:      10000
Time (second) used for this FC:         2327.06

Descriptor Identification (DI) starts ...
Total number of SIS-selected features from all dimensions:      10000
 
  1D descriptor: 
     d001 = ((feature16*(feature12+feature14))+((feature12-feature21)*(feature13+feature19)))    feature_ID:000001

  1D model(y=sum(ci*di)+c0): 
     coeff.(ci)_task001:     0.2253175204E+03
             c0_task001:     0.2878927769E+03
     RMSE,MaxAE_task001:     0.4039323571E+02    0.1074770451E+03

     RMSE and MaxAE of the model:  40.393236107.477045
--------------------------------------------------------------------------------
Time (second) used for this DI:            0.11

Dimension:   2
-------------------
Feature Construction (FC) starts ...
Total number of features in the space phi00:             22
Total number of features in the space phi01:            852
Total number of features in the space phi02:         347451
Total number of features in the space phi03:    12995705587
Size of the SIS-selected subspace from phi03:      10000
Time (second) used for this FC:         2326.90

Descriptor Identification (DI) starts ...
Total number of SIS-selected features from all dimensions:      20000
 
Final model/descriptor !
================================================================================
  2D descriptor: 
     d001 = ((feature22*(feature18-feature2))+((feature12-feature21)*(feature13+feature21)))    feature_ID:003698
     d002 = (((feature14+feature20)-feature21)*((feature12-feature18)*(feature12-feature21)))    feature_ID:015511

  2D model(y=sum(ci*di)+c0): 
     coeff.(ci)_task001:     0.2518307366E+03    0.1737906316E+04
             c0_task001:     0.2930992267E+03
     RMSE,MaxAE_task001:     0.3092267017E+02    0.7794550424E+02

     RMSE and MaxAE of the model:  30.922670 77.945504
================================================================================
Time (second) used for this DI:           25.53
Total time (second):         4680.78
Have a nice day !    

