
       ==============================================
       |                                            |
       |                 C R E S T                  |
       |                                            |
       |  Conformer-Rotamer Ensemble Sampling Tool  |
       |          based on the GFN methods          |
       |             P.Pracht, S.Grimme             |
       |          Universitaet Bonn, MCTC           |
       ==============================================
       Version 2.12,   Thu 19. Mai 16:32:32 CEST 2022
  Using the xTB program. Compatible with xTB version 6.4.0

   Cite work conducted with this code as

   • P.Pracht, F.Bohle, S.Grimme, PCCP, 2020, 22, 7169-7192.
   • S.Grimme, JCTC, 2019, 15, 2847-2862.

   and for works involving QCG as

   • S.Spicher, C.Plett, P.Pracht, A.Hansen, S.Grimme,
     JCTC, 2022, 18 (5), 3174-3189.

   with help from:
   C.Bannwarth, F.Bohle, S.Ehlert, S.Grimme,
   C.Plett, P.Pracht, S.Spicher

   This program is distributed in the hope that it will be useful,
   but WITHOUT ANY WARRANTY; without even the implied warranty of
   MERCHANTABILITY or FITNESS FOR A PARTICULAR PURPOSE.

 Command line input:
 > crest out.xyz --gfn 2 --chrg 0 -T 1 --noreftopo

  -gfn2 : Use of GFN2-xTB requested.
  --chrg 0
  -T 1 (CPUs/Threads selected)

 -------------------------
 xTB Geometry Optimization
 -------------------------
 Geometry successfully optimized.
 WARNING! Change in topology detected!

------------------------------------------------
Generating MTD length from a flexibility measure
------------------------------------------------
 Calculating WBOs... done.
 Calculating NCI flexibility... done.
     covalent flexibility measure :   0.000
 non-covalent flexibility measure :   0.419
 flexibility measure :   0.000
 t(MTD) / ps    :     5.0
 Σ(t(MTD)) / ps :    70.0 (14 MTDs)

-------------------------------------
Starting a trial MTD to test settings
-------------------------------------
 Estimated runtime for one MTD (5.0 ps) on a single thread: 1 h 19 min 5 sec
 Estimated runtime for a batch of 14 MTDs on 1 threads: 18 h 27 min 11 sec

 list of Vbias parameters applied:
$metadyn    0.00300   1.300
$metadyn    0.00150   1.300
$metadyn    0.00075   1.300
$metadyn    0.00300   0.780
$metadyn    0.00150   0.780
$metadyn    0.00075   0.780
$metadyn    0.00300   0.468
$metadyn    0.00150   0.468
$metadyn    0.00075   0.468
$metadyn    0.00300   0.281
$metadyn    0.00150   0.281
$metadyn    0.00075   0.281
$metadyn    0.00100   0.100
$metadyn    0.00500   0.800

*******************************************************************************************
**                        N E W    I T E R A T I O N    C Y C L E                        **
*******************************************************************************************

========================================
            MTD Iteration  1
========================================

     ========================================
     |         Meta-MD (MTD) Sampling       |
     ========================================

Starting Meta-MD  14 with the settings:
     MD time /ps        :     5.0
     dt /fs             :     5.0
     dumpstep(trj) /fs  :     100
     dumpstep(Vbias)/ps :     1.0
     Vbias factor k /Eh :  0.1700
     Vbias exp α /bohr⁻²:    0.80
*Meta-MTD 14 finished*
Starting Meta-MD  13 with the settings:
     MD time /ps        :     5.0
     dt /fs             :     5.0
     dumpstep(trj) /fs  :     100
     dumpstep(Vbias)/ps :     1.0
     Vbias factor k /Eh :  0.0340
     Vbias exp α /bohr⁻²:    0.10
*Meta-MTD 13 finished*
Starting Meta-MD  12 with the settings:
     MD time /ps        :     5.0
     dt /fs             :     5.0
     dumpstep(trj) /fs  :     100
     dumpstep(Vbias)/ps :     1.0
     Vbias factor k /Eh :  0.0255
     Vbias exp α /bohr⁻²:    0.28
*Meta-MTD 12 finished*
Starting Meta-MD  11 with the settings:
     MD time /ps        :     5.0
     dt /fs             :     5.0
     dumpstep(trj) /fs  :     100
     dumpstep(Vbias)/ps :     1.0
     Vbias factor k /Eh :  0.0510
     Vbias exp α /bohr⁻²:    0.28
*Meta-MTD 11 finished*
Starting Meta-MD  10 with the settings:
     MD time /ps        :     5.0
     dt /fs             :     5.0
     dumpstep(trj) /fs  :     100
     dumpstep(Vbias)/ps :     1.0
     Vbias factor k /Eh :  0.1020
     Vbias exp α /bohr⁻²:    0.28
*Meta-MTD 10 finished*
Starting Meta-MD   9 with the settings:
     MD time /ps        :     5.0
     dt /fs             :     5.0
     dumpstep(trj) /fs  :     100
     dumpstep(Vbias)/ps :     1.0
     Vbias factor k /Eh :  0.0255
     Vbias exp α /bohr⁻²:    0.47
*Meta-MTD 9 finished*
Starting Meta-MD   8 with the settings:
     MD time /ps        :     5.0
     dt /fs             :     5.0
     dumpstep(trj) /fs  :     100
     dumpstep(Vbias)/ps :     1.0
     Vbias factor k /Eh :  0.0510
     Vbias exp α /bohr⁻²:    0.47
*Meta-MTD 8 finished*
Starting Meta-MD   7 with the settings:
     MD time /ps        :     5.0
     dt /fs             :     5.0
     dumpstep(trj) /fs  :     100
     dumpstep(Vbias)/ps :     1.0
     Vbias factor k /Eh :  0.1020
     Vbias exp α /bohr⁻²:    0.47
*Meta-MTD 7 finished*
Starting Meta-MD   6 with the settings:
     MD time /ps        :     5.0
     dt /fs             :     5.0
     dumpstep(trj) /fs  :     100
     dumpstep(Vbias)/ps :     1.0
     Vbias factor k /Eh :  0.0255
     Vbias exp α /bohr⁻²:    0.78
*Meta-MTD 6 finished*
Starting Meta-MD   5 with the settings:
     MD time /ps        :     5.0
     dt /fs             :     5.0
     dumpstep(trj) /fs  :     100
     dumpstep(Vbias)/ps :     1.0
     Vbias factor k /Eh :  0.0510
     Vbias exp α /bohr⁻²:    0.78
*Meta-MTD 5 finished*
Starting Meta-MD   4 with the settings:
     MD time /ps        :     5.0
     dt /fs             :     5.0
     dumpstep(trj) /fs  :     100
     dumpstep(Vbias)/ps :     1.0
     Vbias factor k /Eh :  0.1020
     Vbias exp α /bohr⁻²:    0.78
*Meta-MTD 4 finished*
Starting Meta-MD   3 with the settings:
     MD time /ps        :     5.0
     dt /fs             :     5.0
     dumpstep(trj) /fs  :     100
     dumpstep(Vbias)/ps :     1.0
     Vbias factor k /Eh :  0.0255
     Vbias exp α /bohr⁻²:    1.30
*Meta-MTD 3 finished*
Starting Meta-MD   2 with the settings:
     MD time /ps        :     5.0
     dt /fs             :     5.0
     dumpstep(trj) /fs  :     100
     dumpstep(Vbias)/ps :     1.0
     Vbias factor k /Eh :  0.0510
     Vbias exp α /bohr⁻²:    1.30
*Meta-MTD 2 finished*
Starting Meta-MD   1 with the settings:
     MD time /ps        :     5.0
     dt /fs             :     5.0
     dumpstep(trj) /fs  :     100
     dumpstep(Vbias)/ps :     1.0
     Vbias factor k /Eh :  0.1020
     Vbias exp α /bohr⁻²:    1.30
*Meta-MTD 1 finished*

-----------------------
Multilevel Optimization
-----------------------

 -------------------------
 1. crude pre-optimization
 -------------------------
 Optimizing all 686 structures from file "crest_rotamers_0.xyz" ...
 1 2 3 4 5 6 7 8 9 10 11 12 13 14 15 16 17 18 19 20 21 22 23 24 25 26 27 28 29 30 31 32 33 34 35 36 37 38 39 40 41 42 43 44 45 46 47 48 49 50 51 52 53 54 55 56 57 58 59 60 61 62 63 64 65 66 67 68 69 70 71 72 73 74 75 76 77 78 79 80 81 82 83 84 85 86 87 88 89 90 91 92 93 94 95 96 97 98 99 100 101 102 103 104 105 106 107 108 109 110 111 112 113 114 115 116 117 118 119 120 121 122 123 124 125 126 127 128 129 130 131 132 133 134 135 136 137 138 139 140 141 142 143 144 145 146 147 148 149 150 151 152 153 154 155 156 157 158 159 160 161 162 163 164 165 166 167 168 169 170 171 172 173 174 175 176 177 178 179 180 181 182 183 184 185 186 187 188 189 190 191 192 193 194 195 196 197 198 199 200 201 202 203 204 205 206 207 208 209 210 211 212 213 214 215 216 217 218 219 220 221 222 223 224 225 226 227 228 229 230 231 232 233 234 235 236 237 238 239 240 241 242 243 244 245 246 247 248 249 250 251 252 253 254 255 256 257 258 259 260 261 262 263 264 265 266 267 268 269 270 271 272 273 274 275 276 277 278 279 280 281 282 283 284 285 286 287 288 289 290 291 292 293 294 295 296 297 298 299 300 301 302 303 304 305 306 307 308 309 310 311 312 313 314 315 316 317 318 319 320 321 322 323 324 325 326 327 328 329 330 331 332 333 334 335 336 337 338 339 340 341 342 343 344 345 346 347 348 349 350 351 352 353 354 355 356 357 358 359 360 361 362 363 364 365 366 367 368 369 370 371 372 373 374 375 376 377 378 379 380 381 382 383 384 385 386 387 388 389 390 391 392 393 394 395 396 397 398 399 400 401 402 403 404 405 406 407 408 409 410 411 412 413 414 415 416 417 418 419 420 421 422 423 424 425 426 427 428 429 430 431 432 433 434 435 436 437 438 439 440 441 442 443 444 445 446 447 448 449 450 451 452 453 454 455 456 457 458 459 460 461 462 463 464 465 466 467 468 469 470 471 472 473 474 475 476 477 478 479 480 481 482 483 484 485 486 487 488 489 490 491 492 493 494 495 496 497 498 499 500 501 502 503 504 505 506 507 508 509 510 511 512 513 514 515 516 517 518 519 520 521 522 523 524 525 526 527 528 529 530 531 532 533 534 535 536 537 538 539 540 541 542 543 544 545 546 547 548 549 550 551 552 553 554 555 556 557 558 559 560 561 562 563 564 565 566 567 568 569 570 571 572 573 574 575 576 577 578 579 580 581 582 583 584 585 586 587 588 589 590 591 592 593 594 595 596 597 598 599 600 601 602 603 604 605 606 607 608 609 610 611 612 613 614 615 616 617 618 619 620 621 622 623 624 625 626 627 628 629 630 631 632 633 634 635 636 637 638 639 640 641 642 643 644 645 646 647 648 649 650 651 652 653 654 655 656 657 658 659 660 661 662 663 664 665 666 667 668 669 670 671 672 673 674 675 676 677 678 679 680 681 682 683 684 685 686
 done.
 running RMSDs...
 done.
 E lowest :   -66.00183
 668 structures remain within    12.00 kcal/mol window

 -------------------------------------
 2. optimization with tight thresholds
 -------------------------------------
 Optimizing all 669 structures from file "crest_rotamers_1.xyz" ...
 1 2 3 4 5 6 7 8 9 10 11 12 13 14 15 16 17 18 19 20 21 22 23 24 25 26 27 28 29 30 31 32 33 34 35 36 37 38 39 40 41 42 43 44 45 46 47 48 49 50 51 52 53 54 55 56 57 58 59 60 61 62 63 64 65 66 67 68 69 70 71 72 73 74 75 76 77 78 79 80 81 82 83 84 85 86 87 88 89 90 91 92 93 94 95 96 97 98 99 100 101 102 103 104 105 106 107 108 109 110 111 112 113 114 115 116 117 118 119 120 121 122 123 124 125 126 127 128 129 130 131 132 133 134 135 136 137 138 139 140 141 142 143 144 145 146 147 148 149 150 151 152 153 154 155 156 157 158 159 160 161 162 163 164 165 166 167 168 169 170 171 172 173 174 175 176 177 178 179 180 181 182 183 184 185 186 187 188 189 190 191 192 193 194 195 196 197 198 199 200 201 202 203 204 205 206 207 208 209 210 211 212 213 214 215 216 217 218 219 220 221 222 223 224 225 226 227 228 229 230 231 232 233 234 235 236 237 238 239 240 241 242 243 244 245 246 247 248 249 250 251 252 253 254 255 256 257 258 259 260 261 262 263 264 265 266 267 268 269 270 271 272 273 274 275 276 277 278 279 280 281 282 283 284 285 286 287 288 289 290 291 292 293 294 295 296 297 298 299 300 301 302 303 304 305 306 307 308 309 310 311 312 313 314 315 316 317 318 319 320 321 322 323 324 325 326 327 328 329 330 331 332 333 334 335 336 337 338 339 340 341 342 343 344 345 346 347 348 349 350 351 352 353 354 355 356 357 358 359 360 361 362 363 364 365 366 367 368 369 370 371 372 373 374 375 376 377 378 379 380 381 382 383 384 385 386 387 388 389 390 391 392 393 394 395 396 397 398 399 400 401 402 403 404 405 406 407 408 409 410 411 412 413 414 415 416 417 418 419 420 421 422 423 424 425 426 427 428 429 430 431 432 433 434 435 436 437 438 439 440 441 442 443 444 445 446 447 448 449 450 451 452 453 454 455 456 457 458 459 460 461 462 463 464 465 466 467 468 469 470 471 472 473 474 475 476 477 478 479 480 481 482 483 484 485 486 487 488 489 490 491 492 493 494 495 496 497 498 499 500 501 502 503 504 505 506 507 508 509 510 511 512 513 514 515 516 517 518 519 520 521 522 523 524 525 526 527 528 529 530 531 532 533 534 535 536 537 538 539 540 541 542 543 544 545 546 547 548 549 550 551 552 553 554 555 556 557 558 559 560 561 562 563 564 565 566 567 568 569 570 571 572 573 574 575 576 577 578 579 580 581 582 583 584 585 586 587 588 589 590 591 592 593 594 595 596 597 598 599 600 601 602 603 604 605 606 607 608 609 610 611 612 613 614 615 616 617 618 619 620 621 622 623 624 625 626 627 628 629 630 631 632 633 634 635 636 637 638 639 640 641 642 643 644 645 646 647 648 649 650 651 652 653 654 655 656 657 658 659 660 661 662 663 664 665 666 667 668 669
 done.
 running RMSDs...
 done.
 E lowest :   -66.00220
 448 structures remain within     6.00 kcal/mol window


========================================
            MTD Iteration  2
========================================

     ========================================
     |         Meta-MD (MTD) Sampling       |
     ========================================

Starting Meta-MD  12 with the settings:
     MD time /ps        :     5.0
     dt /fs             :     5.0
     dumpstep(trj) /fs  :     100
     dumpstep(Vbias)/ps :     1.0
     Vbias factor k /Eh :  0.0255
     Vbias exp α /bohr⁻²:    0.28
*Meta-MTD 12 finished*
Starting Meta-MD  11 with the settings:
     MD time /ps        :     5.0
     dt /fs             :     5.0
     dumpstep(trj) /fs  :     100
     dumpstep(Vbias)/ps :     1.0
     Vbias factor k /Eh :  0.0510
     Vbias exp α /bohr⁻²:    0.28
*Meta-MTD 11 finished*
Starting Meta-MD  10 with the settings:
     MD time /ps        :     5.0
     dt /fs             :     5.0
     dumpstep(trj) /fs  :     100
     dumpstep(Vbias)/ps :     1.0
     Vbias factor k /Eh :  0.1020
     Vbias exp α /bohr⁻²:    0.28
*Meta-MTD 10 finished*
Starting Meta-MD   9 with the settings:
     MD time /ps        :     5.0
     dt /fs             :     5.0
     dumpstep(trj) /fs  :     100
     dumpstep(Vbias)/ps :     1.0
     Vbias factor k /Eh :  0.0255
     Vbias exp α /bohr⁻²:    0.47
*Meta-MTD 9 finished*
Starting Meta-MD   8 with the settings:
     MD time /ps        :     5.0
     dt /fs             :     5.0
     dumpstep(trj) /fs  :     100
     dumpstep(Vbias)/ps :     1.0
     Vbias factor k /Eh :  0.0510
     Vbias exp α /bohr⁻²:    0.47
*Meta-MTD 8 finished*
Starting Meta-MD   7 with the settings:
     MD time /ps        :     5.0
     dt /fs             :     5.0
     dumpstep(trj) /fs  :     100
     dumpstep(Vbias)/ps :     1.0
     Vbias factor k /Eh :  0.1020
     Vbias exp α /bohr⁻²:    0.47
*Meta-MTD 7 finished*
Starting Meta-MD   6 with the settings:
     MD time /ps        :     5.0
     dt /fs             :     5.0
     dumpstep(trj) /fs  :     100
     dumpstep(Vbias)/ps :     1.0
     Vbias factor k /Eh :  0.0255
     Vbias exp α /bohr⁻²:    0.78
*Meta-MTD 6 finished*
Starting Meta-MD   5 with the settings:
     MD time /ps        :     5.0
     dt /fs             :     5.0
     dumpstep(trj) /fs  :     100
     dumpstep(Vbias)/ps :     1.0
     Vbias factor k /Eh :  0.0510
     Vbias exp α /bohr⁻²:    0.78
*Meta-MTD 5 finished*
Starting Meta-MD   4 with the settings:
     MD time /ps        :     5.0
     dt /fs             :     5.0
     dumpstep(trj) /fs  :     100
     dumpstep(Vbias)/ps :     1.0
     Vbias factor k /Eh :  0.1020
     Vbias exp α /bohr⁻²:    0.78
*Meta-MTD 4 finished*
Starting Meta-MD   3 with the settings:
     MD time /ps        :     5.0
     dt /fs             :     5.0
     dumpstep(trj) /fs  :     100
     dumpstep(Vbias)/ps :     1.0
     Vbias factor k /Eh :  0.0255
     Vbias exp α /bohr⁻²:    1.30
*Meta-MTD 3 finished*
Starting Meta-MD   2 with the settings:
     MD time /ps        :     5.0
     dt /fs             :     5.0
     dumpstep(trj) /fs  :     100
     dumpstep(Vbias)/ps :     1.0
     Vbias factor k /Eh :  0.0510
     Vbias exp α /bohr⁻²:    1.30
*Meta-MTD 2 finished*
Starting Meta-MD   1 with the settings:
     MD time /ps        :     5.0
     dt /fs             :     5.0
     dumpstep(trj) /fs  :     100
     dumpstep(Vbias)/ps :     1.0
     Vbias factor k /Eh :  0.1020
     Vbias exp α /bohr⁻²:    1.30
*Meta-MTD 1 finished*

-----------------------
Multilevel Optimization
-----------------------

 -------------------------
 1. crude pre-optimization
 -------------------------
 Optimizing all 588 structures from file "crest_rotamers_0.xyz" ...
 1 2 3 4 5 6 7 8 9 10 11 12 13 14 15 16 17 18 19 20 21 22 23 24 25 26 27 28 29 30 31 32 33 34 35 36 37 38 39 40 41 42 43 44 45 46 47 48 49 50 51 52 53 54 55 56 57 58 59 60 61 62 63 64 65 66 67 68 69 70 71 72 73 74 75 76 77 78 79 80 81 82 83 84 85 86 87 88 89 90 91 92 93 94 95 96 97 98 99 100 101 102 103 104 105 106 107 108 109 110 111 112 113 114 115 116 117 118 119 120 121 122 123 124 125 126 127 128 129 130 131 132 133 134 135 136 137 138 139 140 141 142 143 144 145 146 147 148 149 150 151 152 153 154 155 156 157 158 159 160 161 162 163 164 165 166 167 168 169 170 171 172 173 174 175 176 177 178 179 180 181 182 183 184 185 186 187 188 189 190 191 192 193 194 195 196 197 198 199 200 201 202 203 204 205 206 207 208 209 210 211 212 213 214 215 216 217 218 219 220 221 222 223 224 225 226 227 228 229 230 231 232 233 234 235 236 237 238 239 240 241 242 243 244 245 246 247 248 249 250 251 252 253 254 255 256 257 258 259 260 261 262 263 264 265 266 267 268 269 270 271 272 273 274 275 276 277 278 279 280 281 282 283 284 285 286 287 288 289 290 291 292 293 294 295 296 297 298 299 300 301 302 303 304 305 306 307 308 309 310 311 312 313 314 315 316 317 318 319 320 321 322 323 324 325 326 327 328 329 330 331 332 333 334 335 336 337 338 339 340 341 342 343 344 345 346 347 348 349 350 351 352 353 354 355 356 357 358 359 360 361 362 363 364 365 366 367 368 369 370 371 372 373 374 375 376 377 378 379 380 381 382 383 384 385 386 387 388 389 390 391 392 393 394 395 396 397 398 399 400 401 402 403 404 405 406 407 408 409 410 411 412 413 414 415 416 417 418 419 420 421 422 423 424 425 426 427 428 429 430 431 432 433 434 435 436 437 438 439 440 441 442 443 444 445 446 447 448 449 450 451 452 453 454 455 456 457 458 459 460 461 462 463 464 465 466 467 468 469 470 471 472 473 474 475 476 477 478 479 480 481 482 483 484 485 486 487 488 489 490 491 492 493 494 495 496 497 498 499 500 501 502 503 504 505 506 507 508 509 510 511 512 513 514 515 516 517 518 519 520 521 522 523 524 525 526 527 528 529 530 531 532 533 534 535 536 537 538 539 540 541 542 543 544 545 546 547 548 549 550 551 552 553 554 555 556 557 558 559 560 561 562 563 564 565 566 567 568 569 570 571 572 573 574 575 576 577 578 579 580 581 582 583 584 585 586 587 588
 done.
 running RMSDs...
 done.
 E lowest :   -66.00193
 560 structures remain within    12.00 kcal/mol window

 -------------------------------------
 2. optimization with tight thresholds
 -------------------------------------
 Optimizing all 561 structures from file "crest_rotamers_1.xyz" ...
 1 2 3 4 5 6 7 8 9 10 11 12 13 14 15 16 17 18 19 20 21 22 23 24 25 26 27 28 29 30 31 32 33 34 35 36 37 38 39 40 41 42 43 44 45 46 47 48 49 50 51 52 53 54 55 56 57 58 59 60 61 62 63 64 65 66 67 68 69 70 71 72 73 74 75 76 77 78 79 80 81 82 83 84 85 86 87 88 89 90 91 92 93 94 95 96 97 98 99 100 101 102 103 104 105 106 107 108 109 110 111 112 113 114 115 116 117 118 119 120 121 122 123 124 125 126 127 128 129 130 131 132 133 134 135 136 137 138 139 140 141 142 143 144 145 146 147 148 149 150 151 152 153 154 155 156 157 158 159 160 161 162 163 164 165 166 167 168 169 170 171 172 173 174 175 176 177 178 179 180 181 182 183 184 185 186 187 188 189 190 191 192 193 194 195 196 197 198 199 200 201 202 203 204 205 206 207 208 209 210 211 212 213 214 215 216 217 218 219 220 221 222 223 224 225 226 227 228 229 230 231 232 233 234 235 236 237 238 239 240 241 242 243 244 245 246 247 248 249 250 251 252 253 254 255 256 257 258 259 260 261 262 263 264 265 266 267 268 269 270 271 272 273 274 275 276 277 278 279 280 281 282 283 284 285 286 287 288 289 290 291 292 293 294 295 296 297 298 299 300 301 302 303 304 305 306 307 308 309 310 311 312 313 314 315 316 317 318 319 320 321 322 323 324 325 326 327 328 329 330 331 332 333 334 335 336 337 338 339 340 341 342 343 344 345 346 347 348 349 350 351 352 353 354 355 356 357 358 359 360 361 362 363 364 365 366 367 368 369 370 371 372 373 374 375 376 377 378 379 380 381 382 383 384 385 386 387 388 389 390 391 392 393 394 395 396 397 398 399 400 401 402 403 404 405 406 407 408 409 410 411 412 413 414 415 416 417 418 419 420 421 422 423 424 425 426 427 428 429 430 431 432 433 434 435 436 437 438 439 440 441 442 443 444 445 446 447 448 449 450 451 452 453 454 455 456 457 458 459 460 461 462 463 464 465 466 467 468 469 470 471 472 473 474 475 476 477 478 479 480 481 482 483 484 485 486 487 488 489 490 491 492 493 494 495 496 497 498 499 500 501 502 503 504 505 506 507 508 509 510 511 512 513 514 515 516 517 518 519 520 521 522 523 524 525 526 527 528 529 530 531 532 533 534 535 536 537 538 539 540 541 542 543 544 545 546 547 548 549 550 551 552 553 554 555 556 557 558 559 560 561
 done.
 running RMSDs...
 done.
 E lowest :   -66.00220
 361 structures remain within     6.00 kcal/mol window

========================================
            MTD Iterations done         
========================================
 Collecting ensmbles.
 running RMSDs...
 done.
 E lowest :   -66.00220
 770 structures remain within     6.00 kcal/mol window

-----------------------------------------------
Additional regular MDs on lowest 4 conformer(s)
-----------------------------------------------
Starting MD   8 with the settings:
     MD time /ps        :     2.5
     MD Temperature /K  :   500.0
     dt /fs             :     5.0
     dumpstep(trj) /fs  :     100
*MD 8 finished*
Starting MD   7 with the settings:
     MD time /ps        :     2.5
     MD Temperature /K  :   400.0
     dt /fs             :     5.0
     dumpstep(trj) /fs  :     100
*MD 7 finished*
Starting MD   6 with the settings:
     MD time /ps        :     2.5
     MD Temperature /K  :   500.0
     dt /fs             :     5.0
     dumpstep(trj) /fs  :     100
*MD 6 finished*
Starting MD   5 with the settings:
     MD time /ps        :     2.5
     MD Temperature /K  :   400.0
     dt /fs             :     5.0
     dumpstep(trj) /fs  :     100
*MD 5 finished*
Starting MD   4 with the settings:
     MD time /ps        :     2.5
     MD Temperature /K  :   500.0
     dt /fs             :     5.0
     dumpstep(trj) /fs  :     100
*MD 4 finished*
Starting MD   3 with the settings:
     MD time /ps        :     2.5
     MD Temperature /K  :   400.0
     dt /fs             :     5.0
     dumpstep(trj) /fs  :     100
*MD 3 finished*
Starting MD   2 with the settings:
     MD time /ps        :     2.5
     MD Temperature /K  :   500.0
     dt /fs             :     5.0
     dumpstep(trj) /fs  :     100
*MD 2 finished*
Starting MD   1 with the settings:
     MD time /ps        :     2.5
     MD Temperature /K  :   400.0
     dt /fs             :     5.0
     dumpstep(trj) /fs  :     100
*MD 1 finished*
 Appending file crest_rotamers_1.xyz with new structures

 -------------------------------------------
 Ensemble optimization with tight thresholds
 -------------------------------------------
 Optimizing all 962 structures from file "crest_rotamers_1.xyz" ...
 1 2 3 4 5 6 7 8 9 10 11 12 13 14 15 16 17 18 19 20 21 22 23 24 25 26 27 28 29 30 31 32 33 34 35 36 37 38 39 40 41 42 43 44 45 46 47 48 49 50 51 52 53 54 55 56 57 58 59 60 61 62 63 64 65 66 67 68 69 70 71 72 73 74 75 76 77 78 79 80 81 82 83 84 85 86 87 88 89 90 91 92 93 94 95 96 97 98 99 100 101 102 103 104 105 106 107 108 109 110 111 112 113 114 115 116 117 118 119 120 121 122 123 124 125 126 127 128 129 130 131 132 133 134 135 136 137 138 139 140 141 142 143 144 145 146 147 148 149 150 151 152 153 154 155 156 157 158 159 160 161 162 163 164 165 166 167 168 169 170 171 172 173 174 175 176 177 178 179 180 181 182 183 184 185 186 187 188 189 190 191 192 193 194 195 196 197 198 199 200 201 202 203 204 205 206 207 208 209 210 211 212 213 214 215 216 217 218 219 220 221 222 223 224 225 226 227 228 229 230 231 232 233 234 235 236 237 238 239 240 241 242 243 244 245 246 247 248 249 250 251 252 253 254 255 256 257 258 259 260 261 262 263 264 265 266 267 268 269 270 271 272 273 274 275 276 277 278 279 280 281 282 283 284 285 286 287 288 289 290 291 292 293 294 295 296 297 298 299 300 301 302 303 304 305 306 307 308 309 310 311 312 313 314 315 316 317 318 319 320 321 322 323 324 325 326 327 328 329 330 331 332 333 334 335 336 337 338 339 340 341 342 343 344 345 346 347 348 349 350 351 352 353 354 355 356 357 358 359 360 361 362 363 364 365 366 367 368 369 370 371 372 373 374 375 376 377 378 379 380 381 382 383 384 385 386 387 388 389 390 391 392 393 394 395 396 397 398 399 400 401 402 403 404 405 406 407 408 409 410 411 412 413 414 415 416 417 418 419 420 421 422 423 424 425 426 427 428 429 430 431 432 433 434 435 436 437 438 439 440 441 442 443 444 445 446 447 448 449 450 451 452 453 454 455 456 457 458 459 460 461 462 463 464 465 466 467 468 469 470 471 472 473 474 475 476 477 478 479 480 481 482 483 484 485 486 487 488 489 490 491 492 493 494 495 496 497 498 499 500 501 502 503 504 505 506 507 508 509 510 511 512 513 514 515 516 517 518 519 520 521 522 523 524 525 526 527 528 529 530 531 532 533 534 535 536 537 538 539 540 541 542 543 544 545 546 547 548 549 550 551 552 553 554 555 556 557 558 559 560 561 562 563 564 565 566 567 568 569 570 571 572 573 574 575 576 577 578 579 580 581 582 583 584 585 586 587 588 589 590 591 592 593 594 595 596 597 598 599 600 601 602 603 604 605 606 607 608 609 610 611 612 613 614 615 616 617 618 619 620 621 622 623 624 625 626 627 628 629 630 631 632 633 634 635 636 637 638 639 640 641 642 643 644 645 646 647 648 649 650 651 652 653 654 655 656 657 658 659 660 661 662 663 664 665 666 667 668 669 670 671 672 673 674 675 676 677 678 679 680 681 682 683 684 685 686 687 688 689 690 691 692 693 694 695 696 697 698 699 700 701 702 703 704 705 706 707 708 709 710 711 712 713 714 715 716 717 718 719 720 721 722 723 724 725 726 727 728 729 730 731 732 733 734 735 736 737 738 739 740 741 742 743 744 745 746 747 748 749 750 751 752 753 754 755 756 757 758 759 760 761 762 763 764 765 766 767 768 769 770 771 772 773 774 775 776 777 778 779 780 781 782 783 784 785 786 787 788 789 790 791 792 793 794 795 796 797 798 799 800 801 802 803 804 805 806 807 808 809 810 811 812 813 814 815 816 817 818 819 820 821 822 823 824 825 826 827 828 829 830 831 832 833 834 835 836 837 838 839 840 841 842 843 844 845 846 847 848 849 850 851 852 853 854 855 856 857 858 859 860 861 862 863 864 865 866 867 868 869 870 871 872 873 874 875 876 877 878 879 880 881 882 883 884 885 886 887 888 889 890 891 892 893 894 895 896 897 898 899 900 901 902 903 904 905 906 907 908 909 910 911 912 913 914 915 916 917 918 919 920 921 922 923 924 925 926 927 928 929 930 931 932 933 934 935 936 937 938 939 940 941 942 943 944 945 946 947 948 949 950 951 952 953 954 955 956 957 958 959 960 961 962
 done.
 running RMSDs...
 done.
 E lowest :   -66.00220
 773 structures remain within     6.00 kcal/mol window


     ========================================
     |        Structure Crossing (GC)       |
     ========================================
 =============================
  # threads =           1
 =============================
 input  file name : crest_rotamers_3.xyz
number of atoms                :    34
number of points on xyz files  :   773
conformer energy window  /kcal :    6.00
CN per atom difference cut-off :  0.3000
RMSD threshold                 :  0.2500
max. # of generated structures : 250
 reading xyz file ...
 # in E window                773
 generating pairs ...      299150
  12.9 % done
  25.9 % done
  38.8 % done
  51.7 % done
  64.7 % done
  77.6 % done
  90.6 % done
 generated pairs           :          34
 number of clash discarded :      298344
 average rmsd w.r.t input  : 1.92314
 sd of ensemble            : 1.22388
 number of new structures      :          25
 removed identical structures  :           9
 writing           25  TMPCONF* dirs ...
 --------------------------
 GC: loose pre-optimization
 --------------------------
 Starting optimization of generated structures
 25 jobs to do.
 1 2 3 4 5 6 7 8 9 10 11 12 13 14 15 16 17 18 19 20 21 22 23 24 25 
 done.
 Now appending opt.xyz file with new structures
 running RMSDs...
 done.
 E lowest :   -66.00217
 22 structures remain within    10.00 kcal/mol window
 --------------------------------------
 GC: optimization with tight thresholds
 --------------------------------------
 Optimizing all 22 structures from file "crest_rotamers_1.xyz" ...
 1 2 3 4 5 6 7 8 9 10 11 12 13 14 15 16 17 18 19 20 21 22
 done.
 running RMSDs...
 done.
 E lowest :   -66.00220


   ================================================
   |           Final Geometry Optimization        |
   ================================================
 ------------------------------------------------
 Ensemble optimization with very tight thresholds
 ------------------------------------------------
 Optimizing all 776 structures from file "crest_rotamers_4.xyz" ...
 1 2 3 4 5 6 7 8 9 10 11 12 13 14 15 16 17 18 19 20 21 22 23 24 25 26 27 28 29 30 31 32 33 34 35 36 37 38 39 40 41 42 43 44 45 46 47 48 49 50 51 52 53 54 55 56 57 58 59 60 61 62 63 64 65 66 67 68 69 70 71 72 73 74 75 76 77 78 79 80 81 82 83 84 85 86 87 88 89 90 91 92 93 94 95 96 97 98 99 100 101 102 103 104 105 106 107 108 109 110 111 112 113 114 115 116 117 118 119 120 121 122 123 124 125 126 127 128 129 130 131 132 133 134 135 136 137 138 139 140 141 142 143 144 145 146 147 148 149 150 151 152 153 154 155 156 157 158 159 160 161 162 163 164 165 166 167 168 169 170 171 172 173 174 175 176 177 178 179 180 181 182 183 184 185 186 187 188 189 190 191 192 193 194 195 196 197 198 199 200 201 202 203 204 205 206 207 208 209 210 211 212 213 214 215 216 217 218 219 220 221 222 223 224 225 226 227 228 229 230 231 232 233 234 235 236 237 238 239 240 241 242 243 244 245 246 247 248 249 250 251 252 253 254 255 256 257 258 259 260 261 262 263 264 265 266 267 268 269 270 271 272 273 274 275 276 277 278 279 280 281 282 283 284 285 286 287 288 289 290 291 292 293 294 295 296 297 298 299 300 301 302 303 304 305 306 307 308 309 310 311 312 313 314 315 316 317 318 319 320 321 322 323 324 325 326 327 328 329 330 331 332 333 334 335 336 337 338 339 340 341 342 343 344 345 346 347 348 349 350 351 352 353 354 355 356 357 358 359 360 361 362 363 364 365 366 367 368 369 370 371 372 373 374 375 376 377 378 379 380 381 382 383 384 385 386 387 388 389 390 391 392 393 394 395 396 397 398 399 400 401 402 403 404 405 406 407 408 409 410 411 412 413 414 415 416 417 418 419 420 421 422 423 424 425 426 427 428 429 430 431 432 433 434 435 436 437 438 439 440 441 442 443 444 445 446 447 448 449 450 451 452 453 454 455 456 457 458 459 460 461 462 463 464 465 466 467 468 469 470 471 472 473 474 475 476 477 478 479 480 481 482 483 484 485 486 487 488 489 490 491 492 493 494 495 496 497 498 499 500 501 502 503 504 505 506 507 508 509 510 511 512 513 514 515 516 517 518 519 520 521 522 523 524 525 526 527 528 529 530 531 532 533 534 535 536 537 538 539 540 541 542 543 544 545 546 547 548 549 550 551 552 553 554 555 556 557 558 559 560 561 562 563 564 565 566 567 568 569 570 571 572 573 574 575 576 577 578 579 580 581 582 583 584 585 586 587 588 589 590 591 592 593 594 595 596 597 598 599 600 601 602 603 604 605 606 607 608 609 610 611 612 613 614 615 616 617 618 619 620 621 622 623 624 625 626 627 628 629 630 631 632 633 634 635 636 637 638 639 640 641 642 643 644 645 646 647 648 649 650 651 652 653 654 655 656 657 658 659 660 661 662 663 664 665 666 667 668 669 670 671 672 673 674 675 676 677 678 679 680 681 682 683 684 685 686 687 688 689 690 691 692 693 694 695 696 697 698 699 700 701 702 703 704 705 706 707 708 709 710 711 712 713 714 715 716 717 718 719 720 721 722 723 724 725 726 727 728 729 730 731 732 733 734 735 736 737 738 739 740 741 742 743 744 745 746 747 748 749 750 751 752 753 754 755 756 757 758 759 760 761 762 763 764 765 766 767 768 769 770 771 772 773 774 775 776
 done.
 running RMSDs...
 done.
 E lowest :   -66.00220
 734 structures remain within     6.00 kcal/mol window

 input  file name : crest_rotamers_5.xyz
 output file name : crest_rotamers_6.xyz
 number of atoms                :   34
 number of points on xyz files  :   776
 RMSD threshold                 :   0.1250
 Bconst threshold               :   0.0100
 population threshold           :   0.0500
 conformer energy window  /kcal :   6.0000
 # fragment in coord            :     2
 # bonds in reference structure :    32
 number of reliable points      :   776
 reference state Etot :  -66.002204340000006
 number of doubles removed by rot/RMSD         :          42
 total number unique points considered further :         734
       Erel/kcal        Etot weight/tot  conformer     set   degen     origin
       1   0.000   -66.00220    0.01731    0.08605       1       5     mtd10
       2   0.000   -66.00220    0.01731                                gc
       3   0.000   -66.00220    0.01730                                mtd3
       4   0.001   -66.00220    0.01728                                mtd10
       5   0.016   -66.00218    0.01686                                mtd11
       6   0.332   -66.00167    0.00988    0.16454       2      17     md5
       7   0.332   -66.00167    0.00988                                mtd9
       8   0.333   -66.00167    0.00988                                mtd6
       9   0.333   -66.00167    0.00988                                mtd1
      10   0.333   -66.00167    0.00987                                mtd9
      11   0.334   -66.00167    0.00985                                mtd6
      12   0.334   -66.00167    0.00985                                mtd1
      13   0.334   -66.00167    0.00985                                mtd8
      14   0.334   -66.00167    0.00985                                mtd1
      15   0.335   -66.00167    0.00984                                mtd8
      16   0.335   -66.00167    0.00984                                mtd8
      17   0.379   -66.00160    0.00913                                mtd1
      18   0.337   -66.00167    0.00981                                mtd11
      19   0.340   -66.00166    0.00976                                mtd1
      20   0.379   -66.00160    0.00913                                mtd12
      21   0.380   -66.00160    0.00912                                md3
      22   0.380   -66.00160    0.00912                                mtd9
      23   0.340   -66.00166    0.00976    0.00976       3       1     mtd5
      24   0.378   -66.00160    0.00915    0.07299       4       8     mtd8
      25   0.380   -66.00160    0.00912                                mtd8
      26   0.380   -66.00160    0.00912                                mtd3
      27   0.380   -66.00160    0.00912                                mtd12
      28   0.380   -66.00160    0.00911                                mtd10
      29   0.381   -66.00160    0.00910                                mtd6
      30   0.379   -66.00160    0.00914                                mtd3
      31   0.379   -66.00160    0.00914                                mtd12
      32   0.394   -66.00158    0.00890    0.08833       5      10     mtd5
      33   0.394   -66.00158    0.00890                                gc
      34   0.394   -66.00158    0.00890                                mtd11
      35   0.394   -66.00158    0.00890                                mtd9
      36   0.395   -66.00157    0.00889                                mtd10
      37   0.396   -66.00157    0.00888                                md3
      38   0.397   -66.00157    0.00886                                gc
      39   0.402   -66.00156    0.00879                                mtd8
      40   0.403   -66.00156    0.00877                                mtd3
      41   0.418   -66.00154    0.00855                                mtd10
      42   0.431   -66.00152    0.00837    0.00837       6       1     mtd3
      43   0.465   -66.00146    0.00790    0.10247       7      13     mtd9
      44   0.465   -66.00146    0.00790                                mtd5
      45   0.465   -66.00146    0.00790                                mtd7
      46   0.466   -66.00146    0.00789                                mtd3
      47   0.466   -66.00146    0.00789                                mtd8
      48   0.466   -66.00146    0.00789                                mtd1
      49   0.466   -66.00146    0.00789                                mtd3
      50   0.466   -66.00146    0.00789                                mtd11
      51   0.466   -66.00146    0.00788                                mtd1
      52   0.466   -66.00146    0.00788                                mtd3
      53   0.468   -66.00146    0.00786                                mtd9
      54   0.469   -66.00146    0.00785                                mtd5
      55   0.469   -66.00146    0.00785                                mtd8
      56   0.474   -66.00145    0.00778    0.03109       8       4     mtd2
      57   0.475   -66.00145    0.00777                                mtd3
      58   0.475   -66.00145    0.00777                                mtd3
      59   0.475   -66.00145    0.00777                                mtd11
      60   0.485   -66.00143    0.00764    0.00764       9       1     mtd12
      61   0.507   -66.00140    0.00736    0.02923      10       4     mtd8
      62   0.507   -66.00140    0.00736                                mtd5
      63   0.509   -66.00139    0.00733                                md3
      64   0.522   -66.00137    0.00717                                mtd3
      65   0.525   -66.00137    0.00714    0.00714      11       1     mtd5
      66   0.513   -66.00139    0.00729    0.02113      12       3     mtd9
      67   0.527   -66.00136    0.00711                                mtd1
      68   0.560   -66.00131    0.00673                                mtd13
      69   0.588   -66.00127    0.00642    0.01282      13       2     mtd9
      70   0.590   -66.00126    0.00640                                mtd3
      71   0.607   -66.00124    0.00622    0.01815      14       3     md3
      72   0.635   -66.00119    0.00593                                mtd9
      73   0.628   -66.00120    0.00600                                mtd8
      74   0.635   -66.00119    0.00593    0.01184      15       2     mtd3
      75   0.637   -66.00119    0.00591                                mtd12
      76   0.640   -66.00118    0.00588    0.02934      16       5     mtd8
      77   0.629   -66.00120    0.00599                                mtd6
      78   0.640   -66.00118    0.00588                                md8
      79   0.647   -66.00117    0.00581                                mtd6
      80   0.650   -66.00117    0.00578                                mtd9
      81   0.692   -66.00110    0.00539    0.02649      17       5     mtd1
      82   0.694   -66.00110    0.00537                                mtd8
      83   0.694   -66.00110    0.00537                                mtd9
      84   0.715   -66.00107    0.00518                                mtd6
      85   0.715   -66.00106    0.00518                                md2
      86   0.716   -66.00106    0.00518    0.05682      18      11     mtd6
      87   0.716   -66.00106    0.00517                                mtd10
      88   0.717   -66.00106    0.00517                                mtd1
      89   0.717   -66.00106    0.00517                                mtd9
      90   0.715   -66.00107    0.00519                                mtd8
      91   0.717   -66.00106    0.00516                                mtd4
      92   0.717   -66.00106    0.00516                                mtd8
      93   0.717   -66.00106    0.00516                                mtd3
      94   0.718   -66.00106    0.00515                                mtd8
      95   0.721   -66.00106    0.00513                                gc
      96   0.715   -66.00107    0.00518                                mtd14
      97   0.747   -66.00101    0.00491    0.00491      19       1     mtd9
      98   0.828   -66.00088    0.00428    0.00851      20       2     mtd1
      99   0.836   -66.00087    0.00422                                mtd9
     100   0.837   -66.00087    0.00422    0.02527      21       6     mtd6
     101   0.837   -66.00087    0.00422                                mtd8
     102   0.838   -66.00087    0.00421                                mtd9
     103   0.835   -66.00087    0.00423                                mtd3
     104   0.838   -66.00087    0.00421                                mtd13
     105   0.844   -66.00086    0.00417                                mtd11
     106   0.936   -66.00071    0.00357    0.00712      22       2     mtd13
     107   0.940   -66.00071    0.00355                                mtd14
     108   0.942   -66.00070    0.00354    0.00354      23       1     mtd9
     109   0.997   -66.00062    0.00322    0.00322      24       1     mtd8
     110   1.007   -66.00060    0.00316    0.00316      25       1     mtd9
     111   1.093   -66.00046    0.00274    0.01625      26       6     mtd3
     112   1.094   -66.00046    0.00274                                mtd6
     113   1.098   -66.00045    0.00272                                mtd1
     114   1.100   -66.00045    0.00271                                mtd5
     115   1.100   -66.00045    0.00271                                mtd6
     116   1.115   -66.00043    0.00264                                mtd6
     117   1.138   -66.00039    0.00254    0.01015      27       4     mtd6
     118   1.138   -66.00039    0.00254                                mtd2
     119   1.139   -66.00039    0.00254                                md6
     120   1.139   -66.00039    0.00253                                mtd10
     121   1.175   -66.00033    0.00239    0.00239      28       1     mtd8
     122   1.185   -66.00032    0.00235    0.00936      29       4     mtd6
     123   1.185   -66.00032    0.00234                                mtd1
     124   1.185   -66.00032    0.00234                                mtd3
     125   1.189   -66.00031    0.00233                                mtd8
     126   1.193   -66.00030    0.00232    0.00463      30       2     mtd10
     127   1.194   -66.00030    0.00231                                mtd10
     128   1.208   -66.00028    0.00226    0.00226      31       1     mtd3
     129   1.228   -66.00025    0.00218    0.01303      32       6     mtd3
     130   1.228   -66.00025    0.00218                                mtd5
     131   1.229   -66.00025    0.00218                                mtd1
     132   1.230   -66.00024    0.00218                                mtd9
     133   1.238   -66.00023    0.00215                                mtd12
     134   1.233   -66.00024    0.00216                                mtd1
     135   1.234   -66.00024    0.00216    0.00431      33       2     mtd1
     136   1.238   -66.00023    0.00214                                mtd9
     137   1.281   -66.00016    0.00200    0.00200      34       1     mtd6
     138   1.308   -66.00012    0.00191    0.00380      35       2     mtd6
     139   1.313   -66.00011    0.00189                                mtd9
     140   1.317   -66.00011    0.00188    0.00749      36       4     mtd5
     141   1.318   -66.00010    0.00188                                mtd5
     142   1.321   -66.00010    0.00186                                mtd12
     143   1.318   -66.00010    0.00188                                gc
     144   1.324   -66.00009    0.00186    0.00556      37       3     mtd8
     145   1.324   -66.00009    0.00185                                mtd11
     146   1.326   -66.00009    0.00185                                mtd6
     147   1.319   -66.00010    0.00187    0.00557      38       3     mtd9
     148   1.324   -66.00009    0.00186                                mtd12
     149   1.330   -66.00009    0.00184                                mtd10
     150   1.327   -66.00009    0.00185    0.01103      39       6     mtd13
     151   1.328   -66.00009    0.00184                                mtd11
     152   1.329   -66.00009    0.00184                                mtd8
     153   1.343   -66.00006    0.00180                                mtd6
     154   1.325   -66.00009    0.00185                                gc
     155   1.325   -66.00009    0.00185                                mtd10
     156   1.335   -66.00008    0.00182    0.00362      40       2     mtd12
     157   1.343   -66.00006    0.00180                                mtd11
     158   1.347   -66.00006    0.00179    0.00179      41       1     mtd8
     159   1.329   -66.00009    0.00184    0.00184      42       1     mtd1
     160   1.357   -66.00004    0.00175    0.00359      43       2     mtd12
     161   1.329   -66.00009    0.00184                                mtd9
     162   1.383   -66.00000    0.00168    0.00334      44       2     mtd6
     163   1.388   -65.99999    0.00167                                mtd2
     164   1.386   -66.00000    0.00167    0.00167      45       1     mtd3
     165   1.398   -65.99998    0.00164    0.00325      46       2     mtd9
     166   1.408   -65.99996    0.00161                                mtd8
     167   1.416   -65.99995    0.00159    0.00159      47       1     mtd1
     168   1.402   -65.99997    0.00163    0.00163      48       1     mtd10
     169   1.422   -65.99994    0.00157    0.00157      49       1     gc
     170   1.454   -65.99989    0.00149    0.00149      50       1     mtd8
     171   1.461   -65.99988    0.00147    0.00147      51       1     mtd8
     172   1.477   -65.99985    0.00143    0.00143      52       1     mtd3
     173   1.478   -65.99985    0.00143    0.00143      53       1     mtd11
     174   1.479   -65.99985    0.00143    0.00284      54       2     mtd9
     175   1.487   -65.99983    0.00141                                mtd1
     176   1.483   -65.99984    0.00142    0.00142      55       1     mtd1
     177   1.544   -65.99974    0.00128    0.00128      56       1     mtd5
     178   1.560   -65.99972    0.00125    0.00125      57       1     mtd1
     179   1.571   -65.99970    0.00122    0.00610      58       5     mtd13
     180   1.571   -65.99970    0.00122                                mtd12
     181   1.572   -65.99970    0.00122                                gc
     182   1.572   -65.99970    0.00122                                mtd5
     183   1.577   -65.99969    0.00121                                mtd12
     184   1.601   -65.99965    0.00116    0.00116      59       1     mtd3
     185   1.610   -65.99964    0.00115    0.00115      60       1     mtd13
     186   1.615   -65.99963    0.00114    0.00114      61       1     mtd13
     187   1.621   -65.99962    0.00113    0.00113      62       1     mtd5
     188   1.639   -65.99959    0.00109    0.00213      63       2     mtd5
     189   1.669   -65.99954    0.00104                                mtd5
     190   1.662   -65.99956    0.00105    0.00105      64       1     mtd6
     191   1.718   -65.99947    0.00096    0.00096      65       1     md8
     192   1.722   -65.99946    0.00095    0.00095      66       1     md8
     193   1.733   -65.99944    0.00093    0.00093      67       1     mtd9
     194   1.750   -65.99942    0.00091    0.00091      68       1     mtd9
     195   1.836   -65.99928    0.00078    0.00078      69       1     mtd9
     196   1.849   -65.99926    0.00077    0.00077      70       1     mtd8
     197   1.977   -65.99905    0.00062    0.00123      71       2     mtd8
     198   1.983   -65.99904    0.00061                                mtd6
     199   1.982   -65.99905    0.00061    0.00061      72       1     mtd3
     200   2.043   -65.99895    0.00055    0.00055      73       1     mtd8
     201   2.189   -65.99872    0.00043    0.00043      74       1     mtd14
     202   2.208   -65.99869    0.00042    0.00042      75       1     mtd8
     203   2.216   -65.99867    0.00041    0.00041      76       1     mtd3
     204   2.226   -65.99866    0.00041    0.00041      77       1     mtd11
     205   2.236   -65.99864    0.00040    0.00040      78       1     mtd6
     206   2.284   -65.99856    0.00037    0.00037      79       1     mtd9
     207   2.872   -65.99763    0.00014    0.00014      80       1     mtd11
     208   2.891   -65.99760    0.00013    0.00026      81       2     mtd2
     209   2.894   -65.99759    0.00013                                mtd2
     210   2.925   -65.99754    0.00012    0.00012      82       1     mtd7
     211   2.969   -65.99747    0.00012    0.00012      83       1     mtd4
     212   3.068   -65.99731    0.00010    0.00010      84       1     mtd8
     213   3.104   -65.99726    0.00009    0.00009      85       1     mtd14
     214   3.108   -65.99725    0.00009    0.00009      86       1     mtd6
     215   3.128   -65.99722    0.00009    0.00009      87       1     mtd7
     216   3.144   -65.99719    0.00009    0.00009      88       1     mtd7
     217   3.256   -65.99702    0.00007    0.00007      89       1     mtd7
     218   3.430   -65.99674    0.00005    0.00005      90       1     mtd7
     219   3.454   -65.99670    0.00005    0.00005      91       1     mtd7
     220   3.653   -65.99638    0.00004    0.00004      92       1     mtd14
     221   3.654   -65.99638    0.00004    0.00004      93       1     mtd14
     222   3.977   -65.99587    0.00002    0.00002      94       1     mtd1
     223   4.058   -65.99574    0.00002    0.00002      95       1     mtd7
     224   4.819   -65.99453    0.00001    0.00001      96       1     mtd4
     225   5.011   -65.99422    0.00000    0.00000      97       1     mtd1
     226   5.061   -65.99414    0.00000    0.00000      98       1     mtd1
     227   5.175   -65.99396    0.00000    0.00000      99       1     mtd4
     228   5.356   -65.99367    0.00000    0.00000     100       1     mtd4
     229   5.514   -65.99342    0.00000    0.00000     101       1     mtd7
     230   5.758   -65.99303    0.00000    0.00000     102       2     mtd10
     231   5.788   -65.99298    0.00000                                mtd13
     232   5.795   -65.99297    0.00000    0.00000     103       1     mtd7
     233   5.795   -65.99297    0.00000    0.00000     104       1     mtd11
     234   5.796   -65.99297    0.00000    0.00000     105       1     mtd10
     235   5.804   -65.99295    0.00000    0.00000     106       1     mtd8
     236   5.775   -65.99300    0.00000    0.00000     107       1     mtd10
     237   5.809   -65.99295    0.00000    0.00000     108       1     mtd10
     238   5.815   -65.99294    0.00000    0.00000     109       1     mtd10
     239   5.822   -65.99293    0.00000    0.00000     110       1     mtd6
     240   5.825   -65.99292    0.00000    0.00000     111       1     mtd12
     241   5.828   -65.99292    0.00000    0.00000     112       1     mtd11
     242   5.830   -65.99291    0.00000    0.00000     113       1     mtd2
     243   5.833   -65.99291    0.00000    0.00000     114       1     mtd11
     244   5.848   -65.99288    0.00000    0.00000     115       1     mtd11
     245   5.852   -65.99288    0.00000    0.00000     116       2     mtd1
     246   5.858   -65.99287    0.00000                                mtd9
     247   5.860   -65.99287    0.00000    0.00000     117       1     mtd1
     248   5.864   -65.99286    0.00000    0.00000     118       1     mtd11
     249   5.868   -65.99285    0.00000    0.00000     119       2     mtd6
     250   5.869   -65.99285    0.00000                                mtd2
     251   5.865   -65.99286    0.00000    0.00000     120       1     mtd10
     252   5.869   -65.99285    0.00000    0.00000     121       1     mtd8
     253   5.870   -65.99285    0.00000    0.00000     122       1     mtd13
     254   5.873   -65.99284    0.00000    0.00000     123       1     mtd7
     255   5.854   -65.99287    0.00000    0.00000     124       2     mtd11
     256   5.874   -65.99284    0.00000                                mtd1
     257   5.877   -65.99284    0.00000    0.00000     125       1     mtd9
     258   5.878   -65.99284    0.00000    0.00000     126       1     mtd2
     259   5.879   -65.99284    0.00000    0.00000     127       1     mtd5
     260   5.880   -65.99283    0.00000    0.00000     128       1     mtd1
     261   5.880   -65.99283    0.00000    0.00000     129       1     mtd5
     262   5.881   -65.99283    0.00000    0.00000     130       1     mtd11
     263   5.882   -65.99283    0.00000    0.00000     131       2     mtd5
     264   5.881   -65.99283    0.00000                                mtd10
     265   5.886   -65.99282    0.00000    0.00000     132       1     mtd1
     266   5.886   -65.99282    0.00000    0.00000     133       1     mtd6
     267   5.887   -65.99282    0.00000    0.00000     134       2     mtd10
     268   5.887   -65.99282    0.00000                                mtd11
     269   5.888   -65.99282    0.00000    0.00000     135       1     mtd10
     270   5.895   -65.99281    0.00000    0.00000     136       4     mtd8
     271   5.895   -65.99281    0.00000                                mtd10
     272   5.892   -65.99282    0.00000                                mtd7
     273   5.896   -65.99281    0.00000                                mtd2
     274   5.898   -65.99281    0.00000    0.00000     137       1     mtd5
     275   5.899   -65.99280    0.00000    0.00000     138       1     mtd4
     276   5.901   -65.99280    0.00000    0.00000     139       1     mtd6
     277   5.899   -65.99280    0.00000    0.00000     140       1     mtd10
     278   5.903   -65.99280    0.00000    0.00000     141       3     mtd11
     279   5.904   -65.99280    0.00000                                mtd3
     280   5.904   -65.99280    0.00000                                mtd2
     281   5.894   -65.99281    0.00000    0.00000     142       1     mtd8
     282   5.905   -65.99279    0.00000    0.00000     143       1     mtd4
     283   5.906   -65.99279    0.00000    0.00000     144       1     mtd4
     284   5.907   -65.99279    0.00000    0.00000     145       1     mtd7
     285   5.907   -65.99279    0.00000    0.00000     146       3     mtd8
     286   5.908   -65.99279    0.00000                                mtd2
     287   5.908   -65.99279    0.00000                                mtd9
     288   5.908   -65.99279    0.00000    0.00000     147       2     mtd13
     289   5.911   -65.99279    0.00000                                mtd8
     290   5.913   -65.99278    0.00000    0.00000     148       1     mtd4
     291   5.914   -65.99278    0.00000    0.00000     149       1     mtd6
     292   5.915   -65.99278    0.00000    0.00000     150       1     mtd1
     293   5.916   -65.99278    0.00000    0.00000     151       1     mtd1
     294   5.900   -65.99280    0.00000    0.00000     152       2     mtd7
     295   5.905   -65.99279    0.00000                                mtd10
     296   5.916   -65.99278    0.00000    0.00000     153       2     mtd3
     297   5.916   -65.99278    0.00000                                mtd10
     298   5.895   -65.99281    0.00000    0.00000     154       2     mtd9
     299   5.916   -65.99278    0.00000                                mtd2
     300   5.913   -65.99278    0.00000    0.00000     155       1     mtd3
     301   5.917   -65.99278    0.00000    0.00000     156       1     mtd1
     302   5.917   -65.99277    0.00000    0.00000     157       1     mtd7
     303   5.917   -65.99277    0.00000    0.00000     158       1     mtd10
     304   5.918   -65.99277    0.00000    0.00000     159       1     mtd8
     305   5.919   -65.99277    0.00000    0.00000     160       1     mtd9
     306   5.906   -65.99279    0.00000    0.00000     161       1     mtd12
     307   5.921   -65.99277    0.00000    0.00000     162       2     mtd11
     308   5.922   -65.99277    0.00000                                mtd8
     309   5.922   -65.99277    0.00000    0.00000     163       1     mtd11
     310   5.874   -65.99284    0.00000    0.00000     164       2     mtd11
     311   5.925   -65.99276    0.00000                                mtd5
     312   5.918   -65.99277    0.00000    0.00000     165       2     mtd3
     313   5.925   -65.99276    0.00000                                mtd4
     314   5.923   -65.99277    0.00000    0.00000     166       3     mtd10
     315   5.926   -65.99276    0.00000                                mtd7
     316   5.927   -65.99276    0.00000                                mtd2
     317   5.917   -65.99277    0.00000    0.00000     167       1     mtd3
     318   5.924   -65.99276    0.00000    0.00000     168       3     mtd6
     319   5.927   -65.99276    0.00000                                mtd3
     320   5.921   -65.99277    0.00000                                mtd11
     321   5.927   -65.99276    0.00000    0.00000     169       1     mtd10
     322   5.927   -65.99276    0.00000    0.00000     170       3     mtd2
     323   5.929   -65.99276    0.00000                                mtd12
     324   5.930   -65.99275    0.00000                                mtd11
     325   5.930   -65.99275    0.00000    0.00000     171       1     mtd10
     326   5.931   -65.99275    0.00000    0.00000     172       1     mtd11
     327   5.922   -65.99277    0.00000    0.00000     173       1     mtd11
     328   5.931   -65.99275    0.00000    0.00000     174       1     mtd5
     329   5.907   -65.99279    0.00000    0.00000     175       1     mtd8
     330   5.931   -65.99275    0.00000    0.00000     176       2     mtd11
     331   5.913   -65.99278    0.00000                                mtd3
     332   5.932   -65.99275    0.00000    0.00000     177       1     mtd10
     333   5.932   -65.99275    0.00000    0.00000     178       1     mtd2
     334   5.932   -65.99275    0.00000    0.00000     179       1     mtd11
     335   5.933   -65.99275    0.00000    0.00000     180       1     mtd10
     336   5.933   -65.99275    0.00000    0.00000     181       1     mtd7
     337   5.934   -65.99275    0.00000    0.00000     182       1     mtd4
     338   5.929   -65.99276    0.00000    0.00000     183       1     mtd11
     339   5.934   -65.99275    0.00000    0.00000     184       3     mtd11
     340   5.934   -65.99275    0.00000                                mtd11
     341   5.934   -65.99275    0.00000                                mtd3
     342   5.934   -65.99275    0.00000    0.00000     185       2     mtd13
     343   5.936   -65.99275    0.00000                                mtd5
     344   5.937   -65.99274    0.00000    0.00000     186       2     mtd8
     345   5.937   -65.99274    0.00000                                mtd7
     346   5.937   -65.99274    0.00000    0.00000     187       1     mtd8
     347   5.933   -65.99275    0.00000    0.00000     188       1     mtd11
     348   5.937   -65.99274    0.00000    0.00000     189       2     mtd8
     349   5.937   -65.99274    0.00000                                mtd10
     350   5.938   -65.99274    0.00000    0.00000     190       2     mtd11
     351   5.938   -65.99274    0.00000                                mtd4
     352   5.925   -65.99276    0.00000    0.00000     191       1     mtd13
     353   5.939   -65.99274    0.00000    0.00000     192       2     mtd5
     354   5.940   -65.99274    0.00000                                mtd10
     355   5.935   -65.99275    0.00000    0.00000     193       1     mtd10
     356   5.940   -65.99274    0.00000    0.00000     194       1     mtd11
     357   5.940   -65.99274    0.00000    0.00000     195       1     mtd2
     358   5.940   -65.99274    0.00000    0.00000     196       2     mtd5
     359   5.940   -65.99274    0.00000                                mtd10
     360   5.940   -65.99274    0.00000    0.00000     197       1     mtd3
     361   5.941   -65.99274    0.00000    0.00000     198       3     mtd1
     362   5.941   -65.99274    0.00000                                mtd1
     363   5.939   -65.99274    0.00000                                mtd8
     364   5.941   -65.99274    0.00000    0.00000     199       1     mtd8
     365   5.942   -65.99274    0.00000    0.00000     200       2     mtd2
     366   5.938   -65.99274    0.00000                                mtd12
     367   5.942   -65.99274    0.00000    0.00000     201       2     mtd11
     368   5.942   -65.99274    0.00000                                mtd2
     369   5.942   -65.99273    0.00000    0.00000     202       1     mtd2
     370   5.942   -65.99273    0.00000    0.00000     203       1     mtd8
     371   5.942   -65.99273    0.00000    0.00000     204       2     mtd5
     372   5.942   -65.99273    0.00000                                mtd2
     373   5.941   -65.99274    0.00000    0.00000     205       1     mtd8
     374   5.942   -65.99273    0.00000    0.00000     206       3     mtd1
     375   5.939   -65.99274    0.00000                                mtd8
     376   5.937   -65.99274    0.00000                                mtd1
     377   5.942   -65.99274    0.00000    0.00000     207       2     mtd13
     378   5.942   -65.99273    0.00000                                mtd2
     379   5.943   -65.99273    0.00000    0.00000     208       1     mtd2
     380   5.910   -65.99279    0.00000    0.00000     209       2     mtd5
     381   5.943   -65.99273    0.00000                                mtd7
     382   5.943   -65.99273    0.00000    0.00000     210       1     mtd4
     383   5.943   -65.99273    0.00000    0.00000     211       1     mtd2
     384   5.941   -65.99274    0.00000    0.00000     212       1     mtd4
     385   5.943   -65.99273    0.00000    0.00000     213       1     mtd12
     386   5.942   -65.99274    0.00000    0.00000     214       2     mtd2
     387   5.942   -65.99273    0.00000                                mtd10
     388   5.926   -65.99276    0.00000    0.00000     215       3     mtd1
     389   5.943   -65.99273    0.00000                                mtd3
     390   5.943   -65.99273    0.00000                                mtd1
     391   5.944   -65.99273    0.00000    0.00000     216       1     mtd8
     392   5.944   -65.99273    0.00000    0.00000     217       2     mtd11
     393   5.943   -65.99273    0.00000                                mtd10
     394   5.944   -65.99273    0.00000    0.00000     218       2     mtd2
     395   5.944   -65.99273    0.00000                                mtd1
     396   5.943   -65.99273    0.00000    0.00000     219       2     mtd2
     397   5.944   -65.99273    0.00000                                mtd2
     398   5.933   -65.99275    0.00000    0.00000     220       2     mtd10
     399   5.944   -65.99273    0.00000                                mtd11
     400   5.936   -65.99274    0.00000    0.00000     221       1     mtd2
     401   5.944   -65.99273    0.00000    0.00000     222       1     mtd3
     402   5.944   -65.99273    0.00000    0.00000     223       2     mtd4
     403   5.943   -65.99273    0.00000                                mtd8
     404   5.944   -65.99273    0.00000    0.00000     224       1     mtd3
     405   5.944   -65.99273    0.00000    0.00000     225       3     mtd1
     406   5.944   -65.99273    0.00000                                mtd1
     407   5.942   -65.99273    0.00000                                mtd2
     408   5.944   -65.99273    0.00000    0.00000     226       2     mtd3
     409   5.945   -65.99273    0.00000                                mtd11
     410   5.940   -65.99274    0.00000    0.00000     227       3     mtd7
     411   5.943   -65.99273    0.00000                                mtd1
     412   5.945   -65.99273    0.00000                                mtd5
     413   5.944   -65.99273    0.00000    0.00000     228       1     mtd10
     414   5.945   -65.99273    0.00000    0.00000     229       1     mtd11
     415   5.945   -65.99273    0.00000    0.00000     230       3     mtd10
     416   5.945   -65.99273    0.00000                                mtd2
     417   5.945   -65.99273    0.00000                                mtd3
     418   5.945   -65.99273    0.00000    0.00000     231       1     mtd11
     419   5.945   -65.99273    0.00000    0.00000     232       1     mtd11
     420   5.945   -65.99273    0.00000    0.00000     233       2     mtd11
     421   5.945   -65.99273    0.00000                                mtd14
     422   5.945   -65.99273    0.00000    0.00000     234       2     mtd13
     423   5.945   -65.99273    0.00000                                mtd2
     424   5.945   -65.99273    0.00000    0.00000     235       3     mtd14
     425   5.945   -65.99273    0.00000                                mtd14
     426   5.945   -65.99273    0.00000                                mtd14
     427   5.946   -65.99273    0.00000    0.00000     236       1     mtd11
     428   5.946   -65.99273    0.00000    0.00000     237       1     mtd2
     429   5.946   -65.99273    0.00000    0.00000     238       2     mtd11
     430   5.946   -65.99273    0.00000                                mtd1
     431   5.945   -65.99273    0.00000    0.00000     239       4     mtd7
     432   5.946   -65.99273    0.00000                                mtd11
     433   5.946   -65.99273    0.00000                                mtd8
     434   5.946   -65.99273    0.00000                                mtd12
     435   5.946   -65.99273    0.00000    0.00000     240       1     mtd4
     436   5.946   -65.99273    0.00000    0.00000     241       2     mtd12
     437   5.946   -65.99273    0.00000                                mtd12
     438   5.946   -65.99273    0.00000    0.00000     242       1     mtd7
     439   5.946   -65.99273    0.00000    0.00000     243       2     mtd5
     440   5.944   -65.99273    0.00000                                mtd3
     441   5.946   -65.99273    0.00000    0.00000     244       2     mtd10
     442   5.946   -65.99273    0.00000                                mtd2
     443   5.946   -65.99273    0.00000    0.00000     245       2     mtd12
     444   5.946   -65.99273    0.00000                                mtd12
     445   5.945   -65.99273    0.00000    0.00000     246       5     mtd11
     446   5.947   -65.99273    0.00000                                mtd4
     447   5.945   -65.99273    0.00000                                mtd10
     448   5.942   -65.99274    0.00000                                mtd2
     449   5.947   -65.99273    0.00000                                mtd5
     450   5.945   -65.99273    0.00000    0.00000     247       1     mtd4
     451   5.947   -65.99273    0.00000    0.00000     248       1     mtd12
     452   5.947   -65.99273    0.00000    0.00000     249       1     mtd11
     453   5.947   -65.99273    0.00000    0.00000     250       2     mtd1
     454   5.947   -65.99273    0.00000                                mtd1
     455   5.946   -65.99273    0.00000    0.00000     251       1     mtd10
     456   5.947   -65.99273    0.00000    0.00000     252       1     mtd13
     457   5.947   -65.99273    0.00000    0.00000     253       1     mtd2
     458   5.947   -65.99273    0.00000    0.00000     254       2     mtd10
     459   5.947   -65.99273    0.00000                                mtd11
     460   5.947   -65.99273    0.00000    0.00000     255       1     mtd4
     461   5.947   -65.99273    0.00000    0.00000     256       2     mtd10
     462   5.945   -65.99273    0.00000                                mtd8
     463   5.947   -65.99273    0.00000    0.00000     257       1     mtd2
     464   5.946   -65.99273    0.00000    0.00000     258       2     mtd11
     465   5.947   -65.99273    0.00000                                mtd2
     466   5.947   -65.99273    0.00000    0.00000     259       1     mtd2
     467   5.947   -65.99273    0.00000    0.00000     260       3     mtd2
     468   5.947   -65.99273    0.00000                                mtd7
     469   5.947   -65.99273    0.00000                                mtd2
     470   5.945   -65.99273    0.00000    0.00000     261       1     mtd10
     471   5.946   -65.99273    0.00000    0.00000     262       3     mtd3
     472   5.947   -65.99273    0.00000                                mtd7
     473   5.947   -65.99273    0.00000                                mtd2
     474   5.947   -65.99273    0.00000    0.00000     263       1     mtd1
     475   5.947   -65.99273    0.00000    0.00000     264       3     mtd7
     476   5.947   -65.99273    0.00000                                mtd1
     477   5.947   -65.99273    0.00000                                mtd2
     478   5.947   -65.99273    0.00000    0.00000     265       1     mtd7
     479   5.920   -65.99277    0.00000    0.00000     266       5     mtd1
     480   5.947   -65.99273    0.00000                                mtd12
     481   5.946   -65.99273    0.00000                                mtd12
     482   5.946   -65.99273    0.00000                                mtd11
     483   5.947   -65.99273    0.00000                                mtd12
     484   5.947   -65.99273    0.00000    0.00000     267       1     mtd3
     485   5.947   -65.99273    0.00000    0.00000     268       5     mtd8
     486   5.947   -65.99273    0.00000                                mtd2
     487   5.946   -65.99273    0.00000                                mtd11
     488   5.947   -65.99273    0.00000                                mtd4
     489   5.947   -65.99273    0.00000                                mtd11
     490   5.947   -65.99273    0.00000    0.00000     269       2     mtd8
     491   5.948   -65.99273    0.00000                                mtd10
     492   5.948   -65.99273    0.00000    0.00000     270       1     mtd10
     493   5.948   -65.99273    0.00000    0.00000     271       3     mtd2
     494   5.948   -65.99273    0.00000                                mtd8
     495   5.947   -65.99273    0.00000                                mtd7
     496   5.948   -65.99273    0.00000    0.00000     272       3     mtd2
     497   5.947   -65.99273    0.00000                                mtd3
     498   5.948   -65.99273    0.00000                                mtd3
     499   5.947   -65.99273    0.00000    0.00000     273       1     mtd1
     500   5.948   -65.99273    0.00000    0.00000     274       2     mtd3
     501   5.948   -65.99273    0.00000                                mtd8
     502   5.948   -65.99273    0.00000    0.00000     275       5     mtd5
     503   5.947   -65.99273    0.00000                                mtd1
     504   5.948   -65.99273    0.00000                                mtd2
     505   5.948   -65.99273    0.00000                                mtd4
     506   5.947   -65.99273    0.00000                                mtd3
     507   5.947   -65.99273    0.00000    0.00000     276       2     mtd1
     508   5.943   -65.99273    0.00000                                mtd8
     509   5.947   -65.99273    0.00000    0.00000     277       1     mtd10
     510   5.948   -65.99273    0.00000    0.00000     278       3     mtd11
     511   5.948   -65.99273    0.00000                                mtd2
     512   5.947   -65.99273    0.00000                                mtd7
     513   5.948   -65.99273    0.00000    0.00000     279       2     mtd1
     514   5.947   -65.99273    0.00000                                mtd10
     515   5.948   -65.99273    0.00000    0.00000     280       4     mtd5
     516   5.948   -65.99273    0.00000                                mtd3
     517   5.948   -65.99273    0.00000                                mtd8
     518   5.948   -65.99273    0.00000                                mtd13
     519   5.948   -65.99273    0.00000    0.00000     281       3     mtd10
     520   5.948   -65.99273    0.00000                                mtd2
     521   5.948   -65.99273    0.00000                                mtd7
     522   5.948   -65.99273    0.00000    0.00000     282       1     mtd12
     523   5.947   -65.99273    0.00000    0.00000     283       1     mtd14
     524   5.947   -65.99273    0.00000    0.00000     284       1     mtd8
     525   5.948   -65.99273    0.00000    0.00000     285       1     mtd1
     526   5.947   -65.99273    0.00000    0.00000     286       2     mtd2
     527   5.948   -65.99273    0.00000                                mtd8
     528   5.948   -65.99273    0.00000    0.00000     287       1     mtd8
     529   5.947   -65.99273    0.00000    0.00000     288       1     mtd11
     530   5.948   -65.99273    0.00000    0.00000     289       1     mtd2
     531   5.948   -65.99273    0.00000    0.00000     290       2     mtd10
     532   5.948   -65.99273    0.00000                                mtd7
     533   5.946   -65.99273    0.00000    0.00000     291       2     mtd14
     534   5.948   -65.99273    0.00000                                mtd2
     535   5.948   -65.99273    0.00000    0.00000     292       2     mtd2
     536   5.948   -65.99273    0.00000                                mtd12
     537   5.948   -65.99273    0.00000    0.00000     293       1     mtd5
     538   5.948   -65.99273    0.00000    0.00000     294       1     mtd10
     539   5.948   -65.99273    0.00000    0.00000     295       3     mtd2
     540   5.948   -65.99273    0.00000                                mtd11
     541   5.948   -65.99273    0.00000                                mtd2
     542   5.948   -65.99273    0.00000    0.00000     296       1     mtd4
     543   5.948   -65.99273    0.00000    0.00000     297       1     mtd2
     544   5.947   -65.99273    0.00000    0.00000     298       3     mtd1
     545   5.948   -65.99273    0.00000                                mtd7
     546   5.947   -65.99273    0.00000                                mtd2
     547   5.947   -65.99273    0.00000    0.00000     299       2     mtd5
     548   5.948   -65.99273    0.00000                                mtd11
     549   5.948   -65.99273    0.00000    0.00000     300       4     mtd2
     550   5.948   -65.99273    0.00000                                mtd4
     551   5.948   -65.99273    0.00000                                mtd12
     552   5.948   -65.99273    0.00000                                mtd7
     553   5.948   -65.99273    0.00000    0.00000     301       1     mtd13
     554   5.948   -65.99273    0.00000    0.00000     302       1     mtd14
     555   5.948   -65.99273    0.00000    0.00000     303       2     mtd2
     556   5.948   -65.99273    0.00000                                mtd7
     557   5.948   -65.99273    0.00000    0.00000     304       3     mtd2
     558   5.948   -65.99273    0.00000                                mtd14
     559   5.948   -65.99273    0.00000                                mtd4
     560   5.948   -65.99273    0.00000    0.00000     305       1     mtd13
     561   5.948   -65.99273    0.00000    0.00000     306       1     mtd4
     562   5.948   -65.99273    0.00000    0.00000     307       3     mtd7
     563   5.948   -65.99273    0.00000                                mtd13
     564   5.948   -65.99273    0.00000                                mtd14
     565   5.948   -65.99273    0.00000    0.00000     308       2     mtd10
     566   5.948   -65.99273    0.00000                                mtd13
     567   5.947   -65.99273    0.00000    0.00000     309       1     mtd5
     568   5.948   -65.99273    0.00000    0.00000     310       2     mtd14
     569   5.948   -65.99273    0.00000                                mtd3
     570   5.948   -65.99272    0.00000    0.00000     311       2     mtd1
     571   5.948   -65.99273    0.00000                                mtd2
     572   5.948   -65.99273    0.00000    0.00000     312       1     mtd2
     573   5.948   -65.99272    0.00000    0.00000     313       1     mtd10
     574   5.948   -65.99272    0.00000    0.00000     314       4     mtd14
     575   5.948   -65.99272    0.00000                                mtd2
     576   5.948   -65.99273    0.00000                                mtd1
     577   5.948   -65.99272    0.00000                                mtd2
     578   5.948   -65.99272    0.00000    0.00000     315       2     mtd2
     579   5.948   -65.99272    0.00000                                mtd2
     580   5.948   -65.99272    0.00000    0.00000     316       1     mtd7
     581   5.948   -65.99272    0.00000    0.00000     317       5     mtd2
     582   5.948   -65.99272    0.00000                                mtd11
     583   5.948   -65.99273    0.00000                                mtd11
     584   5.948   -65.99273    0.00000                                mtd5
     585   5.948   -65.99273    0.00000                                mtd14
     586   5.948   -65.99273    0.00000    0.00000     318       2     mtd7
     587   5.948   -65.99272    0.00000                                mtd13
     588   5.948   -65.99272    0.00000    0.00000     319       1     mtd2
     589   5.948   -65.99272    0.00000    0.00000     320       1     mtd13
     590   5.948   -65.99272    0.00000    0.00000     321       1     mtd7
     591   5.947   -65.99273    0.00000    0.00000     322       1     mtd10
     592   5.948   -65.99272    0.00000    0.00000     323       1     mtd2
     593   5.948   -65.99272    0.00000    0.00000     324       1     mtd5
     594   5.948   -65.99272    0.00000    0.00000     325       1     mtd14
     595   5.948   -65.99272    0.00000    0.00000     326       1     mtd10
     596   5.948   -65.99272    0.00000    0.00000     327       2     mtd5
     597   5.948   -65.99272    0.00000                                mtd5
     598   5.948   -65.99272    0.00000    0.00000     328       2     mtd12
     599   5.948   -65.99272    0.00000                                mtd4
     600   5.948   -65.99273    0.00000    0.00000     329       1     mtd10
     601   5.948   -65.99272    0.00000    0.00000     330       1     mtd11
     602   5.949   -65.99272    0.00000    0.00000     331       1     mtd4
     603   5.949   -65.99272    0.00000    0.00000     332       2     mtd2
     604   5.948   -65.99273    0.00000                                mtd5
     605   5.949   -65.99272    0.00000    0.00000     333       1     mtd5
     606   5.949   -65.99272    0.00000    0.00000     334       1     mtd12
     607   5.948   -65.99273    0.00000    0.00000     335       3     mtd2
     608   5.948   -65.99272    0.00000                                mtd14
     609   5.949   -65.99272    0.00000                                mtd12
     610   5.949   -65.99272    0.00000    0.00000     336       1     mtd13
     611   5.948   -65.99272    0.00000    0.00000     337       1     mtd11
     612   5.948   -65.99272    0.00000    0.00000     338       2     mtd13
     613   5.949   -65.99272    0.00000                                mtd7
     614   5.948   -65.99273    0.00000    0.00000     339       1     mtd11
     615   5.949   -65.99272    0.00000    0.00000     340       1     mtd5
     616   5.949   -65.99272    0.00000    0.00000     341       1     mtd12
     617   5.949   -65.99272    0.00000    0.00000     342       1     mtd4
     618   5.949   -65.99272    0.00000    0.00000     343       2     mtd10
     619   5.949   -65.99272    0.00000                                mtd13
     620   5.948   -65.99272    0.00000    0.00000     344       1     mtd2
     621   5.948   -65.99273    0.00000    0.00000     345       1     mtd13
     622   5.949   -65.99272    0.00000    0.00000     346       4     mtd10
     623   5.949   -65.99272    0.00000                                mtd10
     624   5.949   -65.99272    0.00000                                mtd12
     625   5.949   -65.99272    0.00000                                mtd5
     626   5.949   -65.99272    0.00000    0.00000     347       1     mtd2
     627   5.949   -65.99272    0.00000    0.00000     348       1     mtd5
     628   5.949   -65.99272    0.00000    0.00000     349       3     mtd10
     629   5.949   -65.99272    0.00000                                mtd14
     630   5.949   -65.99272    0.00000                                mtd5
     631   5.949   -65.99272    0.00000    0.00000     350       2     mtd12
     632   5.949   -65.99272    0.00000                                mtd14
     633   5.949   -65.99272    0.00000    0.00000     351       1     mtd7
     634   5.949   -65.99272    0.00000    0.00000     352       3     mtd5
     635   5.949   -65.99272    0.00000                                mtd2
     636   5.949   -65.99272    0.00000                                mtd2
     637   5.949   -65.99272    0.00000    0.00000     353       1     mtd14
     638   5.949   -65.99272    0.00000    0.00000     354       1     mtd12
     639   5.949   -65.99272    0.00000    0.00000     355       2     mtd2
     640   5.948   -65.99273    0.00000                                mtd14
     641   5.949   -65.99272    0.00000    0.00000     356       1     mtd14
     642   5.949   -65.99272    0.00000    0.00000     357       2     mtd4
     643   5.949   -65.99272    0.00000                                mtd14
     644   5.949   -65.99272    0.00000    0.00000     358       2     mtd7
     645   5.948   -65.99273    0.00000                                mtd14
     646   5.949   -65.99272    0.00000    0.00000     359       2     mtd12
     647   5.949   -65.99272    0.00000                                mtd13
     648   5.949   -65.99272    0.00000    0.00000     360       2     mtd5
     649   5.949   -65.99272    0.00000                                mtd7
     650   5.949   -65.99272    0.00000    0.00000     361       1     mtd4
     651   5.949   -65.99272    0.00000    0.00000     362       1     mtd10
     652   5.949   -65.99272    0.00000    0.00000     363       2     mtd11
     653   5.949   -65.99272    0.00000                                mtd14
     654   5.949   -65.99272    0.00000    0.00000     364       1     mtd10
     655   5.949   -65.99272    0.00000    0.00000     365       2     mtd7
     656   5.949   -65.99272    0.00000                                mtd2
     657   5.949   -65.99272    0.00000    0.00000     366       3     mtd4
     658   5.949   -65.99272    0.00000                                mtd10
     659   5.949   -65.99272    0.00000                                mtd11
     660   5.949   -65.99272    0.00000    0.00000     367       1     mtd5
     661   5.949   -65.99272    0.00000    0.00000     368       1     mtd11
     662   5.949   -65.99272    0.00000    0.00000     369       4     mtd11
     663   5.948   -65.99272    0.00000                                mtd12
     664   5.948   -65.99273    0.00000                                mtd11
     665   5.949   -65.99272    0.00000                                mtd2
     666   5.949   -65.99272    0.00000    0.00000     370       2     mtd4
     667   5.949   -65.99272    0.00000                                mtd12
     668   5.949   -65.99272    0.00000    0.00000     371       2     mtd11
     669   5.949   -65.99272    0.00000                                mtd10
     670   5.949   -65.99272    0.00000    0.00000     372       1     mtd12
     671   5.949   -65.99272    0.00000    0.00000     373       1     mtd10
     672   5.949   -65.99272    0.00000    0.00000     374       1     mtd12
     673   5.949   -65.99272    0.00000    0.00000     375       2     mtd2
     674   5.949   -65.99272    0.00000                                mtd12
     675   5.949   -65.99272    0.00000    0.00000     376       1     mtd7
     676   5.949   -65.99272    0.00000    0.00000     377       2     mtd4
     677   5.949   -65.99272    0.00000                                mtd5
     678   5.949   -65.99272    0.00000    0.00000     378       1     mtd7
     679   5.949   -65.99272    0.00000    0.00000     379       1     mtd4
     680   5.949   -65.99272    0.00000    0.00000     380       1     mtd4
     681   5.949   -65.99272    0.00000    0.00000     381       2     mtd7
     682   5.949   -65.99272    0.00000                                mtd11
     683   5.949   -65.99272    0.00000    0.00000     382       2     mtd2
     684   5.948   -65.99273    0.00000                                mtd4
     685   5.949   -65.99272    0.00000    0.00000     383       1     mtd10
     686   5.949   -65.99272    0.00000    0.00000     384       1     mtd10
     687   5.949   -65.99272    0.00000    0.00000     385       1     mtd5
     688   5.949   -65.99272    0.00000    0.00000     386       2     mtd10
     689   5.949   -65.99272    0.00000                                mtd7
     690   5.949   -65.99272    0.00000    0.00000     387       2     mtd4
     691   5.949   -65.99272    0.00000                                mtd14
     692   5.949   -65.99272    0.00000    0.00000     388       1     mtd14
     693   5.949   -65.99272    0.00000    0.00000     389       2     mtd7
     694   5.949   -65.99272    0.00000                                mtd5
     695   5.949   -65.99272    0.00000    0.00000     390       1     mtd10
     696   5.949   -65.99272    0.00000    0.00000     391       1     mtd4
     697   5.949   -65.99272    0.00000    0.00000     392       1     mtd10
     698   5.949   -65.99272    0.00000    0.00000     393       1     mtd10
     699   5.949   -65.99272    0.00000    0.00000     394       1     mtd12
     700   5.949   -65.99272    0.00000    0.00000     395       1     mtd5
     701   5.949   -65.99272    0.00000    0.00000     396       1     mtd12
     702   5.949   -65.99272    0.00000    0.00000     397       2     mtd12
     703   5.949   -65.99272    0.00000                                mtd4
     704   5.949   -65.99272    0.00000    0.00000     398       1     mtd10
     705   5.949   -65.99272    0.00000    0.00000     399       1     mtd10
     706   5.949   -65.99272    0.00000    0.00000     400       1     mtd12
     707   5.949   -65.99272    0.00000    0.00000     401       1     mtd10
     708   5.949   -65.99272    0.00000    0.00000     402       1     mtd4
     709   5.949   -65.99272    0.00000    0.00000     403       1     mtd7
     710   5.949   -65.99272    0.00000    0.00000     404       1     mtd4
     711   5.949   -65.99272    0.00000    0.00000     405       1     mtd12
     712   5.949   -65.99272    0.00000    0.00000     406       2     mtd11
     713   5.949   -65.99272    0.00000                                mtd10
     714   5.949   -65.99272    0.00000    0.00000     407       1     mtd10
     715   5.949   -65.99272    0.00000    0.00000     408       1     mtd10
     716   5.949   -65.99272    0.00000    0.00000     409       1     mtd10
     717   5.948   -65.99272    0.00000    0.00000     410       1     mtd10
     718   5.949   -65.99272    0.00000    0.00000     411       1     mtd10
     719   5.949   -65.99272    0.00000    0.00000     412       1     mtd10
     720   5.949   -65.99272    0.00000    0.00000     413       1     mtd4
     721   5.949   -65.99272    0.00000    0.00000     414       1     mtd5
     722   5.949   -65.99272    0.00000    0.00000     415       2     mtd4
     723   5.949   -65.99272    0.00000                                mtd4
     724   5.949   -65.99272    0.00000    0.00000     416       1     mtd10
     725   5.949   -65.99272    0.00000    0.00000     417       1     mtd4
     726   5.949   -65.99272    0.00000    0.00000     418       1     mtd12
     727   5.949   -65.99272    0.00000    0.00000     419       1     mtd12
     728   5.949   -65.99272    0.00000    0.00000     420       2     mtd4
     729   5.949   -65.99272    0.00000                                mtd10
     730   5.949   -65.99272    0.00000    0.00000     421       1     mtd7
     731   5.949   -65.99272    0.00000    0.00000     422       1     mtd11
     732   5.949   -65.99272    0.00000    0.00000     423       1     mtd4
     733   5.949   -65.99272    0.00000    0.00000     424       1     mtd5
     734   5.949   -65.99272    0.00000    0.00000     425       1     mtd13
T /K                                  :   298.15
E lowest                              :   -66.00220
ensemble average energy (kcal)        :    0.596
ensemble entropy (J/mol K, cal/mol K) :   42.081   10.058
ensemble free energy (kcal/mol)       :   -2.999
population of lowest in %             :    8.605
 number of unique conformers for further calc          425
 list of relative energies saved as "crest.energies"

 -----------------
 Wall Time Summary
 -----------------
             test MD wall time :         0h : 0m :16s
                 MTD wall time :         0h :32m :43s
      multilevel OPT wall time :         1h :32m : 5s
                  MD wall time :         0h :26m :14s
                  GC wall time :         0h : 1m :57s
--------------------
Overall wall time  : 2h :47m :18s

 CREST terminated normally.
