****************************************************************
  Sure Independence Screening and Sparsifying Operator (SISSO)  
             Version SISSO.3.3, July, 2023.                
****************************************************************

Read in data from train.dat
Read in data from SISSO.in
Property type:     1
Number of tasks:        1
Descriptor dimension:        2
Number of samples for the task(s):     36
Restarts :  0
Number of scalar features:       19
Tier of the feature space:        3
Maximal feature complexity (number of operators in a feature):        6
Unit of input primary feature, each represented by a row vector: 
    1.00
    1.00
    1.00
    1.00
    1.00
    1.00
    1.00
    1.00
    1.00
    1.00
    1.00
    1.00
    1.00
    1.00
    1.00
    1.00
    1.00
    1.00
    1.00
The feature will be discarded if the minimum of the maximal abs. value in it <    0.10000E-02
The faature will be discarded if the maximum of the maximal abs. value in it >     0.10000E+06
Size of the SIS-selected (single) subspace :  10000 10000
Operators for feature construction: (+)(-)(*) (+)(-)(*) (+)(-)(*) 
Method for sparse regression:  L0        
Fitting intercept:      T
Metric for model selection: RMSE
Number of the top-ranked models to output:      100
--------------------------------------------------------------------------------

Dimension:   1
-------------------
Feature Construction (FC) starts ...
Population Standard Deviation (SD) of the task 001:   22.97398
Total number of features in the space phi00:             19
Total number of features in the space phi01:            626
Total number of features in the space phi02:         182784
Total number of features in the space phi03:     4288411719
Size of the SIS-selected subspace from phi03:      10000
Time (second) used for this FC:          788.99

Descriptor Identification (DI) starts ...
Total number of SIS-selected features from all dimensions:      10000
 
  1D descriptor: 
     d001 = (((feature1-feature14)*(feature11-feature13))-(feature19*(feature1-feature18)))    feature_ID:000001

  1D model(y=sum(ci*di)+c0): 
     coeff.(ci)_task001:    -0.3978453498E+02
             c0_task001:     0.5254364977E+02
     RMSE,MaxAE_task001:     0.1093992598E+02    0.2905505443E+02

     RMSE and MaxAE of the model:  10.939926 29.055054
--------------------------------------------------------------------------------
Time (second) used for this DI:            0.20

Dimension:   2
-------------------
Feature Construction (FC) starts ...
Total number of features in the space phi00:             19
Total number of features in the space phi01:            626
Total number of features in the space phi02:         182784
Total number of features in the space phi03:     4288411719
Size of the SIS-selected subspace from phi03:      10000
Time (second) used for this FC:          808.70

Descriptor Identification (DI) starts ...
Total number of SIS-selected features from all dimensions:      20000
 
Final model/descriptor !
================================================================================
  2D descriptor: 
     d001 = (((feature11+feature14)+(feature11-feature17))-((feature13+feature19)-feature14))    feature_ID:003287
     d002 = (((feature1+feature18)-feature17)*((feature11-feature17)-(feature5-feature9)))    feature_ID:010316

  2D model(y=sum(ci*di)+c0): 
     coeff.(ci)_task001:     0.1955080583E+02   -0.1682143809E+03
             c0_task001:     0.2168661741E+02
     RMSE,MaxAE_task001:     0.8311286902E+01    0.2426054003E+02

     RMSE and MaxAE of the model:   8.311287 24.260540
================================================================================
Time (second) used for this DI:           25.48
Total time (second):         1624.34
Have a nice day !    

