****************************************************************
  Sure Independence Screening and Sparsifying Operator (SISSO)  
             Version SISSO.3.3, July, 2023.                
****************************************************************

Read in data from train.dat
Read in data from SISSO.in
Property type:     1
Number of tasks:        1
Descriptor dimension:        2
Number of samples for the task(s):     36
Restarts :  0
Number of scalar features:       20
Tier of the feature space:        3
Maximal feature complexity (number of operators in a feature):        6
Unit of input primary feature, each represented by a row vector: 
    1.00
    1.00
    1.00
    1.00
    1.00
    1.00
    1.00
    1.00
    1.00
    1.00
    1.00
    1.00
    1.00
    1.00
    1.00
    1.00
    1.00
    1.00
    1.00
    1.00
The feature will be discarded if the minimum of the maximal abs. value in it <    0.10000E-02
The faature will be discarded if the maximum of the maximal abs. value in it >     0.10000E+06
Size of the SIS-selected (single) subspace :  10000 10000
Operators for feature construction: (+)(-)(*) (+)(-)(*) (+)(-)(*) 
Method for sparse regression:  L0        
Fitting intercept:      T
Metric for model selection: RMSE
Number of the top-ranked models to output:      100
--------------------------------------------------------------------------------

Dimension:   1
-------------------
Feature Construction (FC) starts ...
Population Standard Deviation (SD) of the task 001:   98.87521
Total number of features in the space phi00:             20
Total number of features in the space phi01:            707
Total number of features in the space phi02:         254794
Total number of features in the space phi03:     7419903468
Size of the SIS-selected subspace from phi03:      10000
Time (second) used for this FC:         1345.98

Descriptor Identification (DI) starts ...
Total number of SIS-selected features from all dimensions:      10000
 
  1D descriptor: 
     d001 = ((feature18*(feature10-feature18))+((feature16-feature2)*(feature14-feature19)))    feature_ID:000001

  1D model(y=sum(ci*di)+c0): 
     coeff.(ci)_task001:     0.2997533349E+03
             c0_task001:     0.3221301338E+03
     RMSE,MaxAE_task001:     0.3746530929E+02    0.7660469581E+02

     RMSE and MaxAE of the model:  37.465309 76.604696
--------------------------------------------------------------------------------
Time (second) used for this DI:            0.13

Dimension:   2
-------------------
Feature Construction (FC) starts ...
Total number of features in the space phi00:             20
Total number of features in the space phi01:            707
Total number of features in the space phi02:         254794
Total number of features in the space phi03:     7419903468
Size of the SIS-selected subspace from phi03:      10000
Time (second) used for this FC:         1346.08

Descriptor Identification (DI) starts ...
Total number of SIS-selected features from all dimensions:      20000
 
Final model/descriptor !
================================================================================
  2D descriptor: 
     d001 = (((feature18-feature3)*(feature10-feature18))-(feature16*(feature19-feature14)))    feature_ID:000002
     d002 = (((feature1+feature2)-feature18)*((feature11+feature20)-(feature7+feature17)))    feature_ID:011557

  2D model(y=sum(ci*di)+c0): 
     coeff.(ci)_task001:     0.2832867881E+03   -0.1278507251E+03
             c0_task001:     0.3133451352E+03
     RMSE,MaxAE_task001:     0.2778856241E+02    0.7601326226E+02

     RMSE and MaxAE of the model:  27.788562 76.013262
================================================================================
Time (second) used for this DI:           25.49
Total time (second):         2718.68
Have a nice day !    

