****************************************************************
  Sure Independence Screening and Sparsifying Operator (SISSO)  
             Version SISSO.3.3, July, 2023.                
****************************************************************

Read in data from train.dat
Read in data from SISSO.in
Property type:     1
Number of tasks:        1
Descriptor dimension:        2
Number of samples for the task(s):     36
Restarts :  0
Number of scalar features:       19
Tier of the feature space:        3
Maximal feature complexity (number of operators in a feature):        6
Unit of input primary feature, each represented by a row vector: 
    1.00
    1.00
    1.00
    1.00
    1.00
    1.00
    1.00
    1.00
    1.00
    1.00
    1.00
    1.00
    1.00
    1.00
    1.00
    1.00
    1.00
    1.00
    1.00
The feature will be discarded if the minimum of the maximal abs. value in it <    0.10000E-02
The faature will be discarded if the maximum of the maximal abs. value in it >     0.10000E+06
Size of the SIS-selected (single) subspace :  10000 10000
Operators for feature construction: (+)(-)(*) (+)(-)(*) (+)(-)(*) 
Method for sparse regression:  L0        
Fitting intercept:      T
Metric for model selection: RMSE
Number of the top-ranked models to output:      100
--------------------------------------------------------------------------------

Dimension:   1
-------------------
Feature Construction (FC) starts ...
Population Standard Deviation (SD) of the task 001:   21.86658
Total number of features in the space phi00:             19
Total number of features in the space phi01:            625
Total number of features in the space phi02:         180120
Total number of features in the space phi03:     4206673528
Size of the SIS-selected subspace from phi03:      10000
Time (second) used for this FC:          831.24

Descriptor Identification (DI) starts ...
Total number of SIS-selected features from all dimensions:      10000
 
  1D descriptor: 
     d001 = (((feature11*feature13)-(feature15*feature17))-(feature18*(feature18-feature4)))    feature_ID:000001

  1D model(y=sum(ci*di)+c0): 
     coeff.(ci)_task001:     0.3673981446E+02
             c0_task001:     0.4547587459E+02
     RMSE,MaxAE_task001:     0.1114344930E+02    0.2556778640E+02

     RMSE and MaxAE of the model:  11.143449 25.567786
--------------------------------------------------------------------------------
Time (second) used for this DI:            2.22

Dimension:   2
-------------------
Feature Construction (FC) starts ...
Total number of features in the space phi00:             19
Total number of features in the space phi01:            625
Total number of features in the space phi02:         180120
Total number of features in the space phi03:     4206673528
Size of the SIS-selected subspace from phi03:      10000
Time (second) used for this FC:          852.98

Descriptor Identification (DI) starts ...
Total number of SIS-selected features from all dimensions:      20000
 
Final model/descriptor !
================================================================================
  2D descriptor: 
     d001 = (((feature7+feature14)*(feature13-feature15))-(feature17*(feature18-feature4)))    feature_ID:003986
     d002 = ((feature13*(feature12-feature5))*((feature12+feature18)-(feature3+feature16)))    feature_ID:012655

  2D model(y=sum(ci*di)+c0): 
     coeff.(ci)_task001:     0.4580118384E+02   -0.1640424925E+03
             c0_task001:     0.5224168485E+02
     RMSE,MaxAE_task001:     0.8598404061E+01    0.2242140532E+02

     RMSE and MaxAE of the model:   8.598404 22.421405
================================================================================
Time (second) used for this DI:           25.47
Total time (second):         1739.27
Have a nice day !    

