****************************************************************
  Sure Independence Screening and Sparsifying Operator (SISSO)  
             Version SISSO.3.3, July, 2023.                
****************************************************************

Read in data from train.dat
Read in data from SISSO.in
Property type:     1
Number of tasks:        1
Descriptor dimension:        2
Number of samples for the task(s):     36
Restarts :  0
Number of scalar features:       17
Tier of the feature space:        3
Maximal feature complexity (number of operators in a feature):        6
Unit of input primary feature, each represented by a row vector: 
    1.00
    1.00
    1.00
    1.00
    1.00
    1.00
    1.00
    1.00
    1.00
    1.00
    1.00
    1.00
    1.00
    1.00
    1.00
    1.00
    1.00
The feature will be discarded if the minimum of the maximal abs. value in it <    0.10000E-02
The faature will be discarded if the maximum of the maximal abs. value in it >     0.10000E+06
Size of the SIS-selected (single) subspace :  10000 10000
Operators for feature construction: (+)(-)(*) (+)(-)(*) (+)(-)(*) 
Method for sparse regression:  L0        
Fitting intercept:      T
Metric for model selection: RMSE
Number of the top-ranked models to output:      100
--------------------------------------------------------------------------------

Dimension:   1
-------------------
Feature Construction (FC) starts ...
Population Standard Deviation (SD) of the task 001:   22.63888
Total number of features in the space phi00:             17
Total number of features in the space phi01:            507
Total number of features in the space phi02:         127199
Total number of features in the space phi03:     2229734356
Size of the SIS-selected subspace from phi03:      10000
Time (second) used for this FC:          408.92

Descriptor Identification (DI) starts ...
Total number of SIS-selected features from all dimensions:      10000
 
  1D descriptor: 
     d001 = ((feature16*(feature5+feature16))+((feature1-feature14)*(feature9-feature15)))    feature_ID:000001

  1D model(y=sum(ci*di)+c0): 
     coeff.(ci)_task001:    -0.4214469912E+02
             c0_task001:     0.5995099327E+02
     RMSE,MaxAE_task001:     0.1064503417E+02    0.2948450862E+02

     RMSE and MaxAE of the model:  10.645034 29.484509
--------------------------------------------------------------------------------
Time (second) used for this DI:            0.11

Dimension:   2
-------------------
Feature Construction (FC) starts ...
Total number of features in the space phi00:             17
Total number of features in the space phi01:            507
Total number of features in the space phi02:         127199
Total number of features in the space phi03:     2229734356
Size of the SIS-selected subspace from phi03:      10000
Time (second) used for this FC:          408.82

Descriptor Identification (DI) starts ...
Total number of SIS-selected features from all dimensions:      20000
 
Final model/descriptor !
================================================================================
  2D descriptor: 
     d001 = (((feature14+feature16)*(feature15+feature16))-(feature9*(feature16-feature1)))    feature_ID:003690
     d002 = ((feature11*(feature13*feature16))*((feature10*feature13)-(feature12*feature16)))    feature_ID:010369

  2D model(y=sum(ci*di)+c0): 
     coeff.(ci)_task001:    -0.3315802370E+02   -0.4252727219E+03
             c0_task001:     0.8669301401E+02
     RMSE,MaxAE_task001:     0.8229938398E+01    0.3327023178E+02

     RMSE and MaxAE of the model:   8.229938 33.270232
================================================================================
Time (second) used for this DI:           25.61
Total time (second):          844.19
Have a nice day !    

