****************************************************************
  Sure Independence Screening and Sparsifying Operator (SISSO)  
             Version SISSO.3.3, July, 2023.                
****************************************************************

Read in data from train.dat
Read in data from SISSO.in
Property type:     1
Number of tasks:        1
Descriptor dimension:        2
Number of samples for the task(s):     22
Restarts :  0
Number of scalar features:       18
Tier of the feature space:        3
Maximal feature complexity (number of operators in a feature):        6
Unit of input primary feature, each represented by a row vector: 
    1.00
    1.00
    1.00
    1.00
    1.00
    1.00
    1.00
    1.00
    1.00
    1.00
    1.00
    1.00
    1.00
    1.00
    1.00
    1.00
    1.00
    1.00
The feature will be discarded if the minimum of the maximal abs. value in it <    0.10000E-02
The faature will be discarded if the maximum of the maximal abs. value in it >     0.10000E+06
Size of the SIS-selected (single) subspace :  10000 10000
Operators for feature construction: (+)(-)(*) (+)(-)(*) (+)(-)(*) 
Method for sparse regression:  L0        
Fitting intercept:      T
Metric for model selection: RMSE
Number of the top-ranked models to output:      100
--------------------------------------------------------------------------------

Dimension:   1
-------------------
Feature Construction (FC) starts ...
Population Standard Deviation (SD) of the task 001:   11.86745
Total number of features in the space phi00:             18
Total number of features in the space phi01:            558
Total number of features in the space phi02:         154120
Total number of features in the space phi03:     3137734716
Size of the SIS-selected subspace from phi03:      10000
Time (second) used for this FC:          489.44

Descriptor Identification (DI) starts ...
Total number of SIS-selected features from all dimensions:      10000
 
  1D descriptor: 
     d001 = ((feature9*(feature7+feature12))+((feature17-feature9)*(feature18-feature17)))    feature_ID:000001

  1D model(y=sum(ci*di)+c0): 
     coeff.(ci)_task001:     0.4669382632E+02
             c0_task001:    -0.2867291751E+01
     RMSE,MaxAE_task001:     0.5106144570E+01    0.1099260379E+02

     RMSE and MaxAE of the model:   5.106145 10.992604
--------------------------------------------------------------------------------
Time (second) used for this DI:            0.42

Dimension:   2
-------------------
Feature Construction (FC) starts ...
Total number of features in the space phi00:             18
Total number of features in the space phi01:            558
Total number of features in the space phi02:         154120
Total number of features in the space phi03:     3137734716
Size of the SIS-selected subspace from phi03:      10000
Time (second) used for this FC:          488.67

Descriptor Identification (DI) starts ...
Total number of SIS-selected features from all dimensions:      20000
 
Final model/descriptor !
================================================================================
  2D descriptor: 
     d001 = (((feature14-feature13)-feature9)*((feature1+feature18)-(feature12+feature17)))    feature_ID:000037
     d002 = (((feature12+feature15)-feature14)*((feature10-feature11)*(feature11-feature17)))    feature_ID:007262

  2D model(y=sum(ci*di)+c0): 
     coeff.(ci)_task001:     0.2025371159E+02   -0.8243245818E+02
             c0_task001:     0.3888074228E+01
     RMSE,MaxAE_task001:     0.2524789010E+01    0.7468059543E+01

     RMSE and MaxAE of the model:   2.524789  7.468060
================================================================================
Time (second) used for this DI:           19.16
Total time (second):         1002.54
Have a nice day !    

