
       ==============================================
       |                                            |
       |                 C R E S T                  |
       |                                            |
       |  Conformer-Rotamer Ensemble Sampling Tool  |
       |          based on the GFN methods          |
       |             P.Pracht, S.Grimme             |
       |          Universitaet Bonn, MCTC           |
       ==============================================
       Version 2.12,   Thu 19. Mai 16:32:32 CEST 2022
  Using the xTB program. Compatible with xTB version 6.4.0

   Cite work conducted with this code as

   • P.Pracht, F.Bohle, S.Grimme, PCCP, 2020, 22, 7169-7192.
   • S.Grimme, JCTC, 2019, 15, 2847-2862.

   and for works involving QCG as

   • S.Spicher, C.Plett, P.Pracht, A.Hansen, S.Grimme,
     JCTC, 2022, 18 (5), 3174-3189.

   with help from:
   C.Bannwarth, F.Bohle, S.Ehlert, S.Grimme,
   C.Plett, P.Pracht, S.Spicher

   This program is distributed in the hope that it will be useful,
   but WITHOUT ANY WARRANTY; without even the implied warranty of
   MERCHANTABILITY or FITNESS FOR A PARTICULAR PURPOSE.

 Command line input:
 > crest out.xyz --gfn 2 --chrg 0 -T 1

  -gfn2 : Use of GFN2-xTB requested.
  --chrg 0
  -T 1 (CPUs/Threads selected)

 -------------------------
 xTB Geometry Optimization
 -------------------------
 Geometry successfully optimized.

------------------------------------------------
Generating MTD length from a flexibility measure
------------------------------------------------
 Calculating WBOs... done.
 Calculating NCI flexibility... done.
     covalent flexibility measure :   0.459
 non-covalent flexibility measure :   0.561
 flexibility measure :   0.420
 t(MTD) / ps    :    11.0
 Σ(t(MTD)) / ps :   154.0 (14 MTDs)

-------------------------------------
Starting a trial MTD to test settings
-------------------------------------
 Estimated runtime for one MTD (11.0 ps) on a single thread: 1 h 29 min 56 sec
 Estimated runtime for a batch of 14 MTDs on 1 threads: 20 h 59 min 6 sec

 list of Vbias parameters applied:
$metadyn    0.00300   1.300
$metadyn    0.00150   1.300
$metadyn    0.00075   1.300
$metadyn    0.00300   0.780
$metadyn    0.00150   0.780
$metadyn    0.00075   0.780
$metadyn    0.00300   0.468
$metadyn    0.00150   0.468
$metadyn    0.00075   0.468
$metadyn    0.00300   0.281
$metadyn    0.00150   0.281
$metadyn    0.00075   0.281
$metadyn    0.00100   0.100
$metadyn    0.00500   0.800

*******************************************************************************************
**                        N E W    I T E R A T I O N    C Y C L E                        **
*******************************************************************************************

========================================
            MTD Iteration  1
========================================

     ========================================
     |         Meta-MD (MTD) Sampling       |
     ========================================

Starting Meta-MD  14 with the settings:
     MD time /ps        :    11.0
     dt /fs             :     5.0
     dumpstep(trj) /fs  :     100
     dumpstep(Vbias)/ps :     1.0
     Vbias factor k /Eh :  0.1900
     Vbias exp α /bohr⁻²:    0.80
*Meta-MTD 14 finished*
Starting Meta-MD  13 with the settings:
     MD time /ps        :    11.0
     dt /fs             :     5.0
     dumpstep(trj) /fs  :     100
     dumpstep(Vbias)/ps :     1.0
     Vbias factor k /Eh :  0.0380
     Vbias exp α /bohr⁻²:    0.10
*Meta-MTD 13 finished*
Starting Meta-MD  12 with the settings:
     MD time /ps        :    11.0
     dt /fs             :     5.0
     dumpstep(trj) /fs  :     100
     dumpstep(Vbias)/ps :     1.0
     Vbias factor k /Eh :  0.0285
     Vbias exp α /bohr⁻²:    0.28
*Meta-MTD 12 finished*
Starting Meta-MD  11 with the settings:
     MD time /ps        :    11.0
     dt /fs             :     5.0
     dumpstep(trj) /fs  :     100
     dumpstep(Vbias)/ps :     1.0
     Vbias factor k /Eh :  0.0570
     Vbias exp α /bohr⁻²:    0.28
*Meta-MTD 11 finished*
Starting Meta-MD  10 with the settings:
     MD time /ps        :    11.0
     dt /fs             :     5.0
     dumpstep(trj) /fs  :     100
     dumpstep(Vbias)/ps :     1.0
     Vbias factor k /Eh :  0.1140
     Vbias exp α /bohr⁻²:    0.28
*Meta-MTD 10 finished*
Starting Meta-MD   9 with the settings:
     MD time /ps        :    11.0
     dt /fs             :     5.0
     dumpstep(trj) /fs  :     100
     dumpstep(Vbias)/ps :     1.0
     Vbias factor k /Eh :  0.0285
     Vbias exp α /bohr⁻²:    0.47
*Meta-MTD 9 finished*
Starting Meta-MD   8 with the settings:
     MD time /ps        :    11.0
     dt /fs             :     5.0
     dumpstep(trj) /fs  :     100
     dumpstep(Vbias)/ps :     1.0
     Vbias factor k /Eh :  0.0570
     Vbias exp α /bohr⁻²:    0.47
*Meta-MTD 8 finished*
Starting Meta-MD   7 with the settings:
     MD time /ps        :    11.0
     dt /fs             :     5.0
     dumpstep(trj) /fs  :     100
     dumpstep(Vbias)/ps :     1.0
     Vbias factor k /Eh :  0.1140
     Vbias exp α /bohr⁻²:    0.47
*Meta-MTD 7 finished*
Starting Meta-MD   6 with the settings:
     MD time /ps        :    11.0
     dt /fs             :     5.0
     dumpstep(trj) /fs  :     100
     dumpstep(Vbias)/ps :     1.0
     Vbias factor k /Eh :  0.0285
     Vbias exp α /bohr⁻²:    0.78
*Meta-MTD 6 finished*
Starting Meta-MD   5 with the settings:
     MD time /ps        :    11.0
     dt /fs             :     5.0
     dumpstep(trj) /fs  :     100
     dumpstep(Vbias)/ps :     1.0
     Vbias factor k /Eh :  0.0570
     Vbias exp α /bohr⁻²:    0.78
*Meta-MTD 5 finished*
Starting Meta-MD   4 with the settings:
     MD time /ps        :    11.0
     dt /fs             :     5.0
     dumpstep(trj) /fs  :     100
     dumpstep(Vbias)/ps :     1.0
     Vbias factor k /Eh :  0.1140
     Vbias exp α /bohr⁻²:    0.78
*Meta-MTD 4 finished*
Starting Meta-MD   3 with the settings:
     MD time /ps        :    11.0
     dt /fs             :     5.0
     dumpstep(trj) /fs  :     100
     dumpstep(Vbias)/ps :     1.0
     Vbias factor k /Eh :  0.0285
     Vbias exp α /bohr⁻²:    1.30
*Meta-MTD 3 finished*
Starting Meta-MD   2 with the settings:
     MD time /ps        :    11.0
     dt /fs             :     5.0
     dumpstep(trj) /fs  :     100
     dumpstep(Vbias)/ps :     1.0
     Vbias factor k /Eh :  0.0570
     Vbias exp α /bohr⁻²:    1.30
*Meta-MTD 2 finished*
Starting Meta-MD   1 with the settings:
     MD time /ps        :    11.0
     dt /fs             :     5.0
     dumpstep(trj) /fs  :     100
     dumpstep(Vbias)/ps :     1.0
     Vbias factor k /Eh :  0.1140
     Vbias exp α /bohr⁻²:    1.30
*Meta-MTD 1 finished*

-----------------------
Multilevel Optimization
-----------------------

 -------------------------
 1. crude pre-optimization
 -------------------------
 Optimizing all 1526 structures from file "crest_rotamers_0.xyz" ...
 1 2 3 4 5 6 7 8 9 10 11 12 13 14 15 16 17 18 19 20 21 22 23 24 25 26 27 28 29 30 31 32 33 34 35 36 37 38 39 40 41 42 43 44 45 46 47 48 49 50 51 52 53 54 55 56 57 58 59 60 61 62 63 64 65 66 67 68 69 70 71 72 73 74 75 76 77 78 79 80 81 82 83 84 85 86 87 88 89 90 91 92 93 94 95 96 97 98 99 100 101 102 103 104 105 106 107 108 109 110 111 112 113 114 115 116 117 118 119 120 121 122 123 124 125 126 127 128 129 130 131 132 133 134 135 136 137 138 139 140 141 142 143 144 145 146 147 148 149 150 151 152 153 154 155 156 157 158 159 160 161 162 163 164 165 166 167 168 169 170 171 172 173 174 175 176 177 178 179 180 181 182 183 184 185 186 187 188 189 190 191 192 193 194 195 196 197 198 199 200 201 202 203 204 205 206 207 208 209 210 211 212 213 214 215 216 217 218 219 220 221 222 223 224 225 226 227 228 229 230 231 232 233 234 235 236 237 238 239 240 241 242 243 244 245 246 247 248 249 250 251 252 253 254 255 256 257 258 259 260 261 262 263 264 265 266 267 268 269 270 271 272 273 274 275 276 277 278 279 280 281 282 283 284 285 286 287 288 289 290 291 292 293 294 295 296 297 298 299 300 301 302 303 304 305 306 307 308 309 310 311 312 313 314 315 316 317 318 319 320 321 322 323 324 325 326 327 328 329 330 331 332 333 334 335 336 337 338 339 340 341 342 343 344 345 346 347 348 349 350 351 352 353 354 355 356 357 358 359 360 361 362 363 364 365 366 367 368 369 370 371 372 373 374 375 376 377 378 379 380 381 382 383 384 385 386 387 388 389 390 391 392 393 394 395 396 397 398 399 400 401 402 403 404 405 406 407 408 409 410 411 412 413 414 415 416 417 418 419 420 421 422 423 424 425 426 427 428 429 430 431 432 433 434 435 436 437 438 439 440 441 442 443 444 445 446 447 448 449 450 451 452 453 454 455 456 457 458 459 460 461 462 463 464 465 466 467 468 469 470 471 472 473 474 475 476 477 478 479 480 481 482 483 484 485 486 487 488 489 490 491 492 493 494 495 496 497 498 499 500 501 502 503 504 505 506 507 508 509 510 511 512 513 514 515 516 517 518 519 520 521 522 523 524 525 526 527 528 529 530 531 532 533 534 535 536 537 538 539 540 541 542 543 544 545 546 547 548 549 550 551 552 553 554 555 556 557 558 559 560 561 562 563 564 565 566 567 568 569 570 571 572 573 574 575 576 577 578 579 580 581 582 583 584 585 586 587 588 589 590 591 592 593 594 595 596 597 598 599 600 601 602 603 604 605 606 607 608 609 610 611 612 613 614 615 616 617 618 619 620 621 622 623 624 625 626 627 628 629 630 631 632 633 634 635 636 637 638 639 640 641 642 643 644 645 646 647 648 649 650 651 652 653 654 655 656 657 658 659 660 661 662 663 664 665 666 667 668 669 670 671 672 673 674 675 676 677 678 679 680 681 682 683 684 685 686 687 688 689 690 691 692 693 694 695 696 697 698 699 700 701 702 703 704 705 706 707 708 709 710 711 712 713 714 715 716 717 718 719 720 721 722 723 724 725 726 727 728 729 730 731 732 733 734 735 736 737 738 739 740 741 742 743 744 745 746 747 748 749 750 751 752 753 754 755 756 757 758 759 760 761 762 763 764 765 766 767 768 769 770 771 772 773 774 775 776 777 778 779 780 781 782 783 784 785 786 787 788 789 790 791 792 793 794 795 796 797 798 799 800 801 802 803 804 805 806 807 808 809 810 811 812 813 814 815 816 817 818 819 820 821 822 823 824 825 826 827 828 829 830 831 832 833 834 835 836 837 838 839 840 841 842 843 844 845 846 847 848 849 850 851 852 853 854 855 856 857 858 859 860 861 862 863 864 865 866 867 868 869 870 871 872 873 874 875 876 877 878 879 880 881 882 883 884 885 886 887 888 889 890 891 892 893 894 895 896 897 898 899 900 901 902 903 904 905 906 907 908 909 910 911 912 913 914 915 916 917 918 919 920 921 922 923 924 925 926 927 928 929 930 931 932 933 934 935 936 937 938 939 940 941 942 943 944 945 946 947 948 949 950 951 952 953 954 955 956 957 958 959 960 961 962 963 964 965 966 967 968 969 970 971 972 973 974 975 976 977 978 979 980 981 982 983 984 985 986 987 988 989 990 991 992 993 994 995 996 997 998 999 1000 1001 1002 1003 1004 1005 1006 1007 1008 1009 1010 1011 1012 1013 1014 1015 1016 1017 1018 1019 1020 1021 1022 1023 1024 1025 1026 1027 1028 1029 1030 1031 1032 1033 1034 1035 1036 1037 1038 1039 1040 1041 1042 1043 1044 1045 1046 1047 1048 1049 1050 1051 1052 1053 1054 1055 1056 1057 1058 1059 1060 1061 1062 1063 1064 1065 1066 1067 1068 1069 1070 1071 1072 1073 1074 1075 1076 1077 1078 1079 1080 1081 1082 1083 1084 1085 1086 1087 1088 1089 1090 1091 1092 1093 1094 1095 1096 1097 1098 1099 1100 1101 1102 1103 1104 1105 1106 1107 1108 1109 1110 1111 1112 1113 1114 1115 1116 1117 1118 1119 1120 1121 1122 1123 1124 1125 1126 1127 1128 1129 1130 1131 1132 1133 1134 1135 1136 1137 1138 1139 1140 1141 1142 1143 1144 1145 1146 1147 1148 1149 1150 1151 1152 1153 1154 1155 1156 1157 1158 1159 1160 1161 1162 1163 1164 1165 1166 1167 1168 1169 1170 1171 1172 1173 1174 1175 1176 1177 1178 1179 1180 1181 1182 1183 1184 1185 1186 1187 1188 1189 1190 1191 1192 1193 1194 1195 1196 1197 1198 1199 1200 1201 1202 1203 1204 1205 1206 1207 1208 1209 1210 1211 1212 1213 1214 1215 1216 1217 1218 1219 1220 1221 1222 1223 1224 1225 1226 1227 1228 1229 1230 1231 1232 1233 1234 1235 1236 1237 1238 1239 1240 1241 1242 1243 1244 1245 1246 1247 1248 1249 1250 1251 1252 1253 1254 1255 1256 1257 1258 1259 1260 1261 1262 1263 1264 1265 1266 1267 1268 1269 1270 1271 1272 1273 1274 1275 1276 1277 1278 1279 1280 1281 1282 1283 1284 1285 1286 1287 1288 1289 1290 1291 1292 1293 1294 1295 1296 1297 1298 1299 1300 1301 1302 1303 1304 1305 1306 1307 1308 1309 1310 1311 1312 1313 1314 1315 1316 1317 1318 1319 1320 1321 1322 1323 1324 1325 1326 1327 1328 1329 1330 1331 1332 1333 1334 1335 1336 1337 1338 1339 1340 1341 1342 1343 1344 1345 1346 1347 1348 1349 1350 1351 1352 1353 1354 1355 1356 1357 1358 1359 1360 1361 1362 1363 1364 1365 1366 1367 1368 1369 1370 1371 1372 1373 1374 1375 1376 1377 1378 1379 1380 1381 1382 1383 1384 1385 1386 1387 1388 1389 1390 1391 1392 1393 1394 1395 1396 1397 1398 1399 1400 1401 1402 1403 1404 1405 1406 1407 1408 1409 1410 1411 1412 1413 1414 1415 1416 1417 1418 1419 1420 1421 1422 1423 1424 1425 1426 1427 1428 1429 1430 1431 1432 1433 1434 1435 1436 1437 1438 1439 1440 1441 1442 1443 1444 1445 1446 1447 1448 1449 1450 1451 1452 1453 1454 1455 1456 1457 1458 1459 1460 1461 1462 1463 1464 1465 1466 1467 1468 1469 1470 1471 1472 1473 1474 1475 1476 1477 1478 1479 1480 1481 1482 1483 1484 1485 1486 1487 1488 1489 1490 1491 1492 1493 1494 1495 1496 1497 1498 1499 1500 1501 1502 1503 1504 1505 1506 1507 1508 1509 1510 1511 1512 1513 1514 1515 1516 1517 1518 1519 1520 1521 1522 1523 1524 1525 1526
 done.
 running RMSDs...
 done.
 E lowest :   -58.56229
 168 structures remain within    12.00 kcal/mol window

 -------------------------------------
 2. optimization with tight thresholds
 -------------------------------------
 Optimizing all 169 structures from file "crest_rotamers_1.xyz" ...
 1 2 3 4 5 6 7 8 9 10 11 12 13 14 15 16 17 18 19 20 21 22 23 24 25 26 27 28 29 30 31 32 33 34 35 36 37 38 39 40 41 42 43 44 45 46 47 48 49 50 51 52 53 54 55 56 57 58 59 60 61 62 63 64 65 66 67 68 69 70 71 72 73 74 75 76 77 78 79 80 81 82 83 84 85 86 87 88 89 90 91 92 93 94 95 96 97 98 99 100 101 102 103 104 105 106 107 108 109 110 111 112 113 114 115 116 117 118 119 120 121 122 123 124 125 126 127 128 129 130 131 132 133 134 135 136 137 138 139 140 141 142 143 144 145 146 147 148 149 150 151 152 153 154 155 156 157 158 159 160 161 162 163 164 165 166 167 168 169
 done.
 running RMSDs...
 done.
 E lowest :   -58.56377
 12 structures remain within     6.00 kcal/mol window


========================================
            MTD Iteration  2
========================================

     ========================================
     |         Meta-MD (MTD) Sampling       |
     ========================================

Starting Meta-MD  12 with the settings:
     MD time /ps        :    11.0
     dt /fs             :     5.0
     dumpstep(trj) /fs  :     100
     dumpstep(Vbias)/ps :     1.0
     Vbias factor k /Eh :  0.0285
     Vbias exp α /bohr⁻²:    0.28
*Meta-MTD 12 finished*
Starting Meta-MD  11 with the settings:
     MD time /ps        :    11.0
     dt /fs             :     5.0
     dumpstep(trj) /fs  :     100
     dumpstep(Vbias)/ps :     1.0
     Vbias factor k /Eh :  0.0570
     Vbias exp α /bohr⁻²:    0.28
*Meta-MTD 11 finished*
Starting Meta-MD  10 with the settings:
     MD time /ps        :    11.0
     dt /fs             :     5.0
     dumpstep(trj) /fs  :     100
     dumpstep(Vbias)/ps :     1.0
     Vbias factor k /Eh :  0.1140
     Vbias exp α /bohr⁻²:    0.28
*Meta-MTD 10 finished*
Starting Meta-MD   9 with the settings:
     MD time /ps        :    11.0
     dt /fs             :     5.0
     dumpstep(trj) /fs  :     100
     dumpstep(Vbias)/ps :     1.0
     Vbias factor k /Eh :  0.0285
     Vbias exp α /bohr⁻²:    0.47
*Meta-MTD 9 finished*
Starting Meta-MD   8 with the settings:
     MD time /ps        :    11.0
     dt /fs             :     5.0
     dumpstep(trj) /fs  :     100
     dumpstep(Vbias)/ps :     1.0
     Vbias factor k /Eh :  0.0570
     Vbias exp α /bohr⁻²:    0.47
*Meta-MTD 8 finished*
Starting Meta-MD   7 with the settings:
     MD time /ps        :    11.0
     dt /fs             :     5.0
     dumpstep(trj) /fs  :     100
     dumpstep(Vbias)/ps :     1.0
     Vbias factor k /Eh :  0.1140
     Vbias exp α /bohr⁻²:    0.47
*Meta-MTD 7 finished*
Starting Meta-MD   6 with the settings:
     MD time /ps        :    11.0
     dt /fs             :     5.0
     dumpstep(trj) /fs  :     100
     dumpstep(Vbias)/ps :     1.0
     Vbias factor k /Eh :  0.0285
     Vbias exp α /bohr⁻²:    0.78
*Meta-MTD 6 finished*
Starting Meta-MD   5 with the settings:
     MD time /ps        :    11.0
     dt /fs             :     5.0
     dumpstep(trj) /fs  :     100
     dumpstep(Vbias)/ps :     1.0
     Vbias factor k /Eh :  0.0570
     Vbias exp α /bohr⁻²:    0.78
*Meta-MTD 5 finished*
Starting Meta-MD   4 with the settings:
     MD time /ps        :    11.0
     dt /fs             :     5.0
     dumpstep(trj) /fs  :     100
     dumpstep(Vbias)/ps :     1.0
     Vbias factor k /Eh :  0.1140
     Vbias exp α /bohr⁻²:    0.78
*Meta-MTD 4 finished*
Starting Meta-MD   3 with the settings:
     MD time /ps        :    11.0
     dt /fs             :     5.0
     dumpstep(trj) /fs  :     100
     dumpstep(Vbias)/ps :     1.0
     Vbias factor k /Eh :  0.0285
     Vbias exp α /bohr⁻²:    1.30
*Meta-MTD 3 finished*
Starting Meta-MD   2 with the settings:
     MD time /ps        :    11.0
     dt /fs             :     5.0
     dumpstep(trj) /fs  :     100
     dumpstep(Vbias)/ps :     1.0
     Vbias factor k /Eh :  0.0570
     Vbias exp α /bohr⁻²:    1.30
*Meta-MTD 2 finished*
Starting Meta-MD   1 with the settings:
     MD time /ps        :    11.0
     dt /fs             :     5.0
     dumpstep(trj) /fs  :     100
     dumpstep(Vbias)/ps :     1.0
     Vbias factor k /Eh :  0.1140
     Vbias exp α /bohr⁻²:    1.30
*Meta-MTD 1 finished*

-----------------------
Multilevel Optimization
-----------------------

 -------------------------
 1. crude pre-optimization
 -------------------------
 Optimizing all 1308 structures from file "crest_rotamers_0.xyz" ...
 1 2 3 4 5 6 7 8 9 10 11 12 13 14 15 16 17 18 19 20 21 22 23 24 25 26 27 28 29 30 31 32 33 34 35 36 37 38 39 40 41 42 43 44 45 46 47 48 49 50 51 52 53 54 55 56 57 58 59 60 61 62 63 64 65 66 67 68 69 70 71 72 73 74 75 76 77 78 79 80 81 82 83 84 85 86 87 88 89 90 91 92 93 94 95 96 97 98 99 100 101 102 103 104 105 106 107 108 109 110 111 112 113 114 115 116 117 118 119 120 121 122 123 124 125 126 127 128 129 130 131 132 133 134 135 136 137 138 139 140 141 142 143 144 145 146 147 148 149 150 151 152 153 154 155 156 157 158 159 160 161 162 163 164 165 166 167 168 169 170 171 172 173 174 175 176 177 178 179 180 181 182 183 184 185 186 187 188 189 190 191 192 193 194 195 196 197 198 199 200 201 202 203 204 205 206 207 208 209 210 211 212 213 214 215 216 217 218 219 220 221 222 223 224 225 226 227 228 229 230 231 232 233 234 235 236 237 238 239 240 241 242 243 244 245 246 247 248 249 250 251 252 253 254 255 256 257 258 259 260 261 262 263 264 265 266 267 268 269 270 271 272 273 274 275 276 277 278 279 280 281 282 283 284 285 286 287 288 289 290 291 292 293 294 295 296 297 298 299 300 301 302 303 304 305 306 307 308 309 310 311 312 313 314 315 316 317 318 319 320 321 322 323 324 325 326 327 328 329 330 331 332 333 334 335 336 337 338 339 340 341 342 343 344 345 346 347 348 349 350 351 352 353 354 355 356 357 358 359 360 361 362 363 364 365 366 367 368 369 370 371 372 373 374 375 376 377 378 379 380 381 382 383 384 385 386 387 388 389 390 391 392 393 394 395 396 397 398 399 400 401 402 403 404 405 406 407 408 409 410 411 412 413 414 415 416 417 418 419 420 421 422 423 424 425 426 427 428 429 430 431 432 433 434 435 436 437 438 439 440 441 442 443 444 445 446 447 448 449 450 451 452 453 454 455 456 457 458 459 460 461 462 463 464 465 466 467 468 469 470 471 472 473 474 475 476 477 478 479 480 481 482 483 484 485 486 487 488 489 490 491 492 493 494 495 496 497 498 499 500 501 502 503 504 505 506 507 508 509 510 511 512 513 514 515 516 517 518 519 520 521 522 523 524 525 526 527 528 529 530 531 532 533 534 535 536 537 538 539 540 541 542 543 544 545 546 547 548 549 550 551 552 553 554 555 556 557 558 559 560 561 562 563 564 565 566 567 568 569 570 571 572 573 574 575 576 577 578 579 580 581 582 583 584 585 586 587 588 589 590 591 592 593 594 595 596 597 598 599 600 601 602 603 604 605 606 607 608 609 610 611 612 613 614 615 616 617 618 619 620 621 622 623 624 625 626 627 628 629 630 631 632 633 634 635 636 637 638 639 640 641 642 643 644 645 646 647 648 649 650 651 652 653 654 655 656 657 658 659 660 661 662 663 664 665 666 667 668 669 670 671 672 673 674 675 676 677 678 679 680 681 682 683 684 685 686 687 688 689 690 691 692 693 694 695 696 697 698 699 700 701 702 703 704 705 706 707 708 709 710 711 712 713 714 715 716 717 718 719 720 721 722 723 724 725 726 727 728 729 730 731 732 733 734 735 736 737 738 739 740 741 742 743 744 745 746 747 748 749 750 751 752 753 754 755 756 757 758 759 760 761 762 763 764 765 766 767 768 769 770 771 772 773 774 775 776 777 778 779 780 781 782 783 784 785 786 787 788 789 790 791 792 793 794 795 796 797 798 799 800 801 802 803 804 805 806 807 808 809 810 811 812 813 814 815 816 817 818 819 820 821 822 823 824 825 826 827 828 829 830 831 832 833 834 835 836 837 838 839 840 841 842 843 844 845 846 847 848 849 850 851 852 853 854 855 856 857 858 859 860 861 862 863 864 865 866 867 868 869 870 871 872 873 874 875 876 877 878 879 880 881 882 883 884 885 886 887 888 889 890 891 892 893 894 895 896 897 898 899 900 901 902 903 904 905 906 907 908 909 910 911 912 913 914 915 916 917 918 919 920 921 922 923 924 925 926 927 928 929 930 931 932 933 934 935 936 937 938 939 940 941 942 943 944 945 946 947 948 949 950 951 952 953 954 955 956 957 958 959 960 961 962 963 964 965 966 967 968 969 970 971 972 973 974 975 976 977 978 979 980 981 982 983 984 985 986 987 988 989 990 991 992 993 994 995 996 997 998 999 1000 1001 1002 1003 1004 1005 1006 1007 1008 1009 1010 1011 1012 1013 1014 1015 1016 1017 1018 1019 1020 1021 1022 1023 1024 1025 1026 1027 1028 1029 1030 1031 1032 1033 1034 1035 1036 1037 1038 1039 1040 1041 1042 1043 1044 1045 1046 1047 1048 1049 1050 1051 1052 1053 1054 1055 1056 1057 1058 1059 1060 1061 1062 1063 1064 1065 1066 1067 1068 1069 1070 1071 1072 1073 1074 1075 1076 1077 1078 1079 1080 1081 1082 1083 1084 1085 1086 1087 1088 1089 1090 1091 1092 1093 1094 1095 1096 1097 1098 1099 1100 1101 1102 1103 1104 1105 1106 1107 1108 1109 1110 1111 1112 1113 1114 1115 1116 1117 1118 1119 1120 1121 1122 1123 1124 1125 1126 1127 1128 1129 1130 1131 1132 1133 1134 1135 1136 1137 1138 1139 1140 1141 1142 1143 1144 1145 1146 1147 1148 1149 1150 1151 1152 1153 1154 1155 1156 1157 1158 1159 1160 1161 1162 1163 1164 1165 1166 1167 1168 1169 1170 1171 1172 1173 1174 1175 1176 1177 1178 1179 1180 1181 1182 1183 1184 1185 1186 1187 1188 1189 1190 1191 1192 1193 1194 1195 1196 1197 1198 1199 1200 1201 1202 1203 1204 1205 1206 1207 1208 1209 1210 1211 1212 1213 1214 1215 1216 1217 1218 1219 1220 1221 1222 1223 1224 1225 1226 1227 1228 1229 1230 1231 1232 1233 1234 1235 1236 1237 1238 1239 1240 1241 1242 1243 1244 1245 1246 1247 1248 1249 1250 1251 1252 1253 1254 1255 1256 1257 1258 1259 1260 1261 1262 1263 1264 1265 1266 1267 1268 1269 1270 1271 1272 1273 1274 1275 1276 1277 1278 1279 1280 1281 1282 1283 1284 1285 1286 1287 1288 1289 1290 1291 1292 1293 1294 1295 1296 1297 1298 1299 1300 1301 1302 1303 1304 1305 1306 1307 1308
 done.
 running RMSDs...
 done.
 E lowest :   -58.56342
 180 structures remain within    12.00 kcal/mol window

 -------------------------------------
 2. optimization with tight thresholds
 -------------------------------------
 Optimizing all 181 structures from file "crest_rotamers_1.xyz" ...
 1 2 3 4 5 6 7 8 9 10 11 12 13 14 15 16 17 18 19 20 21 22 23 24 25 26 27 28 29 30 31 32 33 34 35 36 37 38 39 40 41 42 43 44 45 46 47 48 49 50 51 52 53 54 55 56 57 58 59 60 61 62 63 64 65 66 67 68 69 70 71 72 73 74 75 76 77 78 79 80 81 82 83 84 85 86 87 88 89 90 91 92 93 94 95 96 97 98 99 100 101 102 103 104 105 106 107 108 109 110 111 112 113 114 115 116 117 118 119 120 121 122 123 124 125 126 127 128 129 130 131 132 133 134 135 136 137 138 139 140 141 142 143 144 145 146 147 148 149 150 151 152 153 154 155 156 157 158 159 160 161 162 163 164 165 166 167 168 169 170 171 172 173 174 175 176 177 178 179 180 181
 done.
 running RMSDs...
 done.
 E lowest :   -58.56377
 23 structures remain within     6.00 kcal/mol window

========================================
            MTD Iterations done         
========================================
 Collecting ensmbles.
 running RMSDs...
 done.
 E lowest :   -58.56377
 34 structures remain within     6.00 kcal/mol window

 -------------------------------
 Additional orientation sampling
 -------------------------------
 Optimizing all 186 structures from file "oh_ensemble.xyz" ...
 1 2 3 4 5 6 7 8 9 10 11 12 13 14 15 16 17 18 19 20 21 22 23 24 25 26 27 28 29 30 31 32 33 34 35 36 37 38 39 40 41 42 43 44 45 46 47 48 49 50 51 52 53 54 55 56 57 58 59 60 61 62 63 64 65 66 67 68 69 70 71 72 73 74 75 76 77 78 79 80 81 82 83 84 85 86 87 88 89 90 91 92 93 94 95 96 97 98 99 100 101 102 103 104 105 106 107 108 109 110 111 112 113 114 115 116 117 118 119 120 121 122 123 124 125 126 127 128 129 130 131 132 133 134 135 136 137 138 139 140 141 142 143 144 145 146 147 148 149 150 151 152 153 154 155 156 157 158 159 160 161 162 163 164 165 166 167 168 169 170 171 172 173 174 175 176 177 178 179 180 181 182 183 184 185 186
 done.
 running RMSDs...
 done.
 E lowest :   -58.56377
 68 structures remain within     6.00 kcal/mol window

-----------------------------------------------
Additional regular MDs on lowest 4 conformer(s)
-----------------------------------------------
Starting MD   8 with the settings:
     MD time /ps        :     5.5
     MD Temperature /K  :   500.0
     dt /fs             :     5.0
     dumpstep(trj) /fs  :     100
*MD 8 finished*
Starting MD   7 with the settings:
     MD time /ps        :     5.5
     MD Temperature /K  :   400.0
     dt /fs             :     5.0
     dumpstep(trj) /fs  :     100
*MD 7 finished*
Starting MD   6 with the settings:
     MD time /ps        :     5.5
     MD Temperature /K  :   500.0
     dt /fs             :     5.0
     dumpstep(trj) /fs  :     100
*MD 6 finished*
Starting MD   5 with the settings:
     MD time /ps        :     5.5
     MD Temperature /K  :   400.0
     dt /fs             :     5.0
     dumpstep(trj) /fs  :     100
*MD 5 finished*
Starting MD   4 with the settings:
     MD time /ps        :     5.5
     MD Temperature /K  :   500.0
     dt /fs             :     5.0
     dumpstep(trj) /fs  :     100
*MD 4 finished*
Starting MD   3 with the settings:
     MD time /ps        :     5.5
     MD Temperature /K  :   400.0
     dt /fs             :     5.0
     dumpstep(trj) /fs  :     100
*MD 3 finished*
Starting MD   2 with the settings:
     MD time /ps        :     5.5
     MD Temperature /K  :   500.0
     dt /fs             :     5.0
     dumpstep(trj) /fs  :     100
*MD 2 finished*
Starting MD   1 with the settings:
     MD time /ps        :     5.5
     MD Temperature /K  :   400.0
     dt /fs             :     5.0
     dumpstep(trj) /fs  :     100
*MD 1 finished*
 Appending file crest_rotamers_2.xyz with new structures

 -------------------------------------------
 Ensemble optimization with tight thresholds
 -------------------------------------------
 Optimizing all 500 structures from file "crest_rotamers_2.xyz" ...
 1 2 3 4 5 6 7 8 9 10 11 12 13 14 15 16 17 18 19 20 21 22 23 24 25 26 27 28 29 30 31 32 33 34 35 36 37 38 39 40 41 42 43 44 45 46 47 48 49 50 51 52 53 54 55 56 57 58 59 60 61 62 63 64 65 66 67 68 69 70 71 72 73 74 75 76 77 78 79 80 81 82 83 84 85 86 87 88 89 90 91 92 93 94 95 96 97 98 99 100 101 102 103 104 105 106 107 108 109 110 111 112 113 114 115 116 117 118 119 120 121 122 123 124 125 126 127 128 129 130 131 132 133 134 135 136 137 138 139 140 141 142 143 144 145 146 147 148 149 150 151 152 153 154 155 156 157 158 159 160 161 162 163 164 165 166 167 168 169 170 171 172 173 174 175 176 177 178 179 180 181 182 183 184 185 186 187 188 189 190 191 192 193 194 195 196 197 198 199 200 201 202 203 204 205 206 207 208 209 210 211 212 213 214 215 216 217 218 219 220 221 222 223 224 225 226 227 228 229 230 231 232 233 234 235 236 237 238 239 240 241 242 243 244 245 246 247 248 249 250 251 252 253 254 255 256 257 258 259 260 261 262 263 264 265 266 267 268 269 270 271 272 273 274 275 276 277 278 279 280 281 282 283 284 285 286 287 288 289 290 291 292 293 294 295 296 297 298 299 300 301 302 303 304 305 306 307 308 309 310 311 312 313 314 315 316 317 318 319 320 321 322 323 324 325 326 327 328 329 330 331 332 333 334 335 336 337 338 339 340 341 342 343 344 345 346 347 348 349 350 351 352 353 354 355 356 357 358 359 360 361 362 363 364 365 366 367 368 369 370 371 372 373 374 375 376 377 378 379 380 381 382 383 384 385 386 387 388 389 390 391 392 393 394 395 396 397 398 399 400 401 402 403 404 405 406 407 408 409 410 411 412 413 414 415 416 417 418 419 420 421 422 423 424 425 426 427 428 429 430 431 432 433 434 435 436 437 438 439 440 441 442 443 444 445 446 447 448 449 450 451 452 453 454 455 456 457 458 459 460 461 462 463 464 465 466 467 468 469 470 471 472 473 474 475 476 477 478 479 480 481 482 483 484 485 486 487 488 489 490 491 492 493 494 495 496 497 498 499 500
 done.
 running RMSDs...
 done.
 E lowest :   -58.56377
 94 structures remain within     6.00 kcal/mol window


     ========================================
     |        Structure Crossing (GC)       |
     ========================================
 =============================
  # threads =           1
 =============================
 input  file name : crest_rotamers_4.xyz
number of atoms                :    38
number of points on xyz files  :    94
conformer energy window  /kcal :    6.00
CN per atom difference cut-off :  0.3000
RMSD threshold                 :  0.2500
max. # of generated structures : 550
 reading xyz file ...
 # in E window                 94
 generating pairs ...        4464
 generated pairs           :         606
 number of clash discarded :        3765
 average rmsd w.r.t input  : 4.33311
 sd of ensemble            : 1.12371
 number of new structures      :         539
 removed identical structures  :          67
 writing          539  TMPCONF* dirs ...
 --------------------------
 GC: loose pre-optimization
 --------------------------
 Starting optimization of generated structures
 539 jobs to do.
 1 2 3 4 5 6 7 8 9 10 11 12 13 14 15 16 17 18 19 20 21 22 23 24 25 26 27 28 29 30 31 32 33 34 35 36 37 38 39 40 41 42 43 44 45 46 47 48 49 50 51 52 53 54 55 56 57 58 59 60 61 62 63 64 65 66 67 68 69 70 71 72 73 74 75 76 77 78 79 80 81 82 83 84 85 86 87 88 89 90 91 92 93 94 95 96 97 98 99 100 101 102 103 104 105 106 107 108 109 110 111 112 113 114 115 116 117 118 119 120 121 122 123 124 125 126 127 128 129 130 131 132 133 134 135 136 137 138 139 140 141 142 143 144 145 146 147 148 149 150 151 152 153 154 155 156 157 158 159 160 161 162 163 164 165 166 167 168 169 170 171 172 173 174 175 176 177 178 179 180 181 182 183 184 185 186 187 188 189 190 191 192 193 194 195 196 197 198 199 200 201 202 203 204 205 206 207 208 209 210 211 212 213 214 215 216 217 218 219 220 221 222 223 224 225 226 227 228 229 230 231 232 233 234 235 236 237 238 239 240 241 242 243 244 245 246 247 248 249 250 251 252 253 254 255 256 257 258 259 260 261 262 263 264 265 266 267 268 269 270 271 272 273 274 275 276 277 278 279 280 281 282 283 284 285 286 287 288 289 290 291 292 293 294 295 296 297 298 299 300 301 302 303 304 305 306 307 308 309 310 311 312 313 314 315 316 317 318 319 320 321 322 323 324 325 326 327 328 329 330 331 332 333 334 335 336 337 338 339 340 341 342 343 344 345 346 347 348 349 350 351 352 353 354 355 356 357 358 359 360 361 362 363 364 365 366 367 368 369 370 371 372 373 374 375 376 377 378 379 380 381 382 383 384 385 386 387 388 389 390 391 392 393 394 395 396 397 398 399 400 401 402 403 404 405 406 407 408 409 410 411 412 413 414 415 416 417 418 419 420 421 422 423 424 425 426 427 428 429 430 431 432 433 434 435 436 437 438 439 440 441 442 443 444 445 446 447 448 449 450 451 452 453 454 455 456 457 458 459 460 461 462 463 464 465 466 467 468 469 470 471 472 473 474 475 476 477 478 479 480 481 482 483 484 485 486 487 488 489 490 491 492 493 494 495 496 497 498 499 500 501 502 503 504 505 506 507 508 509 510 511 512 513 514 515 516 517 518 519 520 521 522 523 524 525 526 527 528 529 530 531 532 533 534 535 536 537 538 539 
 done.
 Now appending opt.xyz file with new structures
 running RMSDs...
 done.
 E lowest :   -58.56373
 189 structures remain within    10.00 kcal/mol window
 --------------------------------------
 GC: optimization with tight thresholds
 --------------------------------------
 Optimizing all 189 structures from file "crest_rotamers_1.xyz" ...
 1 2 3 4 5 6 7 8 9 10 11 12 13 14 15 16 17 18 19 20 21 22 23 24 25 26 27 28 29 30 31 32 33 34 35 36 37 38 39 40 41 42 43 44 45 46 47 48 49 50 51 52 53 54 55 56 57 58 59 60 61 62 63 64 65 66 67 68 69 70 71 72 73 74 75 76 77 78 79 80 81 82 83 84 85 86 87 88 89 90 91 92 93 94 95 96 97 98 99 100 101 102 103 104 105 106 107 108 109 110 111 112 113 114 115 116 117 118 119 120 121 122 123 124 125 126 127 128 129 130 131 132 133 134 135 136 137 138 139 140 141 142 143 144 145 146 147 148 149 150 151 152 153 154 155 156 157 158 159 160 161 162 163 164 165 166 167 168 169 170 171 172 173 174 175 176 177 178 179 180 181 182 183 184 185 186 187 188 189
 done.
 running RMSDs...
 done.
 E lowest :   -58.56377


   ================================================
   |           Final Geometry Optimization        |
   ================================================
 ------------------------------------------------
 Ensemble optimization with very tight thresholds
 ------------------------------------------------
 Optimizing all 145 structures from file "crest_rotamers_5.xyz" ...
 1 2 3 4 5 6 7 8 9 10 11 12 13 14 15 16 17 18 19 20 21 22 23 24 25 26 27 28 29 30 31 32 33 34 35 36 37 38 39 40 41 42 43 44 45 46 47 48 49 50 51 52 53 54 55 56 57 58 59 60 61 62 63 64 65 66 67 68 69 70 71 72 73 74 75 76 77 78 79 80 81 82 83 84 85 86 87 88 89 90 91 92 93 94 95 96 97 98 99 100 101 102 103 104 105 106 107 108 109 110 111 112 113 114 115 116 117 118 119 120 121 122 123 124 125 126 127 128 129 130 131 132 133 134 135 136 137 138 139 140 141 142 143 144 145
 done.
 running RMSDs...
 done.
 E lowest :   -58.56377
 145 structures remain within     6.00 kcal/mol window

 input  file name : crest_rotamers_6.xyz
 output file name : crest_rotamers_7.xyz
 number of atoms                :   38
 number of points on xyz files  :   145
 RMSD threshold                 :   0.1250
 Bconst threshold               :   0.0100
 population threshold           :   0.0500
 conformer energy window  /kcal :   6.0000
 # fragment in coord            :     2
 # bonds in reference structure :    36
 number of reliable points      :   145
 reference state Etot :  -58.563769729999997
 number of doubles removed by rot/RMSD         :           0
 total number unique points considered further :         145
       Erel/kcal        Etot weight/tot  conformer     set   degen     origin
       1   0.000   -58.56377    0.63528    0.63528       1       1     hor
       2   0.909   -58.56232    0.13724    0.13724       2       1     gc
       3   2.085   -58.56045    0.01887    0.01887       3       1     md3
       4   2.130   -58.56038    0.01750    0.01750       4       1     gc
       5   2.319   -58.56007    0.01272    0.01272       5       1     gc
       6   2.322   -58.56007    0.01266    0.01266       6       1     hor
       7   2.342   -58.56004    0.01223    0.01223       7       1     gc
       8   2.343   -58.56004    0.01222    0.02436       8       2     md5
       9   2.347   -58.56003    0.01214                                md6
      10   2.406   -58.55994    0.01100    0.01100       9       1     hor
      11   2.511   -58.55977    0.00920    0.00920      10       1     hor
      12   2.589   -58.55964    0.00807    0.00807      11       1     gc
      13   2.882   -58.55918    0.00493    0.00493      12       1     md4
      14   2.890   -58.55916    0.00485    0.00485      13       1     md4
      15   2.915   -58.55912    0.00466    0.00466      14       1     md4
      16   2.923   -58.55911    0.00460    0.00460      15       1     gc
      17   2.941   -58.55908    0.00446    0.00446      16       1     md4
      18   2.994   -58.55900    0.00407    0.00407      17       1     gc
      19   3.006   -58.55898    0.00399    0.00399      18       1     gc
      20   3.029   -58.55894    0.00384    0.00769      19       2     hor
      21   3.029   -58.55894    0.00384                                hor
      22   3.046   -58.55892    0.00374    0.00374      20       1     gc
      23   3.153   -58.55875    0.00312    0.00623      21       2     gc
      24   3.154   -58.55874    0.00311                                gc
      25   3.155   -58.55874    0.00311    0.00311      22       1     hor
      26   3.176   -58.55871    0.00300    0.00300      23       1     md4
      27   3.230   -58.55862    0.00274    0.00274      24       1     hor
      28   3.270   -58.55856    0.00256    0.00256      25       1     gc
      29   3.283   -58.55854    0.00250    0.00250      26       1     gc
      30   3.351   -58.55843    0.00223    0.00223      27       1     hor
      31   3.401   -58.55835    0.00205    0.00205      28       1     md4
      32   3.402   -58.55835    0.00205    0.00205      29       1     gc
      33   3.488   -58.55821    0.00177    0.00177      30       1     gc
      34   3.512   -58.55817    0.00170    0.00170      31       1     hor
      35   3.573   -58.55808    0.00154    0.00307      32       2     gc
      36   3.575   -58.55807    0.00153                                gc
      37   3.654   -58.55795    0.00134    0.00134      33       1     hor
      38   3.683   -58.55790    0.00128    0.00128      34       1     hor
      39   3.891   -58.55757    0.00090    0.00090      35       1     md3
      40   3.988   -58.55742    0.00076    0.00229      36       3     hor
      41   3.988   -58.55742    0.00076                                hor
      42   3.989   -58.55741    0.00076                                mtd2
      43   4.050   -58.55732    0.00069    0.00069      37       1     gc
      44   4.103   -58.55723    0.00063    0.00063      38       1     gc
      45   4.113   -58.55722    0.00062    0.00062      39       1     hor
      46   4.151   -58.55715    0.00058    0.00058      40       1     gc
      47   4.155   -58.55715    0.00058    0.00058      41       1     md6
      48   4.187   -58.55710    0.00055    0.00055      42       1     md2
      49   4.267   -58.55697    0.00048    0.00048      43       1     md3
      50   4.293   -58.55693    0.00046    0.00046      44       1     hor
      51   4.311   -58.55690    0.00044    0.00044      45       1     hor
      52   4.312   -58.55690    0.00044    0.00044      46       1     gc
      53   4.316   -58.55689    0.00044    0.00044      47       1     hor
      54   4.346   -58.55684    0.00042    0.00042      48       1     md3
      55   4.378   -58.55679    0.00040    0.00040      49       1     gc
      56   4.397   -58.55676    0.00038    0.00038      50       1     gc
      57   4.433   -58.55671    0.00036    0.00036      51       1     gc
      58   4.481   -58.55663    0.00033    0.00066      52       2     mtd12
      59   4.490   -58.55661    0.00033                                gc
      60   4.489   -58.55662    0.00033    0.00033      53       1     gc
      61   4.490   -58.55661    0.00033    0.00033      54       1     gc
      62   4.494   -58.55661    0.00032    0.00065      55       2     hor
      63   4.494   -58.55661    0.00032                                hor
      64   4.528   -58.55655    0.00031    0.00061      56       2     hor
      65   4.529   -58.55655    0.00031                                hor
      66   4.532   -58.55655    0.00030    0.00030      57       1     hor
      67   4.577   -58.55648    0.00028    0.00028      58       1     mtd10
      68   4.591   -58.55645    0.00028    0.00028      59       1     hor
      69   4.599   -58.55644    0.00027    0.00027      60       1     md6
      70   4.606   -58.55643    0.00027    0.00027      61       1     gc
      71   4.622   -58.55640    0.00026    0.00026      62       1     hor
      72   4.634   -58.55639    0.00026    0.00026      63       1     hor
      73   4.651   -58.55636    0.00025    0.00025      64       1     gc
      74   4.655   -58.55635    0.00025    0.00025      65       1     hor
      75   4.697   -58.55629    0.00023    0.00023      66       1     gc
      76   4.722   -58.55625    0.00022    0.00044      67       2     mtd9
      77   4.733   -58.55623    0.00022                                gc
      78   4.737   -58.55622    0.00022    0.00043      68       2     mtd1
      79   4.741   -58.55621    0.00021                                mtd12
      80   4.745   -58.55621    0.00021    0.00021      69       1     hor
      81   4.752   -58.55620    0.00021    0.00021      70       1     hor
      82   4.790   -58.55614    0.00020    0.00039      71       2     hor
      83   4.790   -58.55614    0.00020                                hor
      84   4.813   -58.55610    0.00019    0.00019      72       1     gc
      85   4.824   -58.55608    0.00019    0.00019      73       1     gc
      86   4.836   -58.55606    0.00018    0.00018      74       1     hor
      87   4.875   -58.55600    0.00017    0.00017      75       1     hor
      88   4.878   -58.55600    0.00017    0.00017      76       1     md6
      89   4.901   -58.55596    0.00016    0.00016      77       1     hor
      90   4.961   -58.55586    0.00015    0.00015      78       1     hor
      91   5.039   -58.55574    0.00013    0.00013      79       1     hor
      92   5.063   -58.55570    0.00012    0.00025      80       2     md7
      93   5.069   -58.55569    0.00012                                gc
      94   5.119   -58.55561    0.00011    0.00011      81       1     hor
      95   5.120   -58.55561    0.00011    0.00011      82       1     md6
      96   5.177   -58.55552    0.00010    0.00010      83       1     md2
      97   5.209   -58.55547    0.00010    0.00010      84       1     hor
      98   5.212   -58.55546    0.00010    0.00010      85       1     gc
      99   5.219   -58.55545    0.00010    0.00010      86       1     hor
     100   5.269   -58.55537    0.00009    0.00009      87       1     hor
     101   5.280   -58.55536    0.00009    0.00009      88       1     md7
     102   5.291   -58.55534    0.00008    0.00008      89       1     hor
     103   5.310   -58.55531    0.00008    0.00008      90       1     hor
     104   5.320   -58.55529    0.00008    0.00008      91       1     hor
     105   5.324   -58.55528    0.00008    0.00008      92       1     gc
     106   5.330   -58.55528    0.00008    0.00008      93       1     md6
     107   5.331   -58.55527    0.00008    0.00008      94       1     gc
     108   5.362   -58.55522    0.00008    0.00008      95       1     hor
     109   5.395   -58.55517    0.00007    0.00007      96       1     gc
     110   5.402   -58.55516    0.00007    0.00014      97       2     hor
     111   5.403   -58.55516    0.00007                                hor
     112   5.408   -58.55515    0.00007    0.00007      98       1     hor
     113   5.411   -58.55515    0.00007    0.00007      99       1     gc
     114   5.416   -58.55514    0.00007    0.00007     100       1     gc
     115   5.449   -58.55509    0.00006    0.00006     101       1     gc
     116   5.478   -58.55504    0.00006    0.00006     102       1     md3
     117   5.480   -58.55504    0.00006    0.00006     103       1     gc
     118   5.495   -58.55501    0.00006    0.00006     104       1     gc
     119   5.499   -58.55501    0.00006    0.00006     105       1     gc
     120   5.504   -58.55500    0.00006    0.00006     106       1     mtd12
     121   5.514   -58.55498    0.00006    0.00006     107       1     gc
     122   5.520   -58.55497    0.00006    0.00006     108       1     hor
     123   5.561   -58.55491    0.00005    0.00005     109       1     md6
     124   5.565   -58.55490    0.00005    0.00005     110       1     gc
     125   5.596   -58.55485    0.00005    0.00005     111       1     gc
     126   5.615   -58.55482    0.00005    0.00005     112       1     mtd9
     127   5.642   -58.55478    0.00005    0.00005     113       1     hor
     128   5.696   -58.55469    0.00004    0.00004     114       1     md6
     129   5.696   -58.55469    0.00004    0.00004     115       1     gc
     130   5.744   -58.55462    0.00004    0.00004     116       1     gc
     131   5.748   -58.55461    0.00004    0.00004     117       1     hor
     132   5.756   -58.55460    0.00004    0.00004     118       1     md6
     133   5.775   -58.55457    0.00004    0.00004     119       1     gc
     134   5.786   -58.55455    0.00004    0.00004     120       1     hor
     135   5.797   -58.55453    0.00004    0.00004     121       1     md3
     136   5.820   -58.55449    0.00003    0.00003     122       1     hor
     137   5.834   -58.55447    0.00003    0.00003     123       1     gc
     138   5.863   -58.55443    0.00003    0.00003     124       1     hor
     139   5.867   -58.55442    0.00003    0.00003     125       1     mtd12
     140   5.871   -58.55441    0.00003    0.00003     126       1     gc
     141   5.892   -58.55438    0.00003    0.00003     127       1     hor
     142   5.893   -58.55438    0.00003    0.00003     128       1     gc
     143   5.923   -58.55433    0.00003    0.00003     129       1     hor
     144   5.950   -58.55429    0.00003    0.00003     130       1     md4
     145   5.953   -58.55428    0.00003    0.00003     131       1     hor
T /K                                  :   298.15
E lowest                              :   -58.56377
ensemble average energy (kcal)        :    0.763
ensemble entropy (J/mol K, cal/mol K) :   14.471    3.459
ensemble free energy (kcal/mol)       :   -1.031
population of lowest in %             :   63.528
 number of unique conformers for further calc          131
 list of relative energies saved as "crest.energies"

 -----------------
 Wall Time Summary
 -----------------
             test MD wall time :         0h : 0m : 8s
                 MTD wall time :         0h :35m :37s
      multilevel OPT wall time :         0h :43m :53s
                  MD wall time :         0h :26m :49s
                  GC wall time :         0h :23m :53s
--------------------
Overall wall time  : 2h :10m :58s

 CREST terminated normally.
