****************************************************************
  Sure Independence Screening and Sparsifying Operator (SISSO)  
             Version SISSO.3.3, July, 2023.                
****************************************************************

Read in data from train.dat
Read in data from SISSO.in
Property type:     1
Number of tasks:        1
Descriptor dimension:        2
Number of samples for the task(s):     36
Restarts :  0
Number of scalar features:       18
Tier of the feature space:        3
Maximal feature complexity (number of operators in a feature):        6
Unit of input primary feature, each represented by a row vector: 
    1.00
    1.00
    1.00
    1.00
    1.00
    1.00
    1.00
    1.00
    1.00
    1.00
    1.00
    1.00
    1.00
    1.00
    1.00
    1.00
    1.00
    1.00
The feature will be discarded if the minimum of the maximal abs. value in it <    0.10000E-02
The faature will be discarded if the maximum of the maximal abs. value in it >     0.10000E+06
Size of the SIS-selected (single) subspace :  10000 10000
Operators for feature construction: (+)(-)(*) (+)(-)(*) (+)(-)(*) 
Method for sparse regression:  L0        
Fitting intercept:      T
Metric for model selection: RMSE
Number of the top-ranked models to output:      100
--------------------------------------------------------------------------------

Dimension:   1
-------------------
Feature Construction (FC) starts ...
Population Standard Deviation (SD) of the task 001:   22.43678
Total number of features in the space phi00:             18
Total number of features in the space phi01:            563
Total number of features in the space phi02:         149891
Total number of features in the space phi03:     3024058707
Size of the SIS-selected subspace from phi03:      10000
Time (second) used for this FC:          473.40

Descriptor Identification (DI) starts ...
Total number of SIS-selected features from all dimensions:      10000
 
  1D descriptor: 
     d001 = (((feature10+feature12)-feature17)*((feature12+feature13)+(feature18-feature15)))    feature_ID:000001

  1D model(y=sum(ci*di)+c0): 
     coeff.(ci)_task001:     0.3091722801E+02
             c0_task001:     0.3047206867E+02
     RMSE,MaxAE_task001:     0.9746365086E+01    0.2530116414E+02

     RMSE and MaxAE of the model:   9.746365 25.301164
--------------------------------------------------------------------------------
Time (second) used for this DI:            0.09

Dimension:   2
-------------------
Feature Construction (FC) starts ...
Total number of features in the space phi00:             18
Total number of features in the space phi01:            563
Total number of features in the space phi02:         149891
Total number of features in the space phi03:     3024058707
Size of the SIS-selected subspace from phi03:      10000
Time (second) used for this FC:          476.33

Descriptor Identification (DI) starts ...
Total number of SIS-selected features from all dimensions:      20000
 
Final model/descriptor !
================================================================================
  2D descriptor: 
     d001 = ((feature12+(feature6+feature18))*((feature10+feature12)+(feature12-feature17)))    feature_ID:000183
     d002 = ((feature11*(feature4+feature18))+((feature1-feature12)*(feature15-feature10)))    feature_ID:011696

  2D model(y=sum(ci*di)+c0): 
     coeff.(ci)_task001:     0.1428046585E+02    0.6303932618E+02
             c0_task001:     0.1697732466E+02
     RMSE,MaxAE_task001:     0.8186735707E+01    0.2664420356E+02

     RMSE and MaxAE of the model:   8.186736 26.644204
================================================================================
Time (second) used for this DI:           25.59
Total time (second):          975.99
Have a nice day !    

