
       ==============================================
       |                                            |
       |                 C R E S T                  |
       |                                            |
       |  Conformer-Rotamer Ensemble Sampling Tool  |
       |          based on the GFN methods          |
       |             P.Pracht, S.Grimme             |
       |          Universitaet Bonn, MCTC           |
       ==============================================
       Version 2.12,   Thu 19. Mai 16:32:32 CEST 2022
  Using the xTB program. Compatible with xTB version 6.4.0

   Cite work conducted with this code as

   • P.Pracht, F.Bohle, S.Grimme, PCCP, 2020, 22, 7169-7192.
   • S.Grimme, JCTC, 2019, 15, 2847-2862.

   and for works involving QCG as

   • S.Spicher, C.Plett, P.Pracht, A.Hansen, S.Grimme,
     JCTC, 2022, 18 (5), 3174-3189.

   with help from:
   C.Bannwarth, F.Bohle, S.Ehlert, S.Grimme,
   C.Plett, P.Pracht, S.Spicher

   This program is distributed in the hope that it will be useful,
   but WITHOUT ANY WARRANTY; without even the implied warranty of
   MERCHANTABILITY or FITNESS FOR A PARTICULAR PURPOSE.

 Command line input:
 > crest out.xyz --gfn 2 --chrg 0 -T 1 --noreftopo

  -gfn2 : Use of GFN2-xTB requested.
  --chrg 0
  -T 1 (CPUs/Threads selected)

 -------------------------
 xTB Geometry Optimization
 -------------------------
 Geometry successfully optimized.

------------------------------------------------
Generating MTD length from a flexibility measure
------------------------------------------------
 Calculating WBOs... done.
 Calculating NCI flexibility... done.
     covalent flexibility measure :   0.000
 non-covalent flexibility measure :   0.788
 flexibility measure :   0.000
 t(MTD) / ps    :     5.0
 Σ(t(MTD)) / ps :    70.0 (14 MTDs)

-------------------------------------
Starting a trial MTD to test settings
-------------------------------------
 Estimated runtime for one MTD (5.0 ps) on a single thread: 26 min 52 sec
 Estimated runtime for a batch of 14 MTDs on 1 threads: 6 h 16 min 2 sec

 list of Vbias parameters applied:
$metadyn    0.00300   1.300
$metadyn    0.00150   1.300
$metadyn    0.00075   1.300
$metadyn    0.00300   0.780
$metadyn    0.00150   0.780
$metadyn    0.00075   0.780
$metadyn    0.00300   0.468
$metadyn    0.00150   0.468
$metadyn    0.00075   0.468
$metadyn    0.00300   0.281
$metadyn    0.00150   0.281
$metadyn    0.00075   0.281
$metadyn    0.00100   0.100
$metadyn    0.00500   0.800

*******************************************************************************************
**                        N E W    I T E R A T I O N    C Y C L E                        **
*******************************************************************************************

========================================
            MTD Iteration  1
========================================

     ========================================
     |         Meta-MD (MTD) Sampling       |
     ========================================

Starting Meta-MD  14 with the settings:
     MD time /ps        :     5.0
     dt /fs             :     5.0
     dumpstep(trj) /fs  :     100
     dumpstep(Vbias)/ps :     1.0
     Vbias factor k /Eh :  0.1400
     Vbias exp α /bohr⁻²:    0.80
*Meta-MTD 14 finished*
Starting Meta-MD  13 with the settings:
     MD time /ps        :     5.0
     dt /fs             :     5.0
     dumpstep(trj) /fs  :     100
     dumpstep(Vbias)/ps :     1.0
     Vbias factor k /Eh :  0.0280
     Vbias exp α /bohr⁻²:    0.10
*Meta-MTD 13 finished*
Starting Meta-MD  12 with the settings:
     MD time /ps        :     5.0
     dt /fs             :     5.0
     dumpstep(trj) /fs  :     100
     dumpstep(Vbias)/ps :     1.0
     Vbias factor k /Eh :  0.0210
     Vbias exp α /bohr⁻²:    0.28
*Meta-MTD 12 finished*
Starting Meta-MD  11 with the settings:
     MD time /ps        :     5.0
     dt /fs             :     5.0
     dumpstep(trj) /fs  :     100
     dumpstep(Vbias)/ps :     1.0
     Vbias factor k /Eh :  0.0420
     Vbias exp α /bohr⁻²:    0.28
*Meta-MTD 11 finished*
Starting Meta-MD  10 with the settings:
     MD time /ps        :     5.0
     dt /fs             :     5.0
     dumpstep(trj) /fs  :     100
     dumpstep(Vbias)/ps :     1.0
     Vbias factor k /Eh :  0.0840
     Vbias exp α /bohr⁻²:    0.28
*Meta-MTD 10 finished*
Starting Meta-MD   9 with the settings:
     MD time /ps        :     5.0
     dt /fs             :     5.0
     dumpstep(trj) /fs  :     100
     dumpstep(Vbias)/ps :     1.0
     Vbias factor k /Eh :  0.0210
     Vbias exp α /bohr⁻²:    0.47
*Meta-MTD 9 finished*
Starting Meta-MD   8 with the settings:
     MD time /ps        :     5.0
     dt /fs             :     5.0
     dumpstep(trj) /fs  :     100
     dumpstep(Vbias)/ps :     1.0
     Vbias factor k /Eh :  0.0420
     Vbias exp α /bohr⁻²:    0.47
*Meta-MTD 8 finished*
Starting Meta-MD   7 with the settings:
     MD time /ps        :     5.0
     dt /fs             :     5.0
     dumpstep(trj) /fs  :     100
     dumpstep(Vbias)/ps :     1.0
     Vbias factor k /Eh :  0.0840
     Vbias exp α /bohr⁻²:    0.47
*Meta-MTD 7 finished*
Starting Meta-MD   6 with the settings:
     MD time /ps        :     5.0
     dt /fs             :     5.0
     dumpstep(trj) /fs  :     100
     dumpstep(Vbias)/ps :     1.0
     Vbias factor k /Eh :  0.0210
     Vbias exp α /bohr⁻²:    0.78
*Meta-MTD 6 finished*
Starting Meta-MD   5 with the settings:
     MD time /ps        :     5.0
     dt /fs             :     5.0
     dumpstep(trj) /fs  :     100
     dumpstep(Vbias)/ps :     1.0
     Vbias factor k /Eh :  0.0420
     Vbias exp α /bohr⁻²:    0.78
*Meta-MTD 5 finished*
Starting Meta-MD   4 with the settings:
     MD time /ps        :     5.0
     dt /fs             :     5.0
     dumpstep(trj) /fs  :     100
     dumpstep(Vbias)/ps :     1.0
     Vbias factor k /Eh :  0.0840
     Vbias exp α /bohr⁻²:    0.78
*Meta-MTD 4 finished*
Starting Meta-MD   3 with the settings:
     MD time /ps        :     5.0
     dt /fs             :     5.0
     dumpstep(trj) /fs  :     100
     dumpstep(Vbias)/ps :     1.0
     Vbias factor k /Eh :  0.0210
     Vbias exp α /bohr⁻²:    1.30
*Meta-MTD 3 finished*
Starting Meta-MD   2 with the settings:
     MD time /ps        :     5.0
     dt /fs             :     5.0
     dumpstep(trj) /fs  :     100
     dumpstep(Vbias)/ps :     1.0
     Vbias factor k /Eh :  0.0420
     Vbias exp α /bohr⁻²:    1.30
*Meta-MTD 2 finished*
Starting Meta-MD   1 with the settings:
     MD time /ps        :     5.0
     dt /fs             :     5.0
     dumpstep(trj) /fs  :     100
     dumpstep(Vbias)/ps :     1.0
     Vbias factor k /Eh :  0.0840
     Vbias exp α /bohr⁻²:    1.30
*Meta-MTD 1 finished*

-----------------------
Multilevel Optimization
-----------------------

 -------------------------
 1. crude pre-optimization
 -------------------------
 Optimizing all 686 structures from file "crest_rotamers_0.xyz" ...
 1 2 3 4 5 6 7 8 9 10 11 12 13 14 15 16 17 18 19 20 21 22 23 24 25 26 27 28 29 30 31 32 33 34 35 36 37 38 39 40 41 42 43 44 45 46 47 48 49 50 51 52 53 54 55 56 57 58 59 60 61 62 63 64 65 66 67 68 69 70 71 72 73 74 75 76 77 78 79 80 81 82 83 84 85 86 87 88 89 90 91 92 93 94 95 96 97 98 99 100 101 102 103 104 105 106 107 108 109 110 111 112 113 114 115 116 117 118 119 120 121 122 123 124 125 126 127 128 129 130 131 132 133 134 135 136 137 138 139 140 141 142 143 144 145 146 147 148 149 150 151 152 153 154 155 156 157 158 159 160 161 162 163 164 165 166 167 168 169 170 171 172 173 174 175 176 177 178 179 180 181 182 183 184 185 186 187 188 189 190 191 192 193 194 195 196 197 198 199 200 201 202 203 204 205 206 207 208 209 210 211 212 213 214 215 216 217 218 219 220 221 222 223 224 225 226 227 228 229 230 231 232 233 234 235 236 237 238 239 240 241 242 243 244 245 246 247 248 249 250 251 252 253 254 255 256 257 258 259 260 261 262 263 264 265 266 267 268 269 270 271 272 273 274 275 276 277 278 279 280 281 282 283 284 285 286 287 288 289 290 291 292 293 294 295 296 297 298 299 300 301 302 303 304 305 306 307 308 309 310 311 312 313 314 315 316 317 318 319 320 321 322 323 324 325 326 327 328 329 330 331 332 333 334 335 336 337 338 339 340 341 342 343 344 345 346 347 348 349 350 351 352 353 354 355 356 357 358 359 360 361 362 363 364 365 366 367 368 369 370 371 372 373 374 375 376 377 378 379 380 381 382 383 384 385 386 387 388 389 390 391 392 393 394 395 396 397 398 399 400 401 402 403 404 405 406 407 408 409 410 411 412 413 414 415 416 417 418 419 420 421 422 423 424 425 426 427 428 429 430 431 432 433 434 435 436 437 438 439 440 441 442 443 444 445 446 447 448 449 450 451 452 453 454 455 456 457 458 459 460 461 462 463 464 465 466 467 468 469 470 471 472 473 474 475 476 477 478 479 480 481 482 483 484 485 486 487 488 489 490 491 492 493 494 495 496 497 498 499 500 501 502 503 504 505 506 507 508 509 510 511 512 513 514 515 516 517 518 519 520 521 522 523 524 525 526 527 528 529 530 531 532 533 534 535 536 537 538 539 540 541 542 543 544 545 546 547 548 549 550 551 552 553 554 555 556 557 558 559 560 561 562 563 564 565 566 567 568 569 570 571 572 573 574 575 576 577 578 579 580 581 582 583 584 585 586 587 588 589 590 591 592 593 594 595 596 597 598 599 600 601 602 603 604 605 606 607 608 609 610 611 612 613 614 615 616 617 618 619 620 621 622 623 624 625 626 627 628 629 630 631 632 633 634 635 636 637 638 639 640 641 642 643 644 645 646 647 648 649 650 651 652 653 654 655 656 657 658 659 660 661 662 663 664 665 666 667 668 669 670 671 672 673 674 675 676 677 678 679 680 681 682 683 684 685 686
 done.
 running RMSDs...
 done.
 E lowest :   -34.50471
 685 structures remain within    12.00 kcal/mol window

 -------------------------------------
 2. optimization with tight thresholds
 -------------------------------------
 Optimizing all 686 structures from file "crest_rotamers_1.xyz" ...
 1 2 3 4 5 6 7 8 9 10 11 12 13 14 15 16 17 18 19 20 21 22 23 24 25 26 27 28 29 30 31 32 33 34 35 36 37 38 39 40 41 42 43 44 45 46 47 48 49 50 51 52 53 54 55 56 57 58 59 60 61 62 63 64 65 66 67 68 69 70 71 72 73 74 75 76 77 78 79 80 81 82 83 84 85 86 87 88 89 90 91 92 93 94 95 96 97 98 99 100 101 102 103 104 105 106 107 108 109 110 111 112 113 114 115 116 117 118 119 120 121 122 123 124 125 126 127 128 129 130 131 132 133 134 135 136 137 138 139 140 141 142 143 144 145 146 147 148 149 150 151 152 153 154 155 156 157 158 159 160 161 162 163 164 165 166 167 168 169 170 171 172 173 174 175 176 177 178 179 180 181 182 183 184 185 186 187 188 189 190 191 192 193 194 195 196 197 198 199 200 201 202 203 204 205 206 207 208 209 210 211 212 213 214 215 216 217 218 219 220 221 222 223 224 225 226 227 228 229 230 231 232 233 234 235 236 237 238 239 240 241 242 243 244 245 246 247 248 249 250 251 252 253 254 255 256 257 258 259 260 261 262 263 264 265 266 267 268 269 270 271 272 273 274 275 276 277 278 279 280 281 282 283 284 285 286 287 288 289 290 291 292 293 294 295 296 297 298 299 300 301 302 303 304 305 306 307 308 309 310 311 312 313 314 315 316 317 318 319 320 321 322 323 324 325 326 327 328 329 330 331 332 333 334 335 336 337 338 339 340 341 342 343 344 345 346 347 348 349 350 351 352 353 354 355 356 357 358 359 360 361 362 363 364 365 366 367 368 369 370 371 372 373 374 375 376 377 378 379 380 381 382 383 384 385 386 387 388 389 390 391 392 393 394 395 396 397 398 399 400 401 402 403 404 405 406 407 408 409 410 411 412 413 414 415 416 417 418 419 420 421 422 423 424 425 426 427 428 429 430 431 432 433 434 435 436 437 438 439 440 441 442 443 444 445 446 447 448 449 450 451 452 453 454 455 456 457 458 459 460 461 462 463 464 465 466 467 468 469 470 471 472 473 474 475 476 477 478 479 480 481 482 483 484 485 486 487 488 489 490 491 492 493 494 495 496 497 498 499 500 501 502 503 504 505 506 507 508 509 510 511 512 513 514 515 516 517 518 519 520 521 522 523 524 525 526 527 528 529 530 531 532 533 534 535 536 537 538 539 540 541 542 543 544 545 546 547 548 549 550 551 552 553 554 555 556 557 558 559 560 561 562 563 564 565 566 567 568 569 570 571 572 573 574 575 576 577 578 579 580 581 582 583 584 585 586 587 588 589 590 591 592 593 594 595 596 597 598 599 600 601 602 603 604 605 606 607 608 609 610 611 612 613 614 615 616 617 618 619 620 621 622 623 624 625 626 627 628 629 630 631 632 633 634 635 636 637 638 639 640 641 642 643 644 645 646 647 648 649 650 651 652 653 654 655 656 657 658 659 660 661 662 663 664 665 666 667 668 669 670 671 672 673 674 675 676 677 678 679 680 681 682 683 684 685 686
 done.
 running RMSDs...
 done.
 E lowest :   -34.50643
 476 structures remain within     6.00 kcal/mol window


========================================
            MTD Iteration  2
========================================

     ========================================
     |         Meta-MD (MTD) Sampling       |
     ========================================

Starting Meta-MD  12 with the settings:
     MD time /ps        :     5.0
     dt /fs             :     5.0
     dumpstep(trj) /fs  :     100
     dumpstep(Vbias)/ps :     1.0
     Vbias factor k /Eh :  0.0210
     Vbias exp α /bohr⁻²:    0.28
*Meta-MTD 12 finished*
Starting Meta-MD  11 with the settings:
     MD time /ps        :     5.0
     dt /fs             :     5.0
     dumpstep(trj) /fs  :     100
     dumpstep(Vbias)/ps :     1.0
     Vbias factor k /Eh :  0.0420
     Vbias exp α /bohr⁻²:    0.28
*Meta-MTD 11 finished*
Starting Meta-MD  10 with the settings:
     MD time /ps        :     5.0
     dt /fs             :     5.0
     dumpstep(trj) /fs  :     100
     dumpstep(Vbias)/ps :     1.0
     Vbias factor k /Eh :  0.0840
     Vbias exp α /bohr⁻²:    0.28
*Meta-MTD 10 finished*
Starting Meta-MD   9 with the settings:
     MD time /ps        :     5.0
     dt /fs             :     5.0
     dumpstep(trj) /fs  :     100
     dumpstep(Vbias)/ps :     1.0
     Vbias factor k /Eh :  0.0210
     Vbias exp α /bohr⁻²:    0.47
*Meta-MTD 9 finished*
Starting Meta-MD   8 with the settings:
     MD time /ps        :     5.0
     dt /fs             :     5.0
     dumpstep(trj) /fs  :     100
     dumpstep(Vbias)/ps :     1.0
     Vbias factor k /Eh :  0.0420
     Vbias exp α /bohr⁻²:    0.47
*Meta-MTD 8 finished*
Starting Meta-MD   7 with the settings:
     MD time /ps        :     5.0
     dt /fs             :     5.0
     dumpstep(trj) /fs  :     100
     dumpstep(Vbias)/ps :     1.0
     Vbias factor k /Eh :  0.0840
     Vbias exp α /bohr⁻²:    0.47
*Meta-MTD 7 finished*
Starting Meta-MD   6 with the settings:
     MD time /ps        :     5.0
     dt /fs             :     5.0
     dumpstep(trj) /fs  :     100
     dumpstep(Vbias)/ps :     1.0
     Vbias factor k /Eh :  0.0210
     Vbias exp α /bohr⁻²:    0.78
*Meta-MTD 6 finished*
Starting Meta-MD   5 with the settings:
     MD time /ps        :     5.0
     dt /fs             :     5.0
     dumpstep(trj) /fs  :     100
     dumpstep(Vbias)/ps :     1.0
     Vbias factor k /Eh :  0.0420
     Vbias exp α /bohr⁻²:    0.78
*Meta-MTD 5 finished*
Starting Meta-MD   4 with the settings:
     MD time /ps        :     5.0
     dt /fs             :     5.0
     dumpstep(trj) /fs  :     100
     dumpstep(Vbias)/ps :     1.0
     Vbias factor k /Eh :  0.0840
     Vbias exp α /bohr⁻²:    0.78
*Meta-MTD 4 finished*
Starting Meta-MD   3 with the settings:
     MD time /ps        :     5.0
     dt /fs             :     5.0
     dumpstep(trj) /fs  :     100
     dumpstep(Vbias)/ps :     1.0
     Vbias factor k /Eh :  0.0210
     Vbias exp α /bohr⁻²:    1.30
*Meta-MTD 3 finished*
Starting Meta-MD   2 with the settings:
     MD time /ps        :     5.0
     dt /fs             :     5.0
     dumpstep(trj) /fs  :     100
     dumpstep(Vbias)/ps :     1.0
     Vbias factor k /Eh :  0.0420
     Vbias exp α /bohr⁻²:    1.30
*Meta-MTD 2 finished*
Starting Meta-MD   1 with the settings:
     MD time /ps        :     5.0
     dt /fs             :     5.0
     dumpstep(trj) /fs  :     100
     dumpstep(Vbias)/ps :     1.0
     Vbias factor k /Eh :  0.0840
     Vbias exp α /bohr⁻²:    1.30
*Meta-MTD 1 finished*

-----------------------
Multilevel Optimization
-----------------------

 -------------------------
 1. crude pre-optimization
 -------------------------
 Optimizing all 588 structures from file "crest_rotamers_0.xyz" ...
 1 2 3 4 5 6 7 8 9 10 11 12 13 14 15 16 17 18 19 20 21 22 23 24 25 26 27 28 29 30 31 32 33 34 35 36 37 38 39 40 41 42 43 44 45 46 47 48 49 50 51 52 53 54 55 56 57 58 59 60 61 62 63 64 65 66 67 68 69 70 71 72 73 74 75 76 77 78 79 80 81 82 83 84 85 86 87 88 89 90 91 92 93 94 95 96 97 98 99 100 101 102 103 104 105 106 107 108 109 110 111 112 113 114 115 116 117 118 119 120 121 122 123 124 125 126 127 128 129 130 131 132 133 134 135 136 137 138 139 140 141 142 143 144 145 146 147 148 149 150 151 152 153 154 155 156 157 158 159 160 161 162 163 164 165 166 167 168 169 170 171 172 173 174 175 176 177 178 179 180 181 182 183 184 185 186 187 188 189 190 191 192 193 194 195 196 197 198 199 200 201 202 203 204 205 206 207 208 209 210 211 212 213 214 215 216 217 218 219 220 221 222 223 224 225 226 227 228 229 230 231 232 233 234 235 236 237 238 239 240 241 242 243 244 245 246 247 248 249 250 251 252 253 254 255 256 257 258 259 260 261 262 263 264 265 266 267 268 269 270 271 272 273 274 275 276 277 278 279 280 281 282 283 284 285 286 287 288 289 290 291 292 293 294 295 296 297 298 299 300 301 302 303 304 305 306 307 308 309 310 311 312 313 314 315 316 317 318 319 320 321 322 323 324 325 326 327 328 329 330 331 332 333 334 335 336 337 338 339 340 341 342 343 344 345 346 347 348 349 350 351 352 353 354 355 356 357 358 359 360 361 362 363 364 365 366 367 368 369 370 371 372 373 374 375 376 377 378 379 380 381 382 383 384 385 386 387 388 389 390 391 392 393 394 395 396 397 398 399 400 401 402 403 404 405 406 407 408 409 410 411 412 413 414 415 416 417 418 419 420 421 422 423 424 425 426 427 428 429 430 431 432 433 434 435 436 437 438 439 440 441 442 443 444 445 446 447 448 449 450 451 452 453 454 455 456 457 458 459 460 461 462 463 464 465 466 467 468 469 470 471 472 473 474 475 476 477 478 479 480 481 482 483 484 485 486 487 488 489 490 491 492 493 494 495 496 497 498 499 500 501 502 503 504 505 506 507 508 509 510 511 512 513 514 515 516 517 518 519 520 521 522 523 524 525 526 527 528 529 530 531 532 533 534 535 536 537 538 539 540 541 542 543 544 545 546 547 548 549 550 551 552 553 554 555 556 557 558 559 560 561 562 563 564 565 566 567 568 569 570 571 572 573 574 575 576 577 578 579 580 581 582 583 584 585 586 587 588
 done.
 running RMSDs...
 done.
 E lowest :   -34.50584
 587 structures remain within    12.00 kcal/mol window

 -------------------------------------
 2. optimization with tight thresholds
 -------------------------------------
 Optimizing all 588 structures from file "crest_rotamers_1.xyz" ...
 1 2 3 4 5 6 7 8 9 10 11 12 13 14 15 16 17 18 19 20 21 22 23 24 25 26 27 28 29 30 31 32 33 34 35 36 37 38 39 40 41 42 43 44 45 46 47 48 49 50 51 52 53 54 55 56 57 58 59 60 61 62 63 64 65 66 67 68 69 70 71 72 73 74 75 76 77 78 79 80 81 82 83 84 85 86 87 88 89 90 91 92 93 94 95 96 97 98 99 100 101 102 103 104 105 106 107 108 109 110 111 112 113 114 115 116 117 118 119 120 121 122 123 124 125 126 127 128 129 130 131 132 133 134 135 136 137 138 139 140 141 142 143 144 145 146 147 148 149 150 151 152 153 154 155 156 157 158 159 160 161 162 163 164 165 166 167 168 169 170 171 172 173 174 175 176 177 178 179 180 181 182 183 184 185 186 187 188 189 190 191 192 193 194 195 196 197 198 199 200 201 202 203 204 205 206 207 208 209 210 211 212 213 214 215 216 217 218 219 220 221 222 223 224 225 226 227 228 229 230 231 232 233 234 235 236 237 238 239 240 241 242 243 244 245 246 247 248 249 250 251 252 253 254 255 256 257 258 259 260 261 262 263 264 265 266 267 268 269 270 271 272 273 274 275 276 277 278 279 280 281 282 283 284 285 286 287 288 289 290 291 292 293 294 295 296 297 298 299 300 301 302 303 304 305 306 307 308 309 310 311 312 313 314 315 316 317 318 319 320 321 322 323 324 325 326 327 328 329 330 331 332 333 334 335 336 337 338 339 340 341 342 343 344 345 346 347 348 349 350 351 352 353 354 355 356 357 358 359 360 361 362 363 364 365 366 367 368 369 370 371 372 373 374 375 376 377 378 379 380 381 382 383 384 385 386 387 388 389 390 391 392 393 394 395 396 397 398 399 400 401 402 403 404 405 406 407 408 409 410 411 412 413 414 415 416 417 418 419 420 421 422 423 424 425 426 427 428 429 430 431 432 433 434 435 436 437 438 439 440 441 442 443 444 445 446 447 448 449 450 451 452 453 454 455 456 457 458 459 460 461 462 463 464 465 466 467 468 469 470 471 472 473 474 475 476 477 478 479 480 481 482 483 484 485 486 487 488 489 490 491 492 493 494 495 496 497 498 499 500 501 502 503 504 505 506 507 508 509 510 511 512 513 514 515 516 517 518 519 520 521 522 523 524 525 526 527 528 529 530 531 532 533 534 535 536 537 538 539 540 541 542 543 544 545 546 547 548 549 550 551 552 553 554 555 556 557 558 559 560 561 562 563 564 565 566 567 568 569 570 571 572 573 574 575 576 577 578 579 580 581 582 583 584 585 586 587 588
 done.
 running RMSDs...
 done.
 E lowest :   -34.50643
 375 structures remain within     6.00 kcal/mol window

========================================
            MTD Iterations done         
========================================
 Collecting ensmbles.
 running RMSDs...
 done.
 E lowest :   -34.50643
 817 structures remain within     6.00 kcal/mol window

-----------------------------------------------
Additional regular MDs on lowest 4 conformer(s)
-----------------------------------------------
Starting MD   8 with the settings:
     MD time /ps        :     2.5
     MD Temperature /K  :   500.0
     dt /fs             :     5.0
     dumpstep(trj) /fs  :     100
*MD 8 finished*
Starting MD   7 with the settings:
     MD time /ps        :     2.5
     MD Temperature /K  :   400.0
     dt /fs             :     5.0
     dumpstep(trj) /fs  :     100
*MD 7 finished*
Starting MD   6 with the settings:
     MD time /ps        :     2.5
     MD Temperature /K  :   500.0
     dt /fs             :     5.0
     dumpstep(trj) /fs  :     100
*MD 6 finished*
Starting MD   5 with the settings:
     MD time /ps        :     2.5
     MD Temperature /K  :   400.0
     dt /fs             :     5.0
     dumpstep(trj) /fs  :     100
*MD 5 finished*
Starting MD   4 with the settings:
     MD time /ps        :     2.5
     MD Temperature /K  :   500.0
     dt /fs             :     5.0
     dumpstep(trj) /fs  :     100
*MD 4 finished*
Starting MD   3 with the settings:
     MD time /ps        :     2.5
     MD Temperature /K  :   400.0
     dt /fs             :     5.0
     dumpstep(trj) /fs  :     100
*MD 3 finished*
Starting MD   2 with the settings:
     MD time /ps        :     2.5
     MD Temperature /K  :   500.0
     dt /fs             :     5.0
     dumpstep(trj) /fs  :     100
*MD 2 finished*
Starting MD   1 with the settings:
     MD time /ps        :     2.5
     MD Temperature /K  :   400.0
     dt /fs             :     5.0
     dumpstep(trj) /fs  :     100
*MD 1 finished*
 Appending file crest_rotamers_1.xyz with new structures

 -------------------------------------------
 Ensemble optimization with tight thresholds
 -------------------------------------------
 Optimizing all 1009 structures from file "crest_rotamers_1.xyz" ...
 1 2 3 4 5 6 7 8 9 10 11 12 13 14 15 16 17 18 19 20 21 22 23 24 25 26 27 28 29 30 31 32 33 34 35 36 37 38 39 40 41 42 43 44 45 46 47 48 49 50 51 52 53 54 55 56 57 58 59 60 61 62 63 64 65 66 67 68 69 70 71 72 73 74 75 76 77 78 79 80 81 82 83 84 85 86 87 88 89 90 91 92 93 94 95 96 97 98 99 100 101 102 103 104 105 106 107 108 109 110 111 112 113 114 115 116 117 118 119 120 121 122 123 124 125 126 127 128 129 130 131 132 133 134 135 136 137 138 139 140 141 142 143 144 145 146 147 148 149 150 151 152 153 154 155 156 157 158 159 160 161 162 163 164 165 166 167 168 169 170 171 172 173 174 175 176 177 178 179 180 181 182 183 184 185 186 187 188 189 190 191 192 193 194 195 196 197 198 199 200 201 202 203 204 205 206 207 208 209 210 211 212 213 214 215 216 217 218 219 220 221 222 223 224 225 226 227 228 229 230 231 232 233 234 235 236 237 238 239 240 241 242 243 244 245 246 247 248 249 250 251 252 253 254 255 256 257 258 259 260 261 262 263 264 265 266 267 268 269 270 271 272 273 274 275 276 277 278 279 280 281 282 283 284 285 286 287 288 289 290 291 292 293 294 295 296 297 298 299 300 301 302 303 304 305 306 307 308 309 310 311 312 313 314 315 316 317 318 319 320 321 322 323 324 325 326 327 328 329 330 331 332 333 334 335 336 337 338 339 340 341 342 343 344 345 346 347 348 349 350 351 352 353 354 355 356 357 358 359 360 361 362 363 364 365 366 367 368 369 370 371 372 373 374 375 376 377 378 379 380 381 382 383 384 385 386 387 388 389 390 391 392 393 394 395 396 397 398 399 400 401 402 403 404 405 406 407 408 409 410 411 412 413 414 415 416 417 418 419 420 421 422 423 424 425 426 427 428 429 430 431 432 433 434 435 436 437 438 439 440 441 442 443 444 445 446 447 448 449 450 451 452 453 454 455 456 457 458 459 460 461 462 463 464 465 466 467 468 469 470 471 472 473 474 475 476 477 478 479 480 481 482 483 484 485 486 487 488 489 490 491 492 493 494 495 496 497 498 499 500 501 502 503 504 505 506 507 508 509 510 511 512 513 514 515 516 517 518 519 520 521 522 523 524 525 526 527 528 529 530 531 532 533 534 535 536 537 538 539 540 541 542 543 544 545 546 547 548 549 550 551 552 553 554 555 556 557 558 559 560 561 562 563 564 565 566 567 568 569 570 571 572 573 574 575 576 577 578 579 580 581 582 583 584 585 586 587 588 589 590 591 592 593 594 595 596 597 598 599 600 601 602 603 604 605 606 607 608 609 610 611 612 613 614 615 616 617 618 619 620 621 622 623 624 625 626 627 628 629 630 631 632 633 634 635 636 637 638 639 640 641 642 643 644 645 646 647 648 649 650 651 652 653 654 655 656 657 658 659 660 661 662 663 664 665 666 667 668 669 670 671 672 673 674 675 676 677 678 679 680 681 682 683 684 685 686 687 688 689 690 691 692 693 694 695 696 697 698 699 700 701 702 703 704 705 706 707 708 709 710 711 712 713 714 715 716 717 718 719 720 721 722 723 724 725 726 727 728 729 730 731 732 733 734 735 736 737 738 739 740 741 742 743 744 745 746 747 748 749 750 751 752 753 754 755 756 757 758 759 760 761 762 763 764 765 766 767 768 769 770 771 772 773 774 775 776 777 778 779 780 781 782 783 784 785 786 787 788 789 790 791 792 793 794 795 796 797 798 799 800 801 802 803 804 805 806 807 808 809 810 811 812 813 814 815 816 817 818 819 820 821 822 823 824 825 826 827 828 829 830 831 832 833 834 835 836 837 838 839 840 841 842 843 844 845 846 847 848 849 850 851 852 853 854 855 856 857 858 859 860 861 862 863 864 865 866 867 868 869 870 871 872 873 874 875 876 877 878 879 880 881 882 883 884 885 886 887 888 889 890 891 892 893 894 895 896 897 898 899 900 901 902 903 904 905 906 907 908 909 910 911 912 913 914 915 916 917 918 919 920 921 922 923 924 925 926 927 928 929 930 931 932 933 934 935 936 937 938 939 940 941 942 943 944 945 946 947 948 949 950 951 952 953 954 955 956 957 958 959 960 961 962 963 964 965 966 967 968 969 970 971 972 973 974 975 976 977 978 979 980 981 982 983 984 985 986 987 988 989 990 991 992 993 994 995 996 997 998 999 1000 1001 1002 1003 1004 1005 1006 1007 1008 1009
 done.
 running RMSDs...
 done.
 E lowest :   -34.50643
 828 structures remain within     6.00 kcal/mol window


     ========================================
     |        Structure Crossing (GC)       |
     ========================================
 =============================
  # threads =           1
 =============================
 input  file name : crest_rotamers_3.xyz
number of atoms                :    28
number of points on xyz files  :   828
conformer energy window  /kcal :    6.00
CN per atom difference cut-off :  0.3000
RMSD threshold                 :  0.2500
max. # of generated structures : 250
 reading xyz file ...
 # in E window                828
 generating pairs ...      343205
  12.1 % done
  24.2 % done
  36.2 % done
  48.3 % done
  60.4 % done
  72.5 % done
  84.5 % done
  96.6 % done
 generated pairs           :        3589
 number of clash discarded :      338789
 average rmsd w.r.t input  : 3.18764
 sd of ensemble            : 0.97416
 number of new structures      :         189
 removed identical structures  :         311
 writing          189  TMPCONF* dirs ...
 --------------------------
 GC: loose pre-optimization
 --------------------------
 Starting optimization of generated structures
 189 jobs to do.
 1 2 3 4 5 6 7 8 9 10 11 12 13 14 15 16 17 18 19 20 21 22 23 24 25 26 27 28 29 30 31 32 33 34 35 36 37 38 39 40 41 42 43 44 45 46 47 48 49 50 51 52 53 54 55 56 57 58 59 60 61 62 63 64 65 66 67 68 69 70 71 72 73 74 75 76 77 78 79 80 81 82 83 84 85 86 87 88 89 90 91 92 93 94 95 96 97 98 99 100 101 102 103 104 105 106 107 108 109 110 111 112 113 114 115 116 117 118 119 120 121 122 123 124 125 126 127 128 129 130 131 132 133 134 135 136 137 138 139 140 141 142 143 144 145 146 147 148 149 150 151 152 153 154 155 156 157 158 159 160 161 162 163 164 165 166 167 168 169 170 171 172 173 174 175 176 177 178 179 180 181 182 183 184 185 186 187 188 189 
 done.
 Now appending opt.xyz file with new structures
 running RMSDs...
 done.
 E lowest :   -34.50641
 179 structures remain within    10.00 kcal/mol window
 --------------------------------------
 GC: optimization with tight thresholds
 --------------------------------------
 Optimizing all 179 structures from file "crest_rotamers_1.xyz" ...
 1 2 3 4 5 6 7 8 9 10 11 12 13 14 15 16 17 18 19 20 21 22 23 24 25 26 27 28 29 30 31 32 33 34 35 36 37 38 39 40 41 42 43 44 45 46 47 48 49 50 51 52 53 54 55 56 57 58 59 60 61 62 63 64 65 66 67 68 69 70 71 72 73 74 75 76 77 78 79 80 81 82 83 84 85 86 87 88 89 90 91 92 93 94 95 96 97 98 99 100 101 102 103 104 105 106 107 108 109 110 111 112 113 114 115 116 117 118 119 120 121 122 123 124 125 126 127 128 129 130 131 132 133 134 135 136 137 138 139 140 141 142 143 144 145 146 147 148 149 150 151 152 153 154 155 156 157 158 159 160 161 162 163 164 165 166 167 168 169 170 171 172 173 174 175 176 177 178 179
 done.
 running RMSDs...
 done.
 E lowest :   -34.50643


   ================================================
   |           Final Geometry Optimization        |
   ================================================
 ------------------------------------------------
 Ensemble optimization with very tight thresholds
 ------------------------------------------------
 Optimizing all 913 structures from file "crest_rotamers_4.xyz" ...
 1 2 3 4 5 6 7 8 9 10 11 12 13 14 15 16 17 18 19 20 21 22 23 24 25 26 27 28 29 30 31 32 33 34 35 36 37 38 39 40 41 42 43 44 45 46 47 48 49 50 51 52 53 54 55 56 57 58 59 60 61 62 63 64 65 66 67 68 69 70 71 72 73 74 75 76 77 78 79 80 81 82 83 84 85 86 87 88 89 90 91 92 93 94 95 96 97 98 99 100 101 102 103 104 105 106 107 108 109 110 111 112 113 114 115 116 117 118 119 120 121 122 123 124 125 126 127 128 129 130 131 132 133 134 135 136 137 138 139 140 141 142 143 144 145 146 147 148 149 150 151 152 153 154 155 156 157 158 159 160 161 162 163 164 165 166 167 168 169 170 171 172 173 174 175 176 177 178 179 180 181 182 183 184 185 186 187 188 189 190 191 192 193 194 195 196 197 198 199 200 201 202 203 204 205 206 207 208 209 210 211 212 213 214 215 216 217 218 219 220 221 222 223 224 225 226 227 228 229 230 231 232 233 234 235 236 237 238 239 240 241 242 243 244 245 246 247 248 249 250 251 252 253 254 255 256 257 258 259 260 261 262 263 264 265 266 267 268 269 270 271 272 273 274 275 276 277 278 279 280 281 282 283 284 285 286 287 288 289 290 291 292 293 294 295 296 297 298 299 300 301 302 303 304 305 306 307 308 309 310 311 312 313 314 315 316 317 318 319 320 321 322 323 324 325 326 327 328 329 330 331 332 333 334 335 336 337 338 339 340 341 342 343 344 345 346 347 348 349 350 351 352 353 354 355 356 357 358 359 360 361 362 363 364 365 366 367 368 369 370 371 372 373 374 375 376 377 378 379 380 381 382 383 384 385 386 387 388 389 390 391 392 393 394 395 396 397 398 399 400 401 402 403 404 405 406 407 408 409 410 411 412 413 414 415 416 417 418 419 420 421 422 423 424 425 426 427 428 429 430 431 432 433 434 435 436 437 438 439 440 441 442 443 444 445 446 447 448 449 450 451 452 453 454 455 456 457 458 459 460 461 462 463 464 465 466 467 468 469 470 471 472 473 474 475 476 477 478 479 480 481 482 483 484 485 486 487 488 489 490 491 492 493 494 495 496 497 498 499 500 501 502 503 504 505 506 507 508 509 510 511 512 513 514 515 516 517 518 519 520 521 522 523 524 525 526 527 528 529 530 531 532 533 534 535 536 537 538 539 540 541 542 543 544 545 546 547 548 549 550 551 552 553 554 555 556 557 558 559 560 561 562 563 564 565 566 567 568 569 570 571 572 573 574 575 576 577 578 579 580 581 582 583 584 585 586 587 588 589 590 591 592 593 594 595 596 597 598 599 600 601 602 603 604 605 606 607 608 609 610 611 612 613 614 615 616 617 618 619 620 621 622 623 624 625 626 627 628 629 630 631 632 633 634 635 636 637 638 639 640 641 642 643 644 645 646 647 648 649 650 651 652 653 654 655 656 657 658 659 660 661 662 663 664 665 666 667 668 669 670 671 672 673 674 675 676 677 678 679 680 681 682 683 684 685 686 687 688 689 690 691 692 693 694 695 696 697 698 699 700 701 702 703 704 705 706 707 708 709 710 711 712 713 714 715 716 717 718 719 720 721 722 723 724 725 726 727 728 729 730 731 732 733 734 735 736 737 738 739 740 741 742 743 744 745 746 747 748 749 750 751 752 753 754 755 756 757 758 759 760 761 762 763 764 765 766 767 768 769 770 771 772 773 774 775 776 777 778 779 780 781 782 783 784 785 786 787 788 789 790 791 792 793 794 795 796 797 798 799 800 801 802 803 804 805 806 807 808 809 810 811 812 813 814 815 816 817 818 819 820 821 822 823 824 825 826 827 828 829 830 831 832 833 834 835 836 837 838 839 840 841 842 843 844 845 846 847 848 849 850 851 852 853 854 855 856 857 858 859 860 861 862 863 864 865 866 867 868 869 870 871 872 873 874 875 876 877 878 879 880 881 882 883 884 885 886 887 888 889 890 891 892 893 894 895 896 897 898 899 900 901 902 903 904 905 906 907 908 909 910 911 912 913
 done.
 running RMSDs...
 done.
 E lowest :   -34.50643
 821 structures remain within     6.00 kcal/mol window

 input  file name : crest_rotamers_5.xyz
 output file name : crest_rotamers_6.xyz
 number of atoms                :   28
 number of points on xyz files  :   913
 RMSD threshold                 :   0.1250
 Bconst threshold               :   0.0100
 population threshold           :   0.0500
 conformer energy window  /kcal :   6.0000
 # fragment in coord            :     2
 # bonds in reference structure :    26
 number of reliable points      :   913
 reference state Etot :  -34.506428749999998
 number of doubles removed by rot/RMSD         :          92
 total number unique points considered further :         821
       Erel/kcal        Etot weight/tot  conformer     set   degen     origin
       1   0.000   -34.50643    0.00561    0.93292       1     167     gc
       2   0.000   -34.50643    0.00561                                md6
       3   0.000   -34.50643    0.00561                                gc
       4   0.000   -34.50643    0.00561                                mtd4
       5   0.000   -34.50643    0.00561                                mtd7
       6   0.000   -34.50643    0.00561                                gc
       7   0.000   -34.50643    0.00561                                mtd7
       8   0.000   -34.50643    0.00561                                mtd14
       9   0.000   -34.50643    0.00561                                mtd8
      10   0.000   -34.50643    0.00561                                mtd11
      11   0.000   -34.50643    0.00561                                mtd1
      12   0.000   -34.50643    0.00561                                gc
      13   0.000   -34.50643    0.00561                                mtd1
      14   0.000   -34.50643    0.00561                                mtd8
      15   0.000   -34.50643    0.00561                                mtd12
      16   0.000   -34.50643    0.00561                                gc
      17   0.000   -34.50643    0.00561                                mtd9
      18   0.000   -34.50643    0.00561                                mtd9
      19   0.000   -34.50643    0.00561                                mtd4
      20   0.000   -34.50643    0.00561                                mtd6
      21   0.000   -34.50643    0.00561                                mtd10
      22   0.000   -34.50643    0.00561                                mtd8
      23   0.000   -34.50643    0.00561                                mtd3
      24   0.000   -34.50643    0.00561                                mtd8
      25   0.000   -34.50643    0.00561                                md5
      26   0.000   -34.50643    0.00561                                gc
      27   0.000   -34.50643    0.00561                                mtd10
      28   0.000   -34.50643    0.00561                                gc
      29   0.000   -34.50643    0.00561                                gc
      30   0.000   -34.50643    0.00561                                mtd11
      31   0.000   -34.50643    0.00561                                mtd7
      32   0.000   -34.50643    0.00561                                gc
      33   0.000   -34.50643    0.00560                                mtd7
      34   0.000   -34.50643    0.00560                                mtd7
      35   0.000   -34.50643    0.00560                                mtd6
      36   0.000   -34.50643    0.00560                                mtd2
      37   0.000   -34.50643    0.00560                                gc
      38   0.000   -34.50643    0.00560                                md4
      39   0.000   -34.50643    0.00560                                md2
      40   0.000   -34.50643    0.00560                                mtd1
      41   0.000   -34.50643    0.00560                                mtd3
      42   0.000   -34.50643    0.00560                                gc
      43   0.000   -34.50643    0.00560                                gc
      44   0.000   -34.50643    0.00560                                mtd1
      45   0.000   -34.50643    0.00560                                gc
      46   0.001   -34.50643    0.00560                                gc
      47   0.001   -34.50643    0.00560                                gc
      48   0.001   -34.50643    0.00560                                gc
      49   0.001   -34.50643    0.00560                                gc
      50   0.001   -34.50643    0.00560                                gc
      51   0.001   -34.50643    0.00560                                mtd4
      52   0.001   -34.50643    0.00560                                mtd6
      53   0.001   -34.50643    0.00560                                gc
      54   0.001   -34.50643    0.00560                                mtd6
      55   0.001   -34.50643    0.00560                                gc
      56   0.001   -34.50643    0.00560                                gc
      57   0.001   -34.50643    0.00560                                gc
      58   0.001   -34.50643    0.00560                                mtd9
      59   0.001   -34.50643    0.00560                                md6
      60   0.001   -34.50643    0.00560                                mtd4
      61   0.001   -34.50643    0.00560                                mtd4
      62   0.001   -34.50643    0.00560                                gc
      63   0.001   -34.50643    0.00560                                gc
      64   0.001   -34.50643    0.00560                                gc
      65   0.001   -34.50643    0.00560                                gc
      66   0.001   -34.50643    0.00560                                gc
      67   0.001   -34.50643    0.00560                                mtd12
      68   0.001   -34.50643    0.00560                                gc
      69   0.001   -34.50643    0.00560                                gc
      70   0.001   -34.50643    0.00560                                gc
      71   0.001   -34.50643    0.00560                                gc
      72   0.001   -34.50643    0.00560                                gc
      73   0.001   -34.50643    0.00560                                md3
      74   0.001   -34.50643    0.00560                                gc
      75   0.001   -34.50643    0.00560                                gc
      76   0.001   -34.50643    0.00560                                mtd7
      77   0.001   -34.50643    0.00560                                gc
      78   0.001   -34.50643    0.00560                                mtd2
      79   0.001   -34.50643    0.00560                                mtd11
      80   0.001   -34.50643    0.00560                                mtd1
      81   0.001   -34.50643    0.00560                                mtd12
      82   0.001   -34.50643    0.00560                                gc
      83   0.001   -34.50643    0.00560                                gc
      84   0.001   -34.50643    0.00560                                gc
      85   0.001   -34.50643    0.00560                                mtd4
      86   0.001   -34.50643    0.00560                                mtd2
      87   0.001   -34.50643    0.00560                                mtd7
      88   0.001   -34.50643    0.00560                                gc
      89   0.001   -34.50643    0.00560                                gc
      90   0.001   -34.50643    0.00560                                gc
      91   0.001   -34.50643    0.00560                                mtd1
      92   0.001   -34.50643    0.00560                                mtd6
      93   0.001   -34.50643    0.00560                                gc
      94   0.001   -34.50643    0.00560                                gc
      95   0.001   -34.50643    0.00560                                gc
      96   0.001   -34.50643    0.00560                                md4
      97   0.001   -34.50643    0.00560                                mtd2
      98   0.001   -34.50643    0.00560                                mtd4
      99   0.001   -34.50643    0.00560                                mtd7
     100   0.001   -34.50643    0.00560                                mtd4
     101   0.001   -34.50643    0.00560                                md2
     102   0.001   -34.50643    0.00560                                mtd7
     103   0.001   -34.50643    0.00560                                gc
     104   0.001   -34.50643    0.00560                                gc
     105   0.001   -34.50643    0.00560                                gc
     106   0.001   -34.50643    0.00560                                mtd7
     107   0.001   -34.50643    0.00560                                gc
     108   0.001   -34.50643    0.00560                                gc
     109   0.001   -34.50643    0.00559                                gc
     110   0.001   -34.50643    0.00559                                mtd7
     111   0.001   -34.50643    0.00559                                gc
     112   0.002   -34.50643    0.00559                                gc
     113   0.002   -34.50643    0.00559                                mtd9
     114   0.002   -34.50643    0.00559                                mtd4
     115   0.002   -34.50643    0.00559                                gc
     116   0.002   -34.50643    0.00559                                gc
     117   0.002   -34.50643    0.00559                                gc
     118   0.002   -34.50643    0.00559                                gc
     119   0.002   -34.50643    0.00559                                gc
     120   0.002   -34.50643    0.00559                                mtd11
     121   0.002   -34.50643    0.00559                                mtd6
     122   0.002   -34.50643    0.00559                                gc
     123   0.002   -34.50643    0.00559                                gc
     124   0.002   -34.50643    0.00559                                gc
     125   0.002   -34.50643    0.00559                                mtd2
     126   0.002   -34.50643    0.00559                                mtd4
     127   0.002   -34.50642    0.00559                                gc
     128   0.003   -34.50642    0.00558                                gc
     129   0.003   -34.50642    0.00558                                mtd14
     130   0.003   -34.50642    0.00558                                gc
     131   0.003   -34.50642    0.00558                                mtd4
     132   0.003   -34.50642    0.00558                                mtd11
     133   0.004   -34.50642    0.00557                                gc
     134   0.004   -34.50642    0.00557                                md2
     135   0.004   -34.50642    0.00557                                mtd4
     136   0.004   -34.50642    0.00557                                gc
     137   0.004   -34.50642    0.00557                                mtd6
     138   0.004   -34.50642    0.00557                                gc
     139   0.004   -34.50642    0.00557                                gc
     140   0.004   -34.50642    0.00557                                mtd6
     141   0.005   -34.50642    0.00557                                gc
     142   0.005   -34.50642    0.00556                                mtd5
     143   0.005   -34.50642    0.00556                                mtd4
     144   0.005   -34.50642    0.00556                                gc
     145   0.005   -34.50642    0.00556                                gc
     146   0.005   -34.50642    0.00556                                mtd4
     147   0.006   -34.50642    0.00555                                mtd6
     148   0.006   -34.50642    0.00555                                gc
     149   0.007   -34.50642    0.00555                                gc
     150   0.007   -34.50642    0.00554                                mtd7
     151   0.007   -34.50642    0.00554                                gc
     152   0.007   -34.50642    0.00554                                gc
     153   0.008   -34.50642    0.00554                                gc
     154   0.008   -34.50642    0.00553                                mtd6
     155   0.008   -34.50642    0.00553                                mtd1
     156   0.009   -34.50642    0.00553                                mtd10
     157   0.009   -34.50641    0.00553                                gc
     158   0.009   -34.50641    0.00552                                mtd12
     159   0.009   -34.50641    0.00552                                gc
     160   0.010   -34.50641    0.00552                                gc
     161   0.010   -34.50641    0.00552                                mtd10
     162   0.011   -34.50641    0.00551                                gc
     163   0.011   -34.50641    0.00551                                mtd2
     164   0.011   -34.50641    0.00550                                mtd10
     165   0.012   -34.50641    0.00550                                gc
     166   0.014   -34.50641    0.00547                                mtd5
     167   0.031   -34.50638    0.00532                                mtd7
     168   1.048   -34.50476    0.00096    0.01962       2      21     mtd6
     169   1.049   -34.50476    0.00096                                mtd2
     170   1.053   -34.50475    0.00095                                mtd6
     171   1.074   -34.50472    0.00092                                mtd11
     172   1.053   -34.50475    0.00095                                mtd6
     173   1.074   -34.50472    0.00092                                mtd2
     174   1.055   -34.50475    0.00095                                mtd3
     175   1.055   -34.50475    0.00095                                mtd3
     176   1.075   -34.50472    0.00091                                md6
     177   1.078   -34.50471    0.00091                                gc
     178   1.057   -34.50474    0.00094                                gc
     179   1.058   -34.50474    0.00094                                gc
     180   1.059   -34.50474    0.00094                                mtd6
     181   1.061   -34.50474    0.00094                                mtd4
     182   1.063   -34.50473    0.00093                                gc
     183   1.065   -34.50473    0.00093                                mtd3
     184   1.066   -34.50473    0.00093                                gc
     185   1.067   -34.50473    0.00093                                gc
     186   1.068   -34.50473    0.00093                                mtd1
     187   1.071   -34.50472    0.00092                                mtd4
     188   1.072   -34.50472    0.00092                                mtd1
     189   1.073   -34.50472    0.00092    0.00458       3       5     mtd8
     190   1.073   -34.50472    0.00092                                gc
     191   1.074   -34.50472    0.00092                                mtd1
     192   1.074   -34.50472    0.00092                                md4
     193   1.079   -34.50471    0.00091                                mtd8
     194   1.861   -34.50346    0.00024    0.03078       4     128     mtd4
     195   1.862   -34.50346    0.00024                                mtd3
     196   1.862   -34.50346    0.00024                                mtd12
     197   1.862   -34.50346    0.00024                                mtd12
     198   1.862   -34.50346    0.00024                                mtd10
     199   1.862   -34.50346    0.00024                                mtd1
     200   1.862   -34.50346    0.00024                                mtd11
     201   1.862   -34.50346    0.00024                                mtd5
     202   1.862   -34.50346    0.00024                                mtd2
     203   1.862   -34.50346    0.00024                                mtd12
     204   1.862   -34.50346    0.00024                                mtd14
     205   1.863   -34.50346    0.00024                                mtd9
     206   1.863   -34.50346    0.00024                                mtd4
     207   1.863   -34.50346    0.00024                                mtd7
     208   1.863   -34.50346    0.00024                                mtd1
     209   1.863   -34.50346    0.00024                                mtd12
     210   1.863   -34.50346    0.00024                                mtd6
     211   1.863   -34.50346    0.00024                                mtd2
     212   1.863   -34.50346    0.00024                                mtd1
     213   1.863   -34.50346    0.00024                                mtd4
     214   1.863   -34.50346    0.00024                                mtd8
     215   1.863   -34.50346    0.00024                                mtd7
     216   1.863   -34.50346    0.00024                                mtd5
     217   1.863   -34.50346    0.00024                                mtd12
     218   1.864   -34.50346    0.00024                                mtd4
     219   1.864   -34.50346    0.00024                                mtd1
     220   1.864   -34.50346    0.00024                                mtd4
     221   1.864   -34.50346    0.00024                                mtd14
     222   1.864   -34.50346    0.00024                                mtd6
     223   1.864   -34.50346    0.00024                                mtd1
     224   1.864   -34.50346    0.00024                                mtd12
     225   1.864   -34.50346    0.00024                                mtd7
     226   1.864   -34.50346    0.00024                                mtd9
     227   1.864   -34.50346    0.00024                                mtd12
     228   1.865   -34.50346    0.00024                                mtd13
     229   1.865   -34.50346    0.00024                                mtd1
     230   1.865   -34.50346    0.00024                                mtd2
     231   1.865   -34.50346    0.00024                                mtd1
     232   1.865   -34.50346    0.00024                                mtd14
     233   1.865   -34.50346    0.00024                                mtd1
     234   1.865   -34.50346    0.00024                                mtd7
     235   1.865   -34.50346    0.00024                                mtd5
     236   1.865   -34.50346    0.00024                                mtd14
     237   1.865   -34.50346    0.00024                                md5
     238   1.865   -34.50346    0.00024                                mtd13
     239   1.865   -34.50346    0.00024                                mtd14
     240   1.865   -34.50346    0.00024                                mtd14
     241   1.865   -34.50346    0.00024                                mtd11
     242   1.865   -34.50346    0.00024                                mtd12
     243   1.866   -34.50346    0.00024                                mtd11
     244   1.866   -34.50346    0.00024                                mtd14
     245   1.866   -34.50346    0.00024                                mtd12
     246   1.866   -34.50346    0.00024                                mtd12
     247   1.866   -34.50346    0.00024                                mtd1
     248   1.866   -34.50346    0.00024                                mtd14
     249   1.866   -34.50346    0.00024                                mtd14
     250   1.866   -34.50346    0.00024                                mtd12
     251   1.866   -34.50345    0.00024                                mtd12
     252   1.866   -34.50345    0.00024                                mtd9
     253   1.866   -34.50345    0.00024                                mtd5
     254   1.866   -34.50345    0.00024                                mtd14
     255   1.866   -34.50345    0.00024                                mtd6
     256   1.867   -34.50345    0.00024                                mtd2
     257   1.867   -34.50345    0.00024                                mtd6
     258   1.867   -34.50345    0.00024                                mtd1
     259   1.867   -34.50345    0.00024                                mtd2
     260   1.867   -34.50345    0.00024                                mtd14
     261   1.867   -34.50345    0.00024                                mtd14
     262   1.867   -34.50345    0.00024                                mtd12
     263   1.867   -34.50345    0.00024                                mtd1
     264   1.867   -34.50345    0.00024                                mtd14
     265   1.867   -34.50345    0.00024                                mtd14
     266   1.867   -34.50345    0.00024                                mtd14
     267   1.868   -34.50345    0.00024                                mtd2
     268   1.868   -34.50345    0.00024                                mtd14
     269   1.884   -34.50343    0.00023                                mtd6
     270   1.868   -34.50345    0.00024                                mtd11
     271   1.868   -34.50345    0.00024                                md3
     272   1.868   -34.50345    0.00024                                mtd10
     273   1.868   -34.50345    0.00024                                mtd12
     274   1.868   -34.50345    0.00024                                mtd5
     275   1.868   -34.50345    0.00024                                mtd5
     276   1.868   -34.50345    0.00024                                mtd12
     277   1.868   -34.50345    0.00024                                mtd14
     278   1.868   -34.50345    0.00024                                mtd3
     279   1.869   -34.50345    0.00024                                mtd3
     280   1.869   -34.50345    0.00024                                mtd9
     281   1.869   -34.50345    0.00024                                mtd10
     282   1.869   -34.50345    0.00024                                mtd7
     283   1.869   -34.50345    0.00024                                mtd1
     284   1.869   -34.50345    0.00024                                mtd12
     285   1.869   -34.50345    0.00024                                mtd1
     286   1.870   -34.50345    0.00024                                mtd5
     287   1.870   -34.50345    0.00024                                mtd14
     288   1.870   -34.50345    0.00024                                mtd6
     289   1.870   -34.50345    0.00024                                mtd14
     290   1.870   -34.50345    0.00024                                mtd6
     291   1.871   -34.50345    0.00024                                mtd7
     292   1.871   -34.50345    0.00024                                mtd12
     293   1.871   -34.50345    0.00024                                mtd14
     294   1.871   -34.50345    0.00024                                mtd5
     295   1.871   -34.50345    0.00024                                mtd1
     296   1.871   -34.50345    0.00024                                mtd14
     297   1.871   -34.50345    0.00024                                mtd6
     298   1.871   -34.50345    0.00024                                mtd9
     299   1.871   -34.50345    0.00024                                mtd12
     300   1.872   -34.50345    0.00024                                mtd12
     301   1.872   -34.50345    0.00024                                mtd14
     302   1.872   -34.50344    0.00024                                mtd5
     303   1.873   -34.50344    0.00024                                mtd12
     304   1.873   -34.50344    0.00024                                mtd1
     305   1.873   -34.50344    0.00024                                mtd5
     306   1.873   -34.50344    0.00024                                mtd4
     307   1.873   -34.50344    0.00024                                mtd5
     308   1.873   -34.50344    0.00024                                mtd11
     309   1.874   -34.50344    0.00024                                mtd9
     310   1.874   -34.50344    0.00024                                mtd11
     311   1.874   -34.50344    0.00024                                mtd1
     312   1.875   -34.50344    0.00024                                mtd14
     313   1.875   -34.50344    0.00024                                mtd7
     314   1.876   -34.50344    0.00024                                mtd5
     315   1.876   -34.50344    0.00024                                mtd14
     316   1.877   -34.50344    0.00024                                mtd14
     317   1.877   -34.50344    0.00024                                mtd1
     318   1.877   -34.50344    0.00024                                mtd7
     319   1.879   -34.50343    0.00024                                mtd5
     320   1.880   -34.50343    0.00024                                mtd1
     321   1.880   -34.50343    0.00024                                mtd12
     322   1.881   -34.50343    0.00024    0.00069       5       3     mtd12
     323   1.891   -34.50342    0.00023                                mtd14
     324   1.904   -34.50340    0.00023                                mtd12
     325   2.218   -34.50289    0.00013    0.00013       6       1     mtd1
     326   2.220   -34.50289    0.00013    0.00291       7      22     mtd12
     327   2.220   -34.50289    0.00013                                mtd4
     328   2.221   -34.50289    0.00013                                mtd5
     329   2.221   -34.50289    0.00013                                mtd5
     330   2.223   -34.50289    0.00013                                mtd2
     331   2.221   -34.50289    0.00013                                mtd9
     332   2.221   -34.50289    0.00013                                mtd3
     333   2.221   -34.50289    0.00013                                mtd6
     334   2.223   -34.50289    0.00013                                mtd1
     335   2.221   -34.50289    0.00013                                mtd1
     336   2.221   -34.50289    0.00013                                mtd1
     337   2.221   -34.50289    0.00013                                input
     338   2.221   -34.50289    0.00013                                mtd8
     339   2.224   -34.50289    0.00013                                mtd8
     340   2.224   -34.50288    0.00013                                mtd12
     341   2.221   -34.50289    0.00013                                mtd6
     342   2.224   -34.50288    0.00013                                mtd9
     343   2.224   -34.50288    0.00013                                mtd6
     344   2.222   -34.50289    0.00013                                mtd1
     345   2.222   -34.50289    0.00013                                mtd6
     346   2.224   -34.50288    0.00013                                mtd9
     347   2.224   -34.50288    0.00013                                mtd2
     348   2.225   -34.50288    0.00013    0.00092       8       7     mtd2
     349   2.222   -34.50289    0.00013                                mtd10
     350   2.224   -34.50288    0.00013                                mtd2
     351   2.225   -34.50288    0.00013                                mtd5
     352   2.225   -34.50288    0.00013                                mtd9
     353   2.222   -34.50289    0.00013                                mtd9
     354   2.226   -34.50288    0.00013                                mtd12
     355   2.226   -34.50288    0.00013    0.00105       9       8     mtd14
     356   2.225   -34.50288    0.00013                                mtd9
     357   2.228   -34.50288    0.00013                                mtd8
     358   2.224   -34.50288    0.00013                                mtd2
     359   2.222   -34.50289    0.00013                                mtd6
     360   2.225   -34.50288    0.00013                                mtd2
     361   2.223   -34.50289    0.00013                                mtd7
     362   2.225   -34.50288    0.00013                                mtd8
     363   2.223   -34.50289    0.00013    0.00144      10      11     mtd5
     364   2.228   -34.50288    0.00013                                mtd6
     365   2.223   -34.50289    0.00013                                mtd3
     366   2.229   -34.50288    0.00013                                mtd9
     367   2.229   -34.50288    0.00013                                mtd5
     368   2.229   -34.50288    0.00013                                mtd1
     369   2.223   -34.50289    0.00013                                mtd4
     370   2.223   -34.50289    0.00013                                mtd14
     371   2.224   -34.50288    0.00013                                mtd10
     372   2.229   -34.50288    0.00013                                mtd12
     373   2.232   -34.50287    0.00013                                mtd11
     374   2.234   -34.50287    0.00013    0.00026      11       2     mtd4
     375   2.232   -34.50287    0.00013                                mtd12
     376   2.235   -34.50287    0.00013    0.00013      12       1     mtd4
     377   2.230   -34.50288    0.00013    0.00077      13       6     mtd7
     378   2.238   -34.50286    0.00013                                mtd6
     379   2.240   -34.50286    0.00013                                md5
     380   2.240   -34.50286    0.00013                                mtd12
     381   2.241   -34.50286    0.00013                                mtd4
     382   2.242   -34.50286    0.00013                                mtd10
     383   2.242   -34.50286    0.00013    0.00037      14       3     mtd8
     384   2.256   -34.50283    0.00012                                mtd12
     385   2.280   -34.50280    0.00012                                mtd14
     386   2.238   -34.50286    0.00013    0.00013      15       1     mtd3
     387   2.257   -34.50283    0.00012    0.00152      16      12     mtd9
     388   2.243   -34.50285    0.00013                                mtd9
     389   2.243   -34.50285    0.00013                                mtd6
     390   2.243   -34.50285    0.00013                                mtd9
     391   2.244   -34.50285    0.00013                                mtd6
     392   2.244   -34.50285    0.00013                                mtd9
     393   2.246   -34.50285    0.00013                                mtd8
     394   2.239   -34.50286    0.00013                                mtd6
     395   2.240   -34.50286    0.00013                                mtd6
     396   2.240   -34.50286    0.00013                                mtd10
     397   2.265   -34.50282    0.00012                                mtd6
     398   2.266   -34.50282    0.00012                                mtd1
     399   2.240   -34.50286    0.00013    0.00087      17       7     mtd2
     400   2.273   -34.50281    0.00012                                mtd2
     401   2.273   -34.50281    0.00012                                mtd12
     402   2.254   -34.50284    0.00013                                mtd6
     403   2.279   -34.50280    0.00012                                mtd6
     404   2.254   -34.50284    0.00013                                mtd12
     405   2.255   -34.50284    0.00013                                mtd6
     406   2.240   -34.50286    0.00013    0.00013      18       1     mtd1
     407   2.303   -34.50276    0.00012    0.00023      19       2     mtd6
     408   2.305   -34.50276    0.00012                                mtd8
     409   2.315   -34.50274    0.00011    0.00011      20       1     mtd12
     410   2.317   -34.50274    0.00011    0.00011      21       1     mtd14
     411   2.319   -34.50273    0.00011    0.00011      22       1     mtd4
     412   2.981   -34.50168    0.00004    0.00004      23       1     mtd9
     413   3.085   -34.50151    0.00003    0.00003      24       1     mtd6
     414   3.469   -34.50090    0.00002    0.00002      25       1     mtd8
     415   5.570   -34.49755    0.00000    0.00000      26       1     mtd4
     416   5.577   -34.49754    0.00000    0.00000      27       1     mtd7
     417   5.600   -34.49750    0.00000    0.00000      28       1     mtd4
     418   5.609   -34.49749    0.00000    0.00000      29       1     mtd1
     419   5.636   -34.49745    0.00000    0.00000      30       1     mtd7
     420   5.645   -34.49743    0.00000    0.00000      31       1     mtd4
     421   5.652   -34.49742    0.00000    0.00000      32       1     mtd4
     422   5.653   -34.49742    0.00000    0.00000      33       1     mtd4
     423   5.660   -34.49741    0.00000    0.00000      34       1     mtd1
     424   5.671   -34.49739    0.00000    0.00000      35       2     mtd4
     425   5.677   -34.49738    0.00000                                mtd10
     426   5.683   -34.49737    0.00000    0.00000      36       1     mtd4
     427   5.675   -34.49738    0.00000    0.00000      37       1     mtd4
     428   5.692   -34.49736    0.00000    0.00000      38       1     mtd10
     429   5.696   -34.49735    0.00000    0.00000      39       1     mtd12
     430   5.696   -34.49735    0.00000    0.00000      40       1     mtd4
     431   5.699   -34.49735    0.00000    0.00000      41       1     mtd7
     432   5.699   -34.49735    0.00000    0.00000      42       1     mtd8
     433   5.699   -34.49735    0.00000    0.00000      43       1     mtd1
     434   5.702   -34.49734    0.00000    0.00000      44       1     mtd11
     435   5.706   -34.49734    0.00000    0.00000      45       1     mtd10
     436   5.706   -34.49733    0.00000    0.00000      46       1     mtd4
     437   5.715   -34.49732    0.00000    0.00000      47       2     mtd7
     438   5.717   -34.49732    0.00000                                mtd10
     439   5.721   -34.49731    0.00000    0.00000      48       1     mtd9
     440   5.722   -34.49731    0.00000    0.00000      49       1     mtd7
     441   5.722   -34.49731    0.00000    0.00000      50       1     mtd1
     442   5.725   -34.49731    0.00000    0.00000      51       1     mtd10
     443   5.728   -34.49730    0.00000    0.00000      52       1     mtd7
     444   5.728   -34.49730    0.00000    0.00000      53       1     mtd1
     445   5.728   -34.49730    0.00000    0.00000      54       1     mtd7
     446   5.729   -34.49730    0.00000    0.00000      55       1     mtd11
     447   5.732   -34.49729    0.00000    0.00000      56       1     mtd9
     448   5.733   -34.49729    0.00000    0.00000      57       1     mtd7
     449   5.715   -34.49732    0.00000    0.00000      58       1     mtd10
     450   5.734   -34.49729    0.00000    0.00000      59       1     mtd7
     451   5.735   -34.49729    0.00000    0.00000      60       1     mtd4
     452   5.737   -34.49729    0.00000    0.00000      61       1     mtd8
     453   5.740   -34.49728    0.00000    0.00000      62       4     mtd4
     454   5.748   -34.49727    0.00000                                mtd7
     455   5.758   -34.49725    0.00000                                mtd10
     456   5.759   -34.49725    0.00000                                mtd7
     457   5.767   -34.49724    0.00000    0.00000      63       2     mtd4
     458   5.741   -34.49728    0.00000                                mtd8
     459   5.749   -34.49727    0.00000    0.00000      64       1     mtd9
     460   5.768   -34.49724    0.00000    0.00000      65       2     mtd7
     461   5.768   -34.49724    0.00000                                mtd7
     462   5.768   -34.49724    0.00000    0.00000      66       1     mtd7
     463   5.769   -34.49724    0.00000    0.00000      67       2     mtd11
     464   5.770   -34.49723    0.00000                                mtd5
     465   5.772   -34.49723    0.00000    0.00000      68       1     mtd11
     466   5.747   -34.49727    0.00000    0.00000      69       1     mtd8
     467   5.772   -34.49723    0.00000    0.00000      70       3     mtd4
     468   5.773   -34.49723    0.00000                                mtd10
     469   5.774   -34.49723    0.00000                                mtd4
     470   5.777   -34.49722    0.00000    0.00000      71       1     mtd10
     471   5.779   -34.49722    0.00000    0.00000      72       1     mtd7
     472   5.778   -34.49722    0.00000    0.00000      73       1     mtd7
     473   5.779   -34.49722    0.00000    0.00000      74       2     mtd7
     474   5.768   -34.49724    0.00000                                mtd7
     475   5.780   -34.49722    0.00000    0.00000      75       2     mtd7
     476   5.782   -34.49721    0.00000                                mtd8
     477   5.784   -34.49721    0.00000    0.00000      76       1     mtd11
     478   5.785   -34.49721    0.00000    0.00000      77       1     mtd8
     479   5.789   -34.49720    0.00000    0.00000      78       1     mtd7
     480   5.775   -34.49723    0.00000    0.00000      79       1     mtd13
     481   5.792   -34.49720    0.00000    0.00000      80       1     mtd7
     482   5.792   -34.49720    0.00000    0.00000      81       2     mtd11
     483   5.747   -34.49727    0.00000                                mtd8
     484   5.792   -34.49720    0.00000    0.00000      82       1     mtd10
     485   5.793   -34.49720    0.00000    0.00000      83       1     mtd10
     486   5.801   -34.49718    0.00000    0.00000      84       1     mtd10
     487   5.802   -34.49718    0.00000    0.00000      85       6     mtd7
     488   5.806   -34.49718    0.00000                                mtd7
     489   5.806   -34.49718    0.00000                                mtd8
     490   5.807   -34.49717    0.00000                                mtd8
     491   5.794   -34.49720    0.00000                                mtd10
     492   5.807   -34.49717    0.00000                                mtd11
     493   5.809   -34.49717    0.00000    0.00000      86       2     mtd4
     494   5.794   -34.49719    0.00000                                mtd4
     495   5.770   -34.49723    0.00000    0.00000      87       2     mtd7
     496   5.810   -34.49717    0.00000                                mtd11
     497   5.811   -34.49717    0.00000    0.00000      88       1     mtd10
     498   5.812   -34.49717    0.00000    0.00000      89       1     mtd1
     499   5.795   -34.49719    0.00000    0.00000      90       1     mtd7
     500   5.813   -34.49717    0.00000    0.00000      91       2     mtd9
     501   5.785   -34.49721    0.00000                                mtd7
     502   5.814   -34.49716    0.00000    0.00000      92       1     mtd8
     503   5.801   -34.49718    0.00000    0.00000      93       3     mtd11
     504   5.804   -34.49718    0.00000                                mtd4
     505   5.771   -34.49723    0.00000                                mtd13
     506   5.815   -34.49716    0.00000    0.00000      94       1     mtd11
     507   5.816   -34.49716    0.00000    0.00000      95       1     mtd9
     508   5.816   -34.49716    0.00000    0.00000      96       2     mtd5
     509   5.816   -34.49716    0.00000                                mtd9
     510   5.817   -34.49716    0.00000    0.00000      97       1     mtd5
     511   5.817   -34.49716    0.00000    0.00000      98       1     mtd10
     512   5.820   -34.49715    0.00000    0.00000      99       1     mtd4
     513   5.820   -34.49715    0.00000    0.00000     100       1     mtd5
     514   5.821   -34.49715    0.00000    0.00000     101       2     mtd4
     515   5.821   -34.49715    0.00000                                mtd11
     516   5.822   -34.49715    0.00000    0.00000     102       1     mtd1
     517   5.796   -34.49719    0.00000    0.00000     103       1     mtd7
     518   5.822   -34.49715    0.00000    0.00000     104       1     mtd9
     519   5.814   -34.49716    0.00000    0.00000     105       2     mtd11
     520   5.823   -34.49715    0.00000                                mtd4
     521   5.810   -34.49717    0.00000    0.00000     106       1     mtd11
     522   5.825   -34.49715    0.00000    0.00000     107       2     mtd11
     523   5.825   -34.49715    0.00000                                mtd1
     524   5.828   -34.49714    0.00000    0.00000     108       1     mtd10
     525   5.829   -34.49714    0.00000    0.00000     109       1     mtd5
     526   5.829   -34.49714    0.00000    0.00000     110       1     mtd11
     527   5.830   -34.49714    0.00000    0.00000     111       1     mtd10
     528   5.831   -34.49714    0.00000    0.00000     112       2     mtd11
     529   5.831   -34.49714    0.00000                                mtd13
     530   5.832   -34.49713    0.00000    0.00000     113       1     mtd10
     531   5.832   -34.49713    0.00000    0.00000     114       1     mtd7
     532   5.832   -34.49713    0.00000    0.00000     115       2     mtd7
     533   5.833   -34.49713    0.00000                                mtd7
     534   5.834   -34.49713    0.00000    0.00000     116       2     mtd9
     535   5.836   -34.49713    0.00000                                mtd2
     536   5.836   -34.49713    0.00000    0.00000     117       1     mtd4
     537   5.837   -34.49713    0.00000    0.00000     118       1     mtd10
     538   5.836   -34.49713    0.00000    0.00000     119       1     mtd2
     539   5.826   -34.49714    0.00000    0.00000     120       1     mtd7
     540   5.837   -34.49713    0.00000    0.00000     121       2     mtd1
     541   5.837   -34.49713    0.00000                                mtd9
     542   5.838   -34.49713    0.00000    0.00000     122       1     mtd4
     543   5.841   -34.49712    0.00000    0.00000     123       2     mtd5
     544   5.842   -34.49712    0.00000                                mtd10
     545   5.842   -34.49712    0.00000    0.00000     124       2     mtd9
     546   5.820   -34.49715    0.00000                                mtd7
     547   5.810   -34.49717    0.00000    0.00000     125       2     mtd11
     548   5.843   -34.49712    0.00000                                mtd9
     549   5.844   -34.49712    0.00000    0.00000     126       1     mtd10
     550   5.844   -34.49712    0.00000    0.00000     127       1     mtd10
     551   5.809   -34.49717    0.00000    0.00000     128       1     mtd11
     552   5.845   -34.49711    0.00000    0.00000     129       1     mtd10
     553   5.845   -34.49711    0.00000    0.00000     130       1     mtd4
     554   5.846   -34.49711    0.00000    0.00000     131       1     mtd5
     555   5.829   -34.49714    0.00000    0.00000     132       1     mtd7
     556   5.847   -34.49711    0.00000    0.00000     133       1     mtd5
     557   5.847   -34.49711    0.00000    0.00000     134       2     mtd10
     558   5.847   -34.49711    0.00000                                mtd2
     559   5.848   -34.49711    0.00000    0.00000     135       1     mtd11
     560   5.849   -34.49711    0.00000    0.00000     136       1     mtd5
     561   5.849   -34.49711    0.00000    0.00000     137       2     mtd2
     562   5.850   -34.49711    0.00000                                mtd7
     563   5.850   -34.49711    0.00000    0.00000     138       4     mtd10
     564   5.844   -34.49712    0.00000                                mtd4
     565   5.851   -34.49711    0.00000                                mtd5
     566   5.851   -34.49710    0.00000                                mtd9
     567   5.852   -34.49710    0.00000    0.00000     139       1     mtd5
     568   5.852   -34.49710    0.00000    0.00000     140       1     mtd10
     569   5.852   -34.49710    0.00000    0.00000     141       1     mtd10
     570   5.852   -34.49710    0.00000    0.00000     142       1     mtd13
     571   5.852   -34.49710    0.00000    0.00000     143       1     mtd5
     572   5.853   -34.49710    0.00000    0.00000     144       1     mtd5
     573   5.854   -34.49710    0.00000    0.00000     145       2     mtd1
     574   5.854   -34.49710    0.00000                                mtd7
     575   5.854   -34.49710    0.00000    0.00000     146       2     mtd10
     576   5.855   -34.49710    0.00000                                mtd7
     577   5.855   -34.49710    0.00000    0.00000     147       1     mtd2
     578   5.822   -34.49715    0.00000    0.00000     148       1     mtd9
     579   5.856   -34.49710    0.00000    0.00000     149       1     mtd5
     580   5.816   -34.49716    0.00000    0.00000     150       1     mtd11
     581   5.857   -34.49710    0.00000    0.00000     151       2     mtd5
     582   5.830   -34.49714    0.00000                                mtd2
     583   5.851   -34.49711    0.00000    0.00000     152       1     mtd7
     584   5.857   -34.49709    0.00000    0.00000     153       1     mtd7
     585   5.857   -34.49709    0.00000    0.00000     154       1     mtd4
     586   5.858   -34.49709    0.00000    0.00000     155       2     mtd5
     587   5.858   -34.49709    0.00000                                mtd13
     588   5.858   -34.49709    0.00000    0.00000     156       2     mtd12
     589   5.859   -34.49709    0.00000                                mtd1
     590   5.860   -34.49709    0.00000    0.00000     157       1     mtd13
     591   5.860   -34.49709    0.00000    0.00000     158       1     mtd5
     592   5.861   -34.49709    0.00000    0.00000     159       1     mtd10
     593   5.861   -34.49709    0.00000    0.00000     160       1     mtd4
     594   5.862   -34.49709    0.00000    0.00000     161       1     mtd13
     595   5.863   -34.49709    0.00000    0.00000     162       1     mtd10
     596   5.863   -34.49709    0.00000    0.00000     163       1     mtd11
     597   5.864   -34.49708    0.00000    0.00000     164       1     mtd10
     598   5.864   -34.49708    0.00000    0.00000     165       1     mtd4
     599   5.864   -34.49708    0.00000    0.00000     166       2     mtd2
     600   5.864   -34.49708    0.00000                                mtd5
     601   5.864   -34.49708    0.00000    0.00000     167       1     mtd10
     602   5.864   -34.49708    0.00000    0.00000     168       1     mtd11
     603   5.865   -34.49708    0.00000    0.00000     169       1     mtd10
     604   5.865   -34.49708    0.00000    0.00000     170       1     mtd11
     605   5.836   -34.49713    0.00000    0.00000     171       1     mtd4
     606   5.866   -34.49708    0.00000    0.00000     172       1     mtd11
     607   5.860   -34.49709    0.00000    0.00000     173       1     mtd10
     608   5.867   -34.49708    0.00000    0.00000     174       2     mtd1
     609   5.852   -34.49710    0.00000                                mtd10
     610   5.867   -34.49708    0.00000    0.00000     175       1     mtd10
     611   5.846   -34.49711    0.00000    0.00000     176       1     mtd7
     612   5.868   -34.49708    0.00000    0.00000     177       2     mtd4
     613   5.837   -34.49713    0.00000                                mtd7
     614   5.869   -34.49708    0.00000    0.00000     178       1     mtd11
     615   5.869   -34.49708    0.00000    0.00000     179       1     mtd7
     616   5.870   -34.49707    0.00000    0.00000     180       2     mtd10
     617   5.873   -34.49707    0.00000                                mtd10
     618   5.873   -34.49707    0.00000    0.00000     181       1     mtd10
     619   5.873   -34.49707    0.00000    0.00000     182       5     mtd5
     620   5.864   -34.49708    0.00000                                mtd8
     621   5.851   -34.49711    0.00000                                mtd1
     622   5.873   -34.49707    0.00000                                mtd9
     623   5.855   -34.49710    0.00000                                mtd12
     624   5.873   -34.49707    0.00000    0.00000     183       1     mtd10
     625   5.874   -34.49707    0.00000    0.00000     184       2     mtd11
     626   5.874   -34.49707    0.00000                                mtd4
     627   5.874   -34.49707    0.00000    0.00000     185       1     mtd10
     628   5.866   -34.49708    0.00000    0.00000     186       2     mtd5
     629   5.875   -34.49707    0.00000                                mtd10
     630   5.875   -34.49707    0.00000    0.00000     187       2     mtd10
     631   5.875   -34.49707    0.00000                                mtd11
     632   5.876   -34.49707    0.00000    0.00000     188       1     mtd12
     633   5.877   -34.49706    0.00000    0.00000     189       1     mtd10
     634   5.877   -34.49706    0.00000    0.00000     190       1     mtd2
     635   5.877   -34.49706    0.00000    0.00000     191       1     mtd12
     636   5.878   -34.49706    0.00000    0.00000     192       1     mtd5
     637   5.878   -34.49706    0.00000    0.00000     193       1     mtd13
     638   5.879   -34.49706    0.00000    0.00000     194       1     mtd12
     639   5.832   -34.49713    0.00000    0.00000     195       1     mtd5
     640   5.876   -34.49707    0.00000    0.00000     196       2     mtd5
     641   5.879   -34.49706    0.00000                                mtd10
     642   5.879   -34.49706    0.00000    0.00000     197       1     mtd10
     643   5.880   -34.49706    0.00000    0.00000     198       1     mtd12
     644   5.880   -34.49706    0.00000    0.00000     199       1     mtd12
     645   5.881   -34.49706    0.00000    0.00000     200       2     mtd12
     646   5.881   -34.49706    0.00000                                mtd10
     647   5.882   -34.49706    0.00000    0.00000     201       1     mtd12
     648   5.882   -34.49706    0.00000    0.00000     202       1     mtd12
     649   5.883   -34.49705    0.00000    0.00000     203       1     mtd4
     650   5.883   -34.49705    0.00000    0.00000     204       1     mtd12
     651   5.883   -34.49705    0.00000    0.00000     205       1     mtd5
     652   5.884   -34.49705    0.00000    0.00000     206       1     mtd12
     653   5.884   -34.49705    0.00000    0.00000     207       1     mtd2
     654   5.884   -34.49705    0.00000    0.00000     208       3     mtd10
     655   5.884   -34.49705    0.00000                                mtd10
     656   5.885   -34.49705    0.00000                                mtd10
     657   5.885   -34.49705    0.00000    0.00000     209       1     mtd12
     658   5.886   -34.49705    0.00000    0.00000     210       1     mtd10
     659   5.887   -34.49705    0.00000    0.00000     211       1     mtd12
     660   5.888   -34.49705    0.00000    0.00000     212       2     mtd10
     661   5.890   -34.49704    0.00000                                mtd5
     662   5.864   -34.49708    0.00000    0.00000     213       2     mtd5
     663   5.890   -34.49704    0.00000                                mtd5
     664   5.890   -34.49704    0.00000    0.00000     214       2     mtd9
     665   5.884   -34.49705    0.00000                                mtd10
     666   5.868   -34.49708    0.00000    0.00000     215       1     mtd10
     667   5.890   -34.49704    0.00000    0.00000     216       1     mtd5
     668   5.890   -34.49704    0.00000    0.00000     217       1     mtd12
     669   5.891   -34.49704    0.00000    0.00000     218       2     mtd10
     670   5.891   -34.49704    0.00000                                mtd9
     671   5.847   -34.49711    0.00000    0.00000     219       1     mtd2
     672   5.866   -34.49708    0.00000    0.00000     220       2     mtd12
     673   5.892   -34.49704    0.00000                                mtd10
     674   5.892   -34.49704    0.00000    0.00000     221       2     mtd10
     675   5.875   -34.49707    0.00000                                mtd10
     676   5.892   -34.49704    0.00000    0.00000     222       1     mtd11
     677   5.894   -34.49704    0.00000    0.00000     223       3     mtd5
     678   5.847   -34.49711    0.00000                                mtd7
     679   5.866   -34.49708    0.00000                                mtd12
     680   5.894   -34.49704    0.00000    0.00000     224       2     mtd9
     681   5.894   -34.49704    0.00000                                mtd9
     682   5.895   -34.49703    0.00000    0.00000     225       2     mtd8
     683   5.895   -34.49703    0.00000                                mtd9
     684   5.865   -34.49708    0.00000    0.00000     226       3     mtd8
     685   5.896   -34.49703    0.00000                                mtd12
     686   5.896   -34.49703    0.00000                                mtd13
     687   5.896   -34.49703    0.00000    0.00000     227       1     mtd5
     688   5.897   -34.49703    0.00000    0.00000     228       2     mtd13
     689   5.897   -34.49703    0.00000                                mtd13
     690   5.898   -34.49703    0.00000    0.00000     229       1     mtd12
     691   5.898   -34.49703    0.00000    0.00000     230       1     mtd1
     692   5.899   -34.49703    0.00000    0.00000     231       1     mtd13
     693   5.899   -34.49703    0.00000    0.00000     232       1     mtd13
     694   5.899   -34.49703    0.00000    0.00000     233       1     mtd8
     695   5.899   -34.49703    0.00000    0.00000     234       1     mtd13
     696   5.900   -34.49703    0.00000    0.00000     235       1     mtd13
     697   5.900   -34.49703    0.00000    0.00000     236       2     mtd10
     698   5.900   -34.49703    0.00000                                mtd8
     699   5.900   -34.49703    0.00000    0.00000     237       1     mtd5
     700   5.901   -34.49703    0.00000    0.00000     238       1     mtd10
     701   5.888   -34.49705    0.00000    0.00000     239       1     mtd2
     702   5.890   -34.49704    0.00000    0.00000     240       1     mtd11
     703   5.901   -34.49702    0.00000    0.00000     241       1     mtd9
     704   5.902   -34.49702    0.00000    0.00000     242       1     mtd9
     705   5.902   -34.49702    0.00000    0.00000     243       1     mtd13
     706   5.902   -34.49702    0.00000    0.00000     244       2     mtd13
     707   5.903   -34.49702    0.00000                                mtd12
     708   5.903   -34.49702    0.00000    0.00000     245       1     mtd13
     709   5.903   -34.49702    0.00000    0.00000     246       2     mtd7
     710   5.903   -34.49702    0.00000                                mtd10
     711   5.904   -34.49702    0.00000    0.00000     247       1     mtd13
     712   5.854   -34.49710    0.00000    0.00000     248       1     mtd10
     713   5.904   -34.49702    0.00000    0.00000     249       1     mtd12
     714   5.904   -34.49702    0.00000    0.00000     250       1     mtd10
     715   5.869   -34.49708    0.00000    0.00000     251       1     mtd5
     716   5.905   -34.49702    0.00000    0.00000     252       1     mtd10
     717   5.905   -34.49702    0.00000    0.00000     253       1     mtd11
     718   5.905   -34.49702    0.00000    0.00000     254       1     mtd13
     719   5.906   -34.49702    0.00000    0.00000     255       2     mtd8
     720   5.906   -34.49702    0.00000                                mtd9
     721   5.897   -34.49703    0.00000    0.00000     256       1     mtd13
     722   5.880   -34.49706    0.00000    0.00000     257       1     mtd11
     723   5.906   -34.49702    0.00000    0.00000     258       1     mtd13
     724   5.907   -34.49702    0.00000    0.00000     259       1     mtd5
     725   5.908   -34.49701    0.00000    0.00000     260       1     mtd11
     726   5.908   -34.49701    0.00000    0.00000     261       1     mtd12
     727   5.909   -34.49701    0.00000    0.00000     262       1     mtd5
     728   5.909   -34.49701    0.00000    0.00000     263       1     mtd12
     729   5.909   -34.49701    0.00000    0.00000     264       1     mtd10
     730   5.909   -34.49701    0.00000    0.00000     265       1     mtd7
     731   5.909   -34.49701    0.00000    0.00000     266       1     mtd13
     732   5.910   -34.49701    0.00000    0.00000     267       1     mtd7
     733   5.907   -34.49702    0.00000    0.00000     268       1     mtd5
     734   5.885   -34.49705    0.00000    0.00000     269       1     mtd10
     735   5.910   -34.49701    0.00000    0.00000     270       1     mtd11
     736   5.911   -34.49701    0.00000    0.00000     271       1     mtd8
     737   5.888   -34.49705    0.00000    0.00000     272       1     mtd7
     738   5.911   -34.49701    0.00000    0.00000     273       1     mtd1
     739   5.912   -34.49701    0.00000    0.00000     274       2     mtd8
     740   5.912   -34.49701    0.00000                                mtd12
     741   5.912   -34.49701    0.00000    0.00000     275       1     mtd8
     742   5.883   -34.49705    0.00000    0.00000     276       1     mtd13
     743   5.913   -34.49701    0.00000    0.00000     277       1     mtd7
     744   5.900   -34.49703    0.00000    0.00000     278       1     mtd5
     745   5.913   -34.49701    0.00000    0.00000     279       1     mtd11
     746   5.886   -34.49705    0.00000    0.00000     280       1     mtd10
     747   5.913   -34.49701    0.00000    0.00000     281       1     mtd2
     748   5.913   -34.49701    0.00000    0.00000     282       1     mtd8
     749   5.886   -34.49705    0.00000    0.00000     283       1     mtd2
     750   5.913   -34.49701    0.00000    0.00000     284       1     mtd13
     751   5.913   -34.49701    0.00000    0.00000     285       1     mtd9
     752   5.913   -34.49701    0.00000    0.00000     286       1     mtd5
     753   5.914   -34.49700    0.00000    0.00000     287       1     mtd1
     754   5.914   -34.49700    0.00000    0.00000     288       2     mtd5
     755   5.867   -34.49708    0.00000                                mtd11
     756   5.914   -34.49700    0.00000    0.00000     289       1     mtd7
     757   5.914   -34.49700    0.00000    0.00000     290       1     mtd11
     758   5.915   -34.49700    0.00000    0.00000     291       1     mtd12
     759   5.916   -34.49700    0.00000    0.00000     292       1     mtd9
     760   5.870   -34.49707    0.00000    0.00000     293       1     mtd12
     761   5.916   -34.49700    0.00000    0.00000     294       1     mtd11
     762   5.917   -34.49700    0.00000    0.00000     295       1     mtd13
     763   5.918   -34.49700    0.00000    0.00000     296       1     mtd8
     764   5.918   -34.49700    0.00000    0.00000     297       1     mtd5
     765   5.918   -34.49700    0.00000    0.00000     298       1     mtd9
     766   5.918   -34.49700    0.00000    0.00000     299       1     mtd5
     767   5.919   -34.49700    0.00000    0.00000     300       1     mtd5
     768   5.919   -34.49700    0.00000    0.00000     301       1     mtd5
     769   5.919   -34.49700    0.00000    0.00000     302       1     mtd5
     770   5.920   -34.49700    0.00000    0.00000     303       1     mtd9
     771   5.920   -34.49699    0.00000    0.00000     304       1     mtd9
     772   5.921   -34.49699    0.00000    0.00000     305       1     mtd11
     773   5.921   -34.49699    0.00000    0.00000     306       1     mtd8
     774   5.922   -34.49699    0.00000    0.00000     307       1     mtd5
     775   5.922   -34.49699    0.00000    0.00000     308       1     mtd13
     776   5.924   -34.49699    0.00000    0.00000     309       1     mtd5
     777   5.925   -34.49699    0.00000    0.00000     310       1     mtd8
     778   5.925   -34.49699    0.00000    0.00000     311       1     mtd5
     779   5.880   -34.49706    0.00000    0.00000     312       1     mtd2
     780   5.884   -34.49705    0.00000    0.00000     313       1     mtd10
     781   5.925   -34.49699    0.00000    0.00000     314       2     mtd5
     782   5.925   -34.49699    0.00000                                mtd5
     783   5.925   -34.49699    0.00000    0.00000     315       1     mtd5
     784   5.926   -34.49698    0.00000    0.00000     316       1     mtd8
     785   5.888   -34.49705    0.00000    0.00000     317       1     mtd5
     786   5.882   -34.49706    0.00000    0.00000     318       2     mtd12
     787   5.882   -34.49706    0.00000                                mtd8
     788   5.926   -34.49698    0.00000    0.00000     319       2     mtd5
     789   5.885   -34.49705    0.00000                                mtd4
     790   5.927   -34.49698    0.00000    0.00000     320       1     mtd8
     791   5.927   -34.49698    0.00000    0.00000     321       1     mtd8
     792   5.927   -34.49698    0.00000    0.00000     322       1     mtd5
     793   5.928   -34.49698    0.00000    0.00000     323       1     mtd5
     794   5.925   -34.49699    0.00000    0.00000     324       1     mtd8
     795   5.928   -34.49698    0.00000    0.00000     325       1     mtd13
     796   5.893   -34.49704    0.00000    0.00000     326       1     mtd5
     797   5.898   -34.49703    0.00000    0.00000     327       1     mtd8
     798   5.930   -34.49698    0.00000    0.00000     328       1     mtd5
     799   5.930   -34.49698    0.00000    0.00000     329       1     mtd5
     800   5.912   -34.49701    0.00000    0.00000     330       1     mtd13
     801   5.931   -34.49698    0.00000    0.00000     331       1     mtd1
     802   5.932   -34.49698    0.00000    0.00000     332       1     mtd5
     803   5.932   -34.49697    0.00000    0.00000     333       1     mtd5
     804   5.934   -34.49697    0.00000    0.00000     334       1     mtd5
     805   5.938   -34.49697    0.00000    0.00000     335       1     mtd2
     806   5.942   -34.49696    0.00000    0.00000     336       1     mtd12
     807   5.945   -34.49696    0.00000    0.00000     337       1     mtd1
     808   5.945   -34.49695    0.00000    0.00000     338       1     mtd12
     809   5.945   -34.49695    0.00000    0.00000     339       1     mtd13
     810   5.947   -34.49695    0.00000    0.00000     340       1     mtd2
     811   5.951   -34.49694    0.00000    0.00000     341       1     mtd2
     812   5.955   -34.49694    0.00000    0.00000     342       1     mtd13
     813   5.921   -34.49699    0.00000    0.00000     343       1     mtd13
     814   5.960   -34.49693    0.00000    0.00000     344       1     mtd14
     815   5.961   -34.49693    0.00000    0.00000     345       1     mtd2
     816   5.962   -34.49693    0.00000    0.00000     346       1     mtd2
     817   5.968   -34.49692    0.00000    0.00000     347       1     mtd5
     818   5.980   -34.49690    0.00000    0.00000     348       1     mtd11
     819   5.980   -34.49690    0.00000    0.00000     349       1     mtd5
     820   5.988   -34.49689    0.00000    0.00000     350       1     mtd2
     821   5.993   -34.49688    0.00000    0.00000     351       1     mtd11
T /K                                  :   298.15
E lowest                              :   -34.50643
ensemble average energy (kcal)        :    0.113
ensemble entropy (J/mol K, cal/mol K) :   44.679   10.679
ensemble free energy (kcal/mol)       :   -3.184
population of lowest in %             :   93.292
 number of unique conformers for further calc          351
 list of relative energies saved as "crest.energies"

 -----------------
 Wall Time Summary
 -----------------
             test MD wall time :         0h : 0m : 5s
                 MTD wall time :         0h :11m :14s
      multilevel OPT wall time :         0h :46m : 5s
                  MD wall time :         0h :10m :36s
                  GC wall time :         0h : 4m :21s
--------------------
Overall wall time  : 1h :26m : 2s

 CREST terminated normally.
