****************************************************************
  Sure Independence Screening and Sparsifying Operator (SISSO)  
             Version SISSO.3.3, July, 2023.                
****************************************************************

Read in data from train.dat
Read in data from SISSO.in
Property type:     1
Number of tasks:        1
Descriptor dimension:        2
Number of samples for the task(s):     36
Restarts :  0
Number of scalar features:       22
Tier of the feature space:        3
Maximal feature complexity (number of operators in a feature):        6
Unit of input primary feature, each represented by a row vector: 
    1.00
    1.00
    1.00
    1.00
    1.00
    1.00
    1.00
    1.00
    1.00
    1.00
    1.00
    1.00
    1.00
    1.00
    1.00
    1.00
    1.00
    1.00
    1.00
    1.00
    1.00
    1.00
The feature will be discarded if the minimum of the maximal abs. value in it <    0.10000E-02
The faature will be discarded if the maximum of the maximal abs. value in it >     0.10000E+06
Size of the SIS-selected (single) subspace :  10000 10000
Operators for feature construction: (+)(-)(*) (+)(-)(*) (+)(-)(*) 
Method for sparse regression:  L0        
Fitting intercept:      T
Metric for model selection: RMSE
Number of the top-ranked models to output:      100
--------------------------------------------------------------------------------

Dimension:   1
-------------------
Feature Construction (FC) starts ...
Population Standard Deviation (SD) of the task 001:   22.61206
Total number of features in the space phi00:             22
Total number of features in the space phi01:            829
Total number of features in the space phi02:         296217
Total number of features in the space phi03:    10284017886
Size of the SIS-selected subspace from phi03:      10000
Time (second) used for this FC:         1592.33

Descriptor Identification (DI) starts ...
Total number of SIS-selected features from all dimensions:      10000
 
  1D descriptor: 
     d001 = (((feature14+feature16)-feature21)*((feature16+feature17)+(feature22-feature19)))    feature_ID:000001

  1D model(y=sum(ci*di)+c0): 
     coeff.(ci)_task001:     0.3132387932E+02
             c0_task001:     0.3123490089E+02
     RMSE,MaxAE_task001:     0.1053980965E+02    0.2601503678E+02

     RMSE and MaxAE of the model:  10.539810 26.015037
--------------------------------------------------------------------------------
Time (second) used for this DI:            0.10

Dimension:   2
-------------------
Feature Construction (FC) starts ...
Total number of features in the space phi00:             22
Total number of features in the space phi01:            829
Total number of features in the space phi02:         296217
Total number of features in the space phi03:    10284017886
Size of the SIS-selected subspace from phi03:      10000
Time (second) used for this FC:         1591.51

Descriptor Identification (DI) starts ...
Total number of SIS-selected features from all dimensions:      20000
 
Final model/descriptor !
================================================================================
  2D descriptor: 
     d001 = (((feature14+feature16)-feature21)*((feature16+feature17)+(feature22-feature19)))    feature_ID:000001
     d002 = ((feature15*(feature1+feature15))*((feature10+feature15)-(feature16+feature20)))    feature_ID:010001

  2D model(y=sum(ci*di)+c0): 
     coeff.(ci)_task001:     0.3132448443E+02    0.7645004279E+02
             c0_task001:     0.3515075232E+02
     RMSE,MaxAE_task001:     0.8431201984E+01    0.2990978791E+02

     RMSE and MaxAE of the model:   8.431202 29.909788
================================================================================
Time (second) used for this DI:           25.41
Total time (second):         3210.02
Have a nice day !    

