****************************************************************
  Sure Independence Screening and Sparsifying Operator (SISSO)  
             Version SISSO.3.3, July, 2023.                
****************************************************************

Read in data from train.dat
Read in data from SISSO.in
Property type:     1
Number of tasks:        1
Descriptor dimension:        2
Number of samples for the task(s):     36
Restarts :  0
Number of scalar features:       22
Tier of the feature space:        3
Maximal feature complexity (number of operators in a feature):        6
Unit of input primary feature, each represented by a row vector: 
    1.00
    1.00
    1.00
    1.00
    1.00
    1.00
    1.00
    1.00
    1.00
    1.00
    1.00
    1.00
    1.00
    1.00
    1.00
    1.00
    1.00
    1.00
    1.00
    1.00
    1.00
    1.00
The feature will be discarded if the minimum of the maximal abs. value in it <    0.10000E-02
The faature will be discarded if the maximum of the maximal abs. value in it >     0.10000E+06
Size of the SIS-selected (single) subspace :  10000 10000
Operators for feature construction: (+)(-)(*) (+)(-)(*) (+)(-)(*) 
Method for sparse regression:  L0        
Fitting intercept:      T
Metric for model selection: RMSE
Number of the top-ranked models to output:      100
--------------------------------------------------------------------------------

Dimension:   1
-------------------
Feature Construction (FC) starts ...
Population Standard Deviation (SD) of the task 001:  100.45334
Total number of features in the space phi00:             22
Total number of features in the space phi01:            854
Total number of features in the space phi02:         354322
Total number of features in the space phi03:    13400706207
Size of the SIS-selected subspace from phi03:      10000
Time (second) used for this FC:         2415.45

Descriptor Identification (DI) starts ...
Total number of SIS-selected features from all dimensions:      10000
 
  1D descriptor: 
     d001 = (((feature10+feature19)+(feature20-feature13))-(feature16+(feature16-feature21)))    feature_ID:000001

  1D model(y=sum(ci*di)+c0): 
     coeff.(ci)_task001:    -0.1111516299E+03
             c0_task001:     0.3567772006E+03
     RMSE,MaxAE_task001:     0.3104437749E+02    0.9379677655E+02

     RMSE and MaxAE of the model:  31.044377 93.796777
--------------------------------------------------------------------------------
Time (second) used for this DI:            0.09

Dimension:   2
-------------------
Feature Construction (FC) starts ...
Total number of features in the space phi00:             22
Total number of features in the space phi01:            854
Total number of features in the space phi02:         354322
Total number of features in the space phi03:    13400706207
Size of the SIS-selected subspace from phi03:      10000
Time (second) used for this FC:         2412.59

Descriptor Identification (DI) starts ...
Total number of SIS-selected features from all dimensions:      20000
 
Final model/descriptor !
================================================================================
  2D descriptor: 
     d001 = (((feature10+feature19)+(feature20+feature21))-(feature18+(feature2+feature5)))    feature_ID:000018
     d002 = (((feature17-feature13)-feature13)*((feature13-feature2)*(feature14-feature20)))    feature_ID:019751

  2D model(y=sum(ci*di)+c0): 
     coeff.(ci)_task001:    -0.1093108188E+03    0.2095685456E+04
             c0_task001:     0.3624936693E+03
     RMSE,MaxAE_task001:     0.2185936831E+02    0.5234011545E+02

     RMSE and MaxAE of the model:  21.859368 52.340115
================================================================================
Time (second) used for this DI:           25.47
Total time (second):         4859.29
Have a nice day !    

