
       ==============================================
       |                                            |
       |                 C R E S T                  |
       |                                            |
       |  Conformer-Rotamer Ensemble Sampling Tool  |
       |          based on the GFN methods          |
       |             P.Pracht, S.Grimme             |
       |          Universitaet Bonn, MCTC           |
       ==============================================
       Version 2.12,   Thu 19. Mai 16:32:32 CEST 2022
  Using the xTB program. Compatible with xTB version 6.4.0

   Cite work conducted with this code as

   • P.Pracht, F.Bohle, S.Grimme, PCCP, 2020, 22, 7169-7192.
   • S.Grimme, JCTC, 2019, 15, 2847-2862.

   and for works involving QCG as

   • S.Spicher, C.Plett, P.Pracht, A.Hansen, S.Grimme,
     JCTC, 2022, 18 (5), 3174-3189.

   with help from:
   C.Bannwarth, F.Bohle, S.Ehlert, S.Grimme,
   C.Plett, P.Pracht, S.Spicher

   This program is distributed in the hope that it will be useful,
   but WITHOUT ANY WARRANTY; without even the implied warranty of
   MERCHANTABILITY or FITNESS FOR A PARTICULAR PURPOSE.

 Command line input:
 > crest out.xyz --gfn 2 --chrg 0 -T 1 --noreftopo

  -gfn2 : Use of GFN2-xTB requested.
  --chrg 0
  -T 1 (CPUs/Threads selected)

 -------------------------
 xTB Geometry Optimization
 -------------------------
 Geometry successfully optimized.

------------------------------------------------
Generating MTD length from a flexibility measure
------------------------------------------------
 Calculating WBOs... done.
 Calculating NCI flexibility... done.
     covalent flexibility measure :   0.511
 non-covalent flexibility measure :   0.862
 flexibility measure :   0.564
 t(MTD) / ps    :     5.0
 Σ(t(MTD)) / ps :    70.0 (14 MTDs)

-------------------------------------
Starting a trial MTD to test settings
-------------------------------------
 Estimated runtime for one MTD (5.0 ps) on a single thread: 7 min 40 sec
 Estimated runtime for a batch of 14 MTDs on 1 threads: 1 h 47 min 19 sec

 list of Vbias parameters applied:
$metadyn    0.00300   1.300
$metadyn    0.00150   1.300
$metadyn    0.00075   1.300
$metadyn    0.00300   0.780
$metadyn    0.00150   0.780
$metadyn    0.00075   0.780
$metadyn    0.00300   0.468
$metadyn    0.00150   0.468
$metadyn    0.00075   0.468
$metadyn    0.00300   0.281
$metadyn    0.00150   0.281
$metadyn    0.00075   0.281
$metadyn    0.00100   0.100
$metadyn    0.00500   0.800

*******************************************************************************************
**                        N E W    I T E R A T I O N    C Y C L E                        **
*******************************************************************************************

========================================
            MTD Iteration  1
========================================

     ========================================
     |         Meta-MD (MTD) Sampling       |
     ========================================

Starting Meta-MD  14 with the settings:
     MD time /ps        :     5.0
     dt /fs             :     5.0
     dumpstep(trj) /fs  :     100
     dumpstep(Vbias)/ps :     1.0
     Vbias factor k /Eh :  0.0750
     Vbias exp α /bohr⁻²:    0.80
*Meta-MTD 14 finished*
Starting Meta-MD  13 with the settings:
     MD time /ps        :     5.0
     dt /fs             :     5.0
     dumpstep(trj) /fs  :     100
     dumpstep(Vbias)/ps :     1.0
     Vbias factor k /Eh :  0.0150
     Vbias exp α /bohr⁻²:    0.10
*Meta-MTD 13 finished*
Starting Meta-MD  12 with the settings:
     MD time /ps        :     5.0
     dt /fs             :     5.0
     dumpstep(trj) /fs  :     100
     dumpstep(Vbias)/ps :     1.0
     Vbias factor k /Eh :  0.0113
     Vbias exp α /bohr⁻²:    0.28
*Meta-MTD 12 finished*
Starting Meta-MD  11 with the settings:
     MD time /ps        :     5.0
     dt /fs             :     5.0
     dumpstep(trj) /fs  :     100
     dumpstep(Vbias)/ps :     1.0
     Vbias factor k /Eh :  0.0225
     Vbias exp α /bohr⁻²:    0.28
*Meta-MTD 11 finished*
Starting Meta-MD  10 with the settings:
     MD time /ps        :     5.0
     dt /fs             :     5.0
     dumpstep(trj) /fs  :     100
     dumpstep(Vbias)/ps :     1.0
     Vbias factor k /Eh :  0.0450
     Vbias exp α /bohr⁻²:    0.28
*Meta-MTD 10 finished*
Starting Meta-MD   9 with the settings:
     MD time /ps        :     5.0
     dt /fs             :     5.0
     dumpstep(trj) /fs  :     100
     dumpstep(Vbias)/ps :     1.0
     Vbias factor k /Eh :  0.0113
     Vbias exp α /bohr⁻²:    0.47
*Meta-MTD 9 finished*
Starting Meta-MD   8 with the settings:
     MD time /ps        :     5.0
     dt /fs             :     5.0
     dumpstep(trj) /fs  :     100
     dumpstep(Vbias)/ps :     1.0
     Vbias factor k /Eh :  0.0225
     Vbias exp α /bohr⁻²:    0.47
*Meta-MTD 8 finished*
Starting Meta-MD   7 with the settings:
     MD time /ps        :     5.0
     dt /fs             :     5.0
     dumpstep(trj) /fs  :     100
     dumpstep(Vbias)/ps :     1.0
     Vbias factor k /Eh :  0.0450
     Vbias exp α /bohr⁻²:    0.47
*Meta-MTD 7 finished*
Starting Meta-MD   6 with the settings:
     MD time /ps        :     5.0
     dt /fs             :     5.0
     dumpstep(trj) /fs  :     100
     dumpstep(Vbias)/ps :     1.0
     Vbias factor k /Eh :  0.0113
     Vbias exp α /bohr⁻²:    0.78
*Meta-MTD 6 finished*
Starting Meta-MD   5 with the settings:
     MD time /ps        :     5.0
     dt /fs             :     5.0
     dumpstep(trj) /fs  :     100
     dumpstep(Vbias)/ps :     1.0
     Vbias factor k /Eh :  0.0225
     Vbias exp α /bohr⁻²:    0.78
*Meta-MTD 5 finished*
Starting Meta-MD   4 with the settings:
     MD time /ps        :     5.0
     dt /fs             :     5.0
     dumpstep(trj) /fs  :     100
     dumpstep(Vbias)/ps :     1.0
     Vbias factor k /Eh :  0.0450
     Vbias exp α /bohr⁻²:    0.78
*Meta-MTD 4 finished*
Starting Meta-MD   3 with the settings:
     MD time /ps        :     5.0
     dt /fs             :     5.0
     dumpstep(trj) /fs  :     100
     dumpstep(Vbias)/ps :     1.0
     Vbias factor k /Eh :  0.0113
     Vbias exp α /bohr⁻²:    1.30
*Meta-MTD 3 finished*
Starting Meta-MD   2 with the settings:
     MD time /ps        :     5.0
     dt /fs             :     5.0
     dumpstep(trj) /fs  :     100
     dumpstep(Vbias)/ps :     1.0
     Vbias factor k /Eh :  0.0225
     Vbias exp α /bohr⁻²:    1.30
*Meta-MTD 2 finished*
Starting Meta-MD   1 with the settings:
     MD time /ps        :     5.0
     dt /fs             :     5.0
     dumpstep(trj) /fs  :     100
     dumpstep(Vbias)/ps :     1.0
     Vbias factor k /Eh :  0.0450
     Vbias exp α /bohr⁻²:    1.30
*Meta-MTD 1 finished*

-----------------------
Multilevel Optimization
-----------------------

 -------------------------
 1. crude pre-optimization
 -------------------------
 Optimizing all 686 structures from file "crest_rotamers_0.xyz" ...
 1 2 3 4 5 6 7 8 9 10 11 12 13 14 15 16 17 18 19 20 21 22 23 24 25 26 27 28 29 30 31 32 33 34 35 36 37 38 39 40 41 42 43 44 45 46 47 48 49 50 51 52 53 54 55 56 57 58 59 60 61 62 63 64 65 66 67 68 69 70 71 72 73 74 75 76 77 78 79 80 81 82 83 84 85 86 87 88 89 90 91 92 93 94 95 96 97 98 99 100 101 102 103 104 105 106 107 108 109 110 111 112 113 114 115 116 117 118 119 120 121 122 123 124 125 126 127 128 129 130 131 132 133 134 135 136 137 138 139 140 141 142 143 144 145 146 147 148 149 150 151 152 153 154 155 156 157 158 159 160 161 162 163 164 165 166 167 168 169 170 171 172 173 174 175 176 177 178 179 180 181 182 183 184 185 186 187 188 189 190 191 192 193 194 195 196 197 198 199 200 201 202 203 204 205 206 207 208 209 210 211 212 213 214 215 216 217 218 219 220 221 222 223 224 225 226 227 228 229 230 231 232 233 234 235 236 237 238 239 240 241 242 243 244 245 246 247 248 249 250 251 252 253 254 255 256 257 258 259 260 261 262 263 264 265 266 267 268 269 270 271 272 273 274 275 276 277 278 279 280 281 282 283 284 285 286 287 288 289 290 291 292 293 294 295 296 297 298 299 300 301 302 303 304 305 306 307 308 309 310 311 312 313 314 315 316 317 318 319 320 321 322 323 324 325 326 327 328 329 330 331 332 333 334 335 336 337 338 339 340 341 342 343 344 345 346 347 348 349 350 351 352 353 354 355 356 357 358 359 360 361 362 363 364 365 366 367 368 369 370 371 372 373 374 375 376 377 378 379 380 381 382 383 384 385 386 387 388 389 390 391 392 393 394 395 396 397 398 399 400 401 402 403 404 405 406 407 408 409 410 411 412 413 414 415 416 417 418 419 420 421 422 423 424 425 426 427 428 429 430 431 432 433 434 435 436 437 438 439 440 441 442 443 444 445 446 447 448 449 450 451 452 453 454 455 456 457 458 459 460 461 462 463 464 465 466 467 468 469 470 471 472 473 474 475 476 477 478 479 480 481 482 483 484 485 486 487 488 489 490 491 492 493 494 495 496 497 498 499 500 501 502 503 504 505 506 507 508 509 510 511 512 513 514 515 516 517 518 519 520 521 522 523 524 525 526 527 528 529 530 531 532 533 534 535 536 537 538 539 540 541 542 543 544 545 546 547 548 549 550 551 552 553 554 555 556 557 558 559 560 561 562 563 564 565 566 567 568 569 570 571 572 573 574 575 576 577 578 579 580 581 582 583 584 585 586 587 588 589 590 591 592 593 594 595 596 597 598 599 600 601 602 603 604 605 606 607 608 609 610 611 612 613 614 615 616 617 618 619 620 621 622 623 624 625 626 627 628 629 630 631 632 633 634 635 636 637 638 639 640 641 642 643 644 645 646 647 648 649 650 651 652 653 654 655 656 657 658 659 660 661 662 663 664 665 666 667 668 669 670 671 672 673 674 675 676 677 678 679 680 681 682 683 684 685 686
 done.
 running RMSDs...
 done.
 E lowest :   -22.04133
 507 structures remain within    12.00 kcal/mol window

 -------------------------------------
 2. optimization with tight thresholds
 -------------------------------------
 Optimizing all 508 structures from file "crest_rotamers_1.xyz" ...
 1 2 3 4 5 6 7 8 9 10 11 12 13 14 15 16 17 18 19 20 21 22 23 24 25 26 27 28 29 30 31 32 33 34 35 36 37 38 39 40 41 42 43 44 45 46 47 48 49 50 51 52 53 54 55 56 57 58 59 60 61 62 63 64 65 66 67 68 69 70 71 72 73 74 75 76 77 78 79 80 81 82 83 84 85 86 87 88 89 90 91 92 93 94 95 96 97 98 99 100 101 102 103 104 105 106 107 108 109 110 111 112 113 114 115 116 117 118 119 120 121 122 123 124 125 126 127 128 129 130 131 132 133 134 135 136 137 138 139 140 141 142 143 144 145 146 147 148 149 150 151 152 153 154 155 156 157 158 159 160 161 162 163 164 165 166 167 168 169 170 171 172 173 174 175 176 177 178 179 180 181 182 183 184 185 186 187 188 189 190 191 192 193 194 195 196 197 198 199 200 201 202 203 204 205 206 207 208 209 210 211 212 213 214 215 216 217 218 219 220 221 222 223 224 225 226 227 228 229 230 231 232 233 234 235 236 237 238 239 240 241 242 243 244 245 246 247 248 249 250 251 252 253 254 255 256 257 258 259 260 261 262 263 264 265 266 267 268 269 270 271 272 273 274 275 276 277 278 279 280 281 282 283 284 285 286 287 288 289 290 291 292 293 294 295 296 297 298 299 300 301 302 303 304 305 306 307 308 309 310 311 312 313 314 315 316 317 318 319 320 321 322 323 324 325 326 327 328 329 330 331 332 333 334 335 336 337 338 339 340 341 342 343 344 345 346 347 348 349 350 351 352 353 354 355 356 357 358 359 360 361 362 363 364 365 366 367 368 369 370 371 372 373 374 375 376 377 378 379 380 381 382 383 384 385 386 387 388 389 390 391 392 393 394 395 396 397 398 399 400 401 402 403 404 405 406 407 408 409 410 411 412 413 414 415 416 417 418 419 420 421 422 423 424 425 426 427 428 429 430 431 432 433 434 435 436 437 438 439 440 441 442 443 444 445 446 447 448 449 450 451 452 453 454 455 456 457 458 459 460 461 462 463 464 465 466 467 468 469 470 471 472 473 474 475 476 477 478 479 480 481 482 483 484 485 486 487 488 489 490 491 492 493 494 495 496 497 498 499 500 501 502 503 504 505 506 507 508
 done.
 running RMSDs...
 done.
 E lowest :   -22.04155
 127 structures remain within     6.00 kcal/mol window


========================================
            MTD Iteration  2
========================================

     ========================================
     |         Meta-MD (MTD) Sampling       |
     ========================================

Starting Meta-MD  12 with the settings:
     MD time /ps        :     5.0
     dt /fs             :     5.0
     dumpstep(trj) /fs  :     100
     dumpstep(Vbias)/ps :     1.0
     Vbias factor k /Eh :  0.0113
     Vbias exp α /bohr⁻²:    0.28
*Meta-MTD 12 finished*
Starting Meta-MD  11 with the settings:
     MD time /ps        :     5.0
     dt /fs             :     5.0
     dumpstep(trj) /fs  :     100
     dumpstep(Vbias)/ps :     1.0
     Vbias factor k /Eh :  0.0225
     Vbias exp α /bohr⁻²:    0.28
*Meta-MTD 11 finished*
Starting Meta-MD  10 with the settings:
     MD time /ps        :     5.0
     dt /fs             :     5.0
     dumpstep(trj) /fs  :     100
     dumpstep(Vbias)/ps :     1.0
     Vbias factor k /Eh :  0.0450
     Vbias exp α /bohr⁻²:    0.28
*Meta-MTD 10 finished*
Starting Meta-MD   9 with the settings:
     MD time /ps        :     5.0
     dt /fs             :     5.0
     dumpstep(trj) /fs  :     100
     dumpstep(Vbias)/ps :     1.0
     Vbias factor k /Eh :  0.0113
     Vbias exp α /bohr⁻²:    0.47
*Meta-MTD 9 finished*
Starting Meta-MD   8 with the settings:
     MD time /ps        :     5.0
     dt /fs             :     5.0
     dumpstep(trj) /fs  :     100
     dumpstep(Vbias)/ps :     1.0
     Vbias factor k /Eh :  0.0225
     Vbias exp α /bohr⁻²:    0.47
*Meta-MTD 8 finished*
Starting Meta-MD   7 with the settings:
     MD time /ps        :     5.0
     dt /fs             :     5.0
     dumpstep(trj) /fs  :     100
     dumpstep(Vbias)/ps :     1.0
     Vbias factor k /Eh :  0.0450
     Vbias exp α /bohr⁻²:    0.47
*Meta-MTD 7 finished*
Starting Meta-MD   6 with the settings:
     MD time /ps        :     5.0
     dt /fs             :     5.0
     dumpstep(trj) /fs  :     100
     dumpstep(Vbias)/ps :     1.0
     Vbias factor k /Eh :  0.0113
     Vbias exp α /bohr⁻²:    0.78
*Meta-MTD 6 finished*
Starting Meta-MD   5 with the settings:
     MD time /ps        :     5.0
     dt /fs             :     5.0
     dumpstep(trj) /fs  :     100
     dumpstep(Vbias)/ps :     1.0
     Vbias factor k /Eh :  0.0225
     Vbias exp α /bohr⁻²:    0.78
*Meta-MTD 5 finished*
Starting Meta-MD   4 with the settings:
     MD time /ps        :     5.0
     dt /fs             :     5.0
     dumpstep(trj) /fs  :     100
     dumpstep(Vbias)/ps :     1.0
     Vbias factor k /Eh :  0.0450
     Vbias exp α /bohr⁻²:    0.78
*Meta-MTD 4 finished*
Starting Meta-MD   3 with the settings:
     MD time /ps        :     5.0
     dt /fs             :     5.0
     dumpstep(trj) /fs  :     100
     dumpstep(Vbias)/ps :     1.0
     Vbias factor k /Eh :  0.0113
     Vbias exp α /bohr⁻²:    1.30
*Meta-MTD 3 finished*
Starting Meta-MD   2 with the settings:
     MD time /ps        :     5.0
     dt /fs             :     5.0
     dumpstep(trj) /fs  :     100
     dumpstep(Vbias)/ps :     1.0
     Vbias factor k /Eh :  0.0225
     Vbias exp α /bohr⁻²:    1.30
*Meta-MTD 2 finished*
Starting Meta-MD   1 with the settings:
     MD time /ps        :     5.0
     dt /fs             :     5.0
     dumpstep(trj) /fs  :     100
     dumpstep(Vbias)/ps :     1.0
     Vbias factor k /Eh :  0.0450
     Vbias exp α /bohr⁻²:    1.30
*Meta-MTD 1 finished*

-----------------------
Multilevel Optimization
-----------------------

 -------------------------
 1. crude pre-optimization
 -------------------------
 Optimizing all 588 structures from file "crest_rotamers_0.xyz" ...
 1 2 3 4 5 6 7 8 9 10 11 12 13 14 15 16 17 18 19 20 21 22 23 24 25 26 27 28 29 30 31 32 33 34 35 36 37 38 39 40 41 42 43 44 45 46 47 48 49 50 51 52 53 54 55 56 57 58 59 60 61 62 63 64 65 66 67 68 69 70 71 72 73 74 75 76 77 78 79 80 81 82 83 84 85 86 87 88 89 90 91 92 93 94 95 96 97 98 99 100 101 102 103 104 105 106 107 108 109 110 111 112 113 114 115 116 117 118 119 120 121 122 123 124 125 126 127 128 129 130 131 132 133 134 135 136 137 138 139 140 141 142 143 144 145 146 147 148 149 150 151 152 153 154 155 156 157 158 159 160 161 162 163 164 165 166 167 168 169 170 171 172 173 174 175 176 177 178 179 180 181 182 183 184 185 186 187 188 189 190 191 192 193 194 195 196 197 198 199 200 201 202 203 204 205 206 207 208 209 210 211 212 213 214 215 216 217 218 219 220 221 222 223 224 225 226 227 228 229 230 231 232 233 234 235 236 237 238 239 240 241 242 243 244 245 246 247 248 249 250 251 252 253 254 255 256 257 258 259 260 261 262 263 264 265 266 267 268 269 270 271 272 273 274 275 276 277 278 279 280 281 282 283 284 285 286 287 288 289 290 291 292 293 294 295 296 297 298 299 300 301 302 303 304 305 306 307 308 309 310 311 312 313 314 315 316 317 318 319 320 321 322 323 324 325 326 327 328 329 330 331 332 333 334 335 336 337 338 339 340 341 342 343 344 345 346 347 348 349 350 351 352 353 354 355 356 357 358 359 360 361 362 363 364 365 366 367 368 369 370 371 372 373 374 375 376 377 378 379 380 381 382 383 384 385 386 387 388 389 390 391 392 393 394 395 396 397 398 399 400 401 402 403 404 405 406 407 408 409 410 411 412 413 414 415 416 417 418 419 420 421 422 423 424 425 426 427 428 429 430 431 432 433 434 435 436 437 438 439 440 441 442 443 444 445 446 447 448 449 450 451 452 453 454 455 456 457 458 459 460 461 462 463 464 465 466 467 468 469 470 471 472 473 474 475 476 477 478 479 480 481 482 483 484 485 486 487 488 489 490 491 492 493 494 495 496 497 498 499 500 501 502 503 504 505 506 507 508 509 510 511 512 513 514 515 516 517 518 519 520 521 522 523 524 525 526 527 528 529 530 531 532 533 534 535 536 537 538 539 540 541 542 543 544 545 546 547 548 549 550 551 552 553 554 555 556 557 558 559 560 561 562 563 564 565 566 567 568 569 570 571 572 573 574 575 576 577 578 579 580 581 582 583 584 585 586 587 588
 done.
 running RMSDs...
 done.
 E lowest :   -22.04139
 417 structures remain within    12.00 kcal/mol window

 -------------------------------------
 2. optimization with tight thresholds
 -------------------------------------
 Optimizing all 418 structures from file "crest_rotamers_1.xyz" ...
 1 2 3 4 5 6 7 8 9 10 11 12 13 14 15 16 17 18 19 20 21 22 23 24 25 26 27 28 29 30 31 32 33 34 35 36 37 38 39 40 41 42 43 44 45 46 47 48 49 50 51 52 53 54 55 56 57 58 59 60 61 62 63 64 65 66 67 68 69 70 71 72 73 74 75 76 77 78 79 80 81 82 83 84 85 86 87 88 89 90 91 92 93 94 95 96 97 98 99 100 101 102 103 104 105 106 107 108 109 110 111 112 113 114 115 116 117 118 119 120 121 122 123 124 125 126 127 128 129 130 131 132 133 134 135 136 137 138 139 140 141 142 143 144 145 146 147 148 149 150 151 152 153 154 155 156 157 158 159 160 161 162 163 164 165 166 167 168 169 170 171 172 173 174 175 176 177 178 179 180 181 182 183 184 185 186 187 188 189 190 191 192 193 194 195 196 197 198 199 200 201 202 203 204 205 206 207 208 209 210 211 212 213 214 215 216 217 218 219 220 221 222 223 224 225 226 227 228 229 230 231 232 233 234 235 236 237 238 239 240 241 242 243 244 245 246 247 248 249 250 251 252 253 254 255 256 257 258 259 260 261 262 263 264 265 266 267 268 269 270 271 272 273 274 275 276 277 278 279 280 281 282 283 284 285 286 287 288 289 290 291 292 293 294 295 296 297 298 299 300 301 302 303 304 305 306 307 308 309 310 311 312 313 314 315 316 317 318 319 320 321 322 323 324 325 326 327 328 329 330 331 332 333 334 335 336 337 338 339 340 341 342 343 344 345 346 347 348 349 350 351 352 353 354 355 356 357 358 359 360 361 362 363 364 365 366 367 368 369 370 371 372 373 374 375 376 377 378 379 380 381 382 383 384 385 386 387 388 389 390 391 392 393 394 395 396 397 398 399 400 401 402 403 404 405 406 407 408 409 410 411 412 413 414 415 416 417 418
 done.
 running RMSDs...
 done.
 E lowest :   -22.04155
 140 structures remain within     6.00 kcal/mol window

========================================
            MTD Iterations done         
========================================
 Collecting ensmbles.
 running RMSDs...
 done.
 E lowest :   -22.04155
 179 structures remain within     6.00 kcal/mol window

 -------------------------------
 Additional orientation sampling
 -------------------------------
 Optimizing all 182 structures from file "oh_ensemble.xyz" ...
 1 2 3 4 5 6 7 8 9 10 11 12 13 14 15 16 17 18 19 20 21 22 23 24 25 26 27 28 29 30 31 32 33 34 35 36 37 38 39 40 41 42 43 44 45 46 47 48 49 50 51 52 53 54 55 56 57 58 59 60 61 62 63 64 65 66 67 68 69 70 71 72 73 74 75 76 77 78 79 80 81 82 83 84 85 86 87 88 89 90 91 92 93 94 95 96 97 98 99 100 101 102 103 104 105 106 107 108 109 110 111 112 113 114 115 116 117 118 119 120 121 122 123 124 125 126 127 128 129 130 131 132 133 134 135 136 137 138 139 140 141 142 143 144 145 146 147 148 149 150 151 152 153 154 155 156 157 158 159 160 161 162 163 164 165 166 167 168 169 170 171 172 173 174 175 176 177 178 179 180 181 182
 done.
 running RMSDs...
 done.
 E lowest :   -22.04155
 194 structures remain within     6.00 kcal/mol window

-----------------------------------------------
Additional regular MDs on lowest 4 conformer(s)
-----------------------------------------------
Starting MD   8 with the settings:
     MD time /ps        :     2.5
     MD Temperature /K  :   500.0
     dt /fs             :     5.0
     dumpstep(trj) /fs  :     100
*MD 8 finished*
Starting MD   7 with the settings:
     MD time /ps        :     2.5
     MD Temperature /K  :   400.0
     dt /fs             :     5.0
     dumpstep(trj) /fs  :     100
*MD 7 finished*
Starting MD   6 with the settings:
     MD time /ps        :     2.5
     MD Temperature /K  :   500.0
     dt /fs             :     5.0
     dumpstep(trj) /fs  :     100
*MD 6 finished*
Starting MD   5 with the settings:
     MD time /ps        :     2.5
     MD Temperature /K  :   400.0
     dt /fs             :     5.0
     dumpstep(trj) /fs  :     100
*MD 5 finished*
Starting MD   4 with the settings:
     MD time /ps        :     2.5
     MD Temperature /K  :   500.0
     dt /fs             :     5.0
     dumpstep(trj) /fs  :     100
*MD 4 finished*
Starting MD   3 with the settings:
     MD time /ps        :     2.5
     MD Temperature /K  :   400.0
     dt /fs             :     5.0
     dumpstep(trj) /fs  :     100
*MD 3 finished*
Starting MD   2 with the settings:
     MD time /ps        :     2.5
     MD Temperature /K  :   500.0
     dt /fs             :     5.0
     dumpstep(trj) /fs  :     100
*MD 2 finished*
Starting MD   1 with the settings:
     MD time /ps        :     2.5
     MD Temperature /K  :   400.0
     dt /fs             :     5.0
     dumpstep(trj) /fs  :     100
*MD 1 finished*
 Appending file crest_rotamers_2.xyz with new structures

 -------------------------------------------
 Ensemble optimization with tight thresholds
 -------------------------------------------
 Optimizing all 386 structures from file "crest_rotamers_2.xyz" ...
 1 2 3 4 5 6 7 8 9 10 11 12 13 14 15 16 17 18 19 20 21 22 23 24 25 26 27 28 29 30 31 32 33 34 35 36 37 38 39 40 41 42 43 44 45 46 47 48 49 50 51 52 53 54 55 56 57 58 59 60 61 62 63 64 65 66 67 68 69 70 71 72 73 74 75 76 77 78 79 80 81 82 83 84 85 86 87 88 89 90 91 92 93 94 95 96 97 98 99 100 101 102 103 104 105 106 107 108 109 110 111 112 113 114 115 116 117 118 119 120 121 122 123 124 125 126 127 128 129 130 131 132 133 134 135 136 137 138 139 140 141 142 143 144 145 146 147 148 149 150 151 152 153 154 155 156 157 158 159 160 161 162 163 164 165 166 167 168 169 170 171 172 173 174 175 176 177 178 179 180 181 182 183 184 185 186 187 188 189 190 191 192 193 194 195 196 197 198 199 200 201 202 203 204 205 206 207 208 209 210 211 212 213 214 215 216 217 218 219 220 221 222 223 224 225 226 227 228 229 230 231 232 233 234 235 236 237 238 239 240 241 242 243 244 245 246 247 248 249 250 251 252 253 254 255 256 257 258 259 260 261 262 263 264 265 266 267 268 269 270 271 272 273 274 275 276 277 278 279 280 281 282 283 284 285 286 287 288 289 290 291 292 293 294 295 296 297 298 299 300 301 302 303 304 305 306 307 308 309 310 311 312 313 314 315 316 317 318 319 320 321 322 323 324 325 326 327 328 329 330 331 332 333 334 335 336 337 338 339 340 341 342 343 344 345 346 347 348 349 350 351 352 353 354 355 356 357 358 359 360 361 362 363 364 365 366 367 368 369 370 371 372 373 374 375 376 377 378 379 380 381 382 383 384 385 386
 done.
 running RMSDs...
 done.
 E lowest :   -22.04155
 196 structures remain within     6.00 kcal/mol window


     ========================================
     |        Structure Crossing (GC)       |
     ========================================
 =============================
  # threads =           1
 =============================
 input  file name : crest_rotamers_4.xyz
number of atoms                :    15
number of points on xyz files  :   196
conformer energy window  /kcal :    6.00
CN per atom difference cut-off :  0.3000
RMSD threshold                 :  0.2500
max. # of generated structures : 250
 reading xyz file ...
 # in E window                196
 generating pairs ...       19305
  51.0 % done
 generated pairs           :       17334
 number of clash discarded :        1776
 average rmsd w.r.t input  : 2.49186
 sd of ensemble            : 0.60324
 number of new structures      :          70
 removed identical structures  :         430
 writing           70  TMPCONF* dirs ...
 --------------------------
 GC: loose pre-optimization
 --------------------------
 Starting optimization of generated structures
 70 jobs to do.
 1 2 3 4 5 6 7 8 9 10 11 12 13 14 15 16 17 18 19 20 21 22 23 24 25 26 27 28 29 30 31 32 33 34 35 36 37 38 39 40 41 42 43 44 45 46 47 48 49 50 51 52 53 54 55 56 57 58 59 60 61 62 63 64 65 66 67 68 69 70 
 done.
 Now appending opt.xyz file with new structures
 running RMSDs...
 done.
 E lowest :   -22.04154
 32 structures remain within    10.00 kcal/mol window
 --------------------------------------
 GC: optimization with tight thresholds
 --------------------------------------
 Optimizing all 32 structures from file "crest_rotamers_1.xyz" ...
 1 2 3 4 5 6 7 8 9 10 11 12 13 14 15 16 17 18 19 20 21 22 23 24 25 26 27 28 29 30 31 32
 done.
 running RMSDs...
 done.
 E lowest :   -22.04155


   ================================================
   |           Final Geometry Optimization        |
   ================================================
 ------------------------------------------------
 Ensemble optimization with very tight thresholds
 ------------------------------------------------
 Optimizing all 205 structures from file "crest_rotamers_5.xyz" ...
 1 2 3 4 5 6 7 8 9 10 11 12 13 14 15 16 17 18 19 20 21 22 23 24 25 26 27 28 29 30 31 32 33 34 35 36 37 38 39 40 41 42 43 44 45 46 47 48 49 50 51 52 53 54 55 56 57 58 59 60 61 62 63 64 65 66 67 68 69 70 71 72 73 74 75 76 77 78 79 80 81 82 83 84 85 86 87 88 89 90 91 92 93 94 95 96 97 98 99 100 101 102 103 104 105 106 107 108 109 110 111 112 113 114 115 116 117 118 119 120 121 122 123 124 125 126 127 128 129 130 131 132 133 134 135 136 137 138 139 140 141 142 143 144 145 146 147 148 149 150 151 152 153 154 155 156 157 158 159 160 161 162 163 164 165 166 167 168 169 170 171 172 173 174 175 176 177 178 179 180 181 182 183 184 185 186 187 188 189 190 191 192 193 194 195 196 197 198 199 200 201 202 203 204 205
 done.
 running RMSDs...
 done.
 E lowest :   -22.04155
 200 structures remain within     6.00 kcal/mol window

 input  file name : crest_rotamers_6.xyz
 output file name : crest_rotamers_7.xyz
 number of atoms                :   15
 number of points on xyz files  :   205
 RMSD threshold                 :   0.1250
 Bconst threshold               :   0.0100
 population threshold           :   0.0500
 conformer energy window  /kcal :   6.0000
 # fragment in coord            :     1
 # bonds in reference structure :    14
 number of reliable points      :   205
 reference state Etot :  -22.041545119999999
 number of doubles removed by rot/RMSD         :           5
 total number unique points considered further :         200
       Erel/kcal        Etot weight/tot  conformer     set   degen     origin
       1   0.000   -22.04155    0.10483    0.31448       1       3     hor
       2   0.000   -22.04155    0.10483                                hor
       3   0.000   -22.04155    0.10483                                gc
       4   0.402   -22.04090    0.05320    0.15957       2       3     hor
       5   0.402   -22.04090    0.05320                                hor
       6   0.402   -22.04090    0.05318                                mtd5
       7   0.794   -22.04028    0.02750    0.10997       3       4     md5
       8   0.794   -22.04028    0.02749                                mtd10
       9   0.794   -22.04028    0.02749                                gc
      10   0.794   -22.04028    0.02749                                gc
      11   0.926   -22.04007    0.02200    0.06599       4       3     hor
      12   0.926   -22.04007    0.02200                                hor
      13   0.926   -22.04007    0.02199                                mtd5
      14   1.067   -22.03984    0.01734    0.03467       5       2     hor
      15   1.067   -22.03984    0.01734                                mtd5
      16   1.073   -22.03983    0.01715    0.05146       6       3     hor
      17   1.073   -22.03983    0.01715                                hor
      18   1.073   -22.03983    0.01715                                mtd5
      19   1.085   -22.03982    0.01683    0.06730       7       4     hor
      20   1.085   -22.03982    0.01682                                mtd8
      21   1.085   -22.03982    0.01682                                mtd5
      22   1.085   -22.03982    0.01682                                hor
      23   1.445   -22.03924    0.00916    0.03665       8       4     hor
      24   1.445   -22.03924    0.00916                                mtd2
      25   1.445   -22.03924    0.00916                                mtd5
      26   1.445   -22.03924    0.00916                                mtd8
      27   1.774   -22.03872    0.00526    0.01578       9       3     hor
      28   1.774   -22.03872    0.00526                                mtd8
      29   1.774   -22.03872    0.00526                                mtd5
      30   1.875   -22.03856    0.00444    0.00444      10       1     mtd14
      31   1.875   -22.03856    0.00444    0.00444      11       1     hor
      32   1.905   -22.03851    0.00422    0.00844      12       2     mtd1
      33   1.905   -22.03851    0.00422                                mtd10
      34   1.939   -22.03845    0.00398    0.01593      13       4     mtd5
      35   1.939   -22.03845    0.00398                                hor
      36   1.939   -22.03845    0.00398                                mtd5
      37   1.939   -22.03845    0.00398                                mtd4
      38   1.954   -22.03843    0.00389    0.01166      14       3     mtd8
      39   1.954   -22.03843    0.00389                                hor
      40   1.954   -22.03843    0.00388                                mtd4
      41   2.017   -22.03833    0.00349    0.00699      15       2     hor
      42   2.017   -22.03833    0.00349                                mtd9
      43   2.027   -22.03831    0.00343    0.00687      16       2     hor
      44   2.027   -22.03831    0.00343                                hor
      45   2.030   -22.03831    0.00342    0.01368      17       4     hor
      46   2.030   -22.03831    0.00342                                hor
      47   2.030   -22.03831    0.00342                                gc
      48   2.030   -22.03831    0.00342                                gc
      49   2.043   -22.03829    0.00334    0.00669      18       2     hor
      50   2.043   -22.03829    0.00334                                mtd4
      51   2.173   -22.03808    0.00269    0.00806      19       3     hor
      52   2.173   -22.03808    0.00269                                md2
      53   2.173   -22.03808    0.00269                                md2
      54   2.350   -22.03780    0.00199    0.00399      20       2     mtd4
      55   2.350   -22.03780    0.00199                                mtd4
      56   2.415   -22.03770    0.00179    0.00357      21       2     hor
      57   2.415   -22.03770    0.00179                                hor
      58   2.468   -22.03761    0.00163    0.00327      22       2     mtd3
      59   2.468   -22.03761    0.00163                                mtd3
      60   2.502   -22.03756    0.00154    0.00308      23       2     hor
      61   2.502   -22.03756    0.00154                                mtd11
      62   2.510   -22.03754    0.00152    0.00304      24       2     hor
      63   2.510   -22.03754    0.00152                                hor
      64   2.552   -22.03748    0.00142    0.00284      25       2     mtd3
      65   2.552   -22.03748    0.00142                                hor
      66   2.564   -22.03746    0.00139    0.00278      26       2     mtd10
      67   2.564   -22.03746    0.00139                                hor
      68   2.584   -22.03743    0.00134    0.00537      27       4     hor
      69   2.584   -22.03743    0.00134                                mtd5
      70   2.584   -22.03743    0.00134                                mtd5
      71   2.584   -22.03743    0.00134                                mtd4
      72   2.642   -22.03733    0.00122    0.00365      28       3     mtd7
      73   2.642   -22.03733    0.00122                                hor
      74   2.642   -22.03733    0.00122                                mtd5
      75   2.881   -22.03695    0.00081    0.00163      29       2     hor
      76   2.881   -22.03695    0.00081                                mtd10
      77   2.976   -22.03680    0.00069    0.00208      30       3     hor
      78   2.976   -22.03680    0.00069                                hor
      79   2.976   -22.03680    0.00069                                gc
      80   2.997   -22.03677    0.00067    0.00134      31       2     hor
      81   2.997   -22.03677    0.00067                                mtd10
      82   3.009   -22.03675    0.00066    0.00197      32       3     mtd1
      83   3.009   -22.03675    0.00066                                mtd5
      84   3.009   -22.03675    0.00066                                hor
      85   3.035   -22.03671    0.00063    0.00126      33       2     hor
      86   3.035   -22.03671    0.00063                                hor
      87   3.047   -22.03669    0.00062    0.00123      34       2     hor
      88   3.047   -22.03669    0.00062                                hor
      89   3.180   -22.03648    0.00049    0.00147      35       3     mtd5
      90   3.180   -22.03648    0.00049                                hor
      91   3.180   -22.03648    0.00049                                hor
      92   3.209   -22.03643    0.00047    0.00094      36       2     mtd3
      93   3.209   -22.03643    0.00047                                hor
      94   3.243   -22.03638    0.00044    0.00088      37       2     mtd7
      95   3.243   -22.03638    0.00044                                hor
      96   3.253   -22.03636    0.00043    0.00087      38       2     mtd11
      97   3.253   -22.03636    0.00043                                mtd5
      98   3.329   -22.03624    0.00038    0.00077      39       2     mtd2
      99   3.329   -22.03624    0.00038                                hor
     100   3.358   -22.03619    0.00036    0.00036      40       1     mtd9
     101   3.401   -22.03613    0.00034    0.00102      41       3     mtd10
     102   3.401   -22.03613    0.00034                                gc
     103   3.401   -22.03613    0.00034                                gc
     104   3.493   -22.03598    0.00029    0.00058      42       2     hor
     105   3.493   -22.03598    0.00029                                mtd2
     106   3.524   -22.03593    0.00028    0.00083      43       3     hor
     107   3.524   -22.03593    0.00028                                hor
     108   3.524   -22.03593    0.00028                                hor
     109   3.571   -22.03585    0.00025    0.00051      44       2     hor
     110   3.571   -22.03585    0.00025                                hor
     111   3.615   -22.03578    0.00024    0.00024      45       1     mtd6
     112   3.616   -22.03578    0.00024    0.00024      46       1     mtd2
     113   3.639   -22.03575    0.00023    0.00068      47       3     mtd5
     114   3.639   -22.03575    0.00023                                md4
     115   3.639   -22.03575    0.00023                                mtd4
     116   3.712   -22.03563    0.00020    0.00040      48       2     hor
     117   3.712   -22.03563    0.00020                                hor
     118   3.736   -22.03559    0.00019    0.00058      49       3     mtd4
     119   3.736   -22.03559    0.00019                                hor
     120   3.738   -22.03559    0.00019                                mtd5
     121   3.747   -22.03557    0.00019    0.00057      50       3     hor
     122   3.747   -22.03557    0.00019                                hor
     123   3.747   -22.03557    0.00019                                hor
     124   3.804   -22.03548    0.00017    0.00034      51       2     gc
     125   3.806   -22.03548    0.00017                                gc
     126   3.912   -22.03531    0.00014    0.00029      52       2     mtd1
     127   3.912   -22.03531    0.00014                                hor
     128   3.931   -22.03528    0.00014    0.00042      53       3     mtd8
     129   3.932   -22.03528    0.00014                                mtd5
     130   3.932   -22.03528    0.00014                                mtd12
     131   3.975   -22.03521    0.00013    0.00026      54       2     hor
     132   3.975   -22.03521    0.00013                                hor
     133   3.998   -22.03517    0.00012    0.00037      55       3     hor
     134   3.998   -22.03517    0.00012                                mtd5
     135   3.998   -22.03517    0.00012                                mtd6
     136   4.006   -22.03516    0.00012    0.00024      56       2     hor
     137   4.006   -22.03516    0.00012                                mtd8
     138   4.053   -22.03509    0.00011    0.00023      57       2     hor
     139   4.053   -22.03509    0.00011                                hor
     140   4.089   -22.03503    0.00011    0.00021      58       2     hor
     141   4.089   -22.03503    0.00011                                hor
     142   4.202   -22.03485    0.00009    0.00018      59       2     hor
     143   4.202   -22.03485    0.00009                                mtd3
     144   4.209   -22.03484    0.00009    0.00017      60       2     mtd2
     145   4.209   -22.03484    0.00009                                hor
     146   4.225   -22.03481    0.00008    0.00017      61       2     hor
     147   4.225   -22.03481    0.00008                                hor
     148   4.257   -22.03476    0.00008    0.00016      62       2     hor
     149   4.257   -22.03476    0.00008                                hor
     150   4.298   -22.03470    0.00007    0.00007      63       1     mtd5
     151   4.357   -22.03460    0.00007    0.00014      64       2     hor
     152   4.357   -22.03460    0.00007                                hor
     153   4.358   -22.03460    0.00007    0.00007      65       1     mtd11
     154   4.359   -22.03460    0.00007    0.00007      66       1     mtd4
     155   4.367   -22.03459    0.00007    0.00013      67       2     hor
     156   4.367   -22.03459    0.00007                                gc
     157   4.381   -22.03456    0.00006    0.00006      68       1     mtd5
     158   4.420   -22.03450    0.00006    0.00012      69       2     hor
     159   4.420   -22.03450    0.00006                                mtd5
     160   4.459   -22.03444    0.00006    0.00006      70       1     mtd7
     161   4.495   -22.03438    0.00005    0.00011      71       2     mtd11
     162   4.495   -22.03438    0.00005                                hor
     163   4.547   -22.03430    0.00005    0.00010      72       2     hor
     164   4.548   -22.03430    0.00005                                mtd10
     165   4.566   -22.03427    0.00005    0.00009      73       2     hor
     166   4.566   -22.03427    0.00005                                mtd10
     167   4.579   -22.03425    0.00005    0.00009      74       2     mtd2
     168   4.579   -22.03425    0.00005                                mtd1
     169   4.601   -22.03421    0.00004    0.00009      75       2     hor
     170   4.601   -22.03421    0.00004                                hor
     171   4.619   -22.03418    0.00004    0.00009      76       2     hor
     172   4.619   -22.03418    0.00004                                mtd1
     173   4.627   -22.03417    0.00004    0.00004      77       1     hor
     174   4.690   -22.03407    0.00004    0.00012      78       3     mtd11
     175   4.691   -22.03407    0.00004                                mtd14
     176   4.691   -22.03407    0.00004                                mtd5
     177   4.768   -22.03395    0.00003    0.00003      79       1     mtd6
     178   4.776   -22.03393    0.00003    0.00007      80       2     hor
     179   4.776   -22.03393    0.00003                                mtd2
     180   4.791   -22.03391    0.00003    0.00003      81       1     mtd6
     181   4.883   -22.03376    0.00003    0.00006      82       2     hor
     182   4.883   -22.03376    0.00003                                hor
     183   4.971   -22.03362    0.00002    0.00002      83       1     hor
     184   5.021   -22.03354    0.00002    0.00004      84       2     hor
     185   5.021   -22.03354    0.00002                                mtd5
     186   5.113   -22.03340    0.00002    0.00004      85       2     hor
     187   5.113   -22.03340    0.00002                                hor
     188   5.130   -22.03337    0.00002    0.00002      86       1     mtd6
     189   5.135   -22.03336    0.00002    0.00004      87       2     mtd6
     190   5.135   -22.03336    0.00002                                mtd4
     191   5.240   -22.03320    0.00002    0.00003      88       2     hor
     192   5.240   -22.03319    0.00002                                mtd5
     193   5.263   -22.03316    0.00001    0.00003      89       2     mtd2
     194   5.263   -22.03316    0.00001                                hor
     195   5.310   -22.03308    0.00001    0.00003      90       2     hor
     196   5.310   -22.03308    0.00001                                mtd4
     197   5.453   -22.03285    0.00001    0.00001      91       1     hor
     198   5.639   -22.03256    0.00001    0.00002      92       2     mtd11
     199   5.639   -22.03256    0.00001                                hor
     200   5.924   -22.03211    0.00000    0.00000      93       1     hor
T /K                                  :   298.15
E lowest                              :   -22.04155
ensemble average energy (kcal)        :    0.798
ensemble entropy (J/mol K, cal/mol K) :   29.944    7.157
ensemble free energy (kcal/mol)       :   -2.134
population of lowest in %             :   31.448
 number of unique conformers for further calc           93
 list of relative energies saved as "crest.energies"

 -----------------
 Wall Time Summary
 -----------------
             test MD wall time :         0h : 0m : 1s
                 MTD wall time :         0h : 3m :24s
      multilevel OPT wall time :         0h : 8m : 0s
                  MD wall time :         0h : 1m :56s
                  GC wall time :         0h : 0m :32s
--------------------
Overall wall time  : 0h :14m :26s

 CREST terminated normally.
