****************************************************************
  Sure Independence Screening and Sparsifying Operator (SISSO)  
             Version SISSO.3.3, July, 2023.                
****************************************************************

Read in data from train.dat
Read in data from SISSO.in
Property type:     1
Number of tasks:        1
Descriptor dimension:        2
Number of samples for the task(s):     36
Restarts :  0
Number of scalar features:       21
Tier of the feature space:        3
Maximal feature complexity (number of operators in a feature):        6
Unit of input primary feature, each represented by a row vector: 
    1.00
    1.00
    1.00
    1.00
    1.00
    1.00
    1.00
    1.00
    1.00
    1.00
    1.00
    1.00
    1.00
    1.00
    1.00
    1.00
    1.00
    1.00
    1.00
    1.00
    1.00
The feature will be discarded if the minimum of the maximal abs. value in it <    0.10000E-02
The faature will be discarded if the maximum of the maximal abs. value in it >     0.10000E+06
Size of the SIS-selected (single) subspace :  10000 10000
Operators for feature construction: (+)(-)(*) (+)(-)(*) (+)(-)(*) 
Method for sparse regression:  L0        
Fitting intercept:      T
Metric for model selection: RMSE
Number of the top-ranked models to output:      100
--------------------------------------------------------------------------------

Dimension:   1
-------------------
Feature Construction (FC) starts ...
Population Standard Deviation (SD) of the task 001:    9.04374
Total number of features in the space phi00:             21
Total number of features in the space phi01:            771
Total number of features in the space phi02:         278324
Total number of features in the space phi03:     8930164793
Size of the SIS-selected subspace from phi03:      10000
Time (second) used for this FC:         1615.27

Descriptor Identification (DI) starts ...
Total number of SIS-selected features from all dimensions:      10000
 
  1D descriptor: 
     d001 = ((feature19*(feature12-feature18))+((feature12-feature19)*(feature14-feature20)))    feature_ID:000001

  1D model(y=sum(ci*di)+c0): 
     coeff.(ci)_task001:     0.2424019331E+02
             c0_task001:     0.1086306663E+02
     RMSE,MaxAE_task001:     0.4153891321E+01    0.1032357591E+02

     RMSE and MaxAE of the model:   4.153891 10.323576
--------------------------------------------------------------------------------
Time (second) used for this DI:            0.09

Dimension:   2
-------------------
Feature Construction (FC) starts ...
Total number of features in the space phi00:             21
Total number of features in the space phi01:            771
Total number of features in the space phi02:         278324
Total number of features in the space phi03:     8930164793
Size of the SIS-selected subspace from phi03:      10000
Time (second) used for this FC:         1618.85

Descriptor Identification (DI) starts ...
Total number of SIS-selected features from all dimensions:      20000
 
Final model/descriptor !
================================================================================
  2D descriptor: 
     d001 = ((feature14*(feature12-feature15))*((feature14+feature16)+(feature21-feature18)))    feature_ID:001996
     d002 = (((feature14-feature19)-feature19)*((feature15-feature2)*(feature18-feature20)))    feature_ID:012596

  2D model(y=sum(ci*di)+c0): 
     coeff.(ci)_task001:     0.3051950163E+02    0.1769549014E+03
             c0_task001:     0.2251639335E+01
     RMSE,MaxAE_task001:     0.2265577401E+01    0.5728383856E+01

     RMSE and MaxAE of the model:   2.265577  5.728384
================================================================================
Time (second) used for this DI:           25.80
Total time (second):         3260.70
Have a nice day !    

