****************************************************************
  Sure Independence Screening and Sparsifying Operator (SISSO)  
             Version SISSO.3.3, July, 2023.                
****************************************************************

Read in data from train.dat
Read in data from SISSO.in
Property type:     1
Number of tasks:        1
Descriptor dimension:        2
Number of samples for the task(s):     36
Restarts :  0
Number of scalar features:       19
Tier of the feature space:        3
Maximal feature complexity (number of operators in a feature):        6
Unit of input primary feature, each represented by a row vector: 
    1.00
    1.00
    1.00
    1.00
    1.00
    1.00
    1.00
    1.00
    1.00
    1.00
    1.00
    1.00
    1.00
    1.00
    1.00
    1.00
    1.00
    1.00
    1.00
The feature will be discarded if the minimum of the maximal abs. value in it <    0.10000E-02
The faature will be discarded if the maximum of the maximal abs. value in it >     0.10000E+06
Size of the SIS-selected (single) subspace :  10000 10000
Operators for feature construction: (+)(-)(*) (+)(-)(*) (+)(-)(*) 
Method for sparse regression:  L0        
Fitting intercept:      T
Metric for model selection: RMSE
Number of the top-ranked models to output:      100
--------------------------------------------------------------------------------

Dimension:   1
-------------------
Feature Construction (FC) starts ...
Population Standard Deviation (SD) of the task 001:   23.27882
Total number of features in the space phi00:             19
Total number of features in the space phi01:            644
Total number of features in the space phi02:         215646
Total number of features in the space phi03:     5519068264
Size of the SIS-selected subspace from phi03:      10000
Time (second) used for this FC:          996.93

Descriptor Identification (DI) starts ...
Total number of SIS-selected features from all dimensions:      10000
 
  1D descriptor: 
     d001 = ((feature9*(feature5+feature12))+((feature10-feature12)*(feature18-feature13)))    feature_ID:000001

  1D model(y=sum(ci*di)+c0): 
     coeff.(ci)_task001:     0.4975614756E+02
             c0_task001:     0.1951270713E+02
     RMSE,MaxAE_task001:     0.1234265915E+02    0.2930866570E+02

     RMSE and MaxAE of the model:  12.342659 29.308666
--------------------------------------------------------------------------------
Time (second) used for this DI:            0.09

Dimension:   2
-------------------
Feature Construction (FC) starts ...
Total number of features in the space phi00:             19
Total number of features in the space phi01:            644
Total number of features in the space phi02:         215646
Total number of features in the space phi03:     5519068264
Size of the SIS-selected subspace from phi03:      10000
Time (second) used for this FC:          998.27

Descriptor Identification (DI) starts ...
Total number of SIS-selected features from all dimensions:      20000
 
Final model/descriptor !
================================================================================
  2D descriptor: 
     d001 = (((feature12-feature17)-feature18)*((feature10-feature11)-(feature14+feature19)))    feature_ID:000066
     d002 = (((feature18-feature17)-feature17)*((feature12-feature9)*(feature10*feature12)))    feature_ID:010158

  2D model(y=sum(ci*di)+c0): 
     coeff.(ci)_task001:    -0.3039539716E+02    0.2997145747E+04
             c0_task001:     0.6424120856E+02
     RMSE,MaxAE_task001:     0.9156664280E+01    0.3124184184E+02

     RMSE and MaxAE of the model:   9.156664 31.241842
================================================================================
Time (second) used for this DI:           25.49
Total time (second):         2043.48
Have a nice day !    

