****************************************************************
  Sure Independence Screening and Sparsifying Operator (SISSO)  
             Version SISSO.3.3, July, 2023.                
****************************************************************

Read in data from train.dat
Read in data from SISSO.in
Property type:     1
Number of tasks:        1
Descriptor dimension:        2
Number of samples for the task(s):     20
Restarts :  0
Number of scalar features:       17
Tier of the feature space:        3
Maximal feature complexity (number of operators in a feature):        6
Unit of input primary feature, each represented by a row vector: 
    1.00
    1.00
    1.00
    1.00
    1.00
    1.00
    1.00
    1.00
    1.00
    1.00
    1.00
    1.00
    1.00
    1.00
    1.00
    1.00
    1.00
The feature will be discarded if the minimum of the maximal abs. value in it <    0.10000E-02
The faature will be discarded if the maximum of the maximal abs. value in it >     0.10000E+06
Size of the SIS-selected (single) subspace :  10000 10000
Operators for feature construction: (+)(-)(*) (+)(-)(*) (+)(-)(*) 
Method for sparse regression:  L0        
Fitting intercept:      T
Metric for model selection: RMSE
Number of the top-ranked models to output:      100
--------------------------------------------------------------------------------

Dimension:   1
-------------------
Feature Construction (FC) starts ...
Population Standard Deviation (SD) of the task 001:   10.51717
Total number of features in the space phi00:             17
Total number of features in the space phi01:            491
Total number of features in the space phi02:         115744
Total number of features in the space phi03:     1926608261
Size of the SIS-selected subspace from phi03:      10000
Time (second) used for this FC:          338.84

Descriptor Identification (DI) starts ...
Total number of SIS-selected features from all dimensions:      10000
 
  1D descriptor: 
     d001 = (((feature13-feature14)-feature14)*((feature11-feature16)*(feature12*feature13)))    feature_ID:000001

  1D model(y=sum(ci*di)+c0): 
     coeff.(ci)_task001:    -0.2485030977E+03
             c0_task001:     0.5475027167E+01
     RMSE,MaxAE_task001:     0.3518359244E+01    0.7684972833E+01

     RMSE and MaxAE of the model:   3.518359  7.684973
--------------------------------------------------------------------------------
Time (second) used for this DI:            0.09

Dimension:   2
-------------------
Feature Construction (FC) starts ...
Total number of features in the space phi00:             17
Total number of features in the space phi01:            491
Total number of features in the space phi02:         115744
Total number of features in the space phi03:     1926608261
Size of the SIS-selected subspace from phi03:      10000
Time (second) used for this FC:          345.00

Descriptor Identification (DI) starts ...
Total number of SIS-selected features from all dimensions:      20000
 
Final model/descriptor !
================================================================================
  2D descriptor: 
     d001 = ((feature11*(feature10-feature16))*((feature10*feature11)-(feature9*feature17)))    feature_ID:000002
     d002 = (((feature11-feature16)*(feature17-feature16))-(feature11*feature14))    feature_ID:004309

  2D model(y=sum(ci*di)+c0): 
     coeff.(ci)_task001:     0.1209612512E+03   -0.2913376614E+02
             c0_task001:    -0.8000278849E+00
     RMSE,MaxAE_task001:     0.1351284140E+01    0.3140109928E+01

     RMSE and MaxAE of the model:   1.351284  3.140110
================================================================================
Time (second) used for this DI:           17.89
Total time (second):          702.49
Have a nice day !    

