****************************************************************
  Sure Independence Screening and Sparsifying Operator (SISSO)  
             Version SISSO.3.3, July, 2023.                
****************************************************************

Read in data from train.dat
Read in data from SISSO.in
Property type:     1
Number of tasks:        1
Descriptor dimension:        2
Number of samples for the task(s):     36
Restarts :  0
Number of scalar features:       19
Tier of the feature space:        3
Maximal feature complexity (number of operators in a feature):        6
Unit of input primary feature, each represented by a row vector: 
    1.00
    1.00
    1.00
    1.00
    1.00
    1.00
    1.00
    1.00
    1.00
    1.00
    1.00
    1.00
    1.00
    1.00
    1.00
    1.00
    1.00
    1.00
    1.00
The feature will be discarded if the minimum of the maximal abs. value in it <    0.10000E-02
The faature will be discarded if the maximum of the maximal abs. value in it >     0.10000E+06
Size of the SIS-selected (single) subspace :  10000 10000
Operators for feature construction: (+)(-)(*) (+)(-)(*) (+)(-)(*) 
Method for sparse regression:  L0        
Fitting intercept:      T
Metric for model selection: RMSE
Number of the top-ranked models to output:      100
--------------------------------------------------------------------------------

Dimension:   1
-------------------
Feature Construction (FC) starts ...
Population Standard Deviation (SD) of the task 001:   10.22307
Total number of features in the space phi00:             19
Total number of features in the space phi01:            633
Total number of features in the space phi02:         195309
Total number of features in the space phi03:     4731618313
Size of the SIS-selected subspace from phi03:      10000
Time (second) used for this FC:          874.43

Descriptor Identification (DI) starts ...
Total number of SIS-selected features from all dimensions:      10000
 
  1D descriptor: 
     d001 = (((feature11*feature12)+(feature15*feature18))-(feature17*(feature15-feature17)))    feature_ID:000001

  1D model(y=sum(ci*di)+c0): 
     coeff.(ci)_task001:    -0.3347063608E+02
             c0_task001:     0.3128051891E+02
     RMSE,MaxAE_task001:     0.4351717337E+01    0.1141313505E+02

     RMSE and MaxAE of the model:   4.351717 11.413135
--------------------------------------------------------------------------------
Time (second) used for this DI:            0.23

Dimension:   2
-------------------
Feature Construction (FC) starts ...
Total number of features in the space phi00:             19
Total number of features in the space phi01:            633
Total number of features in the space phi02:         195309
Total number of features in the space phi03:     4731618313
Size of the SIS-selected subspace from phi03:      10000
Time (second) used for this FC:          873.49

Descriptor Identification (DI) starts ...
Total number of SIS-selected features from all dimensions:      20000
 
Final model/descriptor !
================================================================================
  2D descriptor: 
     d001 = (((feature1+feature11)*(feature12+feature15))-(feature17*(feature15-feature17)))    feature_ID:000679
     d002 = ((feature13*(feature10-feature13))*((feature10-feature5)*(feature15-feature18)))    feature_ID:010020

  2D model(y=sum(ci*di)+c0): 
     coeff.(ci)_task001:    -0.3161878299E+02   -0.2101726941E+03
             c0_task001:     0.2805120574E+02
     RMSE,MaxAE_task001:     0.2537650362E+01    0.5527483914E+01

     RMSE and MaxAE of the model:   2.537650  5.527484
================================================================================
Time (second) used for this DI:           25.44
Total time (second):         1774.56
Have a nice day !    

