****************************************************************
  Sure Independence Screening and Sparsifying Operator (SISSO)  
             Version SISSO.3.3, July, 2023.                
****************************************************************

Read in data from train.dat
Read in data from SISSO.in
Property type:     1
Number of tasks:        1
Descriptor dimension:        2
Number of samples for the task(s):     36
Restarts :  0
Number of scalar features:       20
Tier of the feature space:        3
Maximal feature complexity (number of operators in a feature):        6
Unit of input primary feature, each represented by a row vector: 
    1.00
    1.00
    1.00
    1.00
    1.00
    1.00
    1.00
    1.00
    1.00
    1.00
    1.00
    1.00
    1.00
    1.00
    1.00
    1.00
    1.00
    1.00
    1.00
    1.00
The feature will be discarded if the minimum of the maximal abs. value in it <    0.10000E-02
The faature will be discarded if the maximum of the maximal abs. value in it >     0.10000E+06
Size of the SIS-selected (single) subspace :  10000 10000
Operators for feature construction: (+)(-)(*) (+)(-)(*) (+)(-)(*) 
Method for sparse regression:  L0        
Fitting intercept:      T
Metric for model selection: RMSE
Number of the top-ranked models to output:      100
--------------------------------------------------------------------------------

Dimension:   1
-------------------
Feature Construction (FC) starts ...
Population Standard Deviation (SD) of the task 001:   24.06095
Total number of features in the space phi00:             20
Total number of features in the space phi01:            684
Total number of features in the space phi02:         214273
Total number of features in the space phi03:     5701459247
Size of the SIS-selected subspace from phi03:      10000
Time (second) used for this FC:         1088.43

Descriptor Identification (DI) starts ...
Total number of SIS-selected features from all dimensions:      10000
 
  1D descriptor: 
     d001 = (((feature14+feature19)-feature20)*((feature12*feature14)-(feature13*feature19)))    feature_ID:000001

  1D model(y=sum(ci*di)+c0): 
     coeff.(ci)_task001:     0.9801427708E+02
             c0_task001:     0.2463619811E+02
     RMSE,MaxAE_task001:     0.1252172223E+02    0.2605214133E+02

     RMSE and MaxAE of the model:  12.521722 26.052141
--------------------------------------------------------------------------------
Time (second) used for this DI:            0.11

Dimension:   2
-------------------
Feature Construction (FC) starts ...
Total number of features in the space phi00:             20
Total number of features in the space phi01:            684
Total number of features in the space phi02:         214273
Total number of features in the space phi03:     5701459247
Size of the SIS-selected subspace from phi03:      10000
Time (second) used for this FC:         1089.62

Descriptor Identification (DI) starts ...
Total number of SIS-selected features from all dimensions:      20000
 
Final model/descriptor !
================================================================================
  2D descriptor: 
     d001 = (((feature14+feature19)-feature20)*((feature12*feature14)-(feature13*feature19)))    feature_ID:000001
     d002 = (((feature18-feature20)-feature7)*((feature1+feature17)-(feature14+feature19)))    feature_ID:010002

  2D model(y=sum(ci*di)+c0): 
     coeff.(ci)_task001:     0.1022295481E+03    0.8287404581E+02
             c0_task001:     0.2175576629E+02
     RMSE,MaxAE_task001:     0.9777581214E+01    0.2221988484E+02

     RMSE and MaxAE of the model:   9.777581 22.219885
================================================================================
Time (second) used for this DI:           25.60
Total time (second):         2204.77
Have a nice day !    

