****************************************************************
  Sure Independence Screening and Sparsifying Operator (SISSO)  
             Version SISSO.3.3, July, 2023.                
****************************************************************

Read in data from train.dat
Read in data from SISSO.in
Property type:     1
Number of tasks:        1
Descriptor dimension:        2
Number of samples for the task(s):     36
Restarts :  0
Number of scalar features:       21
Tier of the feature space:        3
Maximal feature complexity (number of operators in a feature):        6
Unit of input primary feature, each represented by a row vector: 
    1.00
    1.00
    1.00
    1.00
    1.00
    1.00
    1.00
    1.00
    1.00
    1.00
    1.00
    1.00
    1.00
    1.00
    1.00
    1.00
    1.00
    1.00
    1.00
    1.00
    1.00
The feature will be discarded if the minimum of the maximal abs. value in it <    0.10000E-02
The faature will be discarded if the maximum of the maximal abs. value in it >     0.10000E+06
Size of the SIS-selected (single) subspace :  10000 10000
Operators for feature construction: (+)(-)(*) (+)(-)(*) (+)(-)(*) 
Method for sparse regression:  L0        
Fitting intercept:      T
Metric for model selection: RMSE
Number of the top-ranked models to output:      100
--------------------------------------------------------------------------------

Dimension:   1
-------------------
Feature Construction (FC) starts ...
Population Standard Deviation (SD) of the task 001:   21.78719
Total number of features in the space phi00:             21
Total number of features in the space phi01:            769
Total number of features in the space phi02:         274780
Total number of features in the space phi03:     8724127469
Size of the SIS-selected subspace from phi03:      10000
Time (second) used for this FC:         1600.90

Descriptor Identification (DI) starts ...
Total number of SIS-selected features from all dimensions:      10000
 
  1D descriptor: 
     d001 = ((feature12*(feature8+feature15))+((feature13-feature19)*(feature14+feature20)))    feature_ID:000001

  1D model(y=sum(ci*di)+c0): 
     coeff.(ci)_task001:     0.3250747080E+02
             c0_task001:     0.4259421241E+02
     RMSE,MaxAE_task001:     0.1208822333E+02    0.3019990862E+02

     RMSE and MaxAE of the model:  12.088223 30.199909
--------------------------------------------------------------------------------
Time (second) used for this DI:            0.11

Dimension:   2
-------------------
Feature Construction (FC) starts ...
Total number of features in the space phi00:             21
Total number of features in the space phi01:            769
Total number of features in the space phi02:         274780
Total number of features in the space phi03:     8724127469
Size of the SIS-selected subspace from phi03:      10000
Time (second) used for this FC:         1600.78

Descriptor Identification (DI) starts ...
Total number of SIS-selected features from all dimensions:      20000
 
Final model/descriptor !
================================================================================
  2D descriptor: 
     d001 = (((feature14+feature20)*(feature21-feature13))-(feature12*(feature15+feature17)))    feature_ID:000104
     d002 = ((feature18*(feature12-feature15))*((feature16-feature20)*(feature19-feature21)))    feature_ID:010006

  2D model(y=sum(ci*di)+c0): 
     coeff.(ci)_task001:    -0.3497120829E+02    0.2093487913E+04
             c0_task001:     0.4395689921E+02
     RMSE,MaxAE_task001:     0.9039925356E+01    0.2489401690E+02

     RMSE and MaxAE of the model:   9.039925 24.894017
================================================================================
Time (second) used for this DI:           25.56
Total time (second):         3235.41
Have a nice day !    

