****************************************************************
  Sure Independence Screening and Sparsifying Operator (SISSO)  
             Version SISSO.3.3, July, 2023.                
****************************************************************

Read in data from train.dat
Read in data from SISSO.in
Property type:     1
Number of tasks:        1
Descriptor dimension:        2
Number of samples for the task(s):     36
Restarts :  0
Number of scalar features:       18
Tier of the feature space:        3
Maximal feature complexity (number of operators in a feature):        6
Unit of input primary feature, each represented by a row vector: 
    1.00
    1.00
    1.00
    1.00
    1.00
    1.00
    1.00
    1.00
    1.00
    1.00
    1.00
    1.00
    1.00
    1.00
    1.00
    1.00
    1.00
    1.00
The feature will be discarded if the minimum of the maximal abs. value in it <    0.10000E-02
The faature will be discarded if the maximum of the maximal abs. value in it >     0.10000E+06
Size of the SIS-selected (single) subspace :  10000 10000
Operators for feature construction: (+)(-)(*) (+)(-)(*) (+)(-)(*) 
Method for sparse regression:  L0        
Fitting intercept:      T
Metric for model selection: RMSE
Number of the top-ranked models to output:      100
--------------------------------------------------------------------------------

Dimension:   1
-------------------
Feature Construction (FC) starts ...
Population Standard Deviation (SD) of the task 001:   22.76720
Total number of features in the space phi00:             18
Total number of features in the space phi01:            574
Total number of features in the space phi02:         167574
Total number of features in the space phi03:     3574084690
Size of the SIS-selected subspace from phi03:      10000
Time (second) used for this FC:          594.97

Descriptor Identification (DI) starts ...
Total number of SIS-selected features from all dimensions:      10000
 
  1D descriptor: 
     d001 = ((feature14*(feature6-feature9))+((feature1+feature16)*(feature10+feature15)))    feature_ID:000001

  1D model(y=sum(ci*di)+c0): 
     coeff.(ci)_task001:    -0.4027373185E+02
             c0_task001:     0.4307002680E+02
     RMSE,MaxAE_task001:     0.1264271722E+02    0.3268965336E+02

     RMSE and MaxAE of the model:  12.642717 32.689653
--------------------------------------------------------------------------------
Time (second) used for this DI:            0.09

Dimension:   2
-------------------
Feature Construction (FC) starts ...
Total number of features in the space phi00:             18
Total number of features in the space phi01:            574
Total number of features in the space phi02:         167574
Total number of features in the space phi03:     3574084690
Size of the SIS-selected subspace from phi03:      10000
Time (second) used for this FC:          598.65

Descriptor Identification (DI) starts ...
Total number of SIS-selected features from all dimensions:      20000
 
Final model/descriptor !
================================================================================
  2D descriptor: 
     d001 = (((feature15-feature9)*(feature9+feature16))-(feature11*(feature18-feature10)))    feature_ID:009865
     d002 = (((feature15-feature16)-feature5)*((feature14-feature16)*(feature16-feature18)))    feature_ID:013258

  2D model(y=sum(ci*di)+c0): 
     coeff.(ci)_task001:    -0.3258102242E+02   -0.2580743335E+03
             c0_task001:     0.3633985647E+02
     RMSE,MaxAE_task001:     0.8823820437E+01    0.2711543778E+02

     RMSE and MaxAE of the model:   8.823820 27.115438
================================================================================
Time (second) used for this DI:           25.51
Total time (second):         1219.81
Have a nice day !    

