****************************************************************
  Sure Independence Screening and Sparsifying Operator (SISSO)  
             Version SISSO.3.3, July, 2023.                
****************************************************************

Read in data from train.dat
Read in data from SISSO.in
Property type:     1
Number of tasks:        1
Descriptor dimension:        2
Number of samples for the task(s):     36
Restarts :  0
Number of scalar features:       19
Tier of the feature space:        3
Maximal feature complexity (number of operators in a feature):        6
Unit of input primary feature, each represented by a row vector: 
    1.00
    1.00
    1.00
    1.00
    1.00
    1.00
    1.00
    1.00
    1.00
    1.00
    1.00
    1.00
    1.00
    1.00
    1.00
    1.00
    1.00
    1.00
    1.00
The feature will be discarded if the minimum of the maximal abs. value in it <    0.10000E-02
The faature will be discarded if the maximum of the maximal abs. value in it >     0.10000E+06
Size of the SIS-selected (single) subspace :  10000 10000
Operators for feature construction: (+)(-)(*) (+)(-)(*) (+)(-)(*) 
Method for sparse regression:  L0        
Fitting intercept:      T
Metric for model selection: RMSE
Number of the top-ranked models to output:      100
--------------------------------------------------------------------------------

Dimension:   1
-------------------
Feature Construction (FC) starts ...
Population Standard Deviation (SD) of the task 001:   22.46720
Total number of features in the space phi00:             19
Total number of features in the space phi01:            625
Total number of features in the space phi02:         184090
Total number of features in the space phi03:     4320332236
Size of the SIS-selected subspace from phi03:      10000
Time (second) used for this FC:          840.29

Descriptor Identification (DI) starts ...
Total number of SIS-selected features from all dimensions:      10000
 
  1D descriptor: 
     d001 = (((feature11-feature14)*(feature15-feature13))-(feature11*(feature8+feature14)))    feature_ID:000001

  1D model(y=sum(ci*di)+c0): 
     coeff.(ci)_task001:    -0.7909251993E+02
             c0_task001:     0.1048382487E+02
     RMSE,MaxAE_task001:     0.1332336494E+02    0.3187506298E+02

     RMSE and MaxAE of the model:  13.323365 31.875063
--------------------------------------------------------------------------------
Time (second) used for this DI:            0.11

Dimension:   2
-------------------
Feature Construction (FC) starts ...
Total number of features in the space phi00:             19
Total number of features in the space phi01:            625
Total number of features in the space phi02:         184090
Total number of features in the space phi03:     4320332236
Size of the SIS-selected subspace from phi03:      10000
Time (second) used for this FC:          843.48

Descriptor Identification (DI) starts ...
Total number of SIS-selected features from all dimensions:      20000
 
Final model/descriptor !
================================================================================
  2D descriptor: 
     d001 = ((feature13*(feature18-feature19))-((feature8+feature11)*(feature12+feature14)))    feature_ID:005782
     d002 = ((feature14*(feature6+feature12))*((feature13+feature17)-(feature4+feature14)))    feature_ID:014261

  2D model(y=sum(ci*di)+c0): 
     coeff.(ci)_task001:    -0.8094338377E+02   -0.6288803844E+03
             c0_task001:     0.9749451716E+01
     RMSE,MaxAE_task001:     0.9921337070E+01    0.2866534458E+02

     RMSE and MaxAE of the model:   9.921337 28.665345
================================================================================
Time (second) used for this DI:           25.50
Total time (second):         1710.70
Have a nice day !    

