****************************************************************
  Sure Independence Screening and Sparsifying Operator (SISSO)  
             Version SISSO.3.3, July, 2023.                
****************************************************************

Read in data from train.dat
Read in data from SISSO.in
Property type:     1
Number of tasks:        1
Descriptor dimension:        2
Number of samples for the task(s):     36
Restarts :  0
Number of scalar features:       20
Tier of the feature space:        3
Maximal feature complexity (number of operators in a feature):        6
Unit of input primary feature, each represented by a row vector: 
    1.00
    1.00
    1.00
    1.00
    1.00
    1.00
    1.00
    1.00
    1.00
    1.00
    1.00
    1.00
    1.00
    1.00
    1.00
    1.00
    1.00
    1.00
    1.00
    1.00
The feature will be discarded if the minimum of the maximal abs. value in it <    0.10000E-02
The faature will be discarded if the maximum of the maximal abs. value in it >     0.10000E+06
Size of the SIS-selected (single) subspace :  10000 10000
Operators for feature construction: (+)(-)(*) (+)(-)(*) (+)(-)(*) 
Method for sparse regression:  L0        
Fitting intercept:      T
Metric for model selection: RMSE
Number of the top-ranked models to output:      100
--------------------------------------------------------------------------------

Dimension:   1
-------------------
Feature Construction (FC) starts ...
Population Standard Deviation (SD) of the task 001:   23.10484
Total number of features in the space phi00:             20
Total number of features in the space phi01:            697
Total number of features in the space phi02:         227534
Total number of features in the space phi03:     6284882848
Size of the SIS-selected subspace from phi03:      10000
Time (second) used for this FC:         1162.05

Descriptor Identification (DI) starts ...
Total number of SIS-selected features from all dimensions:      10000
 
  1D descriptor: 
     d001 = (((feature12+feature19)*(feature12-feature19))-(feature18*(feature13+feature17)))    feature_ID:000001

  1D model(y=sum(ci*di)+c0): 
     coeff.(ci)_task001:     0.5827494412E+02
             c0_task001:     0.9196934346E+02
     RMSE,MaxAE_task001:     0.1086071959E+02    0.2897695579E+02

     RMSE and MaxAE of the model:  10.860720 28.976956
--------------------------------------------------------------------------------
Time (second) used for this DI:            0.11

Dimension:   2
-------------------
Feature Construction (FC) starts ...
Total number of features in the space phi00:             20
Total number of features in the space phi01:            697
Total number of features in the space phi02:         227534
Total number of features in the space phi03:     6284882848
Size of the SIS-selected subspace from phi03:      10000
Time (second) used for this FC:         1161.16

Descriptor Identification (DI) starts ...
Total number of SIS-selected features from all dimensions:      20000
 
Final model/descriptor !
================================================================================
  2D descriptor: 
     d001 = (((feature12*feature16)+(feature17*feature18))-(feature19*(feature12-feature19)))    feature_ID:008663
     d002 = ((feature12*(feature14*feature18))*((feature12+feature13)+(feature13-feature17)))    feature_ID:019469

  2D model(y=sum(ci*di)+c0): 
     coeff.(ci)_task001:    -0.6703773998E+02   -0.8051049224E+03
             c0_task001:     0.9209947926E+02
     RMSE,MaxAE_task001:     0.8019447837E+01    0.1472220770E+02

     RMSE and MaxAE of the model:   8.019448 14.722208
================================================================================
Time (second) used for this DI:           45.78
Total time (second):         2391.97
Have a nice day !    

