****************************************************************
  Sure Independence Screening and Sparsifying Operator (SISSO)  
             Version SISSO.3.3, July, 2023.                
****************************************************************

Read in data from train.dat
Read in data from SISSO.in
Property type:     1
Number of tasks:        1
Descriptor dimension:        2
Number of samples for the task(s):     36
Restarts :  0
Number of scalar features:       20
Tier of the feature space:        3
Maximal feature complexity (number of operators in a feature):        6
Unit of input primary feature, each represented by a row vector: 
    1.00
    1.00
    1.00
    1.00
    1.00
    1.00
    1.00
    1.00
    1.00
    1.00
    1.00
    1.00
    1.00
    1.00
    1.00
    1.00
    1.00
    1.00
    1.00
    1.00
The feature will be discarded if the minimum of the maximal abs. value in it <    0.10000E-02
The faature will be discarded if the maximum of the maximal abs. value in it >     0.10000E+06
Size of the SIS-selected (single) subspace :  10000 10000
Operators for feature construction: (+)(-)(*) (+)(-)(*) (+)(-)(*) 
Method for sparse regression:  L0        
Fitting intercept:      T
Metric for model selection: RMSE
Number of the top-ranked models to output:      100
--------------------------------------------------------------------------------

Dimension:   1
-------------------
Feature Construction (FC) starts ...
Population Standard Deviation (SD) of the task 001:   22.72771
Total number of features in the space phi00:             20
Total number of features in the space phi01:            703
Total number of features in the space phi02:         238934
Total number of features in the space phi03:     6755073155
Size of the SIS-selected subspace from phi03:      10000
Time (second) used for this FC:         1108.13

Descriptor Identification (DI) starts ...
Total number of SIS-selected features from all dimensions:      10000
 
  1D descriptor: 
     d001 = ((feature18*(feature6+feature17))+((feature18-feature19)*(feature18-feature20)))    feature_ID:000001

  1D model(y=sum(ci*di)+c0): 
     coeff.(ci)_task001:    -0.7624840798E+02
             c0_task001:     0.7506644693E+02
     RMSE,MaxAE_task001:     0.1122824555E+02    0.2761989921E+02

     RMSE and MaxAE of the model:  11.228246 27.619899
--------------------------------------------------------------------------------
Time (second) used for this DI:            0.09

Dimension:   2
-------------------
Feature Construction (FC) starts ...
Total number of features in the space phi00:             20
Total number of features in the space phi01:            703
Total number of features in the space phi02:         238934
Total number of features in the space phi03:     6755073155
Size of the SIS-selected subspace from phi03:      10000
Time (second) used for this FC:         1109.92

Descriptor Identification (DI) starts ...
Total number of SIS-selected features from all dimensions:      20000
 
Final model/descriptor !
================================================================================
  2D descriptor: 
     d001 = ((feature17*(feature9+feature18))+((feature15-feature4)*(feature18-feature20)))    feature_ID:000335
     d002 = (((feature11-feature13)-feature18)*((feature11-feature12)*(feature12-feature11)))    feature_ID:011136

  2D model(y=sum(ci*di)+c0): 
     coeff.(ci)_task001:    -0.5794047638E+02    0.1105874087E+03
             c0_task001:     0.6176481976E+02
     RMSE,MaxAE_task001:     0.8371028381E+01    0.1830148632E+02

     RMSE and MaxAE of the model:   8.371028 18.301486
================================================================================
Time (second) used for this DI:           25.64
Total time (second):         2244.44
Have a nice day !    

