****************************************************************
  Sure Independence Screening and Sparsifying Operator (SISSO)  
             Version SISSO.3.3, July, 2023.                
****************************************************************

Read in data from train.dat
Read in data from SISSO.in
Property type:     1
Number of tasks:        1
Descriptor dimension:        2
Number of samples for the task(s):     36
Restarts :  0
Number of scalar features:       19
Tier of the feature space:        3
Maximal feature complexity (number of operators in a feature):        6
Unit of input primary feature, each represented by a row vector: 
    1.00
    1.00
    1.00
    1.00
    1.00
    1.00
    1.00
    1.00
    1.00
    1.00
    1.00
    1.00
    1.00
    1.00
    1.00
    1.00
    1.00
    1.00
    1.00
The feature will be discarded if the minimum of the maximal abs. value in it <    0.10000E-02
The faature will be discarded if the maximum of the maximal abs. value in it >     0.10000E+06
Size of the SIS-selected (single) subspace :  10000 10000
Operators for feature construction: (+)(-)(*) (+)(-)(*) (+)(-)(*) 
Method for sparse regression:  L0        
Fitting intercept:      T
Metric for model selection: RMSE
Number of the top-ranked models to output:      100
--------------------------------------------------------------------------------

Dimension:   1
-------------------
Feature Construction (FC) starts ...
Population Standard Deviation (SD) of the task 001:   22.53177
Total number of features in the space phi00:             19
Total number of features in the space phi01:            642
Total number of features in the space phi02:         211656
Total number of features in the space phi03:     5361221114
Size of the SIS-selected subspace from phi03:      10000
Time (second) used for this FC:         1015.97

Descriptor Identification (DI) starts ...
Total number of SIS-selected features from all dimensions:      10000
 
  1D descriptor: 
     d001 = (((feature12-feature18)*(feature19-feature17))-(feature16*(feature11+feature17)))    feature_ID:000001

  1D model(y=sum(ci*di)+c0): 
     coeff.(ci)_task001:     0.5557127905E+02
             c0_task001:     0.6902362490E+02
     RMSE,MaxAE_task001:     0.1071427317E+02    0.2520110486E+02

     RMSE and MaxAE of the model:  10.714273 25.201105
--------------------------------------------------------------------------------
Time (second) used for this DI:            0.09

Dimension:   2
-------------------
Feature Construction (FC) starts ...
Total number of features in the space phi00:             19
Total number of features in the space phi01:            642
Total number of features in the space phi02:         211656
Total number of features in the space phi03:     5361221114
Size of the SIS-selected subspace from phi03:      10000
Time (second) used for this FC:         1016.49

Descriptor Identification (DI) starts ...
Total number of SIS-selected features from all dimensions:      20000
 
Final model/descriptor !
================================================================================
  2D descriptor: 
     d001 = (((feature12-feature18)*(feature19-feature17))-(feature16*(feature11+feature17)))    feature_ID:000001
     d002 = ((feature10*(feature10-feature11))*((feature1+feature11)+(feature14-feature12)))    feature_ID:010001

  2D model(y=sum(ci*di)+c0): 
     coeff.(ci)_task001:     0.5565935507E+02   -0.1670440576E+03
             c0_task001:     0.6732489530E+02
     RMSE,MaxAE_task001:     0.7725005858E+01    0.1817162003E+02

     RMSE and MaxAE of the model:   7.725006 18.171620
================================================================================
Time (second) used for this DI:           25.64
Total time (second):         2058.81
Have a nice day !    

