****************************************************************
  Sure Independence Screening and Sparsifying Operator (SISSO)  
             Version SISSO.3.3, July, 2023.                
****************************************************************

Read in data from train.dat
Read in data from SISSO.in
Property type:     1
Number of tasks:        1
Descriptor dimension:        2
Number of samples for the task(s):     36
Restarts :  0
Number of scalar features:       19
Tier of the feature space:        3
Maximal feature complexity (number of operators in a feature):        6
Unit of input primary feature, each represented by a row vector: 
    1.00
    1.00
    1.00
    1.00
    1.00
    1.00
    1.00
    1.00
    1.00
    1.00
    1.00
    1.00
    1.00
    1.00
    1.00
    1.00
    1.00
    1.00
    1.00
The feature will be discarded if the minimum of the maximal abs. value in it <    0.10000E-02
The faature will be discarded if the maximum of the maximal abs. value in it >     0.10000E+06
Size of the SIS-selected (single) subspace :  10000 10000
Operators for feature construction: (+)(-)(*) (+)(-)(*) (+)(-)(*) 
Method for sparse regression:  L0        
Fitting intercept:      T
Metric for model selection: RMSE
Number of the top-ranked models to output:      100
--------------------------------------------------------------------------------

Dimension:   1
-------------------
Feature Construction (FC) starts ...
Population Standard Deviation (SD) of the task 001:   99.48566
Total number of features in the space phi00:             19
Total number of features in the space phi01:            625
Total number of features in the space phi02:         183095
Total number of features in the space phi03:     4302342324
Size of the SIS-selected subspace from phi03:      10000
Time (second) used for this FC:          811.31

Descriptor Identification (DI) starts ...
Total number of SIS-selected features from all dimensions:      10000
 
  1D descriptor: 
     d001 = ((feature13*(feature14-feature3))+((feature17-feature3)*(feature14-feature18)))    feature_ID:000001

  1D model(y=sum(ci*di)+c0): 
     coeff.(ci)_task001:     0.2609075989E+03
             c0_task001:     0.2799333066E+03
     RMSE,MaxAE_task001:     0.3490588147E+02    0.1091125182E+03

     RMSE and MaxAE of the model:  34.905881109.112518
--------------------------------------------------------------------------------
Time (second) used for this DI:            0.10

Dimension:   2
-------------------
Feature Construction (FC) starts ...
Total number of features in the space phi00:             19
Total number of features in the space phi01:            625
Total number of features in the space phi02:         183095
Total number of features in the space phi03:     4302342324
Size of the SIS-selected subspace from phi03:      10000
Time (second) used for this FC:          810.16

Descriptor Identification (DI) starts ...
Total number of SIS-selected features from all dimensions:      20000
 
Final model/descriptor !
================================================================================
  2D descriptor: 
     d001 = (((feature13-feature3)*(feature11-feature16))-(feature17*(feature18-feature14)))    feature_ID:000106
     d002 = (((feature3+feature15)*(feature11-feature15))-(feature19*(feature1-feature15)))    feature_ID:015039

  2D model(y=sum(ci*di)+c0): 
     coeff.(ci)_task001:     0.2725672487E+03    0.1486201503E+03
             c0_task001:     0.2998836982E+03
     RMSE,MaxAE_task001:     0.2873397187E+02    0.1113861647E+03

     RMSE and MaxAE of the model:  28.733972111.386165
================================================================================
Time (second) used for this DI:           27.71
Total time (second):         1655.35
Have a nice day !    

