****************************************************************
  Sure Independence Screening and Sparsifying Operator (SISSO)  
             Version SISSO.3.3, July, 2023.                
****************************************************************

Read in data from train.dat
Read in data from SISSO.in
Property type:     1
Number of tasks:        1
Descriptor dimension:        2
Number of samples for the task(s):     36
Restarts :  0
Number of scalar features:       19
Tier of the feature space:        3
Maximal feature complexity (number of operators in a feature):        6
Unit of input primary feature, each represented by a row vector: 
    1.00
    1.00
    1.00
    1.00
    1.00
    1.00
    1.00
    1.00
    1.00
    1.00
    1.00
    1.00
    1.00
    1.00
    1.00
    1.00
    1.00
    1.00
    1.00
The feature will be discarded if the minimum of the maximal abs. value in it <    0.10000E-02
The faature will be discarded if the maximum of the maximal abs. value in it >     0.10000E+06
Size of the SIS-selected (single) subspace :  10000 10000
Operators for feature construction: (+)(-)(*) (+)(-)(*) (+)(-)(*) 
Method for sparse regression:  L0        
Fitting intercept:      T
Metric for model selection: RMSE
Number of the top-ranked models to output:      100
--------------------------------------------------------------------------------

Dimension:   1
-------------------
Feature Construction (FC) starts ...
Population Standard Deviation (SD) of the task 001:   10.34589
Total number of features in the space phi00:             19
Total number of features in the space phi01:            641
Total number of features in the space phi02:         208410
Total number of features in the space phi03:     5230177783
Size of the SIS-selected subspace from phi03:      10000
Time (second) used for this FC:          996.45

Descriptor Identification (DI) starts ...
Total number of SIS-selected features from all dimensions:      10000
 
  1D descriptor: 
     d001 = (((feature18-feature9)-feature9)*((feature13+feature19)+(feature13-feature16)))    feature_ID:000001

  1D model(y=sum(ci*di)+c0): 
     coeff.(ci)_task001:    -0.1126719093E+02
             c0_task001:     0.6480834194E+01
     RMSE,MaxAE_task001:     0.4995522334E+01    0.1646476275E+02

     RMSE and MaxAE of the model:   4.995522 16.464763
--------------------------------------------------------------------------------
Time (second) used for this DI:            0.12

Dimension:   2
-------------------
Feature Construction (FC) starts ...
Total number of features in the space phi00:             19
Total number of features in the space phi01:            641
Total number of features in the space phi02:         208410
Total number of features in the space phi03:     5230177783
Size of the SIS-selected subspace from phi03:      10000
Time (second) used for this FC:         1008.98

Descriptor Identification (DI) starts ...
Total number of SIS-selected features from all dimensions:      20000
 
Final model/descriptor !
================================================================================
  2D descriptor: 
     d001 = (((feature18-feature19)-feature9)*((feature2*feature18)-(feature9*feature13)))    feature_ID:008324
     d002 = ((feature9*(feature1+feature12))*((feature11-feature9)*(feature14-feature15)))    feature_ID:011133

  2D model(y=sum(ci*di)+c0): 
     coeff.(ci)_task001:     0.4334317779E+02    0.1307108299E+03
             c0_task001:     0.5066257563E+01
     RMSE,MaxAE_task001:     0.3240418262E+01    0.8368555094E+01

     RMSE and MaxAE of the model:   3.240418  8.368555
================================================================================
Time (second) used for this DI:           25.74
Total time (second):         2032.05
Have a nice day !    

