****************************************************************
  Sure Independence Screening and Sparsifying Operator (SISSO)  
             Version SISSO.3.3, July, 2023.                
****************************************************************

Read in data from train.dat
Read in data from SISSO.in
Property type:     1
Number of tasks:        1
Descriptor dimension:        2
Number of samples for the task(s):     36
Restarts :  0
Number of scalar features:       22
Tier of the feature space:        3
Maximal feature complexity (number of operators in a feature):        6
Unit of input primary feature, each represented by a row vector: 
    1.00
    1.00
    1.00
    1.00
    1.00
    1.00
    1.00
    1.00
    1.00
    1.00
    1.00
    1.00
    1.00
    1.00
    1.00
    1.00
    1.00
    1.00
    1.00
    1.00
    1.00
    1.00
The feature will be discarded if the minimum of the maximal abs. value in it <    0.10000E-02
The faature will be discarded if the maximum of the maximal abs. value in it >     0.10000E+06
Size of the SIS-selected (single) subspace :  10000 10000
Operators for feature construction: (+)(-)(*) (+)(-)(*) (+)(-)(*) 
Method for sparse regression:  L0        
Fitting intercept:      T
Metric for model selection: RMSE
Number of the top-ranked models to output:      100
--------------------------------------------------------------------------------

Dimension:   1
-------------------
Feature Construction (FC) starts ...
Population Standard Deviation (SD) of the task 001:   89.81360
Total number of features in the space phi00:             22
Total number of features in the space phi01:            862
Total number of features in the space phi02:         369336
Total number of features in the space phi03:    14287411337
Size of the SIS-selected subspace from phi03:      10000
Time (second) used for this FC:         2430.05

Descriptor Identification (DI) starts ...
Total number of SIS-selected features from all dimensions:      10000
 
  1D descriptor: 
     d001 = (((feature11+feature13)-feature21)+((feature11+feature22)-(feature7-feature11)))    feature_ID:000001

  1D model(y=sum(ci*di)+c0): 
     coeff.(ci)_task001:     0.1013529741E+03
             c0_task001:     0.1253368051E+03
     RMSE,MaxAE_task001:     0.3925307427E+02    0.1055634482E+03

     RMSE and MaxAE of the model:  39.253074105.563448
--------------------------------------------------------------------------------
Time (second) used for this DI:            0.10

Dimension:   2
-------------------
Feature Construction (FC) starts ...
Total number of features in the space phi00:             22
Total number of features in the space phi01:            862
Total number of features in the space phi02:         369336
Total number of features in the space phi03:    14287411337
Size of the SIS-selected subspace from phi03:      10000
Time (second) used for this FC:         2425.75

Descriptor Identification (DI) starts ...
Total number of SIS-selected features from all dimensions:      20000
 
Final model/descriptor !
================================================================================
  2D descriptor: 
     d001 = (((feature2*feature22)+(feature19*feature21))-(feature11*(feature16+feature22)))    feature_ID:000016
     d002 = ((feature14*(feature11-feature18))*((feature13-feature16)*(feature18-feature19)))    feature_ID:018597

  2D model(y=sum(ci*di)+c0): 
     coeff.(ci)_task001:    -0.2004317374E+03    0.1430233503E+05
             c0_task001:     0.3159244084E+03
     RMSE,MaxAE_task001:     0.2734745557E+02    0.5390295863E+02

     RMSE and MaxAE of the model:  27.347456 53.902959
================================================================================
Time (second) used for this DI:           38.85
Total time (second):         4898.68
Have a nice day !    

