****************************************************************
  Sure Independence Screening and Sparsifying Operator (SISSO)  
             Version SISSO.3.3, July, 2023.                
****************************************************************

Read in data from train.dat
Read in data from SISSO.in
Property type:     1
Number of tasks:        1
Descriptor dimension:        2
Number of samples for the task(s):     36
Restarts :  0
Number of scalar features:       22
Tier of the feature space:        3
Maximal feature complexity (number of operators in a feature):        6
Unit of input primary feature, each represented by a row vector: 
    1.00
    1.00
    1.00
    1.00
    1.00
    1.00
    1.00
    1.00
    1.00
    1.00
    1.00
    1.00
    1.00
    1.00
    1.00
    1.00
    1.00
    1.00
    1.00
    1.00
    1.00
    1.00
The feature will be discarded if the minimum of the maximal abs. value in it <    0.10000E-02
The faature will be discarded if the maximum of the maximal abs. value in it >     0.10000E+06
Size of the SIS-selected (single) subspace :  10000 10000
Operators for feature construction: (+)(-)(*) (+)(-)(*) (+)(-)(*) 
Method for sparse regression:  L0        
Fitting intercept:      T
Metric for model selection: RMSE
Number of the top-ranked models to output:      100
--------------------------------------------------------------------------------

Dimension:   1
-------------------
Feature Construction (FC) starts ...
Population Standard Deviation (SD) of the task 001:   87.39264
Total number of features in the space phi00:             22
Total number of features in the space phi01:            846
Total number of features in the space phi02:         331736
Total number of features in the space phi03:    12164467110
Size of the SIS-selected subspace from phi03:      10000
Time (second) used for this FC:         2125.74

Descriptor Identification (DI) starts ...
Total number of SIS-selected features from all dimensions:      10000
 
  1D descriptor: 
     d001 = (((feature16-feature19)*(feature19+feature20))-(feature12*(feature18-feature15)))    feature_ID:000001

  1D model(y=sum(ci*di)+c0): 
     coeff.(ci)_task001:     0.1317211336E+03
             c0_task001:     0.3186179138E+03
     RMSE,MaxAE_task001:     0.3204294687E+02    0.1169547177E+03

     RMSE and MaxAE of the model:  32.042947116.954718
--------------------------------------------------------------------------------
Time (second) used for this DI:            3.22

Dimension:   2
-------------------
Feature Construction (FC) starts ...
Total number of features in the space phi00:             22
Total number of features in the space phi01:            846
Total number of features in the space phi02:         331736
Total number of features in the space phi03:    12164467110
Size of the SIS-selected subspace from phi03:      10000
Time (second) used for this FC:         2123.18

Descriptor Identification (DI) starts ...
Total number of SIS-selected features from all dimensions:      20000
 
Final model/descriptor !
================================================================================
  2D descriptor: 
     d001 = (((feature7+feature22)*(feature15-feature21))-(feature19*(feature19-feature16)))    feature_ID:000494
     d002 = (((feature1+feature17)-feature18)*((feature2+feature14)+(feature6-feature20)))    feature_ID:010333

  2D model(y=sum(ci*di)+c0): 
     coeff.(ci)_task001:     0.1765854085E+03    0.1987180029E+03
             c0_task001:     0.3317389092E+03
     RMSE,MaxAE_task001:     0.2114633002E+02    0.6193344235E+02

     RMSE and MaxAE of the model:  21.146330 61.933442
================================================================================
Time (second) used for this DI:           25.47
Total time (second):         4279.20
Have a nice day !    

