****************************************************************
  Sure Independence Screening and Sparsifying Operator (SISSO)  
             Version SISSO.3.3, July, 2023.                
****************************************************************

Read in data from train.dat
Read in data from SISSO.in
Property type:     1
Number of tasks:        1
Descriptor dimension:        2
Number of samples for the task(s):     36
Restarts :  0
Number of scalar features:       21
Tier of the feature space:        3
Maximal feature complexity (number of operators in a feature):        6
Unit of input primary feature, each represented by a row vector: 
    1.00
    1.00
    1.00
    1.00
    1.00
    1.00
    1.00
    1.00
    1.00
    1.00
    1.00
    1.00
    1.00
    1.00
    1.00
    1.00
    1.00
    1.00
    1.00
    1.00
    1.00
The feature will be discarded if the minimum of the maximal abs. value in it <    0.10000E-02
The faature will be discarded if the maximum of the maximal abs. value in it >     0.10000E+06
Size of the SIS-selected (single) subspace :  10000 10000
Operators for feature construction: (+)(-)(*) (+)(-)(*) (+)(-)(*) 
Method for sparse regression:  L0        
Fitting intercept:      T
Metric for model selection: RMSE
Number of the top-ranked models to output:      100
--------------------------------------------------------------------------------

Dimension:   1
-------------------
Feature Construction (FC) starts ...
Population Standard Deviation (SD) of the task 001:   94.50980
Total number of features in the space phi00:             21
Total number of features in the space phi01:            779
Total number of features in the space phi02:         304149
Total number of features in the space phi03:    10173259209
Size of the SIS-selected subspace from phi03:      10000
Time (second) used for this FC:         1807.25

Descriptor Identification (DI) starts ...
Total number of SIS-selected features from all dimensions:      10000
 
  1D descriptor: 
     d001 = (((feature19-feature2)*(feature18-feature15))-(feature14*(feature11+feature15)))    feature_ID:000001

  1D model(y=sum(ci*di)+c0): 
     coeff.(ci)_task001:    -0.1666441416E+03
             c0_task001:     0.1878228903E+03
     RMSE,MaxAE_task001:     0.3417079187E+02    0.9795128477E+02

     RMSE and MaxAE of the model:  34.170792 97.951285
--------------------------------------------------------------------------------
Time (second) used for this DI:            0.12

Dimension:   2
-------------------
Feature Construction (FC) starts ...
Total number of features in the space phi00:             21
Total number of features in the space phi01:            779
Total number of features in the space phi02:         304149
Total number of features in the space phi03:    10173259209
Size of the SIS-selected subspace from phi03:      10000
Time (second) used for this FC:         1804.86

Descriptor Identification (DI) starts ...
Total number of SIS-selected features from all dimensions:      20000
 
Final model/descriptor !
================================================================================
  2D descriptor: 
     d001 = (((feature11+feature15)*(feature14+feature19))-(feature19*(feature18-feature6)))    feature_ID:009684
     d002 = (((feature19-feature16)-feature6)*((feature11*feature14)*(feature11-feature14)))    feature_ID:019394

  2D model(y=sum(ci*di)+c0): 
     coeff.(ci)_task001:     0.1388162657E+03    0.1364904178E+04
             c0_task001:     0.1633482043E+03
     RMSE,MaxAE_task001:     0.2241407493E+02    0.4498343080E+02

     RMSE and MaxAE of the model:  22.414075 44.983431
================================================================================
Time (second) used for this DI:           25.56
Total time (second):         3638.84
Have a nice day !    

