****************************************************************
  Sure Independence Screening and Sparsifying Operator (SISSO)  
             Version SISSO.3.3, July, 2023.                
****************************************************************

Read in data from train.dat
Read in data from SISSO.in
Property type:     1
Number of tasks:        1
Descriptor dimension:        2
Number of samples for the task(s):     36
Restarts :  0
Number of scalar features:       17
Tier of the feature space:        3
Maximal feature complexity (number of operators in a feature):        6
Unit of input primary feature, each represented by a row vector: 
    1.00
    1.00
    1.00
    1.00
    1.00
    1.00
    1.00
    1.00
    1.00
    1.00
    1.00
    1.00
    1.00
    1.00
    1.00
    1.00
    1.00
The feature will be discarded if the minimum of the maximal abs. value in it <    0.10000E-02
The faature will be discarded if the maximum of the maximal abs. value in it >     0.10000E+06
Size of the SIS-selected (single) subspace :  10000 10000
Operators for feature construction: (+)(-)(*) (+)(-)(*) (+)(-)(*) 
Method for sparse regression:  L0        
Fitting intercept:      T
Metric for model selection: RMSE
Number of the top-ranked models to output:      100
--------------------------------------------------------------------------------

Dimension:   1
-------------------
Feature Construction (FC) starts ...
Population Standard Deviation (SD) of the task 001:    9.89716
Total number of features in the space phi00:             17
Total number of features in the space phi01:            508
Total number of features in the space phi02:         128819
Total number of features in the space phi03:     2274398902
Size of the SIS-selected subspace from phi03:      10000
Time (second) used for this FC:          421.36

Descriptor Identification (DI) starts ...
Total number of SIS-selected features from all dimensions:      10000
 
  1D descriptor: 
     d001 = ((feature12*(feature12+feature17))*((feature13+feature14)-(feature16-feature9)))    feature_ID:000001

  1D model(y=sum(ci*di)+c0): 
     coeff.(ci)_task001:     0.1789616290E+02
             c0_task001:     0.3973235714E+01
     RMSE,MaxAE_task001:     0.4043745439E+01    0.9583982842E+01

     RMSE and MaxAE of the model:   4.043745  9.583983
--------------------------------------------------------------------------------
Time (second) used for this DI:            0.17

Dimension:   2
-------------------
Feature Construction (FC) starts ...
Total number of features in the space phi00:             17
Total number of features in the space phi01:            508
Total number of features in the space phi02:         128819
Total number of features in the space phi03:     2274398902
Size of the SIS-selected subspace from phi03:      10000
Time (second) used for this FC:          422.61

Descriptor Identification (DI) starts ...
Total number of SIS-selected features from all dimensions:      20000
 
Final model/descriptor !
================================================================================
  2D descriptor: 
     d001 = ((feature12-feature6)*((feature14+feature17)-(feature16-feature9)))    feature_ID:005243
     d002 = (((feature11+feature17)-feature9)*((feature9*feature12)*(feature15-feature17)))    feature_ID:018351

  2D model(y=sum(ci*di)+c0): 
     coeff.(ci)_task001:     0.2316856909E+02   -0.1051418085E+03
             c0_task001:     0.3491542732E+01
     RMSE,MaxAE_task001:     0.2564573774E+01    0.5939588816E+01

     RMSE and MaxAE of the model:   2.564574  5.939589
================================================================================
Time (second) used for this DI:           81.69
Total time (second):          927.35
Have a nice day !    

