****************************************************************
  Sure Independence Screening and Sparsifying Operator (SISSO)  
             Version SISSO.3.3, July, 2023.                
****************************************************************

Read in data from train.dat
Read in data from SISSO.in
Property type:     1
Number of tasks:        1
Descriptor dimension:        2
Number of samples for the task(s):     36
Restarts :  0
Number of scalar features:       21
Tier of the feature space:        3
Maximal feature complexity (number of operators in a feature):        6
Unit of input primary feature, each represented by a row vector: 
    1.00
    1.00
    1.00
    1.00
    1.00
    1.00
    1.00
    1.00
    1.00
    1.00
    1.00
    1.00
    1.00
    1.00
    1.00
    1.00
    1.00
    1.00
    1.00
    1.00
    1.00
The feature will be discarded if the minimum of the maximal abs. value in it <    0.10000E-02
The faature will be discarded if the maximum of the maximal abs. value in it >     0.10000E+06
Size of the SIS-selected (single) subspace :  10000 10000
Operators for feature construction: (+)(-)(*) (+)(-)(*) (+)(-)(*) 
Method for sparse regression:  L0        
Fitting intercept:      T
Metric for model selection: RMSE
Number of the top-ranked models to output:      100
--------------------------------------------------------------------------------

Dimension:   1
-------------------
Feature Construction (FC) starts ...
Population Standard Deviation (SD) of the task 001:   22.59850
Total number of features in the space phi00:             21
Total number of features in the space phi01:            767
Total number of features in the space phi02:         269176
Total number of features in the space phi03:     8470323129
Size of the SIS-selected subspace from phi03:      10000
Time (second) used for this FC:         1539.89

Descriptor Identification (DI) starts ...
Total number of SIS-selected features from all dimensions:      10000
 
  1D descriptor: 
     d001 = (((feature20-feature17)-feature17)*((feature10+feature16)+(feature20-feature21)))    feature_ID:000001

  1D model(y=sum(ci*di)+c0): 
     coeff.(ci)_task001:    -0.6062748740E+02
             c0_task001:     0.2554081351E+02
     RMSE,MaxAE_task001:     0.1060245958E+02    0.2316861879E+02

     RMSE and MaxAE of the model:  10.602460 23.168619
--------------------------------------------------------------------------------
Time (second) used for this DI:            0.10

Dimension:   2
-------------------
Feature Construction (FC) starts ...
Total number of features in the space phi00:             21
Total number of features in the space phi01:            767
Total number of features in the space phi02:         269176
Total number of features in the space phi03:     8470323129
Size of the SIS-selected subspace from phi03:      10000
Time (second) used for this FC:         1574.46

Descriptor Identification (DI) starts ...
Total number of SIS-selected features from all dimensions:      20000
 
Final model/descriptor !
================================================================================
  2D descriptor: 
     d001 = (((feature13+feature20)*(feature15+feature20))-(feature16*(feature16+feature17)))    feature_ID:003425
     d002 = (((feature14-feature13)-feature13)*((feature12-feature21)*(feature13-feature15)))    feature_ID:013239

  2D model(y=sum(ci*di)+c0): 
     coeff.(ci)_task001:    -0.2916110368E+02   -0.2258214604E+03
             c0_task001:     0.3790545646E+02
     RMSE,MaxAE_task001:     0.7197043017E+01    0.1777116049E+02

     RMSE and MaxAE of the model:   7.197043 17.771160
================================================================================
Time (second) used for this DI:           25.51
Total time (second):         3140.86
Have a nice day !    

