****************************************************************
  Sure Independence Screening and Sparsifying Operator (SISSO)  
             Version SISSO.3.3, July, 2023.                
****************************************************************

Read in data from train.dat
Read in data from SISSO.in
Property type:     1
Number of tasks:        1
Descriptor dimension:        2
Number of samples for the task(s):     36
Restarts :  0
Number of scalar features:       19
Tier of the feature space:        3
Maximal feature complexity (number of operators in a feature):        6
Unit of input primary feature, each represented by a row vector: 
    1.00
    1.00
    1.00
    1.00
    1.00
    1.00
    1.00
    1.00
    1.00
    1.00
    1.00
    1.00
    1.00
    1.00
    1.00
    1.00
    1.00
    1.00
    1.00
The feature will be discarded if the minimum of the maximal abs. value in it <    0.10000E-02
The faature will be discarded if the maximum of the maximal abs. value in it >     0.10000E+06
Size of the SIS-selected (single) subspace :  10000 10000
Operators for feature construction: (+)(-)(*) (+)(-)(*) (+)(-)(*) 
Method for sparse regression:  L0        
Fitting intercept:      T
Metric for model selection: RMSE
Number of the top-ranked models to output:      100
--------------------------------------------------------------------------------

Dimension:   1
-------------------
Feature Construction (FC) starts ...
Population Standard Deviation (SD) of the task 001:   20.99820
Total number of features in the space phi00:             19
Total number of features in the space phi01:            625
Total number of features in the space phi02:         183609
Total number of features in the space phi03:     4311520272
Size of the SIS-selected subspace from phi03:      10000
Time (second) used for this FC:          815.54

Descriptor Identification (DI) starts ...
Total number of SIS-selected features from all dimensions:      10000
 
  1D descriptor: 
     d001 = (((feature13+feature15)-feature16)*((feature12+feature17)-(feature16+feature19)))    feature_ID:000001

  1D model(y=sum(ci*di)+c0): 
     coeff.(ci)_task001:    -0.7062747954E+02
             c0_task001:     0.3924230048E+02
     RMSE,MaxAE_task001:     0.1157237943E+02    0.2446078632E+02

     RMSE and MaxAE of the model:  11.572379 24.460786
--------------------------------------------------------------------------------
Time (second) used for this DI:            0.09

Dimension:   2
-------------------
Feature Construction (FC) starts ...
Total number of features in the space phi00:             19
Total number of features in the space phi01:            625
Total number of features in the space phi02:         183609
Total number of features in the space phi03:     4311520272
Size of the SIS-selected subspace from phi03:      10000
Time (second) used for this FC:          818.37

Descriptor Identification (DI) starts ...
Total number of SIS-selected features from all dimensions:      20000
 
Final model/descriptor !
================================================================================
  2D descriptor: 
     d001 = ((feature15*(feature13-feature14))*((feature12+feature17)-(feature16+feature19)))    feature_ID:000032
     d002 = ((feature11*(feature11*feature19))*((feature13-feature5)*(feature13-feature16)))    feature_ID:010153

  2D model(y=sum(ci*di)+c0): 
     coeff.(ci)_task001:    -0.1776892932E+03    0.3860401852E+03
             c0_task001:     0.3412809327E+02
     RMSE,MaxAE_task001:     0.8585831286E+01    0.2388355305E+02

     RMSE and MaxAE of the model:   8.585831 23.883553
================================================================================
Time (second) used for this DI:           25.72
Total time (second):         1660.38
Have a nice day !    

