****************************************************************
  Sure Independence Screening and Sparsifying Operator (SISSO)  
             Version SISSO.3.3, July, 2023.                
****************************************************************

Read in data from train.dat
Read in data from SISSO.in
Property type:     1
Number of tasks:        1
Descriptor dimension:        2
Number of samples for the task(s):     36
Restarts :  0
Number of scalar features:       16
Tier of the feature space:        3
Maximal feature complexity (number of operators in a feature):        6
Unit of input primary feature, each represented by a row vector: 
    1.00
    1.00
    1.00
    1.00
    1.00
    1.00
    1.00
    1.00
    1.00
    1.00
    1.00
    1.00
    1.00
    1.00
    1.00
    1.00
The feature will be discarded if the minimum of the maximal abs. value in it <    0.10000E-02
The faature will be discarded if the maximum of the maximal abs. value in it >     0.10000E+06
Size of the SIS-selected (single) subspace :  10000 10000
Operators for feature construction: (+)(-)(*) (+)(-)(*) (+)(-)(*) 
Method for sparse regression:  L0        
Fitting intercept:      T
Metric for model selection: RMSE
Number of the top-ranked models to output:      100
--------------------------------------------------------------------------------

Dimension:   1
-------------------
Feature Construction (FC) starts ...
Population Standard Deviation (SD) of the task 001:   21.78393
Total number of features in the space phi00:             16
Total number of features in the space phi01:            445
Total number of features in the space phi02:          95802
Total number of features in the space phi03:     1371585445
Size of the SIS-selected subspace from phi03:      10000
Time (second) used for this FC:          198.16

Descriptor Identification (DI) starts ...
Total number of SIS-selected features from all dimensions:      10000
 
  1D descriptor: 
     d001 = (((feature10-feature12)-feature15)*((feature10-feature16)-(feature6-feature9)))    feature_ID:000001

  1D model(y=sum(ci*di)+c0): 
     coeff.(ci)_task001:    -0.3935438763E+02
             c0_task001:     0.4304705922E+02
     RMSE,MaxAE_task001:     0.1016219953E+02    0.2667158646E+02

     RMSE and MaxAE of the model:  10.162200 26.671586
--------------------------------------------------------------------------------
Time (second) used for this DI:            0.20

Dimension:   2
-------------------
Feature Construction (FC) starts ...
Total number of features in the space phi00:             16
Total number of features in the space phi01:            445
Total number of features in the space phi02:          95802
Total number of features in the space phi03:     1371585445
Size of the SIS-selected subspace from phi03:      10000
Time (second) used for this FC:          199.52

Descriptor Identification (DI) starts ...
Total number of SIS-selected features from all dimensions:      20000
 
Final model/descriptor !
================================================================================
  2D descriptor: 
     d001 = ((feature12*(feature6-feature9))+((feature1-feature10)*(feature7+feature14)))    feature_ID:009089
     d002 = (((feature2+feature4)-feature9)*((feature16-feature9)*(feature10-feature14)))    feature_ID:010349

  2D model(y=sum(ci*di)+c0): 
     coeff.(ci)_task001:    -0.6937593666E+02   -0.1579445209E+03
             c0_task001:     0.1310094737E+02
     RMSE,MaxAE_task001:     0.7793595834E+01    0.1715625913E+02

     RMSE and MaxAE of the model:   7.793596 17.156259
================================================================================
Time (second) used for this DI:           25.57
Total time (second):          424.25
Have a nice day !    

