****************************************************************
  Sure Independence Screening and Sparsifying Operator (SISSO)  
             Version SISSO.3.3, July, 2023.                
****************************************************************

Read in data from train.dat
Read in data from SISSO.in
Property type:     1
Number of tasks:        1
Descriptor dimension:        2
Number of samples for the task(s):     36
Restarts :  0
Number of scalar features:       20
Tier of the feature space:        3
Maximal feature complexity (number of operators in a feature):        6
Unit of input primary feature, each represented by a row vector: 
    1.00
    1.00
    1.00
    1.00
    1.00
    1.00
    1.00
    1.00
    1.00
    1.00
    1.00
    1.00
    1.00
    1.00
    1.00
    1.00
    1.00
    1.00
    1.00
    1.00
The feature will be discarded if the minimum of the maximal abs. value in it <    0.10000E-02
The faature will be discarded if the maximum of the maximal abs. value in it >     0.10000E+06
Size of the SIS-selected (single) subspace :  10000 10000
Operators for feature construction: (+)(-)(*) (+)(-)(*) (+)(-)(*) 
Method for sparse regression:  L0        
Fitting intercept:      T
Metric for model selection: RMSE
Number of the top-ranked models to output:      100
--------------------------------------------------------------------------------

Dimension:   1
-------------------
Feature Construction (FC) starts ...
Population Standard Deviation (SD) of the task 001:    9.88924
Total number of features in the space phi00:             20
Total number of features in the space phi01:            690
Total number of features in the space phi02:         214539
Total number of features in the space phi03:     5750438330
Size of the SIS-selected subspace from phi03:      10000
Time (second) used for this FC:         1070.08

Descriptor Identification (DI) starts ...
Total number of SIS-selected features from all dimensions:      10000
 
  1D descriptor: 
     d001 = (((feature12*feature14)*(feature20-feature12))-(feature15*(feature15*feature16)))    feature_ID:000001

  1D model(y=sum(ci*di)+c0): 
     coeff.(ci)_task001:    -0.6313022194E+02
             c0_task001:     0.2764727470E+01
     RMSE,MaxAE_task001:     0.4597470816E+01    0.1300793812E+02

     RMSE and MaxAE of the model:   4.597471 13.007938
--------------------------------------------------------------------------------
Time (second) used for this DI:            0.13

Dimension:   2
-------------------
Feature Construction (FC) starts ...
Total number of features in the space phi00:             20
Total number of features in the space phi01:            690
Total number of features in the space phi02:         214539
Total number of features in the space phi03:     5750438330
Size of the SIS-selected subspace from phi03:      10000
Time (second) used for this FC:         1070.85

Descriptor Identification (DI) starts ...
Total number of SIS-selected features from all dimensions:      20000
 
Final model/descriptor !
================================================================================
  2D descriptor: 
     d001 = ((feature15*(feature1-feature12))+((feature17-feature6)*(feature19-feature18)))    feature_ID:000646
     d002 = (((feature13-feature14)-feature17)*((feature12-feature17)*(feature18-feature20)))    feature_ID:010832

  2D model(y=sum(ci*di)+c0): 
     coeff.(ci)_task001:    -0.2489299901E+02   -0.9702590694E+02
             c0_task001:     0.7777569322E+00
     RMSE,MaxAE_task001:     0.2828499639E+01    0.6576311133E+01

     RMSE and MaxAE of the model:   2.828500  6.576311
================================================================================
Time (second) used for this DI:           25.66
Total time (second):         2167.57
Have a nice day !    

