****************************************************************
  Sure Independence Screening and Sparsifying Operator (SISSO)  
             Version SISSO.3.3, July, 2023.                
****************************************************************

Read in data from train.dat
Read in data from SISSO.in
Property type:     1
Number of tasks:        1
Descriptor dimension:        2
Number of samples for the task(s):     36
Restarts :  0
Number of scalar features:       22
Tier of the feature space:        3
Maximal feature complexity (number of operators in a feature):        6
Unit of input primary feature, each represented by a row vector: 
    1.00
    1.00
    1.00
    1.00
    1.00
    1.00
    1.00
    1.00
    1.00
    1.00
    1.00
    1.00
    1.00
    1.00
    1.00
    1.00
    1.00
    1.00
    1.00
    1.00
    1.00
    1.00
The feature will be discarded if the minimum of the maximal abs. value in it <    0.10000E-02
The faature will be discarded if the maximum of the maximal abs. value in it >     0.10000E+06
Size of the SIS-selected (single) subspace :  10000 10000
Operators for feature construction: (+)(-)(*) (+)(-)(*) (+)(-)(*) 
Method for sparse regression:  L0        
Fitting intercept:      T
Metric for model selection: RMSE
Number of the top-ranked models to output:      100
--------------------------------------------------------------------------------

Dimension:   1
-------------------
Feature Construction (FC) starts ...
Population Standard Deviation (SD) of the task 001:   22.99589
Total number of features in the space phi00:             22
Total number of features in the space phi01:            854
Total number of features in the space phi02:         354322
Total number of features in the space phi03:    13400706207
Size of the SIS-selected subspace from phi03:      10000
Time (second) used for this FC:         2475.04

Descriptor Identification (DI) starts ...
Total number of SIS-selected features from all dimensions:      10000
 
  1D descriptor: 
     d001 = (((feature15-feature21)*(feature22-feature20))-(feature19*(feature14+feature20)))    feature_ID:000001

  1D model(y=sum(ci*di)+c0): 
     coeff.(ci)_task001:     0.5782330795E+02
             c0_task001:     0.6914812449E+02
     RMSE,MaxAE_task001:     0.9775823287E+01    0.2324863286E+02

     RMSE and MaxAE of the model:   9.775823 23.248633
--------------------------------------------------------------------------------
Time (second) used for this DI:            0.10

Dimension:   2
-------------------
Feature Construction (FC) starts ...
Total number of features in the space phi00:             22
Total number of features in the space phi01:            854
Total number of features in the space phi02:         354322
Total number of features in the space phi03:    13400706207
Size of the SIS-selected subspace from phi03:      10000
Time (second) used for this FC:         2476.57

Descriptor Identification (DI) starts ...
Total number of SIS-selected features from all dimensions:      20000
 
Final model/descriptor !
================================================================================
  2D descriptor: 
     d001 = (((feature15-feature21)*(feature22-feature20))-(feature19*(feature14+feature20)))    feature_ID:000001
     d002 = (((feature12-feature18)-feature6)*((feature1+feature19)-(feature13+feature22)))    feature_ID:010001

  2D model(y=sum(ci*di)+c0): 
     coeff.(ci)_task001:     0.5400039198E+02   -0.1216526348E+03
             c0_task001:     0.6539556900E+02
     RMSE,MaxAE_task001:     0.7194545813E+01    0.1784616121E+02

     RMSE and MaxAE of the model:   7.194546 17.846161
================================================================================
Time (second) used for this DI:           26.22
Total time (second):         4978.63
Have a nice day !    

