****************************************************************
  Sure Independence Screening and Sparsifying Operator (SISSO)  
             Version SISSO.3.3, July, 2023.                
****************************************************************

Read in data from train.dat
Read in data from SISSO.in
Property type:     1
Number of tasks:        1
Descriptor dimension:        2
Number of samples for the task(s):     36
Restarts :  0
Number of scalar features:       19
Tier of the feature space:        3
Maximal feature complexity (number of operators in a feature):        6
Unit of input primary feature, each represented by a row vector: 
    1.00
    1.00
    1.00
    1.00
    1.00
    1.00
    1.00
    1.00
    1.00
    1.00
    1.00
    1.00
    1.00
    1.00
    1.00
    1.00
    1.00
    1.00
    1.00
The feature will be discarded if the minimum of the maximal abs. value in it <    0.10000E-02
The faature will be discarded if the maximum of the maximal abs. value in it >     0.10000E+06
Size of the SIS-selected (single) subspace :  10000 10000
Operators for feature construction: (+)(-)(*) (+)(-)(*) (+)(-)(*) 
Method for sparse regression:  L0        
Fitting intercept:      T
Metric for model selection: RMSE
Number of the top-ranked models to output:      100
--------------------------------------------------------------------------------

Dimension:   1
-------------------
Feature Construction (FC) starts ...
Population Standard Deviation (SD) of the task 001:   21.23214
Total number of features in the space phi00:             19
Total number of features in the space phi01:            598
Total number of features in the space phi02:         157503
Total number of features in the space phi03:     3380850836
Size of the SIS-selected subspace from phi03:      10000
Time (second) used for this FC:          668.35

Descriptor Identification (DI) starts ...
Total number of SIS-selected features from all dimensions:      10000
 
  1D descriptor: 
     d001 = (((feature1+feature19)-feature12)+((feature19-feature12)-(feature8-feature7)))    feature_ID:000001

  1D model(y=sum(ci*di)+c0): 
     coeff.(ci)_task001:    -0.1926568675E+02
             c0_task001:     0.4858956482E+02
     RMSE,MaxAE_task001:     0.1199004808E+02    0.3601350502E+02

     RMSE and MaxAE of the model:  11.990048 36.013505
--------------------------------------------------------------------------------
Time (second) used for this DI:            0.12

Dimension:   2
-------------------
Feature Construction (FC) starts ...
Total number of features in the space phi00:             19
Total number of features in the space phi01:            598
Total number of features in the space phi02:         157503
Total number of features in the space phi03:     3380850836
Size of the SIS-selected subspace from phi03:      10000
Time (second) used for this FC:          666.82

Descriptor Identification (DI) starts ...
Total number of SIS-selected features from all dimensions:      20000
 
Final model/descriptor !
================================================================================
  2D descriptor: 
     d001 = (((feature13-feature15)*(feature16-feature14))-(feature19*(feature1+feature18)))    feature_ID:001649
     d002 = ((feature14*(feature12-feature19))*((feature13-feature17)*(feature15-feature17)))    feature_ID:010491

  2D model(y=sum(ci*di)+c0): 
     coeff.(ci)_task001:     0.4988477447E+02   -0.6851522409E+03
             c0_task001:     0.6753964759E+02
     RMSE,MaxAE_task001:     0.9517031742E+01    0.2115175932E+02

     RMSE and MaxAE of the model:   9.517032 21.151759
================================================================================
Time (second) used for this DI:           25.54
Total time (second):         1363.46
Have a nice day !    

