****************************************************************
  Sure Independence Screening and Sparsifying Operator (SISSO)  
             Version SISSO.3.3, July, 2023.                
****************************************************************

Read in data from train.dat
Read in data from SISSO.in
Property type:     1
Number of tasks:        1
Descriptor dimension:        2
Number of samples for the task(s):     36
Restarts :  0
Number of scalar features:       18
Tier of the feature space:        3
Maximal feature complexity (number of operators in a feature):        6
Unit of input primary feature, each represented by a row vector: 
    1.00
    1.00
    1.00
    1.00
    1.00
    1.00
    1.00
    1.00
    1.00
    1.00
    1.00
    1.00
    1.00
    1.00
    1.00
    1.00
    1.00
    1.00
The feature will be discarded if the minimum of the maximal abs. value in it <    0.10000E-02
The faature will be discarded if the maximum of the maximal abs. value in it >     0.10000E+06
Size of the SIS-selected (single) subspace :  10000 10000
Operators for feature construction: (+)(-)(*) (+)(-)(*) (+)(-)(*) 
Method for sparse regression:  L0        
Fitting intercept:      T
Metric for model selection: RMSE
Number of the top-ranked models to output:      100
--------------------------------------------------------------------------------

Dimension:   1
-------------------
Feature Construction (FC) starts ...
Population Standard Deviation (SD) of the task 001:   10.81450
Total number of features in the space phi00:             18
Total number of features in the space phi01:            560
Total number of features in the space phi02:         146329
Total number of features in the space phi03:     2921106041
Size of the SIS-selected subspace from phi03:      10000
Time (second) used for this FC:          489.01

Descriptor Identification (DI) starts ...
Total number of SIS-selected features from all dimensions:      10000
 
  1D descriptor: 
     d001 = (((feature13+feature17)-feature18)*((feature10+feature12)-(feature5+feature17)))    feature_ID:000001

  1D model(y=sum(ci*di)+c0): 
     coeff.(ci)_task001:     0.2875679786E+02
             c0_task001:     0.6356339486E+01
     RMSE,MaxAE_task001:     0.5110798433E+01    0.1283877689E+02

     RMSE and MaxAE of the model:   5.110798 12.838777
--------------------------------------------------------------------------------
Time (second) used for this DI:            0.10

Dimension:   2
-------------------
Feature Construction (FC) starts ...
Total number of features in the space phi00:             18
Total number of features in the space phi01:            560
Total number of features in the space phi02:         146329
Total number of features in the space phi03:     2921106041
Size of the SIS-selected subspace from phi03:      10000
Time (second) used for this FC:          491.15

Descriptor Identification (DI) starts ...
Total number of SIS-selected features from all dimensions:      20000
 
Final model/descriptor !
================================================================================
  2D descriptor: 
     d001 = (((feature10-feature18)-(feature4+feature5))-(feature8-feature10))    feature_ID:002051
     d002 = ((feature12*(feature10-feature18))*((feature15-feature17)*(feature17-feature18)))    feature_ID:010148

  2D model(y=sum(ci*di)+c0): 
     coeff.(ci)_task001:     0.1377705017E+02    0.2139479250E+03
             c0_task001:     0.9592478830E+01
     RMSE,MaxAE_task001:     0.3526080132E+01    0.1028214681E+02

     RMSE and MaxAE of the model:   3.526080 10.282147
================================================================================
Time (second) used for this DI:           25.49
Total time (second):         1036.80
Have a nice day !    

