****************************************************************
  Sure Independence Screening and Sparsifying Operator (SISSO)  
             Version SISSO.3.3, July, 2023.                
****************************************************************

Read in data from train.dat
Read in data from SISSO.in
Property type:     1
Number of tasks:        1
Descriptor dimension:        2
Number of samples for the task(s):     36
Restarts :  0
Number of scalar features:       20
Tier of the feature space:        3
Maximal feature complexity (number of operators in a feature):        6
Unit of input primary feature, each represented by a row vector: 
    1.00
    1.00
    1.00
    1.00
    1.00
    1.00
    1.00
    1.00
    1.00
    1.00
    1.00
    1.00
    1.00
    1.00
    1.00
    1.00
    1.00
    1.00
    1.00
    1.00
The feature will be discarded if the minimum of the maximal abs. value in it <    0.10000E-02
The faature will be discarded if the maximum of the maximal abs. value in it >     0.10000E+06
Size of the SIS-selected (single) subspace :  10000 10000
Operators for feature construction: (+)(-)(*) (+)(-)(*) (+)(-)(*) 
Method for sparse regression:  L0        
Fitting intercept:      T
Metric for model selection: RMSE
Number of the top-ranked models to output:      100
--------------------------------------------------------------------------------

Dimension:   1
-------------------
Feature Construction (FC) starts ...
Population Standard Deviation (SD) of the task 001:   23.68123
Total number of features in the space phi00:             20
Total number of features in the space phi01:            694
Total number of features in the space phi02:         227101
Total number of features in the space phi03:     6229961811
Size of the SIS-selected subspace from phi03:      10000
Time (second) used for this FC:         1147.08

Descriptor Identification (DI) starts ...
Total number of SIS-selected features from all dimensions:      10000
 
  1D descriptor: 
     d001 = (((feature11+feature16)*(feature12-feature15))-(feature19*(feature12-feature19)))    feature_ID:000001

  1D model(y=sum(ci*di)+c0): 
     coeff.(ci)_task001:    -0.4729096676E+02
             c0_task001:     0.3981501735E+02
     RMSE,MaxAE_task001:     0.1237297724E+02    0.2986138414E+02

     RMSE and MaxAE of the model:  12.372977 29.861384
--------------------------------------------------------------------------------
Time (second) used for this DI:            1.37

Dimension:   2
-------------------
Feature Construction (FC) starts ...
Total number of features in the space phi00:             20
Total number of features in the space phi01:            694
Total number of features in the space phi02:         227101
Total number of features in the space phi03:     6229961811
Size of the SIS-selected subspace from phi03:      10000
Time (second) used for this FC:         1147.78

Descriptor Identification (DI) starts ...
Total number of SIS-selected features from all dimensions:      20000
 
Final model/descriptor !
================================================================================
  2D descriptor: 
     d001 = ((feature19*(feature9+feature19))+((feature11+feature17)*(feature12-feature15)))    feature_ID:006418
     d002 = ((feature12*(feature12-feature5))*((feature17-feature19)*(feature18-feature20)))    feature_ID:010001

  2D model(y=sum(ci*di)+c0): 
     coeff.(ci)_task001:    -0.4071199810E+02    0.2105741563E+04
             c0_task001:     0.4472605506E+02
     RMSE,MaxAE_task001:     0.7935936130E+01    0.1956713412E+02

     RMSE and MaxAE of the model:   7.935936 19.567134
================================================================================
Time (second) used for this DI:           25.68
Total time (second):         2322.80
Have a nice day !    

