****************************************************************
  Sure Independence Screening and Sparsifying Operator (SISSO)  
             Version SISSO.3.3, July, 2023.                
****************************************************************

Read in data from train.dat
Read in data from SISSO.in
Property type:     1
Number of tasks:        1
Descriptor dimension:        2
Number of samples for the task(s):     36
Restarts :  0
Number of scalar features:       19
Tier of the feature space:        3
Maximal feature complexity (number of operators in a feature):        6
Unit of input primary feature, each represented by a row vector: 
    1.00
    1.00
    1.00
    1.00
    1.00
    1.00
    1.00
    1.00
    1.00
    1.00
    1.00
    1.00
    1.00
    1.00
    1.00
    1.00
    1.00
    1.00
    1.00
The feature will be discarded if the minimum of the maximal abs. value in it <    0.10000E-02
The faature will be discarded if the maximum of the maximal abs. value in it >     0.10000E+06
Size of the SIS-selected (single) subspace :  10000 10000
Operators for feature construction: (+)(-)(*) (+)(-)(*) (+)(-)(*) 
Method for sparse regression:  L0        
Fitting intercept:      T
Metric for model selection: RMSE
Number of the top-ranked models to output:      100
--------------------------------------------------------------------------------

Dimension:   1
-------------------
Feature Construction (FC) starts ...
Population Standard Deviation (SD) of the task 001:   10.77991
Total number of features in the space phi00:             19
Total number of features in the space phi01:            628
Total number of features in the space phi02:         184938
Total number of features in the space phi03:     4370966910
Size of the SIS-selected subspace from phi03:      10000
Time (second) used for this FC:          706.65

Descriptor Identification (DI) starts ...
Total number of SIS-selected features from all dimensions:      10000
 
  1D descriptor: 
     d001 = (((feature13+feature18)-feature19)*((feature11-feature18)-(feature9-feature11)))    feature_ID:000001

  1D model(y=sum(ci*di)+c0): 
     coeff.(ci)_task001:     0.1969644724E+02
             c0_task001:     0.6105456770E+01
     RMSE,MaxAE_task001:     0.5048645584E+01    0.1319477413E+02

     RMSE and MaxAE of the model:   5.048646 13.194774
--------------------------------------------------------------------------------
Time (second) used for this DI:            0.23

Dimension:   2
-------------------
Feature Construction (FC) starts ...
Total number of features in the space phi00:             19
Total number of features in the space phi01:            628
Total number of features in the space phi02:         184938
Total number of features in the space phi03:     4370966910
Size of the SIS-selected subspace from phi03:      10000
Time (second) used for this FC:          708.28

Descriptor Identification (DI) starts ...
Total number of SIS-selected features from all dimensions:      20000
 
Final model/descriptor !
================================================================================
  2D descriptor: 
     d001 = (((feature13+feature18)-feature19)*((feature11-feature18)-(feature9-feature11)))    feature_ID:000001
     d002 = ((feature12*(feature13-feature16))+((feature1-feature18)*(feature16-feature12)))    feature_ID:010711

  2D model(y=sum(ci*di)+c0): 
     coeff.(ci)_task001:     0.2428478953E+02   -0.2099692861E+02
             c0_task001:     0.1279649789E+01
     RMSE,MaxAE_task001:     0.3842552802E+01    0.1222735758E+02

     RMSE and MaxAE of the model:   3.842553 12.227358
================================================================================
Time (second) used for this DI:           25.52
Total time (second):         1441.47
Have a nice day !    

