****************************************************************
  Sure Independence Screening and Sparsifying Operator (SISSO)  
             Version SISSO.3.3, July, 2023.                
****************************************************************

Read in data from train.dat
Read in data from SISSO.in
Property type:     1
Number of tasks:        1
Descriptor dimension:        2
Number of samples for the task(s):     36
Restarts :  0
Number of scalar features:       17
Tier of the feature space:        3
Maximal feature complexity (number of operators in a feature):        6
Unit of input primary feature, each represented by a row vector: 
    1.00
    1.00
    1.00
    1.00
    1.00
    1.00
    1.00
    1.00
    1.00
    1.00
    1.00
    1.00
    1.00
    1.00
    1.00
    1.00
    1.00
The feature will be discarded if the minimum of the maximal abs. value in it <    0.10000E-02
The faature will be discarded if the maximum of the maximal abs. value in it >     0.10000E+06
Size of the SIS-selected (single) subspace :  10000 10000
Operators for feature construction: (+)(-)(*) (+)(-)(*) (+)(-)(*) 
Method for sparse regression:  L0        
Fitting intercept:      T
Metric for model selection: RMSE
Number of the top-ranked models to output:      100
--------------------------------------------------------------------------------

Dimension:   1
-------------------
Feature Construction (FC) starts ...
Population Standard Deviation (SD) of the task 001:   10.83769
Total number of features in the space phi00:             17
Total number of features in the space phi01:            496
Total number of features in the space phi02:         112192
Total number of features in the space phi03:     1851657419
Size of the SIS-selected subspace from phi03:      10000
Time (second) used for this FC:          307.41

Descriptor Identification (DI) starts ...
Total number of SIS-selected features from all dimensions:      10000
 
  1D descriptor: 
     d001 = (((feature1+feature15)+(feature17-feature10))-(feature10-feature7))    feature_ID:000001

  1D model(y=sum(ci*di)+c0): 
     coeff.(ci)_task001:    -0.1558053951E+02
             c0_task001:     0.1525050532E+02
     RMSE,MaxAE_task001:     0.5157747535E+01    0.1771051747E+02

     RMSE and MaxAE of the model:   5.157748 17.710517
--------------------------------------------------------------------------------
Time (second) used for this DI:            0.09

Dimension:   2
-------------------
Feature Construction (FC) starts ...
Total number of features in the space phi00:             17
Total number of features in the space phi01:            496
Total number of features in the space phi02:         112192
Total number of features in the space phi03:     1851657419
Size of the SIS-selected subspace from phi03:      10000
Time (second) used for this FC:          308.23

Descriptor Identification (DI) starts ...
Total number of SIS-selected features from all dimensions:      20000
 
Final model/descriptor !
================================================================================
  2D descriptor: 
     d001 = (((feature1+feature15)-feature10)+((feature6+feature16)+(feature7-feature10)))    feature_ID:005661
     d002 = (((feature17-feature15)-feature15)*((feature10+feature16)-(feature15+feature17)))    feature_ID:011209

  2D model(y=sum(ci*di)+c0): 
     coeff.(ci)_task001:    -0.1355647588E+02   -0.2433161089E+02
             c0_task001:     0.1444492848E+02
     RMSE,MaxAE_task001:     0.4330503854E+01    0.1755884931E+02

     RMSE and MaxAE of the model:   4.330504 17.558849
================================================================================
Time (second) used for this DI:           25.55
Total time (second):          672.05
Have a nice day !    

