****************************************************************
  Sure Independence Screening and Sparsifying Operator (SISSO)  
             Version SISSO.3.3, July, 2023.                
****************************************************************

Read in data from train.dat
Read in data from SISSO.in
Property type:     1
Number of tasks:        1
Descriptor dimension:        2
Number of samples for the task(s):     36
Restarts :  0
Number of scalar features:       19
Tier of the feature space:        3
Maximal feature complexity (number of operators in a feature):        6
Unit of input primary feature, each represented by a row vector: 
    1.00
    1.00
    1.00
    1.00
    1.00
    1.00
    1.00
    1.00
    1.00
    1.00
    1.00
    1.00
    1.00
    1.00
    1.00
    1.00
    1.00
    1.00
    1.00
The feature will be discarded if the minimum of the maximal abs. value in it <    0.10000E-02
The faature will be discarded if the maximum of the maximal abs. value in it >     0.10000E+06
Size of the SIS-selected (single) subspace :  10000 10000
Operators for feature construction: (+)(-)(*) (+)(-)(*) (+)(-)(*) 
Method for sparse regression:  L0        
Fitting intercept:      T
Metric for model selection: RMSE
Number of the top-ranked models to output:      100
--------------------------------------------------------------------------------

Dimension:   1
-------------------
Feature Construction (FC) starts ...
Population Standard Deviation (SD) of the task 001:   20.73942
Total number of features in the space phi00:             19
Total number of features in the space phi01:            622
Total number of features in the space phi02:         180720
Total number of features in the space phi03:     4209459570
Size of the SIS-selected subspace from phi03:      10000
Time (second) used for this FC:          774.04

Descriptor Identification (DI) starts ...
Total number of SIS-selected features from all dimensions:      10000
 
  1D descriptor: 
     d001 = ((feature18*(feature12-feature19))+((feature13-feature7)*(feature4-feature16)))    feature_ID:000001

  1D model(y=sum(ci*di)+c0): 
     coeff.(ci)_task001:     0.5533403810E+02
             c0_task001:     0.7022080723E+02
     RMSE,MaxAE_task001:     0.1156080763E+02    0.3145379001E+02

     RMSE and MaxAE of the model:  11.560808 31.453790
--------------------------------------------------------------------------------
Time (second) used for this DI:            0.32

Dimension:   2
-------------------
Feature Construction (FC) starts ...
Total number of features in the space phi00:             19
Total number of features in the space phi01:            622
Total number of features in the space phi02:         180720
Total number of features in the space phi03:     4209459570
Size of the SIS-selected subspace from phi03:      10000
Time (second) used for this FC:          774.52

Descriptor Identification (DI) starts ...
Total number of SIS-selected features from all dimensions:      20000
 
Final model/descriptor !
================================================================================
  2D descriptor: 
     d001 = (((feature13+feature18)-feature14)*((feature13-feature14)-(feature18-feature7)))    feature_ID:000082
     d002 = (((feature15-feature17)-feature5)*((feature11-feature5)*(feature11-feature16)))    feature_ID:012270

  2D model(y=sum(ci*di)+c0): 
     coeff.(ci)_task001:     0.4464755167E+02    0.1641023611E+03
             c0_task001:     0.5374243188E+02
     RMSE,MaxAE_task001:     0.9456505750E+01    0.2353109273E+02

     RMSE and MaxAE of the model:   9.456506 23.531093
================================================================================
Time (second) used for this DI:           25.61
Total time (second):         1593.42
Have a nice day !    

