****************************************************************
  Sure Independence Screening and Sparsifying Operator (SISSO)  
             Version SISSO.3.3, July, 2023.                
****************************************************************

Read in data from train.dat
Read in data from SISSO.in
Property type:     1
Number of tasks:        1
Descriptor dimension:        2
Number of samples for the task(s):     36
Restarts :  0
Number of scalar features:       20
Tier of the feature space:        3
Maximal feature complexity (number of operators in a feature):        6
Unit of input primary feature, each represented by a row vector: 
    1.00
    1.00
    1.00
    1.00
    1.00
    1.00
    1.00
    1.00
    1.00
    1.00
    1.00
    1.00
    1.00
    1.00
    1.00
    1.00
    1.00
    1.00
    1.00
    1.00
The feature will be discarded if the minimum of the maximal abs. value in it <    0.10000E-02
The faature will be discarded if the maximum of the maximal abs. value in it >     0.10000E+06
Size of the SIS-selected (single) subspace :  10000 10000
Operators for feature construction: (+)(-)(*) (+)(-)(*) (+)(-)(*) 
Method for sparse regression:  L0        
Fitting intercept:      T
Metric for model selection: RMSE
Number of the top-ranked models to output:      100
--------------------------------------------------------------------------------

Dimension:   1
-------------------
Feature Construction (FC) starts ...
Population Standard Deviation (SD) of the task 001:   97.75211
Total number of features in the space phi00:             20
Total number of features in the space phi01:            700
Total number of features in the space phi02:         233347
Total number of features in the space phi03:     6523905346
Size of the SIS-selected subspace from phi03:      10000
Time (second) used for this FC:         1379.56

Descriptor Identification (DI) starts ...
Total number of SIS-selected features from all dimensions:      10000
 
  1D descriptor: 
     d001 = (((feature11+feature14)+(feature11-feature19))-(feature5+(feature6+feature9)))    feature_ID:000001

  1D model(y=sum(ci*di)+c0): 
     coeff.(ci)_task001:     0.1106538892E+03
             c0_task001:     0.1453740854E+03
     RMSE,MaxAE_task001:     0.3240572039E+02    0.7709833485E+02

     RMSE and MaxAE of the model:  32.405720 77.098335
--------------------------------------------------------------------------------
Time (second) used for this DI:            0.13

Dimension:   2
-------------------
Feature Construction (FC) starts ...
Total number of features in the space phi00:             20
Total number of features in the space phi01:            700
Total number of features in the space phi02:         233347
Total number of features in the space phi03:     6523905346
Size of the SIS-selected subspace from phi03:      10000
Time (second) used for this FC:         1321.85

Descriptor Identification (DI) starts ...
Total number of SIS-selected features from all dimensions:      20000
 
Final model/descriptor !
================================================================================
  2D descriptor: 
     d001 = (((feature11+feature14)+(feature11-feature17))-(feature5+(feature6+feature9)))    feature_ID:000111
     d002 = (((feature12+feature20)-feature19)*((feature1+feature18)+(feature1-feature13)))    feature_ID:014487

  2D model(y=sum(ci*di)+c0): 
     coeff.(ci)_task001:     0.1096678157E+03   -0.1517324226E+03
             c0_task001:     0.1333762286E+03
     RMSE,MaxAE_task001:     0.2287087105E+02    0.5915010877E+02

     RMSE and MaxAE of the model:  22.870871 59.150109
================================================================================
Time (second) used for this DI:           99.11
Total time (second):         2811.55
Have a nice day !    

