****************************************************************
  Sure Independence Screening and Sparsifying Operator (SISSO)  
             Version SISSO.3.3, July, 2023.                
****************************************************************

Read in data from train.dat
Read in data from SISSO.in
Property type:     1
Number of tasks:        1
Descriptor dimension:        2
Number of samples for the task(s):     36
Restarts :  0
Number of scalar features:       22
Tier of the feature space:        3
Maximal feature complexity (number of operators in a feature):        6
Unit of input primary feature, each represented by a row vector: 
    1.00
    1.00
    1.00
    1.00
    1.00
    1.00
    1.00
    1.00
    1.00
    1.00
    1.00
    1.00
    1.00
    1.00
    1.00
    1.00
    1.00
    1.00
    1.00
    1.00
    1.00
    1.00
The feature will be discarded if the minimum of the maximal abs. value in it <    0.10000E-02
The faature will be discarded if the maximum of the maximal abs. value in it >     0.10000E+06
Size of the SIS-selected (single) subspace :  10000 10000
Operators for feature construction: (+)(-)(*) (+)(-)(*) (+)(-)(*) 
Method for sparse regression:  L0        
Fitting intercept:      T
Metric for model selection: RMSE
Number of the top-ranked models to output:      100
--------------------------------------------------------------------------------

Dimension:   1
-------------------
Feature Construction (FC) starts ...
Population Standard Deviation (SD) of the task 001:   10.73454
Total number of features in the space phi00:             22
Total number of features in the space phi01:            834
Total number of features in the space phi02:         331088
Total number of features in the space phi03:    12047972367
Size of the SIS-selected subspace from phi03:      10000
Time (second) used for this FC:         2105.72

Descriptor Identification (DI) starts ...
Total number of SIS-selected features from all dimensions:      10000
 
  1D descriptor: 
     d001 = (((feature12+feature20)-feature21)*((feature15-feature3)*(feature15*feature22)))    feature_ID:000001

  1D model(y=sum(ci*di)+c0): 
     coeff.(ci)_task001:     0.8566243936E+02
             c0_task001:     0.3948154363E+01
     RMSE,MaxAE_task001:     0.5097955730E+01    0.1570865784E+02

     RMSE and MaxAE of the model:   5.097956 15.708658
--------------------------------------------------------------------------------
Time (second) used for this DI:            0.18

Dimension:   2
-------------------
Feature Construction (FC) starts ...
Total number of features in the space phi00:             22
Total number of features in the space phi01:            834
Total number of features in the space phi02:         331088
Total number of features in the space phi03:    12047972367
Size of the SIS-selected subspace from phi03:      10000
Time (second) used for this FC:         2109.14

Descriptor Identification (DI) starts ...
Total number of SIS-selected features from all dimensions:      20000
 
Final model/descriptor !
================================================================================
  2D descriptor: 
     d001 = (((feature15+feature20)-feature21)*((feature12*feature22)*(feature15+feature20)))    feature_ID:000449
     d002 = (((feature12-feature14)-feature22)*((feature12*feature15)*(feature17-feature19)))    feature_ID:010004

  2D model(y=sum(ci*di)+c0): 
     coeff.(ci)_task001:     0.6117338606E+02   -0.7389979972E+02
             c0_task001:     0.3815767164E+01
     RMSE,MaxAE_task001:     0.3063047754E+01    0.8512336014E+01

     RMSE and MaxAE of the model:   3.063048  8.512336
================================================================================
Time (second) used for this DI:           25.48
Total time (second):         4241.23
Have a nice day !    

