****************************************************************
  Sure Independence Screening and Sparsifying Operator (SISSO)  
             Version SISSO.3.3, July, 2023.                
****************************************************************

Read in data from train.dat
Read in data from SISSO.in
Property type:     1
Number of tasks:        1
Descriptor dimension:        2
Number of samples for the task(s):     36
Restarts :  0
Number of scalar features:       19
Tier of the feature space:        3
Maximal feature complexity (number of operators in a feature):        6
Unit of input primary feature, each represented by a row vector: 
    1.00
    1.00
    1.00
    1.00
    1.00
    1.00
    1.00
    1.00
    1.00
    1.00
    1.00
    1.00
    1.00
    1.00
    1.00
    1.00
    1.00
    1.00
    1.00
The feature will be discarded if the minimum of the maximal abs. value in it <    0.10000E-02
The faature will be discarded if the maximum of the maximal abs. value in it >     0.10000E+06
Size of the SIS-selected (single) subspace :  10000 10000
Operators for feature construction: (+)(-)(*) (+)(-)(*) (+)(-)(*) 
Method for sparse regression:  L0        
Fitting intercept:      T
Metric for model selection: RMSE
Number of the top-ranked models to output:      100
--------------------------------------------------------------------------------

Dimension:   1
-------------------
Feature Construction (FC) starts ...
Population Standard Deviation (SD) of the task 001:   22.68567
Total number of features in the space phi00:             19
Total number of features in the space phi01:            628
Total number of features in the space phi02:         196409
Total number of features in the space phi03:     4751396120
Size of the SIS-selected subspace from phi03:      10000
Time (second) used for this FC:          876.89

Descriptor Identification (DI) starts ...
Total number of SIS-selected features from all dimensions:      10000
 
  1D descriptor: 
     d001 = (((feature12+feature19)-feature15)*((feature10+feature12)-(feature11+feature16)))    feature_ID:000001

  1D model(y=sum(ci*di)+c0): 
     coeff.(ci)_task001:     0.4454127731E+02
             c0_task001:     0.3279788289E+02
     RMSE,MaxAE_task001:     0.1236676727E+02    0.3308270655E+02

     RMSE and MaxAE of the model:  12.366767 33.082707
--------------------------------------------------------------------------------
Time (second) used for this DI:            0.09

Dimension:   2
-------------------
Feature Construction (FC) starts ...
Total number of features in the space phi00:             19
Total number of features in the space phi01:            628
Total number of features in the space phi02:         196409
Total number of features in the space phi03:     4751396120
Size of the SIS-selected subspace from phi03:      10000
Time (second) used for this FC:          876.51

Descriptor Identification (DI) starts ...
Total number of SIS-selected features from all dimensions:      20000
 
Final model/descriptor !
================================================================================
  2D descriptor: 
     d001 = (((feature12-feature3)*(feature11-feature19))-(feature19*(feature13-feature18)))    feature_ID:008342
     d002 = (((feature13+feature17)-feature15)*((feature10-feature8)*(feature16-feature19)))    feature_ID:014567

  2D model(y=sum(ci*di)+c0): 
     coeff.(ci)_task001:    -0.6154336598E+02   -0.2519760056E+03
             c0_task001:     0.5613929560E+02
     RMSE,MaxAE_task001:     0.9052402078E+01    0.1990969599E+02

     RMSE and MaxAE of the model:   9.052402 19.909696
================================================================================
Time (second) used for this DI:           25.54
Total time (second):         1779.72
Have a nice day !    

