****************************************************************
  Sure Independence Screening and Sparsifying Operator (SISSO)  
             Version SISSO.3.3, July, 2023.                
****************************************************************

Read in data from train.dat
Read in data from SISSO.in
Property type:     1
Number of tasks:        1
Descriptor dimension:        2
Number of samples for the task(s):     36
Restarts :  0
Number of scalar features:       18
Tier of the feature space:        3
Maximal feature complexity (number of operators in a feature):        6
Unit of input primary feature, each represented by a row vector: 
    1.00
    1.00
    1.00
    1.00
    1.00
    1.00
    1.00
    1.00
    1.00
    1.00
    1.00
    1.00
    1.00
    1.00
    1.00
    1.00
    1.00
    1.00
The feature will be discarded if the minimum of the maximal abs. value in it <    0.10000E-02
The faature will be discarded if the maximum of the maximal abs. value in it >     0.10000E+06
Size of the SIS-selected (single) subspace :  10000 10000
Operators for feature construction: (+)(-)(*) (+)(-)(*) (+)(-)(*) 
Method for sparse regression:  L0        
Fitting intercept:      T
Metric for model selection: RMSE
Number of the top-ranked models to output:      100
--------------------------------------------------------------------------------

Dimension:   1
-------------------
Feature Construction (FC) starts ...
Population Standard Deviation (SD) of the task 001:  101.82486
Total number of features in the space phi00:             18
Total number of features in the space phi01:            565
Total number of features in the space phi02:         154205
Total number of features in the space phi03:     3144995948
Size of the SIS-selected subspace from phi03:      10000
Time (second) used for this FC:          536.69

Descriptor Identification (DI) starts ...
Total number of SIS-selected features from all dimensions:      10000
 
  1D descriptor: 
     d001 = (((feature1+feature11)+(feature17-feature10))-(feature15+(feature15-feature6)))    feature_ID:000001

  1D model(y=sum(ci*di)+c0): 
     coeff.(ci)_task001:    -0.1260484120E+03
             c0_task001:     0.1941120728E+03
     RMSE,MaxAE_task001:     0.3031724670E+02    0.9167058034E+02

     RMSE and MaxAE of the model:  30.317247 91.670580
--------------------------------------------------------------------------------
Time (second) used for this DI:            0.09

Dimension:   2
-------------------
Feature Construction (FC) starts ...
Total number of features in the space phi00:             18
Total number of features in the space phi01:            565
Total number of features in the space phi02:         154205
Total number of features in the space phi03:     3144995948
Size of the SIS-selected subspace from phi03:      10000
Time (second) used for this FC:          535.19

Descriptor Identification (DI) starts ...
Total number of SIS-selected features from all dimensions:      20000
 
Final model/descriptor !
================================================================================
  2D descriptor: 
     d001 = (((feature1+feature11)+(feature17-feature10))-(feature15+(feature15-feature6)))    feature_ID:000001
     d002 = (((feature13-feature4)*(feature12-feature16))-(feature12*(feature12-feature14)))    feature_ID:010002

  2D model(y=sum(ci*di)+c0): 
     coeff.(ci)_task001:    -0.1350845182E+03    0.1155896148E+03
             c0_task001:     0.2096488321E+03
     RMSE,MaxAE_task001:     0.1961385119E+02    0.4095011741E+02

     RMSE and MaxAE of the model:  19.613851 40.950117
================================================================================
Time (second) used for this DI:           25.64
Total time (second):         1098.85
Have a nice day !    

