****************************************************************
  Sure Independence Screening and Sparsifying Operator (SISSO)  
             Version SISSO.3.3, July, 2023.                
****************************************************************

Read in data from train.dat
Read in data from SISSO.in
Property type:     1
Number of tasks:        1
Descriptor dimension:        2
Number of samples for the task(s):     36
Restarts :  0
Number of scalar features:       21
Tier of the feature space:        3
Maximal feature complexity (number of operators in a feature):        6
Unit of input primary feature, each represented by a row vector: 
    1.00
    1.00
    1.00
    1.00
    1.00
    1.00
    1.00
    1.00
    1.00
    1.00
    1.00
    1.00
    1.00
    1.00
    1.00
    1.00
    1.00
    1.00
    1.00
    1.00
    1.00
The feature will be discarded if the minimum of the maximal abs. value in it <    0.10000E-02
The faature will be discarded if the maximum of the maximal abs. value in it >     0.10000E+06
Size of the SIS-selected (single) subspace :  10000 10000
Operators for feature construction: (+)(-)(*) (+)(-)(*) (+)(-)(*) 
Method for sparse regression:  L0        
Fitting intercept:      T
Metric for model selection: RMSE
Number of the top-ranked models to output:      100
--------------------------------------------------------------------------------

Dimension:   1
-------------------
Feature Construction (FC) starts ...
Population Standard Deviation (SD) of the task 001:   24.06215
Total number of features in the space phi00:             21
Total number of features in the space phi01:            769
Total number of features in the space phi02:         284319
Total number of features in the space phi03:     9176915309
Size of the SIS-selected subspace from phi03:      10000
Time (second) used for this FC:         1672.92

Descriptor Identification (DI) starts ...
Total number of SIS-selected features from all dimensions:      10000
 
  1D descriptor: 
     d001 = (((feature16-feature20)*(feature20-feature21))-(feature19*(feature13+feature20)))    feature_ID:000001

  1D model(y=sum(ci*di)+c0): 
     coeff.(ci)_task001:     0.6513076483E+02
             c0_task001:     0.7399268986E+02
     RMSE,MaxAE_task001:     0.1324739712E+02    0.3009135266E+02

     RMSE and MaxAE of the model:  13.247397 30.091353
--------------------------------------------------------------------------------
Time (second) used for this DI:            9.22

Dimension:   2
-------------------
Feature Construction (FC) starts ...
Total number of features in the space phi00:             21
Total number of features in the space phi01:            769
Total number of features in the space phi02:         284319
Total number of features in the space phi03:     9176915309
Size of the SIS-selected subspace from phi03:      10000
Time (second) used for this FC:         1695.53

Descriptor Identification (DI) starts ...
Total number of SIS-selected features from all dimensions:      20000
 
Final model/descriptor !
================================================================================
  2D descriptor: 
     d001 = (((feature12-feature5)*(feature15-feature17))-(feature19*(feature13+feature20)))    feature_ID:000503
     d002 = (((feature20-feature18)-feature6)*((feature9+feature14)*(feature19-feature21)))    feature_ID:015187

  2D model(y=sum(ci*di)+c0): 
     coeff.(ci)_task001:     0.5595473099E+02   -0.3912471835E+03
             c0_task001:     0.7336603854E+02
     RMSE,MaxAE_task001:     0.9269007167E+01    0.1904358288E+02

     RMSE and MaxAE of the model:   9.269007 19.043583
================================================================================
Time (second) used for this DI:           25.80
Total time (second):         3405.53
Have a nice day !    

