****************************************************************
  Sure Independence Screening and Sparsifying Operator (SISSO)  
             Version SISSO.3.3, July, 2023.                
****************************************************************

Read in data from train.dat
Read in data from SISSO.in
Property type:     1
Number of tasks:        1
Descriptor dimension:        2
Number of samples for the task(s):     36
Restarts :  0
Number of scalar features:       20
Tier of the feature space:        3
Maximal feature complexity (number of operators in a feature):        6
Unit of input primary feature, each represented by a row vector: 
    1.00
    1.00
    1.00
    1.00
    1.00
    1.00
    1.00
    1.00
    1.00
    1.00
    1.00
    1.00
    1.00
    1.00
    1.00
    1.00
    1.00
    1.00
    1.00
    1.00
The feature will be discarded if the minimum of the maximal abs. value in it <    0.10000E-02
The faature will be discarded if the maximum of the maximal abs. value in it >     0.10000E+06
Size of the SIS-selected (single) subspace :  10000 10000
Operators for feature construction: (+)(-)(*) (+)(-)(*) (+)(-)(*) 
Method for sparse regression:  L0        
Fitting intercept:      T
Metric for model selection: RMSE
Number of the top-ranked models to output:      100
--------------------------------------------------------------------------------

Dimension:   1
-------------------
Feature Construction (FC) starts ...
Population Standard Deviation (SD) of the task 001:   89.77910
Total number of features in the space phi00:             20
Total number of features in the space phi01:            717
Total number of features in the space phi02:         268203
Total number of features in the space phi03:     8053136801
Size of the SIS-selected subspace from phi03:      10000
Time (second) used for this FC:         1491.91

Descriptor Identification (DI) starts ...
Total number of SIS-selected features from all dimensions:      10000
 
  1D descriptor: 
     d001 = (((feature10-feature12)*(feature15-feature18))-(feature17*(feature14-feature17)))    feature_ID:000001

  1D model(y=sum(ci*di)+c0): 
     coeff.(ci)_task001:    -0.3116000995E+03
             c0_task001:     0.3394513116E+03
     RMSE,MaxAE_task001:     0.3544536811E+02    0.8617425333E+02

     RMSE and MaxAE of the model:  35.445368 86.174253
--------------------------------------------------------------------------------
Time (second) used for this DI:            0.13

Dimension:   2
-------------------
Feature Construction (FC) starts ...
Total number of features in the space phi00:             20
Total number of features in the space phi01:            717
Total number of features in the space phi02:         268203
Total number of features in the space phi03:     8053136801
Size of the SIS-selected subspace from phi03:      10000
Time (second) used for this FC:         1521.43

Descriptor Identification (DI) starts ...
Total number of SIS-selected features from all dimensions:      20000
 
Final model/descriptor !
================================================================================
  2D descriptor: 
     d001 = (((feature10-feature15)*(feature12-feature18))-(feature17*(feature14-feature17)))    feature_ID:000003
     d002 = ((feature13*(feature15-feature18))*((feature4+feature13)-(feature9-feature5)))    feature_ID:010202

  2D model(y=sum(ci*di)+c0): 
     coeff.(ci)_task001:    -0.3238211446E+03    0.6721869270E+03
             c0_task001:     0.3495403338E+03
     RMSE,MaxAE_task001:     0.2165194888E+02    0.5458761743E+02

     RMSE and MaxAE of the model:  21.651949 54.587617
================================================================================
Time (second) used for this DI:           71.13
Total time (second):         3085.71
Have a nice day !    

