****************************************************************
  Sure Independence Screening and Sparsifying Operator (SISSO)  
             Version SISSO.3.3, July, 2023.                
****************************************************************

Read in data from train.dat
Read in data from SISSO.in
Property type:     1
Number of tasks:        1
Descriptor dimension:        2
Number of samples for the task(s):     36
Restarts :  0
Number of scalar features:       18
Tier of the feature space:        3
Maximal feature complexity (number of operators in a feature):        6
Unit of input primary feature, each represented by a row vector: 
    1.00
    1.00
    1.00
    1.00
    1.00
    1.00
    1.00
    1.00
    1.00
    1.00
    1.00
    1.00
    1.00
    1.00
    1.00
    1.00
    1.00
    1.00
The feature will be discarded if the minimum of the maximal abs. value in it <    0.10000E-02
The faature will be discarded if the maximum of the maximal abs. value in it >     0.10000E+06
Size of the SIS-selected (single) subspace :  10000 10000
Operators for feature construction: (+)(-)(*) (+)(-)(*) (+)(-)(*) 
Method for sparse regression:  L0        
Fitting intercept:      T
Metric for model selection: RMSE
Number of the top-ranked models to output:      100
--------------------------------------------------------------------------------

Dimension:   1
-------------------
Feature Construction (FC) starts ...
Population Standard Deviation (SD) of the task 001:   10.88919
Total number of features in the space phi00:             18
Total number of features in the space phi01:            573
Total number of features in the space phi02:         166567
Total number of features in the space phi03:     3541616024
Size of the SIS-selected subspace from phi03:      10000
Time (second) used for this FC:          589.17

Descriptor Identification (DI) starts ...
Total number of SIS-selected features from all dimensions:      10000
 
  1D descriptor: 
     d001 = (((feature12+feature17)-feature18)*((feature17-feature9)-(feature9-feature7)))    feature_ID:000001

  1D model(y=sum(ci*di)+c0): 
     coeff.(ci)_task001:    -0.1970254598E+02
             c0_task001:     0.4975599427E+01
     RMSE,MaxAE_task001:     0.4830015587E+01    0.1431794339E+02

     RMSE and MaxAE of the model:   4.830016 14.317943
--------------------------------------------------------------------------------
Time (second) used for this DI:            0.16

Dimension:   2
-------------------
Feature Construction (FC) starts ...
Total number of features in the space phi00:             18
Total number of features in the space phi01:            573
Total number of features in the space phi02:         166567
Total number of features in the space phi03:     3541616024
Size of the SIS-selected subspace from phi03:      10000
Time (second) used for this FC:          590.34

Descriptor Identification (DI) starts ...
Total number of SIS-selected features from all dimensions:      20000
 
Final model/descriptor !
================================================================================
  2D descriptor: 
     d001 = (((feature13-feature15)-(feature16+feature17))-(feature3+feature7))    feature_ID:003607
     d002 = (((feature10-feature17)-feature17)*((feature9*feature10)*(feature10-feature14)))    feature_ID:019813

  2D model(y=sum(ci*di)+c0): 
     coeff.(ci)_task001:     0.2020046595E+02   -0.1144601233E+03
             c0_task001:     0.3696747652E+02
     RMSE,MaxAE_task001:     0.3822450279E+01    0.1009396145E+02

     RMSE and MaxAE of the model:   3.822450 10.093961
================================================================================
Time (second) used for this DI:           25.55
Total time (second):         1206.08
Have a nice day !    

