****************************************************************
  Sure Independence Screening and Sparsifying Operator (SISSO)  
             Version SISSO.3.3, July, 2023.                
****************************************************************

Read in data from train.dat
Read in data from SISSO.in
Property type:     1
Number of tasks:        1
Descriptor dimension:        2
Number of samples for the task(s):     36
Restarts :  0
Number of scalar features:       22
Tier of the feature space:        3
Maximal feature complexity (number of operators in a feature):        6
Unit of input primary feature, each represented by a row vector: 
    1.00
    1.00
    1.00
    1.00
    1.00
    1.00
    1.00
    1.00
    1.00
    1.00
    1.00
    1.00
    1.00
    1.00
    1.00
    1.00
    1.00
    1.00
    1.00
    1.00
    1.00
    1.00
The feature will be discarded if the minimum of the maximal abs. value in it <    0.10000E-02
The faature will be discarded if the maximum of the maximal abs. value in it >     0.10000E+06
Size of the SIS-selected (single) subspace :  10000 10000
Operators for feature construction: (+)(-)(*) (+)(-)(*) (+)(-)(*) 
Method for sparse regression:  L0        
Fitting intercept:      T
Metric for model selection: RMSE
Number of the top-ranked models to output:      100
--------------------------------------------------------------------------------

Dimension:   1
-------------------
Feature Construction (FC) starts ...
Population Standard Deviation (SD) of the task 001:  101.58043
Total number of features in the space phi00:             22
Total number of features in the space phi01:            834
Total number of features in the space phi02:         331088
Total number of features in the space phi03:    12047972367
Size of the SIS-selected subspace from phi03:      10000
Time (second) used for this FC:         2115.59

Descriptor Identification (DI) starts ...
Total number of SIS-selected features from all dimensions:      10000
 
  1D descriptor: 
     d001 = ((feature22*(feature18+feature20))+((feature12-feature21)*(feature19+feature22)))    feature_ID:000001

  1D model(y=sum(ci*di)+c0): 
     coeff.(ci)_task001:     0.1819981328E+03
             c0_task001:     0.2601730682E+03
     RMSE,MaxAE_task001:     0.3462415636E+02    0.8885113000E+02

     RMSE and MaxAE of the model:  34.624156 88.851130
--------------------------------------------------------------------------------
Time (second) used for this DI:            0.11

Dimension:   2
-------------------
Feature Construction (FC) starts ...
Total number of features in the space phi00:             22
Total number of features in the space phi01:            834
Total number of features in the space phi02:         331088
Total number of features in the space phi03:    12047972367
Size of the SIS-selected subspace from phi03:      10000
Time (second) used for this FC:         2117.37

Descriptor Identification (DI) starts ...
Total number of SIS-selected features from all dimensions:      20000
 
Final model/descriptor !
================================================================================
  2D descriptor: 
     d001 = ((feature22*(feature12+feature20))+((feature18-feature21)*(feature19+feature22)))    feature_ID:000007
     d002 = ((feature12*(feature15-feature19))*((feature19-feature14)-(feature2+feature6)))    feature_ID:010545

  2D model(y=sum(ci*di)+c0): 
     coeff.(ci)_task001:     0.2012007933E+03    0.1818253816E+03
             c0_task001:     0.2741895623E+03
     RMSE,MaxAE_task001:     0.2213339861E+02    0.5179332012E+02

     RMSE and MaxAE of the model:  22.133399 51.793320
================================================================================
Time (second) used for this DI:           38.49
Total time (second):         4272.66
Have a nice day !    

