****************************************************************
  Sure Independence Screening and Sparsifying Operator (SISSO)  
             Version SISSO.3.3, July, 2023.                
****************************************************************

Read in data from train.dat
Read in data from SISSO.in
Property type:     1
Number of tasks:        1
Descriptor dimension:        2
Number of samples for the task(s):     37
Restarts :  0
Number of scalar features:       21
Tier of the feature space:        3
Maximal feature complexity (number of operators in a feature):        6
Unit of input primary feature, each represented by a row vector: 
    1.00
    1.00
    1.00
    1.00
    1.00
    1.00
    1.00
    1.00
    1.00
    1.00
    1.00
    1.00
    1.00
    1.00
    1.00
    1.00
    1.00
    1.00
    1.00
    1.00
    1.00
The feature will be discarded if the minimum of the maximal abs. value in it <    0.10000E-02
The faature will be discarded if the maximum of the maximal abs. value in it >     0.10000E+06
Size of the SIS-selected (single) subspace :  10000 10000
Operators for feature construction: (+)(-)(*) (+)(-)(*) (+)(-)(*) 
Method for sparse regression:  L0        
Fitting intercept:      T
Metric for model selection: RMSE
Number of the top-ranked models to output:      100
--------------------------------------------------------------------------------

Dimension:   1
-------------------
Feature Construction (FC) starts ...
Population Standard Deviation (SD) of the task 001:   23.30535
Total number of features in the space phi00:             21
Total number of features in the space phi01:            746
Total number of features in the space phi02:         248154
Total number of features in the space phi03:     7457119022
Size of the SIS-selected subspace from phi03:      10000
Time (second) used for this FC:         1377.89

Descriptor Identification (DI) starts ...
Total number of SIS-selected features from all dimensions:      10000
 
  1D descriptor: 
     d001 = (((feature15-feature5)*(feature14-feature11))-(feature13*(feature9+feature16)))    feature_ID:000001

  1D model(y=sum(ci*di)+c0): 
     coeff.(ci)_task001:    -0.7972911424E+02
             c0_task001:     0.1350542684E+02
     RMSE,MaxAE_task001:     0.1314580428E+02    0.3416089674E+02

     RMSE and MaxAE of the model:  13.145804 34.160897
--------------------------------------------------------------------------------
Time (second) used for this DI:            0.14

Dimension:   2
-------------------
Feature Construction (FC) starts ...
Total number of features in the space phi00:             21
Total number of features in the space phi01:            746
Total number of features in the space phi02:         248154
Total number of features in the space phi03:     7457119022
Size of the SIS-selected subspace from phi03:      10000
Time (second) used for this FC:         1375.64

Descriptor Identification (DI) starts ...
Total number of SIS-selected features from all dimensions:      20000
 
Final model/descriptor !
================================================================================
  2D descriptor: 
     d001 = ((feature16*(feature9+feature16))*((feature5+feature7)+(feature8+feature13)))    feature_ID:009656
     d002 = (((feature13+feature15)-feature21)*((feature13-feature14)-(feature3+feature19)))    feature_ID:014179

  2D model(y=sum(ci*di)+c0): 
     coeff.(ci)_task001:     0.1082139832E+03    0.1219070474E+03
             c0_task001:     0.1047327426E+02
     RMSE,MaxAE_task001:     0.1031591994E+02    0.2161143270E+02

     RMSE and MaxAE of the model:  10.315920 21.611433
================================================================================
Time (second) used for this DI:           26.50
Total time (second):         2781.05
Have a nice day !    

