****************************************************************
  Sure Independence Screening and Sparsifying Operator (SISSO)  
             Version SISSO.3.3, July, 2023.                
****************************************************************

Read in data from train.dat
Read in data from SISSO.in
Property type:     1
Number of tasks:        1
Descriptor dimension:        2
Number of samples for the task(s):     36
Restarts :  0
Number of scalar features:       21
Tier of the feature space:        3
Maximal feature complexity (number of operators in a feature):        6
Unit of input primary feature, each represented by a row vector: 
    1.00
    1.00
    1.00
    1.00
    1.00
    1.00
    1.00
    1.00
    1.00
    1.00
    1.00
    1.00
    1.00
    1.00
    1.00
    1.00
    1.00
    1.00
    1.00
    1.00
    1.00
The feature will be discarded if the minimum of the maximal abs. value in it <    0.10000E-02
The faature will be discarded if the maximum of the maximal abs. value in it >     0.10000E+06
Size of the SIS-selected (single) subspace :  10000 10000
Operators for feature construction: (+)(-)(*) (+)(-)(*) (+)(-)(*) 
Method for sparse regression:  L0        
Fitting intercept:      T
Metric for model selection: RMSE
Number of the top-ranked models to output:      100
--------------------------------------------------------------------------------

Dimension:   1
-------------------
Feature Construction (FC) starts ...
Population Standard Deviation (SD) of the task 001:   92.19395
Total number of features in the space phi00:             21
Total number of features in the space phi01:            787
Total number of features in the space phi02:         316879
Total number of features in the space phi03:    10874798739
Size of the SIS-selected subspace from phi03:      10000
Time (second) used for this FC:         1995.67

Descriptor Identification (DI) starts ...
Total number of SIS-selected features from all dimensions:      10000
 
  1D descriptor: 
     d001 = (((feature10+feature15)-(feature5+feature20))-((feature6+feature8)-feature10))    feature_ID:000001

  1D model(y=sum(ci*di)+c0): 
     coeff.(ci)_task001:     0.1118256036E+03
             c0_task001:     0.1707875134E+03
     RMSE,MaxAE_task001:     0.3586515123E+02    0.1203923121E+03

     RMSE and MaxAE of the model:  35.865151120.392312
--------------------------------------------------------------------------------
Time (second) used for this DI:            0.14

Dimension:   2
-------------------
Feature Construction (FC) starts ...
Total number of features in the space phi00:             21
Total number of features in the space phi01:            787
Total number of features in the space phi02:         316879
Total number of features in the space phi03:    10874798739
Size of the SIS-selected subspace from phi03:      10000
Time (second) used for this FC:         1994.55

Descriptor Identification (DI) starts ...
Total number of SIS-selected features from all dimensions:      20000
 
Final model/descriptor !
================================================================================
  2D descriptor: 
     d001 = (((feature10+feature15)-(feature5+feature18))-((feature6+feature8)-feature10))    feature_ID:000025
     d002 = ((feature10*(feature1+feature13))*((feature17-feature19)*(feature18-feature20)))    feature_ID:018381

  2D model(y=sum(ci*di)+c0): 
     coeff.(ci)_task001:     0.1226662457E+03    0.8790872195E+03
             c0_task001:     0.1581495424E+03
     RMSE,MaxAE_task001:     0.2201831373E+02    0.4871641310E+02

     RMSE and MaxAE of the model:  22.018314 48.716413
================================================================================
Time (second) used for this DI:           26.99
Total time (second):         4018.24
Have a nice day !    

