****************************************************************
  Sure Independence Screening and Sparsifying Operator (SISSO)  
             Version SISSO.3.3, July, 2023.                
****************************************************************

Read in data from train.dat
Read in data from SISSO.in
Property type:     1
Number of tasks:        1
Descriptor dimension:        2
Number of samples for the task(s):     36
Restarts :  0
Number of scalar features:       18
Tier of the feature space:        3
Maximal feature complexity (number of operators in a feature):        6
Unit of input primary feature, each represented by a row vector: 
    1.00
    1.00
    1.00
    1.00
    1.00
    1.00
    1.00
    1.00
    1.00
    1.00
    1.00
    1.00
    1.00
    1.00
    1.00
    1.00
    1.00
    1.00
The feature will be discarded if the minimum of the maximal abs. value in it <    0.10000E-02
The faature will be discarded if the maximum of the maximal abs. value in it >     0.10000E+06
Size of the SIS-selected (single) subspace :  10000 10000
Operators for feature construction: (+)(-)(*) (+)(-)(*) (+)(-)(*) 
Method for sparse regression:  L0        
Fitting intercept:      T
Metric for model selection: RMSE
Number of the top-ranked models to output:      100
--------------------------------------------------------------------------------

Dimension:   1
-------------------
Feature Construction (FC) starts ...
Population Standard Deviation (SD) of the task 001:   22.53177
Total number of features in the space phi00:             18
Total number of features in the space phi01:            571
Total number of features in the space phi02:         163343
Total number of features in the space phi03:     3438902701
Size of the SIS-selected subspace from phi03:      10000
Time (second) used for this FC:          573.94

Descriptor Identification (DI) starts ...
Total number of SIS-selected features from all dimensions:      10000
 
  1D descriptor: 
     d001 = ((feature9*(feature12-feature16))-((feature1+feature17)*(feature11+feature17)))    feature_ID:000001

  1D model(y=sum(ci*di)+c0): 
     coeff.(ci)_task001:     0.4030523518E+02
             c0_task001:     0.5682590152E+02
     RMSE,MaxAE_task001:     0.1165987869E+02    0.2562511618E+02

     RMSE and MaxAE of the model:  11.659879 25.625116
--------------------------------------------------------------------------------
Time (second) used for this DI:            0.17

Dimension:   2
-------------------
Feature Construction (FC) starts ...
Total number of features in the space phi00:             18
Total number of features in the space phi01:            571
Total number of features in the space phi02:         163343
Total number of features in the space phi03:     3438902701
Size of the SIS-selected subspace from phi03:      10000
Time (second) used for this FC:          574.97

Descriptor Identification (DI) starts ...
Total number of SIS-selected features from all dimensions:      20000
 
Final model/descriptor !
================================================================================
  2D descriptor: 
     d001 = ((feature12*(feature6+feature13))*((feature12+feature13)-(feature4+feature17)))    feature_ID:002532
     d002 = (((feature16-feature15)-feature3)*((feature10-feature11)*(feature10-feature13)))    feature_ID:010635

  2D model(y=sum(ci*di)+c0): 
     coeff.(ci)_task001:     0.1612801583E+03   -0.5887670986E+03
             c0_task001:     0.2078213155E+02
     RMSE,MaxAE_task001:     0.7985138898E+01    0.1813514590E+02

     RMSE and MaxAE of the model:   7.985139 18.135146
================================================================================
Time (second) used for this DI:           25.59
Total time (second):         1175.63
Have a nice day !    

