****************************************************************
  Sure Independence Screening and Sparsifying Operator (SISSO)  
             Version SISSO.3.3, July, 2023.                
****************************************************************

Read in data from train.dat
Read in data from SISSO.in
Property type:     1
Number of tasks:        1
Descriptor dimension:        2
Number of samples for the task(s):     36
Restarts :  0
Number of scalar features:       21
Tier of the feature space:        3
Maximal feature complexity (number of operators in a feature):        6
Unit of input primary feature, each represented by a row vector: 
    1.00
    1.00
    1.00
    1.00
    1.00
    1.00
    1.00
    1.00
    1.00
    1.00
    1.00
    1.00
    1.00
    1.00
    1.00
    1.00
    1.00
    1.00
    1.00
    1.00
    1.00
The feature will be discarded if the minimum of the maximal abs. value in it <    0.10000E-02
The faature will be discarded if the maximum of the maximal abs. value in it >     0.10000E+06
Size of the SIS-selected (single) subspace :  10000 10000
Operators for feature construction: (+)(-)(*) (+)(-)(*) (+)(-)(*) 
Method for sparse regression:  L0        
Fitting intercept:      T
Metric for model selection: RMSE
Number of the top-ranked models to output:      100
--------------------------------------------------------------------------------

Dimension:   1
-------------------
Feature Construction (FC) starts ...
Population Standard Deviation (SD) of the task 001:   11.29209
Total number of features in the space phi00:             21
Total number of features in the space phi01:            743
Total number of features in the space phi02:         249919
Total number of features in the space phi03:     7479462908
Size of the SIS-selected subspace from phi03:      10000
Time (second) used for this FC:         1320.75

Descriptor Identification (DI) starts ...
Total number of SIS-selected features from all dimensions:      10000
 
  1D descriptor: 
     d001 = (((feature13+feature16)-feature21)*((feature1-feature13)+(feature7-feature13)))    feature_ID:000001

  1D model(y=sum(ci*di)+c0): 
     coeff.(ci)_task001:    -0.1047656137E+02
             c0_task001:     0.4153209182E+01
     RMSE,MaxAE_task001:     0.4795762212E+01    0.1382296540E+02

     RMSE and MaxAE of the model:   4.795762 13.822965
--------------------------------------------------------------------------------
Time (second) used for this DI:            0.13

Dimension:   2
-------------------
Feature Construction (FC) starts ...
Total number of features in the space phi00:             21
Total number of features in the space phi01:            743
Total number of features in the space phi02:         249919
Total number of features in the space phi03:     7479462908
Size of the SIS-selected subspace from phi03:      10000
Time (second) used for this FC:         1321.41

Descriptor Identification (DI) starts ...
Total number of SIS-selected features from all dimensions:      20000
 
Final model/descriptor !
================================================================================
  2D descriptor: 
     d001 = (((feature1+feature19)-feature13)+((feature20+feature21)-(feature13-feature7)))    feature_ID:002266
     d002 = ((feature15*(feature14-feature18))*((feature14-feature6)*(feature16-feature3)))    feature_ID:010006

  2D model(y=sum(ci*di)+c0): 
     coeff.(ci)_task001:    -0.1259922136E+02    0.9655880125E+03
             c0_task001:     0.2468243692E+02
     RMSE,MaxAE_task001:     0.3526980002E+01    0.8431244277E+01

     RMSE and MaxAE of the model:   3.526980  8.431244
================================================================================
Time (second) used for this DI:           25.69
Total time (second):         2670.06
Have a nice day !    

