****************************************************************
  Sure Independence Screening and Sparsifying Operator (SISSO)  
             Version SISSO.3.3, July, 2023.                
****************************************************************

Read in data from train.dat
Read in data from SISSO.in
Property type:     1
Number of tasks:        1
Descriptor dimension:        2
Number of samples for the task(s):     36
Restarts :  0
Number of scalar features:       20
Tier of the feature space:        3
Maximal feature complexity (number of operators in a feature):        6
Unit of input primary feature, each represented by a row vector: 
    1.00
    1.00
    1.00
    1.00
    1.00
    1.00
    1.00
    1.00
    1.00
    1.00
    1.00
    1.00
    1.00
    1.00
    1.00
    1.00
    1.00
    1.00
    1.00
    1.00
The feature will be discarded if the minimum of the maximal abs. value in it <    0.10000E-02
The faature will be discarded if the maximum of the maximal abs. value in it >     0.10000E+06
Size of the SIS-selected (single) subspace :  10000 10000
Operators for feature construction: (+)(-)(*) (+)(-)(*) (+)(-)(*) 
Method for sparse regression:  L0        
Fitting intercept:      T
Metric for model selection: RMSE
Number of the top-ranked models to output:      100
--------------------------------------------------------------------------------

Dimension:   1
-------------------
Feature Construction (FC) starts ...
Population Standard Deviation (SD) of the task 001:   23.83661
Total number of features in the space phi00:             20
Total number of features in the space phi01:            717
Total number of features in the space phi02:         268203
Total number of features in the space phi03:     8053136801
Size of the SIS-selected subspace from phi03:      10000
Time (second) used for this FC:         1499.22

Descriptor Identification (DI) starts ...
Total number of SIS-selected features from all dimensions:      10000
 
  1D descriptor: 
     d001 = ((feature18*(feature11+feature17))+((feature10-feature11)*(feature12-feature18)))    feature_ID:000001

  1D model(y=sum(ci*di)+c0): 
     coeff.(ci)_task001:    -0.7439188246E+02
             c0_task001:     0.7625839518E+02
     RMSE,MaxAE_task001:     0.1200301444E+02    0.2715509632E+02

     RMSE and MaxAE of the model:  12.003014 27.155096
--------------------------------------------------------------------------------
Time (second) used for this DI:            0.10

Dimension:   2
-------------------
Feature Construction (FC) starts ...
Total number of features in the space phi00:             20
Total number of features in the space phi01:            717
Total number of features in the space phi02:         268203
Total number of features in the space phi03:     8053136801
Size of the SIS-selected subspace from phi03:      10000
Time (second) used for this FC:         1500.00

Descriptor Identification (DI) starts ...
Total number of SIS-selected features from all dimensions:      20000
 
Final model/descriptor !
================================================================================
  2D descriptor: 
     d001 = ((feature10*(feature12-feature13))+((feature1+feature18)*(feature11+feature17)))    feature_ID:000305
     d002 = (((feature11+feature14)-feature18)*((feature20-feature7)*(feature10-feature11)))    feature_ID:010417

  2D model(y=sum(ci*di)+c0): 
     coeff.(ci)_task001:    -0.6669445240E+02   -0.2542855821E+03
             c0_task001:     0.6925015561E+02
     RMSE,MaxAE_task001:     0.7933297358E+01    0.1953154761E+02

     RMSE and MaxAE of the model:   7.933297 19.531548
================================================================================
Time (second) used for this DI:           25.50
Total time (second):         3034.81
Have a nice day !    

