****************************************************************
  Sure Independence Screening and Sparsifying Operator (SISSO)  
             Version SISSO.3.3, July, 2023.                
****************************************************************

Read in data from train.dat
Read in data from SISSO.in
Property type:     1
Number of tasks:        1
Descriptor dimension:        2
Number of samples for the task(s):     36
Restarts :  0
Number of scalar features:       18
Tier of the feature space:        3
Maximal feature complexity (number of operators in a feature):        6
Unit of input primary feature, each represented by a row vector: 
    1.00
    1.00
    1.00
    1.00
    1.00
    1.00
    1.00
    1.00
    1.00
    1.00
    1.00
    1.00
    1.00
    1.00
    1.00
    1.00
    1.00
    1.00
The feature will be discarded if the minimum of the maximal abs. value in it <    0.10000E-02
The faature will be discarded if the maximum of the maximal abs. value in it >     0.10000E+06
Size of the SIS-selected (single) subspace :  10000 10000
Operators for feature construction: (+)(-)(*) (+)(-)(*) (+)(-)(*) 
Method for sparse regression:  L0        
Fitting intercept:      T
Metric for model selection: RMSE
Number of the top-ranked models to output:      100
--------------------------------------------------------------------------------

Dimension:   1
-------------------
Feature Construction (FC) starts ...
Population Standard Deviation (SD) of the task 001:   22.11180
Total number of features in the space phi00:             18
Total number of features in the space phi01:            560
Total number of features in the space phi02:         147992
Total number of features in the space phi03:     2960619603
Size of the SIS-selected subspace from phi03:      10000
Time (second) used for this FC:          478.87

Descriptor Identification (DI) starts ...
Total number of SIS-selected features from all dimensions:      10000
 
  1D descriptor: 
     d001 = ((feature16*(feature16+feature18))+((feature12-feature13)*(feature13+feature16)))    feature_ID:000001

  1D model(y=sum(ci*di)+c0): 
     coeff.(ci)_task001:    -0.2638370989E+02
             c0_task001:     0.5895523472E+02
     RMSE,MaxAE_task001:     0.1057565240E+02    0.2834466508E+02

     RMSE and MaxAE of the model:  10.575652 28.344665
--------------------------------------------------------------------------------
Time (second) used for this DI:            0.11

Dimension:   2
-------------------
Feature Construction (FC) starts ...
Total number of features in the space phi00:             18
Total number of features in the space phi01:            560
Total number of features in the space phi02:         147992
Total number of features in the space phi03:     2960619603
Size of the SIS-selected subspace from phi03:      10000
Time (second) used for this FC:          476.79

Descriptor Identification (DI) starts ...
Total number of SIS-selected features from all dimensions:      20000
 
Final model/descriptor !
================================================================================
  2D descriptor: 
     d001 = ((feature16*(feature15-feature16))+((feature10+feature13)*(feature13-feature12)))    feature_ID:002642
     d002 = ((feature10*(feature1-feature10))*((feature15-feature7)*(feature13-feature16)))    feature_ID:018234

  2D model(y=sum(ci*di)+c0): 
     coeff.(ci)_task001:     0.3843809535E+02   -0.6568122461E+03
             c0_task001:     0.4883884819E+02
     RMSE,MaxAE_task001:     0.7809187819E+01    0.1825341858E+02

     RMSE and MaxAE of the model:   7.809188 18.253419
================================================================================
Time (second) used for this DI:           27.07
Total time (second):          990.11
Have a nice day !    

