****************************************************************
  Sure Independence Screening and Sparsifying Operator (SISSO)  
             Version SISSO.3.3, July, 2023.                
****************************************************************

Read in data from train.dat
Read in data from SISSO.in
Property type:     1
Number of tasks:        1
Descriptor dimension:        2
Number of samples for the task(s):     36
Restarts :  0
Number of scalar features:       20
Tier of the feature space:        3
Maximal feature complexity (number of operators in a feature):        6
Unit of input primary feature, each represented by a row vector: 
    1.00
    1.00
    1.00
    1.00
    1.00
    1.00
    1.00
    1.00
    1.00
    1.00
    1.00
    1.00
    1.00
    1.00
    1.00
    1.00
    1.00
    1.00
    1.00
    1.00
The feature will be discarded if the minimum of the maximal abs. value in it <    0.10000E-02
The faature will be discarded if the maximum of the maximal abs. value in it >     0.10000E+06
Size of the SIS-selected (single) subspace :  10000 10000
Operators for feature construction: (+)(-)(*) (+)(-)(*) (+)(-)(*) 
Method for sparse regression:  L0        
Fitting intercept:      T
Metric for model selection: RMSE
Number of the top-ranked models to output:      100
--------------------------------------------------------------------------------

Dimension:   1
-------------------
Feature Construction (FC) starts ...
Population Standard Deviation (SD) of the task 001:  107.14990
Total number of features in the space phi00:             20
Total number of features in the space phi01:            706
Total number of features in the space phi02:         243649
Total number of features in the space phi03:     6954429235
Size of the SIS-selected subspace from phi03:      10000
Time (second) used for this FC:         1289.43

Descriptor Identification (DI) starts ...
Total number of SIS-selected features from all dimensions:      10000
 
  1D descriptor: 
     d001 = (((feature18-feature5)*(feature11-feature15))-(feature17*(feature19-feature14)))    feature_ID:000001

  1D model(y=sum(ci*di)+c0): 
     coeff.(ci)_task001:     0.2962078756E+03
             c0_task001:     0.3885165060E+03
     RMSE,MaxAE_task001:     0.3891927594E+02    0.9615693661E+02

     RMSE and MaxAE of the model:  38.919276 96.156937
--------------------------------------------------------------------------------
Time (second) used for this DI:            0.13

Dimension:   2
-------------------
Feature Construction (FC) starts ...
Total number of features in the space phi00:             20
Total number of features in the space phi01:            706
Total number of features in the space phi02:         243649
Total number of features in the space phi03:     6954429235
Size of the SIS-selected subspace from phi03:      10000
Time (second) used for this FC:         1289.74

Descriptor Identification (DI) starts ...
Total number of SIS-selected features from all dimensions:      20000
 
Final model/descriptor !
================================================================================
  2D descriptor: 
     d001 = (((feature14+feature18)-feature7)*((feature11-feature15)+(feature11-feature17)))    feature_ID:005801
     d002 = ((feature15*(feature13-feature18))*((feature19-feature12)-(feature3+feature12)))    feature_ID:010740

  2D model(y=sum(ci*di)+c0): 
     coeff.(ci)_task001:     0.1660108921E+03   -0.7118750718E+03
             c0_task001:     0.2758315190E+03
     RMSE,MaxAE_task001:     0.2736695462E+02    0.6529272312E+02

     RMSE and MaxAE of the model:  27.366955 65.292723
================================================================================
Time (second) used for this DI:           27.56
Total time (second):         2613.23
Have a nice day !    

