****************************************************************
  Sure Independence Screening and Sparsifying Operator (SISSO)  
             Version SISSO.3.3, July, 2023.                
****************************************************************

Read in data from train.dat
Read in data from SISSO.in
Property type:     1
Number of tasks:        1
Descriptor dimension:        2
Number of samples for the task(s):     36
Restarts :  0
Number of scalar features:       20
Tier of the feature space:        3
Maximal feature complexity (number of operators in a feature):        6
Unit of input primary feature, each represented by a row vector: 
    1.00
    1.00
    1.00
    1.00
    1.00
    1.00
    1.00
    1.00
    1.00
    1.00
    1.00
    1.00
    1.00
    1.00
    1.00
    1.00
    1.00
    1.00
    1.00
    1.00
The feature will be discarded if the minimum of the maximal abs. value in it <    0.10000E-02
The faature will be discarded if the maximum of the maximal abs. value in it >     0.10000E+06
Size of the SIS-selected (single) subspace :  10000 10000
Operators for feature construction: (+)(-)(*) (+)(-)(*) (+)(-)(*) 
Method for sparse regression:  L0        
Fitting intercept:      T
Metric for model selection: RMSE
Number of the top-ranked models to output:      100
--------------------------------------------------------------------------------

Dimension:   1
-------------------
Feature Construction (FC) starts ...
Population Standard Deviation (SD) of the task 001:    9.71764
Total number of features in the space phi00:             20
Total number of features in the space phi01:            692
Total number of features in the space phi02:         234879
Total number of features in the space phi03:     6528140485
Size of the SIS-selected subspace from phi03:      10000
Time (second) used for this FC:         1113.17

Descriptor Identification (DI) starts ...
Total number of SIS-selected features from all dimensions:      10000
 
  1D descriptor: 
     d001 = ((feature13*(feature13*feature20))*((feature11+feature15)+(feature11-feature19)))    feature_ID:000001

  1D model(y=sum(ci*di)+c0): 
     coeff.(ci)_task001:     0.3823208048E+02
             c0_task001:     0.3304635882E+01
     RMSE,MaxAE_task001:     0.4196479923E+01    0.1121277094E+02

     RMSE and MaxAE of the model:   4.196480 11.212771
--------------------------------------------------------------------------------
Time (second) used for this DI:            0.12

Dimension:   2
-------------------
Feature Construction (FC) starts ...
Total number of features in the space phi00:             20
Total number of features in the space phi01:            692
Total number of features in the space phi02:         234879
Total number of features in the space phi03:     6528140485
Size of the SIS-selected subspace from phi03:      10000
Time (second) used for this FC:         1103.44

Descriptor Identification (DI) starts ...
Total number of SIS-selected features from all dimensions:      20000
 
Final model/descriptor !
================================================================================
  2D descriptor: 
     d001 = (((feature19-feature11)-feature11)*((feature13-feature5)*(feature13*feature20)))    feature_ID:000447
     d002 = (((feature16-feature18)-feature19)*((feature12-feature16)*(feature17-feature19)))    feature_ID:017928

  2D model(y=sum(ci*di)+c0): 
     coeff.(ci)_task001:    -0.4631343883E+02   -0.1406202482E+03
             c0_task001:     0.2752885000E+01
     RMSE,MaxAE_task001:     0.2511413126E+01    0.5193765879E+01

     RMSE and MaxAE of the model:   2.511413  5.193766
================================================================================
Time (second) used for this DI:           26.16
Total time (second):         2243.61
Have a nice day !    

