****************************************************************
  Sure Independence Screening and Sparsifying Operator (SISSO)  
             Version SISSO.3.3, July, 2023.                
****************************************************************

Read in data from train.dat
Read in data from SISSO.in
Property type:     1
Number of tasks:        1
Descriptor dimension:        2
Number of samples for the task(s):     36
Restarts :  0
Number of scalar features:       19
Tier of the feature space:        3
Maximal feature complexity (number of operators in a feature):        6
Unit of input primary feature, each represented by a row vector: 
    1.00
    1.00
    1.00
    1.00
    1.00
    1.00
    1.00
    1.00
    1.00
    1.00
    1.00
    1.00
    1.00
    1.00
    1.00
    1.00
    1.00
    1.00
    1.00
The feature will be discarded if the minimum of the maximal abs. value in it <    0.10000E-02
The faature will be discarded if the maximum of the maximal abs. value in it >     0.10000E+06
Size of the SIS-selected (single) subspace :  10000 10000
Operators for feature construction: (+)(-)(*) (+)(-)(*) (+)(-)(*) 
Method for sparse regression:  L0        
Fitting intercept:      T
Metric for model selection: RMSE
Number of the top-ranked models to output:      100
--------------------------------------------------------------------------------

Dimension:   1
-------------------
Feature Construction (FC) starts ...
Population Standard Deviation (SD) of the task 001:   10.01512
Total number of features in the space phi00:             19
Total number of features in the space phi01:            619
Total number of features in the space phi02:         182144
Total number of features in the space phi03:     4232288479
Size of the SIS-selected subspace from phi03:      10000
Time (second) used for this FC:          757.21

Descriptor Identification (DI) starts ...
Total number of SIS-selected features from all dimensions:      10000
 
  1D descriptor: 
     d001 = (((feature19-feature11)-feature11)*((feature14+feature16)+(feature14-feature17)))    feature_ID:000001

  1D model(y=sum(ci*di)+c0): 
     coeff.(ci)_task001:    -0.1166737442E+02
             c0_task001:     0.5002415106E+01
     RMSE,MaxAE_task001:     0.4332165323E+01    0.1169848328E+02

     RMSE and MaxAE of the model:   4.332165 11.698483
--------------------------------------------------------------------------------
Time (second) used for this DI:            0.12

Dimension:   2
-------------------
Feature Construction (FC) starts ...
Total number of features in the space phi00:             19
Total number of features in the space phi01:            619
Total number of features in the space phi02:         182144
Total number of features in the space phi03:     4232288479
Size of the SIS-selected subspace from phi03:      10000
Time (second) used for this FC:          768.77

Descriptor Identification (DI) starts ...
Total number of SIS-selected features from all dimensions:      20000
 
Final model/descriptor !
================================================================================
  2D descriptor: 
     d001 = ((feature14*(feature3+feature11))-((feature2+feature18)*(feature5+feature19)))    feature_ID:004266
     d002 = (((feature19-feature15)-feature15)*((feature11-feature17)*(feature12-feature13)))    feature_ID:010169

  2D model(y=sum(ci*di)+c0): 
     coeff.(ci)_task001:     0.1890471109E+02    0.3199357595E+03
             c0_task001:     0.1342853578E+02
     RMSE,MaxAE_task001:     0.2570745872E+01    0.9815346354E+01

     RMSE and MaxAE of the model:   2.570746  9.815346
================================================================================
Time (second) used for this DI:           25.61
Total time (second):         1552.55
Have a nice day !    

