****************************************************************
  Sure Independence Screening and Sparsifying Operator (SISSO)  
             Version SISSO.3.3, July, 2023.                
****************************************************************

Read in data from train.dat
Read in data from SISSO.in
Property type:     1
Number of tasks:        1
Descriptor dimension:        2
Number of samples for the task(s):     36
Restarts :  0
Number of scalar features:       21
Tier of the feature space:        3
Maximal feature complexity (number of operators in a feature):        6
Unit of input primary feature, each represented by a row vector: 
    1.00
    1.00
    1.00
    1.00
    1.00
    1.00
    1.00
    1.00
    1.00
    1.00
    1.00
    1.00
    1.00
    1.00
    1.00
    1.00
    1.00
    1.00
    1.00
    1.00
    1.00
The feature will be discarded if the minimum of the maximal abs. value in it <    0.10000E-02
The faature will be discarded if the maximum of the maximal abs. value in it >     0.10000E+06
Size of the SIS-selected (single) subspace :  10000 10000
Operators for feature construction: (+)(-)(*) (+)(-)(*) (+)(-)(*) 
Method for sparse regression:  L0        
Fitting intercept:      T
Metric for model selection: RMSE
Number of the top-ranked models to output:      100
--------------------------------------------------------------------------------

Dimension:   1
-------------------
Feature Construction (FC) starts ...
Population Standard Deviation (SD) of the task 001:   11.15978
Total number of features in the space phi00:             21
Total number of features in the space phi01:            772
Total number of features in the space phi02:         295601
Total number of features in the space phi03:     9698571847
Size of the SIS-selected subspace from phi03:      10000
Time (second) used for this FC:         1650.72

Descriptor Identification (DI) starts ...
Total number of SIS-selected features from all dimensions:      10000
 
  1D descriptor: 
     d001 = (((feature14+feature19)-feature20)*((feature11*feature14)*(feature12+feature21)))    feature_ID:000001

  1D model(y=sum(ci*di)+c0): 
     coeff.(ci)_task001:     0.8325731449E+02
             c0_task001:     0.2838558043E+01
     RMSE,MaxAE_task001:     0.5136099567E+01    0.1392241604E+02

     RMSE and MaxAE of the model:   5.136100 13.922416
--------------------------------------------------------------------------------
Time (second) used for this DI:            0.09

Dimension:   2
-------------------
Feature Construction (FC) starts ...
Total number of features in the space phi00:             21
Total number of features in the space phi01:            772
Total number of features in the space phi02:         295601
Total number of features in the space phi03:     9698571847
Size of the SIS-selected subspace from phi03:      10000
Time (second) used for this FC:         1652.06

Descriptor Identification (DI) starts ...
Total number of SIS-selected features from all dimensions:      20000
 
Final model/descriptor !
================================================================================
  2D descriptor: 
     d001 = (((feature14+feature19)-feature20)*((feature11*feature14)*(feature18+feature21)))    feature_ID:002959
     d002 = ((feature11*(feature1-feature14))*((feature11-feature14)*(feature12-feature19)))    feature_ID:010024

  2D model(y=sum(ci*di)+c0): 
     coeff.(ci)_task001:     0.6731800555E+02    0.1825109242E+03
             c0_task001:     0.2368719955E+01
     RMSE,MaxAE_task001:     0.3458206583E+01    0.8370807285E+01

     RMSE and MaxAE of the model:   3.458207  8.370807
================================================================================
Time (second) used for this DI:           25.51
Total time (second):         3329.09
Have a nice day !    

