****************************************************************
  Sure Independence Screening and Sparsifying Operator (SISSO)  
             Version SISSO.3.3, July, 2023.                
****************************************************************

Read in data from train.dat
Read in data from SISSO.in
Property type:     1
Number of tasks:        1
Descriptor dimension:        2
Number of samples for the task(s):     36
Restarts :  0
Number of scalar features:       19
Tier of the feature space:        3
Maximal feature complexity (number of operators in a feature):        6
Unit of input primary feature, each represented by a row vector: 
    1.00
    1.00
    1.00
    1.00
    1.00
    1.00
    1.00
    1.00
    1.00
    1.00
    1.00
    1.00
    1.00
    1.00
    1.00
    1.00
    1.00
    1.00
    1.00
The feature will be discarded if the minimum of the maximal abs. value in it <    0.10000E-02
The faature will be discarded if the maximum of the maximal abs. value in it >     0.10000E+06
Size of the SIS-selected (single) subspace :  10000 10000
Operators for feature construction: (+)(-)(*) (+)(-)(*) (+)(-)(*) 
Method for sparse regression:  L0        
Fitting intercept:      T
Metric for model selection: RMSE
Number of the top-ranked models to output:      100
--------------------------------------------------------------------------------

Dimension:   1
-------------------
Feature Construction (FC) starts ...
Population Standard Deviation (SD) of the task 001:    9.72718
Total number of features in the space phi00:             19
Total number of features in the space phi01:            642
Total number of features in the space phi02:         211300
Total number of features in the space phi03:     5344971934
Size of the SIS-selected subspace from phi03:      10000
Time (second) used for this FC:         1000.63

Descriptor Identification (DI) starts ...
Total number of SIS-selected features from all dimensions:      10000
 
  1D descriptor: 
     d001 = (((feature1+feature12)-feature13)+((feature17+feature18)-(feature14-feature3)))    feature_ID:000001

  1D model(y=sum(ci*di)+c0): 
     coeff.(ci)_task001:    -0.1337804527E+02
             c0_task001:     0.2292120883E+02
     RMSE,MaxAE_task001:     0.3705373512E+01    0.1226502804E+02

     RMSE and MaxAE of the model:   3.705374 12.265028
--------------------------------------------------------------------------------
Time (second) used for this DI:           26.05

Dimension:   2
-------------------
Feature Construction (FC) starts ...
Total number of features in the space phi00:             19
Total number of features in the space phi01:            642
Total number of features in the space phi02:         211300
Total number of features in the space phi03:     5344971934
Size of the SIS-selected subspace from phi03:      10000
Time (second) used for this FC:          988.41

Descriptor Identification (DI) starts ...
Total number of SIS-selected features from all dimensions:      20000
 
Final model/descriptor !
================================================================================
  2D descriptor: 
     d001 = (((feature1-feature9)*(feature16-feature17))-(feature13*(feature9-feature5)))    feature_ID:005769
     d002 = (((feature18-feature15)-feature2)*((feature10-feature12)*(feature12-feature13)))    feature_ID:010166

  2D model(y=sum(ci*di)+c0): 
     coeff.(ci)_task001:    -0.1718596063E+02   -0.1990310462E+03
             c0_task001:     0.4895616562E+01
     RMSE,MaxAE_task001:     0.2774844250E+01    0.6995159150E+01

     RMSE and MaxAE of the model:   2.774844  6.995159
================================================================================
Time (second) used for this DI:           25.44
Total time (second):         2065.13
Have a nice day !    

