****************************************************************
  Sure Independence Screening and Sparsifying Operator (SISSO)  
             Version SISSO.3.3, July, 2023.                
****************************************************************

Read in data from train.dat
Read in data from SISSO.in
Property type:     1
Number of tasks:        1
Descriptor dimension:        2
Number of samples for the task(s):     36
Restarts :  0
Number of scalar features:       22
Tier of the feature space:        3
Maximal feature complexity (number of operators in a feature):        6
Unit of input primary feature, each represented by a row vector: 
    1.00
    1.00
    1.00
    1.00
    1.00
    1.00
    1.00
    1.00
    1.00
    1.00
    1.00
    1.00
    1.00
    1.00
    1.00
    1.00
    1.00
    1.00
    1.00
    1.00
    1.00
    1.00
The feature will be discarded if the minimum of the maximal abs. value in it <    0.10000E-02
The faature will be discarded if the maximum of the maximal abs. value in it >     0.10000E+06
Size of the SIS-selected (single) subspace :  10000 10000
Operators for feature construction: (+)(-)(*) (+)(-)(*) (+)(-)(*) 
Method for sparse regression:  L0        
Fitting intercept:      T
Metric for model selection: RMSE
Number of the top-ranked models to output:      100
--------------------------------------------------------------------------------

Dimension:   1
-------------------
Feature Construction (FC) starts ...
Population Standard Deviation (SD) of the task 001:   11.27092
Total number of features in the space phi00:             22
Total number of features in the space phi01:            838
Total number of features in the space phi02:         315531
Total number of features in the space phi03:    11308002592
Size of the SIS-selected subspace from phi03:      10000
Time (second) used for this FC:         1878.71

Descriptor Identification (DI) starts ...
Total number of SIS-selected features from all dimensions:      10000
 
  1D descriptor: 
     d001 = ((feature22*(feature21-feature22))-((feature1+feature21)*(feature14+feature21)))    feature_ID:000001

  1D model(y=sum(ci*di)+c0): 
     coeff.(ci)_task001:     0.3470077366E+02
             c0_task001:     0.3452393092E+02
     RMSE,MaxAE_task001:     0.4793131183E+01    0.1151200949E+02

     RMSE and MaxAE of the model:   4.793131 11.512009
--------------------------------------------------------------------------------
Time (second) used for this DI:            0.12

Dimension:   2
-------------------
Feature Construction (FC) starts ...
Total number of features in the space phi00:             22
Total number of features in the space phi01:            838
Total number of features in the space phi02:         315531
Total number of features in the space phi03:    11308002592
Size of the SIS-selected subspace from phi03:      10000
Time (second) used for this FC:         1871.53

Descriptor Identification (DI) starts ...
Total number of SIS-selected features from all dimensions:      20000
 
Final model/descriptor !
================================================================================
  2D descriptor: 
     d001 = ((feature1+(feature11+feature14))+((feature9+feature21)+(feature20+feature21)))    feature_ID:006381
     d002 = (((feature13-feature19)-feature8)*((feature13-feature14)-(feature3+feature8)))    feature_ID:010007

  2D model(y=sum(ci*di)+c0): 
     coeff.(ci)_task001:    -0.1103381191E+02    0.5935121996E+02
             c0_task001:     0.3182464826E+02
     RMSE,MaxAE_task001:     0.3039080741E+01    0.9261009842E+01

     RMSE and MaxAE of the model:   3.039081  9.261010
================================================================================
Time (second) used for this DI:           25.46
Total time (second):         3776.67
Have a nice day !    

