****************************************************************
  Sure Independence Screening and Sparsifying Operator (SISSO)  
             Version SISSO.3.3, July, 2023.                
****************************************************************

Read in data from train.dat
Read in data from SISSO.in
Property type:     1
Number of tasks:        1
Descriptor dimension:        2
Number of samples for the task(s):     36
Restarts :  0
Number of scalar features:       18
Tier of the feature space:        3
Maximal feature complexity (number of operators in a feature):        6
Unit of input primary feature, each represented by a row vector: 
    1.00
    1.00
    1.00
    1.00
    1.00
    1.00
    1.00
    1.00
    1.00
    1.00
    1.00
    1.00
    1.00
    1.00
    1.00
    1.00
    1.00
    1.00
The feature will be discarded if the minimum of the maximal abs. value in it <    0.10000E-02
The faature will be discarded if the maximum of the maximal abs. value in it >     0.10000E+06
Size of the SIS-selected (single) subspace :  10000 10000
Operators for feature construction: (+)(-)(*) (+)(-)(*) (+)(-)(*) 
Method for sparse regression:  L0        
Fitting intercept:      T
Metric for model selection: RMSE
Number of the top-ranked models to output:      100
--------------------------------------------------------------------------------

Dimension:   1
-------------------
Feature Construction (FC) starts ...
Population Standard Deviation (SD) of the task 001:   10.49941
Total number of features in the space phi00:             18
Total number of features in the space phi01:            574
Total number of features in the space phi02:         167542
Total number of features in the space phi03:     3573380675
Size of the SIS-selected subspace from phi03:      10000
Time (second) used for this FC:          586.29

Descriptor Identification (DI) starts ...
Total number of SIS-selected features from all dimensions:      10000
 
  1D descriptor: 
     d001 = (((feature4+feature9)*(feature17-feature9))-(feature18*(feature11-feature1)))    feature_ID:000001

  1D model(y=sum(ci*di)+c0): 
     coeff.(ci)_task001:    -0.3094656214E+02
             c0_task001:     0.4518921651E+01
     RMSE,MaxAE_task001:     0.3983985132E+01    0.9026085106E+01

     RMSE and MaxAE of the model:   3.983985  9.026085
--------------------------------------------------------------------------------
Time (second) used for this DI:            0.15

Dimension:   2
-------------------
Feature Construction (FC) starts ...
Total number of features in the space phi00:             18
Total number of features in the space phi01:            574
Total number of features in the space phi02:         167542
Total number of features in the space phi03:     3573380675
Size of the SIS-selected subspace from phi03:      10000
Time (second) used for this FC:          587.37

Descriptor Identification (DI) starts ...
Total number of SIS-selected features from all dimensions:      20000
 
Final model/descriptor !
================================================================================
  2D descriptor: 
     d001 = ((feature9*(feature17-feature9))+((feature1+feature18)*(feature1-feature11)))    feature_ID:000052
     d002 = ((feature9*(feature11-feature9))*((feature17-feature9)*(feature15-feature16)))    feature_ID:010162

  2D model(y=sum(ci*di)+c0): 
     coeff.(ci)_task001:    -0.3113376087E+02   -0.1801368117E+03
             c0_task001:     0.4266374915E+01
     RMSE,MaxAE_task001:     0.2841299004E+01    0.9101316313E+01

     RMSE and MaxAE of the model:   2.841299  9.101316
================================================================================
Time (second) used for this DI:           28.98
Total time (second):         1204.06
Have a nice day !    

