****************************************************************
  Sure Independence Screening and Sparsifying Operator (SISSO)  
             Version SISSO.3.3, July, 2023.                
****************************************************************

Read in data from train.dat
Read in data from SISSO.in
Property type:     1
Number of tasks:        1
Descriptor dimension:        2
Number of samples for the task(s):     36
Restarts :  0
Number of scalar features:       18
Tier of the feature space:        3
Maximal feature complexity (number of operators in a feature):        6
Unit of input primary feature, each represented by a row vector: 
    1.00
    1.00
    1.00
    1.00
    1.00
    1.00
    1.00
    1.00
    1.00
    1.00
    1.00
    1.00
    1.00
    1.00
    1.00
    1.00
    1.00
    1.00
The feature will be discarded if the minimum of the maximal abs. value in it <    0.10000E-02
The faature will be discarded if the maximum of the maximal abs. value in it >     0.10000E+06
Size of the SIS-selected (single) subspace :  10000 10000
Operators for feature construction: (+)(-)(*) (+)(-)(*) (+)(-)(*) 
Method for sparse regression:  L0        
Fitting intercept:      T
Metric for model selection: RMSE
Number of the top-ranked models to output:      100
--------------------------------------------------------------------------------

Dimension:   1
-------------------
Feature Construction (FC) starts ...
Population Standard Deviation (SD) of the task 001:  103.11231
Total number of features in the space phi00:             18
Total number of features in the space phi01:            563
Total number of features in the space phi02:         149891
Total number of features in the space phi03:     3024058707
Size of the SIS-selected subspace from phi03:      10000
Time (second) used for this FC:          474.57

Descriptor Identification (DI) starts ...
Total number of SIS-selected features from all dimensions:      10000
 
  1D descriptor: 
     d001 = ((feature16*(feature13-feature17))+((feature13-feature5)*(feature18-feature3)))    feature_ID:000001

  1D model(y=sum(ci*di)+c0): 
     coeff.(ci)_task001:     0.3005153089E+03
             c0_task001:     0.3135670729E+03
     RMSE,MaxAE_task001:     0.3537421779E+02    0.1005372818E+03

     RMSE and MaxAE of the model:  35.374218100.537282
--------------------------------------------------------------------------------
Time (second) used for this DI:            0.14

Dimension:   2
-------------------
Feature Construction (FC) starts ...
Total number of features in the space phi00:             18
Total number of features in the space phi01:            563
Total number of features in the space phi02:         149891
Total number of features in the space phi03:     3024058707
Size of the SIS-selected subspace from phi03:      10000
Time (second) used for this FC:          475.49

Descriptor Identification (DI) starts ...
Total number of SIS-selected features from all dimensions:      20000
 
Final model/descriptor !
================================================================================
  2D descriptor: 
     d001 = (((feature5+feature16)*(feature13-feature17))-(feature12*(feature15-feature10)))    feature_ID:000499
     d002 = (((feature11-feature18)-feature18)*((feature14*feature17)*(feature15-feature17)))    feature_ID:010135

  2D model(y=sum(ci*di)+c0): 
     coeff.(ci)_task001:     0.2998545495E+03    0.7372337881E+03
             c0_task001:     0.3292068423E+03
     RMSE,MaxAE_task001:     0.2963882248E+02    0.9659338338E+02

     RMSE and MaxAE of the model:  29.638822 96.593383
================================================================================
Time (second) used for this DI:           25.50
Total time (second):          976.64
Have a nice day !    

