****************************************************************
  Sure Independence Screening and Sparsifying Operator (SISSO)  
             Version SISSO.3.3, July, 2023.                
****************************************************************

Read in data from train.dat
Read in data from SISSO.in
Property type:     1
Number of tasks:        1
Descriptor dimension:        2
Number of samples for the task(s):     36
Restarts :  0
Number of scalar features:       20
Tier of the feature space:        3
Maximal feature complexity (number of operators in a feature):        6
Unit of input primary feature, each represented by a row vector: 
    1.00
    1.00
    1.00
    1.00
    1.00
    1.00
    1.00
    1.00
    1.00
    1.00
    1.00
    1.00
    1.00
    1.00
    1.00
    1.00
    1.00
    1.00
    1.00
    1.00
The feature will be discarded if the minimum of the maximal abs. value in it <    0.10000E-02
The faature will be discarded if the maximum of the maximal abs. value in it >     0.10000E+06
Size of the SIS-selected (single) subspace :  10000 10000
Operators for feature construction: (+)(-)(*) (+)(-)(*) (+)(-)(*) 
Method for sparse regression:  L0        
Fitting intercept:      T
Metric for model selection: RMSE
Number of the top-ranked models to output:      100
--------------------------------------------------------------------------------

Dimension:   1
-------------------
Feature Construction (FC) starts ...
Population Standard Deviation (SD) of the task 001:   10.19986
Total number of features in the space phi00:             20
Total number of features in the space phi01:            691
Total number of features in the space phi02:         214756
Total number of features in the space phi03:     5774676070
Size of the SIS-selected subspace from phi03:      10000
Time (second) used for this FC:         1077.78

Descriptor Identification (DI) starts ...
Total number of SIS-selected features from all dimensions:      10000
 
  1D descriptor: 
     d001 = ((feature17*(feature7+feature8))+((feature2+feature12)*(feature10-feature12)))    feature_ID:000001

  1D model(y=sum(ci*di)+c0): 
     coeff.(ci)_task001:    -0.2356301621E+02
             c0_task001:     0.2184801449E+01
     RMSE,MaxAE_task001:     0.4576352401E+01    0.1679546120E+02

     RMSE and MaxAE of the model:   4.576352 16.795461
--------------------------------------------------------------------------------
Time (second) used for this DI:            0.10

Dimension:   2
-------------------
Feature Construction (FC) starts ...
Total number of features in the space phi00:             20
Total number of features in the space phi01:            691
Total number of features in the space phi02:         214756
Total number of features in the space phi03:     5774676070
Size of the SIS-selected subspace from phi03:      10000
Time (second) used for this FC:         1078.68

Descriptor Identification (DI) starts ...
Total number of SIS-selected features from all dimensions:      20000
 
Final model/descriptor !
================================================================================
  2D descriptor: 
     d001 = (((feature12-feature7)-feature8)*((feature2+feature12)*(feature14+feature19)))    feature_ID:000331
     d002 = ((feature14*(feature12-feature14))*((feature19-feature3)*(feature12-feature17)))    feature_ID:013351

  2D model(y=sum(ci*di)+c0): 
     coeff.(ci)_task001:     0.2059063996E+02    0.3928849746E+03
             c0_task001:     0.1771241078E+01
     RMSE,MaxAE_task001:     0.3609611116E+01    0.1199247648E+02

     RMSE and MaxAE of the model:   3.609611 11.992476
================================================================================
Time (second) used for this DI:           25.59
Total time (second):         2195.47
Have a nice day !    

