****************************************************************
  Sure Independence Screening and Sparsifying Operator (SISSO)  
             Version SISSO.3.3, July, 2023.                
****************************************************************

Read in data from train.dat
Read in data from SISSO.in
Property type:     1
Number of tasks:        1
Descriptor dimension:        2
Number of samples for the task(s):     36
Restarts :  0
Number of scalar features:       22
Tier of the feature space:        3
Maximal feature complexity (number of operators in a feature):        6
Unit of input primary feature, each represented by a row vector: 
    1.00
    1.00
    1.00
    1.00
    1.00
    1.00
    1.00
    1.00
    1.00
    1.00
    1.00
    1.00
    1.00
    1.00
    1.00
    1.00
    1.00
    1.00
    1.00
    1.00
    1.00
    1.00
The feature will be discarded if the minimum of the maximal abs. value in it <    0.10000E-02
The faature will be discarded if the maximum of the maximal abs. value in it >     0.10000E+06
Size of the SIS-selected (single) subspace :  10000 10000
Operators for feature construction: (+)(-)(*) (+)(-)(*) (+)(-)(*) 
Method for sparse regression:  L0        
Fitting intercept:      T
Metric for model selection: RMSE
Number of the top-ranked models to output:      100
--------------------------------------------------------------------------------

Dimension:   1
-------------------
Feature Construction (FC) starts ...
Population Standard Deviation (SD) of the task 001:   11.29209
Total number of features in the space phi00:             22
Total number of features in the space phi01:            826
Total number of features in the space phi02:         319124
Total number of features in the space phi03:    11311167871
Size of the SIS-selected subspace from phi03:      10000
Time (second) used for this FC:         1958.16

Descriptor Identification (DI) starts ...
Total number of SIS-selected features from all dimensions:      10000
 
  1D descriptor: 
     d001 = (((feature13+feature22)-feature21)*((feature1+feature7)-(feature13+feature16)))    feature_ID:000001

  1D model(y=sum(ci*di)+c0): 
     coeff.(ci)_task001:    -0.1465069297E+02
             c0_task001:     0.3962623587E+01
     RMSE,MaxAE_task001:     0.4788845709E+01    0.1113383786E+02

     RMSE and MaxAE of the model:   4.788846 11.133838
--------------------------------------------------------------------------------
Time (second) used for this DI:            0.12

Dimension:   2
-------------------
Feature Construction (FC) starts ...
Total number of features in the space phi00:             22
Total number of features in the space phi01:            826
Total number of features in the space phi02:         319124
Total number of features in the space phi03:    11311167871
Size of the SIS-selected subspace from phi03:      10000
Time (second) used for this FC:         1958.01

Descriptor Identification (DI) starts ...
Total number of SIS-selected features from all dimensions:      20000
 
Final model/descriptor !
================================================================================
  2D descriptor: 
     d001 = (((feature13+feature22)-feature21)*((feature13+feature16)-(feature7+feature18)))    feature_ID:000017
     d002 = (((feature1+feature20)-feature21)*((feature11+feature22)-(feature14+feature21)))    feature_ID:019466

  2D model(y=sum(ci*di)+c0): 
     coeff.(ci)_task001:     0.1712849105E+02    0.6555724496E+02
             c0_task001:     0.1051072279E+01
     RMSE,MaxAE_task001:     0.3184644800E+01    0.7789096923E+01

     RMSE and MaxAE of the model:   3.184645  7.789097
================================================================================
Time (second) used for this DI:           25.61
Total time (second):         3944.33
Have a nice day !    

