****************************************************************
  Sure Independence Screening and Sparsifying Operator (SISSO)  
             Version SISSO.3.3, July, 2023.                
****************************************************************

Read in data from train.dat
Read in data from SISSO.in
Property type:     1
Number of tasks:        1
Descriptor dimension:        2
Number of samples for the task(s):     36
Restarts :  0
Number of scalar features:       21
Tier of the feature space:        3
Maximal feature complexity (number of operators in a feature):        6
Unit of input primary feature, each represented by a row vector: 
    1.00
    1.00
    1.00
    1.00
    1.00
    1.00
    1.00
    1.00
    1.00
    1.00
    1.00
    1.00
    1.00
    1.00
    1.00
    1.00
    1.00
    1.00
    1.00
    1.00
    1.00
The feature will be discarded if the minimum of the maximal abs. value in it <    0.10000E-02
The faature will be discarded if the maximum of the maximal abs. value in it >     0.10000E+06
Size of the SIS-selected (single) subspace :  10000 10000
Operators for feature construction: (+)(-)(*) (+)(-)(*) (+)(-)(*) 
Method for sparse regression:  L0        
Fitting intercept:      T
Metric for model selection: RMSE
Number of the top-ranked models to output:      100
--------------------------------------------------------------------------------

Dimension:   1
-------------------
Feature Construction (FC) starts ...
Population Standard Deviation (SD) of the task 001:  113.75649
Total number of features in the space phi00:             21
Total number of features in the space phi01:            772
Total number of features in the space phi02:         295601
Total number of features in the space phi03:     9698571847
Size of the SIS-selected subspace from phi03:      10000
Time (second) used for this FC:         1652.38

Descriptor Identification (DI) starts ...
Total number of SIS-selected features from all dimensions:      10000
 
  1D descriptor: 
     d001 = (((feature11-feature18)*(feature13+feature18))-(feature11*(feature2-feature21)))    feature_ID:000001

  1D model(y=sum(ci*di)+c0): 
     coeff.(ci)_task001:     0.1910452306E+03
             c0_task001:     0.2878158821E+03
     RMSE,MaxAE_task001:     0.4317058602E+02    0.1069982659E+03

     RMSE and MaxAE of the model:  43.170586106.998266
--------------------------------------------------------------------------------
Time (second) used for this DI:            0.09

Dimension:   2
-------------------
Feature Construction (FC) starts ...
Total number of features in the space phi00:             21
Total number of features in the space phi01:            772
Total number of features in the space phi02:         295601
Total number of features in the space phi03:     9698571847
Size of the SIS-selected subspace from phi03:      10000
Time (second) used for this FC:         1655.18

Descriptor Identification (DI) starts ...
Total number of SIS-selected features from all dimensions:      20000
 
Final model/descriptor !
================================================================================
  2D descriptor: 
     d001 = (((feature11-feature20)*(feature12+feature18))-(feature21*(feature6-feature11)))    feature_ID:000033
     d002 = ((feature15*(feature9+feature13))+((feature11-feature19)*(feature19-feature20)))    feature_ID:017801

  2D model(y=sum(ci*di)+c0): 
     coeff.(ci)_task001:     0.2571278619E+03    0.2862034210E+03
             c0_task001:     0.2807031684E+03
     RMSE,MaxAE_task001:     0.2739458757E+02    0.7502964656E+02

     RMSE and MaxAE of the model:  27.394588 75.029647
================================================================================
Time (second) used for this DI:           25.62
Total time (second):         3335.95
Have a nice day !    

