****************************************************************
  Sure Independence Screening and Sparsifying Operator (SISSO)  
             Version SISSO.3.3, July, 2023.                
****************************************************************

Read in data from train.dat
Read in data from SISSO.in
Property type:     1
Number of tasks:        1
Descriptor dimension:        2
Number of samples for the task(s):     36
Restarts :  0
Number of scalar features:       20
Tier of the feature space:        3
Maximal feature complexity (number of operators in a feature):        6
Unit of input primary feature, each represented by a row vector: 
    1.00
    1.00
    1.00
    1.00
    1.00
    1.00
    1.00
    1.00
    1.00
    1.00
    1.00
    1.00
    1.00
    1.00
    1.00
    1.00
    1.00
    1.00
    1.00
    1.00
The feature will be discarded if the minimum of the maximal abs. value in it <    0.10000E-02
The faature will be discarded if the maximum of the maximal abs. value in it >     0.10000E+06
Size of the SIS-selected (single) subspace :  10000 10000
Operators for feature construction: (+)(-)(*) (+)(-)(*) (+)(-)(*) 
Method for sparse regression:  L0        
Fitting intercept:      T
Metric for model selection: RMSE
Number of the top-ranked models to output:      100
--------------------------------------------------------------------------------

Dimension:   1
-------------------
Feature Construction (FC) starts ...
Population Standard Deviation (SD) of the task 001:   22.86175
Total number of features in the space phi00:             20
Total number of features in the space phi01:            675
Total number of features in the space phi02:         208079
Total number of features in the space phi03:     5428026341
Size of the SIS-selected subspace from phi03:      10000
Time (second) used for this FC:         1006.45

Descriptor Identification (DI) starts ...
Total number of SIS-selected features from all dimensions:      10000
 
  1D descriptor: 
     d001 = (((feature12-feature17)+(feature12-feature19))-(feature7-feature8))    feature_ID:000001

  1D model(y=sum(ci*di)+c0): 
     coeff.(ci)_task001:     0.3236701047E+02
             c0_task001:     0.4559901179E+02
     RMSE,MaxAE_task001:     0.1167124336E+02    0.3538793110E+02

     RMSE and MaxAE of the model:  11.671243 35.387931
--------------------------------------------------------------------------------
Time (second) used for this DI:            0.12

Dimension:   2
-------------------
Feature Construction (FC) starts ...
Total number of features in the space phi00:             20
Total number of features in the space phi01:            675
Total number of features in the space phi02:         208079
Total number of features in the space phi03:     5428026341
Size of the SIS-selected subspace from phi03:      10000
Time (second) used for this FC:         1007.82

Descriptor Identification (DI) starts ...
Total number of SIS-selected features from all dimensions:      20000
 
Final model/descriptor !
================================================================================
  2D descriptor: 
     d001 = (((feature16-feature6)*(feature18-feature20))-(feature20*(feature12-feature19)))    feature_ID:009150
     d002 = ((feature14*(feature12-feature17))*((feature14*feature20)*(feature14-feature17)))    feature_ID:018779

  2D model(y=sum(ci*di)+c0): 
     coeff.(ci)_task001:    -0.4495798737E+02    0.3141205025E+04
             c0_task001:     0.4839652571E+02
     RMSE,MaxAE_task001:     0.9062987477E+01    0.2548829871E+02

     RMSE and MaxAE of the model:   9.062987 25.488299
================================================================================
Time (second) used for this DI:           25.76
Total time (second):         2045.47
Have a nice day !    

