****************************************************************
  Sure Independence Screening and Sparsifying Operator (SISSO)  
             Version SISSO.3.3, July, 2023.                
****************************************************************

Read in data from train.dat
Read in data from SISSO.in
Property type:     1
Number of tasks:        1
Descriptor dimension:        2
Number of samples for the task(s):     36
Restarts :  0
Number of scalar features:       19
Tier of the feature space:        3
Maximal feature complexity (number of operators in a feature):        6
Unit of input primary feature, each represented by a row vector: 
    1.00
    1.00
    1.00
    1.00
    1.00
    1.00
    1.00
    1.00
    1.00
    1.00
    1.00
    1.00
    1.00
    1.00
    1.00
    1.00
    1.00
    1.00
    1.00
The feature will be discarded if the minimum of the maximal abs. value in it <    0.10000E-02
The faature will be discarded if the maximum of the maximal abs. value in it >     0.10000E+06
Size of the SIS-selected (single) subspace :  10000 10000
Operators for feature construction: (+)(-)(*) (+)(-)(*) (+)(-)(*) 
Method for sparse regression:  L0        
Fitting intercept:      T
Metric for model selection: RMSE
Number of the top-ranked models to output:      100
--------------------------------------------------------------------------------

Dimension:   1
-------------------
Feature Construction (FC) starts ...
Population Standard Deviation (SD) of the task 001:   10.01314
Total number of features in the space phi00:             19
Total number of features in the space phi01:            625
Total number of features in the space phi02:         184090
Total number of features in the space phi03:     4320332236
Size of the SIS-selected subspace from phi03:      10000
Time (second) used for this FC:          839.59

Descriptor Identification (DI) starts ...
Total number of SIS-selected features from all dimensions:      10000
 
  1D descriptor: 
     d001 = ((feature14*(feature6+feature14))*((feature11-feature17)-(feature6-feature11)))    feature_ID:000001

  1D model(y=sum(ci*di)+c0): 
     coeff.(ci)_task001:     0.3659705524E+02
             c0_task001:     0.2838079113E+01
     RMSE,MaxAE_task001:     0.5214955977E+01    0.1643440036E+02

     RMSE and MaxAE of the model:   5.214956 16.434400
--------------------------------------------------------------------------------
Time (second) used for this DI:            0.11

Dimension:   2
-------------------
Feature Construction (FC) starts ...
Total number of features in the space phi00:             19
Total number of features in the space phi01:            625
Total number of features in the space phi02:         184090
Total number of features in the space phi03:     4320332236
Size of the SIS-selected subspace from phi03:      10000
Time (second) used for this FC:          840.28

Descriptor Identification (DI) starts ...
Total number of SIS-selected features from all dimensions:      20000
 
Final model/descriptor !
================================================================================
  2D descriptor: 
     d001 = ((feature14*(feature12+feature14))*((feature11-feature18)-(feature6-feature11)))    feature_ID:000002
     d002 = (((feature11-feature12)-feature17)*((feature11-feature16)*(feature17-feature18)))    feature_ID:010930

  2D model(y=sum(ci*di)+c0): 
     coeff.(ci)_task001:     0.2142123767E+02    0.1798136601E+03
             c0_task001:     0.3712740410E+01
     RMSE,MaxAE_task001:     0.4313122198E+01    0.1209211878E+02

     RMSE and MaxAE of the model:   4.313122 12.092119
================================================================================
Time (second) used for this DI:           25.44
Total time (second):         1706.33
Have a nice day !    

