****************************************************************
  Sure Independence Screening and Sparsifying Operator (SISSO)  
             Version SISSO.3.3, July, 2023.                
****************************************************************

Read in data from train.dat
Read in data from SISSO.in
Property type:     1
Number of tasks:        1
Descriptor dimension:        2
Number of samples for the task(s):     36
Restarts :  0
Number of scalar features:       20
Tier of the feature space:        3
Maximal feature complexity (number of operators in a feature):        6
Unit of input primary feature, each represented by a row vector: 
    1.00
    1.00
    1.00
    1.00
    1.00
    1.00
    1.00
    1.00
    1.00
    1.00
    1.00
    1.00
    1.00
    1.00
    1.00
    1.00
    1.00
    1.00
    1.00
    1.00
The feature will be discarded if the minimum of the maximal abs. value in it <    0.10000E-02
The faature will be discarded if the maximum of the maximal abs. value in it >     0.10000E+06
Size of the SIS-selected (single) subspace :  10000 10000
Operators for feature construction: (+)(-)(*) (+)(-)(*) (+)(-)(*) 
Method for sparse regression:  L0        
Fitting intercept:      T
Metric for model selection: RMSE
Number of the top-ranked models to output:      100
--------------------------------------------------------------------------------

Dimension:   1
-------------------
Feature Construction (FC) starts ...
Population Standard Deviation (SD) of the task 001:    9.40715
Total number of features in the space phi00:             20
Total number of features in the space phi01:            686
Total number of features in the space phi02:         208383
Total number of features in the space phi03:     5501339383
Size of the SIS-selected subspace from phi03:      10000
Time (second) used for this FC:         1078.38

Descriptor Identification (DI) starts ...
Total number of SIS-selected features from all dimensions:      10000
 
  1D descriptor: 
     d001 = ((feature15*(feature15-feature19))*((feature16-feature6)*(feature16+feature17)))    feature_ID:000001

  1D model(y=sum(ci*di)+c0): 
     coeff.(ci)_task001:     0.1389153688E+03
             c0_task001:     0.6255540851E+01
     RMSE,MaxAE_task001:     0.4257765692E+01    0.1072810937E+02

     RMSE and MaxAE of the model:   4.257766 10.728109
--------------------------------------------------------------------------------
Time (second) used for this DI:            1.14

Dimension:   2
-------------------
Feature Construction (FC) starts ...
Total number of features in the space phi00:             20
Total number of features in the space phi01:            686
Total number of features in the space phi02:         208383
Total number of features in the space phi03:     5501339383
Size of the SIS-selected subspace from phi03:      10000
Time (second) used for this FC:         1087.87

Descriptor Identification (DI) starts ...
Total number of SIS-selected features from all dimensions:      20000
 
Final model/descriptor !
================================================================================
  2D descriptor: 
     d001 = ((feature16+(feature17+feature19))*((feature12*feature15)*(feature15-feature19)))    feature_ID:003973
     d002 = ((feature14+(feature12+feature14))*((feature14-feature18)*(feature17-feature20)))    feature_ID:010053

  2D model(y=sum(ci*di)+c0): 
     coeff.(ci)_task001:     0.5550316162E+02    0.2104724022E+02
             c0_task001:     0.2366825328E+01
     RMSE,MaxAE_task001:     0.2424542057E+01    0.5092238948E+01

     RMSE and MaxAE of the model:   2.424542  5.092239
================================================================================
Time (second) used for this DI:           25.55
Total time (second):         2207.75
Have a nice day !    

