****************************************************************
  Sure Independence Screening and Sparsifying Operator (SISSO)  
             Version SISSO.3.3, July, 2023.                
****************************************************************

Read in data from train.dat
Read in data from SISSO.in
Property type:     1
Number of tasks:        1
Descriptor dimension:        2
Number of samples for the task(s):     36
Restarts :  0
Number of scalar features:       19
Tier of the feature space:        3
Maximal feature complexity (number of operators in a feature):        6
Unit of input primary feature, each represented by a row vector: 
    1.00
    1.00
    1.00
    1.00
    1.00
    1.00
    1.00
    1.00
    1.00
    1.00
    1.00
    1.00
    1.00
    1.00
    1.00
    1.00
    1.00
    1.00
    1.00
The feature will be discarded if the minimum of the maximal abs. value in it <    0.10000E-02
The faature will be discarded if the maximum of the maximal abs. value in it >     0.10000E+06
Size of the SIS-selected (single) subspace :  10000 10000
Operators for feature construction: (+)(-)(*) (+)(-)(*) (+)(-)(*) 
Method for sparse regression:  L0        
Fitting intercept:      T
Metric for model selection: RMSE
Number of the top-ranked models to output:      100
--------------------------------------------------------------------------------

Dimension:   1
-------------------
Feature Construction (FC) starts ...
Population Standard Deviation (SD) of the task 001:    9.97795
Total number of features in the space phi00:             19
Total number of features in the space phi01:            628
Total number of features in the space phi02:         183077
Total number of features in the space phi03:     4305144017
Size of the SIS-selected subspace from phi03:      10000
Time (second) used for this FC:          842.12

Descriptor Identification (DI) starts ...
Total number of SIS-selected features from all dimensions:      10000
 
  1D descriptor: 
     d001 = (((feature14-feature5)*(feature15-feature5))-(feature19*(feature1+feature18)))    feature_ID:000001

  1D model(y=sum(ci*di)+c0): 
     coeff.(ci)_task001:     0.2273884116E+02
             c0_task001:     0.1976437055E+02
     RMSE,MaxAE_task001:     0.4484379412E+01    0.1656649171E+02

     RMSE and MaxAE of the model:   4.484379 16.566492
--------------------------------------------------------------------------------
Time (second) used for this DI:            0.14

Dimension:   2
-------------------
Feature Construction (FC) starts ...
Total number of features in the space phi00:             19
Total number of features in the space phi01:            628
Total number of features in the space phi02:         183077
Total number of features in the space phi03:     4305144017
Size of the SIS-selected subspace from phi03:      10000
Time (second) used for this FC:          840.54

Descriptor Identification (DI) starts ...
Total number of SIS-selected features from all dimensions:      20000
 
Final model/descriptor !
================================================================================
  2D descriptor: 
     d001 = (((feature1+feature19)-feature11)+((feature6+feature19)+(feature9-feature15)))    feature_ID:002309
     d002 = ((feature14*(feature12-feature15))*((feature12-feature16)*(feature12-feature18)))    feature_ID:011678

  2D model(y=sum(ci*di)+c0): 
     coeff.(ci)_task001:    -0.1236547051E+02   -0.3072073076E+03
             c0_task001:     0.2064951415E+02
     RMSE,MaxAE_task001:     0.3506013201E+01    0.1428502051E+02

     RMSE and MaxAE of the model:   3.506013 14.285021
================================================================================
Time (second) used for this DI:           25.49
Total time (second):         1709.13
Have a nice day !    

