****************************************************************
  Sure Independence Screening and Sparsifying Operator (SISSO)  
             Version SISSO.3.3, July, 2023.                
****************************************************************

Read in data from train.dat
Read in data from SISSO.in
Property type:     1
Number of tasks:        1
Descriptor dimension:        2
Number of samples for the task(s):     36
Restarts :  0
Number of scalar features:       18
Tier of the feature space:        3
Maximal feature complexity (number of operators in a feature):        6
Unit of input primary feature, each represented by a row vector: 
    1.00
    1.00
    1.00
    1.00
    1.00
    1.00
    1.00
    1.00
    1.00
    1.00
    1.00
    1.00
    1.00
    1.00
    1.00
    1.00
    1.00
    1.00
The feature will be discarded if the minimum of the maximal abs. value in it <    0.10000E-02
The faature will be discarded if the maximum of the maximal abs. value in it >     0.10000E+06
Size of the SIS-selected (single) subspace :  10000 10000
Operators for feature construction: (+)(-)(*) (+)(-)(*) (+)(-)(*) 
Method for sparse regression:  L0        
Fitting intercept:      T
Metric for model selection: RMSE
Number of the top-ranked models to output:      100
--------------------------------------------------------------------------------

Dimension:   1
-------------------
Feature Construction (FC) starts ...
Population Standard Deviation (SD) of the task 001:   10.81554
Total number of features in the space phi00:             18
Total number of features in the space phi01:            565
Total number of features in the space phi02:         154205
Total number of features in the space phi03:     3144995948
Size of the SIS-selected subspace from phi03:      10000
Time (second) used for this FC:          534.99

Descriptor Identification (DI) starts ...
Total number of SIS-selected features from all dimensions:      10000
 
  1D descriptor: 
     d001 = (((feature1+feature17)-feature10)+((feature5+feature17)+(feature6-feature10)))    feature_ID:000001

  1D model(y=sum(ci*di)+c0): 
     coeff.(ci)_task001:    -0.1185478302E+02
             c0_task001:     0.1753924318E+02
     RMSE,MaxAE_task001:     0.3833041464E+01    0.9872384702E+01

     RMSE and MaxAE of the model:   3.833041  9.872385
--------------------------------------------------------------------------------
Time (second) used for this DI:            0.64

Dimension:   2
-------------------
Feature Construction (FC) starts ...
Total number of features in the space phi00:             18
Total number of features in the space phi01:            565
Total number of features in the space phi02:         154205
Total number of features in the space phi03:     3144995948
Size of the SIS-selected subspace from phi03:      10000
Time (second) used for this FC:          535.63

Descriptor Identification (DI) starts ...
Total number of SIS-selected features from all dimensions:      20000
 
Final model/descriptor !
================================================================================
  2D descriptor: 
     d001 = (((feature10+feature14)-feature11)*((feature1+feature17)-(feature12+feature15)))    feature_ID:000986
     d002 = (((feature15-feature18)-feature5)*((feature12+feature18)*(feature16-feature18)))    feature_ID:013721

  2D model(y=sum(ci*di)+c0): 
     coeff.(ci)_task001:    -0.2094315478E+02   -0.3380508320E+02
             c0_task001:     0.4766203908E+01
     RMSE,MaxAE_task001:     0.2864515934E+01    0.8636937671E+01

     RMSE and MaxAE of the model:   2.864516  8.636938
================================================================================
Time (second) used for this DI:           25.45
Total time (second):         1097.26
Have a nice day !    

