****************************************************************
  Sure Independence Screening and Sparsifying Operator (SISSO)  
             Version SISSO.3.3, July, 2023.                
****************************************************************

Read in data from train.dat
Read in data from SISSO.in
Property type:     1
Number of tasks:        1
Descriptor dimension:        2
Number of samples for the task(s):     36
Restarts :  0
Number of scalar features:       17
Tier of the feature space:        3
Maximal feature complexity (number of operators in a feature):        6
Unit of input primary feature, each represented by a row vector: 
    1.00
    1.00
    1.00
    1.00
    1.00
    1.00
    1.00
    1.00
    1.00
    1.00
    1.00
    1.00
    1.00
    1.00
    1.00
    1.00
    1.00
The feature will be discarded if the minimum of the maximal abs. value in it <    0.10000E-02
The faature will be discarded if the maximum of the maximal abs. value in it >     0.10000E+06
Size of the SIS-selected (single) subspace :  10000 10000
Operators for feature construction: (+)(-)(*) (+)(-)(*) (+)(-)(*) 
Method for sparse regression:  L0        
Fitting intercept:      T
Metric for model selection: RMSE
Number of the top-ranked models to output:      100
--------------------------------------------------------------------------------

Dimension:   1
-------------------
Feature Construction (FC) starts ...
Population Standard Deviation (SD) of the task 001:   95.81248
Total number of features in the space phi00:             17
Total number of features in the space phi01:            499
Total number of features in the space phi02:         114782
Total number of features in the space phi03:     1912974004
Size of the SIS-selected subspace from phi03:      10000
Time (second) used for this FC:          339.79

Descriptor Identification (DI) starts ...
Total number of SIS-selected features from all dimensions:      10000
 
  1D descriptor: 
     d001 = (((feature15-feature5)*(feature13-feature15))-(feature13*(feature3-feature12)))    feature_ID:000001

  1D model(y=sum(ci*di)+c0): 
     coeff.(ci)_task001:     0.2268688031E+03
             c0_task001:     0.2688991313E+03
     RMSE,MaxAE_task001:     0.3319149635E+02    0.8845761731E+02

     RMSE and MaxAE of the model:  33.191496 88.457617
--------------------------------------------------------------------------------
Time (second) used for this DI:            0.09

Dimension:   2
-------------------
Feature Construction (FC) starts ...
Total number of features in the space phi00:             17
Total number of features in the space phi01:            499
Total number of features in the space phi02:         114782
Total number of features in the space phi03:     1912974004
Size of the SIS-selected subspace from phi03:      10000
Time (second) used for this FC:          339.23

Descriptor Identification (DI) starts ...
Total number of SIS-selected features from all dimensions:      20000
 
Final model/descriptor !
================================================================================
  2D descriptor: 
     d001 = (((feature15+feature16)*(feature16-feature13))-(feature17*(feature10+feature14)))    feature_ID:000352
     d002 = (((feature16-feature17)-feature4)*((feature12-feature13)*(feature15-feature16)))    feature_ID:015832

  2D model(y=sum(ci*di)+c0): 
     coeff.(ci)_task001:    -0.1218395961E+03   -0.2103862880E+04
             c0_task001:     0.2609236921E+03
     RMSE,MaxAE_task001:     0.2078881851E+02    0.4181805476E+02

     RMSE and MaxAE of the model:  20.788819 41.818055
================================================================================
Time (second) used for this DI:           25.70
Total time (second):          705.70
Have a nice day !    

