****************************************************************
  Sure Independence Screening and Sparsifying Operator (SISSO)  
             Version SISSO.3.3, July, 2023.                
****************************************************************

Read in data from train.dat
Read in data from SISSO.in
Property type:     1
Number of tasks:        1
Descriptor dimension:        2
Number of samples for the task(s):     36
Restarts :  0
Number of scalar features:       19
Tier of the feature space:        3
Maximal feature complexity (number of operators in a feature):        6
Unit of input primary feature, each represented by a row vector: 
    1.00
    1.00
    1.00
    1.00
    1.00
    1.00
    1.00
    1.00
    1.00
    1.00
    1.00
    1.00
    1.00
    1.00
    1.00
    1.00
    1.00
    1.00
    1.00
The feature will be discarded if the minimum of the maximal abs. value in it <    0.10000E-02
The faature will be discarded if the maximum of the maximal abs. value in it >     0.10000E+06
Size of the SIS-selected (single) subspace :  10000 10000
Operators for feature construction: (+)(-)(*) (+)(-)(*) (+)(-)(*) 
Method for sparse regression:  L0        
Fitting intercept:      T
Metric for model selection: RMSE
Number of the top-ranked models to output:      100
--------------------------------------------------------------------------------

Dimension:   1
-------------------
Feature Construction (FC) starts ...
Population Standard Deviation (SD) of the task 001:   86.71441
Total number of features in the space phi00:             19
Total number of features in the space phi01:            633
Total number of features in the space phi02:         194234
Total number of features in the space phi03:     4707612954
Size of the SIS-selected subspace from phi03:      10000
Time (second) used for this FC:          894.44

Descriptor Identification (DI) starts ...
Total number of SIS-selected features from all dimensions:      10000
 
  1D descriptor: 
     d001 = (((feature11+feature16)*(feature15-feature16))-(feature19*(feature8-feature10)))    feature_ID:000001

  1D model(y=sum(ci*di)+c0): 
     coeff.(ci)_task001:     0.2088119658E+03
             c0_task001:     0.2640266789E+03
     RMSE,MaxAE_task001:     0.3308170104E+02    0.9062644712E+02

     RMSE and MaxAE of the model:  33.081701 90.626447
--------------------------------------------------------------------------------
Time (second) used for this DI:            0.10

Dimension:   2
-------------------
Feature Construction (FC) starts ...
Total number of features in the space phi00:             19
Total number of features in the space phi01:            633
Total number of features in the space phi02:         194234
Total number of features in the space phi03:     4707612954
Size of the SIS-selected subspace from phi03:      10000
Time (second) used for this FC:          895.61

Descriptor Identification (DI) starts ...
Total number of SIS-selected features from all dimensions:      20000
 
Final model/descriptor !
================================================================================
  2D descriptor: 
     d001 = ((feature19*(feature13+feature14))+((feature10-feature18)*(feature13+feature16)))    feature_ID:000155
     d002 = (((feature1+feature12)-feature15)*((feature17-feature11)-(feature6+feature7)))    feature_ID:015745

  2D model(y=sum(ci*di)+c0): 
     coeff.(ci)_task001:     0.1808794194E+03   -0.1900436545E+03
             c0_task001:     0.2870295783E+03
     RMSE,MaxAE_task001:     0.2332440852E+02    0.4915638538E+02

     RMSE and MaxAE of the model:  23.324409 49.156385
================================================================================
Time (second) used for this DI:           25.44
Total time (second):         1816.63
Have a nice day !    

