16
 energy: -38.864288853964 gnorm: 0.153346075028 xtb: 6.5.1 (b24c23e)
c           -1.57200716913816        0.13854977438574        1.56971487131862
c           -2.24259161428072        0.01981238693015        0.21506364011855
cl          -3.29310415028788        1.43920821711255       -0.07374859104252
cl          -1.00527525760092       -0.05967452254366       -1.07500164918079
cl          -3.24089660905869       -1.46370602802751        0.15485644859716
h           -0.96113917240722        1.05449518560593        1.59836306791053
h           -0.92692886663501       -0.73787643942271        1.73846557609550
h           -2.34036222475429        0.18546159998365        2.35723729264721
c            2.46651689462048       -0.12210357712409        1.87845477830867
c            2.39382782501967       -0.01703449200527        0.36767794834109
cl           2.33738689510586        1.70251201448739       -0.12372950926048
cl           3.83229327511021       -0.78518053417715       -0.36875353708568
cl           0.92365768089944       -0.84136047103987       -0.23256058227076
h            3.37306107253625        0.38875611818118        2.23921950791886
h            2.50207920770936       -1.18304279194427        2.17172738066491
h            1.57721235014447        0.35159810771916        2.32301920096687
16
 energy: -38.912112840578 gnorm: 0.030811971770 xtb: 6.5.1 (b24c23e)
c           -1.57427702211987        0.14006601497875        1.56255062846236
c           -2.28923585270323        0.03041458419416        0.23027037877419
cl          -3.32632495774663        1.44894778500431       -0.05745416939355
cl          -1.22656300855987       -0.00775352699937       -1.20207524524893
cl          -3.25844041855843       -1.46397917166035        0.16028231243428
h           -0.96787340253176        1.04839065636425        1.59346613635410
h           -0.93599370738427       -0.73056339337356        1.73243147265515
h           -2.32630957906448        0.18591278162827        2.35369076578263
c            2.48621776739756       -0.11971298989302        1.90019625900675
c            2.47165445689061       -0.01998949124385        0.40075594032159
cl           2.33816007093989        1.68507655989603       -0.12687057439004
cl           3.88455665519201       -0.78002148236357       -0.36828480706851
cl           1.06872913526177       -0.90961372984822       -0.20233369707499
h            3.37654741566771        0.38921847585898        2.26268431295794
h            2.51135099578015       -1.17388250885713        2.18078255654257
h            1.59153158852171        0.34790398443552        2.31991357393221
16
 energy: -38.919085018624 gnorm: 0.020078484739 xtb: 6.5.1 (b24c23e)
c           -1.58370206128989        0.14503748881605        1.52403060667380
c           -2.32539840309549        0.04763307205643        0.20775930782000
cl          -3.40849301889571        1.45588356054651        0.03017444151128
cl          -1.27404668463759        0.02039812630800       -1.23331419596896
cl          -3.29860766384106       -1.44529723612967        0.19595845180955
h           -0.97614166115123        1.04755600117460        1.55146004964589
h           -0.94948892848616       -0.72660246036192        1.67555865670185
h           -2.31602756124876        0.18810776027912        2.33032991047074
c            2.51734749070739       -0.12164246526999        1.90630048603972
c            2.48092391894131       -0.04968306200021        0.40186744767166
cl           2.33699643088948        1.65156082284934       -0.13011142493517
cl           3.95739515641538       -0.73293809542327       -0.32114113417866
cl           1.10357006637739       -0.98136940681701       -0.21196208877168
h            3.39268662432991        0.39573447252253        2.28963161858716
h            2.54645476895090       -1.16536192959562        2.21032431903717
h            1.62026166301699        0.34139789916631        2.31313939193341
16
 energy: -38.923152032955 gnorm: 0.012188552756 xtb: 6.5.1 (b24c23e)
c           -1.59019666983811        0.15366284958703        1.49894645913041
c           -2.37421647279821        0.06430029313343        0.20915858728248
cl          -3.48602626735090        1.45757690198798        0.07989466915307
cl          -1.32703138492259        0.07597969246526       -1.22420295367717
cl          -3.33893605843351       -1.43204777380192        0.19444767428251
h           -0.98010827852619        1.05219119815998        1.50744980947184
h           -0.95599257116721       -0.72117933166719        1.61569263252858
h           -2.29721429486069        0.19307887782718        2.32603645088050
c            2.53997194633823       -0.12805922140585        1.91692602533631
c            2.50560709296309       -0.07320508243557        0.40806503673187
cl           2.30046534259023        1.61622097146986       -0.14680828600872
cl           4.02745280956363       -0.69962292154844       -0.28219836208775
cl           1.16896191365969       -1.06119241992575       -0.22079540832011
h            3.40546704642971        0.40497999544978        2.29913161042854
h            2.58600321659077       -1.16369330610020        2.24338687688149
h            1.63952276674494        0.33142382492563        2.31487502203390
16
 energy: -38.925075327761 gnorm: 0.008352647158 xtb: 6.5.1 (b24c23e)
c           -1.60099810084796        0.16275030229723        1.48329686165294
c           -2.41324085382252        0.08364933619672        0.21234389409885
cl          -3.55139248084323        1.45983477656927        0.11789005869409
cl          -1.37089388029411        0.12876412830275       -1.21724718163875
cl          -3.36157044234869       -1.42158896428855        0.18255204354253
h           -0.98972214647173        1.06103417180644        1.46941676009801
h           -0.95881766588493       -0.71233232749774        1.56120382165426
h           -2.27510869511109        0.19503954191582        2.33945445594796
c            2.55432158332583       -0.13284704622041        1.92769997905859
c            2.53095025700250       -0.09655978402810        0.41760459375618
cl           2.26166738600265        1.57636772465401       -0.16104627789392
cl           4.08324220797226       -0.67537177201376       -0.25189750165088
cl           1.23441722826873       -1.13422887897824       -0.22530842357979
h            3.41268482048815        0.42297467846333        2.29787392161797
h            2.62345168610644       -1.16361499226696        2.26763462068558
h            1.64473923344054        0.31654365320943        2.31853421800413
16
 energy: -38.925883657453 gnorm: 0.005732684034 xtb: 6.5.1 (b24c23e)
c           -1.60702120689500        0.17200926328315        1.47180741164229
c           -2.44039619438998        0.09784256918366        0.21524864885471
cl          -3.59576672856740        1.46057409571905        0.14638599629119
cl          -1.40983059129622        0.17626666210934       -1.22267515276531
cl          -3.37212425206131       -1.41792907127294        0.16932692776725
h           -1.00131270716624        1.07472238319865        1.44870893206391
h           -0.95634823739779       -0.69918452652251        1.52386107190056
h           -2.25716368437506        0.19216331552022        2.34475279614681
c            2.56607113627808       -0.13718985665402        1.93413650009477
c            2.54727604207522       -0.11500819292137        0.42503821208361
cl           2.23307920690348        1.54078214339606       -0.17212814398443
cl           4.11665620199011       -0.65844625107812       -0.23006040672141
cl           1.28115450883637       -1.19225521030009       -0.21634577255966
h            3.41341452759527        0.44336509353892        2.29573598025343
h            2.65975263817585       -1.16284535244064        2.28545593079997
h            1.64628947727751        0.29554748336189        2.32075691218007
16
 energy: -38.926310062271 gnorm: 0.004016324178 xtb: 6.5.1 (b24c23e)
c           -1.60959509459485        0.18143875132930        1.45979389312726
c           -2.45982735271833        0.11342130825741        0.21487696698985
cl          -3.63155055954042        1.46256825711397        0.17544550360403
cl          -1.44623385675295        0.21883635148292       -1.23849841379434
cl          -3.37295176935383       -1.41415224452656        0.15909592903289
h           -1.01492442712216        1.09187088405364        1.43712521806322
h           -0.94791802809878       -0.68252794548548        1.49097604908497
h           -2.24311358583415        0.18402252052817        2.34336475953950
c            2.57694533656637       -0.14072323381715        1.94019560405189
c            2.55984210756098       -0.13318584558275        0.43157931703286
cl           2.20317218120928        1.50474323999988       -0.18259130527116
cl           4.13922786798176       -0.64581845287240       -0.21627639222171
cl           1.31811450211959       -1.24534842001595       -0.19682861028298
h            3.40821746051546        0.46697858145932        2.29667986667161
h            2.69972151016204       -1.16047469253220        2.30129553517475
h            1.64460384488286        0.26876548872915        2.32377192324511
16
 energy: -38.926548844311 gnorm: 0.003496227928 xtb: 6.5.1 (b24c23e)
c           -1.60900134872481        0.19220895969677        1.44645810065628
c           -2.47543372689936        0.12843266507606        0.21275638616123
cl          -3.65666008193942        1.46615063521233        0.20037571168582
cl          -1.48050760570136        0.25589411868797       -1.25643871594068
cl          -3.37311023481135       -1.40812196309677        0.15157868038602
h           -1.02783873493676        1.11191148834819        1.43060630604333
h           -0.93445909510243       -0.66254752326466        1.45750270985586
h           -2.23107192749984        0.17242664643223        2.33799436263743
c            2.58815638276108       -0.14467571430699        1.94701896095061
c            2.56673397657564       -0.15106593461555        0.43847697547789
cl           2.16703399633576        1.46971521179493       -0.19045241963720
cl           4.15501385071207       -0.63025242184299       -0.20841683620972
cl           1.34825434374379       -1.30085057787447       -0.17083020298263
h            3.39945274579521        0.49271692266760        2.29844046190546
h            2.74461705046243       -1.15758653475428        2.31586099081566
h            1.64255054621222        0.23605856996092        2.32907437224240
16
 energy: -38.926690730598 gnorm: 0.003252937309 xtb: 6.5.1 (b24c23e)
c           -1.60576799908043        0.20284795527455        1.43122601384853
c           -2.48716395251938        0.14356144093807        0.20781851474396
cl          -3.67671033487880        1.47016875808187        0.22291429423878
cl          -1.51090664532397        0.28767846329468       -1.27543343248695
cl          -3.37165176215305       -1.40010158131185        0.14731751889891
h           -1.04061242174037        1.13292790054375        1.42521072358168
h           -0.91664824045685       -0.64052890513103        1.42246612719974
h           -2.21918151188920        0.15798148273651        2.32892586275278
c            2.59910586889934       -0.14885208919250        1.95595478885066
c            2.56955318777908       -0.16845681382676        0.44745290829457
cl           2.12540983458450        1.43528998352058       -0.19505675924538
cl           4.16225096765845       -0.61548666928272       -0.20748436283053
cl           1.37279404653992       -1.35278371436708       -0.14084696363133
h            3.38943856546247        0.51809081724235        2.29886577927630
h            2.79125387991468       -1.15352903184216        2.33114413150135
h            1.64256665418648        0.20160655144302        2.33953069905466
16
 energy: -38.926783823874 gnorm: 0.003293063787 xtb: 6.5.1 (b24c23e)
c           -1.60042980328297        0.21353345716668        1.41583737380887
c           -2.49546424090175        0.15679316730771        0.20192163973644
cl          -3.69019743721340        1.47423359560105        0.24026895134617
cl          -1.53756462183206        0.31423099402148       -1.29291580843031
cl          -3.36992807830208       -1.39201195857721        0.14313993898118
h           -1.05103403338850        1.15310196447043        1.41987087325787
h           -0.89761548787098       -0.61777299956123        1.38822440673097
h           -2.20599407899019        0.14471729216716        2.31807251931639
c            2.60983948202414       -0.15324493774541        1.96516537466816
c            2.56655329645447       -0.18540096321178        0.45702982725280
cl           2.07953701312207        1.40306865996405       -0.19267231024519
cl           4.16254709717699       -0.60014382340554       -0.21077067044310
cl           1.39009849259912       -1.40167704315052       -0.10892121673343
h            3.37967239120512        0.54232784038688        2.29610797196219
h            2.83840420716881       -1.14833297932200        2.34559862903570
h            1.64530593901407        0.16699228200959        2.35404834380300
16
 energy: -38.926868898332 gnorm: 0.003177727655 xtb: 6.5.1 (b24c23e)
c           -1.59195559820844        0.22482718728008        1.39764986001455
c           -2.50093790621272        0.17009448556003        0.19343310093604
cl          -3.70343395268773        1.47771177079342        0.25716979359241
cl          -1.56266713637296        0.34145869502294       -1.31210534993170
cl          -3.36471551081867       -1.38489783128066        0.13848470871640
h           -1.05967724853388        1.17401910323012        1.41101342973096
h           -0.87463751215337       -0.59268610876131        1.34965535713381
h           -2.18765033789592        0.13150373616764        2.30482604935735
c            2.62114946737610       -0.15799987627961        1.97691871568943
c            2.55771999532242       -0.20298525117542        0.46956875038702
cl           2.02586410000709        1.36881788217681       -0.18535613879241
cl           4.15209597441690       -0.58676945901878       -0.21917266964184
cl           1.40183719806788       -1.44889713683201       -0.07132137652503
h            3.36940139997217        0.56725528346017        2.29108570606334
h            2.89006645101882       -1.14096117287572        2.36185363418642
h            1.65127075368519        0.12992324065364        2.37630227313095
16
 energy: -38.926963382268 gnorm: 0.003382792752 xtb: 6.5.1 (b24c23e)
c           -1.57852009865883        0.23945424259231        1.37525176873383
c           -2.50311605567952        0.18499460542926        0.18265488725645
cl          -3.71495094312741        1.48141891075797        0.27248009048442
cl          -1.58862085703139        0.37226580508054       -1.33350886227074
cl          -3.35593092017344       -1.37665151093871        0.13037804419884
h           -1.06471601002451        1.19818635267535        1.39683832720610
h           -0.84657755357772       -0.56215667923913        1.30388108107854
h           -2.16030550016267        0.12066251027893        2.28786338193795
c            2.63419573862237       -0.16442485240877        1.99132370614481
c            2.53956062035706       -0.22450005015587        0.48551562147036
cl           1.94989112202983        1.32803980921003       -0.16877295307511
cl           4.13228123670366       -0.56806392701095       -0.23327602012941
cl           1.40872376385779       -1.50757135604508       -0.02115544740545
h            3.35597256577825        0.59690774816641        2.28211407927514
h            2.95527709262802       -1.13104339288594        2.37885577423501
h            1.66056593544138        0.08289633261506        2.40956236490689
16
 energy: -38.927066044944 gnorm: 0.003049863940 xtb: 6.5.1 (b24c23e)
c           -1.55827568320280        0.25490744215647        1.34903731558176
c           -2.49831712730234        0.19701004996110        0.16868003025787
cl          -3.72414811774806        1.48046021341084        0.28318847905587
cl          -1.60972398435710        0.40342480302732       -1.35687141477919
cl          -3.33778100984167       -1.37374204346618        0.12112292482151
h           -1.06386340432618        1.22302179457958        1.37557637943887
h           -0.81138001137143       -0.52896146355743        1.25400588743620
h           -2.12273830068172        0.11163864954169        2.26788034664350
c            2.64631431747822       -0.17018606591365        2.00905950188209
c            2.50890698042841       -0.24482656890608        0.50647447099085
cl           1.86614236290636        1.28647274293632       -0.14034280626056
cl           4.08798961958031       -0.55506555306097       -0.25770871873658
cl           1.40115697448923       -1.55713026295183        0.03899867615322
h            3.34223545802682        0.62077645779451        2.27069928756260
h            3.01866741965196       -1.11613388136849        2.39319724418218
h            1.67854464325287        0.03874823393824        2.45700823981739
16
 energy: -38.926994534162 gnorm: 0.008592792193 xtb: 6.5.1 (b24c23e)
c           -1.53495917158159        0.27643445245812        1.31694676575450
c           -2.49520916192697        0.21698321611735        0.15293582430336
cl          -3.74021476086206        1.48324974927079        0.30133990052130
cl          -1.63732169840052        0.44938674641330       -1.38504014180328
cl          -3.31523124988278       -1.36619203346982        0.10604741582282
h           -1.06315043947366        1.25648972323799        1.34829405709527
h           -0.76984332523487       -0.48797454755429        1.19075969263315
h           -2.07570990108792        0.10270832922588        2.24645391191090
c            2.66164358507602       -0.17971969619509        2.02979640032828
c            2.47418410764834       -0.27416122826823        0.53177776067013
cl           1.75071857952673        1.22888928585524       -0.11055270246875
cl           4.04433768094390       -0.53329184567466       -0.28071976067557
cl           1.40120148934931       -1.63658164750315        0.11317711301990
h            3.31927021653195        0.66386540482599        2.25805034899507
h            3.11188888812927       -1.10230244645911        2.41090979881953
h            1.69212529822770       -0.02736891415883        2.50982945912091
16
 energy: -38.927126904659 gnorm: 0.002714202476 xtb: 6.5.1 (b24c23e)
c           -1.54294845438915        0.26667402937164        1.33321718289188
c           -2.49035225684261        0.20537232237654        0.16072852156647
cl          -3.72819472279409        1.47944290526109        0.28751721296430
cl          -1.61520096866122        0.42524741286454       -1.36815411886818
cl          -3.31858411739112       -1.37224035652778        0.11002384432229
h           -1.05655566847348        1.23862770976640        1.35828786078006
h           -0.79087835478454       -0.50968244521943        1.22652077412865
h           -2.09394243536080        0.11415636853997        2.25699172960485
c            2.65179991803960       -0.17514907099096        2.01841946738129
c            2.48356316413433       -0.25846205944859        0.52045888810973
cl           1.79739725763971        1.25874074301265       -0.11711753820248
cl           4.05493768075645       -0.54434309303831       -0.27276908912934
cl           1.39313145769656       -1.59690926514027        0.08080798533218
h            3.32869362855171        0.63935440005538        2.26376903667211
h            3.06241304162835       -1.10859255943667        2.39385783201017
h            1.68845096723315        0.00817750667528        2.48744625448355
16
 energy: -38.927141017688 gnorm: 0.001569134907 xtb: 6.5.1 (b24c23e)
c           -1.54000509538947        0.26849751659586        1.33152380330649
c           -2.48816389106237        0.20596103850744        0.15977668745785
cl          -3.72925211921359        1.47768623731230        0.28656077566045
cl          -1.61341155836821        0.43034562240707       -1.36963554894295
cl          -3.31282237328318       -1.37353746933077        0.10787832563376
h           -1.05435427644398        1.24148345659886        1.35493183780586
h           -0.78625211253886       -0.50777236358509        1.22363222969017
h           -2.08921373427010        0.11497560156979        2.25725226698152
c            2.65116504186836       -0.17567686925787        2.01984044532325
c            2.47829609518555       -0.26013844612229        0.52281853353762
cl           1.78969763128111        1.25407928094382       -0.11491830014051
cl           4.04651304503895       -0.54367913132447       -0.27602569795310
cl           1.38879293550959       -1.59937308728977        0.08616010766500
h            3.32622425943994        0.64119781144088        2.26304750421063
h            3.06779602994389       -1.10770446601302        2.39420897276851
h            1.68872025928522        0.00406981566874        2.49295390104299
16
 energy: -38.927167372511 gnorm: 0.002843899256 xtb: 6.5.1 (b24c23e)
c           -1.52621676872511        0.27834311889706        1.32364690564016
c           -2.47411124574542        0.20995629436264        0.15397032081748
cl          -3.72714275109152        1.47230851536629        0.28071642378862
cl          -1.60018041240018        0.44932259094032       -1.37483892450697
cl          -3.28535632975626       -1.37554937276881        0.09544885307436
h           -1.03963165156699        1.25178743648710        1.34136965122676
h           -0.77270825458033       -0.49918820961809        1.21800084203673
h           -2.07074149791661        0.12789213192286        2.25179944852211
c            2.65074411155148       -0.18009475989475        2.02562987861696
c            2.45201387623870       -0.26782097720517        0.53303422006874
cl           1.73020514065834        1.23306141968215       -0.10039777582348
cl           4.00982635448422       -0.53009700588523       -0.29542027823630
cl           1.37247513047533       -1.62472761063021        0.11727032991233
h            3.31558877797342        0.64879019324616        2.25723072318580
h            3.09495112976960       -1.10389132295719        2.39223190702749
h            1.69401452761420       -0.01967789382364        2.52031331869671
16
 energy: -38.927186668511 gnorm: 0.002302944816 xtb: 6.5.1 (b24c23e)
c           -1.52683051844511        0.27766081417104        1.32793986954515
c           -2.47032133710681        0.20895089434854        0.15470928214716
cl          -3.72344062327692        1.47134661260631        0.27621062629915
cl          -1.58966763258050        0.44639496421063       -1.37082975051050
cl          -3.28012036844338       -1.37628557265827        0.09330420787487
h           -1.03552809510471        1.24865137781688        1.34375367564164
h           -0.77639764980147       -0.50413295466999        1.22896596404906
h           -2.07596225584160        0.13374613466870        2.25468847225974
c            2.64824514850983       -0.18020594943977        2.02301622879501
c            2.45054941366350       -0.26610412452859        0.53050014105416
cl           1.73104799848076        1.23624372432186       -0.09914656304313
cl           4.00754974953835       -0.52990288395591       -0.29651649531271
cl           1.36910474341028       -1.62116426340418        0.11234771109908
h            3.31539425443721        0.64748553003884        2.25627709835948
h            3.08792904081123       -1.10561735184054        2.38889898085407
h            1.69217826873222       -0.01665240356405        2.51588639493529
16
 energy: -38.927232273455 gnorm: 0.002346017341 xtb: 6.5.1 (b24c23e)
c           -1.53027995658350        0.27615505141277        1.34548470293752
c           -2.45463362450049        0.20441722904400        0.15653789647033
cl          -3.70636514458384        1.46720221813169        0.25560078438996
cl          -1.54696437824873        0.43414607086638       -1.35591067471508
cl          -3.26103310300663       -1.37900010950214        0.08694698223732
h           -1.02148380299675        1.23805574989159        1.35491973514406
h           -0.79216107398895       -0.52145113759291        1.27537437572211
h           -2.10110312571559        0.15830176751697        2.26399099005423
c            2.63943834436469       -0.18091287186605        2.01347634436982
c            2.44532050072808       -0.25881601733637        0.52008088953412
cl           1.72968901552423        1.24870164087390       -0.09703643817765
cl           4.00023387292615       -0.52380903202287       -0.30451647889948
cl           1.35765735609497       -1.60847737948323        0.09371615223271
h            3.31639619417681        0.63698989596785        2.25265427856755
h            3.06439991500733       -1.11310035138608        2.37667576001183
h            1.68461914778509       -0.00798817639400        2.50201054416818
16
 energy: -38.927255618060 gnorm: 0.002665177326 xtb: 6.5.1 (b24c23e)
c           -1.53256164816946        0.27656978422437        1.35888885667936
c           -2.44037986859799        0.20077522432990        0.15669483495814
cl          -3.69137287890708        1.46371852750657        0.23609675571037
cl          -1.51221032435250        0.42453153606418       -1.34479911552861
cl          -3.24527713801775       -1.38205995296404        0.08215790743262
h           -1.01148583498578        1.23160956325394        1.36409447511458
h           -0.80457965777860       -0.53160755253009        1.31266485276339
h           -2.12112794750812        0.17949985564894        2.26879230861290
c            2.63407820773060       -0.18352069562143        2.00747912245220
c            2.43832762047911       -0.25381569689621        0.51339347833303
cl           1.72295593017491        1.25683887088982       -0.09416569243943
cl           3.99061376048926       -0.51597936899543       -0.31557529892738
cl           1.34743474658674       -1.59937477185399        0.08229896809267
h            3.31602885570036        0.63034447008098        2.24876794028325
h            3.05337165734162       -1.12013253377782        2.36700008356244
h            1.67991465679756       -0.00698271123815        2.49621636694801
16
 energy: -38.927277991221 gnorm: 0.002384399259 xtb: 6.5.1 (b24c23e)
c           -1.53515757112508        0.27912002264329        1.37276572582596
c           -2.42437396920795        0.19770009785550        0.15588673445634
cl          -3.67571444854669        1.46050473691528        0.21135409460233
cl          -1.47455832002023        0.41311976366219       -1.33244706145420
cl          -3.22851596983888       -1.38610315944043        0.07782817683191
h           -1.00463694929365        1.22882801530706        1.37419647980362
h           -0.81507692338949       -0.53718990548755        1.34932814095444
h           -2.14150818425248        0.20064613995697        2.27366520099927
c            2.63010336345157       -0.18779718754469        2.00174174069525
c            2.42848510116180       -0.24897461252296        0.50702915430819
cl           1.70915155990513        1.26507473189212       -0.08962419248605
cl           3.97898472751324       -0.50461107152611       -0.32940517440793
cl           1.33687301216754       -1.59357842846383        0.07355157136218
h            3.31597571234288        0.62084441420692        2.24428545034362
h            3.04577854588869       -1.12811679080602        2.35529271171812
h            1.67792045022648       -0.00905221852623        2.49455709049449
16
 energy: -38.927293483433 gnorm: 0.001378677865 xtb: 6.5.1 (b24c23e)
c           -1.53662119565214        0.27960061355326        1.37458657483924
c           -2.42367155671539        0.19686157221712        0.15634741831840
cl          -3.67345447604660        1.46279615044751        0.20446919909443
cl          -1.47063456949359        0.40920202408532       -1.33036518939657
cl          -3.23234610440691       -1.38595215836420        0.07944541388911
h           -1.00793085323641        1.23028757207731        1.37718903034316
h           -0.81539583761820       -0.53473734437923        1.35055471643570
h           -2.14261580786009        0.19928089535508        2.27454164601762
c            2.63051539381060       -0.18875498110387        2.00121622673903
c            2.42730108540807       -0.24843988639728        0.50669229044990
cl           1.70933652651626        1.26659308185074       -0.08978126968228
cl           3.97789789915428       -0.50217254964138       -0.33033384564295
cl           1.33845682324875       -1.59414938967898        0.07237942030483
h            3.31537153955708        0.62062291236701        2.24383187785628
h            3.04891441568270       -1.12883571090058        2.35313717864575
h            1.67860685463448       -0.01178825336632        2.49609515583590
16
 energy: -38.927316134055 gnorm: 0.002241168041 xtb: 6.5.1 (b24c23e)
c           -1.54330914769907        0.28142477955512        1.38131577464290
c           -2.42032989079404        0.19560762484095        0.15673848222805
cl          -3.66352867819769        1.47358537360747        0.17889032196871
cl          -1.45283207705783        0.38707053059111       -1.32325207871102
cl          -3.24554738585624       -1.38305108039415        0.08712379975586
h           -1.02220695723492        1.23637139862820        1.38928508610441
h           -0.81636621557154       -0.52605799804099        1.35648542391758
h           -2.15152188868449        0.19370021015921        2.27699504656363
c            2.63331017152371       -0.19238600463016        1.99864086740868
c            2.42543493804723       -0.24681720413138        0.50471587643599
cl           1.70594563755561        1.27064964024295       -0.08578109919673
cl           3.97653487565270       -0.49246336869902       -0.33595274077690
cl           1.34116099229643       -1.59205871150512        0.06812087288862
h            3.31321955210317        0.62061443243458        2.24260110856277
h            3.06154717187815       -1.13130082989073        2.34388088501911
h            1.68221903902171       -0.02447424464655        2.50019821723589
16
 energy: -38.927325414799 gnorm: 0.001712736217 xtb: 6.5.1 (b24c23e)
c           -1.54514205067909        0.28216922772886        1.38248124781554
c           -2.41935856798294        0.19522291614722        0.15612507320526
cl          -3.65966024269913        1.47600099384321        0.17343715578024
cl          -1.44917312125901        0.37988939142506       -1.32237976347100
cl          -3.24795303399719       -1.38171680124933        0.08889356791736
h           -1.02561689812618        1.23802433770164        1.39214738334004
h           -0.81649538461586       -0.52442380230314        1.35952809951201
h           -2.15608503501139        0.19311472266012        2.27678259337468
c            2.63487866107214       -0.19336746889854        1.99815190144369
c            2.42541370444322       -0.24618173190931        0.50438421019946
cl           1.70414639906137        1.27183542940056       -0.08288932692648
cl           3.97592147437011       -0.49017880972114       -0.33840380928134
cl           1.34088707946016       -1.59054187593449        0.06695757189925
h            3.31332234557216        0.62073219141607        2.24271288107505
h            3.06472734344409       -1.13188888335176        2.34182572810286
h            1.68391746393043       -0.02827528883353        2.50025133006092
16
 energy: -38.927344659048 gnorm: 0.001569618670 xtb: 6.5.1 (b24c23e)
c           -1.55502067577073        0.28570939734353        1.38785943700297
c           -2.41542598333645        0.19285695595116        0.15232439812729
cl          -3.64009049367990        1.48756756051374        0.14477858386111
cl          -1.43054622042929        0.34440190316976       -1.31774190195263
cl          -3.26015250902722       -1.37508739386619        0.09870340976044
h           -1.04195748187702        1.24498952193683        1.40490396876102
h           -0.81955626212556       -0.51719531928986        1.37667275484474
h           -2.17906543581222        0.19252888544026        2.27512853704801
c            2.64305712309327       -0.19885817580026        1.99586491385133
c            2.42552568205722       -0.24239985478288        0.50278818383007
cl           1.69597260662065        1.27899031900299       -0.06697897829716
cl           3.97205900565005       -0.47699898903198       -0.35198926582823
cl           1.33939196951097       -1.58332866403845        0.06213178184229
h            3.31444770098808        0.62043630795377        2.24296174999405
h            3.08217203235161       -1.13552858864561        2.33065445830894
h            1.69291907876941       -0.04766931773531        2.50194381289329
16
 energy: -38.927351685787 gnorm: 0.000943541251 xtb: 6.5.1 (b24c23e)
c           -1.55720992937446        0.28603232537467        1.38922104052400
c           -2.41531298356685        0.19177066430154        0.15198679306571
cl          -3.63662775031245        1.48922308834857        0.13665577278767
cl          -1.42647007635493        0.33762036255976       -1.31596963278355
cl          -3.26370835732197       -1.37391044624432        0.10003720803472
h           -1.04292930893433        1.24449268240641        1.40509459961345
h           -0.82339689829449       -0.51769330667620        1.38077103904318
h           -2.18229170825454        0.19557083714083        2.27534427980250
c            2.64529458267832       -0.20017880846716        1.99564115558686
c            2.42486666473467       -0.24055590177202        0.50290441741273
cl           1.69421574978727        1.28157583110266       -0.06299852626508
cl           3.96961432339899       -0.47284800223643       -0.35518449982857
cl           1.33881071614969       -1.58166832618019        0.06160572664507
h            3.31600963694149        0.61938872605722        2.24330709512945
h            3.08691209950866       -1.13700027240746        2.32720556722237
h            1.69595337619780       -0.05140490518641        2.50438380805702
16
 energy: -38.927364549160 gnorm: 0.000629540968 xtb: 6.5.1 (b24c23e)
c           -1.56254528394762        0.28631780404490        1.39110074282167
c           -2.41628302136224        0.18908194178549        0.15048386026679
cl          -3.63008168334116        1.49219032429908        0.12059892292172
cl          -1.41747239107590        0.32351220513945       -1.31266080592030
cl          -3.27128701695283       -1.37221298823612        0.10327480015844
h           -1.04158045478227        1.24109932120347        1.40120695128107
h           -0.83520361734665       -0.52218670621093        1.39057744049098
h           -2.19039375771792        0.20708952299042        2.27521584347618
c            2.65124361085318       -0.20327404438237        1.99535137869925
c            2.42381654891314       -0.23560081471479        0.50354354897513
cl           1.68975846500846        1.28810307893678       -0.05170049869356
cl           3.96381271967942       -0.46226714330562       -0.36278668819760
cl           1.33687345671092       -1.57732014280775        0.06178397508510
h            3.32151364346843        0.61608629653311        2.24447693855712
h            3.09735292963193       -1.14106137692307        2.31897484369615
h            1.70420598924398       -0.05914273023057        2.51056459042937
16
 energy: -38.927376787006 gnorm: 0.001159485582 xtb: 6.5.1 (b24c23e)
c           -1.56960318332725        0.28711857942866        1.39379301769917
c           -2.41687162843148        0.18571121148461        0.14854575984068
cl          -3.62095188361238        1.49665968288729        0.09824145972419
cl          -1.40762579423132        0.30192450982864       -1.31011954574938
cl          -3.28207074468042       -1.36946244386297        0.10684280011922
h           -1.03952628650780        1.23702049694509        1.39726787957401
h           -0.85014733702871       -0.52816539252257        1.40551361056190
h           -2.20323591239572        0.22292934877405        2.27480339674971
c            2.66020653741322       -0.20763289093329        1.99529513720636
c            2.42277290300113       -0.22914069377323        0.50477878737615
cl           1.68283470257978        1.29665786178712       -0.03509159235747
cl           3.95615111056490       -0.44764264671735       -0.37389705029488
cl           1.33446730860412       -1.57038051117707        0.06087586596248
h            3.32968792812089        0.61177513290758        2.24647718706472
h            3.11152734389445       -1.14668341612290        2.30850011971066
h            1.71611507301948       -0.07027428081217        2.51817901085997
16
 energy: -38.927389762881 gnorm: 0.001212730574 xtb: 6.5.1 (b24c23e)
c           -1.57818677812101        0.28793480490100        1.39525227775693
c           -2.41758056611535        0.18161209541956        0.14524658856289
cl          -3.60934215633555        1.50286309249046        0.07444584335988
cl          -1.39661218661189        0.27569689624166       -1.30809705278331
cl          -3.29564616894945       -1.36656874317655        0.11268144164046
h           -1.03638688096788        1.23134367678214        1.39125158649834
h           -0.86866158636636       -0.53600906658989        1.42259634707382
h           -2.21928513603285        0.24240090186651        2.27238814879092
c            2.67133855381273       -0.21286781183524        1.99522913927894
c            2.42167359204894       -0.22168386845416        0.50653412376526
cl           1.67387011390811        1.30715875845948       -0.01306590342176
cl           3.94765679070758       -0.42933409647576       -0.38701298372595
cl           1.33170471541664       -1.56183218994132        0.06104489763105
h            3.34032328821480        0.60631569861024        2.24849584665025
h            3.12786399799964       -1.15337306985058        2.29626948233777
h            1.73100054437480       -0.08324253032608        2.52674606063201
16
 energy: -38.927401430919 gnorm: 0.001268192300 xtb: 6.5.1 (b24c23e)
c           -1.58817888899290        0.28837571661978        1.39586249542312
c           -2.41841086021565        0.17699797575350        0.14079862991531
cl          -3.59489880268797        1.51083949986553        0.04546421173411
cl          -1.38676635985357        0.24159369385402       -1.30721333106802
cl          -3.31401789625187       -1.36169338809789        0.11903301570552
h           -1.03034850514777        1.22260476183921        1.38254559355258
h           -0.89210667227116       -0.54700834694599        1.44334358701584
h           -2.23863767330729        0.26736153116013        2.26800377523636
c            2.68630206403522       -0.21925320314772        1.99599629848565
c            2.41995819781359       -0.21248729915543        0.51012702250135
cl           1.66135841711507        1.31982297625795        0.01650943116173
cl           3.93592344895788       -0.40522327593328       -0.40417839007947
cl           1.32828646516406       -1.55023473235661        0.06250283296073
h            3.35569232313203        0.59908678205005        2.25110227673092
h            3.14822009318188       -1.16176033714440        2.28154124672275
h            1.75135478631138       -0.09860780649736        2.53856714804900
16
 energy: -38.927407440656 gnorm: 0.000954665114 xtb: 6.5.1 (b24c23e)
c           -1.59243324313177        0.28819202388221        1.39427698206010
c           -2.41955445203811        0.17507850315341        0.13781749814111
cl          -3.58842251565637        1.51516605473665        0.03452214856435
cl          -1.38526567582750        0.22667929010835       -1.30786720704572
cl          -3.32429297859116       -1.35897533417426        0.12181959871752
h           -1.02743986068225        1.21790076906716        1.37773079746431
h           -0.90253081797641       -0.55164785970093        1.44933614885508
h           -2.24574456249968        0.27712722826329        2.26433194787001
c            2.69419905647381       -0.22179122785295        1.99681434460149
c            2.41856275428049       -0.20881972579752        0.51287327563590
cl           1.65456679361181        1.32496346809934        0.03167282970921
cl           3.92999646931413       -0.39403054482974       -0.41119773044740
cl           1.32699767141640       -1.54557139728391        0.06581273703390
h            3.36466328214587        0.59582598984577        2.25160591962820
h            3.15795586495939       -1.16521860770573        2.27535353883494
h            1.76247235118427       -0.10446408168963        2.54510301442446
16
 energy: -38.927412910889 gnorm: 0.000485464352 xtb: 6.5.1 (b24c23e)
c           -1.59588023825497        0.28720814179665        1.39183996502670
c           -2.42153468337033        0.17457669756335        0.13453193546011
cl          -3.58376525897656        1.52031214771712        0.02565006512979
cl          -1.38640297454783        0.21447662501465       -1.30906126434106
cl          -3.33517924090555       -1.35503165735303        0.12394427409408
h           -1.02612577482694        1.21368681575438        1.37328546347000
h           -0.91043805851319       -0.55554867483887        1.45109161258732
h           -2.25046847669600        0.28253211482991        2.26051468529783
c            2.70190079550715       -0.22363624187843        1.99840957677955
c            2.41715017980301       -0.20626297501972        0.51635016194573
cl           1.64783775394045        1.32791266363276        0.04464540056679
cl           3.92413629746619       -0.38410525079547       -0.41759351972263
cl           1.32717496345472       -1.54288221793156        0.07087568458926
h            3.37362964523636        0.59346246865693        2.25141660991342
h            3.16801931833711       -1.16764291997593        2.27094797652454
h            1.77367588932931       -0.10864318905125        2.55315721672603
16
 energy: -38.927416100965 gnorm: 0.000545953314 xtb: 6.5.1 (b24c23e)
c           -1.59860666448548        0.28609513063009        1.38966162037151
c           -2.42406989832722        0.17412553396281        0.13182438648154
cl          -3.58032668886167        1.52477485337419        0.01939103338478
cl          -1.38866659095566        0.20627742991785       -1.31028606377848
cl          -3.34539658850318       -1.35130264222939        0.12436841588496
h           -1.02524950065211        1.21040476120828        1.36951261173987
h           -0.91666683242952       -0.55924384963064        1.45053533195595
h           -2.25346554412774        0.28552775686961        2.25798758330766
c            2.70873685695933       -0.22460207541523        1.99981282631125
c            2.41625564043634       -0.20459022593912        0.51924613171260
cl           1.64223868859420        1.32960536546051        0.05487738359784
cl           3.91982589571828       -0.37678303447234       -0.42197066997805
cl           1.32760844242637       -1.54215159009636        0.07612425797239
h            3.38135995333271        0.59227436260841        2.25111494632781
h            3.17681464841610       -1.16893380302072        2.26811080849297
h            1.78333831944219       -0.11106342510644        2.55969524026284
