****************************************************************
  Sure Independence Screening and Sparsifying Operator (SISSO)  
             Version SISSO.3.3, July, 2023.                
****************************************************************

Read in data from train.dat
Read in data from SISSO.in
Property type:     1
Number of tasks:        1
Descriptor dimension:        2
Number of samples for the task(s):     36
Restarts :  0
Number of scalar features:       21
Tier of the feature space:        3
Maximal feature complexity (number of operators in a feature):        6
Unit of input primary feature, each represented by a row vector: 
    1.00
    1.00
    1.00
    1.00
    1.00
    1.00
    1.00
    1.00
    1.00
    1.00
    1.00
    1.00
    1.00
    1.00
    1.00
    1.00
    1.00
    1.00
    1.00
    1.00
    1.00
The feature will be discarded if the minimum of the maximal abs. value in it <    0.10000E-02
The faature will be discarded if the maximum of the maximal abs. value in it >     0.10000E+06
Size of the SIS-selected (single) subspace :  10000 10000
Operators for feature construction: (+)(-)(*) (+)(-)(*) (+)(-)(*) 
Method for sparse regression:  L0        
Fitting intercept:      T
Metric for model selection: RMSE
Number of the top-ranked models to output:      100
--------------------------------------------------------------------------------

Dimension:   1
-------------------
Feature Construction (FC) starts ...
Population Standard Deviation (SD) of the task 001:   10.81659
Total number of features in the space phi00:             21
Total number of features in the space phi01:            771
Total number of features in the space phi02:         280952
Total number of features in the space phi03:     9030461493
Size of the SIS-selected subspace from phi03:      10000
Time (second) used for this FC:         1666.47

Descriptor Identification (DI) starts ...
Total number of SIS-selected features from all dimensions:      10000
 
  1D descriptor: 
     d001 = (((feature15+feature16)-feature20)*((feature12+feature13)+(feature20-feature21)))    feature_ID:000001

  1D model(y=sum(ci*di)+c0): 
     coeff.(ci)_task001:     0.2637744439E+02
             c0_task001:     0.3010106261E+01
     RMSE,MaxAE_task001:     0.4638777860E+01    0.1451876054E+02

     RMSE and MaxAE of the model:   4.638778 14.518761
--------------------------------------------------------------------------------
Time (second) used for this DI:            0.14

Dimension:   2
-------------------
Feature Construction (FC) starts ...
Total number of features in the space phi00:             21
Total number of features in the space phi01:            771
Total number of features in the space phi02:         280952
Total number of features in the space phi03:     9030461493
Size of the SIS-selected subspace from phi03:      10000
Time (second) used for this FC:         1660.97

Descriptor Identification (DI) starts ...
Total number of SIS-selected features from all dimensions:      20000
 
Final model/descriptor !
================================================================================
  2D descriptor: 
     d001 = (((feature12+feature20)-feature21)*((feature13+feature16)+(feature18-feature20)))    feature_ID:004584
     d002 = (((feature18-feature19)-feature7)*((feature1+feature6)+(feature6-feature16)))    feature_ID:017006

  2D model(y=sum(ci*di)+c0): 
     coeff.(ci)_task001:     0.2579082540E+02   -0.2585929475E+02
             c0_task001:     0.5512656016E+01
     RMSE,MaxAE_task001:     0.3326826793E+01    0.9298701991E+01

     RMSE and MaxAE of the model:   3.326827  9.298702
================================================================================
Time (second) used for this DI:           27.90
Total time (second):         3356.43
Have a nice day !    

