****************************************************************
  Sure Independence Screening and Sparsifying Operator (SISSO)  
             Version SISSO.3.3, July, 2023.                
****************************************************************

Read in data from train.dat
Read in data from SISSO.in
Property type:     1
Number of tasks:        1
Descriptor dimension:        2
Number of samples for the task(s):     36
Restarts :  0
Number of scalar features:       19
Tier of the feature space:        3
Maximal feature complexity (number of operators in a feature):        6
Unit of input primary feature, each represented by a row vector: 
    1.00
    1.00
    1.00
    1.00
    1.00
    1.00
    1.00
    1.00
    1.00
    1.00
    1.00
    1.00
    1.00
    1.00
    1.00
    1.00
    1.00
    1.00
    1.00
The feature will be discarded if the minimum of the maximal abs. value in it <    0.10000E-02
The faature will be discarded if the maximum of the maximal abs. value in it >     0.10000E+06
Size of the SIS-selected (single) subspace :  10000 10000
Operators for feature construction: (+)(-)(*) (+)(-)(*) (+)(-)(*) 
Method for sparse regression:  L0        
Fitting intercept:      T
Metric for model selection: RMSE
Number of the top-ranked models to output:      100
--------------------------------------------------------------------------------

Dimension:   1
-------------------
Feature Construction (FC) starts ...
Population Standard Deviation (SD) of the task 001:   23.40682
Total number of features in the space phi00:             19
Total number of features in the space phi01:            627
Total number of features in the space phi02:         182830
Total number of features in the space phi03:     4297714851
Size of the SIS-selected subspace from phi03:      10000
Time (second) used for this FC:          833.00

Descriptor Identification (DI) starts ...
Total number of SIS-selected features from all dimensions:      10000
 
  1D descriptor: 
     d001 = (((feature14-feature15)-(feature7+feature9))-(feature18+(feature17+feature18)))    feature_ID:000001

  1D model(y=sum(ci*di)+c0): 
     coeff.(ci)_task001:     0.2648426571E+02
             c0_task001:     0.8116588312E+02
     RMSE,MaxAE_task001:     0.8577598100E+01    0.1840418542E+02

     RMSE and MaxAE of the model:   8.577598 18.404185
--------------------------------------------------------------------------------
Time (second) used for this DI:            7.30

Dimension:   2
-------------------
Feature Construction (FC) starts ...
Total number of features in the space phi00:             19
Total number of features in the space phi01:            627
Total number of features in the space phi02:         182830
Total number of features in the space phi03:     4297714851
Size of the SIS-selected subspace from phi03:      10000
Time (second) used for this FC:          834.27

Descriptor Identification (DI) starts ...
Total number of SIS-selected features from all dimensions:      20000
 
Final model/descriptor !
================================================================================
  2D descriptor: 
     d001 = ((feature17*(feature15+feature17))+((feature1+feature18)*(feature7+feature18)))    feature_ID:008619
     d002 = ((feature18*(feature13-feature14))*((feature14+feature15)-(feature19-feature2)))    feature_ID:012224

  2D model(y=sum(ci*di)+c0): 
     coeff.(ci)_task001:    -0.4132361246E+02   -0.1264459445E+03
             c0_task001:     0.8528926300E+02
     RMSE,MaxAE_task001:     0.6385086970E+01    0.1630314421E+02

     RMSE and MaxAE of the model:   6.385087 16.303144
================================================================================
Time (second) used for this DI:           25.56
Total time (second):         1701.29
Have a nice day !    

