****************************************************************
  Sure Independence Screening and Sparsifying Operator (SISSO)  
             Version SISSO.3.3, July, 2023.                
****************************************************************

Read in data from train.dat
Read in data from SISSO.in
Property type:     1
Number of tasks:        1
Descriptor dimension:        2
Number of samples for the task(s):     36
Restarts :  0
Number of scalar features:       19
Tier of the feature space:        3
Maximal feature complexity (number of operators in a feature):        6
Unit of input primary feature, each represented by a row vector: 
    1.00
    1.00
    1.00
    1.00
    1.00
    1.00
    1.00
    1.00
    1.00
    1.00
    1.00
    1.00
    1.00
    1.00
    1.00
    1.00
    1.00
    1.00
    1.00
The feature will be discarded if the minimum of the maximal abs. value in it <    0.10000E-02
The faature will be discarded if the maximum of the maximal abs. value in it >     0.10000E+06
Size of the SIS-selected (single) subspace :  10000 10000
Operators for feature construction: (+)(-)(*) (+)(-)(*) (+)(-)(*) 
Method for sparse regression:  L0        
Fitting intercept:      T
Metric for model selection: RMSE
Number of the top-ranked models to output:      100
--------------------------------------------------------------------------------

Dimension:   1
-------------------
Feature Construction (FC) starts ...
Population Standard Deviation (SD) of the task 001:   94.93976
Total number of features in the space phi00:             19
Total number of features in the space phi01:            635
Total number of features in the space phi02:         196970
Total number of features in the space phi03:     4805561121
Size of the SIS-selected subspace from phi03:      10000
Time (second) used for this FC:          892.71

Descriptor Identification (DI) starts ...
Total number of SIS-selected features from all dimensions:      10000
 
  1D descriptor: 
     d001 = ((feature19*(feature13+feature16))+((feature10-feature18)*(feature11+feature17)))    feature_ID:000001

  1D model(y=sum(ci*di)+c0): 
     coeff.(ci)_task001:     0.1745950236E+03
             c0_task001:     0.2517820862E+03
     RMSE,MaxAE_task001:     0.3558060415E+02    0.1218230065E+03

     RMSE and MaxAE of the model:  35.580604121.823007
--------------------------------------------------------------------------------
Time (second) used for this DI:            0.09

Dimension:   2
-------------------
Feature Construction (FC) starts ...
Total number of features in the space phi00:             19
Total number of features in the space phi01:            635
Total number of features in the space phi02:         196970
Total number of features in the space phi03:     4805561121
Size of the SIS-selected subspace from phi03:      10000
Time (second) used for this FC:          891.88

Descriptor Identification (DI) starts ...
Total number of SIS-selected features from all dimensions:      20000
 
Final model/descriptor !
================================================================================
  2D descriptor: 
     d001 = (((feature13-feature2)*(feature19-feature2))-(feature17*(feature18-feature14)))    feature_ID:000214
     d002 = (((feature12+feature14)-feature16)*((feature10-feature15)*(feature15-feature19)))    feature_ID:013339

  2D model(y=sum(ci*di)+c0): 
     coeff.(ci)_task001:     0.2264158562E+03    0.4951506060E+03
             c0_task001:     0.3370434891E+03
     RMSE,MaxAE_task001:     0.2202849745E+02    0.5697494015E+02

     RMSE and MaxAE of the model:  22.028497 56.974940
================================================================================
Time (second) used for this DI:           25.86
Total time (second):         1811.46
Have a nice day !    

