****************************************************************
  Sure Independence Screening and Sparsifying Operator (SISSO)  
             Version SISSO.3.3, July, 2023.                
****************************************************************

Read in data from train.dat
Read in data from SISSO.in
Property type:     2
Number of tasks:        1
Descriptor dimension:        2
Number of samples for the task(s):     28
Restarts :  0
Number of samples in each category of the task 001:    20    8
Convexity of the domains of the task 001:     1    1
Domain-boundary tolerance:   0.001000
Number of scalar features:       18
Tier of the feature space:        2
Maximal feature complexity (number of operators in a feature):        3
Unit of input primary feature, each represented by a row vector: 
    1.00
    1.00
    1.00
    1.00
    1.00
    1.00
    1.00
    1.00
    1.00
    1.00
    1.00
    1.00
    1.00
    1.00
    1.00
    1.00
    1.00
    1.00
The feature will be discarded if the minimum of the maximal abs. value in it <    0.10000E-02
The faature will be discarded if the maximum of the maximal abs. value in it >     0.10000E+06
Size of the SIS-selected (single) subspace :   1000  1000
Operators for feature construction: (+)(-)(*) (+)(-)(*) 
Method for sparse regression:  L0        
Number of the top-ranked models to output:      100
--------------------------------------------------------------------------------

Dimension:   1
-------------------
Feature Construction (FC) starts ...
Total number of features in the space phi00:             18
Total number of features in the space phi01:            546
Total number of features in the space phi02:         346473
Size of the SIS-selected subspace from phi02:       1000
Time (second) used for this FC:            0.38

Descriptor Identification (DI) starts ...
Total number of SIS-selected features from all dimensions:       1000
 
  1D descriptor: 
     d001 = ((feature11-feature3)*(feature13*feature15))    feature_ID:000001

Number of data in all overlap regions:         8
Actual number (without double counting) of data in all overlap regions:          8
Size of the overlap (1D:length, 2D:area, 3D:volume):        0.13064
Note: negative means no overlap, with the magnitude being the min distance between domains.
--------------------------------------------------------------------------------
Time (second) used for this DI:            3.70

Dimension:   2
-------------------
Feature Construction (FC) starts ...
Total number of features in the space phi00:             18
Total number of features in the space phi01:            546
Total number of features in the space phi02:         346473
Size of the SIS-selected subspace from phi02:       1000
Time (second) used for this FC:            0.49

Descriptor Identification (DI) starts ...
Total number of SIS-selected features from all dimensions:       2000
 
Final model/descriptor !
================================================================================
  2D descriptor: 
     d001 = ((feature15-feature7)*(feature12+feature16))    feature_ID:000028
     d002 = ((feature15-feature3)*(feature2+feature14))    feature_ID:000144

Number of data in all overlap regions:         0
Actual number (without double counting) of data in all overlap regions:          0
Size of the overlap (1D:length, 2D:area, 3D:volume):       -0.11593
Note: negative means no overlap, with the magnitude being the min distance between domains.
================================================================================
Time (second) used for this DI:            3.77
Total time (second):            8.55
Have a nice day !    

