****************************************************************
  Sure Independence Screening and Sparsifying Operator (SISSO)  
             Version SISSO.3.3, July, 2023.                
****************************************************************

Read in data from train.dat
Read in data from SISSO.in
Property type:     1
Number of tasks:        1
Descriptor dimension:        2
Number of samples for the task(s):     36
Restarts :  0
Number of scalar features:       25
Tier of the feature space:        3
Maximal feature complexity (number of operators in a feature):        6
Unit of input primary feature, each represented by a row vector: 
    1.00
    1.00
    1.00
    1.00
    1.00
    1.00
    1.00
    1.00
    1.00
    1.00
    1.00
    1.00
    1.00
    1.00
    1.00
    1.00
    1.00
    1.00
    1.00
    1.00
    1.00
    1.00
    1.00
    1.00
    1.00
The feature will be discarded if the minimum of the maximal abs. value in it <    0.10000E-02
The faature will be discarded if the maximum of the maximal abs. value in it >     0.10000E+06
Size of the SIS-selected (single) subspace :  10000 10000
Operators for feature construction: (+)(-)(*) (+)(-)(*) (+)(-)(*) 
Method for sparse regression:  L0        
Fitting intercept:      T
Metric for model selection: RMSE
Number of the top-ranked models to output:      100
--------------------------------------------------------------------------------

Dimension:   1
-------------------
Feature Construction (FC) starts ...
Population Standard Deviation (SD) of the task 001:   10.66737
Total number of features in the space phi00:             25
Total number of features in the space phi01:           1094
Total number of features in the space phi02:         571351
Total number of features in the space phi03:    31119192897
Size of the SIS-selected subspace from phi03:      10000
Time (second) used for this FC:         4532.10

Descriptor Identification (DI) starts ...
Total number of SIS-selected features from all dimensions:      10000
 
  1D descriptor: 
     d001 = (((feature18+feature23)-feature24)*((feature14-feature16)*(feature18*feature25)))    feature_ID:000001

  1D model(y=sum(ci*di)+c0): 
     coeff.(ci)_task001:     0.1034788346E+03
             c0_task001:     0.5787689866E+01
     RMSE,MaxAE_task001:     0.5276376376E+01    0.1124922396E+02

     RMSE and MaxAE of the model:   5.276376 11.249224
--------------------------------------------------------------------------------
Time (second) used for this DI:            0.09

Dimension:   2
-------------------
Feature Construction (FC) starts ...
Total number of features in the space phi00:             25
Total number of features in the space phi01:           1094
Total number of features in the space phi02:         571351
Total number of features in the space phi03:    31119192897
Size of the SIS-selected subspace from phi03:      10000
Time (second) used for this FC:         4518.41

Descriptor Identification (DI) starts ...
Total number of SIS-selected features from all dimensions:      20000
 
Final model/descriptor !
================================================================================
  2D descriptor: 
     d001 = ((feature14+(feature14+feature25))*((feature14+feature18)-(feature16+feature24)))    feature_ID:007494
     d002 = ((feature14*(feature1+feature17))*((feature20-feature25)*(feature22-feature24)))    feature_ID:010208

  2D model(y=sum(ci*di)+c0): 
     coeff.(ci)_task001:     0.7231363652E+01   -0.2249273044E+03
             c0_task001:     0.8519526449E+01
     RMSE,MaxAE_task001:     0.3157706312E+01    0.9750602774E+01

     RMSE and MaxAE of the model:   3.157706  9.750603
================================================================================
Time (second) used for this DI:           25.51
Total time (second):         9077.05
Have a nice day !    

