****************************************************************
  Sure Independence Screening and Sparsifying Operator (SISSO)  
             Version SISSO.3.3, July, 2023.                
****************************************************************

Read in data from train.dat
Read in data from SISSO.in
Property type:     1
Number of tasks:        1
Descriptor dimension:        2
Number of samples for the task(s):     36
Restarts :  0
Number of scalar features:       16
Tier of the feature space:        3
Maximal feature complexity (number of operators in a feature):        6
Unit of input primary feature, each represented by a row vector: 
    1.00
    1.00
    1.00
    1.00
    1.00
    1.00
    1.00
    1.00
    1.00
    1.00
    1.00
    1.00
    1.00
    1.00
    1.00
    1.00
The feature will be discarded if the minimum of the maximal abs. value in it <    0.10000E-02
The faature will be discarded if the maximum of the maximal abs. value in it >     0.10000E+06
Size of the SIS-selected (single) subspace :  10000 10000
Operators for feature construction: (+)(-)(*) (+)(-)(*) (+)(-)(*) 
Method for sparse regression:  L0        
Fitting intercept:      T
Metric for model selection: RMSE
Number of the top-ranked models to output:      100
--------------------------------------------------------------------------------

Dimension:   1
-------------------
Feature Construction (FC) starts ...
Population Standard Deviation (SD) of the task 001:   22.38618
Total number of features in the space phi00:             16
Total number of features in the space phi01:            450
Total number of features in the space phi02:         103789
Total number of features in the space phi03:     1550533382
Size of the SIS-selected subspace from phi03:      10000
Time (second) used for this FC:          227.08

Descriptor Identification (DI) starts ...
Total number of SIS-selected features from all dimensions:      10000
 
  1D descriptor: 
     d001 = ((feature8*(feature15-feature16))+((feature8-feature15)*(feature10+feature15)))    feature_ID:000001

  1D model(y=sum(ci*di)+c0): 
     coeff.(ci)_task001:     0.4562671927E+02
             c0_task001:     0.4426196219E+02
     RMSE,MaxAE_task001:     0.1149718647E+02    0.2732122721E+02

     RMSE and MaxAE of the model:  11.497186 27.321227
--------------------------------------------------------------------------------
Time (second) used for this DI:            0.11

Dimension:   2
-------------------
Feature Construction (FC) starts ...
Total number of features in the space phi00:             16
Total number of features in the space phi01:            450
Total number of features in the space phi02:         103789
Total number of features in the space phi03:     1550533382
Size of the SIS-selected subspace from phi03:      10000
Time (second) used for this FC:          227.63

Descriptor Identification (DI) starts ...
Total number of SIS-selected features from all dimensions:      20000
 
Final model/descriptor !
================================================================================
  2D descriptor: 
     d001 = (((feature13+feature16)-(feature8-feature4))-(feature8+(feature5+feature8)))    feature_ID:008778
     d002 = (((feature11+feature15)-feature14)*((feature13-feature15)*(feature15-feature16)))    feature_ID:010002

  2D model(y=sum(ci*di)+c0): 
     coeff.(ci)_task001:    -0.2784485421E+02    0.2800894092E+03
             c0_task001:     0.3336666855E+02
     RMSE,MaxAE_task001:     0.7846490458E+01    0.2175741033E+02

     RMSE and MaxAE of the model:   7.846490 21.757410
================================================================================
Time (second) used for this DI:           34.25
Total time (second):          489.83
Have a nice day !    

