****************************************************************
  Sure Independence Screening and Sparsifying Operator (SISSO)  
             Version SISSO.3.3, July, 2023.                
****************************************************************

Read in data from train.dat
Read in data from SISSO.in
Property type:     1
Number of tasks:        1
Descriptor dimension:        2
Number of samples for the task(s):     36
Restarts :  0
Number of scalar features:       21
Tier of the feature space:        3
Maximal feature complexity (number of operators in a feature):        6
Unit of input primary feature, each represented by a row vector: 
    1.00
    1.00
    1.00
    1.00
    1.00
    1.00
    1.00
    1.00
    1.00
    1.00
    1.00
    1.00
    1.00
    1.00
    1.00
    1.00
    1.00
    1.00
    1.00
    1.00
    1.00
The feature will be discarded if the minimum of the maximal abs. value in it <    0.10000E-02
The faature will be discarded if the maximum of the maximal abs. value in it >     0.10000E+06
Size of the SIS-selected (single) subspace :  10000 10000
Operators for feature construction: (+)(-)(*) (+)(-)(*) (+)(-)(*) 
Method for sparse regression:  L0        
Fitting intercept:      T
Metric for model selection: RMSE
Number of the top-ranked models to output:      100
--------------------------------------------------------------------------------

Dimension:   1
-------------------
Feature Construction (FC) starts ...
Population Standard Deviation (SD) of the task 001:   22.37820
Total number of features in the space phi00:             21
Total number of features in the space phi01:            779
Total number of features in the space phi02:         294316
Total number of features in the space phi03:     9699294801
Size of the SIS-selected subspace from phi03:      10000
Time (second) used for this FC:         1730.95

Descriptor Identification (DI) starts ...
Total number of SIS-selected features from all dimensions:      10000
 
  1D descriptor: 
     d001 = ((feature19*(feature11+feature20))*((feature14+feature20)-(feature15-feature9)))    feature_ID:000001

  1D model(y=sum(ci*di)+c0): 
     coeff.(ci)_task001:    -0.6791349413E+02
             c0_task001:     0.6173385383E+02
     RMSE,MaxAE_task001:     0.1214350457E+02    0.2925681856E+02

     RMSE and MaxAE of the model:  12.143505 29.256819
--------------------------------------------------------------------------------
Time (second) used for this DI:            0.11

Dimension:   2
-------------------
Feature Construction (FC) starts ...
Total number of features in the space phi00:             21
Total number of features in the space phi01:            779
Total number of features in the space phi02:         294316
Total number of features in the space phi03:     9699294801
Size of the SIS-selected subspace from phi03:      10000
Time (second) used for this FC:         1731.62

Descriptor Identification (DI) starts ...
Total number of SIS-selected features from all dimensions:      20000
 
Final model/descriptor !
================================================================================
  2D descriptor: 
     d001 = ((feature20*(feature14+feature19))+((feature21-feature7)*(feature18-feature15)))    feature_ID:000005
     d002 = (((feature13-feature12)-feature5)*((feature1+feature14)*(feature11-feature20)))    feature_ID:010003

  2D model(y=sum(ci*di)+c0): 
     coeff.(ci)_task001:    -0.5567756596E+02    0.2081038000E+03
             c0_task001:     0.7717263558E+02
     RMSE,MaxAE_task001:     0.7200768250E+01    0.1931897065E+02

     RMSE and MaxAE of the model:   7.200768 19.318971
================================================================================
Time (second) used for this DI:           25.53
Total time (second):         3489.01
Have a nice day !    

