****************************************************************
  Sure Independence Screening and Sparsifying Operator (SISSO)  
             Version SISSO.3.3, July, 2023.                
****************************************************************

Read in data from train.dat
Read in data from SISSO.in
Property type:     1
Number of tasks:        1
Descriptor dimension:        2
Number of samples for the task(s):     36
Restarts :  0
Number of scalar features:       20
Tier of the feature space:        3
Maximal feature complexity (number of operators in a feature):        6
Unit of input primary feature, each represented by a row vector: 
    1.00
    1.00
    1.00
    1.00
    1.00
    1.00
    1.00
    1.00
    1.00
    1.00
    1.00
    1.00
    1.00
    1.00
    1.00
    1.00
    1.00
    1.00
    1.00
    1.00
The feature will be discarded if the minimum of the maximal abs. value in it <    0.10000E-02
The faature will be discarded if the maximum of the maximal abs. value in it >     0.10000E+06
Size of the SIS-selected (single) subspace :  10000 10000
Operators for feature construction: (+)(-)(*) (+)(-)(*) (+)(-)(*) 
Method for sparse regression:  L0        
Fitting intercept:      T
Metric for model selection: RMSE
Number of the top-ranked models to output:      100
--------------------------------------------------------------------------------

Dimension:   1
-------------------
Feature Construction (FC) starts ...
Population Standard Deviation (SD) of the task 001:   97.08143
Total number of features in the space phi00:             20
Total number of features in the space phi01:            688
Total number of features in the space phi02:         214180
Total number of features in the space phi03:     5734430315
Size of the SIS-selected subspace from phi03:      10000
Time (second) used for this FC:         1131.80

Descriptor Identification (DI) starts ...
Total number of SIS-selected features from all dimensions:      10000
 
  1D descriptor: 
     d001 = ((feature13+(feature14+feature20))*((feature14+feature15)+(feature17-feature19)))    feature_ID:000001

  1D model(y=sum(ci*di)+c0): 
     coeff.(ci)_task001:     0.8435612624E+02
             c0_task001:     0.1199008510E+03
     RMSE,MaxAE_task001:     0.2693049345E+02    0.5330575820E+02

     RMSE and MaxAE of the model:  26.930493 53.305758
--------------------------------------------------------------------------------
Time (second) used for this DI:            0.11

Dimension:   2
-------------------
Feature Construction (FC) starts ...
Total number of features in the space phi00:             20
Total number of features in the space phi01:            688
Total number of features in the space phi02:         214180
Total number of features in the space phi03:     5734430315
Size of the SIS-selected subspace from phi03:      10000
Time (second) used for this FC:         1132.85

Descriptor Identification (DI) starts ...
Total number of SIS-selected features from all dimensions:      20000
 
Final model/descriptor !
================================================================================
  2D descriptor: 
     d001 = (((feature15+feature17)-feature19)*((feature13+feature14)+(feature20-feature17)))    feature_ID:000593
     d002 = (((feature13-feature6)*(feature18-feature20))-(feature12*(feature14+feature16)))    feature_ID:007032

  2D model(y=sum(ci*di)+c0): 
     coeff.(ci)_task001:     0.1103911337E+03   -0.1261099194E+03
             c0_task001:     0.1437366891E+03
     RMSE,MaxAE_task001:     0.2023716973E+02    0.4511940885E+02

     RMSE and MaxAE of the model:  20.237170 45.119409
================================================================================
Time (second) used for this DI:           25.54
Total time (second):         2291.41
Have a nice day !    

