****************************************************************
  Sure Independence Screening and Sparsifying Operator (SISSO)  
             Version SISSO.3.3, July, 2023.                
****************************************************************

Read in data from train.dat
Read in data from SISSO.in
Property type:     1
Number of tasks:        1
Descriptor dimension:        2
Number of samples for the task(s):     36
Restarts :  0
Number of scalar features:       20
Tier of the feature space:        3
Maximal feature complexity (number of operators in a feature):        6
Unit of input primary feature, each represented by a row vector: 
    1.00
    1.00
    1.00
    1.00
    1.00
    1.00
    1.00
    1.00
    1.00
    1.00
    1.00
    1.00
    1.00
    1.00
    1.00
    1.00
    1.00
    1.00
    1.00
    1.00
The feature will be discarded if the minimum of the maximal abs. value in it <    0.10000E-02
The faature will be discarded if the maximum of the maximal abs. value in it >     0.10000E+06
Size of the SIS-selected (single) subspace :  10000 10000
Operators for feature construction: (+)(-)(*) (+)(-)(*) (+)(-)(*) 
Method for sparse regression:  L0        
Fitting intercept:      T
Metric for model selection: RMSE
Number of the top-ranked models to output:      100
--------------------------------------------------------------------------------

Dimension:   1
-------------------
Feature Construction (FC) starts ...
Population Standard Deviation (SD) of the task 001:  101.78201
Total number of features in the space phi00:             20
Total number of features in the space phi01:            699
Total number of features in the space phi02:         237342
Total number of features in the space phi03:     6668833681
Size of the SIS-selected subspace from phi03:      10000
Time (second) used for this FC:         1201.91

Descriptor Identification (DI) starts ...
Total number of SIS-selected features from all dimensions:      10000
 
  1D descriptor: 
     d001 = ((feature20*(feature1+feature11))+((feature11-feature19)*(feature12+feature17)))    feature_ID:000001

  1D model(y=sum(ci*di)+c0): 
     coeff.(ci)_task001:     0.1856347011E+03
             c0_task001:     0.2896133032E+03
     RMSE,MaxAE_task001:     0.3842935193E+02    0.1178739403E+03

     RMSE and MaxAE of the model:  38.429352117.873940
--------------------------------------------------------------------------------
Time (second) used for this DI:            0.09

Dimension:   2
-------------------
Feature Construction (FC) starts ...
Total number of features in the space phi00:             20
Total number of features in the space phi01:            699
Total number of features in the space phi02:         237342
Total number of features in the space phi03:     6668833681
Size of the SIS-selected subspace from phi03:      10000
Time (second) used for this FC:         1202.97

Descriptor Identification (DI) starts ...
Total number of SIS-selected features from all dimensions:      20000
 
Final model/descriptor !
================================================================================
  2D descriptor: 
     d001 = ((feature20*(feature16-feature7))+((feature11-feature19)*(feature12+feature17)))    feature_ID:000817
     d002 = (((feature18-feature20)-feature6)*((feature1+feature18)-(feature2+feature17)))    feature_ID:018108

  2D model(y=sum(ci*di)+c0): 
     coeff.(ci)_task001:     0.2112456056E+03   -0.2684216033E+03
             c0_task001:     0.3106984413E+03
     RMSE,MaxAE_task001:     0.2714572682E+02    0.1026189967E+03

     RMSE and MaxAE of the model:  27.145727102.618997
================================================================================
Time (second) used for this DI:           25.65
Total time (second):         2431.61
Have a nice day !    

