****************************************************************
  Sure Independence Screening and Sparsifying Operator (SISSO)  
             Version SISSO.3.3, July, 2023.                
****************************************************************

Read in data from train.dat
Read in data from SISSO.in
Property type:     1
Number of tasks:        1
Descriptor dimension:        2
Number of samples for the task(s):     36
Restarts :  0
Number of scalar features:       19
Tier of the feature space:        3
Maximal feature complexity (number of operators in a feature):        6
Unit of input primary feature, each represented by a row vector: 
    1.00
    1.00
    1.00
    1.00
    1.00
    1.00
    1.00
    1.00
    1.00
    1.00
    1.00
    1.00
    1.00
    1.00
    1.00
    1.00
    1.00
    1.00
    1.00
The feature will be discarded if the minimum of the maximal abs. value in it <    0.10000E-02
The faature will be discarded if the maximum of the maximal abs. value in it >     0.10000E+06
Size of the SIS-selected (single) subspace :  10000 10000
Operators for feature construction: (+)(-)(*) (+)(-)(*) (+)(-)(*) 
Method for sparse regression:  L0        
Fitting intercept:      T
Metric for model selection: RMSE
Number of the top-ranked models to output:      100
--------------------------------------------------------------------------------

Dimension:   1
-------------------
Feature Construction (FC) starts ...
Population Standard Deviation (SD) of the task 001:   10.01476
Total number of features in the space phi00:             19
Total number of features in the space phi01:            636
Total number of features in the space phi02:         198801
Total number of features in the space phi03:     4873955199
Size of the SIS-selected subspace from phi03:      10000
Time (second) used for this FC:          894.93

Descriptor Identification (DI) starts ...
Total number of SIS-selected features from all dimensions:      10000
 
  1D descriptor: 
     d001 = ((feature10*(feature12*feature15))*((feature12+feature14)+(feature19-feature18)))    feature_ID:000001

  1D model(y=sum(ci*di)+c0): 
     coeff.(ci)_task001:     0.3775746574E+02
             c0_task001:     0.2747276495E+01
     RMSE,MaxAE_task001:     0.3744089732E+01    0.9506474929E+01

     RMSE and MaxAE of the model:   3.744090  9.506475
--------------------------------------------------------------------------------
Time (second) used for this DI:            0.11

Dimension:   2
-------------------
Feature Construction (FC) starts ...
Total number of features in the space phi00:             19
Total number of features in the space phi01:            636
Total number of features in the space phi02:         198801
Total number of features in the space phi03:     4873955199
Size of the SIS-selected subspace from phi03:      10000
Time (second) used for this FC:          894.77

Descriptor Identification (DI) starts ...
Total number of SIS-selected features from all dimensions:      20000
 
Final model/descriptor !
================================================================================
  2D descriptor: 
     d001 = ((feature10*(feature10*feature12))*((feature12+feature14)+(feature19-feature18)))    feature_ID:000008
     d002 = (((feature1+feature18)-feature16)*((feature10+feature18)-(feature12+feature17)))    feature_ID:015839

  2D model(y=sum(ci*di)+c0): 
     coeff.(ci)_task001:     0.3516497894E+02   -0.4710451216E+02
             c0_task001:     0.3988455571E+01
     RMSE,MaxAE_task001:     0.2159688712E+01    0.5508805658E+01

     RMSE and MaxAE of the model:   2.159689  5.508806
================================================================================
Time (second) used for this DI:           25.70
Total time (second):         1816.18
Have a nice day !    

