****************************************************************
  Sure Independence Screening and Sparsifying Operator (SISSO)  
             Version SISSO.3.3, July, 2023.                
****************************************************************

Read in data from train.dat
Read in data from SISSO.in
Property type:     1
Number of tasks:        1
Descriptor dimension:        2
Number of samples for the task(s):     36
Restarts :  0
Number of scalar features:       21
Tier of the feature space:        3
Maximal feature complexity (number of operators in a feature):        6
Unit of input primary feature, each represented by a row vector: 
    1.00
    1.00
    1.00
    1.00
    1.00
    1.00
    1.00
    1.00
    1.00
    1.00
    1.00
    1.00
    1.00
    1.00
    1.00
    1.00
    1.00
    1.00
    1.00
    1.00
    1.00
The feature will be discarded if the minimum of the maximal abs. value in it <    0.10000E-02
The faature will be discarded if the maximum of the maximal abs. value in it >     0.10000E+06
Size of the SIS-selected (single) subspace :  10000 10000
Operators for feature construction: (+)(-)(*) (+)(-)(*) (+)(-)(*) 
Method for sparse regression:  L0        
Fitting intercept:      T
Metric for model selection: RMSE
Number of the top-ranked models to output:      100
--------------------------------------------------------------------------------

Dimension:   1
-------------------
Feature Construction (FC) starts ...
Population Standard Deviation (SD) of the task 001:   10.58226
Total number of features in the space phi00:             21
Total number of features in the space phi01:            779
Total number of features in the space phi02:         294138
Total number of features in the space phi03:     9687483862
Size of the SIS-selected subspace from phi03:      10000
Time (second) used for this FC:         1731.00

Descriptor Identification (DI) starts ...
Total number of SIS-selected features from all dimensions:      10000
 
  1D descriptor: 
     d001 = (((feature15+feature20)-feature21)*((feature1-feature11)+(feature20-feature11)))    feature_ID:000001

  1D model(y=sum(ci*di)+c0): 
     coeff.(ci)_task001:    -0.1948892984E+02
             c0_task001:     0.5566710822E+01
     RMSE,MaxAE_task001:     0.5196938285E+01    0.1396109046E+02

     RMSE and MaxAE of the model:   5.196938 13.961090
--------------------------------------------------------------------------------
Time (second) used for this DI:            0.57

Dimension:   2
-------------------
Feature Construction (FC) starts ...
Total number of features in the space phi00:             21
Total number of features in the space phi01:            779
Total number of features in the space phi02:         294138
Total number of features in the space phi03:     9687483862
Size of the SIS-selected subspace from phi03:      10000
Time (second) used for this FC:         1727.46

Descriptor Identification (DI) starts ...
Total number of SIS-selected features from all dimensions:      20000
 
Final model/descriptor !
================================================================================
  2D descriptor: 
     d001 = (((feature1+feature19)-feature11)+((feature6+feature7)-(feature3+feature11)))    feature_ID:000315
     d002 = (((feature14+feature19)-feature21)*((feature11-feature20)*(feature12-feature17)))    feature_ID:010586

  2D model(y=sum(ci*di)+c0): 
     coeff.(ci)_task001:    -0.1196677724E+02   -0.9828182407E+02
             c0_task001:     0.6318904834E+01
     RMSE,MaxAE_task001:     0.3285734507E+01    0.8366737493E+01

     RMSE and MaxAE of the model:   3.285735  8.366737
================================================================================
Time (second) used for this DI:           25.47
Total time (second):         3485.51
Have a nice day !    

