****************************************************************
  Sure Independence Screening and Sparsifying Operator (SISSO)  
             Version SISSO.3.3, July, 2023.                
****************************************************************

Read in data from train.dat
Read in data from SISSO.in
Property type:     1
Number of tasks:        1
Descriptor dimension:        2
Number of samples for the task(s):     36
Restarts :  0
Number of scalar features:       17
Tier of the feature space:        3
Maximal feature complexity (number of operators in a feature):        6
Unit of input primary feature, each represented by a row vector: 
    1.00
    1.00
    1.00
    1.00
    1.00
    1.00
    1.00
    1.00
    1.00
    1.00
    1.00
    1.00
    1.00
    1.00
    1.00
    1.00
    1.00
The feature will be discarded if the minimum of the maximal abs. value in it <    0.10000E-02
The faature will be discarded if the maximum of the maximal abs. value in it >     0.10000E+06
Size of the SIS-selected (single) subspace :  10000 10000
Operators for feature construction: (+)(-)(*) (+)(-)(*) (+)(-)(*) 
Method for sparse regression:  L0        
Fitting intercept:      T
Metric for model selection: RMSE
Number of the top-ranked models to output:      100
--------------------------------------------------------------------------------

Dimension:   1
-------------------
Feature Construction (FC) starts ...
Population Standard Deviation (SD) of the task 001:   24.35236
Total number of features in the space phi00:             17
Total number of features in the space phi01:            480
Total number of features in the space phi02:         110227
Total number of features in the space phi03:     1767729705
Size of the SIS-selected subspace from phi03:      10000
Time (second) used for this FC:          278.59

Descriptor Identification (DI) starts ...
Total number of SIS-selected features from all dimensions:      10000
 
  1D descriptor: 
     d001 = ((feature16*(feature5+feature16))+((feature11-feature13)*(feature14-feature11)))    feature_ID:000001

  1D model(y=sum(ci*di)+c0): 
     coeff.(ci)_task001:    -0.4453954915E+02
             c0_task001:     0.5529497748E+02
     RMSE,MaxAE_task001:     0.1292998867E+02    0.4317582505E+02

     RMSE and MaxAE of the model:  12.929989 43.175825
--------------------------------------------------------------------------------
Time (second) used for this DI:            8.05

Dimension:   2
-------------------
Feature Construction (FC) starts ...
Total number of features in the space phi00:             17
Total number of features in the space phi01:            480
Total number of features in the space phi02:         110227
Total number of features in the space phi03:     1767729705
Size of the SIS-selected subspace from phi03:      10000
Time (second) used for this FC:          279.28

Descriptor Identification (DI) starts ...
Total number of SIS-selected features from all dimensions:      20000
 
Final model/descriptor !
================================================================================
  2D descriptor: 
     d001 = ((feature13*(feature10-feature11))+((feature11-feature12)*(feature14-feature12)))    feature_ID:006329
     d002 = (((feature13-feature17)-feature3)*((feature12*feature15)*(feature14-feature16)))    feature_ID:019786

  2D model(y=sum(ci*di)+c0): 
     coeff.(ci)_task001:     0.7922036799E+02    0.5464311671E+03
             c0_task001:     0.1109057423E+02
     RMSE,MaxAE_task001:     0.9773093524E+01    0.2476996563E+02

     RMSE and MaxAE of the model:   9.773094 24.769966
================================================================================
Time (second) used for this DI:           25.47
Total time (second):          595.74
Have a nice day !    

