****************************************************************
  Sure Independence Screening and Sparsifying Operator (SISSO)  
             Version SISSO.3.3, July, 2023.                
****************************************************************

Read in data from train.dat
Read in data from SISSO.in
Property type:     1
Number of tasks:        1
Descriptor dimension:        2
Number of samples for the task(s):     36
Restarts :  0
Number of scalar features:       21
Tier of the feature space:        3
Maximal feature complexity (number of operators in a feature):        6
Unit of input primary feature, each represented by a row vector: 
    1.00
    1.00
    1.00
    1.00
    1.00
    1.00
    1.00
    1.00
    1.00
    1.00
    1.00
    1.00
    1.00
    1.00
    1.00
    1.00
    1.00
    1.00
    1.00
    1.00
    1.00
The feature will be discarded if the minimum of the maximal abs. value in it <    0.10000E-02
The faature will be discarded if the maximum of the maximal abs. value in it >     0.10000E+06
Size of the SIS-selected (single) subspace :  10000 10000
Operators for feature construction: (+)(-)(*) (+)(-)(*) (+)(-)(*) 
Method for sparse regression:  L0        
Fitting intercept:      T
Metric for model selection: RMSE
Number of the top-ranked models to output:      100
--------------------------------------------------------------------------------

Dimension:   1
-------------------
Feature Construction (FC) starts ...
Population Standard Deviation (SD) of the task 001:   10.05274
Total number of features in the space phi00:             21
Total number of features in the space phi01:            764
Total number of features in the space phi02:         261888
Total number of features in the space phi03:     8153637828
Size of the SIS-selected subspace from phi03:      10000
Time (second) used for this FC:         1534.94

Descriptor Identification (DI) starts ...
Total number of SIS-selected features from all dimensions:      10000
 
  1D descriptor: 
     d001 = ((feature15*(feature14-feature15))+((feature1+feature19)*(feature10+feature20)))    feature_ID:000001

  1D model(y=sum(ci*di)+c0): 
     coeff.(ci)_task001:    -0.2016577500E+02
             c0_task001:     0.1662819536E+02
     RMSE,MaxAE_task001:     0.4790966564E+01    0.1507187076E+02

     RMSE and MaxAE of the model:   4.790967 15.071871
--------------------------------------------------------------------------------
Time (second) used for this DI:            0.12

Dimension:   2
-------------------
Feature Construction (FC) starts ...
Total number of features in the space phi00:             21
Total number of features in the space phi01:            764
Total number of features in the space phi02:         261888
Total number of features in the space phi03:     8153637828
Size of the SIS-selected subspace from phi03:      10000
Time (second) used for this FC:         1531.85

Descriptor Identification (DI) starts ...
Total number of SIS-selected features from all dimensions:      20000
 
Final model/descriptor !
================================================================================
  2D descriptor: 
     d001 = (((feature1-feature12)*(feature14-feature15))-(feature21*(feature2+feature21)))    feature_ID:000197
     d002 = ((feature14*(feature19-feature21))*((feature12-feature17)-(feature20-feature6)))    feature_ID:010093

  2D model(y=sum(ci*di)+c0): 
     coeff.(ci)_task001:     0.2075208208E+02    0.9472889912E+02
             c0_task001:     0.2121613520E+02
     RMSE,MaxAE_task001:     0.2978682415E+01    0.8362541100E+01

     RMSE and MaxAE of the model:   2.978682  8.362541
================================================================================
Time (second) used for this DI:           25.41
Total time (second):         3093.33
Have a nice day !    

