****************************************************************
  Sure Independence Screening and Sparsifying Operator (SISSO)  
             Version SISSO.3.3, July, 2023.                
****************************************************************

Read in data from train.dat
Read in data from SISSO.in
Property type:     1
Number of tasks:        1
Descriptor dimension:        2
Number of samples for the task(s):     19
Restarts :  0
Number of scalar features:       17
Tier of the feature space:        3
Maximal feature complexity (number of operators in a feature):        6
Unit of input primary feature, each represented by a row vector: 
    1.00
    1.00
    1.00
    1.00
    1.00
    1.00
    1.00
    1.00
    1.00
    1.00
    1.00
    1.00
    1.00
    1.00
    1.00
    1.00
    1.00
The feature will be discarded if the minimum of the maximal abs. value in it <    0.10000E-02
The faature will be discarded if the maximum of the maximal abs. value in it >     0.10000E+06
Size of the SIS-selected (single) subspace :  10000 10000
Operators for feature construction: (+)(-)(*) (+)(-)(*) (+)(-)(*) 
Method for sparse regression:  L0        
Fitting intercept:      T
Metric for model selection: RMSE
Number of the top-ranked models to output:      100
--------------------------------------------------------------------------------

Dimension:   1
-------------------
Feature Construction (FC) starts ...
Population Standard Deviation (SD) of the task 001:   22.80283
Total number of features in the space phi00:             17
Total number of features in the space phi01:            508
Total number of features in the space phi02:         131477
Total number of features in the space phi03:     2347000737
Size of the SIS-selected subspace from phi03:      10000
Time (second) used for this FC:          358.83

Descriptor Identification (DI) starts ...
Total number of SIS-selected features from all dimensions:      10000
 
  1D descriptor: 
     d001 = ((feature11*(feature10-feature16))*((feature10+feature11)-(feature8+feature9)))    feature_ID:000001

  1D model(y=sum(ci*di)+c0): 
     coeff.(ci)_task001:     0.2494858313E+03
             c0_task001:     0.2783299780E+02
     RMSE,MaxAE_task001:     0.9295364835E+01    0.1467287157E+02

     RMSE and MaxAE of the model:   9.295365 14.672872
--------------------------------------------------------------------------------
Time (second) used for this DI:            0.13

Dimension:   2
-------------------
Feature Construction (FC) starts ...
Total number of features in the space phi00:             17
Total number of features in the space phi01:            508
Total number of features in the space phi02:         131477
Total number of features in the space phi03:     2347000737
Size of the SIS-selected subspace from phi03:      10000
Time (second) used for this FC:          361.06

Descriptor Identification (DI) starts ...
Total number of SIS-selected features from all dimensions:      20000
 
Final model/descriptor !
================================================================================
  2D descriptor: 
     d001 = ((feature11*(feature10-feature16))*((feature11+feature13)-(feature8+feature9)))    feature_ID:000008
     d002 = (((feature8-feature13)-feature9)*((feature10-feature15)-(feature4-feature9)))    feature_ID:010614

  2D model(y=sum(ci*di)+c0): 
     coeff.(ci)_task001:     0.2857299591E+03    0.4261919092E+02
             c0_task001:     0.3111520933E+02
     RMSE,MaxAE_task001:     0.4966118643E+01    0.1218411716E+02

     RMSE and MaxAE of the model:   4.966119 12.184117
================================================================================
Time (second) used for this DI:           17.33
Total time (second):          738.02
Have a nice day !    

