****************************************************************
  Sure Independence Screening and Sparsifying Operator (SISSO)  
             Version SISSO.3.3, July, 2023.                
****************************************************************

Read in data from train.dat
Read in data from SISSO.in
Property type:     1
Number of tasks:        1
Descriptor dimension:        2
Number of samples for the task(s):     36
Restarts :  0
Number of scalar features:       19
Tier of the feature space:        3
Maximal feature complexity (number of operators in a feature):        6
Unit of input primary feature, each represented by a row vector: 
    1.00
    1.00
    1.00
    1.00
    1.00
    1.00
    1.00
    1.00
    1.00
    1.00
    1.00
    1.00
    1.00
    1.00
    1.00
    1.00
    1.00
    1.00
    1.00
The feature will be discarded if the minimum of the maximal abs. value in it <    0.10000E-02
The faature will be discarded if the maximum of the maximal abs. value in it >     0.10000E+06
Size of the SIS-selected (single) subspace :  10000 10000
Operators for feature construction: (+)(-)(*) (+)(-)(*) (+)(-)(*) 
Method for sparse regression:  L0        
Fitting intercept:      T
Metric for model selection: RMSE
Number of the top-ranked models to output:      100
--------------------------------------------------------------------------------

Dimension:   1
-------------------
Feature Construction (FC) starts ...
Population Standard Deviation (SD) of the task 001:   11.00062
Total number of features in the space phi00:             19
Total number of features in the space phi01:            633
Total number of features in the space phi02:         192957
Total number of features in the space phi03:     4658480753
Size of the SIS-selected subspace from phi03:      10000
Time (second) used for this FC:          889.58

Descriptor Identification (DI) starts ...
Total number of SIS-selected features from all dimensions:      10000
 
  1D descriptor: 
     d001 = (((feature1+feature12)+(feature17+feature18))-((feature10+feature13)-feature5))    feature_ID:000001

  1D model(y=sum(ci*di)+c0): 
     coeff.(ci)_task001:    -0.1291917923E+02
             c0_task001:     0.2482907904E+02
     RMSE,MaxAE_task001:     0.5418755671E+01    0.1400681962E+02

     RMSE and MaxAE of the model:   5.418756 14.006820
--------------------------------------------------------------------------------
Time (second) used for this DI:            0.10

Dimension:   2
-------------------
Feature Construction (FC) starts ...
Total number of features in the space phi00:             19
Total number of features in the space phi01:            633
Total number of features in the space phi02:         192957
Total number of features in the space phi03:     4658480753
Size of the SIS-selected subspace from phi03:      10000
Time (second) used for this FC:          892.26

Descriptor Identification (DI) starts ...
Total number of SIS-selected features from all dimensions:      20000
 
Final model/descriptor !
================================================================================
  2D descriptor: 
     d001 = ((feature17*(feature5+feature18))+((feature10+feature16)*(feature12-feature13)))    feature_ID:000016
     d002 = ((feature19*(feature1+feature12))*((feature16-feature18)*(feature17-feature18)))    feature_ID:014781

  2D model(y=sum(ci*di)+c0): 
     coeff.(ci)_task001:    -0.1951921561E+02    0.4689960096E+03
             c0_task001:     0.1866408563E+02
     RMSE,MaxAE_task001:     0.3688474033E+01    0.1080309020E+02

     RMSE and MaxAE of the model:   3.688474 10.803090
================================================================================
Time (second) used for this DI:           25.47
Total time (second):         1808.11
Have a nice day !    

