****************************************************************
  Sure Independence Screening and Sparsifying Operator (SISSO)  
             Version SISSO.3.3, July, 2023.                
****************************************************************

Read in data from train.dat
Read in data from SISSO.in
Property type:     1
Number of tasks:        1
Descriptor dimension:        2
Number of samples for the task(s):     36
Restarts :  0
Number of scalar features:       19
Tier of the feature space:        3
Maximal feature complexity (number of operators in a feature):        6
Unit of input primary feature, each represented by a row vector: 
    1.00
    1.00
    1.00
    1.00
    1.00
    1.00
    1.00
    1.00
    1.00
    1.00
    1.00
    1.00
    1.00
    1.00
    1.00
    1.00
    1.00
    1.00
    1.00
The feature will be discarded if the minimum of the maximal abs. value in it <    0.10000E-02
The faature will be discarded if the maximum of the maximal abs. value in it >     0.10000E+06
Size of the SIS-selected (single) subspace :  10000 10000
Operators for feature construction: (+)(-)(*) (+)(-)(*) (+)(-)(*) 
Method for sparse regression:  L0        
Fitting intercept:      T
Metric for model selection: RMSE
Number of the top-ranked models to output:      100
--------------------------------------------------------------------------------

Dimension:   1
-------------------
Feature Construction (FC) starts ...
Population Standard Deviation (SD) of the task 001:   22.72713
Total number of features in the space phi00:             19
Total number of features in the space phi01:            633
Total number of features in the space phi02:         195309
Total number of features in the space phi03:     4731618313
Size of the SIS-selected subspace from phi03:      10000
Time (second) used for this FC:          872.09

Descriptor Identification (DI) starts ...
Total number of SIS-selected features from all dimensions:      10000
 
  1D descriptor: 
     d001 = ((feature17*(feature17*feature18))+((feature11*feature12)*(feature16+feature18)))    feature_ID:000001

  1D model(y=sum(ci*di)+c0): 
     coeff.(ci)_task001:    -0.7883678048E+02
             c0_task001:     0.7532165877E+02
     RMSE,MaxAE_task001:     0.1078997749E+02    0.2293566865E+02

     RMSE and MaxAE of the model:  10.789977 22.935669
--------------------------------------------------------------------------------
Time (second) used for this DI:            0.12

Dimension:   2
-------------------
Feature Construction (FC) starts ...
Total number of features in the space phi00:             19
Total number of features in the space phi01:            633
Total number of features in the space phi02:         195309
Total number of features in the space phi03:     4731618313
Size of the SIS-selected subspace from phi03:      10000
Time (second) used for this FC:          875.70

Descriptor Identification (DI) starts ...
Total number of SIS-selected features from all dimensions:      20000
 
Final model/descriptor !
================================================================================
  2D descriptor: 
     d001 = ((feature13*(feature7+feature10))-((feature1+feature17)*(feature12+feature18)))    feature_ID:002597
     d002 = ((feature15*(feature10-feature6))*((feature11-feature19)*(feature14-feature18)))    feature_ID:018661

  2D model(y=sum(ci*di)+c0): 
     coeff.(ci)_task001:     0.4451204525E+02    0.6662772314E+03
             c0_task001:     0.4513803178E+02
     RMSE,MaxAE_task001:     0.7238870307E+01    0.1650912894E+02

     RMSE and MaxAE of the model:   7.238870 16.509129
================================================================================
Time (second) used for this DI:           25.57
Total time (second):         1774.39
Have a nice day !    

