****************************************************************
  Sure Independence Screening and Sparsifying Operator (SISSO)  
             Version SISSO.3.3, July, 2023.                
****************************************************************

Read in data from train.dat
Read in data from SISSO.in
Property type:     1
Number of tasks:        1
Descriptor dimension:        2
Number of samples for the task(s):     36
Restarts :  0
Number of scalar features:       21
Tier of the feature space:        3
Maximal feature complexity (number of operators in a feature):        6
Unit of input primary feature, each represented by a row vector: 
    1.00
    1.00
    1.00
    1.00
    1.00
    1.00
    1.00
    1.00
    1.00
    1.00
    1.00
    1.00
    1.00
    1.00
    1.00
    1.00
    1.00
    1.00
    1.00
    1.00
    1.00
The feature will be discarded if the minimum of the maximal abs. value in it <    0.10000E-02
The faature will be discarded if the maximum of the maximal abs. value in it >     0.10000E+06
Size of the SIS-selected (single) subspace :  10000 10000
Operators for feature construction: (+)(-)(*) (+)(-)(*) (+)(-)(*) 
Method for sparse regression:  L0        
Fitting intercept:      T
Metric for model selection: RMSE
Number of the top-ranked models to output:      100
--------------------------------------------------------------------------------

Dimension:   1
-------------------
Feature Construction (FC) starts ...
Population Standard Deviation (SD) of the task 001:   24.41590
Total number of features in the space phi00:             21
Total number of features in the space phi01:            743
Total number of features in the space phi02:         249919
Total number of features in the space phi03:     7479462908
Size of the SIS-selected subspace from phi03:      10000
Time (second) used for this FC:         1326.26

Descriptor Identification (DI) starts ...
Total number of SIS-selected features from all dimensions:      10000
 
  1D descriptor: 
     d001 = (((feature16-feature7)*(feature13-feature15))-(feature20*(feature1+feature20)))    feature_ID:000001

  1D model(y=sum(ci*di)+c0): 
     coeff.(ci)_task001:     0.4007232464E+02
             c0_task001:     0.5217911920E+02
     RMSE,MaxAE_task001:     0.1232572326E+02    0.4358212985E+02

     RMSE and MaxAE of the model:  12.325723 43.582130
--------------------------------------------------------------------------------
Time (second) used for this DI:            0.09

Dimension:   2
-------------------
Feature Construction (FC) starts ...
Total number of features in the space phi00:             21
Total number of features in the space phi01:            743
Total number of features in the space phi02:         249919
Total number of features in the space phi03:     7479462908
Size of the SIS-selected subspace from phi03:      10000
Time (second) used for this FC:         1334.74

Descriptor Identification (DI) starts ...
Total number of SIS-selected features from all dimensions:      20000
 
Final model/descriptor !
================================================================================
  2D descriptor: 
     d001 = (((feature1+feature15)+(feature20-feature16))-((feature19-feature20)-feature7))    feature_ID:000421
     d002 = (((feature16+feature19)-feature21)*((feature15*feature20)*(feature17-feature18)))    feature_ID:010004

  2D model(y=sum(ci*di)+c0): 
     coeff.(ci)_task001:    -0.2378268781E+02    0.8913529362E+03
             c0_task001:     0.5150668139E+02
     RMSE,MaxAE_task001:     0.9310585838E+01    0.2276156113E+02

     RMSE and MaxAE of the model:   9.310586 22.761561
================================================================================
Time (second) used for this DI:           25.51
Total time (second):         2687.41
Have a nice day !    

