****************************************************************
  Sure Independence Screening and Sparsifying Operator (SISSO)  
             Version SISSO.3.3, July, 2023.                
****************************************************************

Read in data from train.dat
Read in data from SISSO.in
Property type:     1
Number of tasks:        1
Descriptor dimension:        2
Number of samples for the task(s):     36
Restarts :  0
Number of scalar features:       17
Tier of the feature space:        3
Maximal feature complexity (number of operators in a feature):        6
Unit of input primary feature, each represented by a row vector: 
    1.00
    1.00
    1.00
    1.00
    1.00
    1.00
    1.00
    1.00
    1.00
    1.00
    1.00
    1.00
    1.00
    1.00
    1.00
    1.00
    1.00
The feature will be discarded if the minimum of the maximal abs. value in it <    0.10000E-02
The faature will be discarded if the maximum of the maximal abs. value in it >     0.10000E+06
Size of the SIS-selected (single) subspace :  10000 10000
Operators for feature construction: (+)(-)(*) (+)(-)(*) (+)(-)(*) 
Method for sparse regression:  L0        
Fitting intercept:      T
Metric for model selection: RMSE
Number of the top-ranked models to output:      100
--------------------------------------------------------------------------------

Dimension:   1
-------------------
Feature Construction (FC) starts ...
Population Standard Deviation (SD) of the task 001:   22.11180
Total number of features in the space phi00:             17
Total number of features in the space phi01:            493
Total number of features in the space phi02:         110580
Total number of features in the space phi03:     1807995788
Size of the SIS-selected subspace from phi03:      10000
Time (second) used for this FC:          306.32

Descriptor Identification (DI) starts ...
Total number of SIS-selected features from all dimensions:      10000
 
  1D descriptor: 
     d001 = ((feature17*(feature10-feature16))+((feature1-feature13)*(feature12-feature13)))    feature_ID:000001

  1D model(y=sum(ci*di)+c0): 
     coeff.(ci)_task001:     0.4057692320E+02
             c0_task001:     0.5253726200E+02
     RMSE,MaxAE_task001:     0.1061729214E+02    0.2823245485E+02

     RMSE and MaxAE of the model:  10.617292 28.232455
--------------------------------------------------------------------------------
Time (second) used for this DI:            0.20

Dimension:   2
-------------------
Feature Construction (FC) starts ...
Total number of features in the space phi00:             17
Total number of features in the space phi01:            493
Total number of features in the space phi02:         110580
Total number of features in the space phi03:     1807995788
Size of the SIS-selected subspace from phi03:      10000
Time (second) used for this FC:          307.54

Descriptor Identification (DI) starts ...
Total number of SIS-selected features from all dimensions:      20000
 
Final model/descriptor !
================================================================================
  2D descriptor: 
     d001 = ((feature16*(feature10-feature16))+((feature1-feature13)*(feature12-feature13)))    feature_ID:000009
     d002 = (((feature10-feature4)-feature7)*((feature10*feature12)*(feature15-feature16)))    feature_ID:010003

  2D model(y=sum(ci*di)+c0): 
     coeff.(ci)_task001:     0.4614911433E+02    0.3246701412E+03
             c0_task001:     0.5403128157E+02
     RMSE,MaxAE_task001:     0.7847081230E+01    0.2734960070E+02

     RMSE and MaxAE of the model:   7.847081 27.349601
================================================================================
Time (second) used for this DI:           25.95
Total time (second):          657.48
Have a nice day !    

