****************************************************************
  Sure Independence Screening and Sparsifying Operator (SISSO)  
             Version SISSO.3.3, July, 2023.                
****************************************************************

Read in data from train.dat
Read in data from SISSO.in
Property type:     1
Number of tasks:        1
Descriptor dimension:        2
Number of samples for the task(s):     36
Restarts :  0
Number of scalar features:       25
Tier of the feature space:        3
Maximal feature complexity (number of operators in a feature):        6
Unit of input primary feature, each represented by a row vector: 
    1.00
    1.00
    1.00
    1.00
    1.00
    1.00
    1.00
    1.00
    1.00
    1.00
    1.00
    1.00
    1.00
    1.00
    1.00
    1.00
    1.00
    1.00
    1.00
    1.00
    1.00
    1.00
    1.00
    1.00
    1.00
The feature will be discarded if the minimum of the maximal abs. value in it <    0.10000E-02
The faature will be discarded if the maximum of the maximal abs. value in it >     0.10000E+06
Size of the SIS-selected (single) subspace :  10000 10000
Operators for feature construction: (+)(-)(*) (+)(-)(*) (+)(-)(*) 
Method for sparse regression:  L0        
Fitting intercept:      T
Metric for model selection: RMSE
Number of the top-ranked models to output:      100
--------------------------------------------------------------------------------

Dimension:   1
-------------------
Feature Construction (FC) starts ...
Population Standard Deviation (SD) of the task 001:   23.05032
Total number of features in the space phi00:             25
Total number of features in the space phi01:           1094
Total number of features in the space phi02:         571351
Total number of features in the space phi03:    31119192897
Size of the SIS-selected subspace from phi03:      10000
Time (second) used for this FC:         4517.73

Descriptor Identification (DI) starts ...
Total number of SIS-selected features from all dimensions:      10000
 
  1D descriptor: 
     d001 = ((feature18*(feature10+feature14))+((feature10-feature20)*(feature16-feature25)))    feature_ID:000001

  1D model(y=sum(ci*di)+c0): 
     coeff.(ci)_task001:     0.6627918896E+02
             c0_task001:     0.1353414829E+02
     RMSE,MaxAE_task001:     0.1211067871E+02    0.2835346063E+02

     RMSE and MaxAE of the model:  12.110679 28.353461
--------------------------------------------------------------------------------
Time (second) used for this DI:            0.09

Dimension:   2
-------------------
Feature Construction (FC) starts ...
Total number of features in the space phi00:             25
Total number of features in the space phi01:           1094
Total number of features in the space phi02:         571351
Total number of features in the space phi03:    31119192897
Size of the SIS-selected subspace from phi03:      10000
Time (second) used for this FC:         4514.85

Descriptor Identification (DI) starts ...
Total number of SIS-selected features from all dimensions:      20000
 
Final model/descriptor !
================================================================================
  2D descriptor: 
     d001 = (((feature18-feature9)*(feature14-feature16))-(feature23*(feature1+feature22)))    feature_ID:009754
     d002 = (((feature20+feature22)-feature24)*((feature16-feature17)*(feature16-feature19)))    feature_ID:010300

  2D model(y=sum(ci*di)+c0): 
     coeff.(ci)_task001:     0.4764642246E+02    0.6616980420E+03
             c0_task001:     0.4608528212E+02
     RMSE,MaxAE_task001:     0.6459630438E+01    0.1518512778E+02

     RMSE and MaxAE of the model:   6.459630 15.185128
================================================================================
Time (second) used for this DI:           25.48
Total time (second):         9059.17
Have a nice day !    

