
       ==============================================
       |                                            |
       |                 C R E S T                  |
       |                                            |
       |  Conformer-Rotamer Ensemble Sampling Tool  |
       |          based on the GFN methods          |
       |             P.Pracht, S.Grimme             |
       |          Universitaet Bonn, MCTC           |
       ==============================================
       Version 2.12,   Thu 19. Mai 16:32:32 CEST 2022
  Using the xTB program. Compatible with xTB version 6.4.0

   Cite work conducted with this code as

   • P.Pracht, F.Bohle, S.Grimme, PCCP, 2020, 22, 7169-7192.
   • S.Grimme, JCTC, 2019, 15, 2847-2862.

   and for works involving QCG as

   • S.Spicher, C.Plett, P.Pracht, A.Hansen, S.Grimme,
     JCTC, 2022, 18 (5), 3174-3189.

   with help from:
   C.Bannwarth, F.Bohle, S.Ehlert, S.Grimme,
   C.Plett, P.Pracht, S.Spicher

   This program is distributed in the hope that it will be useful,
   but WITHOUT ANY WARRANTY; without even the implied warranty of
   MERCHANTABILITY or FITNESS FOR A PARTICULAR PURPOSE.

 Command line input:
 > crest out.xyz --gfn 2 --chrg 0 -T 1 --noreftopo

  -gfn2 : Use of GFN2-xTB requested.
  --chrg 0
  -T 1 (CPUs/Threads selected)

 -------------------------
 xTB Geometry Optimization
 -------------------------
 Geometry successfully optimized.

------------------------------------------------
Generating MTD length from a flexibility measure
------------------------------------------------
 Calculating WBOs... done.
 Calculating NCI flexibility... done.
     covalent flexibility measure :   0.458
 non-covalent flexibility measure :   0.784
 flexibility measure :   0.495
 t(MTD) / ps    :     6.0
 Σ(t(MTD)) / ps :    84.0 (14 MTDs)

-------------------------------------
Starting a trial MTD to test settings
-------------------------------------
 Estimated runtime for one MTD (6.0 ps) on a single thread: 17 min 18 sec
 Estimated runtime for a batch of 14 MTDs on 1 threads: 4 h 2 min 5 sec

 list of Vbias parameters applied:
$metadyn    0.00300   1.300
$metadyn    0.00150   1.300
$metadyn    0.00075   1.300
$metadyn    0.00300   0.780
$metadyn    0.00150   0.780
$metadyn    0.00075   0.780
$metadyn    0.00300   0.468
$metadyn    0.00150   0.468
$metadyn    0.00075   0.468
$metadyn    0.00300   0.281
$metadyn    0.00150   0.281
$metadyn    0.00075   0.281
$metadyn    0.00100   0.100
$metadyn    0.00500   0.800

*******************************************************************************************
**                        N E W    I T E R A T I O N    C Y C L E                        **
*******************************************************************************************

========================================
            MTD Iteration  1
========================================

     ========================================
     |         Meta-MD (MTD) Sampling       |
     ========================================

Starting Meta-MD  14 with the settings:
     MD time /ps        :     6.0
     dt /fs             :     5.0
     dumpstep(trj) /fs  :     100
     dumpstep(Vbias)/ps :     1.0
     Vbias factor k /Eh :  0.1100
     Vbias exp α /bohr⁻²:    0.80
*Meta-MTD 14 finished*
Starting Meta-MD  13 with the settings:
     MD time /ps        :     6.0
     dt /fs             :     5.0
     dumpstep(trj) /fs  :     100
     dumpstep(Vbias)/ps :     1.0
     Vbias factor k /Eh :  0.0220
     Vbias exp α /bohr⁻²:    0.10
*Meta-MTD 13 finished*
Starting Meta-MD  12 with the settings:
     MD time /ps        :     6.0
     dt /fs             :     5.0
     dumpstep(trj) /fs  :     100
     dumpstep(Vbias)/ps :     1.0
     Vbias factor k /Eh :  0.0165
     Vbias exp α /bohr⁻²:    0.28
*Meta-MTD 12 finished*
Starting Meta-MD  11 with the settings:
     MD time /ps        :     6.0
     dt /fs             :     5.0
     dumpstep(trj) /fs  :     100
     dumpstep(Vbias)/ps :     1.0
     Vbias factor k /Eh :  0.0330
     Vbias exp α /bohr⁻²:    0.28
*Meta-MTD 11 finished*
Starting Meta-MD  10 with the settings:
     MD time /ps        :     6.0
     dt /fs             :     5.0
     dumpstep(trj) /fs  :     100
     dumpstep(Vbias)/ps :     1.0
     Vbias factor k /Eh :  0.0660
     Vbias exp α /bohr⁻²:    0.28
*Meta-MTD 10 finished*
Starting Meta-MD   9 with the settings:
     MD time /ps        :     6.0
     dt /fs             :     5.0
     dumpstep(trj) /fs  :     100
     dumpstep(Vbias)/ps :     1.0
     Vbias factor k /Eh :  0.0165
     Vbias exp α /bohr⁻²:    0.47
*Meta-MTD 9 finished*
Starting Meta-MD   8 with the settings:
     MD time /ps        :     6.0
     dt /fs             :     5.0
     dumpstep(trj) /fs  :     100
     dumpstep(Vbias)/ps :     1.0
     Vbias factor k /Eh :  0.0330
     Vbias exp α /bohr⁻²:    0.47
*Meta-MTD 8 finished*
Starting Meta-MD   7 with the settings:
     MD time /ps        :     6.0
     dt /fs             :     5.0
     dumpstep(trj) /fs  :     100
     dumpstep(Vbias)/ps :     1.0
     Vbias factor k /Eh :  0.0660
     Vbias exp α /bohr⁻²:    0.47
*Meta-MTD 7 finished*
Starting Meta-MD   6 with the settings:
     MD time /ps        :     6.0
     dt /fs             :     5.0
     dumpstep(trj) /fs  :     100
     dumpstep(Vbias)/ps :     1.0
     Vbias factor k /Eh :  0.0165
     Vbias exp α /bohr⁻²:    0.78
*Meta-MTD 6 finished*
Starting Meta-MD   5 with the settings:
     MD time /ps        :     6.0
     dt /fs             :     5.0
     dumpstep(trj) /fs  :     100
     dumpstep(Vbias)/ps :     1.0
     Vbias factor k /Eh :  0.0330
     Vbias exp α /bohr⁻²:    0.78
*Meta-MTD 5 finished*
Starting Meta-MD   4 with the settings:
     MD time /ps        :     6.0
     dt /fs             :     5.0
     dumpstep(trj) /fs  :     100
     dumpstep(Vbias)/ps :     1.0
     Vbias factor k /Eh :  0.0660
     Vbias exp α /bohr⁻²:    0.78
*Meta-MTD 4 finished*
Starting Meta-MD   3 with the settings:
     MD time /ps        :     6.0
     dt /fs             :     5.0
     dumpstep(trj) /fs  :     100
     dumpstep(Vbias)/ps :     1.0
     Vbias factor k /Eh :  0.0165
     Vbias exp α /bohr⁻²:    1.30
*Meta-MTD 3 finished*
Starting Meta-MD   2 with the settings:
     MD time /ps        :     6.0
     dt /fs             :     5.0
     dumpstep(trj) /fs  :     100
     dumpstep(Vbias)/ps :     1.0
     Vbias factor k /Eh :  0.0330
     Vbias exp α /bohr⁻²:    1.30
*Meta-MTD 2 finished*
Starting Meta-MD   1 with the settings:
     MD time /ps        :     6.0
     dt /fs             :     5.0
     dumpstep(trj) /fs  :     100
     dumpstep(Vbias)/ps :     1.0
     Vbias factor k /Eh :  0.0660
     Vbias exp α /bohr⁻²:    1.30
*Meta-MTD 1 finished*

-----------------------
Multilevel Optimization
-----------------------

 -------------------------
 1. crude pre-optimization
 -------------------------
 Optimizing all 826 structures from file "crest_rotamers_0.xyz" ...
 1 2 3 4 5 6 7 8 9 10 11 12 13 14 15 16 17 18 19 20 21 22 23 24 25 26 27 28 29 30 31 32 33 34 35 36 37 38 39 40 41 42 43 44 45 46 47 48 49 50 51 52 53 54 55 56 57 58 59 60 61 62 63 64 65 66 67 68 69 70 71 72 73 74 75 76 77 78 79 80 81 82 83 84 85 86 87 88 89 90 91 92 93 94 95 96 97 98 99 100 101 102 103 104 105 106 107 108 109 110 111 112 113 114 115 116 117 118 119 120 121 122 123 124 125 126 127 128 129 130 131 132 133 134 135 136 137 138 139 140 141 142 143 144 145 146 147 148 149 150 151 152 153 154 155 156 157 158 159 160 161 162 163 164 165 166 167 168 169 170 171 172 173 174 175 176 177 178 179 180 181 182 183 184 185 186 187 188 189 190 191 192 193 194 195 196 197 198 199 200 201 202 203 204 205 206 207 208 209 210 211 212 213 214 215 216 217 218 219 220 221 222 223 224 225 226 227 228 229 230 231 232 233 234 235 236 237 238 239 240 241 242 243 244 245 246 247 248 249 250 251 252 253 254 255 256 257 258 259 260 261 262 263 264 265 266 267 268 269 270 271 272 273 274 275 276 277 278 279 280 281 282 283 284 285 286 287 288 289 290 291 292 293 294 295 296 297 298 299 300 301 302 303 304 305 306 307 308 309 310 311 312 313 314 315 316 317 318 319 320 321 322 323 324 325 326 327 328 329 330 331 332 333 334 335 336 337 338 339 340 341 342 343 344 345 346 347 348 349 350 351 352 353 354 355 356 357 358 359 360 361 362 363 364 365 366 367 368 369 370 371 372 373 374 375 376 377 378 379 380 381 382 383 384 385 386 387 388 389 390 391 392 393 394 395 396 397 398 399 400 401 402 403 404 405 406 407 408 409 410 411 412 413 414 415 416 417 418 419 420 421 422 423 424 425 426 427 428 429 430 431 432 433 434 435 436 437 438 439 440 441 442 443 444 445 446 447 448 449 450 451 452 453 454 455 456 457 458 459 460 461 462 463 464 465 466 467 468 469 470 471 472 473 474 475 476 477 478 479 480 481 482 483 484 485 486 487 488 489 490 491 492 493 494 495 496 497 498 499 500 501 502 503 504 505 506 507 508 509 510 511 512 513 514 515 516 517 518 519 520 521 522 523 524 525 526 527 528 529 530 531 532 533 534 535 536 537 538 539 540 541 542 543 544 545 546 547 548 549 550 551 552 553 554 555 556 557 558 559 560 561 562 563 564 565 566 567 568 569 570 571 572 573 574 575 576 577 578 579 580 581 582 583 584 585 586 587 588 589 590 591 592 593 594 595 596 597 598 599 600 601 602 603 604 605 606 607 608 609 610 611 612 613 614 615 616 617 618 619 620 621 622 623 624 625 626 627 628 629 630 631 632 633 634 635 636 637 638 639 640 641 642 643 644 645 646 647 648 649 650 651 652 653 654 655 656 657 658 659 660 661 662 663 664 665 666 667 668 669 670 671 672 673 674 675 676 677 678 679 680 681 682 683 684 685 686 687 688 689 690 691 692 693 694 695 696 697 698 699 700 701 702 703 704 705 706 707 708 709 710 711 712 713 714 715 716 717 718 719 720 721 722 723 724 725 726 727 728 729 730 731 732 733 734 735 736 737 738 739 740 741 742 743 744 745 746 747 748 749 750 751 752 753 754 755 756 757 758 759 760 761 762 763 764 765 766 767 768 769 770 771 772 773 774 775 776 777 778 779 780 781 782 783 784 785 786 787 788 789 790 791 792 793 794 795 796 797 798 799 800 801 802 803 804 805 806 807 808 809 810 811 812 813 814 815 816 817 818 819 820 821 822 823 824 825 826
 done.
 running RMSDs...
 done.
 E lowest :   -28.11578
 707 structures remain within    12.00 kcal/mol window

 -------------------------------------
 2. optimization with tight thresholds
 -------------------------------------
 Optimizing all 708 structures from file "crest_rotamers_1.xyz" ...
 1 2 3 4 5 6 7 8 9 10 11 12 13 14 15 16 17 18 19 20 21 22 23 24 25 26 27 28 29 30 31 32 33 34 35 36 37 38 39 40 41 42 43 44 45 46 47 48 49 50 51 52 53 54 55 56 57 58 59 60 61 62 63 64 65 66 67 68 69 70 71 72 73 74 75 76 77 78 79 80 81 82 83 84 85 86 87 88 89 90 91 92 93 94 95 96 97 98 99 100 101 102 103 104 105 106 107 108 109 110 111 112 113 114 115 116 117 118 119 120 121 122 123 124 125 126 127 128 129 130 131 132 133 134 135 136 137 138 139 140 141 142 143 144 145 146 147 148 149 150 151 152 153 154 155 156 157 158 159 160 161 162 163 164 165 166 167 168 169 170 171 172 173 174 175 176 177 178 179 180 181 182 183 184 185 186 187 188 189 190 191 192 193 194 195 196 197 198 199 200 201 202 203 204 205 206 207 208 209 210 211 212 213 214 215 216 217 218 219 220 221 222 223 224 225 226 227 228 229 230 231 232 233 234 235 236 237 238 239 240 241 242 243 244 245 246 247 248 249 250 251 252 253 254 255 256 257 258 259 260 261 262 263 264 265 266 267 268 269 270 271 272 273 274 275 276 277 278 279 280 281 282 283 284 285 286 287 288 289 290 291 292 293 294 295 296 297 298 299 300 301 302 303 304 305 306 307 308 309 310 311 312 313 314 315 316 317 318 319 320 321 322 323 324 325 326 327 328 329 330 331 332 333 334 335 336 337 338 339 340 341 342 343 344 345 346 347 348 349 350 351 352 353 354 355 356 357 358 359 360 361 362 363 364 365 366 367 368 369 370 371 372 373 374 375 376 377 378 379 380 381 382 383 384 385 386 387 388 389 390 391 392 393 394 395 396 397 398 399 400 401 402 403 404 405 406 407 408 409 410 411 412 413 414 415 416 417 418 419 420 421 422 423 424 425 426 427 428 429 430 431 432 433 434 435 436 437 438 439 440 441 442 443 444 445 446 447 448 449 450 451 452 453 454 455 456 457 458 459 460 461 462 463 464 465 466 467 468 469 470 471 472 473 474 475 476 477 478 479 480 481 482 483 484 485 486 487 488 489 490 491 492 493 494 495 496 497 498 499 500 501 502 503 504 505 506 507 508 509 510 511 512 513 514 515 516 517 518 519 520 521 522 523 524 525 526 527 528 529 530 531 532 533 534 535 536 537 538 539 540 541 542 543 544 545 546 547 548 549 550 551 552 553 554 555 556 557 558 559 560 561 562 563 564 565 566 567 568 569 570 571 572 573 574 575 576 577 578 579 580 581 582 583 584 585 586 587 588 589 590 591 592 593 594 595 596 597 598 599 600 601 602 603 604 605 606 607 608 609 610 611 612 613 614 615 616 617 618 619 620 621 622 623 624 625 626 627 628 629 630 631 632 633 634 635 636 637 638 639 640 641 642 643 644 645 646 647 648 649 650 651 652 653 654 655 656 657 658 659 660 661 662 663 664 665 666 667 668 669 670 671 672 673 674 675 676 677 678 679 680 681 682 683 684 685 686 687 688 689 690 691 692 693 694 695 696 697 698 699 700 701 702 703 704 705 706 707 708
 done.
 running RMSDs...
 done.
 E lowest :   -28.11591
 327 structures remain within     6.00 kcal/mol window


========================================
            MTD Iteration  2
========================================

     ========================================
     |         Meta-MD (MTD) Sampling       |
     ========================================

Starting Meta-MD  12 with the settings:
     MD time /ps        :     6.0
     dt /fs             :     5.0
     dumpstep(trj) /fs  :     100
     dumpstep(Vbias)/ps :     1.0
     Vbias factor k /Eh :  0.0165
     Vbias exp α /bohr⁻²:    0.28
*Meta-MTD 12 finished*
Starting Meta-MD  11 with the settings:
     MD time /ps        :     6.0
     dt /fs             :     5.0
     dumpstep(trj) /fs  :     100
     dumpstep(Vbias)/ps :     1.0
     Vbias factor k /Eh :  0.0330
     Vbias exp α /bohr⁻²:    0.28
*Meta-MTD 11 finished*
Starting Meta-MD  10 with the settings:
     MD time /ps        :     6.0
     dt /fs             :     5.0
     dumpstep(trj) /fs  :     100
     dumpstep(Vbias)/ps :     1.0
     Vbias factor k /Eh :  0.0660
     Vbias exp α /bohr⁻²:    0.28
*Meta-MTD 10 finished*
Starting Meta-MD   9 with the settings:
     MD time /ps        :     6.0
     dt /fs             :     5.0
     dumpstep(trj) /fs  :     100
     dumpstep(Vbias)/ps :     1.0
     Vbias factor k /Eh :  0.0165
     Vbias exp α /bohr⁻²:    0.47
*Meta-MTD 9 finished*
Starting Meta-MD   8 with the settings:
     MD time /ps        :     6.0
     dt /fs             :     5.0
     dumpstep(trj) /fs  :     100
     dumpstep(Vbias)/ps :     1.0
     Vbias factor k /Eh :  0.0330
     Vbias exp α /bohr⁻²:    0.47
*Meta-MTD 8 finished*
Starting Meta-MD   7 with the settings:
     MD time /ps        :     6.0
     dt /fs             :     5.0
     dumpstep(trj) /fs  :     100
     dumpstep(Vbias)/ps :     1.0
     Vbias factor k /Eh :  0.0660
     Vbias exp α /bohr⁻²:    0.47
*Meta-MTD 7 finished*
Starting Meta-MD   6 with the settings:
     MD time /ps        :     6.0
     dt /fs             :     5.0
     dumpstep(trj) /fs  :     100
     dumpstep(Vbias)/ps :     1.0
     Vbias factor k /Eh :  0.0165
     Vbias exp α /bohr⁻²:    0.78
*Meta-MTD 6 finished*
Starting Meta-MD   5 with the settings:
     MD time /ps        :     6.0
     dt /fs             :     5.0
     dumpstep(trj) /fs  :     100
     dumpstep(Vbias)/ps :     1.0
     Vbias factor k /Eh :  0.0330
     Vbias exp α /bohr⁻²:    0.78
*Meta-MTD 5 finished*
Starting Meta-MD   4 with the settings:
     MD time /ps        :     6.0
     dt /fs             :     5.0
     dumpstep(trj) /fs  :     100
     dumpstep(Vbias)/ps :     1.0
     Vbias factor k /Eh :  0.0660
     Vbias exp α /bohr⁻²:    0.78
*Meta-MTD 4 finished*
Starting Meta-MD   3 with the settings:
     MD time /ps        :     6.0
     dt /fs             :     5.0
     dumpstep(trj) /fs  :     100
     dumpstep(Vbias)/ps :     1.0
     Vbias factor k /Eh :  0.0165
     Vbias exp α /bohr⁻²:    1.30
*Meta-MTD 3 finished*
Starting Meta-MD   2 with the settings:
     MD time /ps        :     6.0
     dt /fs             :     5.0
     dumpstep(trj) /fs  :     100
     dumpstep(Vbias)/ps :     1.0
     Vbias factor k /Eh :  0.0330
     Vbias exp α /bohr⁻²:    1.30
*Meta-MTD 2 finished*
Starting Meta-MD   1 with the settings:
     MD time /ps        :     6.0
     dt /fs             :     5.0
     dumpstep(trj) /fs  :     100
     dumpstep(Vbias)/ps :     1.0
     Vbias factor k /Eh :  0.0660
     Vbias exp α /bohr⁻²:    1.30
*Meta-MTD 1 finished*

-----------------------
Multilevel Optimization
-----------------------

 -------------------------
 1. crude pre-optimization
 -------------------------
 Optimizing all 708 structures from file "crest_rotamers_0.xyz" ...
 1 2 3 4 5 6 7 8 9 10 11 12 13 14 15 16 17 18 19 20 21 22 23 24 25 26 27 28 29 30 31 32 33 34 35 36 37 38 39 40 41 42 43 44 45 46 47 48 49 50 51 52 53 54 55 56 57 58 59 60 61 62 63 64 65 66 67 68 69 70 71 72 73 74 75 76 77 78 79 80 81 82 83 84 85 86 87 88 89 90 91 92 93 94 95 96 97 98 99 100 101 102 103 104 105 106 107 108 109 110 111 112 113 114 115 116 117 118 119 120 121 122 123 124 125 126 127 128 129 130 131 132 133 134 135 136 137 138 139 140 141 142 143 144 145 146 147 148 149 150 151 152 153 154 155 156 157 158 159 160 161 162 163 164 165 166 167 168 169 170 171 172 173 174 175 176 177 178 179 180 181 182 183 184 185 186 187 188 189 190 191 192 193 194 195 196 197 198 199 200 201 202 203 204 205 206 207 208 209 210 211 212 213 214 215 216 217 218 219 220 221 222 223 224 225 226 227 228 229 230 231 232 233 234 235 236 237 238 239 240 241 242 243 244 245 246 247 248 249 250 251 252 253 254 255 256 257 258 259 260 261 262 263 264 265 266 267 268 269 270 271 272 273 274 275 276 277 278 279 280 281 282 283 284 285 286 287 288 289 290 291 292 293 294 295 296 297 298 299 300 301 302 303 304 305 306 307 308 309 310 311 312 313 314 315 316 317 318 319 320 321 322 323 324 325 326 327 328 329 330 331 332 333 334 335 336 337 338 339 340 341 342 343 344 345 346 347 348 349 350 351 352 353 354 355 356 357 358 359 360 361 362 363 364 365 366 367 368 369 370 371 372 373 374 375 376 377 378 379 380 381 382 383 384 385 386 387 388 389 390 391 392 393 394 395 396 397 398 399 400 401 402 403 404 405 406 407 408 409 410 411 412 413 414 415 416 417 418 419 420 421 422 423 424 425 426 427 428 429 430 431 432 433 434 435 436 437 438 439 440 441 442 443 444 445 446 447 448 449 450 451 452 453 454 455 456 457 458 459 460 461 462 463 464 465 466 467 468 469 470 471 472 473 474 475 476 477 478 479 480 481 482 483 484 485 486 487 488 489 490 491 492 493 494 495 496 497 498 499 500 501 502 503 504 505 506 507 508 509 510 511 512 513 514 515 516 517 518 519 520 521 522 523 524 525 526 527 528 529 530 531 532 533 534 535 536 537 538 539 540 541 542 543 544 545 546 547 548 549 550 551 552 553 554 555 556 557 558 559 560 561 562 563 564 565 566 567 568 569 570 571 572 573 574 575 576 577 578 579 580 581 582 583 584 585 586 587 588 589 590 591 592 593 594 595 596 597 598 599 600 601 602 603 604 605 606 607 608 609 610 611 612 613 614 615 616 617 618 619 620 621 622 623 624 625 626 627 628 629 630 631 632 633 634 635 636 637 638 639 640 641 642 643 644 645 646 647 648 649 650 651 652 653 654 655 656 657 658 659 660 661 662 663 664 665 666 667 668 669 670 671 672 673 674 675 676 677 678 679 680 681 682 683 684 685 686 687 688 689 690 691 692 693 694 695 696 697 698 699 700 701 702 703 704 705 706 707 708
 done.
 running RMSDs...
 done.
 E lowest :   -28.11578
 628 structures remain within    12.00 kcal/mol window

 -------------------------------------
 2. optimization with tight thresholds
 -------------------------------------
 Optimizing all 629 structures from file "crest_rotamers_1.xyz" ...
 1 2 3 4 5 6 7 8 9 10 11 12 13 14 15 16 17 18 19 20 21 22 23 24 25 26 27 28 29 30 31 32 33 34 35 36 37 38 39 40 41 42 43 44 45 46 47 48 49 50 51 52 53 54 55 56 57 58 59 60 61 62 63 64 65 66 67 68 69 70 71 72 73 74 75 76 77 78 79 80 81 82 83 84 85 86 87 88 89 90 91 92 93 94 95 96 97 98 99 100 101 102 103 104 105 106 107 108 109 110 111 112 113 114 115 116 117 118 119 120 121 122 123 124 125 126 127 128 129 130 131 132 133 134 135 136 137 138 139 140 141 142 143 144 145 146 147 148 149 150 151 152 153 154 155 156 157 158 159 160 161 162 163 164 165 166 167 168 169 170 171 172 173 174 175 176 177 178 179 180 181 182 183 184 185 186 187 188 189 190 191 192 193 194 195 196 197 198 199 200 201 202 203 204 205 206 207 208 209 210 211 212 213 214 215 216 217 218 219 220 221 222 223 224 225 226 227 228 229 230 231 232 233 234 235 236 237 238 239 240 241 242 243 244 245 246 247 248 249 250 251 252 253 254 255 256 257 258 259 260 261 262 263 264 265 266 267 268 269 270 271 272 273 274 275 276 277 278 279 280 281 282 283 284 285 286 287 288 289 290 291 292 293 294 295 296 297 298 299 300 301 302 303 304 305 306 307 308 309 310 311 312 313 314 315 316 317 318 319 320 321 322 323 324 325 326 327 328 329 330 331 332 333 334 335 336 337 338 339 340 341 342 343 344 345 346 347 348 349 350 351 352 353 354 355 356 357 358 359 360 361 362 363 364 365 366 367 368 369 370 371 372 373 374 375 376 377 378 379 380 381 382 383 384 385 386 387 388 389 390 391 392 393 394 395 396 397 398 399 400 401 402 403 404 405 406 407 408 409 410 411 412 413 414 415 416 417 418 419 420 421 422 423 424 425 426 427 428 429 430 431 432 433 434 435 436 437 438 439 440 441 442 443 444 445 446 447 448 449 450 451 452 453 454 455 456 457 458 459 460 461 462 463 464 465 466 467 468 469 470 471 472 473 474 475 476 477 478 479 480 481 482 483 484 485 486 487 488 489 490 491 492 493 494 495 496 497 498 499 500 501 502 503 504 505 506 507 508 509 510 511 512 513 514 515 516 517 518 519 520 521 522 523 524 525 526 527 528 529 530 531 532 533 534 535 536 537 538 539 540 541 542 543 544 545 546 547 548 549 550 551 552 553 554 555 556 557 558 559 560 561 562 563 564 565 566 567 568 569 570 571 572 573 574 575 576 577 578 579 580 581 582 583 584 585 586 587 588 589 590 591 592 593 594 595 596 597 598 599 600 601 602 603 604 605 606 607 608 609 610 611 612 613 614 615 616 617 618 619 620 621 622 623 624 625 626 627 628 629
 done.
 running RMSDs...
 done.
 E lowest :   -28.11591
 261 structures remain within     6.00 kcal/mol window

========================================
            MTD Iterations done         
========================================
 Collecting ensmbles.
 running RMSDs...
 done.
 E lowest :   -28.11591
 512 structures remain within     6.00 kcal/mol window

 -------------------------------
 Additional orientation sampling
 -------------------------------
 Optimizing all 218 structures from file "oh_ensemble.xyz" ...
 1 2 3 4 5 6 7 8 9 10 11 12 13 14 15 16 17 18 19 20 21 22 23 24 25 26 27 28 29 30 31 32 33 34 35 36 37 38 39 40 41 42 43 44 45 46 47 48 49 50 51 52 53 54 55 56 57 58 59 60 61 62 63 64 65 66 67 68 69 70 71 72 73 74 75 76 77 78 79 80 81 82 83 84 85 86 87 88 89 90 91 92 93 94 95 96 97 98 99 100 101 102 103 104 105 106 107 108 109 110 111 112 113 114 115 116 117 118 119 120 121 122 123 124 125 126 127 128 129 130 131 132 133 134 135 136 137 138 139 140 141 142 143 144 145 146 147 148 149 150 151 152 153 154 155 156 157 158 159 160 161 162 163 164 165 166 167 168 169 170 171 172 173 174 175 176 177 178 179 180 181 182 183 184 185 186 187 188 189 190 191 192 193 194 195 196 197 198 199 200 201 202 203 204 205 206 207 208 209 210 211 212 213 214 215 216 217 218
 done.
 running RMSDs...
 done.
 E lowest :   -28.11591
 620 structures remain within     6.00 kcal/mol window

-----------------------------------------------
Additional regular MDs on lowest 4 conformer(s)
-----------------------------------------------
Starting MD   8 with the settings:
     MD time /ps        :     3.0
     MD Temperature /K  :   500.0
     dt /fs             :     5.0
     dumpstep(trj) /fs  :     100
*MD 8 finished*
Starting MD   7 with the settings:
     MD time /ps        :     3.0
     MD Temperature /K  :   400.0
     dt /fs             :     5.0
     dumpstep(trj) /fs  :     100
*MD 7 finished*
Starting MD   6 with the settings:
     MD time /ps        :     3.0
     MD Temperature /K  :   500.0
     dt /fs             :     5.0
     dumpstep(trj) /fs  :     100
*MD 6 finished*
Starting MD   5 with the settings:
     MD time /ps        :     3.0
     MD Temperature /K  :   400.0
     dt /fs             :     5.0
     dumpstep(trj) /fs  :     100
*MD 5 finished*
Starting MD   4 with the settings:
     MD time /ps        :     3.0
     MD Temperature /K  :   500.0
     dt /fs             :     5.0
     dumpstep(trj) /fs  :     100
*MD 4 finished*
Starting MD   3 with the settings:
     MD time /ps        :     3.0
     MD Temperature /K  :   400.0
     dt /fs             :     5.0
     dumpstep(trj) /fs  :     100
*MD 3 finished*
Starting MD   2 with the settings:
     MD time /ps        :     3.0
     MD Temperature /K  :   500.0
     dt /fs             :     5.0
     dumpstep(trj) /fs  :     100
*MD 2 finished*
Starting MD   1 with the settings:
     MD time /ps        :     3.0
     MD Temperature /K  :   400.0
     dt /fs             :     5.0
     dumpstep(trj) /fs  :     100
*MD 1 finished*
 Appending file crest_rotamers_2.xyz with new structures

 -------------------------------------------
 Ensemble optimization with tight thresholds
 -------------------------------------------
 Optimizing all 852 structures from file "crest_rotamers_2.xyz" ...
 1 2 3 4 5 6 7 8 9 10 11 12 13 14 15 16 17 18 19 20 21 22 23 24 25 26 27 28 29 30 31 32 33 34 35 36 37 38 39 40 41 42 43 44 45 46 47 48 49 50 51 52 53 54 55 56 57 58 59 60 61 62 63 64 65 66 67 68 69 70 71 72 73 74 75 76 77 78 79 80 81 82 83 84 85 86 87 88 89 90 91 92 93 94 95 96 97 98 99 100 101 102 103 104 105 106 107 108 109 110 111 112 113 114 115 116 117 118 119 120 121 122 123 124 125 126 127 128 129 130 131 132 133 134 135 136 137 138 139 140 141 142 143 144 145 146 147 148 149 150 151 152 153 154 155 156 157 158 159 160 161 162 163 164 165 166 167 168 169 170 171 172 173 174 175 176 177 178 179 180 181 182 183 184 185 186 187 188 189 190 191 192 193 194 195 196 197 198 199 200 201 202 203 204 205 206 207 208 209 210 211 212 213 214 215 216 217 218 219 220 221 222 223 224 225 226 227 228 229 230 231 232 233 234 235 236 237 238 239 240 241 242 243 244 245 246 247 248 249 250 251 252 253 254 255 256 257 258 259 260 261 262 263 264 265 266 267 268 269 270 271 272 273 274 275 276 277 278 279 280 281 282 283 284 285 286 287 288 289 290 291 292 293 294 295 296 297 298 299 300 301 302 303 304 305 306 307 308 309 310 311 312 313 314 315 316 317 318 319 320 321 322 323 324 325 326 327 328 329 330 331 332 333 334 335 336 337 338 339 340 341 342 343 344 345 346 347 348 349 350 351 352 353 354 355 356 357 358 359 360 361 362 363 364 365 366 367 368 369 370 371 372 373 374 375 376 377 378 379 380 381 382 383 384 385 386 387 388 389 390 391 392 393 394 395 396 397 398 399 400 401 402 403 404 405 406 407 408 409 410 411 412 413 414 415 416 417 418 419 420 421 422 423 424 425 426 427 428 429 430 431 432 433 434 435 436 437 438 439 440 441 442 443 444 445 446 447 448 449 450 451 452 453 454 455 456 457 458 459 460 461 462 463 464 465 466 467 468 469 470 471 472 473 474 475 476 477 478 479 480 481 482 483 484 485 486 487 488 489 490 491 492 493 494 495 496 497 498 499 500 501 502 503 504 505 506 507 508 509 510 511 512 513 514 515 516 517 518 519 520 521 522 523 524 525 526 527 528 529 530 531 532 533 534 535 536 537 538 539 540 541 542 543 544 545 546 547 548 549 550 551 552 553 554 555 556 557 558 559 560 561 562 563 564 565 566 567 568 569 570 571 572 573 574 575 576 577 578 579 580 581 582 583 584 585 586 587 588 589 590 591 592 593 594 595 596 597 598 599 600 601 602 603 604 605 606 607 608 609 610 611 612 613 614 615 616 617 618 619 620 621 622 623 624 625 626 627 628 629 630 631 632 633 634 635 636 637 638 639 640 641 642 643 644 645 646 647 648 649 650 651 652 653 654 655 656 657 658 659 660 661 662 663 664 665 666 667 668 669 670 671 672 673 674 675 676 677 678 679 680 681 682 683 684 685 686 687 688 689 690 691 692 693 694 695 696 697 698 699 700 701 702 703 704 705 706 707 708 709 710 711 712 713 714 715 716 717 718 719 720 721 722 723 724 725 726 727 728 729 730 731 732 733 734 735 736 737 738 739 740 741 742 743 744 745 746 747 748 749 750 751 752 753 754 755 756 757 758 759 760 761 762 763 764 765 766 767 768 769 770 771 772 773 774 775 776 777 778 779 780 781 782 783 784 785 786 787 788 789 790 791 792 793 794 795 796 797 798 799 800 801 802 803 804 805 806 807 808 809 810 811 812 813 814 815 816 817 818 819 820 821 822 823 824 825 826 827 828 829 830 831 832 833 834 835 836 837 838 839 840 841 842 843 844 845 846 847 848 849 850 851 852
 done.
 running RMSDs...
 done.
 E lowest :   -28.11591
 638 structures remain within     6.00 kcal/mol window


     ========================================
     |        Structure Crossing (GC)       |
     ========================================
 =============================
  # threads =           1
 =============================
 input  file name : crest_rotamers_4.xyz
number of atoms                :    22
number of points on xyz files  :   638
conformer energy window  /kcal :    6.00
CN per atom difference cut-off :  0.3000
RMSD threshold                 :  0.2500
max. # of generated structures : 300
 reading xyz file ...
 # in E window                638
 generating pairs ...      203840
  15.7 % done
  31.3 % done
  47.0 % done
  62.7 % done
  78.4 % done
  94.0 % done
 generated pairs           :      200128
 number of clash discarded :        3075
 average rmsd w.r.t input  : 2.94478
 sd of ensemble            : 0.56016
 number of new structures      :          21
 removed identical structures  :         579
 writing           21  TMPCONF* dirs ...
 --------------------------
 GC: loose pre-optimization
 --------------------------
 Starting optimization of generated structures
 21 jobs to do.
 1 2 3 4 5 6 7 8 9 10 11 12 13 14 15 16 17 18 19 20 21 
 done.
 Now appending opt.xyz file with new structures
 running RMSDs...
 done.
 E lowest :   -28.11587
 14 structures remain within    10.00 kcal/mol window
 --------------------------------------
 GC: optimization with tight thresholds
 --------------------------------------
 Optimizing all 14 structures from file "crest_rotamers_1.xyz" ...
 1 2 3 4 5 6 7 8 9 10 11 12 13 14
 done.
 running RMSDs...
 done.
 E lowest :   -28.11591


   ================================================
   |           Final Geometry Optimization        |
   ================================================
 ------------------------------------------------
 Ensemble optimization with very tight thresholds
 ------------------------------------------------
 Optimizing all 638 structures from file "crest_rotamers_5.xyz" ...
 1 2 3 4 5 6 7 8 9 10 11 12 13 14 15 16 17 18 19 20 21 22 23 24 25 26 27 28 29 30 31 32 33 34 35 36 37 38 39 40 41 42 43 44 45 46 47 48 49 50 51 52 53 54 55 56 57 58 59 60 61 62 63 64 65 66 67 68 69 70 71 72 73 74 75 76 77 78 79 80 81 82 83 84 85 86 87 88 89 90 91 92 93 94 95 96 97 98 99 100 101 102 103 104 105 106 107 108 109 110 111 112 113 114 115 116 117 118 119 120 121 122 123 124 125 126 127 128 129 130 131 132 133 134 135 136 137 138 139 140 141 142 143 144 145 146 147 148 149 150 151 152 153 154 155 156 157 158 159 160 161 162 163 164 165 166 167 168 169 170 171 172 173 174 175 176 177 178 179 180 181 182 183 184 185 186 187 188 189 190 191 192 193 194 195 196 197 198 199 200 201 202 203 204 205 206 207 208 209 210 211 212 213 214 215 216 217 218 219 220 221 222 223 224 225 226 227 228 229 230 231 232 233 234 235 236 237 238 239 240 241 242 243 244 245 246 247 248 249 250 251 252 253 254 255 256 257 258 259 260 261 262 263 264 265 266 267 268 269 270 271 272 273 274 275 276 277 278 279 280 281 282 283 284 285 286 287 288 289 290 291 292 293 294 295 296 297 298 299 300 301 302 303 304 305 306 307 308 309 310 311 312 313 314 315 316 317 318 319 320 321 322 323 324 325 326 327 328 329 330 331 332 333 334 335 336 337 338 339 340 341 342 343 344 345 346 347 348 349 350 351 352 353 354 355 356 357 358 359 360 361 362 363 364 365 366 367 368 369 370 371 372 373 374 375 376 377 378 379 380 381 382 383 384 385 386 387 388 389 390 391 392 393 394 395 396 397 398 399 400 401 402 403 404 405 406 407 408 409 410 411 412 413 414 415 416 417 418 419 420 421 422 423 424 425 426 427 428 429 430 431 432 433 434 435 436 437 438 439 440 441 442 443 444 445 446 447 448 449 450 451 452 453 454 455 456 457 458 459 460 461 462 463 464 465 466 467 468 469 470 471 472 473 474 475 476 477 478 479 480 481 482 483 484 485 486 487 488 489 490 491 492 493 494 495 496 497 498 499 500 501 502 503 504 505 506 507 508 509 510 511 512 513 514 515 516 517 518 519 520 521 522 523 524 525 526 527 528 529 530 531 532 533 534 535 536 537 538 539 540 541 542 543 544 545 546 547 548 549 550 551 552 553 554 555 556 557 558 559 560 561 562 563 564 565 566 567 568 569 570 571 572 573 574 575 576 577 578 579 580 581 582 583 584 585 586 587 588 589 590 591 592 593 594 595 596 597 598 599 600 601 602 603 604 605 606 607 608 609 610 611 612 613 614 615 616 617 618 619 620 621 622 623 624 625 626 627 628 629 630 631 632 633 634 635 636 637 638
 done.
 running RMSDs...
 done.
 E lowest :   -28.11591
 636 structures remain within     6.00 kcal/mol window

 input  file name : crest_rotamers_6.xyz
 output file name : crest_rotamers_7.xyz
 number of atoms                :   22
 number of points on xyz files  :   638
 RMSD threshold                 :   0.1250
 Bconst threshold               :   0.0100
 population threshold           :   0.0500
 conformer energy window  /kcal :   6.0000
 # fragment in coord            :     1
 # bonds in reference structure :    21
 number of reliable points      :   638
 reference state Etot :  -28.115912219999998
 number of doubles removed by rot/RMSD         :           2
 total number unique points considered further :         636
       Erel/kcal        Etot weight/tot  conformer     set   degen     origin
       1   0.000   -28.11591    0.02269    0.40835       1      18     md1
       2   0.000   -28.11591    0.02269                                mtd11
       3   0.000   -28.11591    0.02269                                mtd9
       4   0.000   -28.11591    0.02269                                mtd1
       5   0.000   -28.11591    0.02269                                md1
       6   0.000   -28.11591    0.02269                                mtd8
       7   0.000   -28.11591    0.02269                                mtd4
       8   0.000   -28.11591    0.02269                                mtd2
       9   0.000   -28.11591    0.02269                                mtd6
      10   0.000   -28.11591    0.02269                                mtd12
      11   0.000   -28.11591    0.02269                                hor
      12   0.000   -28.11591    0.02269                                mtd11
      13   0.000   -28.11591    0.02269                                hor
      14   0.000   -28.11591    0.02269                                md1
      15   0.000   -28.11591    0.02269                                mtd10
      16   0.000   -28.11591    0.02268                                mtd11
      17   0.000   -28.11591    0.02268                                mtd3
      18   0.000   -28.11591    0.02268                                hor
      19   0.360   -28.11534    0.01237    0.18556       2      15     mtd14
      20   0.360   -28.11534    0.01237                                hor
      21   0.360   -28.11534    0.01237                                md2
      22   0.360   -28.11534    0.01237                                mtd2
      23   0.360   -28.11534    0.01237                                mtd2
      24   0.360   -28.11534    0.01237                                mtd9
      25   0.360   -28.11534    0.01237                                hor
      26   0.360   -28.11534    0.01237                                md1
      27   0.360   -28.11534    0.01237                                mtd1
      28   0.360   -28.11534    0.01237                                mtd3
      29   0.360   -28.11534    0.01237                                mtd1
      30   0.360   -28.11534    0.01237                                mtd9
      31   0.360   -28.11534    0.01237                                mtd2
      32   0.360   -28.11534    0.01237                                md4
      33   0.360   -28.11534    0.01237                                mtd2
      34   0.394   -28.11528    0.01167    0.11672       3      10     mtd8
      35   0.394   -28.11528    0.01167                                hor
      36   0.394   -28.11528    0.01167                                mtd6
      37   0.394   -28.11528    0.01167                                mtd7
      38   0.394   -28.11528    0.01167                                mtd1
      39   0.394   -28.11528    0.01167                                mtd5
      40   0.394   -28.11528    0.01167                                mtd11
      41   0.394   -28.11528    0.01167                                mtd1
      42   0.394   -28.11528    0.01167                                mtd5
      43   0.394   -28.11528    0.01167                                mtd4
      44   0.509   -28.11510    0.00961    0.07683       4       8     hor
      45   0.509   -28.11510    0.00961                                mtd7
      46   0.509   -28.11510    0.00961                                md8
      47   0.509   -28.11510    0.00961                                md8
      48   0.510   -28.11510    0.00961                                hor
      49   0.510   -28.11510    0.00961                                mtd4
      50   0.510   -28.11510    0.00960                                md7
      51   0.512   -28.11510    0.00957                                mtd4
      52   0.685   -28.11482    0.00715    0.06431       5       9     mtd11
      53   0.685   -28.11482    0.00715                                mtd8
      54   0.685   -28.11482    0.00715                                md6
      55   0.685   -28.11482    0.00715                                md6
      56   0.685   -28.11482    0.00715                                mtd7
      57   0.685   -28.11482    0.00715                                md6
      58   0.685   -28.11482    0.00715                                mtd1
      59   0.686   -28.11482    0.00713                                mtd5
      60   0.688   -28.11482    0.00711                                mtd1
      61   1.593   -28.11337    0.00155    0.02474       6      16     mtd14
      62   1.593   -28.11337    0.00155                                mtd2
      63   1.593   -28.11337    0.00155                                mtd2
      64   1.593   -28.11337    0.00155                                mtd8
      65   1.593   -28.11337    0.00155                                mtd6
      66   1.593   -28.11337    0.00155                                mtd6
      67   1.593   -28.11337    0.00155                                mtd2
      68   1.593   -28.11337    0.00155                                hor
      69   1.593   -28.11337    0.00155                                mtd8
      70   1.593   -28.11337    0.00155                                mtd2
      71   1.593   -28.11337    0.00155                                mtd3
      72   1.593   -28.11337    0.00155                                mtd5
      73   1.593   -28.11337    0.00155                                hor
      74   1.593   -28.11337    0.00155                                mtd6
      75   1.593   -28.11337    0.00155                                mtd7
      76   1.593   -28.11337    0.00154                                mtd1
      77   1.720   -28.11317    0.00125    0.01995       7      16     mtd14
      78   1.720   -28.11317    0.00125                                hor
      79   1.720   -28.11317    0.00125                                hor
      80   1.720   -28.11317    0.00125                                mtd4
      81   1.720   -28.11317    0.00125                                mtd8
      82   1.720   -28.11317    0.00125                                md4
      83   1.720   -28.11317    0.00125                                hor
      84   1.720   -28.11317    0.00125                                mtd9
      85   1.720   -28.11317    0.00125                                mtd14
      86   1.720   -28.11317    0.00125                                hor
      87   1.720   -28.11317    0.00125                                mtd2
      88   1.720   -28.11317    0.00125                                hor
      89   1.720   -28.11317    0.00125                                mtd7
      90   1.720   -28.11317    0.00125                                md4
      91   1.721   -28.11317    0.00125                                mtd3
      92   1.721   -28.11317    0.00124                                mtd1
      93   1.828   -28.11300    0.00104    0.00832       8       8     mtd2
      94   1.828   -28.11300    0.00104                                hor
      95   1.828   -28.11300    0.00104                                hor
      96   1.828   -28.11300    0.00104                                mtd7
      97   1.828   -28.11300    0.00104                                mtd5
      98   1.828   -28.11300    0.00104                                mtd5
      99   1.829   -28.11300    0.00104                                mtd1
     100   1.830   -28.11300    0.00104                                md1
     101   1.830   -28.11300    0.00104    0.00933       9       9     hor
     102   1.830   -28.11300    0.00104                                mtd2
     103   1.830   -28.11300    0.00104                                hor
     104   1.830   -28.11300    0.00104                                mtd7
     105   1.830   -28.11300    0.00104                                hor
     106   1.830   -28.11300    0.00104                                mtd1
     107   1.830   -28.11300    0.00104                                mtd2
     108   1.831   -28.11300    0.00104                                mtd1
     109   1.831   -28.11299    0.00104                                mtd1
     110   1.835   -28.11299    0.00103    0.01130      10      11     mtd4
     111   1.835   -28.11299    0.00103                                mtd11
     112   1.835   -28.11299    0.00103                                mtd9
     113   1.835   -28.11299    0.00103                                hor
     114   1.835   -28.11299    0.00103                                hor
     115   1.835   -28.11299    0.00103                                mtd9
     116   1.835   -28.11299    0.00103                                mtd11
     117   1.835   -28.11299    0.00103                                mtd11
     118   1.835   -28.11299    0.00103                                mtd9
     119   1.836   -28.11299    0.00103                                mtd5
     120   1.836   -28.11299    0.00103                                mtd8
     121   1.895   -28.11289    0.00093    0.00557      11       6     hor
     122   1.895   -28.11289    0.00093                                mtd5
     123   1.895   -28.11289    0.00093                                hor
     124   1.895   -28.11289    0.00093                                mtd8
     125   1.895   -28.11289    0.00093                                mtd10
     126   1.895   -28.11289    0.00093                                mtd12
     127   1.910   -28.11287    0.00091    0.00272      12       3     mtd12
     128   1.910   -28.11287    0.00091                                hor
     129   1.910   -28.11287    0.00091                                hor
     130   1.916   -28.11286    0.00090    0.00897      13      10     mtd10
     131   1.916   -28.11286    0.00090                                mtd5
     132   1.916   -28.11286    0.00090                                mtd12
     133   1.916   -28.11286    0.00090                                hor
     134   1.916   -28.11286    0.00090                                hor
     135   1.916   -28.11286    0.00090                                mtd10
     136   1.916   -28.11286    0.00090                                mtd2
     137   1.916   -28.11286    0.00090                                mtd4
     138   1.916   -28.11286    0.00090                                mtd10
     139   1.916   -28.11286    0.00090                                mtd4
     140   1.979   -28.11276    0.00081    0.01207      14      15     md1
     141   1.979   -28.11276    0.00081                                mtd8
     142   1.979   -28.11276    0.00081                                mtd14
     143   1.979   -28.11276    0.00081                                mtd6
     144   1.979   -28.11276    0.00081                                mtd3
     145   1.979   -28.11276    0.00081                                md3
     146   1.979   -28.11276    0.00081                                mtd8
     147   1.979   -28.11276    0.00081                                mtd7
     148   1.980   -28.11276    0.00081                                hor
     149   1.980   -28.11276    0.00080                                mtd14
     150   1.980   -28.11276    0.00080                                mtd12
     151   1.980   -28.11276    0.00080                                mtd3
     152   1.981   -28.11276    0.00080                                mtd7
     153   1.982   -28.11275    0.00080                                mtd14
     154   1.983   -28.11275    0.00080                                mtd8
     155   1.985   -28.11275    0.00080    0.00237      15       3     mtd8
     156   1.995   -28.11273    0.00079                                mtd14
     157   1.997   -28.11273    0.00078                                mtd10
     158   2.355   -28.11216    0.00043    0.00634      16      15     mtd7
     159   2.355   -28.11216    0.00043                                mtd5
     160   2.355   -28.11216    0.00043                                hor
     161   2.355   -28.11216    0.00043                                md6
     162   2.355   -28.11216    0.00043                                hor
     163   2.355   -28.11216    0.00043                                mtd1
     164   2.367   -28.11214    0.00042                                md5
     165   2.367   -28.11214    0.00042                                mtd1
     166   2.367   -28.11214    0.00042                                mtd1
     167   2.367   -28.11214    0.00042                                hor
     168   2.367   -28.11214    0.00042                                mtd5
     169   2.367   -28.11214    0.00042                                md5
     170   2.367   -28.11214    0.00042                                mtd1
     171   2.367   -28.11214    0.00042                                mtd7
     172   2.368   -28.11214    0.00042                                mtd5
     173   2.377   -28.11212    0.00041    0.00370      17       9     md7
     174   2.377   -28.11212    0.00041                                mtd5
     175   2.377   -28.11212    0.00041                                mtd4
     176   2.377   -28.11212    0.00041                                hor
     177   2.378   -28.11212    0.00041                                md7
     178   2.378   -28.11212    0.00041                                mtd4
     179   2.378   -28.11212    0.00041                                md8
     180   2.379   -28.11212    0.00041                                md8
     181   2.381   -28.11212    0.00041                                md8
     182   2.432   -28.11204    0.00038    0.00188      18       5     hor
     183   2.432   -28.11204    0.00038                                mtd7
     184   2.432   -28.11204    0.00038                                hor
     185   2.432   -28.11204    0.00038                                mtd9
     186   2.433   -28.11203    0.00037                                mtd11
     187   2.638   -28.11171    0.00027    0.00186      19       7     hor
     188   2.638   -28.11171    0.00027                                hor
     189   2.638   -28.11171    0.00027                                hor
     190   2.638   -28.11171    0.00027                                mtd14
     191   2.638   -28.11171    0.00027                                hor
     192   2.638   -28.11171    0.00027                                mtd12
     193   2.638   -28.11171    0.00027                                mtd5
     194   2.663   -28.11167    0.00025    0.00204      20       8     mtd1
     195   2.663   -28.11167    0.00025                                gc
     196   2.663   -28.11167    0.00025                                mtd10
     197   2.663   -28.11167    0.00025                                mtd6
     198   2.663   -28.11167    0.00025                                md2
     199   2.663   -28.11167    0.00025                                mtd9
     200   2.663   -28.11167    0.00025                                mtd6
     201   2.663   -28.11167    0.00025                                md1
     202   2.862   -28.11135    0.00018    0.00109      21       6     mtd9
     203   2.862   -28.11135    0.00018                                hor
     204   2.862   -28.11135    0.00018                                hor
     205   2.862   -28.11135    0.00018                                hor
     206   2.862   -28.11135    0.00018                                mtd4
     207   2.863   -28.11135    0.00018                                hor
     208   2.875   -28.11133    0.00018    0.00231      22      13     mtd5
     209   2.875   -28.11133    0.00018                                mtd7
     210   2.875   -28.11133    0.00018                                mtd11
     211   2.875   -28.11133    0.00018                                hor
     212   2.875   -28.11133    0.00018                                hor
     213   2.875   -28.11133    0.00018                                hor
     214   2.875   -28.11133    0.00018                                hor
     215   2.875   -28.11133    0.00018                                mtd10
     216   2.875   -28.11133    0.00018                                mtd10
     217   2.875   -28.11133    0.00018                                mtd10
     218   2.875   -28.11133    0.00018                                mtd11
     219   2.875   -28.11133    0.00018                                mtd10
     220   2.876   -28.11133    0.00018                                mtd10
     221   2.894   -28.11130    0.00017    0.00224      23      13     hor
     222   2.894   -28.11130    0.00017                                mtd13
     223   2.894   -28.11130    0.00017                                mtd7
     224   2.894   -28.11130    0.00017                                mtd7
     225   2.894   -28.11130    0.00017                                mtd4
     226   2.894   -28.11130    0.00017                                hor
     227   2.894   -28.11130    0.00017                                hor
     228   2.894   -28.11130    0.00017                                mtd11
     229   2.894   -28.11130    0.00017                                mtd7
     230   2.894   -28.11130    0.00017                                hor
     231   2.894   -28.11130    0.00017                                mtd5
     232   2.894   -28.11130    0.00017                                mtd8
     233   2.896   -28.11130    0.00017                                mtd8
     234   2.932   -28.11124    0.00016    0.00177      24      11     mtd7
     235   2.932   -28.11124    0.00016                                hor
     236   2.932   -28.11124    0.00016                                hor
     237   2.932   -28.11124    0.00016                                mtd11
     238   2.932   -28.11124    0.00016                                mtd8
     239   2.932   -28.11124    0.00016                                mtd13
     240   2.934   -28.11124    0.00016                                mtd8
     241   2.934   -28.11124    0.00016                                mtd11
     242   2.934   -28.11124    0.00016                                mtd7
     243   2.934   -28.11124    0.00016                                mtd7
     244   2.935   -28.11123    0.00016                                mtd13
     245   2.972   -28.11118    0.00015    0.00076      25       5     hor
     246   2.972   -28.11118    0.00015                                hor
     247   2.972   -28.11118    0.00015                                hor
     248   2.972   -28.11118    0.00015                                hor
     249   2.973   -28.11117    0.00015                                mtd2
     250   3.061   -28.11103    0.00013    0.00156      26      12     mtd14
     251   3.061   -28.11103    0.00013                                mtd13
     252   3.061   -28.11103    0.00013                                mtd3
     253   3.061   -28.11103    0.00013                                mtd7
     254   3.061   -28.11103    0.00013                                mtd1
     255   3.061   -28.11103    0.00013                                mtd5
     256   3.061   -28.11103    0.00013                                mtd6
     257   3.061   -28.11103    0.00013                                gc
     258   3.061   -28.11103    0.00013                                mtd6
     259   3.061   -28.11103    0.00013                                mtd7
     260   3.061   -28.11103    0.00013                                mtd10
     261   3.061   -28.11103    0.00013                                mtd1
     262   3.083   -28.11100    0.00013    0.00087      27       7     mtd14
     263   3.083   -28.11100    0.00013                                mtd6
     264   3.083   -28.11100    0.00013                                hor
     265   3.083   -28.11100    0.00013                                hor
     266   3.084   -28.11100    0.00013                                hor
     267   3.084   -28.11100    0.00013                                mtd7
     268   3.091   -28.11099    0.00012                                mtd1
     269   3.104   -28.11097    0.00012    0.00085      28       7     mtd14
     270   3.104   -28.11097    0.00012                                hor
     271   3.104   -28.11097    0.00012                                hor
     272   3.104   -28.11097    0.00012                                hor
     273   3.104   -28.11097    0.00012                                hor
     274   3.104   -28.11097    0.00012                                hor
     275   3.104   -28.11096    0.00012                                mtd14
     276   3.137   -28.11091    0.00011    0.00069      29       6     mtd5
     277   3.137   -28.11091    0.00011                                hor
     278   3.137   -28.11091    0.00011                                mtd14
     279   3.137   -28.11091    0.00011                                hor
     280   3.137   -28.11091    0.00011                                hor
     281   3.137   -28.11091    0.00011                                mtd5
     282   3.159   -28.11088    0.00011    0.00066      30       6     hor
     283   3.159   -28.11088    0.00011                                hor
     284   3.159   -28.11088    0.00011                                hor
     285   3.159   -28.11088    0.00011                                mtd7
     286   3.160   -28.11088    0.00011                                hor
     287   3.160   -28.11088    0.00011                                mtd5
     288   3.177   -28.11085    0.00011    0.00075      31       7     mtd1
     289   3.177   -28.11085    0.00011                                mtd12
     290   3.177   -28.11085    0.00011                                mtd1
     291   3.177   -28.11085    0.00011                                mtd12
     292   3.177   -28.11085    0.00011                                mtd7
     293   3.178   -28.11085    0.00011                                mtd7
     294   3.178   -28.11085    0.00011                                mtd12
     295   3.212   -28.11079    0.00010    0.00060      32       6     mtd1
     296   3.212   -28.11079    0.00010                                hor
     297   3.212   -28.11079    0.00010                                hor
     298   3.212   -28.11079    0.00010                                mtd1
     299   3.212   -28.11079    0.00010                                mtd1
     300   3.212   -28.11079    0.00010                                mtd6
     301   3.219   -28.11078    0.00010    0.00090      33       9     mtd13
     302   3.219   -28.11078    0.00010                                hor
     303   3.219   -28.11078    0.00010                                hor
     304   3.219   -28.11078    0.00010                                mtd8
     305   3.219   -28.11078    0.00010                                mtd10
     306   3.219   -28.11078    0.00010                                mtd13
     307   3.219   -28.11078    0.00010                                mtd8
     308   3.219   -28.11078    0.00010                                mtd13
     309   3.220   -28.11078    0.00010                                mtd13
     310   3.233   -28.11076    0.00010    0.00029      34       3     mtd12
     311   3.233   -28.11076    0.00010                                mtd11
     312   3.233   -28.11076    0.00010                                mtd1
     313   3.262   -28.11071    0.00009    0.00083      35       9     mtd14
     314   3.262   -28.11071    0.00009                                mtd4
     315   3.262   -28.11071    0.00009                                mtd4
     316   3.262   -28.11071    0.00009                                hor
     317   3.262   -28.11071    0.00009                                hor
     318   3.262   -28.11071    0.00009                                mtd14
     319   3.262   -28.11071    0.00009                                hor
     320   3.262   -28.11071    0.00009                                mtd7
     321   3.263   -28.11071    0.00009                                mtd14
     322   3.271   -28.11070    0.00009    0.00018      36       2     hor
     323   3.272   -28.11070    0.00009                                hor
     324   3.312   -28.11063    0.00009    0.00084      37      10     hor
     325   3.312   -28.11063    0.00009                                hor
     326   3.313   -28.11063    0.00009                                mtd4
     327   3.322   -28.11062    0.00008                                mtd13
     328   3.322   -28.11062    0.00008                                hor
     329   3.322   -28.11062    0.00008                                hor
     330   3.322   -28.11062    0.00008                                mtd13
     331   3.322   -28.11062    0.00008                                mtd8
     332   3.323   -28.11062    0.00008                                mtd13
     333   3.323   -28.11062    0.00008                                mtd10
     334   3.332   -28.11060    0.00008    0.00058      38       7     mtd7
     335   3.332   -28.11060    0.00008                                hor
     336   3.332   -28.11060    0.00008                                hor
     337   3.332   -28.11060    0.00008                                hor
     338   3.332   -28.11060    0.00008                                mtd8
     339   3.332   -28.11060    0.00008                                hor
     340   3.332   -28.11060    0.00008                                hor
     341   3.336   -28.11060    0.00008    0.00082      39      10     mtd11
     342   3.336   -28.11060    0.00008                                mtd4
     343   3.336   -28.11060    0.00008                                mtd11
     344   3.336   -28.11060    0.00008                                hor
     345   3.336   -28.11060    0.00008                                hor
     346   3.336   -28.11060    0.00008                                mtd4
     347   3.336   -28.11060    0.00008                                hor
     348   3.336   -28.11060    0.00008                                mtd9
     349   3.336   -28.11060    0.00008                                hor
     350   3.336   -28.11060    0.00008                                mtd8
     351   3.348   -28.11058    0.00008    0.00040      40       5     md8
     352   3.348   -28.11058    0.00008                                md8
     353   3.348   -28.11058    0.00008                                mtd5
     354   3.348   -28.11058    0.00008                                mtd5
     355   3.348   -28.11058    0.00008                                md8
     356   3.390   -28.11051    0.00007    0.00045      41       6     hor
     357   3.390   -28.11051    0.00007                                hor
     358   3.390   -28.11051    0.00007                                mtd11
     359   3.390   -28.11051    0.00007                                hor
     360   3.390   -28.11051    0.00007                                mtd10
     361   3.390   -28.11051    0.00007                                mtd10
     362   3.448   -28.11042    0.00007    0.00027      42       4     mtd2
     363   3.448   -28.11042    0.00007                                mtd4
     364   3.448   -28.11042    0.00007                                mtd7
     365   3.448   -28.11042    0.00007                                mtd4
     366   3.454   -28.11041    0.00007    0.00067      43      10     hor
     367   3.454   -28.11041    0.00007                                mtd4
     368   3.454   -28.11041    0.00007                                hor
     369   3.454   -28.11041    0.00007                                mtd2
     370   3.455   -28.11041    0.00007                                mtd7
     371   3.456   -28.11041    0.00007                                hor
     372   3.456   -28.11041    0.00007                                hor
     373   3.456   -28.11041    0.00007                                mtd8
     374   3.456   -28.11041    0.00007                                mtd6
     375   3.456   -28.11040    0.00007                                mtd6
     376   3.475   -28.11037    0.00006    0.00006      44       1     hor
     377   3.490   -28.11035    0.00006    0.00019      45       3     mtd7
     378   3.490   -28.11035    0.00006                                hor
     379   3.490   -28.11035    0.00006                                mtd5
     380   3.531   -28.11029    0.00006    0.00018      46       3     hor
     381   3.531   -28.11029    0.00006                                mtd7
     382   3.531   -28.11029    0.00006                                hor
     383   3.537   -28.11027    0.00006    0.00035      47       6     hor
     384   3.537   -28.11027    0.00006                                mtd4
     385   3.538   -28.11027    0.00006                                hor
     386   3.538   -28.11027    0.00006                                hor
     387   3.538   -28.11027    0.00006                                mtd4
     388   3.538   -28.11027    0.00006                                mtd4
     389   3.552   -28.11025    0.00006    0.00045      48       8     mtd5
     390   3.552   -28.11025    0.00006                                hor
     391   3.552   -28.11025    0.00006                                hor
     392   3.552   -28.11025    0.00006                                hor
     393   3.552   -28.11025    0.00006                                mtd5
     394   3.552   -28.11025    0.00006                                mtd5
     395   3.552   -28.11025    0.00006                                mtd14
     396   3.552   -28.11025    0.00006                                hor
     397   3.565   -28.11023    0.00006    0.00044      49       8     hor
     398   3.565   -28.11023    0.00006                                hor
     399   3.565   -28.11023    0.00006                                hor
     400   3.565   -28.11023    0.00006                                mtd7
     401   3.565   -28.11023    0.00006                                mtd7
     402   3.565   -28.11023    0.00006                                mtd7
     403   3.565   -28.11023    0.00006                                mtd14
     404   3.565   -28.11023    0.00006                                mtd7
     405   3.592   -28.11019    0.00005    0.00016      50       3     mtd12
     406   3.592   -28.11019    0.00005                                mtd12
     407   3.592   -28.11019    0.00005                                mtd2
     408   3.593   -28.11019    0.00005    0.00021      51       4     mtd7
     409   3.593   -28.11019    0.00005                                mtd1
     410   3.594   -28.11019    0.00005                                mtd10
     411   3.596   -28.11018    0.00005                                mtd6
     412   3.605   -28.11017    0.00005    0.00026      52       5     mtd6
     413   3.605   -28.11017    0.00005                                hor
     414   3.605   -28.11017    0.00005                                hor
     415   3.605   -28.11017    0.00005                                mtd8
     416   3.605   -28.11017    0.00005                                mtd10
     417   3.642   -28.11011    0.00005    0.00029      53       6     mtd7
     418   3.642   -28.11011    0.00005                                hor
     419   3.642   -28.11011    0.00005                                mtd11
     420   3.642   -28.11011    0.00005                                mtd11
     421   3.642   -28.11011    0.00005                                hor
     422   3.645   -28.11010    0.00005                                mtd11
     423   3.651   -28.11009    0.00005    0.00033      54       7     mtd14
     424   3.651   -28.11009    0.00005                                hor
     425   3.651   -28.11009    0.00005                                mtd14
     426   3.661   -28.11008    0.00005                                mtd7
     427   3.678   -28.11005    0.00005                                hor
     428   3.678   -28.11005    0.00005                                mtd8
     429   3.678   -28.11005    0.00005                                mtd8
     430   3.678   -28.11005    0.00005    0.00023      55       5     hor
     431   3.678   -28.11005    0.00005                                hor
     432   3.678   -28.11005    0.00005                                mtd6
     433   3.678   -28.11005    0.00005                                mtd6
     434   3.698   -28.11002    0.00004                                mtd11
     435   3.698   -28.11002    0.00004    0.00032      56       7     hor
     436   3.699   -28.11002    0.00004                                mtd12
     437   3.699   -28.11002    0.00004                                mtd5
     438   3.661   -28.11008    0.00005                                mtd5
     439   3.661   -28.11008    0.00005                                mtd10
     440   3.661   -28.11008    0.00005                                mtd7
     441   3.661   -28.11008    0.00005                                mtd5
     442   3.703   -28.11001    0.00004    0.00018      57       4     hor
     443   3.703   -28.11001    0.00004                                mtd10
     444   3.703   -28.11001    0.00004                                hor
     445   3.703   -28.11001    0.00004                                mtd10
     446   3.703   -28.11001    0.00004    0.00026      58       6     mtd10
     447   3.704   -28.11001    0.00004                                mtd11
     448   3.704   -28.11001    0.00004                                hor
     449   3.704   -28.11001    0.00004                                mtd10
     450   3.704   -28.11001    0.00004                                mtd8
     451   3.705   -28.11001    0.00004                                mtd13
     452   3.750   -28.10994    0.00004    0.00016      59       4     hor
     453   3.750   -28.10994    0.00004                                mtd4
     454   3.750   -28.10994    0.00004                                hor
     455   3.750   -28.10994    0.00004                                mtd5
     456   3.848   -28.10978    0.00003    0.00017      60       5     mtd11
     457   3.848   -28.10978    0.00003                                mtd11
     458   3.849   -28.10978    0.00003                                mtd4
     459   3.849   -28.10978    0.00003                                mtd11
     460   3.849   -28.10978    0.00003                                mtd9
     461   3.869   -28.10975    0.00003    0.00010      61       3     hor
     462   3.869   -28.10975    0.00003                                hor
     463   3.869   -28.10975    0.00003                                hor
     464   3.887   -28.10972    0.00003    0.00003      62       1     hor
     465   3.928   -28.10965    0.00003    0.00015      63       5     mtd7
     466   3.928   -28.10965    0.00003                                mtd10
     467   3.929   -28.10965    0.00003                                mtd9
     468   3.929   -28.10965    0.00003                                mtd9
     469   3.929   -28.10965    0.00003                                hor
     470   3.959   -28.10960    0.00003    0.00028      64      10     hor
     471   3.959   -28.10960    0.00003                                mtd7
     472   3.959   -28.10960    0.00003                                hor
     473   3.960   -28.10960    0.00003                                mtd7
     474   3.960   -28.10960    0.00003                                mtd7
     475   3.961   -28.10960    0.00003                                mtd8
     476   3.979   -28.10957    0.00003                                mtd13
     477   3.979   -28.10957    0.00003                                mtd8
     478   3.979   -28.10957    0.00003                                mtd8
     479   3.980   -28.10957    0.00003                                mtd8
     480   3.983   -28.10957    0.00003    0.00005      65       2     mtd8
     481   3.985   -28.10956    0.00003                                hor
     482   3.990   -28.10955    0.00003    0.00011      66       4     hor
     483   3.990   -28.10955    0.00003                                hor
     484   3.990   -28.10955    0.00003                                hor
     485   3.990   -28.10955    0.00003                                mtd8
     486   3.996   -28.10954    0.00003    0.00003      67       1     mtd11
     487   4.023   -28.10950    0.00003    0.00008      68       3     hor
     488   4.023   -28.10950    0.00003                                mtd5
     489   4.023   -28.10950    0.00003                                mtd5
     490   4.034   -28.10948    0.00003    0.00005      69       2     mtd11
     491   4.034   -28.10948    0.00003                                mtd10
     492   4.047   -28.10946    0.00002    0.00002      70       1     mtd8
     493   4.067   -28.10943    0.00002    0.00017      71       7     mtd10
     494   4.067   -28.10943    0.00002                                mtd2
     495   4.067   -28.10943    0.00002                                mtd10
     496   4.067   -28.10943    0.00002                                mtd10
     497   4.067   -28.10943    0.00002                                hor
     498   4.067   -28.10943    0.00002                                mtd10
     499   4.068   -28.10943    0.00002                                mtd10
     500   4.098   -28.10938    0.00002    0.00005      72       2     hor
     501   4.098   -28.10938    0.00002                                hor
     502   4.115   -28.10936    0.00002    0.00011      73       5     mtd10
     503   4.115   -28.10935    0.00002                                hor
     504   4.115   -28.10935    0.00002                                mtd10
     505   4.115   -28.10935    0.00002                                mtd8
     506   4.115   -28.10935    0.00002                                mtd10
     507   4.175   -28.10926    0.00002    0.00004      74       2     mtd4
     508   4.175   -28.10926    0.00002                                mtd2
     509   4.241   -28.10915    0.00002    0.00012      75       7     mtd7
     510   4.241   -28.10915    0.00002                                mtd6
     511   4.241   -28.10915    0.00002                                mtd8
     512   4.241   -28.10915    0.00002                                mtd2
     513   4.242   -28.10915    0.00002                                hor
     514   4.242   -28.10915    0.00002                                mtd8
     515   4.242   -28.10915    0.00002                                mtd8
     516   4.245   -28.10915    0.00002    0.00007      76       4     mtd10
     517   4.245   -28.10915    0.00002                                mtd12
     518   4.245   -28.10915    0.00002                                mtd6
     519   4.246   -28.10915    0.00002                                mtd12
     520   4.304   -28.10905    0.00002    0.00006      77       4     hor
     521   4.304   -28.10905    0.00002                                mtd10
     522   4.304   -28.10905    0.00002                                hor
     523   4.304   -28.10905    0.00002                                mtd13
     524   4.328   -28.10901    0.00002    0.00008      78       5     mtd11
     525   4.328   -28.10901    0.00002                                mtd2
     526   4.328   -28.10901    0.00002                                hor
     527   4.328   -28.10901    0.00002                                mtd7
     528   4.328   -28.10901    0.00002                                mtd8
     529   4.359   -28.10897    0.00001    0.00004      79       3     hor
     530   4.359   -28.10897    0.00001                                mtd2
     531   4.359   -28.10897    0.00001                                mtd8
     532   4.375   -28.10894    0.00001    0.00004      80       3     mtd7
     533   4.375   -28.10894    0.00001                                mtd12
     534   4.376   -28.10894    0.00001                                mtd12
     535   4.387   -28.10892    0.00001    0.00008      81       6     mtd5
     536   4.387   -28.10892    0.00001                                hor
     537   4.387   -28.10892    0.00001                                mtd4
     538   4.387   -28.10892    0.00001                                hor
     539   4.387   -28.10892    0.00001                                mtd7
     540   4.388   -28.10892    0.00001                                hor
     541   4.393   -28.10891    0.00001    0.00004      82       3     hor
     542   4.393   -28.10891    0.00001                                hor
     543   4.393   -28.10891    0.00001                                mtd7
     544   4.414   -28.10888    0.00001    0.00004      83       3     mtd12
     545   4.414   -28.10888    0.00001                                mtd4
     546   4.416   -28.10888    0.00001                                hor
     547   4.431   -28.10885    0.00001    0.00003      84       2     mtd10
     548   4.431   -28.10885    0.00001                                hor
     549   4.442   -28.10883    0.00001    0.00007      85       6     mtd7
     550   4.442   -28.10883    0.00001                                hor
     551   4.443   -28.10883    0.00001                                mtd5
     552   4.480   -28.10877    0.00001                                hor
     553   4.480   -28.10877    0.00001                                hor
     554   4.480   -28.10877    0.00001                                mtd8
     555   4.498   -28.10874    0.00001    0.00006      86       5     mtd14
     556   4.498   -28.10874    0.00001                                mtd2
     557   4.498   -28.10874    0.00001                                mtd14
     558   4.498   -28.10874    0.00001                                hor
     559   4.498   -28.10874    0.00001                                mtd14
     560   4.538   -28.10868    0.00001    0.00004      87       4     mtd6
     561   4.538   -28.10868    0.00001                                hor
     562   4.539   -28.10868    0.00001                                mtd10
     563   4.539   -28.10868    0.00001                                mtd7
     564   4.545   -28.10867    0.00001    0.00004      88       4     mtd5
     565   4.545   -28.10867    0.00001                                mtd10
     566   4.545   -28.10867    0.00001                                mtd7
     567   4.545   -28.10867    0.00001                                hor
     568   4.575   -28.10862    0.00001    0.00002      89       2     mtd12
     569   4.575   -28.10862    0.00001                                hor
     570   4.636   -28.10852    0.00001    0.00004      90       4     mtd5
     571   4.636   -28.10852    0.00001                                hor
     572   4.637   -28.10852    0.00001                                mtd13
     573   4.638   -28.10852    0.00001                                mtd10
     574   4.699   -28.10842    0.00001    0.00002      91       3     hor
     575   4.700   -28.10842    0.00001                                mtd13
     576   4.700   -28.10842    0.00001                                mtd10
     577   4.701   -28.10842    0.00001    0.00002      92       2     mtd11
     578   4.701   -28.10842    0.00001                                hor
     579   4.734   -28.10837    0.00001    0.00002      93       2     hor
     580   4.734   -28.10837    0.00001                                hor
     581   4.747   -28.10835    0.00001    0.00002      94       3     mtd5
     582   4.747   -28.10835    0.00001                                mtd2
     583   4.748   -28.10835    0.00001                                mtd7
     584   4.750   -28.10834    0.00001    0.00007      95      10     mtd7
     585   4.751   -28.10834    0.00001                                mtd10
     586   4.752   -28.10834    0.00001                                mtd10
     587   4.757   -28.10833    0.00001                                mtd10
     588   4.758   -28.10833    0.00001                                mtd10
     589   4.759   -28.10833    0.00001                                mtd13
     590   4.759   -28.10833    0.00001                                mtd11
     591   4.760   -28.10833    0.00001                                mtd10
     592   4.760   -28.10833    0.00001                                mtd10
     593   4.767   -28.10831    0.00001                                mtd8
     594   4.785   -28.10829    0.00001    0.00001      96       2     mtd7
     595   4.785   -28.10829    0.00001                                hor
     596   4.817   -28.10824    0.00001    0.00001      97       1     hor
     597   4.879   -28.10814    0.00001    0.00003      98       5     hor
     598   4.879   -28.10814    0.00001                                hor
     599   4.879   -28.10814    0.00001                                mtd5
     600   4.879   -28.10814    0.00001                                mtd14
     601   4.886   -28.10813    0.00001                                mtd14
     602   5.017   -28.10792    0.00000    0.00001      99       3     mtd11
     603   5.018   -28.10792    0.00000                                hor
     604   5.024   -28.10791    0.00000                                mtd10
     605   5.034   -28.10789    0.00000    0.00000     100       1     hor
     606   5.043   -28.10788    0.00000    0.00002     101       4     mtd14
     607   5.043   -28.10788    0.00000                                mtd6
     608   5.043   -28.10788    0.00000                                hor
     609   5.043   -28.10788    0.00000                                mtd10
     610   5.205   -28.10762    0.00000    0.00001     102       3     mtd14
     611   5.205   -28.10762    0.00000                                hor
     612   5.206   -28.10762    0.00000                                mtd10
     613   5.242   -28.10756    0.00000    0.00000     103       1     mtd10
     614   5.262   -28.10753    0.00000    0.00000     104       1     mtd10
     615   5.287   -28.10749    0.00000    0.00001     105       2     hor
     616   5.289   -28.10748    0.00000                                mtd11
     617   5.331   -28.10742    0.00000    0.00001     106       2     mtd4
     618   5.331   -28.10742    0.00000                                hor
     619   5.454   -28.10722    0.00000    0.00001     107       3     mtd7
     620   5.454   -28.10722    0.00000                                mtd10
     621   5.477   -28.10718    0.00000                                mtd8
     622   5.554   -28.10706    0.00000    0.00000     108       1     hor
     623   5.556   -28.10706    0.00000    0.00000     109       1     mtd8
     624   5.578   -28.10702    0.00000    0.00001     110       3     hor
     625   5.578   -28.10702    0.00000                                mtd10
     626   5.580   -28.10702    0.00000                                mtd7
     627   5.670   -28.10688    0.00000    0.00000     111       1     hor
     628   5.772   -28.10671    0.00000    0.00001     112       6     mtd14
     629   5.772   -28.10671    0.00000                                hor
     630   5.772   -28.10671    0.00000                                mtd14
     631   5.772   -28.10671    0.00000                                mtd10
     632   5.772   -28.10671    0.00000                                mtd14
     633   5.773   -28.10671    0.00000                                mtd7
     634   5.880   -28.10654    0.00000    0.00000     113       1     mtd2
     635   5.893   -28.10652    0.00000    0.00000     114       2     mtd8
     636   5.893   -28.10652    0.00000                                mtd14
T /K                                  :   298.15
E lowest                              :   -28.11591
ensemble average energy (kcal)        :    0.512
ensemble entropy (J/mol K, cal/mol K) :   38.655    9.239
ensemble free energy (kcal/mol)       :   -2.755
population of lowest in %             :   40.835
 number of unique conformers for further calc          114
 list of relative energies saved as "crest.energies"

 -----------------
 Wall Time Summary
 -----------------
             test MD wall time :         0h : 0m : 3s
                 MTD wall time :         0h : 7m :36s
      multilevel OPT wall time :         0h :17m :39s
                  MD wall time :         0h : 5m :26s
                  GC wall time :         0h : 0m :20s
--------------------
Overall wall time  : 0h :33m :13s

 CREST terminated normally.
