****************************************************************
  Sure Independence Screening and Sparsifying Operator (SISSO)  
             Version SISSO.3.3, July, 2023.                
****************************************************************

Read in data from train.dat
Read in data from SISSO.in
Property type:     1
Number of tasks:        1
Descriptor dimension:        2
Number of samples for the task(s):     36
Restarts :  0
Number of scalar features:       18
Tier of the feature space:        3
Maximal feature complexity (number of operators in a feature):        6
Unit of input primary feature, each represented by a row vector: 
    1.00
    1.00
    1.00
    1.00
    1.00
    1.00
    1.00
    1.00
    1.00
    1.00
    1.00
    1.00
    1.00
    1.00
    1.00
    1.00
    1.00
    1.00
The feature will be discarded if the minimum of the maximal abs. value in it <    0.10000E-02
The faature will be discarded if the maximum of the maximal abs. value in it >     0.10000E+06
Size of the SIS-selected (single) subspace :  10000 10000
Operators for feature construction: (+)(-)(*) (+)(-)(*) (+)(-)(*) 
Method for sparse regression:  L0        
Fitting intercept:      T
Metric for model selection: RMSE
Number of the top-ranked models to output:      100
--------------------------------------------------------------------------------

Dimension:   1
-------------------
Feature Construction (FC) starts ...
Population Standard Deviation (SD) of the task 001:    9.97794
Total number of features in the space phi00:             18
Total number of features in the space phi01:            571
Total number of features in the space phi02:         163343
Total number of features in the space phi03:     3438902701
Size of the SIS-selected subspace from phi03:      10000
Time (second) used for this FC:          572.03

Descriptor Identification (DI) starts ...
Total number of SIS-selected features from all dimensions:      10000
 
  1D descriptor: 
     d001 = (((feature17-feature9)-feature9)*((feature12+feature14)+(feature17-feature18)))    feature_ID:000001

  1D model(y=sum(ci*di)+c0): 
     coeff.(ci)_task001:    -0.1477955660E+02
             c0_task001:     0.3603284051E+01
     RMSE,MaxAE_task001:     0.3842773140E+01    0.8275372089E+01

     RMSE and MaxAE of the model:   3.842773  8.275372
--------------------------------------------------------------------------------
Time (second) used for this DI:            0.13

Dimension:   2
-------------------
Feature Construction (FC) starts ...
Total number of features in the space phi00:             18
Total number of features in the space phi01:            571
Total number of features in the space phi02:         163343
Total number of features in the space phi03:     3438902701
Size of the SIS-selected subspace from phi03:      10000
Time (second) used for this FC:          572.05

Descriptor Identification (DI) starts ...
Total number of SIS-selected features from all dimensions:      20000
 
Final model/descriptor !
================================================================================
  2D descriptor: 
     d001 = ((feature9*(feature12-feature4))*((feature14-feature17)-(feature5-feature9)))    feature_ID:000019
     d002 = (((feature1+feature15)-feature18)*((feature10-feature11)*(feature10-feature15)))    feature_ID:014605

  2D model(y=sum(ci*di)+c0): 
     coeff.(ci)_task001:     0.4105942910E+02    0.1052742813E+03
             c0_task001:     0.3525323110E+01
     RMSE,MaxAE_task001:     0.2795295880E+01    0.9418988722E+01

     RMSE and MaxAE of the model:   2.795296  9.418989
================================================================================
Time (second) used for this DI:           35.65
Total time (second):         1180.61
Have a nice day !    

