****************************************************************
  Sure Independence Screening and Sparsifying Operator (SISSO)  
             Version SISSO.3.3, July, 2023.                
****************************************************************

Read in data from train.dat
Read in data from SISSO.in
Property type:     1
Number of tasks:        1
Descriptor dimension:        2
Number of samples for the task(s):     36
Restarts :  0
Number of scalar features:       19
Tier of the feature space:        3
Maximal feature complexity (number of operators in a feature):        6
Unit of input primary feature, each represented by a row vector: 
    1.00
    1.00
    1.00
    1.00
    1.00
    1.00
    1.00
    1.00
    1.00
    1.00
    1.00
    1.00
    1.00
    1.00
    1.00
    1.00
    1.00
    1.00
    1.00
The feature will be discarded if the minimum of the maximal abs. value in it <    0.10000E-02
The faature will be discarded if the maximum of the maximal abs. value in it >     0.10000E+06
Size of the SIS-selected (single) subspace :  10000 10000
Operators for feature construction: (+)(-)(*) (+)(-)(*) (+)(-)(*) 
Method for sparse regression:  L0        
Fitting intercept:      T
Metric for model selection: RMSE
Number of the top-ranked models to output:      100
--------------------------------------------------------------------------------

Dimension:   1
-------------------
Feature Construction (FC) starts ...
Population Standard Deviation (SD) of the task 001:   11.03404
Total number of features in the space phi00:             19
Total number of features in the space phi01:            627
Total number of features in the space phi02:         182830
Total number of features in the space phi03:     4297714851
Size of the SIS-selected subspace from phi03:      10000
Time (second) used for this FC:          828.86

Descriptor Identification (DI) starts ...
Total number of SIS-selected features from all dimensions:      10000
 
  1D descriptor: 
     d001 = ((feature18*(feature7+feature18))+((feature16*feature19)-(feature11*feature14)))    feature_ID:000001

  1D model(y=sum(ci*di)+c0): 
     coeff.(ci)_task001:    -0.2513331618E+02
             c0_task001:     0.2082192588E+02
     RMSE,MaxAE_task001:     0.3959900459E+01    0.1284656910E+02

     RMSE and MaxAE of the model:   3.959900 12.846569
--------------------------------------------------------------------------------
Time (second) used for this DI:            0.11

Dimension:   2
-------------------
Feature Construction (FC) starts ...
Total number of features in the space phi00:             19
Total number of features in the space phi01:            627
Total number of features in the space phi02:         182830
Total number of features in the space phi03:     4297714851
Size of the SIS-selected subspace from phi03:      10000
Time (second) used for this FC:          829.62

Descriptor Identification (DI) starts ...
Total number of SIS-selected features from all dimensions:      20000
 
Final model/descriptor !
================================================================================
  2D descriptor: 
     d001 = ((feature18*(feature7+feature18))+((feature16*feature19)-(feature11*feature14)))    feature_ID:000001
     d002 = ((feature15*(feature9+feature13))+((feature1+feature17)*(feature6+feature16)))    feature_ID:010001

  2D model(y=sum(ci*di)+c0): 
     coeff.(ci)_task001:    -0.2472612173E+02   -0.9334038808E+01
             c0_task001:     0.2601513173E+02
     RMSE,MaxAE_task001:     0.2768846176E+01    0.9076657901E+01

     RMSE and MaxAE of the model:   2.768846  9.076658
================================================================================
Time (second) used for this DI:           25.49
Total time (second):         1684.95
Have a nice day !    

