****************************************************************
  Sure Independence Screening and Sparsifying Operator (SISSO)  
             Version SISSO.3.3, July, 2023.                
****************************************************************

Read in data from train.dat
Read in data from SISSO.in
Property type:     1
Number of tasks:        1
Descriptor dimension:        2
Number of samples for the task(s):     36
Restarts :  0
Number of scalar features:       22
Tier of the feature space:        3
Maximal feature complexity (number of operators in a feature):        6
Unit of input primary feature, each represented by a row vector: 
    1.00
    1.00
    1.00
    1.00
    1.00
    1.00
    1.00
    1.00
    1.00
    1.00
    1.00
    1.00
    1.00
    1.00
    1.00
    1.00
    1.00
    1.00
    1.00
    1.00
    1.00
    1.00
The feature will be discarded if the minimum of the maximal abs. value in it <    0.10000E-02
The faature will be discarded if the maximum of the maximal abs. value in it >     0.10000E+06
Size of the SIS-selected (single) subspace :  10000 10000
Operators for feature construction: (+)(-)(*) (+)(-)(*) (+)(-)(*) 
Method for sparse regression:  L0        
Fitting intercept:      T
Metric for model selection: RMSE
Number of the top-ranked models to output:      100
--------------------------------------------------------------------------------

Dimension:   1
-------------------
Feature Construction (FC) starts ...
Population Standard Deviation (SD) of the task 001:   85.23265
Total number of features in the space phi00:             22
Total number of features in the space phi01:            862
Total number of features in the space phi02:         369524
Total number of features in the space phi03:    14302236257
Size of the SIS-selected subspace from phi03:      10000
Time (second) used for this FC:         2462.40

Descriptor Identification (DI) starts ...
Total number of SIS-selected features from all dimensions:      10000
 
  1D descriptor: 
     d001 = (((feature11+feature13)-(feature2+feature14))-((feature21-feature15)-feature22))    feature_ID:000001

  1D model(y=sum(ci*di)+c0): 
     coeff.(ci)_task001:     0.1293655729E+03
             c0_task001:     0.2180708127E+03
     RMSE,MaxAE_task001:     0.3561704497E+02    0.8173880431E+02

     RMSE and MaxAE of the model:  35.617045 81.738804
--------------------------------------------------------------------------------
Time (second) used for this DI:            0.12

Dimension:   2
-------------------
Feature Construction (FC) starts ...
Total number of features in the space phi00:             22
Total number of features in the space phi01:            862
Total number of features in the space phi02:         369524
Total number of features in the space phi03:    14302236257
Size of the SIS-selected subspace from phi03:      10000
Time (second) used for this FC:         2461.14

Descriptor Identification (DI) starts ...
Total number of SIS-selected features from all dimensions:      20000
 
Final model/descriptor !
================================================================================
  2D descriptor: 
     d001 = ((feature19*(feature11-feature19))+((feature14+feature21)*(feature22-feature21)))    feature_ID:002208
     d002 = (((feature11-feature13)-feature17)*((feature12-feature14)*(feature19-feature21)))    feature_ID:011424

  2D model(y=sum(ci*di)+c0): 
     coeff.(ci)_task001:     0.1484196131E+03   -0.1521700857E+04
             c0_task001:     0.3901990353E+03
     RMSE,MaxAE_task001:     0.2366878639E+02    0.5042958340E+02

     RMSE and MaxAE of the model:  23.668786 50.429583
================================================================================
Time (second) used for this DI:           28.12
Total time (second):         4953.37
Have a nice day !    

