****************************************************************
  Sure Independence Screening and Sparsifying Operator (SISSO)  
             Version SISSO.3.3, July, 2023.                
****************************************************************

Read in data from train.dat
Read in data from SISSO.in
Property type:     1
Number of tasks:        1
Descriptor dimension:        2
Number of samples for the task(s):     36
Restarts :  0
Number of scalar features:       19
Tier of the feature space:        3
Maximal feature complexity (number of operators in a feature):        6
Unit of input primary feature, each represented by a row vector: 
    1.00
    1.00
    1.00
    1.00
    1.00
    1.00
    1.00
    1.00
    1.00
    1.00
    1.00
    1.00
    1.00
    1.00
    1.00
    1.00
    1.00
    1.00
    1.00
The feature will be discarded if the minimum of the maximal abs. value in it <    0.10000E-02
The faature will be discarded if the maximum of the maximal abs. value in it >     0.10000E+06
Size of the SIS-selected (single) subspace :  10000 10000
Operators for feature construction: (+)(-)(*) (+)(-)(*) (+)(-)(*) 
Method for sparse regression:  L0        
Fitting intercept:      T
Metric for model selection: RMSE
Number of the top-ranked models to output:      100
--------------------------------------------------------------------------------

Dimension:   1
-------------------
Feature Construction (FC) starts ...
Population Standard Deviation (SD) of the task 001:  101.81175
Total number of features in the space phi00:             19
Total number of features in the space phi01:            639
Total number of features in the space phi02:         206210
Total number of features in the space phi03:     5153113166
Size of the SIS-selected subspace from phi03:      10000
Time (second) used for this FC:          944.50

Descriptor Identification (DI) starts ...
Total number of SIS-selected features from all dimensions:      10000
 
  1D descriptor: 
     d001 = ((feature14*(feature13+feature14))-((feature1+feature16)*(feature17+feature18)))    feature_ID:000001

  1D model(y=sum(ci*di)+c0): 
     coeff.(ci)_task001:     0.1120613261E+03
             c0_task001:     0.2612009606E+03
     RMSE,MaxAE_task001:     0.3658807596E+02    0.9775633317E+02

     RMSE and MaxAE of the model:  36.588076 97.756333
--------------------------------------------------------------------------------
Time (second) used for this DI:            0.12

Dimension:   2
-------------------
Feature Construction (FC) starts ...
Total number of features in the space phi00:             19
Total number of features in the space phi01:            639
Total number of features in the space phi02:         206210
Total number of features in the space phi03:     5153113166
Size of the SIS-selected subspace from phi03:      10000
Time (second) used for this FC:          943.61

Descriptor Identification (DI) starts ...
Total number of SIS-selected features from all dimensions:      20000
 
Final model/descriptor !
================================================================================
  2D descriptor: 
     d001 = (((feature1+feature18)-feature9)+((feature5-feature9)+(feature6-feature9)))    feature_ID:000306
     d002 = (((feature10+feature17)-feature9)*((feature10*feature12)*(feature15-feature18)))    feature_ID:010583

  2D model(y=sum(ci*di)+c0): 
     coeff.(ci)_task001:    -0.1113702537E+03   -0.5833123122E+04
             c0_task001:     0.1434743013E+03
     RMSE,MaxAE_task001:     0.2331729691E+02    0.7239257627E+02

     RMSE and MaxAE of the model:  23.317297 72.392576
================================================================================
Time (second) used for this DI:           26.09
Total time (second):         1915.15
Have a nice day !    

