****************************************************************
  Sure Independence Screening and Sparsifying Operator (SISSO)  
             Version SISSO.3.3, July, 2023.                
****************************************************************

Read in data from train.dat
Read in data from SISSO.in
Property type:     1
Number of tasks:        1
Descriptor dimension:        2
Number of samples for the task(s):     36
Restarts :  0
Number of scalar features:       18
Tier of the feature space:        3
Maximal feature complexity (number of operators in a feature):        6
Unit of input primary feature, each represented by a row vector: 
    1.00
    1.00
    1.00
    1.00
    1.00
    1.00
    1.00
    1.00
    1.00
    1.00
    1.00
    1.00
    1.00
    1.00
    1.00
    1.00
    1.00
    1.00
The feature will be discarded if the minimum of the maximal abs. value in it <    0.10000E-02
The faature will be discarded if the maximum of the maximal abs. value in it >     0.10000E+06
Size of the SIS-selected (single) subspace :  10000 10000
Operators for feature construction: (+)(-)(*) (+)(-)(*) (+)(-)(*) 
Method for sparse regression:  L0        
Fitting intercept:      T
Metric for model selection: RMSE
Number of the top-ranked models to output:      100
--------------------------------------------------------------------------------

Dimension:   1
-------------------
Feature Construction (FC) starts ...
Population Standard Deviation (SD) of the task 001:   10.59081
Total number of features in the space phi00:             18
Total number of features in the space phi01:            564
Total number of features in the space phi02:         151675
Total number of features in the space phi03:     3079243408
Size of the SIS-selected subspace from phi03:      10000
Time (second) used for this FC:          477.32

Descriptor Identification (DI) starts ...
Total number of SIS-selected features from all dimensions:      10000
 
  1D descriptor: 
     d001 = (((feature17-feature10)-feature10)*((feature12+feature13)+(feature17-feature18)))    feature_ID:000001

  1D model(y=sum(ci*di)+c0): 
     coeff.(ci)_task001:    -0.1246358907E+02
             c0_task001:     0.4935803026E+01
     RMSE,MaxAE_task001:     0.5525376086E+01    0.1485248489E+02

     RMSE and MaxAE of the model:   5.525376 14.852485
--------------------------------------------------------------------------------
Time (second) used for this DI:            6.30

Dimension:   2
-------------------
Feature Construction (FC) starts ...
Total number of features in the space phi00:             18
Total number of features in the space phi01:            564
Total number of features in the space phi02:         151675
Total number of features in the space phi03:     3079243408
Size of the SIS-selected subspace from phi03:      10000
Time (second) used for this FC:          478.83

Descriptor Identification (DI) starts ...
Total number of SIS-selected features from all dimensions:      20000
 
Final model/descriptor !
================================================================================
  2D descriptor: 
     d001 = (((feature1+feature10)-feature6)*((feature1+feature16)-(feature10+feature12)))    feature_ID:007095
     d002 = (((feature18-feature15)-feature5)*((feature15-feature17)*(feature16-feature18)))    feature_ID:010731

  2D model(y=sum(ci*di)+c0): 
     coeff.(ci)_task001:    -0.1782515937E+02   -0.2187856923E+03
             c0_task001:     0.5205528536E+01
     RMSE,MaxAE_task001:     0.4232612025E+01    0.1467108781E+02

     RMSE and MaxAE of the model:   4.232612 14.671088
================================================================================
Time (second) used for this DI:           25.60
Total time (second):          988.79
Have a nice day !    

