****************************************************************
  Sure Independence Screening and Sparsifying Operator (SISSO)  
             Version SISSO.3.3, July, 2023.                
****************************************************************

Read in data from train.dat
Read in data from SISSO.in
Property type:     1
Number of tasks:        1
Descriptor dimension:        2
Number of samples for the task(s):     36
Restarts :  0
Number of scalar features:       16
Tier of the feature space:        3
Maximal feature complexity (number of operators in a feature):        6
Unit of input primary feature, each represented by a row vector: 
    1.00
    1.00
    1.00
    1.00
    1.00
    1.00
    1.00
    1.00
    1.00
    1.00
    1.00
    1.00
    1.00
    1.00
    1.00
    1.00
The feature will be discarded if the minimum of the maximal abs. value in it <    0.10000E-02
The faature will be discarded if the maximum of the maximal abs. value in it >     0.10000E+06
Size of the SIS-selected (single) subspace :  10000 10000
Operators for feature construction: (+)(-)(*) (+)(-)(*) (+)(-)(*) 
Method for sparse regression:  L0        
Fitting intercept:      T
Metric for model selection: RMSE
Number of the top-ranked models to output:      100
--------------------------------------------------------------------------------

Dimension:   1
-------------------
Feature Construction (FC) starts ...
Population Standard Deviation (SD) of the task 001:   10.57629
Total number of features in the space phi00:             16
Total number of features in the space phi01:            450
Total number of features in the space phi02:         103789
Total number of features in the space phi03:     1550533382
Size of the SIS-selected subspace from phi03:      10000
Time (second) used for this FC:          224.80

Descriptor Identification (DI) starts ...
Total number of SIS-selected features from all dimensions:      10000
 
  1D descriptor: 
     d001 = (((feature16-feature15)-feature8)*((feature12-feature15)-(feature4-feature8)))    feature_ID:000001

  1D model(y=sum(ci*di)+c0): 
     coeff.(ci)_task001:    -0.3444418688E+02
             c0_task001:     0.5429464339E+01
     RMSE,MaxAE_task001:     0.4997777061E+01    0.1768631695E+02

     RMSE and MaxAE of the model:   4.997777 17.686317
--------------------------------------------------------------------------------
Time (second) used for this DI:            0.09

Dimension:   2
-------------------
Feature Construction (FC) starts ...
Total number of features in the space phi00:             16
Total number of features in the space phi01:            450
Total number of features in the space phi02:         103789
Total number of features in the space phi03:     1550533382
Size of the SIS-selected subspace from phi03:      10000
Time (second) used for this FC:          225.56

Descriptor Identification (DI) starts ...
Total number of SIS-selected features from all dimensions:      20000
 
Final model/descriptor !
================================================================================
  2D descriptor: 
     d001 = (((feature4-feature12)-feature8)*((feature10+feature11)-(feature16-feature8)))    feature_ID:000636
     d002 = (((feature11+feature15)-feature14)*((feature13-feature15)*(feature15-feature16)))    feature_ID:010095

  2D model(y=sum(ci*di)+c0): 
     coeff.(ci)_task001:    -0.1486983862E+02    0.1176592019E+03
             c0_task001:     0.1268981766E+01
     RMSE,MaxAE_task001:     0.3752180370E+01    0.1649631820E+02

     RMSE and MaxAE of the model:   3.752180 16.496318
================================================================================
Time (second) used for this DI:           25.58
Total time (second):          491.93
Have a nice day !    

