****************************************************************
  Sure Independence Screening and Sparsifying Operator (SISSO)  
             Version SISSO.3.3, July, 2023.                
****************************************************************

Read in data from train.dat
Read in data from SISSO.in
Property type:     1
Number of tasks:        1
Descriptor dimension:        2
Number of samples for the task(s):     36
Restarts :  0
Number of scalar features:       19
Tier of the feature space:        3
Maximal feature complexity (number of operators in a feature):        6
Unit of input primary feature, each represented by a row vector: 
    1.00
    1.00
    1.00
    1.00
    1.00
    1.00
    1.00
    1.00
    1.00
    1.00
    1.00
    1.00
    1.00
    1.00
    1.00
    1.00
    1.00
    1.00
    1.00
The feature will be discarded if the minimum of the maximal abs. value in it <    0.10000E-02
The faature will be discarded if the maximum of the maximal abs. value in it >     0.10000E+06
Size of the SIS-selected (single) subspace :  10000 10000
Operators for feature construction: (+)(-)(*) (+)(-)(*) (+)(-)(*) 
Method for sparse regression:  L0        
Fitting intercept:      T
Metric for model selection: RMSE
Number of the top-ranked models to output:      100
--------------------------------------------------------------------------------

Dimension:   1
-------------------
Feature Construction (FC) starts ...
Population Standard Deviation (SD) of the task 001:    9.17739
Total number of features in the space phi00:             19
Total number of features in the space phi01:            619
Total number of features in the space phi02:         178446
Total number of features in the space phi03:     4120184996
Size of the SIS-selected subspace from phi03:      10000
Time (second) used for this FC:          791.73

Descriptor Identification (DI) starts ...
Total number of SIS-selected features from all dimensions:      10000
 
  1D descriptor: 
     d001 = (((feature11+feature13)-feature19)*((feature11-feature6)*(feature13+feature15)))    feature_ID:000001

  1D model(y=sum(ci*di)+c0): 
     coeff.(ci)_task001:     0.1521041242E+02
             c0_task001:     0.5052326019E+01
     RMSE,MaxAE_task001:     0.3312231631E+01    0.8436495193E+01

     RMSE and MaxAE of the model:   3.312232  8.436495
--------------------------------------------------------------------------------
Time (second) used for this DI:            0.11

Dimension:   2
-------------------
Feature Construction (FC) starts ...
Total number of features in the space phi00:             19
Total number of features in the space phi01:            619
Total number of features in the space phi02:         178446
Total number of features in the space phi03:     4120184996
Size of the SIS-selected subspace from phi03:      10000
Time (second) used for this FC:          795.55

Descriptor Identification (DI) starts ...
Total number of SIS-selected features from all dimensions:      20000
 
Final model/descriptor !
================================================================================
  2D descriptor: 
     d001 = (((feature1+feature16)-feature11)+((feature5+feature17)+(feature9+feature18)))    feature_ID:000062
     d002 = ((feature13*(feature14+feature15))*((feature11*feature13)-(feature12*feature15)))    feature_ID:009989

  2D model(y=sum(ci*di)+c0): 
     coeff.(ci)_task001:    -0.9467148432E+01    0.2877040160E+02
             c0_task001:     0.2005403499E+02
     RMSE,MaxAE_task001:     0.2254229101E+01    0.6769119074E+01

     RMSE and MaxAE of the model:   2.254229  6.769119
================================================================================
Time (second) used for this DI:           25.67
Total time (second):         1613.79
Have a nice day !    

