****************************************************************
  Sure Independence Screening and Sparsifying Operator (SISSO)  
             Version SISSO.3.3, July, 2023.                
****************************************************************

Read in data from train.dat
Read in data from SISSO.in
Property type:     1
Number of tasks:        1
Descriptor dimension:        2
Number of samples for the task(s):     36
Restarts :  0
Number of scalar features:       19
Tier of the feature space:        3
Maximal feature complexity (number of operators in a feature):        6
Unit of input primary feature, each represented by a row vector: 
    1.00
    1.00
    1.00
    1.00
    1.00
    1.00
    1.00
    1.00
    1.00
    1.00
    1.00
    1.00
    1.00
    1.00
    1.00
    1.00
    1.00
    1.00
    1.00
The feature will be discarded if the minimum of the maximal abs. value in it <    0.10000E-02
The faature will be discarded if the maximum of the maximal abs. value in it >     0.10000E+06
Size of the SIS-selected (single) subspace :  10000 10000
Operators for feature construction: (+)(-)(*) (+)(-)(*) (+)(-)(*) 
Method for sparse regression:  L0        
Fitting intercept:      T
Metric for model selection: RMSE
Number of the top-ranked models to output:      100
--------------------------------------------------------------------------------

Dimension:   1
-------------------
Feature Construction (FC) starts ...
Population Standard Deviation (SD) of the task 001:   23.98551
Total number of features in the space phi00:             19
Total number of features in the space phi01:            635
Total number of features in the space phi02:         197580
Total number of features in the space phi03:     4820871757
Size of the SIS-selected subspace from phi03:      10000
Time (second) used for this FC:          942.60

Descriptor Identification (DI) starts ...
Total number of SIS-selected features from all dimensions:      10000
 
  1D descriptor: 
     d001 = (((feature18-feature19)*(feature19-feature18))-(feature18*(feature12+feature17)))    feature_ID:000001

  1D model(y=sum(ci*di)+c0): 
     coeff.(ci)_task001:     0.7076503544E+02
             c0_task001:     0.8065551329E+02
     RMSE,MaxAE_task001:     0.1163190759E+02    0.3491963753E+02

     RMSE and MaxAE of the model:  11.631908 34.919638
--------------------------------------------------------------------------------
Time (second) used for this DI:            0.11

Dimension:   2
-------------------
Feature Construction (FC) starts ...
Total number of features in the space phi00:             19
Total number of features in the space phi01:            635
Total number of features in the space phi02:         197580
Total number of features in the space phi03:     4820871757
Size of the SIS-selected subspace from phi03:      10000
Time (second) used for this FC:          943.50

Descriptor Identification (DI) starts ...
Total number of SIS-selected features from all dimensions:      20000
 
Final model/descriptor !
================================================================================
  2D descriptor: 
     d001 = (((feature16-feature19)*(feature19-feature18))-(feature18*(feature12+feature17)))    feature_ID:000013
     d002 = ((feature15*(feature15-feature16))*((feature11*feature16)-(feature13*feature15)))    feature_ID:010009

  2D model(y=sum(ci*di)+c0): 
     coeff.(ci)_task001:     0.7459631161E+02    0.1116088786E+04
             c0_task001:     0.8489351804E+02
     RMSE,MaxAE_task001:     0.7301065929E+01    0.1359506944E+02

     RMSE and MaxAE of the model:   7.301066 13.595069
================================================================================
Time (second) used for this DI:           25.67
Total time (second):         1912.83
Have a nice day !    

