
       ==============================================
       |                                            |
       |                 C R E S T                  |
       |                                            |
       |  Conformer-Rotamer Ensemble Sampling Tool  |
       |          based on the GFN methods          |
       |             P.Pracht, S.Grimme             |
       |          Universitaet Bonn, MCTC           |
       ==============================================
       Version 2.12,   Thu 19. Mai 16:32:32 CEST 2022
  Using the xTB program. Compatible with xTB version 6.4.0

   Cite work conducted with this code as

   • P.Pracht, F.Bohle, S.Grimme, PCCP, 2020, 22, 7169-7192.
   • S.Grimme, JCTC, 2019, 15, 2847-2862.

   and for works involving QCG as

   • S.Spicher, C.Plett, P.Pracht, A.Hansen, S.Grimme,
     JCTC, 2022, 18 (5), 3174-3189.

   with help from:
   C.Bannwarth, F.Bohle, S.Ehlert, S.Grimme,
   C.Plett, P.Pracht, S.Spicher

   This program is distributed in the hope that it will be useful,
   but WITHOUT ANY WARRANTY; without even the implied warranty of
   MERCHANTABILITY or FITNESS FOR A PARTICULAR PURPOSE.

 Command line input:
 > crest out.xyz --gfn 2 --chrg 0 -T 1

  -gfn2 : Use of GFN2-xTB requested.
  --chrg 0
  -T 1 (CPUs/Threads selected)

 -------------------------
 xTB Geometry Optimization
 -------------------------
 Geometry successfully optimized.

------------------------------------------------
Generating MTD length from a flexibility measure
------------------------------------------------
 Calculating WBOs... done.
 Calculating NCI flexibility... done.
     covalent flexibility measure :   0.000
 non-covalent flexibility measure :   0.780
 flexibility measure :   0.000
 t(MTD) / ps    :     5.0
 Σ(t(MTD)) / ps :    70.0 (14 MTDs)

-------------------------------------
Starting a trial MTD to test settings
-------------------------------------
 Estimated runtime for one MTD (5.0 ps) on a single thread: 31 min 42 sec
 Estimated runtime for a batch of 14 MTDs on 1 threads: 7 h 23 min 44 sec

 list of Vbias parameters applied:
$metadyn    0.00300   1.300
$metadyn    0.00150   1.300
$metadyn    0.00075   1.300
$metadyn    0.00300   0.780
$metadyn    0.00150   0.780
$metadyn    0.00075   0.780
$metadyn    0.00300   0.468
$metadyn    0.00150   0.468
$metadyn    0.00075   0.468
$metadyn    0.00300   0.281
$metadyn    0.00150   0.281
$metadyn    0.00075   0.281
$metadyn    0.00100   0.100
$metadyn    0.00500   0.800

*******************************************************************************************
**                        N E W    I T E R A T I O N    C Y C L E                        **
*******************************************************************************************

========================================
            MTD Iteration  1
========================================

     ========================================
     |         Meta-MD (MTD) Sampling       |
     ========================================

Starting Meta-MD  14 with the settings:
     MD time /ps        :     5.0
     dt /fs             :     5.0
     dumpstep(trj) /fs  :     100
     dumpstep(Vbias)/ps :     1.0
     Vbias factor k /Eh :  0.1600
     Vbias exp α /bohr⁻²:    0.80
*Meta-MTD 14 finished*
Starting Meta-MD  13 with the settings:
     MD time /ps        :     5.0
     dt /fs             :     5.0
     dumpstep(trj) /fs  :     100
     dumpstep(Vbias)/ps :     1.0
     Vbias factor k /Eh :  0.0320
     Vbias exp α /bohr⁻²:    0.10
*Meta-MTD 13 finished*
Starting Meta-MD  12 with the settings:
     MD time /ps        :     5.0
     dt /fs             :     5.0
     dumpstep(trj) /fs  :     100
     dumpstep(Vbias)/ps :     1.0
     Vbias factor k /Eh :  0.0240
     Vbias exp α /bohr⁻²:    0.28
*Meta-MTD 12 finished*
Starting Meta-MD  11 with the settings:
     MD time /ps        :     5.0
     dt /fs             :     5.0
     dumpstep(trj) /fs  :     100
     dumpstep(Vbias)/ps :     1.0
     Vbias factor k /Eh :  0.0480
     Vbias exp α /bohr⁻²:    0.28
*Meta-MTD 11 finished*
Starting Meta-MD  10 with the settings:
     MD time /ps        :     5.0
     dt /fs             :     5.0
     dumpstep(trj) /fs  :     100
     dumpstep(Vbias)/ps :     1.0
     Vbias factor k /Eh :  0.0960
     Vbias exp α /bohr⁻²:    0.28
*Meta-MTD 10 finished*
Starting Meta-MD   9 with the settings:
     MD time /ps        :     5.0
     dt /fs             :     5.0
     dumpstep(trj) /fs  :     100
     dumpstep(Vbias)/ps :     1.0
     Vbias factor k /Eh :  0.0240
     Vbias exp α /bohr⁻²:    0.47
*Meta-MTD 9 finished*
Starting Meta-MD   8 with the settings:
     MD time /ps        :     5.0
     dt /fs             :     5.0
     dumpstep(trj) /fs  :     100
     dumpstep(Vbias)/ps :     1.0
     Vbias factor k /Eh :  0.0480
     Vbias exp α /bohr⁻²:    0.47
*Meta-MTD 8 finished*
Starting Meta-MD   7 with the settings:
     MD time /ps        :     5.0
     dt /fs             :     5.0
     dumpstep(trj) /fs  :     100
     dumpstep(Vbias)/ps :     1.0
     Vbias factor k /Eh :  0.0960
     Vbias exp α /bohr⁻²:    0.47
*Meta-MTD 7 finished*
Starting Meta-MD   6 with the settings:
     MD time /ps        :     5.0
     dt /fs             :     5.0
     dumpstep(trj) /fs  :     100
     dumpstep(Vbias)/ps :     1.0
     Vbias factor k /Eh :  0.0240
     Vbias exp α /bohr⁻²:    0.78
*Meta-MTD 6 finished*
Starting Meta-MD   5 with the settings:
     MD time /ps        :     5.0
     dt /fs             :     5.0
     dumpstep(trj) /fs  :     100
     dumpstep(Vbias)/ps :     1.0
     Vbias factor k /Eh :  0.0480
     Vbias exp α /bohr⁻²:    0.78
*Meta-MTD 5 finished*
Starting Meta-MD   4 with the settings:
     MD time /ps        :     5.0
     dt /fs             :     5.0
     dumpstep(trj) /fs  :     100
     dumpstep(Vbias)/ps :     1.0
     Vbias factor k /Eh :  0.0960
     Vbias exp α /bohr⁻²:    0.78
*Meta-MTD 4 finished*
Starting Meta-MD   3 with the settings:
     MD time /ps        :     5.0
     dt /fs             :     5.0
     dumpstep(trj) /fs  :     100
     dumpstep(Vbias)/ps :     1.0
     Vbias factor k /Eh :  0.0240
     Vbias exp α /bohr⁻²:    1.30
*Meta-MTD 3 finished*
Starting Meta-MD   2 with the settings:
     MD time /ps        :     5.0
     dt /fs             :     5.0
     dumpstep(trj) /fs  :     100
     dumpstep(Vbias)/ps :     1.0
     Vbias factor k /Eh :  0.0480
     Vbias exp α /bohr⁻²:    1.30
*Meta-MTD 2 finished*
Starting Meta-MD   1 with the settings:
     MD time /ps        :     5.0
     dt /fs             :     5.0
     dumpstep(trj) /fs  :     100
     dumpstep(Vbias)/ps :     1.0
     Vbias factor k /Eh :  0.0960
     Vbias exp α /bohr⁻²:    1.30
*Meta-MTD 1 finished*

-----------------------
Multilevel Optimization
-----------------------

 -------------------------
 1. crude pre-optimization
 -------------------------
 Optimizing all 686 structures from file "crest_rotamers_0.xyz" ...
 1 2 3 4 5 6 7 8 9 10 11 12 13 14 15 16 17 18 19 20 21 22 23 24 25 26 27 28 29 30 31 32 33 34 35 36 37 38 39 40 41 42 43 44 45 46 47 48 49 50 51 52 53 54 55 56 57 58 59 60 61 62 63 64 65 66 67 68 69 70 71 72 73 74 75 76 77 78 79 80 81 82 83 84 85 86 87 88 89 90 91 92 93 94 95 96 97 98 99 100 101 102 103 104 105 106 107 108 109 110 111 112 113 114 115 116 117 118 119 120 121 122 123 124 125 126 127 128 129 130 131 132 133 134 135 136 137 138 139 140 141 142 143 144 145 146 147 148 149 150 151 152 153 154 155 156 157 158 159 160 161 162 163 164 165 166 167 168 169 170 171 172 173 174 175 176 177 178 179 180 181 182 183 184 185 186 187 188 189 190 191 192 193 194 195 196 197 198 199 200 201 202 203 204 205 206 207 208 209 210 211 212 213 214 215 216 217 218 219 220 221 222 223 224 225 226 227 228 229 230 231 232 233 234 235 236 237 238 239 240 241 242 243 244 245 246 247 248 249 250 251 252 253 254 255 256 257 258 259 260 261 262 263 264 265 266 267 268 269 270 271 272 273 274 275 276 277 278 279 280 281 282 283 284 285 286 287 288 289 290 291 292 293 294 295 296 297 298 299 300 301 302 303 304 305 306 307 308 309 310 311 312 313 314 315 316 317 318 319 320 321 322 323 324 325 326 327 328 329 330 331 332 333 334 335 336 337 338 339 340 341 342 343 344 345 346 347 348 349 350 351 352 353 354 355 356 357 358 359 360 361 362 363 364 365 366 367 368 369 370 371 372 373 374 375 376 377 378 379 380 381 382 383 384 385 386 387 388 389 390 391 392 393 394 395 396 397 398 399 400 401 402 403 404 405 406 407 408 409 410 411 412 413 414 415 416 417 418 419 420 421 422 423 424 425 426 427 428 429 430 431 432 433 434 435 436 437 438 439 440 441 442 443 444 445 446 447 448 449 450 451 452 453 454 455 456 457 458 459 460 461 462 463 464 465 466 467 468 469 470 471 472 473 474 475 476 477 478 479 480 481 482 483 484 485 486 487 488 489 490 491 492 493 494 495 496 497 498 499 500 501 502 503 504 505 506 507 508 509 510 511 512 513 514 515 516 517 518 519 520 521 522 523 524 525 526 527 528 529 530 531 532 533 534 535 536 537 538 539 540 541 542 543 544 545 546 547 548 549 550 551 552 553 554 555 556 557 558 559 560 561 562 563 564 565 566 567 568 569 570 571 572 573 574 575 576 577 578 579 580 581 582 583 584 585 586 587 588 589 590 591 592 593 594 595 596 597 598 599 600 601 602 603 604 605 606 607 608 609 610 611 612 613 614 615 616 617 618 619 620 621 622 623 624 625 626 627 628 629 630 631 632 633 634 635 636 637 638 639 640 641 642 643 644 645 646 647 648 649 650 651 652 653 654 655 656 657 658 659 660 661 662 663 664 665 666 667 668 669 670 671 672 673 674 675 676 677 678 679 680 681 682 683 684 685 686
 done.
 running RMSDs...
 done.
 E lowest :   -48.26827
 682 structures remain within    12.00 kcal/mol window

 -------------------------------------
 2. optimization with tight thresholds
 -------------------------------------
 Optimizing all 683 structures from file "crest_rotamers_1.xyz" ...
 1 2 3 4 5 6 7 8 9 10 11 12 13 14 15 16 17 18 19 20 21 22 23 24 25 26 27 28 29 30 31 32 33 34 35 36 37 38 39 40 41 42 43 44 45 46 47 48 49 50 51 52 53 54 55 56 57 58 59 60 61 62 63 64 65 66 67 68 69 70 71 72 73 74 75 76 77 78 79 80 81 82 83 84 85 86 87 88 89 90 91 92 93 94 95 96 97 98 99 100 101 102 103 104 105 106 107 108 109 110 111 112 113 114 115 116 117 118 119 120 121 122 123 124 125 126 127 128 129 130 131 132 133 134 135 136 137 138 139 140 141 142 143 144 145 146 147 148 149 150 151 152 153 154 155 156 157 158 159 160 161 162 163 164 165 166 167 168 169 170 171 172 173 174 175 176 177 178 179 180 181 182 183 184 185 186 187 188 189 190 191 192 193 194 195 196 197 198 199 200 201 202 203 204 205 206 207 208 209 210 211 212 213 214 215 216 217 218 219 220 221 222 223 224 225 226 227 228 229 230 231 232 233 234 235 236 237 238 239 240 241 242 243 244 245 246 247 248 249 250 251 252 253 254 255 256 257 258 259 260 261 262 263 264 265 266 267 268 269 270 271 272 273 274 275 276 277 278 279 280 281 282 283 284 285 286 287 288 289 290 291 292 293 294 295 296 297 298 299 300 301 302 303 304 305 306 307 308 309 310 311 312 313 314 315 316 317 318 319 320 321 322 323 324 325 326 327 328 329 330 331 332 333 334 335 336 337 338 339 340 341 342 343 344 345 346 347 348 349 350 351 352 353 354 355 356 357 358 359 360 361 362 363 364 365 366 367 368 369 370 371 372 373 374 375 376 377 378 379 380 381 382 383 384 385 386 387 388 389 390 391 392 393 394 395 396 397 398 399 400 401 402 403 404 405 406 407 408 409 410 411 412 413 414 415 416 417 418 419 420 421 422 423 424 425 426 427 428 429 430 431 432 433 434 435 436 437 438 439 440 441 442 443 444 445 446 447 448 449 450 451 452 453 454 455 456 457 458 459 460 461 462 463 464 465 466 467 468 469 470 471 472 473 474 475 476 477 478 479 480 481 482 483 484 485 486 487 488 489 490 491 492 493 494 495 496 497 498 499 500 501 502 503 504 505 506 507 508 509 510 511 512 513 514 515 516 517 518 519 520 521 522 523 524 525 526 527 528 529 530 531 532 533 534 535 536 537 538 539 540 541 542 543 544 545 546 547 548 549 550 551 552 553 554 555 556 557 558 559 560 561 562 563 564 565 566 567 568 569 570 571 572 573 574 575 576 577 578 579 580 581 582 583 584 585 586 587 588 589 590 591 592 593 594 595 596 597 598 599 600 601 602 603 604 605 606 607 608 609 610 611 612 613 614 615 616 617 618 619 620 621 622 623 624 625 626 627 628 629 630 631 632 633 634 635 636 637 638 639 640 641 642 643 644 645 646 647 648 649 650 651 652 653 654 655 656 657 658 659 660 661 662 663 664 665 666 667 668 669 670 671 672 673 674 675 676 677 678 679 680 681 682 683
 done.
 running RMSDs...
 done.
 E lowest :   -48.26869
 345 structures remain within     6.00 kcal/mol window


========================================
            MTD Iteration  2
========================================

     ========================================
     |         Meta-MD (MTD) Sampling       |
     ========================================

Starting Meta-MD  12 with the settings:
     MD time /ps        :     5.0
     dt /fs             :     5.0
     dumpstep(trj) /fs  :     100
     dumpstep(Vbias)/ps :     1.0
     Vbias factor k /Eh :  0.0240
     Vbias exp α /bohr⁻²:    0.28
*Meta-MTD 12 finished*
Starting Meta-MD  11 with the settings:
     MD time /ps        :     5.0
     dt /fs             :     5.0
     dumpstep(trj) /fs  :     100
     dumpstep(Vbias)/ps :     1.0
     Vbias factor k /Eh :  0.0480
     Vbias exp α /bohr⁻²:    0.28
*Meta-MTD 11 finished*
Starting Meta-MD  10 with the settings:
     MD time /ps        :     5.0
     dt /fs             :     5.0
     dumpstep(trj) /fs  :     100
     dumpstep(Vbias)/ps :     1.0
     Vbias factor k /Eh :  0.0960
     Vbias exp α /bohr⁻²:    0.28
*Meta-MTD 10 finished*
Starting Meta-MD   9 with the settings:
     MD time /ps        :     5.0
     dt /fs             :     5.0
     dumpstep(trj) /fs  :     100
     dumpstep(Vbias)/ps :     1.0
     Vbias factor k /Eh :  0.0240
     Vbias exp α /bohr⁻²:    0.47
*Meta-MTD 9 finished*
Starting Meta-MD   8 with the settings:
     MD time /ps        :     5.0
     dt /fs             :     5.0
     dumpstep(trj) /fs  :     100
     dumpstep(Vbias)/ps :     1.0
     Vbias factor k /Eh :  0.0480
     Vbias exp α /bohr⁻²:    0.47
*Meta-MTD 8 finished*
Starting Meta-MD   7 with the settings:
     MD time /ps        :     5.0
     dt /fs             :     5.0
     dumpstep(trj) /fs  :     100
     dumpstep(Vbias)/ps :     1.0
     Vbias factor k /Eh :  0.0960
     Vbias exp α /bohr⁻²:    0.47
*Meta-MTD 7 finished*
Starting Meta-MD   6 with the settings:
     MD time /ps        :     5.0
     dt /fs             :     5.0
     dumpstep(trj) /fs  :     100
     dumpstep(Vbias)/ps :     1.0
     Vbias factor k /Eh :  0.0240
     Vbias exp α /bohr⁻²:    0.78
*Meta-MTD 6 finished*
Starting Meta-MD   5 with the settings:
     MD time /ps        :     5.0
     dt /fs             :     5.0
     dumpstep(trj) /fs  :     100
     dumpstep(Vbias)/ps :     1.0
     Vbias factor k /Eh :  0.0480
     Vbias exp α /bohr⁻²:    0.78
*Meta-MTD 5 finished*
Starting Meta-MD   4 with the settings:
     MD time /ps        :     5.0
     dt /fs             :     5.0
     dumpstep(trj) /fs  :     100
     dumpstep(Vbias)/ps :     1.0
     Vbias factor k /Eh :  0.0960
     Vbias exp α /bohr⁻²:    0.78
*Meta-MTD 4 finished*
Starting Meta-MD   3 with the settings:
     MD time /ps        :     5.0
     dt /fs             :     5.0
     dumpstep(trj) /fs  :     100
     dumpstep(Vbias)/ps :     1.0
     Vbias factor k /Eh :  0.0240
     Vbias exp α /bohr⁻²:    1.30
*Meta-MTD 3 finished*
Starting Meta-MD   2 with the settings:
     MD time /ps        :     5.0
     dt /fs             :     5.0
     dumpstep(trj) /fs  :     100
     dumpstep(Vbias)/ps :     1.0
     Vbias factor k /Eh :  0.0480
     Vbias exp α /bohr⁻²:    1.30
*Meta-MTD 2 finished*
Starting Meta-MD   1 with the settings:
     MD time /ps        :     5.0
     dt /fs             :     5.0
     dumpstep(trj) /fs  :     100
     dumpstep(Vbias)/ps :     1.0
     Vbias factor k /Eh :  0.0960
     Vbias exp α /bohr⁻²:    1.30
*Meta-MTD 1 finished*

-----------------------
Multilevel Optimization
-----------------------

 -------------------------
 1. crude pre-optimization
 -------------------------
 Optimizing all 588 structures from file "crest_rotamers_0.xyz" ...
 1 2 3 4 5 6 7 8 9 10 11 12 13 14 15 16 17 18 19 20 21 22 23 24 25 26 27 28 29 30 31 32 33 34 35 36 37 38 39 40 41 42 43 44 45 46 47 48 49 50 51 52 53 54 55 56 57 58 59 60 61 62 63 64 65 66 67 68 69 70 71 72 73 74 75 76 77 78 79 80 81 82 83 84 85 86 87 88 89 90 91 92 93 94 95 96 97 98 99 100 101 102 103 104 105 106 107 108 109 110 111 112 113 114 115 116 117 118 119 120 121 122 123 124 125 126 127 128 129 130 131 132 133 134 135 136 137 138 139 140 141 142 143 144 145 146 147 148 149 150 151 152 153 154 155 156 157 158 159 160 161 162 163 164 165 166 167 168 169 170 171 172 173 174 175 176 177 178 179 180 181 182 183 184 185 186 187 188 189 190 191 192 193 194 195 196 197 198 199 200 201 202 203 204 205 206 207 208 209 210 211 212 213 214 215 216 217 218 219 220 221 222 223 224 225 226 227 228 229 230 231 232 233 234 235 236 237 238 239 240 241 242 243 244 245 246 247 248 249 250 251 252 253 254 255 256 257 258 259 260 261 262 263 264 265 266 267 268 269 270 271 272 273 274 275 276 277 278 279 280 281 282 283 284 285 286 287 288 289 290 291 292 293 294 295 296 297 298 299 300 301 302 303 304 305 306 307 308 309 310 311 312 313 314 315 316 317 318 319 320 321 322 323 324 325 326 327 328 329 330 331 332 333 334 335 336 337 338 339 340 341 342 343 344 345 346 347 348 349 350 351 352 353 354 355 356 357 358 359 360 361 362 363 364 365 366 367 368 369 370 371 372 373 374 375 376 377 378 379 380 381 382 383 384 385 386 387 388 389 390 391 392 393 394 395 396 397 398 399 400 401 402 403 404 405 406 407 408 409 410 411 412 413 414 415 416 417 418 419 420 421 422 423 424 425 426 427 428 429 430 431 432 433 434 435 436 437 438 439 440 441 442 443 444 445 446 447 448 449 450 451 452 453 454 455 456 457 458 459 460 461 462 463 464 465 466 467 468 469 470 471 472 473 474 475 476 477 478 479 480 481 482 483 484 485 486 487 488 489 490 491 492 493 494 495 496 497 498 499 500 501 502 503 504 505 506 507 508 509 510 511 512 513 514 515 516 517 518 519 520 521 522 523 524 525 526 527 528 529 530 531 532 533 534 535 536 537 538 539 540 541 542 543 544 545 546 547 548 549 550 551 552 553 554 555 556 557 558 559 560 561 562 563 564 565 566 567 568 569 570 571 572 573 574 575 576 577 578 579 580 581 582 583 584 585 586 587 588
 done.
 running RMSDs...
 done.
 E lowest :   -48.26835
 585 structures remain within    12.00 kcal/mol window

 -------------------------------------
 2. optimization with tight thresholds
 -------------------------------------
 Optimizing all 586 structures from file "crest_rotamers_1.xyz" ...
 1 2 3 4 5 6 7 8 9 10 11 12 13 14 15 16 17 18 19 20 21 22 23 24 25 26 27 28 29 30 31 32 33 34 35 36 37 38 39 40 41 42 43 44 45 46 47 48 49 50 51 52 53 54 55 56 57 58 59 60 61 62 63 64 65 66 67 68 69 70 71 72 73 74 75 76 77 78 79 80 81 82 83 84 85 86 87 88 89 90 91 92 93 94 95 96 97 98 99 100 101 102 103 104 105 106 107 108 109 110 111 112 113 114 115 116 117 118 119 120 121 122 123 124 125 126 127 128 129 130 131 132 133 134 135 136 137 138 139 140 141 142 143 144 145 146 147 148 149 150 151 152 153 154 155 156 157 158 159 160 161 162 163 164 165 166 167 168 169 170 171 172 173 174 175 176 177 178 179 180 181 182 183 184 185 186 187 188 189 190 191 192 193 194 195 196 197 198 199 200 201 202 203 204 205 206 207 208 209 210 211 212 213 214 215 216 217 218 219 220 221 222 223 224 225 226 227 228 229 230 231 232 233 234 235 236 237 238 239 240 241 242 243 244 245 246 247 248 249 250 251 252 253 254 255 256 257 258 259 260 261 262 263 264 265 266 267 268 269 270 271 272 273 274 275 276 277 278 279 280 281 282 283 284 285 286 287 288 289 290 291 292 293 294 295 296 297 298 299 300 301 302 303 304 305 306 307 308 309 310 311 312 313 314 315 316 317 318 319 320 321 322 323 324 325 326 327 328 329 330 331 332 333 334 335 336 337 338 339 340 341 342 343 344 345 346 347 348 349 350 351 352 353 354 355 356 357 358 359 360 361 362 363 364 365 366 367 368 369 370 371 372 373 374 375 376 377 378 379 380 381 382 383 384 385 386 387 388 389 390 391 392 393 394 395 396 397 398 399 400 401 402 403 404 405 406 407 408 409 410 411 412 413 414 415 416 417 418 419 420 421 422 423 424 425 426 427 428 429 430 431 432 433 434 435 436 437 438 439 440 441 442 443 444 445 446 447 448 449 450 451 452 453 454 455 456 457 458 459 460 461 462 463 464 465 466 467 468 469 470 471 472 473 474 475 476 477 478 479 480 481 482 483 484 485 486 487 488 489 490 491 492 493 494 495 496 497 498 499 500 501 502 503 504 505 506 507 508 509 510 511 512 513 514 515 516 517 518 519 520 521 522 523 524 525 526 527 528 529 530 531 532 533 534 535 536 537 538 539 540 541 542 543 544 545 546 547 548 549 550 551 552 553 554 555 556 557 558 559 560 561 562 563 564 565 566 567 568 569 570 571 572 573 574 575 576 577 578 579 580 581 582 583 584 585 586
 done.
 running RMSDs...
 done.
 E lowest :   -48.26869
 269 structures remain within     6.00 kcal/mol window

========================================
            MTD Iterations done         
========================================
 Collecting ensmbles.
 running RMSDs...
 done.
 E lowest :   -48.26869
 612 structures remain within     6.00 kcal/mol window

-----------------------------------------------
Additional regular MDs on lowest 4 conformer(s)
-----------------------------------------------
Starting MD   8 with the settings:
     MD time /ps        :     2.5
     MD Temperature /K  :   500.0
     dt /fs             :     5.0
     dumpstep(trj) /fs  :     100
*MD 8 finished*
Starting MD   7 with the settings:
     MD time /ps        :     2.5
     MD Temperature /K  :   400.0
     dt /fs             :     5.0
     dumpstep(trj) /fs  :     100
*MD 7 finished*
Starting MD   6 with the settings:
     MD time /ps        :     2.5
     MD Temperature /K  :   500.0
     dt /fs             :     5.0
     dumpstep(trj) /fs  :     100
*MD 6 finished*
Starting MD   5 with the settings:
     MD time /ps        :     2.5
     MD Temperature /K  :   400.0
     dt /fs             :     5.0
     dumpstep(trj) /fs  :     100
*MD 5 finished*
Starting MD   4 with the settings:
     MD time /ps        :     2.5
     MD Temperature /K  :   500.0
     dt /fs             :     5.0
     dumpstep(trj) /fs  :     100
*MD 4 finished*
Starting MD   3 with the settings:
     MD time /ps        :     2.5
     MD Temperature /K  :   400.0
     dt /fs             :     5.0
     dumpstep(trj) /fs  :     100
*MD 3 finished*
Starting MD   2 with the settings:
     MD time /ps        :     2.5
     MD Temperature /K  :   500.0
     dt /fs             :     5.0
     dumpstep(trj) /fs  :     100
*MD 2 finished*
Starting MD   1 with the settings:
     MD time /ps        :     2.5
     MD Temperature /K  :   400.0
     dt /fs             :     5.0
     dumpstep(trj) /fs  :     100
*MD 1 finished*
 Appending file crest_rotamers_1.xyz with new structures

 -------------------------------------------
 Ensemble optimization with tight thresholds
 -------------------------------------------
 Optimizing all 804 structures from file "crest_rotamers_1.xyz" ...
 1 2 3 4 5 6 7 8 9 10 11 12 13 14 15 16 17 18 19 20 21 22 23 24 25 26 27 28 29 30 31 32 33 34 35 36 37 38 39 40 41 42 43 44 45 46 47 48 49 50 51 52 53 54 55 56 57 58 59 60 61 62 63 64 65 66 67 68 69 70 71 72 73 74 75 76 77 78 79 80 81 82 83 84 85 86 87 88 89 90 91 92 93 94 95 96 97 98 99 100 101 102 103 104 105 106 107 108 109 110 111 112 113 114 115 116 117 118 119 120 121 122 123 124 125 126 127 128 129 130 131 132 133 134 135 136 137 138 139 140 141 142 143 144 145 146 147 148 149 150 151 152 153 154 155 156 157 158 159 160 161 162 163 164 165 166 167 168 169 170 171 172 173 174 175 176 177 178 179 180 181 182 183 184 185 186 187 188 189 190 191 192 193 194 195 196 197 198 199 200 201 202 203 204 205 206 207 208 209 210 211 212 213 214 215 216 217 218 219 220 221 222 223 224 225 226 227 228 229 230 231 232 233 234 235 236 237 238 239 240 241 242 243 244 245 246 247 248 249 250 251 252 253 254 255 256 257 258 259 260 261 262 263 264 265 266 267 268 269 270 271 272 273 274 275 276 277 278 279 280 281 282 283 284 285 286 287 288 289 290 291 292 293 294 295 296 297 298 299 300 301 302 303 304 305 306 307 308 309 310 311 312 313 314 315 316 317 318 319 320 321 322 323 324 325 326 327 328 329 330 331 332 333 334 335 336 337 338 339 340 341 342 343 344 345 346 347 348 349 350 351 352 353 354 355 356 357 358 359 360 361 362 363 364 365 366 367 368 369 370 371 372 373 374 375 376 377 378 379 380 381 382 383 384 385 386 387 388 389 390 391 392 393 394 395 396 397 398 399 400 401 402 403 404 405 406 407 408 409 410 411 412 413 414 415 416 417 418 419 420 421 422 423 424 425 426 427 428 429 430 431 432 433 434 435 436 437 438 439 440 441 442 443 444 445 446 447 448 449 450 451 452 453 454 455 456 457 458 459 460 461 462 463 464 465 466 467 468 469 470 471 472 473 474 475 476 477 478 479 480 481 482 483 484 485 486 487 488 489 490 491 492 493 494 495 496 497 498 499 500 501 502 503 504 505 506 507 508 509 510 511 512 513 514 515 516 517 518 519 520 521 522 523 524 525 526 527 528 529 530 531 532 533 534 535 536 537 538 539 540 541 542 543 544 545 546 547 548 549 550 551 552 553 554 555 556 557 558 559 560 561 562 563 564 565 566 567 568 569 570 571 572 573 574 575 576 577 578 579 580 581 582 583 584 585 586 587 588 589 590 591 592 593 594 595 596 597 598 599 600 601 602 603 604 605 606 607 608 609 610 611 612 613 614 615 616 617 618 619 620 621 622 623 624 625 626 627 628 629 630 631 632 633 634 635 636 637 638 639 640 641 642 643 644 645 646 647 648 649 650 651 652 653 654 655 656 657 658 659 660 661 662 663 664 665 666 667 668 669 670 671 672 673 674 675 676 677 678 679 680 681 682 683 684 685 686 687 688 689 690 691 692 693 694 695 696 697 698 699 700 701 702 703 704 705 706 707 708 709 710 711 712 713 714 715 716 717 718 719 720 721 722 723 724 725 726 727 728 729 730 731 732 733 734 735 736 737 738 739 740 741 742 743 744 745 746 747 748 749 750 751 752 753 754 755 756 757 758 759 760 761 762 763 764 765 766 767 768 769 770 771 772 773 774 775 776 777 778 779 780 781 782 783 784 785 786 787 788 789 790 791 792 793 794 795 796 797 798 799 800 801 802 803 804
 done.
 running RMSDs...
 done.
 E lowest :   -48.26869
 675 structures remain within     6.00 kcal/mol window


     ========================================
     |        Structure Crossing (GC)       |
     ========================================
 =============================
  # threads =           1
 =============================
 input  file name : crest_rotamers_3.xyz
number of atoms                :    32
number of points on xyz files  :   675
conformer energy window  /kcal :    6.00
CN per atom difference cut-off :  0.3000
RMSD threshold                 :  0.2500
max. # of generated structures : 250
 reading xyz file ...
 # in E window                675
 generating pairs ...      228149
  14.8 % done
  29.6 % done
  44.4 % done
  59.3 % done
  74.1 % done
  88.9 % done
 generated pairs           :       25153
 number of clash discarded :      202322
 average rmsd w.r.t input  : 4.05658
 sd of ensemble            : 0.85381
 number of new structures      :         206
 removed identical structures  :         294
 writing          206  TMPCONF* dirs ...
 --------------------------
 GC: loose pre-optimization
 --------------------------
 Starting optimization of generated structures
 206 jobs to do.
 1 2 3 4 5 6 7 8 9 10 11 12 13 14 15 16 17 18 19 20 21 22 23 24 25 26 27 28 29 30 31 32 33 34 35 36 37 38 39 40 41 42 43 44 45 46 47 48 49 50 51 52 53 54 55 56 57 58 59 60 61 62 63 64 65 66 67 68 69 70 71 72 73 74 75 76 77 78 79 80 81 82 83 84 85 86 87 88 89 90 91 92 93 94 95 96 97 98 99 100 101 102 103 104 105 106 107 108 109 110 111 112 113 114 115 116 117 118 119 120 121 122 123 124 125 126 127 128 129 130 131 132 133 134 135 136 137 138 139 140 141 142 143 144 145 146 147 148 149 150 151 152 153 154 155 156 157 158 159 160 161 162 163 164 165 166 167 168 169 170 171 172 173 174 175 176 177 178 179 180 181 182 183 184 185 186 187 188 189 190 191 192 193 194 195 196 197 198 199 200 201 202 203 204 205 206 
 done.
 Now appending opt.xyz file with new structures
 running RMSDs...
 done.
 E lowest :   -48.26869
 180 structures remain within    10.00 kcal/mol window
 --------------------------------------
 GC: optimization with tight thresholds
 --------------------------------------
 Optimizing all 180 structures from file "crest_rotamers_1.xyz" ...
 1 2 3 4 5 6 7 8 9 10 11 12 13 14 15 16 17 18 19 20 21 22 23 24 25 26 27 28 29 30 31 32 33 34 35 36 37 38 39 40 41 42 43 44 45 46 47 48 49 50 51 52 53 54 55 56 57 58 59 60 61 62 63 64 65 66 67 68 69 70 71 72 73 74 75 76 77 78 79 80 81 82 83 84 85 86 87 88 89 90 91 92 93 94 95 96 97 98 99 100 101 102 103 104 105 106 107 108 109 110 111 112 113 114 115 116 117 118 119 120 121 122 123 124 125 126 127 128 129 130 131 132 133 134 135 136 137 138 139 140 141 142 143 144 145 146 147 148 149 150 151 152 153 154 155 156 157 158 159 160 161 162 163 164 165 166 167 168 169 170 171 172 173 174 175 176 177 178 179 180
 done.
 running RMSDs...
 done.
 E lowest :   -48.26869


   ================================================
   |           Final Geometry Optimization        |
   ================================================
 ------------------------------------------------
 Ensemble optimization with very tight thresholds
 ------------------------------------------------
 Optimizing all 763 structures from file "crest_rotamers_4.xyz" ...
 1 2 3 4 5 6 7 8 9 10 11 12 13 14 15 16 17 18 19 20 21 22 23 24 25 26 27 28 29 30 31 32 33 34 35 36 37 38 39 40 41 42 43 44 45 46 47 48 49 50 51 52 53 54 55 56 57 58 59 60 61 62 63 64 65 66 67 68 69 70 71 72 73 74 75 76 77 78 79 80 81 82 83 84 85 86 87 88 89 90 91 92 93 94 95 96 97 98 99 100 101 102 103 104 105 106 107 108 109 110 111 112 113 114 115 116 117 118 119 120 121 122 123 124 125 126 127 128 129 130 131 132 133 134 135 136 137 138 139 140 141 142 143 144 145 146 147 148 149 150 151 152 153 154 155 156 157 158 159 160 161 162 163 164 165 166 167 168 169 170 171 172 173 174 175 176 177 178 179 180 181 182 183 184 185 186 187 188 189 190 191 192 193 194 195 196 197 198 199 200 201 202 203 204 205 206 207 208 209 210 211 212 213 214 215 216 217 218 219 220 221 222 223 224 225 226 227 228 229 230 231 232 233 234 235 236 237 238 239 240 241 242 243 244 245 246 247 248 249 250 251 252 253 254 255 256 257 258 259 260 261 262 263 264 265 266 267 268 269 270 271 272 273 274 275 276 277 278 279 280 281 282 283 284 285 286 287 288 289 290 291 292 293 294 295 296 297 298 299 300 301 302 303 304 305 306 307 308 309 310 311 312 313 314 315 316 317 318 319 320 321 322 323 324 325 326 327 328 329 330 331 332 333 334 335 336 337 338 339 340 341 342 343 344 345 346 347 348 349 350 351 352 353 354 355 356 357 358 359 360 361 362 363 364 365 366 367 368 369 370 371 372 373 374 375 376 377 378 379 380 381 382 383 384 385 386 387 388 389 390 391 392 393 394 395 396 397 398 399 400 401 402 403 404 405 406 407 408 409 410 411 412 413 414 415 416 417 418 419 420 421 422 423 424 425 426 427 428 429 430 431 432 433 434 435 436 437 438 439 440 441 442 443 444 445 446 447 448 449 450 451 452 453 454 455 456 457 458 459 460 461 462 463 464 465 466 467 468 469 470 471 472 473 474 475 476 477 478 479 480 481 482 483 484 485 486 487 488 489 490 491 492 493 494 495 496 497 498 499 500 501 502 503 504 505 506 507 508 509 510 511 512 513 514 515 516 517 518 519 520 521 522 523 524 525 526 527 528 529 530 531 532 533 534 535 536 537 538 539 540 541 542 543 544 545 546 547 548 549 550 551 552 553 554 555 556 557 558 559 560 561 562 563 564 565 566 567 568 569 570 571 572 573 574 575 576 577 578 579 580 581 582 583 584 585 586 587 588 589 590 591 592 593 594 595 596 597 598 599 600 601 602 603 604 605 606 607 608 609 610 611 612 613 614 615 616 617 618 619 620 621 622 623 624 625 626 627 628 629 630 631 632 633 634 635 636 637 638 639 640 641 642 643 644 645 646 647 648 649 650 651 652 653 654 655 656 657 658 659 660 661 662 663 664 665 666 667 668 669 670 671 672 673 674 675 676 677 678 679 680 681 682 683 684 685 686 687 688 689 690 691 692 693 694 695 696 697 698 699 700 701 702 703 704 705 706 707 708 709 710 711 712 713 714 715 716 717 718 719 720 721 722 723 724 725 726 727 728 729 730 731 732 733 734 735 736 737 738 739 740 741 742 743 744 745 746 747 748 749 750 751 752 753 754 755 756 757 758 759 760 761 762 763
 done.
 running RMSDs...
 done.
 E lowest :   -48.26870
 744 structures remain within     6.00 kcal/mol window

 input  file name : crest_rotamers_5.xyz
 output file name : crest_rotamers_6.xyz
 number of atoms                :   32
 number of points on xyz files  :   763
 RMSD threshold                 :   0.1250
 Bconst threshold               :   0.0100
 population threshold           :   0.0500
 conformer energy window  /kcal :   6.0000
 # fragment in coord            :     2
 # bonds in reference structure :    30
 number of reliable points      :   763
 reference state Etot :  -48.268695190000003
 number of doubles removed by rot/RMSD         :          19
 total number unique points considered further :         744
       Erel/kcal        Etot weight/tot  conformer     set   degen     origin
       1   0.000   -48.26870    0.00214    0.84386       1     396     md1
       2   0.000   -48.26870    0.00214                                gc
       3   0.000   -48.26870    0.00214                                mtd1
       4   0.000   -48.26870    0.00214                                mtd1
       5   0.000   -48.26870    0.00214                                mtd1
       6   0.000   -48.26870    0.00214                                gc
       7   0.000   -48.26870    0.00214                                mtd6
       8   0.000   -48.26870    0.00214                                mtd11
       9   0.000   -48.26870    0.00214                                gc
      10   0.000   -48.26870    0.00214                                mtd11
      11   0.000   -48.26870    0.00214                                gc
      12   0.000   -48.26870    0.00214                                gc
      13   0.000   -48.26869    0.00214                                gc
      14   0.000   -48.26869    0.00214                                gc
      15   0.000   -48.26869    0.00214                                gc
      16   0.000   -48.26869    0.00214                                gc
      17   0.000   -48.26869    0.00214                                mtd5
      18   0.000   -48.26869    0.00214                                gc
      19   0.000   -48.26869    0.00214                                gc
      20   0.000   -48.26869    0.00214                                md2
      21   0.000   -48.26869    0.00214                                mtd1
      22   0.000   -48.26869    0.00214                                mtd1
      23   0.000   -48.26869    0.00214                                gc
      24   0.000   -48.26869    0.00214                                mtd8
      25   0.000   -48.26869    0.00214                                md3
      26   0.000   -48.26869    0.00214                                gc
      27   0.000   -48.26869    0.00214                                gc
      28   0.000   -48.26869    0.00214                                gc
      29   0.000   -48.26869    0.00214                                mtd3
      30   0.000   -48.26869    0.00214                                gc
      31   0.000   -48.26869    0.00214                                mtd5
      32   0.000   -48.26869    0.00214                                mtd13
      33   0.000   -48.26869    0.00214                                md6
      34   0.000   -48.26869    0.00214                                md6
      35   0.000   -48.26869    0.00214                                mtd11
      36   0.000   -48.26869    0.00214                                mtd6
      37   0.000   -48.26869    0.00214                                mtd1
      38   0.000   -48.26869    0.00214                                mtd12
      39   0.000   -48.26869    0.00214                                md1
      40   0.000   -48.26869    0.00214                                mtd6
      41   0.000   -48.26869    0.00214                                mtd7
      42   0.000   -48.26869    0.00214                                mtd14
      43   0.000   -48.26869    0.00214                                mtd10
      44   0.000   -48.26869    0.00214                                mtd6
      45   0.001   -48.26869    0.00214                                gc
      46   0.001   -48.26869    0.00214                                mtd13
      47   0.001   -48.26869    0.00214                                md6
      48   0.001   -48.26869    0.00214                                mtd8
      49   0.001   -48.26869    0.00214                                mtd2
      50   0.001   -48.26869    0.00214                                mtd6
      51   0.001   -48.26869    0.00214                                mtd2
      52   0.001   -48.26869    0.00214                                md1
      53   0.001   -48.26869    0.00214                                mtd3
      54   0.001   -48.26869    0.00214                                mtd2
      55   0.001   -48.26869    0.00214                                mtd9
      56   0.001   -48.26869    0.00214                                mtd12
      57   0.001   -48.26869    0.00214                                mtd3
      58   0.001   -48.26869    0.00214                                mtd4
      59   0.001   -48.26869    0.00214                                gc
      60   0.001   -48.26869    0.00214                                mtd8
      61   0.001   -48.26869    0.00214                                gc
      62   0.001   -48.26869    0.00214                                mtd3
      63   0.001   -48.26869    0.00214                                mtd10
      64   0.001   -48.26869    0.00214                                md8
      65   0.001   -48.26869    0.00214                                gc
      66   0.001   -48.26869    0.00214                                mtd2
      67   0.001   -48.26869    0.00214                                gc
      68   0.001   -48.26869    0.00214                                mtd1
      69   0.001   -48.26869    0.00214                                mtd5
      70   0.001   -48.26869    0.00214                                md6
      71   0.001   -48.26869    0.00214                                mtd11
      72   0.001   -48.26869    0.00214                                mtd1
      73   0.001   -48.26869    0.00214                                md1
      74   0.001   -48.26869    0.00214                                gc
      75   0.001   -48.26869    0.00214                                mtd8
      76   0.001   -48.26869    0.00214                                mtd11
      77   0.001   -48.26869    0.00214                                mtd12
      78   0.001   -48.26869    0.00214                                gc
      79   0.001   -48.26869    0.00214                                gc
      80   0.001   -48.26869    0.00214                                gc
      81   0.001   -48.26869    0.00214                                md3
      82   0.001   -48.26869    0.00214                                mtd3
      83   0.001   -48.26869    0.00214                                mtd5
      84   0.001   -48.26869    0.00214                                mtd8
      85   0.001   -48.26869    0.00214                                mtd6
      86   0.001   -48.26869    0.00214                                mtd1
      87   0.001   -48.26869    0.00214                                mtd11
      88   0.001   -48.26869    0.00214                                mtd13
      89   0.001   -48.26869    0.00214                                md6
      90   0.001   -48.26869    0.00214                                mtd3
      91   0.001   -48.26869    0.00214                                md3
      92   0.001   -48.26869    0.00214                                mtd4
      93   0.001   -48.26869    0.00214                                gc
      94   0.001   -48.26869    0.00214                                md5
      95   0.001   -48.26869    0.00214                                mtd3
      96   0.001   -48.26869    0.00214                                mtd1
      97   0.001   -48.26869    0.00214                                md7
      98   0.001   -48.26869    0.00214                                mtd9
      99   0.001   -48.26869    0.00214                                mtd12
     100   0.001   -48.26869    0.00214                                mtd8
     101   0.001   -48.26869    0.00214                                mtd8
     102   0.001   -48.26869    0.00214                                mtd3
     103   0.001   -48.26869    0.00214                                md1
     104   0.001   -48.26869    0.00214                                mtd8
     105   0.001   -48.26869    0.00214                                md2
     106   0.001   -48.26869    0.00214                                mtd6
     107   0.001   -48.26869    0.00214                                mtd3
     108   0.001   -48.26869    0.00214                                gc
     109   0.001   -48.26869    0.00214                                mtd2
     110   0.001   -48.26869    0.00214                                mtd2
     111   0.001   -48.26869    0.00214                                mtd1
     112   0.001   -48.26869    0.00214                                gc
     113   0.001   -48.26869    0.00214                                gc
     114   0.001   -48.26869    0.00214                                mtd2
     115   0.001   -48.26869    0.00214                                md2
     116   0.001   -48.26869    0.00214                                gc
     117   0.001   -48.26869    0.00214                                gc
     118   0.001   -48.26869    0.00214                                md7
     119   0.001   -48.26869    0.00214                                mtd3
     120   0.001   -48.26869    0.00214                                mtd8
     121   0.001   -48.26869    0.00214                                mtd5
     122   0.001   -48.26869    0.00214                                mtd6
     123   0.001   -48.26869    0.00214                                gc
     124   0.001   -48.26869    0.00214                                mtd6
     125   0.001   -48.26869    0.00214                                mtd1
     126   0.001   -48.26869    0.00214                                mtd1
     127   0.001   -48.26869    0.00214                                mtd6
     128   0.001   -48.26869    0.00214                                mtd7
     129   0.001   -48.26869    0.00214                                mtd1
     130   0.001   -48.26869    0.00214                                mtd9
     131   0.001   -48.26869    0.00214                                md4
     132   0.001   -48.26869    0.00214                                mtd4
     133   0.001   -48.26869    0.00214                                mtd9
     134   0.001   -48.26869    0.00214                                mtd8
     135   0.001   -48.26869    0.00214                                mtd8
     136   0.001   -48.26869    0.00214                                mtd11
     137   0.001   -48.26869    0.00214                                mtd8
     138   0.001   -48.26869    0.00214                                mtd6
     139   0.001   -48.26869    0.00214                                md8
     140   0.001   -48.26869    0.00214                                mtd5
     141   0.001   -48.26869    0.00214                                md8
     142   0.001   -48.26869    0.00214                                mtd1
     143   0.001   -48.26869    0.00214                                mtd9
     144   0.001   -48.26869    0.00214                                mtd4
     145   0.001   -48.26869    0.00214                                gc
     146   0.001   -48.26869    0.00214                                md4
     147   0.001   -48.26869    0.00214                                mtd6
     148   0.001   -48.26869    0.00214                                gc
     149   0.001   -48.26869    0.00214                                mtd10
     150   0.001   -48.26869    0.00214                                gc
     151   0.001   -48.26869    0.00214                                gc
     152   0.001   -48.26869    0.00214                                mtd1
     153   0.001   -48.26869    0.00214                                mtd10
     154   0.001   -48.26869    0.00214                                mtd1
     155   0.001   -48.26869    0.00214                                md1
     156   0.001   -48.26869    0.00214                                mtd9
     157   0.001   -48.26869    0.00214                                md1
     158   0.001   -48.26869    0.00214                                md3
     159   0.001   -48.26869    0.00214                                mtd12
     160   0.001   -48.26869    0.00214                                gc
     161   0.001   -48.26869    0.00214                                mtd6
     162   0.001   -48.26869    0.00214                                mtd3
     163   0.001   -48.26869    0.00214                                mtd8
     164   0.001   -48.26869    0.00214                                gc
     165   0.001   -48.26869    0.00214                                mtd1
     166   0.001   -48.26869    0.00214                                gc
     167   0.001   -48.26869    0.00214                                mtd2
     168   0.001   -48.26869    0.00214                                mtd12
     169   0.001   -48.26869    0.00214                                mtd14
     170   0.001   -48.26869    0.00214                                mtd4
     171   0.002   -48.26869    0.00214                                mtd6
     172   0.002   -48.26869    0.00214                                md2
     173   0.002   -48.26869    0.00214                                mtd8
     174   0.002   -48.26869    0.00214                                mtd11
     175   0.002   -48.26869    0.00214                                mtd6
     176   0.002   -48.26869    0.00214                                mtd7
     177   0.002   -48.26869    0.00214                                gc
     178   0.002   -48.26869    0.00214                                mtd5
     179   0.002   -48.26869    0.00214                                mtd10
     180   0.002   -48.26869    0.00214                                mtd10
     181   0.002   -48.26869    0.00214                                mtd9
     182   0.002   -48.26869    0.00214                                md7
     183   0.002   -48.26869    0.00214                                mtd12
     184   0.002   -48.26869    0.00214                                gc
     185   0.002   -48.26869    0.00214                                mtd4
     186   0.002   -48.26869    0.00214                                mtd10
     187   0.002   -48.26869    0.00214                                mtd13
     188   0.002   -48.26869    0.00214                                mtd7
     189   0.002   -48.26869    0.00214                                md2
     190   0.002   -48.26869    0.00214                                mtd1
     191   0.002   -48.26869    0.00214                                gc
     192   0.002   -48.26869    0.00214                                mtd14
     193   0.002   -48.26869    0.00214                                mtd2
     194   0.002   -48.26869    0.00214                                mtd4
     195   0.002   -48.26869    0.00214                                mtd3
     196   0.002   -48.26869    0.00214                                mtd3
     197   0.002   -48.26869    0.00214                                mtd2
     198   0.002   -48.26869    0.00214                                mtd5
     199   0.002   -48.26869    0.00214                                gc
     200   0.002   -48.26869    0.00214                                mtd6
     201   0.002   -48.26869    0.00214                                mtd6
     202   0.002   -48.26869    0.00214                                gc
     203   0.002   -48.26869    0.00214                                mtd2
     204   0.002   -48.26869    0.00214                                md2
     205   0.002   -48.26869    0.00214                                mtd10
     206   0.002   -48.26869    0.00214                                mtd10
     207   0.002   -48.26869    0.00214                                mtd9
     208   0.002   -48.26869    0.00214                                mtd3
     209   0.002   -48.26869    0.00214                                md3
     210   0.002   -48.26869    0.00214                                mtd1
     211   0.002   -48.26869    0.00214                                md4
     212   0.002   -48.26869    0.00214                                mtd9
     213   0.002   -48.26869    0.00214                                mtd4
     214   0.002   -48.26869    0.00214                                mtd14
     215   0.002   -48.26869    0.00214                                mtd3
     216   0.002   -48.26869    0.00214                                md7
     217   0.002   -48.26869    0.00214                                mtd1
     218   0.002   -48.26869    0.00214                                gc
     219   0.002   -48.26869    0.00214                                mtd1
     220   0.002   -48.26869    0.00214                                md1
     221   0.002   -48.26869    0.00214                                mtd7
     222   0.002   -48.26869    0.00214                                mtd8
     223   0.002   -48.26869    0.00214                                gc
     224   0.002   -48.26869    0.00214                                mtd12
     225   0.002   -48.26869    0.00214                                mtd12
     226   0.002   -48.26869    0.00214                                mtd7
     227   0.002   -48.26869    0.00214                                mtd12
     228   0.002   -48.26869    0.00214                                mtd5
     229   0.002   -48.26869    0.00214                                mtd6
     230   0.002   -48.26869    0.00214                                mtd6
     231   0.002   -48.26869    0.00214                                mtd11
     232   0.002   -48.26869    0.00214                                mtd1
     233   0.002   -48.26869    0.00214                                mtd12
     234   0.002   -48.26869    0.00214                                mtd1
     235   0.002   -48.26869    0.00214                                mtd1
     236   0.002   -48.26869    0.00214                                gc
     237   0.002   -48.26869    0.00214                                md7
     238   0.002   -48.26869    0.00214                                mtd3
     239   0.002   -48.26869    0.00214                                gc
     240   0.002   -48.26869    0.00214                                mtd2
     241   0.002   -48.26869    0.00214                                mtd7
     242   0.002   -48.26869    0.00214                                mtd7
     243   0.002   -48.26869    0.00214                                gc
     244   0.002   -48.26869    0.00214                                gc
     245   0.002   -48.26869    0.00214                                gc
     246   0.003   -48.26869    0.00214                                gc
     247   0.003   -48.26869    0.00214                                mtd4
     248   0.003   -48.26869    0.00214                                mtd1
     249   0.003   -48.26869    0.00214                                mtd6
     250   0.003   -48.26869    0.00214                                gc
     251   0.003   -48.26869    0.00214                                mtd6
     252   0.003   -48.26869    0.00214                                mtd11
     253   0.003   -48.26869    0.00214                                mtd11
     254   0.003   -48.26869    0.00214                                gc
     255   0.003   -48.26869    0.00214                                md8
     256   0.003   -48.26869    0.00214                                gc
     257   0.003   -48.26869    0.00214                                mtd14
     258   0.003   -48.26869    0.00214                                mtd5
     259   0.003   -48.26869    0.00213                                gc
     260   0.003   -48.26869    0.00213                                mtd9
     261   0.003   -48.26869    0.00213                                mtd1
     262   0.003   -48.26869    0.00213                                mtd8
     263   0.003   -48.26869    0.00213                                mtd11
     264   0.003   -48.26869    0.00213                                mtd4
     265   0.003   -48.26869    0.00213                                md4
     266   0.003   -48.26869    0.00213                                mtd10
     267   0.003   -48.26869    0.00213                                gc
     268   0.003   -48.26869    0.00213                                gc
     269   0.003   -48.26869    0.00213                                md7
     270   0.003   -48.26869    0.00213                                mtd1
     271   0.003   -48.26869    0.00213                                gc
     272   0.003   -48.26869    0.00213                                mtd2
     273   0.003   -48.26869    0.00213                                mtd6
     274   0.003   -48.26869    0.00213                                gc
     275   0.003   -48.26869    0.00213                                mtd7
     276   0.003   -48.26869    0.00213                                mtd10
     277   0.003   -48.26869    0.00213                                mtd11
     278   0.003   -48.26869    0.00213                                md8
     279   0.003   -48.26869    0.00213                                md1
     280   0.003   -48.26869    0.00213                                mtd10
     281   0.003   -48.26869    0.00213                                mtd1
     282   0.003   -48.26869    0.00213                                mtd14
     283   0.003   -48.26869    0.00213                                mtd6
     284   0.003   -48.26869    0.00213                                gc
     285   0.003   -48.26869    0.00213                                gc
     286   0.003   -48.26869    0.00213                                md4
     287   0.003   -48.26869    0.00213                                mtd6
     288   0.003   -48.26869    0.00213                                md6
     289   0.003   -48.26869    0.00213                                mtd4
     290   0.004   -48.26869    0.00213                                mtd3
     291   0.004   -48.26869    0.00213                                md1
     292   0.004   -48.26869    0.00213                                gc
     293   0.004   -48.26869    0.00213                                gc
     294   0.004   -48.26869    0.00213                                mtd4
     295   0.004   -48.26869    0.00213                                gc
     296   0.004   -48.26869    0.00213                                mtd2
     297   0.004   -48.26869    0.00213                                gc
     298   0.004   -48.26869    0.00213                                gc
     299   0.004   -48.26869    0.00213                                mtd3
     300   0.004   -48.26869    0.00213                                gc
     301   0.004   -48.26869    0.00213                                mtd10
     302   0.004   -48.26869    0.00213                                mtd5
     303   0.004   -48.26869    0.00213                                mtd6
     304   0.004   -48.26869    0.00213                                gc
     305   0.004   -48.26869    0.00213                                mtd4
     306   0.004   -48.26869    0.00213                                mtd2
     307   0.004   -48.26869    0.00213                                md7
     308   0.004   -48.26869    0.00213                                mtd2
     309   0.004   -48.26869    0.00213                                mtd2
     310   0.004   -48.26869    0.00213                                mtd10
     311   0.004   -48.26869    0.00213                                mtd13
     312   0.004   -48.26869    0.00213                                mtd8
     313   0.004   -48.26869    0.00213                                gc
     314   0.005   -48.26869    0.00213                                md2
     315   0.005   -48.26869    0.00213                                gc
     316   0.005   -48.26869    0.00213                                mtd12
     317   0.005   -48.26869    0.00213                                mtd11
     318   0.005   -48.26869    0.00213                                md2
     319   0.005   -48.26869    0.00213                                gc
     320   0.005   -48.26869    0.00213                                gc
     321   0.005   -48.26869    0.00213                                md1
     322   0.005   -48.26869    0.00213                                mtd2
     323   0.005   -48.26869    0.00213                                mtd11
     324   0.005   -48.26869    0.00213                                mtd9
     325   0.005   -48.26869    0.00213                                gc
     326   0.005   -48.26869    0.00213                                mtd2
     327   0.005   -48.26869    0.00213                                mtd2
     328   0.005   -48.26869    0.00213                                mtd12
     329   0.006   -48.26869    0.00212                                mtd13
     330   0.006   -48.26869    0.00212                                mtd4
     331   0.006   -48.26869    0.00212                                gc
     332   0.006   -48.26869    0.00212                                gc
     333   0.006   -48.26869    0.00212                                gc
     334   0.006   -48.26869    0.00212                                mtd3
     335   0.006   -48.26869    0.00212                                mtd1
     336   0.006   -48.26868    0.00212                                gc
     337   0.006   -48.26868    0.00212                                mtd1
     338   0.007   -48.26868    0.00212                                mtd3
     339   0.007   -48.26868    0.00212                                gc
     340   0.007   -48.26868    0.00212                                gc
     341   0.007   -48.26868    0.00212                                mtd4
     342   0.007   -48.26868    0.00212                                mtd11
     343   0.007   -48.26868    0.00212                                md2
     344   0.008   -48.26868    0.00212                                mtd6
     345   0.008   -48.26868    0.00212                                mtd5
     346   0.008   -48.26868    0.00212                                md4
     347   0.008   -48.26868    0.00212                                md2
     348   0.008   -48.26868    0.00212                                gc
     349   0.008   -48.26868    0.00211                                mtd5
     350   0.009   -48.26868    0.00211                                mtd1
     351   0.009   -48.26868    0.00211                                mtd2
     352   0.009   -48.26868    0.00211                                mtd12
     353   0.009   -48.26868    0.00211                                mtd4
     354   0.009   -48.26868    0.00211                                gc
     355   0.009   -48.26868    0.00211                                gc
     356   0.010   -48.26868    0.00211                                mtd12
     357   0.010   -48.26868    0.00211                                mtd6
     358   0.010   -48.26868    0.00211                                mtd2
     359   0.010   -48.26868    0.00211                                md2
     360   0.010   -48.26868    0.00211                                gc
     361   0.011   -48.26868    0.00211                                mtd6
     362   0.012   -48.26868    0.00210                                mtd2
     363   0.012   -48.26868    0.00210                                mtd1
     364   0.012   -48.26868    0.00210                                gc
     365   0.012   -48.26868    0.00210                                md3
     366   0.012   -48.26868    0.00210                                mtd12
     367   0.013   -48.26868    0.00210                                md7
     368   0.013   -48.26867    0.00210                                mtd6
     369   0.014   -48.26867    0.00210                                gc
     370   0.014   -48.26867    0.00209                                mtd2
     371   0.015   -48.26867    0.00209                                mtd9
     372   0.015   -48.26867    0.00209                                mtd3
     373   0.015   -48.26867    0.00209                                mtd1
     374   0.016   -48.26867    0.00209                                mtd2
     375   0.016   -48.26867    0.00209                                mtd5
     376   0.016   -48.26867    0.00209                                mtd5
     377   0.017   -48.26867    0.00208                                gc
     378   0.018   -48.26867    0.00208                                mtd13
     379   0.018   -48.26867    0.00208                                mtd5
     380   0.019   -48.26866    0.00208                                mtd7
     381   0.021   -48.26866    0.00207                                mtd2
     382   0.021   -48.26866    0.00207                                mtd1
     383   0.028   -48.26865    0.00205                                mtd3
     384   0.022   -48.26866    0.00207                                gc
     385   0.023   -48.26866    0.00206                                mtd10
     386   0.023   -48.26866    0.00206                                mtd5
     387   0.023   -48.26866    0.00206                                mtd6
     388   0.023   -48.26866    0.00206                                mtd8
     389   0.023   -48.26866    0.00206                                mtd2
     390   0.024   -48.26866    0.00206                                mtd1
     391   0.028   -48.26865    0.00205                                md2
     392   0.028   -48.26865    0.00205                                mtd2
     393   0.026   -48.26865    0.00205                                mtd2
     394   0.028   -48.26865    0.00204                                mtd12
     395   0.026   -48.26865    0.00205                                mtd11
     396   0.026   -48.26865    0.00205                                mtd4
     397   0.027   -48.26865    0.00205    0.02454       2      12     mtd1
     398   0.028   -48.26865    0.00204                                mtd14
     399   0.029   -48.26865    0.00204                                mtd6
     400   0.027   -48.26865    0.00205                                mtd1
     401   0.027   -48.26865    0.00205                                mtd4
     402   0.029   -48.26865    0.00204                                mtd4
     403   0.029   -48.26865    0.00204                                mtd3
     404   0.029   -48.26865    0.00204                                gc
     405   0.028   -48.26865    0.00205                                mtd10
     406   0.029   -48.26865    0.00204                                mtd1
     407   0.029   -48.26865    0.00204                                mtd10
     408   0.030   -48.26865    0.00204                                mtd2
     409   0.275   -48.26826    0.00135    0.06977       3      52     mtd8
     410   0.275   -48.26826    0.00135                                mtd1
     411   0.275   -48.26826    0.00135                                mtd1
     412   0.275   -48.26826    0.00135                                mtd1
     413   0.275   -48.26826    0.00135                                mtd11
     414   0.275   -48.26826    0.00135                                mtd3
     415   0.275   -48.26826    0.00135                                mtd6
     416   0.276   -48.26826    0.00135                                md1
     417   0.276   -48.26826    0.00135                                mtd12
     418   0.276   -48.26826    0.00135                                mtd12
     419   0.276   -48.26826    0.00135                                mtd2
     420   0.276   -48.26826    0.00135                                mtd3
     421   0.276   -48.26826    0.00135                                md4
     422   0.276   -48.26826    0.00135                                mtd2
     423   0.276   -48.26826    0.00135                                mtd9
     424   0.276   -48.26825    0.00135                                mtd11
     425   0.277   -48.26825    0.00135                                mtd12
     426   0.277   -48.26825    0.00135                                mtd3
     427   0.277   -48.26825    0.00135                                mtd6
     428   0.277   -48.26825    0.00135                                mtd6
     429   0.277   -48.26825    0.00134                                mtd10
     430   0.277   -48.26825    0.00134                                md4
     431   0.277   -48.26825    0.00134                                mtd1
     432   0.277   -48.26825    0.00134                                mtd2
     433   0.277   -48.26825    0.00134                                mtd6
     434   0.277   -48.26825    0.00134                                mtd10
     435   0.277   -48.26825    0.00134                                md1
     436   0.277   -48.26825    0.00134                                mtd12
     437   0.277   -48.26825    0.00134                                mtd11
     438   0.277   -48.26825    0.00134                                mtd11
     439   0.277   -48.26825    0.00134                                mtd11
     440   0.278   -48.26825    0.00134                                mtd1
     441   0.278   -48.26825    0.00134                                mtd7
     442   0.278   -48.26825    0.00134                                mtd12
     443   0.278   -48.26825    0.00134                                mtd6
     444   0.278   -48.26825    0.00134                                mtd8
     445   0.278   -48.26825    0.00134                                mtd12
     446   0.279   -48.26825    0.00134                                mtd1
     447   0.279   -48.26825    0.00134                                mtd6
     448   0.279   -48.26825    0.00134                                mtd3
     449   0.280   -48.26825    0.00134                                mtd8
     450   0.280   -48.26825    0.00134                                mtd4
     451   0.280   -48.26825    0.00134                                mtd10
     452   0.281   -48.26825    0.00133                                mtd12
     453   0.281   -48.26825    0.00133                                mtd12
     454   0.281   -48.26825    0.00133                                md3
     455   0.281   -48.26825    0.00133                                mtd1
     456   0.282   -48.26825    0.00133                                mtd9
     457   0.283   -48.26824    0.00133                                mtd3
     458   0.283   -48.26824    0.00133                                mtd12
     459   0.284   -48.26824    0.00133                                mtd1
     460   0.300   -48.26822    0.00129                                mtd3
     461   0.324   -48.26818    0.00124    0.00124       4       1     mtd13
     462   0.417   -48.26803    0.00106    0.05502       5      52     mtd9
     463   0.417   -48.26803    0.00106                                mtd9
     464   0.417   -48.26803    0.00106                                mtd9
     465   0.417   -48.26803    0.00106                                mtd5
     466   0.417   -48.26803    0.00106                                mtd10
     467   0.417   -48.26803    0.00106                                mtd10
     468   0.417   -48.26803    0.00106                                mtd8
     469   0.417   -48.26803    0.00106                                mtd6
     470   0.418   -48.26803    0.00106                                mtd2
     471   0.418   -48.26803    0.00106                                mtd2
     472   0.418   -48.26803    0.00106                                md7
     473   0.418   -48.26803    0.00106                                mtd5
     474   0.418   -48.26803    0.00106                                mtd2
     475   0.418   -48.26803    0.00106                                mtd4
     476   0.418   -48.26803    0.00106                                mtd11
     477   0.418   -48.26803    0.00106                                mtd6
     478   0.418   -48.26803    0.00106                                mtd9
     479   0.418   -48.26803    0.00106                                mtd4
     480   0.418   -48.26803    0.00106                                gc
     481   0.418   -48.26803    0.00106                                mtd5
     482   0.418   -48.26803    0.00106                                mtd4
     483   0.418   -48.26803    0.00106                                mtd3
     484   0.418   -48.26803    0.00106                                mtd12
     485   0.418   -48.26803    0.00106                                mtd9
     486   0.418   -48.26803    0.00106                                mtd8
     487   0.418   -48.26803    0.00106                                mtd4
     488   0.418   -48.26803    0.00106                                mtd6
     489   0.418   -48.26803    0.00106                                mtd4
     490   0.418   -48.26803    0.00106                                mtd11
     491   0.418   -48.26803    0.00106                                mtd6
     492   0.418   -48.26803    0.00106                                mtd2
     493   0.419   -48.26803    0.00106                                mtd2
     494   0.419   -48.26803    0.00106                                mtd9
     495   0.419   -48.26803    0.00106                                mtd2
     496   0.419   -48.26803    0.00106                                mtd11
     497   0.419   -48.26803    0.00106                                mtd8
     498   0.419   -48.26803    0.00106                                mtd2
     499   0.420   -48.26803    0.00106                                md7
     500   0.420   -48.26803    0.00106                                mtd6
     501   0.420   -48.26803    0.00106                                mtd6
     502   0.420   -48.26803    0.00106                                mtd3
     503   0.420   -48.26803    0.00106                                mtd9
     504   0.420   -48.26803    0.00106                                mtd6
     505   0.421   -48.26802    0.00105                                mtd8
     506   0.421   -48.26802    0.00105                                md2
     507   0.421   -48.26802    0.00105                                mtd7
     508   0.422   -48.26802    0.00105                                gc
     509   0.425   -48.26802    0.00105                                mtd9
     510   0.423   -48.26802    0.00105                                mtd7
     511   0.425   -48.26802    0.00105                                mtd10
     512   0.423   -48.26802    0.00105                                md8
     513   0.423   -48.26802    0.00105                                mtd6
     514   0.425   -48.26802    0.00105    0.00210       6       2     mtd8
     515   0.425   -48.26802    0.00105                                mtd7
     516   1.124   -48.26690    0.00032    0.00126       7       4     gc
     517   1.131   -48.26689    0.00032                                mtd2
     518   1.150   -48.26686    0.00031                                mtd13
     519   1.145   -48.26687    0.00031                                md4
     520   1.148   -48.26687    0.00031    0.00031       8       1     mtd3
     521   1.453   -48.26638    0.00018    0.00141       9       8     mtd4
     522   1.466   -48.26636    0.00018                                mtd2
     523   1.483   -48.26633    0.00018                                mtd11
     524   1.485   -48.26633    0.00018                                mtd12
     525   1.488   -48.26632    0.00017                                mtd10
     526   1.489   -48.26632    0.00017                                mtd1
     527   1.489   -48.26632    0.00017                                mtd2
     528   1.497   -48.26631    0.00017                                mtd4
     529   2.386   -48.26489    0.00004    0.00008      10       2     mtd4
     530   2.388   -48.26489    0.00004                                mtd3
     531   3.909   -48.26247    0.00000    0.00001      11       3     mtd10
     532   3.911   -48.26246    0.00000                                mtd10
     533   3.910   -48.26246    0.00000                                mtd5
     534   3.910   -48.26246    0.00000    0.00000      12       1     mtd12
     535   3.918   -48.26245    0.00000    0.00000      13       1     mtd8
     536   3.922   -48.26245    0.00000    0.00000      14       1     mtd3
     537   3.928   -48.26244    0.00000    0.00001      15       2     mtd2
     538   3.933   -48.26243    0.00000                                mtd12
     539   3.935   -48.26242    0.00000    0.00001      16       2     md2
     540   3.939   -48.26242    0.00000                                mtd5
     541   3.938   -48.26242    0.00000    0.00000      17       1     mtd10
     542   3.953   -48.26239    0.00000    0.00001      18       2     mtd3
     543   3.959   -48.26239    0.00000                                mtd8
     544   3.961   -48.26238    0.00000    0.00001      19       2     mtd2
     545   3.971   -48.26237    0.00000                                mtd2
     546   3.973   -48.26236    0.00000    0.00001      20       2     mtd5
     547   3.973   -48.26236    0.00000                                mtd11
     548   3.974   -48.26236    0.00000    0.00010      21      37     mtd11
     549   3.974   -48.26236    0.00000                                mtd1
     550   3.976   -48.26236    0.00000                                mtd4
     551   3.976   -48.26236    0.00000                                mtd11
     552   3.967   -48.26237    0.00000                                mtd10
     553   3.976   -48.26236    0.00000                                mtd6
     554   3.978   -48.26236    0.00000                                mtd11
     555   3.995   -48.26233    0.00000                                mtd6
     556   3.996   -48.26233    0.00000                                mtd2
     557   3.979   -48.26235    0.00000                                mtd7
     558   3.996   -48.26233    0.00000                                mtd5
     559   3.997   -48.26233    0.00000                                mtd1
     560   3.998   -48.26232    0.00000                                mtd13
     561   3.998   -48.26232    0.00000                                mtd8
     562   3.998   -48.26232    0.00000                                mtd6
     563   4.006   -48.26231    0.00000                                mtd7
     564   3.979   -48.26235    0.00000                                mtd10
     565   3.979   -48.26235    0.00000                                mtd6
     566   3.998   -48.26232    0.00000                                mtd7
     567   3.979   -48.26235    0.00000                                mtd4
     568   3.980   -48.26235    0.00000                                mtd5
     569   3.998   -48.26232    0.00000                                mtd10
     570   3.998   -48.26232    0.00000                                mtd5
     571   4.007   -48.26231    0.00000                                mtd12
     572   3.980   -48.26235    0.00000                                mtd10
     573   3.981   -48.26235    0.00000                                mtd4
     574   3.999   -48.26232    0.00000                                mtd3
     575   4.008   -48.26231    0.00000                                mtd7
     576   4.007   -48.26231    0.00000                                mtd11
     577   3.981   -48.26235    0.00000                                mtd7
     578   4.008   -48.26231    0.00000                                mtd12
     579   4.008   -48.26231    0.00000                                mtd2
     580   4.000   -48.26232    0.00000                                mtd5
     581   3.982   -48.26235    0.00000                                mtd1
     582   3.984   -48.26235    0.00000                                mtd2
     583   3.986   -48.26234    0.00000                                mtd4
     584   3.988   -48.26234    0.00000                                mtd7
     585   3.988   -48.26234    0.00000    0.00006      22      22     mtd1
     586   4.010   -48.26230    0.00000                                mtd1
     587   4.007   -48.26231    0.00000                                mtd12
     588   3.988   -48.26234    0.00000                                mtd8
     589   3.989   -48.26234    0.00000                                mtd2
     590   4.001   -48.26232    0.00000                                mtd6
     591   3.989   -48.26234    0.00000                                mtd12
     592   3.989   -48.26234    0.00000                                mtd4
     593   4.008   -48.26231    0.00000                                mtd2
     594   3.989   -48.26234    0.00000                                mtd6
     595   3.990   -48.26234    0.00000                                mtd7
     596   4.010   -48.26230    0.00000                                mtd1
     597   4.001   -48.26232    0.00000                                mtd6
     598   3.990   -48.26234    0.00000                                mtd8
     599   4.001   -48.26232    0.00000                                mtd5
     600   4.002   -48.26232    0.00000                                mtd4
     601   4.003   -48.26232    0.00000                                mtd13
     602   4.010   -48.26230    0.00000                                md2
     603   3.991   -48.26233    0.00000                                mtd11
     604   3.991   -48.26233    0.00000                                mtd4
     605   4.003   -48.26232    0.00000                                mtd5
     606   4.004   -48.26231    0.00000                                mtd4
     607   4.004   -48.26231    0.00000    0.00001      23       2     mtd1
     608   3.992   -48.26233    0.00000                                mtd6
     609   4.006   -48.26231    0.00000    0.00001      24       3     mtd12
     610   3.992   -48.26233    0.00000                                mtd12
     611   4.011   -48.26230    0.00000                                mtd9
     612   4.008   -48.26231    0.00000    0.00001      25       4     mtd2
     613   4.012   -48.26230    0.00000                                mtd5
     614   4.012   -48.26230    0.00000                                mtd5
     615   4.013   -48.26230    0.00000                                mtd12
     616   4.013   -48.26230    0.00000    0.00001      26       2     mtd4
     617   3.993   -48.26233    0.00000                                mtd8
     618   3.994   -48.26233    0.00000    0.00000      27       1     mtd6
     619   4.014   -48.26230    0.00000    0.00000      28       1     mtd6
     620   4.016   -48.26229    0.00000    0.00001      29       2     mtd7
     621   3.994   -48.26233    0.00000                                mtd1
     622   3.994   -48.26233    0.00000    0.00001      30       6     mtd7
     623   3.994   -48.26233    0.00000                                mtd14
     624   4.028   -48.26228    0.00000                                mtd12
     625   3.995   -48.26233    0.00000                                mtd11
     626   4.006   -48.26231    0.00000                                mtd9
     627   4.029   -48.26227    0.00000                                mtd2
     628   4.008   -48.26231    0.00000    0.00000      31       1     mtd10
     629   4.015   -48.26230    0.00000    0.00000      32       1     mtd12
     630   4.011   -48.26230    0.00000    0.00000      33       1     mtd4
     631   4.031   -48.26227    0.00000    0.00000      34       1     mtd7
     632   4.108   -48.26215    0.00000    0.00001      35       4     mtd5
     633   4.108   -48.26215    0.00000                                mtd9
     634   4.112   -48.26214    0.00000                                mtd1
     635   4.112   -48.26214    0.00000                                mtd4
     636   4.114   -48.26214    0.00000    0.00001      36       6     mtd1
     637   4.112   -48.26214    0.00000                                mtd9
     638   4.115   -48.26214    0.00000                                mtd6
     639   4.116   -48.26214    0.00000                                mtd12
     640   4.117   -48.26213    0.00000                                mtd2
     641   4.119   -48.26213    0.00000                                mtd1
     642   4.131   -48.26211    0.00000    0.00000      37       1     mtd5
     643   4.140   -48.26210    0.00000    0.00001      38       4     mtd12
     644   4.140   -48.26210    0.00000                                mtd12
     645   4.142   -48.26209    0.00000                                mtd9
     646   4.152   -48.26208    0.00000                                mtd5
     647   4.206   -48.26199    0.00000    0.00002      39      13     mtd11
     648   4.206   -48.26199    0.00000                                mtd4
     649   4.206   -48.26199    0.00000                                mtd2
     650   4.207   -48.26199    0.00000                                mtd2
     651   4.207   -48.26199    0.00000                                mtd12
     652   4.207   -48.26199    0.00000                                mtd1
     653   4.208   -48.26199    0.00000                                mtd5
     654   4.208   -48.26199    0.00000                                mtd4
     655   4.208   -48.26199    0.00000                                mtd10
     656   4.208   -48.26199    0.00000                                mtd9
     657   4.209   -48.26199    0.00000                                mtd11
     658   4.211   -48.26198    0.00000                                mtd12
     659   4.222   -48.26197    0.00000                                mtd5
     660   4.223   -48.26197    0.00000    0.00001      40       4     mtd11
     661   4.226   -48.26196    0.00000                                mtd5
     662   4.237   -48.26194    0.00000                                mtd9
     663   4.215   -48.26198    0.00000                                mtd9
     664   4.293   -48.26185    0.00000    0.00001      41       7     mtd10
     665   4.293   -48.26185    0.00000                                mtd10
     666   4.294   -48.26185    0.00000                                mtd5
     667   4.295   -48.26185    0.00000                                mtd5
     668   4.302   -48.26184    0.00000                                mtd9
     669   4.299   -48.26184    0.00000                                mtd2
     670   4.309   -48.26183    0.00000                                mtd10
     671   4.302   -48.26184    0.00000    0.00000      42       1     mtd9
     672   4.320   -48.26181    0.00000    0.00000      43       3     mtd2
     673   4.322   -48.26181    0.00000                                mtd5
     674   4.302   -48.26184    0.00000                                mtd12
     675   4.326   -48.26180    0.00000    0.00001      44       4     mtd9
     676   4.316   -48.26182    0.00000                                mtd12
     677   4.325   -48.26180    0.00000                                mtd11
     678   4.340   -48.26178    0.00000                                mtd2
     679   4.326   -48.26180    0.00000    0.00000      45       3     mtd2
     680   4.355   -48.26176    0.00000                                mtd4
     681   4.332   -48.26179    0.00000                                mtd12
     682   4.317   -48.26182    0.00000    0.00000      46       2     mtd9
     683   4.364   -48.26174    0.00000                                mtd1
     684   4.358   -48.26175    0.00000    0.00001      47       4     mtd8
     685   4.333   -48.26179    0.00000                                mtd12
     686   4.365   -48.26174    0.00000                                mtd8
     687   4.366   -48.26174    0.00000                                mtd4
     688   4.341   -48.26178    0.00000    0.00000      48       1     mtd10
     689   4.366   -48.26174    0.00000    0.00000      49       2     mtd4
     690   4.371   -48.26173    0.00000                                mtd10
     691   4.374   -48.26172    0.00000    0.00001      50       5     mtd1
     692   4.372   -48.26173    0.00000                                mtd4
     693   4.373   -48.26173    0.00000                                mtd1
     694   4.363   -48.26174    0.00000                                mtd12
     695   4.373   -48.26173    0.00000                                mtd2
     696   4.368   -48.26173    0.00000    0.00001      51       6     mtd5
     697   4.376   -48.26172    0.00000                                mtd5
     698   4.387   -48.26170    0.00000                                mtd7
     699   4.377   -48.26172    0.00000                                mtd14
     700   4.373   -48.26173    0.00000                                mtd6
     701   4.368   -48.26173    0.00000                                mtd2
     702   4.378   -48.26172    0.00000    0.00000      52       1     mtd5
     703   4.379   -48.26172    0.00000    0.00001      53       5     mtd6
     704   4.373   -48.26173    0.00000                                mtd4
     705   4.380   -48.26172    0.00000                                mtd8
     706   4.364   -48.26174    0.00000                                mtd5
     707   4.368   -48.26173    0.00000                                mtd2
     708   4.370   -48.26173    0.00000    0.00000      54       1     mtd2
     709   4.393   -48.26169    0.00000    0.00000      55       3     mtd12
     710   4.393   -48.26169    0.00000                                mtd6
     711   4.408   -48.26167    0.00000                                mtd4
     712   4.426   -48.26164    0.00000    0.00000      56       2     mtd5
     713   4.405   -48.26168    0.00000                                mtd11
     714   4.425   -48.26164    0.00000    0.00000      57       1     mtd12
     715   4.432   -48.26163    0.00000    0.00000      58       1     mtd4
     716   4.443   -48.26161    0.00000    0.00000      59       2     mtd8
     717   4.456   -48.26159    0.00000                                mtd2
     718   4.452   -48.26160    0.00000    0.00000      60       1     mtd10
     719   4.460   -48.26159    0.00000    0.00000      61       1     mtd11
     720   4.461   -48.26159    0.00000    0.00000      62       2     mtd2
     721   4.468   -48.26157    0.00000                                mtd8
     722   4.462   -48.26158    0.00000    0.00000      63       2     mtd5
     723   4.481   -48.26155    0.00000                                mtd5
     724   4.484   -48.26155    0.00000    0.00001      64      11     mtd6
     725   4.492   -48.26154    0.00000                                mtd2
     726   4.509   -48.26151    0.00000                                mtd7
     727   4.510   -48.26151    0.00000                                mtd5
     728   4.513   -48.26150    0.00000                                mtd7
     729   4.515   -48.26150    0.00000                                mtd14
     730   4.516   -48.26150    0.00000                                mtd5
     731   4.517   -48.26150    0.00000                                mtd8
     732   4.521   -48.26149    0.00000                                mtd7
     733   4.529   -48.26148    0.00000                                mtd5
     734   4.531   -48.26148    0.00000                                mtd2
     735   4.534   -48.26147    0.00000    0.00000      65       3     mtd7
     736   4.553   -48.26144    0.00000                                mtd2
     737   4.556   -48.26143    0.00000                                mtd5
     738   4.580   -48.26140    0.00000    0.00000      66       1     mtd5
     739   4.645   -48.26129    0.00000    0.00000      67       1     mtd2
     740   4.651   -48.26128    0.00000    0.00000      68       2     mtd12
     741   4.656   -48.26128    0.00000                                mtd12
     742   4.666   -48.26126    0.00000    0.00000      69       1     mtd8
     743   4.681   -48.26124    0.00000    0.00000      70       1     mtd8
     744   4.683   -48.26123    0.00000    0.00000      71       1     mtd4
T /K                                  :   298.15
E lowest                              :   -48.26870
ensemble average energy (kcal)        :    0.053
ensemble entropy (J/mol K, cal/mol K) :   51.840   12.390
ensemble free energy (kcal/mol)       :   -3.694
population of lowest in %             :   84.386
 number of unique conformers for further calc           71
 list of relative energies saved as "crest.energies"

 -----------------
 Wall Time Summary
 -----------------
             test MD wall time :         0h : 0m : 6s
                 MTD wall time :         0h :12m :39s
      multilevel OPT wall time :         0h :59m : 9s
                  MD wall time :         0h :10m :44s
                  GC wall time :         0h : 3m :49s
--------------------
Overall wall time  : 1h :34m :31s

 CREST terminated normally.
