****************************************************************
  Sure Independence Screening and Sparsifying Operator (SISSO)  
             Version SISSO.3.3, July, 2023.                
****************************************************************

Read in data from train.dat
Read in data from SISSO.in
Property type:     1
Number of tasks:        1
Descriptor dimension:        2
Number of samples for the task(s):     36
Restarts :  0
Number of scalar features:       19
Tier of the feature space:        3
Maximal feature complexity (number of operators in a feature):        6
Unit of input primary feature, each represented by a row vector: 
    1.00
    1.00
    1.00
    1.00
    1.00
    1.00
    1.00
    1.00
    1.00
    1.00
    1.00
    1.00
    1.00
    1.00
    1.00
    1.00
    1.00
    1.00
    1.00
The feature will be discarded if the minimum of the maximal abs. value in it <    0.10000E-02
The faature will be discarded if the maximum of the maximal abs. value in it >     0.10000E+06
Size of the SIS-selected (single) subspace :  10000 10000
Operators for feature construction: (+)(-)(*) (+)(-)(*) (+)(-)(*) 
Method for sparse regression:  L0        
Fitting intercept:      T
Metric for model selection: RMSE
Number of the top-ranked models to output:      100
--------------------------------------------------------------------------------

Dimension:   1
-------------------
Feature Construction (FC) starts ...
Population Standard Deviation (SD) of the task 001:   22.36821
Total number of features in the space phi00:             19
Total number of features in the space phi01:            623
Total number of features in the space phi02:         189542
Total number of features in the space phi03:     4514932670
Size of the SIS-selected subspace from phi03:      10000
Time (second) used for this FC:          887.45

Descriptor Identification (DI) starts ...
Total number of SIS-selected features from all dimensions:      10000
 
  1D descriptor: 
     d001 = (((feature10*feature12)-(feature16*feature17))-(feature14*(feature14-feature19)))    feature_ID:000001

  1D model(y=sum(ci*di)+c0): 
     coeff.(ci)_task001:     0.3405681593E+02
             c0_task001:     0.4460813410E+02
     RMSE,MaxAE_task001:     0.1250993597E+02    0.3275997629E+02

     RMSE and MaxAE of the model:  12.509936 32.759976
--------------------------------------------------------------------------------
Time (second) used for this DI:            0.10

Dimension:   2
-------------------
Feature Construction (FC) starts ...
Total number of features in the space phi00:             19
Total number of features in the space phi01:            623
Total number of features in the space phi02:         189542
Total number of features in the space phi03:     4514932670
Size of the SIS-selected subspace from phi03:      10000
Time (second) used for this FC:          889.14

Descriptor Identification (DI) starts ...
Total number of SIS-selected features from all dimensions:      20000
 
Final model/descriptor !
================================================================================
  2D descriptor: 
     d001 = (((feature11-feature18)*(feature16-feature12))-(feature11*(feature12+feature14)))    feature_ID:007936
     d002 = (((feature13+feature17)-feature15)*((feature10-feature18)*(feature16-feature18)))    feature_ID:012647

  2D model(y=sum(ci*di)+c0): 
     coeff.(ci)_task001:     0.5535149293E+02   -0.5977750331E+03
             c0_task001:     0.6638325366E+02
     RMSE,MaxAE_task001:     0.8970894640E+01    0.2370413959E+02

     RMSE and MaxAE of the model:   8.970895 23.704140
================================================================================
Time (second) used for this DI:           25.46
Total time (second):         1802.88
Have a nice day !    

