
       ==============================================
       |                                            |
       |                 C R E S T                  |
       |                                            |
       |  Conformer-Rotamer Ensemble Sampling Tool  |
       |          based on the GFN methods          |
       |             P.Pracht, S.Grimme             |
       |          Universitaet Bonn, MCTC           |
       ==============================================
       Version 2.12,   Thu 19. Mai 16:32:32 CEST 2022
  Using the xTB program. Compatible with xTB version 6.4.0

   Cite work conducted with this code as

   • P.Pracht, F.Bohle, S.Grimme, PCCP, 2020, 22, 7169-7192.
   • S.Grimme, JCTC, 2019, 15, 2847-2862.

   and for works involving QCG as

   • S.Spicher, C.Plett, P.Pracht, A.Hansen, S.Grimme,
     JCTC, 2022, 18 (5), 3174-3189.

   with help from:
   C.Bannwarth, F.Bohle, S.Ehlert, S.Grimme,
   C.Plett, P.Pracht, S.Spicher

   This program is distributed in the hope that it will be useful,
   but WITHOUT ANY WARRANTY; without even the implied warranty of
   MERCHANTABILITY or FITNESS FOR A PARTICULAR PURPOSE.

 Command line input:
 > crest out.xyz --gfn 2 --chrg 0 -T 1 --noreftopo

  -gfn2 : Use of GFN2-xTB requested.
  --chrg 0
  -T 1 (CPUs/Threads selected)

 -------------------------
 xTB Geometry Optimization
 -------------------------
 Geometry successfully optimized.

------------------------------------------------
Generating MTD length from a flexibility measure
------------------------------------------------
 Calculating WBOs... done.
 Calculating NCI flexibility... done.
     covalent flexibility measure :   0.204
 non-covalent flexibility measure :   0.668
 flexibility measure :   0.253
 t(MTD) / ps    :     6.0
 Σ(t(MTD)) / ps :    84.0 (14 MTDs)

-------------------------------------
Starting a trial MTD to test settings
-------------------------------------
 Estimated runtime for one MTD (6.0 ps) on a single thread: 46 min 2 sec
 Estimated runtime for a batch of 14 MTDs on 1 threads: 10 h 44 min 27 sec

 list of Vbias parameters applied:
$metadyn    0.00300   1.300
$metadyn    0.00150   1.300
$metadyn    0.00075   1.300
$metadyn    0.00300   0.780
$metadyn    0.00150   0.780
$metadyn    0.00075   0.780
$metadyn    0.00300   0.468
$metadyn    0.00150   0.468
$metadyn    0.00075   0.468
$metadyn    0.00300   0.281
$metadyn    0.00150   0.281
$metadyn    0.00075   0.281
$metadyn    0.00100   0.100
$metadyn    0.00500   0.800

*******************************************************************************************
**                        N E W    I T E R A T I O N    C Y C L E                        **
*******************************************************************************************

========================================
            MTD Iteration  1
========================================

     ========================================
     |         Meta-MD (MTD) Sampling       |
     ========================================

Starting Meta-MD  14 with the settings:
     MD time /ps        :     6.0
     dt /fs             :     5.0
     dumpstep(trj) /fs  :     100
     dumpstep(Vbias)/ps :     1.0
     Vbias factor k /Eh :  0.1700
     Vbias exp α /bohr⁻²:    0.80
*Meta-MTD 14 finished*
Starting Meta-MD  13 with the settings:
     MD time /ps        :     6.0
     dt /fs             :     5.0
     dumpstep(trj) /fs  :     100
     dumpstep(Vbias)/ps :     1.0
     Vbias factor k /Eh :  0.0340
     Vbias exp α /bohr⁻²:    0.10
*Meta-MTD 13 finished*
Starting Meta-MD  12 with the settings:
     MD time /ps        :     6.0
     dt /fs             :     5.0
     dumpstep(trj) /fs  :     100
     dumpstep(Vbias)/ps :     1.0
     Vbias factor k /Eh :  0.0255
     Vbias exp α /bohr⁻²:    0.28
*Meta-MTD 12 finished*
Starting Meta-MD  11 with the settings:
     MD time /ps        :     6.0
     dt /fs             :     5.0
     dumpstep(trj) /fs  :     100
     dumpstep(Vbias)/ps :     1.0
     Vbias factor k /Eh :  0.0510
     Vbias exp α /bohr⁻²:    0.28
*Meta-MTD 11 finished*
Starting Meta-MD  10 with the settings:
     MD time /ps        :     6.0
     dt /fs             :     5.0
     dumpstep(trj) /fs  :     100
     dumpstep(Vbias)/ps :     1.0
     Vbias factor k /Eh :  0.1020
     Vbias exp α /bohr⁻²:    0.28
*Meta-MTD 10 finished*
Starting Meta-MD   9 with the settings:
     MD time /ps        :     6.0
     dt /fs             :     5.0
     dumpstep(trj) /fs  :     100
     dumpstep(Vbias)/ps :     1.0
     Vbias factor k /Eh :  0.0255
     Vbias exp α /bohr⁻²:    0.47
*Meta-MTD 9 finished*
Starting Meta-MD   8 with the settings:
     MD time /ps        :     6.0
     dt /fs             :     5.0
     dumpstep(trj) /fs  :     100
     dumpstep(Vbias)/ps :     1.0
     Vbias factor k /Eh :  0.0510
     Vbias exp α /bohr⁻²:    0.47
*Meta-MTD 8 finished*
Starting Meta-MD   7 with the settings:
     MD time /ps        :     6.0
     dt /fs             :     5.0
     dumpstep(trj) /fs  :     100
     dumpstep(Vbias)/ps :     1.0
     Vbias factor k /Eh :  0.1020
     Vbias exp α /bohr⁻²:    0.47
*Meta-MTD 7 finished*
Starting Meta-MD   6 with the settings:
     MD time /ps        :     6.0
     dt /fs             :     5.0
     dumpstep(trj) /fs  :     100
     dumpstep(Vbias)/ps :     1.0
     Vbias factor k /Eh :  0.0255
     Vbias exp α /bohr⁻²:    0.78
*Meta-MTD 6 finished*
Starting Meta-MD   5 with the settings:
     MD time /ps        :     6.0
     dt /fs             :     5.0
     dumpstep(trj) /fs  :     100
     dumpstep(Vbias)/ps :     1.0
     Vbias factor k /Eh :  0.0510
     Vbias exp α /bohr⁻²:    0.78
*Meta-MTD 5 finished*
Starting Meta-MD   4 with the settings:
     MD time /ps        :     6.0
     dt /fs             :     5.0
     dumpstep(trj) /fs  :     100
     dumpstep(Vbias)/ps :     1.0
     Vbias factor k /Eh :  0.1020
     Vbias exp α /bohr⁻²:    0.78
*Meta-MTD 4 finished*
Starting Meta-MD   3 with the settings:
     MD time /ps        :     6.0
     dt /fs             :     5.0
     dumpstep(trj) /fs  :     100
     dumpstep(Vbias)/ps :     1.0
     Vbias factor k /Eh :  0.0255
     Vbias exp α /bohr⁻²:    1.30
*Meta-MTD 3 finished*
Starting Meta-MD   2 with the settings:
     MD time /ps        :     6.0
     dt /fs             :     5.0
     dumpstep(trj) /fs  :     100
     dumpstep(Vbias)/ps :     1.0
     Vbias factor k /Eh :  0.0510
     Vbias exp α /bohr⁻²:    1.30
*Meta-MTD 2 finished*
Starting Meta-MD   1 with the settings:
     MD time /ps        :     6.0
     dt /fs             :     5.0
     dumpstep(trj) /fs  :     100
     dumpstep(Vbias)/ps :     1.0
     Vbias factor k /Eh :  0.1020
     Vbias exp α /bohr⁻²:    1.30
*Meta-MTD 1 finished*

-----------------------
Multilevel Optimization
-----------------------

 -------------------------
 1. crude pre-optimization
 -------------------------
 Optimizing all 826 structures from file "crest_rotamers_0.xyz" ...
 1 2 3 4 5 6 7 8 9 10 11 12 13 14 15 16 17 18 19 20 21 22 23 24 25 26 27 28 29 30 31 32 33 34 35 36 37 38 39 40 41 42 43 44 45 46 47 48 49 50 51 52 53 54 55 56 57 58 59 60 61 62 63 64 65 66 67 68 69 70 71 72 73 74 75 76 77 78 79 80 81 82 83 84 85 86 87 88 89 90 91 92 93 94 95 96 97 98 99 100 101 102 103 104 105 106 107 108 109 110 111 112 113 114 115 116 117 118 119 120 121 122 123 124 125 126 127 128 129 130 131 132 133 134 135 136 137 138 139 140 141 142 143 144 145 146 147 148 149 150 151 152 153 154 155 156 157 158 159 160 161 162 163 164 165 166 167 168 169 170 171 172 173 174 175 176 177 178 179 180 181 182 183 184 185 186 187 188 189 190 191 192 193 194 195 196 197 198 199 200 201 202 203 204 205 206 207 208 209 210 211 212 213 214 215 216 217 218 219 220 221 222 223 224 225 226 227 228 229 230 231 232 233 234 235 236 237 238 239 240 241 242 243 244 245 246 247 248 249 250 251 252 253 254 255 256 257 258 259 260 261 262 263 264 265 266 267 268 269 270 271 272 273 274 275 276 277 278 279 280 281 282 283 284 285 286 287 288 289 290 291 292 293 294 295 296 297 298 299 300 301 302 303 304 305 306 307 308 309 310 311 312 313 314 315 316 317 318 319 320 321 322 323 324 325 326 327 328 329 330 331 332 333 334 335 336 337 338 339 340 341 342 343 344 345 346 347 348 349 350 351 352 353 354 355 356 357 358 359 360 361 362 363 364 365 366 367 368 369 370 371 372 373 374 375 376 377 378 379 380 381 382 383 384 385 386 387 388 389 390 391 392 393 394 395 396 397 398 399 400 401 402 403 404 405 406 407 408 409 410 411 412 413 414 415 416 417 418 419 420 421 422 423 424 425 426 427 428 429 430 431 432 433 434 435 436 437 438 439 440 441 442 443 444 445 446 447 448 449 450 451 452 453 454 455 456 457 458 459 460 461 462 463 464 465 466 467 468 469 470 471 472 473 474 475 476 477 478 479 480 481 482 483 484 485 486 487 488 489 490 491 492 493 494 495 496 497 498 499 500 501 502 503 504 505 506 507 508 509 510 511 512 513 514 515 516 517 518 519 520 521 522 523 524 525 526 527 528 529 530 531 532 533 534 535 536 537 538 539 540 541 542 543 544 545 546 547 548 549 550 551 552 553 554 555 556 557 558 559 560 561 562 563 564 565 566 567 568 569 570 571 572 573 574 575 576 577 578 579 580 581 582 583 584 585 586 587 588 589 590 591 592 593 594 595 596 597 598 599 600 601 602 603 604 605 606 607 608 609 610 611 612 613 614 615 616 617 618 619 620 621 622 623 624 625 626 627 628 629 630 631 632 633 634 635 636 637 638 639 640 641 642 643 644 645 646 647 648 649 650 651 652 653 654 655 656 657 658 659 660 661 662 663 664 665 666 667 668 669 670 671 672 673 674 675 676 677 678 679 680 681 682 683 684 685 686 687 688 689 690 691 692 693 694 695 696 697 698 699 700 701 702 703 704 705 706 707 708 709 710 711 712 713 714 715 716 717 718 719 720 721 722 723 724 725 726 727 728 729 730 731 732 733 734 735 736 737 738 739 740 741 742 743 744 745 746 747 748 749 750 751 752 753 754 755 756 757 758 759 760 761 762 763 764 765 766 767 768 769 770 771 772 773 774 775 776 777 778 779 780 781 782 783 784 785 786 787 788 789 790 791 792 793 794 795 796 797 798 799 800 801 802 803 804 805 806 807 808 809 810 811 812 813 814 815 816 817 818 819 820 821 822 823 824 825 826
 done.
 running RMSDs...
 done.
 E lowest :   -62.17962
 377 structures remain within    12.00 kcal/mol window

 -------------------------------------
 2. optimization with tight thresholds
 -------------------------------------
 Optimizing all 378 structures from file "crest_rotamers_1.xyz" ...
 1 2 3 4 5 6 7 8 9 10 11 12 13 14 15 16 17 18 19 20 21 22 23 24 25 26 27 28 29 30 31 32 33 34 35 36 37 38 39 40 41 42 43 44 45 46 47 48 49 50 51 52 53 54 55 56 57 58 59 60 61 62 63 64 65 66 67 68 69 70 71 72 73 74 75 76 77 78 79 80 81 82 83 84 85 86 87 88 89 90 91 92 93 94 95 96 97 98 99 100 101 102 103 104 105 106 107 108 109 110 111 112 113 114 115 116 117 118 119 120 121 122 123 124 125 126 127 128 129 130 131 132 133 134 135 136 137 138 139 140 141 142 143 144 145 146 147 148 149 150 151 152 153 154 155 156 157 158 159 160 161 162 163 164 165 166 167 168 169 170 171 172 173 174 175 176 177 178 179 180 181 182 183 184 185 186 187 188 189 190 191 192 193 194 195 196 197 198 199 200 201 202 203 204 205 206 207 208 209 210 211 212 213 214 215 216 217 218 219 220 221 222 223 224 225 226 227 228 229 230 231 232 233 234 235 236 237 238 239 240 241 242 243 244 245 246 247 248 249 250 251 252 253 254 255 256 257 258 259 260 261 262 263 264 265 266 267 268 269 270 271 272 273 274 275 276 277 278 279 280 281 282 283 284 285 286 287 288 289 290 291 292 293 294 295 296 297 298 299 300 301 302 303 304 305 306 307 308 309 310 311 312 313 314 315 316 317 318 319 320 321 322 323 324 325 326 327 328 329 330 331 332 333 334 335 336 337 338 339 340 341 342 343 344 345 346 347 348 349 350 351 352 353 354 355 356 357 358 359 360 361 362 363 364 365 366 367 368 369 370 371 372 373 374 375 376 377 378
 done.
 running RMSDs...
 done.
 E lowest :   -62.18343
 105 structures remain within     6.00 kcal/mol window


========================================
            MTD Iteration  2
========================================

     ========================================
     |         Meta-MD (MTD) Sampling       |
     ========================================

Starting Meta-MD  12 with the settings:
     MD time /ps        :     6.0
     dt /fs             :     5.0
     dumpstep(trj) /fs  :     100
     dumpstep(Vbias)/ps :     1.0
     Vbias factor k /Eh :  0.0255
     Vbias exp α /bohr⁻²:    0.28
*Meta-MTD 12 finished*
Starting Meta-MD  11 with the settings:
     MD time /ps        :     6.0
     dt /fs             :     5.0
     dumpstep(trj) /fs  :     100
     dumpstep(Vbias)/ps :     1.0
     Vbias factor k /Eh :  0.0510
     Vbias exp α /bohr⁻²:    0.28
*Meta-MTD 11 finished*
Starting Meta-MD  10 with the settings:
     MD time /ps        :     6.0
     dt /fs             :     5.0
     dumpstep(trj) /fs  :     100
     dumpstep(Vbias)/ps :     1.0
     Vbias factor k /Eh :  0.1020
     Vbias exp α /bohr⁻²:    0.28
*Meta-MTD 10 finished*
Starting Meta-MD   9 with the settings:
     MD time /ps        :     6.0
     dt /fs             :     5.0
     dumpstep(trj) /fs  :     100
     dumpstep(Vbias)/ps :     1.0
     Vbias factor k /Eh :  0.0255
     Vbias exp α /bohr⁻²:    0.47
*Meta-MTD 9 finished*
Starting Meta-MD   8 with the settings:
     MD time /ps        :     6.0
     dt /fs             :     5.0
     dumpstep(trj) /fs  :     100
     dumpstep(Vbias)/ps :     1.0
     Vbias factor k /Eh :  0.0510
     Vbias exp α /bohr⁻²:    0.47
*Meta-MTD 8 finished*
Starting Meta-MD   7 with the settings:
     MD time /ps        :     6.0
     dt /fs             :     5.0
     dumpstep(trj) /fs  :     100
     dumpstep(Vbias)/ps :     1.0
     Vbias factor k /Eh :  0.1020
     Vbias exp α /bohr⁻²:    0.47
*Meta-MTD 7 finished*
Starting Meta-MD   6 with the settings:
     MD time /ps        :     6.0
     dt /fs             :     5.0
     dumpstep(trj) /fs  :     100
     dumpstep(Vbias)/ps :     1.0
     Vbias factor k /Eh :  0.0255
     Vbias exp α /bohr⁻²:    0.78
*Meta-MTD 6 finished*
Starting Meta-MD   5 with the settings:
     MD time /ps        :     6.0
     dt /fs             :     5.0
     dumpstep(trj) /fs  :     100
     dumpstep(Vbias)/ps :     1.0
     Vbias factor k /Eh :  0.0510
     Vbias exp α /bohr⁻²:    0.78
*Meta-MTD 5 finished*
Starting Meta-MD   4 with the settings:
     MD time /ps        :     6.0
     dt /fs             :     5.0
     dumpstep(trj) /fs  :     100
     dumpstep(Vbias)/ps :     1.0
     Vbias factor k /Eh :  0.1020
     Vbias exp α /bohr⁻²:    0.78
*Meta-MTD 4 finished*
Starting Meta-MD   3 with the settings:
     MD time /ps        :     6.0
     dt /fs             :     5.0
     dumpstep(trj) /fs  :     100
     dumpstep(Vbias)/ps :     1.0
     Vbias factor k /Eh :  0.0255
     Vbias exp α /bohr⁻²:    1.30
*Meta-MTD 3 finished*
Starting Meta-MD   2 with the settings:
     MD time /ps        :     6.0
     dt /fs             :     5.0
     dumpstep(trj) /fs  :     100
     dumpstep(Vbias)/ps :     1.0
     Vbias factor k /Eh :  0.0510
     Vbias exp α /bohr⁻²:    1.30
*Meta-MTD 2 finished*
Starting Meta-MD   1 with the settings:
     MD time /ps        :     6.0
     dt /fs             :     5.0
     dumpstep(trj) /fs  :     100
     dumpstep(Vbias)/ps :     1.0
     Vbias factor k /Eh :  0.1020
     Vbias exp α /bohr⁻²:    1.30
*Meta-MTD 1 finished*

-----------------------
Multilevel Optimization
-----------------------

 -------------------------
 1. crude pre-optimization
 -------------------------
 Optimizing all 708 structures from file "crest_rotamers_0.xyz" ...
 1 2 3 4 5 6 7 8 9 10 11 12 13 14 15 16 17 18 19 20 21 22 23 24 25 26 27 28 29 30 31 32 33 34 35 36 37 38 39 40 41 42 43 44 45 46 47 48 49 50 51 52 53 54 55 56 57 58 59 60 61 62 63 64 65 66 67 68 69 70 71 72 73 74 75 76 77 78 79 80 81 82 83 84 85 86 87 88 89 90 91 92 93 94 95 96 97 98 99 100 101 102 103 104 105 106 107 108 109 110 111 112 113 114 115 116 117 118 119 120 121 122 123 124 125 126 127 128 129 130 131 132 133 134 135 136 137 138 139 140 141 142 143 144 145 146 147 148 149 150 151 152 153 154 155 156 157 158 159 160 161 162 163 164 165 166 167 168 169 170 171 172 173 174 175 176 177 178 179 180 181 182 183 184 185 186 187 188 189 190 191 192 193 194 195 196 197 198 199 200 201 202 203 204 205 206 207 208 209 210 211 212 213 214 215 216 217 218 219 220 221 222 223 224 225 226 227 228 229 230 231 232 233 234 235 236 237 238 239 240 241 242 243 244 245 246 247 248 249 250 251 252 253 254 255 256 257 258 259 260 261 262 263 264 265 266 267 268 269 270 271 272 273 274 275 276 277 278 279 280 281 282 283 284 285 286 287 288 289 290 291 292 293 294 295 296 297 298 299 300 301 302 303 304 305 306 307 308 309 310 311 312 313 314 315 316 317 318 319 320 321 322 323 324 325 326 327 328 329 330 331 332 333 334 335 336 337 338 339 340 341 342 343 344 345 346 347 348 349 350 351 352 353 354 355 356 357 358 359 360 361 362 363 364 365 366 367 368 369 370 371 372 373 374 375 376 377 378 379 380 381 382 383 384 385 386 387 388 389 390 391 392 393 394 395 396 397 398 399 400 401 402 403 404 405 406 407 408 409 410 411 412 413 414 415 416 417 418 419 420 421 422 423 424 425 426 427 428 429 430 431 432 433 434 435 436 437 438 439 440 441 442 443 444 445 446 447 448 449 450 451 452 453 454 455 456 457 458 459 460 461 462 463 464 465 466 467 468 469 470 471 472 473 474 475 476 477 478 479 480 481 482 483 484 485 486 487 488 489 490 491 492 493 494 495 496 497 498 499 500 501 502 503 504 505 506 507 508 509 510 511 512 513 514 515 516 517 518 519 520 521 522 523 524 525 526 527 528 529 530 531 532 533 534 535 536 537 538 539 540 541 542 543 544 545 546 547 548 549 550 551 552 553 554 555 556 557 558 559 560 561 562 563 564 565 566 567 568 569 570 571 572 573 574 575 576 577 578 579 580 581 582 583 584 585 586 587 588 589 590 591 592 593 594 595 596 597 598 599 600 601 602 603 604 605 606 607 608 609 610 611 612 613 614 615 616 617 618 619 620 621 622 623 624 625 626 627 628 629 630 631 632 633 634 635 636 637 638 639 640 641 642 643 644 645 646 647 648 649 650 651 652 653 654 655 656 657 658 659 660 661 662 663 664 665 666 667 668 669 670 671 672 673 674 675 676 677 678 679 680 681 682 683 684 685 686 687 688 689 690 691 692 693 694 695 696 697 698 699 700 701 702 703 704 705 706 707 708
 done.
 running RMSDs...
 done.
 E lowest :   -62.18320
 410 structures remain within    12.00 kcal/mol window

 -------------------------------------
 2. optimization with tight thresholds
 -------------------------------------
 Optimizing all 411 structures from file "crest_rotamers_1.xyz" ...
 1 2 3 4 5 6 7 8 9 10 11 12 13 14 15 16 17 18 19 20 21 22 23 24 25 26 27 28 29 30 31 32 33 34 35 36 37 38 39 40 41 42 43 44 45 46 47 48 49 50 51 52 53 54 55 56 57 58 59 60 61 62 63 64 65 66 67 68 69 70 71 72 73 74 75 76 77 78 79 80 81 82 83 84 85 86 87 88 89 90 91 92 93 94 95 96 97 98 99 100 101 102 103 104 105 106 107 108 109 110 111 112 113 114 115 116 117 118 119 120 121 122 123 124 125 126 127 128 129 130 131 132 133 134 135 136 137 138 139 140 141 142 143 144 145 146 147 148 149 150 151 152 153 154 155 156 157 158 159 160 161 162 163 164 165 166 167 168 169 170 171 172 173 174 175 176 177 178 179 180 181 182 183 184 185 186 187 188 189 190 191 192 193 194 195 196 197 198 199 200 201 202 203 204 205 206 207 208 209 210 211 212 213 214 215 216 217 218 219 220 221 222 223 224 225 226 227 228 229 230 231 232 233 234 235 236 237 238 239 240 241 242 243 244 245 246 247 248 249 250 251 252 253 254 255 256 257 258 259 260 261 262 263 264 265 266 267 268 269 270 271 272 273 274 275 276 277 278 279 280 281 282 283 284 285 286 287 288 289 290 291 292 293 294 295 296 297 298 299 300 301 302 303 304 305 306 307 308 309 310 311 312 313 314 315 316 317 318 319 320 321 322 323 324 325 326 327 328 329 330 331 332 333 334 335 336 337 338 339 340 341 342 343 344 345 346 347 348 349 350 351 352 353 354 355 356 357 358 359 360 361 362 363 364 365 366 367 368 369 370 371 372 373 374 375 376 377 378 379 380 381 382 383 384 385 386 387 388 389 390 391 392 393 394 395 396 397 398 399 400 401 402 403 404 405 406 407 408 409 410 411
 done.
 running RMSDs...
 done.
 E lowest :   -62.18343
 145 structures remain within     6.00 kcal/mol window

========================================
            MTD Iterations done         
========================================
 Collecting ensmbles.
 running RMSDs...
 done.
 E lowest :   -62.18343
 246 structures remain within     6.00 kcal/mol window

 -------------------------------
 Additional orientation sampling
 -------------------------------
 Optimizing all 252 structures from file "oh_ensemble.xyz" ...
 1 2 3 4 5 6 7 8 9 10 11 12 13 14 15 16 17 18 19 20 21 22 23 24 25 26 27 28 29 30 31 32 33 34 35 36 37 38 39 40 41 42 43 44 45 46 47 48 49 50 51 52 53 54 55 56 57 58 59 60 61 62 63 64 65 66 67 68 69 70 71 72 73 74 75 76 77 78 79 80 81 82 83 84 85 86 87 88 89 90 91 92 93 94 95 96 97 98 99 100 101 102 103 104 105 106 107 108 109 110 111 112 113 114 115 116 117 118 119 120 121 122 123 124 125 126 127 128 129 130 131 132 133 134 135 136 137 138 139 140 141 142 143 144 145 146 147 148 149 150 151 152 153 154 155 156 157 158 159 160 161 162 163 164 165 166 167 168 169 170 171 172 173 174 175 176 177 178 179 180 181 182 183 184 185 186 187 188 189 190 191 192 193 194 195 196 197 198 199 200 201 202 203 204 205 206 207 208 209 210 211 212 213 214 215 216 217 218 219 220 221 222 223 224 225 226 227 228 229 230 231 232 233 234 235 236 237 238 239 240 241 242 243 244 245 246 247 248 249 250 251 252
 done.
 running RMSDs...
 done.
 E lowest :   -62.18343
 350 structures remain within     6.00 kcal/mol window

-----------------------------------------------
Additional regular MDs on lowest 4 conformer(s)
-----------------------------------------------
Starting MD   8 with the settings:
     MD time /ps        :     3.0
     MD Temperature /K  :   500.0
     dt /fs             :     5.0
     dumpstep(trj) /fs  :     100
*MD 8 finished*
Starting MD   7 with the settings:
     MD time /ps        :     3.0
     MD Temperature /K  :   400.0
     dt /fs             :     5.0
     dumpstep(trj) /fs  :     100
*MD 7 finished*
Starting MD   6 with the settings:
     MD time /ps        :     3.0
     MD Temperature /K  :   500.0
     dt /fs             :     5.0
     dumpstep(trj) /fs  :     100
*MD 6 finished*
Starting MD   5 with the settings:
     MD time /ps        :     3.0
     MD Temperature /K  :   400.0
     dt /fs             :     5.0
     dumpstep(trj) /fs  :     100
*MD 5 finished*
Starting MD   4 with the settings:
     MD time /ps        :     3.0
     MD Temperature /K  :   500.0
     dt /fs             :     5.0
     dumpstep(trj) /fs  :     100
*MD 4 finished*
Starting MD   3 with the settings:
     MD time /ps        :     3.0
     MD Temperature /K  :   400.0
     dt /fs             :     5.0
     dumpstep(trj) /fs  :     100
*MD 3 finished*
Starting MD   2 with the settings:
     MD time /ps        :     3.0
     MD Temperature /K  :   500.0
     dt /fs             :     5.0
     dumpstep(trj) /fs  :     100
*MD 2 finished*
Starting MD   1 with the settings:
     MD time /ps        :     3.0
     MD Temperature /K  :   400.0
     dt /fs             :     5.0
     dumpstep(trj) /fs  :     100
*MD 1 finished*
 Appending file crest_rotamers_2.xyz with new structures

 -------------------------------------------
 Ensemble optimization with tight thresholds
 -------------------------------------------
 Optimizing all 582 structures from file "crest_rotamers_2.xyz" ...
 1 2 3 4 5 6 7 8 9 10 11 12 13 14 15 16 17 18 19 20 21 22 23 24 25 26 27 28 29 30 31 32 33 34 35 36 37 38 39 40 41 42 43 44 45 46 47 48 49 50 51 52 53 54 55 56 57 58 59 60 61 62 63 64 65 66 67 68 69 70 71 72 73 74 75 76 77 78 79 80 81 82 83 84 85 86 87 88 89 90 91 92 93 94 95 96 97 98 99 100 101 102 103 104 105 106 107 108 109 110 111 112 113 114 115 116 117 118 119 120 121 122 123 124 125 126 127 128 129 130 131 132 133 134 135 136 137 138 139 140 141 142 143 144 145 146 147 148 149 150 151 152 153 154 155 156 157 158 159 160 161 162 163 164 165 166 167 168 169 170 171 172 173 174 175 176 177 178 179 180 181 182 183 184 185 186 187 188 189 190 191 192 193 194 195 196 197 198 199 200 201 202 203 204 205 206 207 208 209 210 211 212 213 214 215 216 217 218 219 220 221 222 223 224 225 226 227 228 229 230 231 232 233 234 235 236 237 238 239 240 241 242 243 244 245 246 247 248 249 250 251 252 253 254 255 256 257 258 259 260 261 262 263 264 265 266 267 268 269 270 271 272 273 274 275 276 277 278 279 280 281 282 283 284 285 286 287 288 289 290 291 292 293 294 295 296 297 298 299 300 301 302 303 304 305 306 307 308 309 310 311 312 313 314 315 316 317 318 319 320 321 322 323 324 325 326 327 328 329 330 331 332 333 334 335 336 337 338 339 340 341 342 343 344 345 346 347 348 349 350 351 352 353 354 355 356 357 358 359 360 361 362 363 364 365 366 367 368 369 370 371 372 373 374 375 376 377 378 379 380 381 382 383 384 385 386 387 388 389 390 391 392 393 394 395 396 397 398 399 400 401 402 403 404 405 406 407 408 409 410 411 412 413 414 415 416 417 418 419 420 421 422 423 424 425 426 427 428 429 430 431 432 433 434 435 436 437 438 439 440 441 442 443 444 445 446 447 448 449 450 451 452 453 454 455 456 457 458 459 460 461 462 463 464 465 466 467 468 469 470 471 472 473 474 475 476 477 478 479 480 481 482 483 484 485 486 487 488 489 490 491 492 493 494 495 496 497 498 499 500 501 502 503 504 505 506 507 508 509 510 511 512 513 514 515 516 517 518 519 520 521 522 523 524 525 526 527 528 529 530 531 532 533 534 535 536 537 538 539 540 541 542 543 544 545 546 547 548 549 550 551 552 553 554 555 556 557 558 559 560 561 562 563 564 565 566 567 568 569 570 571 572 573 574 575 576 577 578 579 580 581 582
 done.
 running RMSDs...
 done.
 E lowest :   -62.18343
 401 structures remain within     6.00 kcal/mol window


     ========================================
     |        Structure Crossing (GC)       |
     ========================================
 =============================
  # threads =           1
 =============================
 input  file name : crest_rotamers_4.xyz
number of atoms                :    34
number of points on xyz files  :   401
conformer energy window  /kcal :    6.00
CN per atom difference cut-off :  0.3000
RMSD threshold                 :  0.2500
max. # of generated structures : 300
 reading xyz file ...
 # in E window                401
 generating pairs ...       80600
  24.9 % done
  49.9 % done
  74.8 % done
  99.8 % done
 generated pairs           :        3854
 number of clash discarded :       76346
 average rmsd w.r.t input  : 4.23782
 sd of ensemble            : 1.29301
 number of new structures      :         356
 removed identical structures  :         244
 writing          300  TMPCONF* dirs ...
 --------------------------
 GC: loose pre-optimization
 --------------------------
 Starting optimization of generated structures
 300 jobs to do.
 1 2 3 4 5 6 7 8 9 10 11 12 13 14 15 16 17 18 19 20 21 22 23 24 25 26 27 28 29 30 31 32 33 34 35 36 37 38 39 40 41 42 43 44 45 46 47 48 49 50 51 52 53 54 55 56 57 58 59 60 61 62 63 64 65 66 67 68 69 70 71 72 73 74 75 76 77 78 79 80 81 82 83 84 85 86 87 88 89 90 91 92 93 94 95 96 97 98 99 100 101 102 103 104 105 106 107 108 109 110 111 112 113 114 115 116 117 118 119 120 121 122 123 124 125 126 127 128 129 130 131 132 133 134 135 136 137 138 139 140 141 142 143 144 145 146 147 148 149 150 151 152 153 154 155 156 157 158 159 160 161 162 163 164 165 166 167 168 169 170 171 172 173 174 175 176 177 178 179 180 181 182 183 184 185 186 187 188 189 190 191 192 193 194 195 196 197 198 199 200 201 202 203 204 205 206 207 208 209 210 211 212 213 214 215 216 217 218 219 220 221 222 223 224 225 226 227 228 229 230 231 232 233 234 235 236 237 238 239 240 241 242 243 244 245 246 247 248 249 250 251 252 253 254 255 256 257 258 259 260 261 262 263 264 265 266 267 268 269 270 271 272 273 274 275 276 277 278 279 280 281 282 283 284 285 286 287 288 289 290 291 292 293 294 295 296 297 298 299 300 
 done.
 Now appending opt.xyz file with new structures
 running RMSDs...
 done.
 E lowest :   -62.18342
 171 structures remain within    10.00 kcal/mol window
 --------------------------------------
 GC: optimization with tight thresholds
 --------------------------------------
 Optimizing all 171 structures from file "crest_rotamers_1.xyz" ...
 1 2 3 4 5 6 7 8 9 10 11 12 13 14 15 16 17 18 19 20 21 22 23 24 25 26 27 28 29 30 31 32 33 34 35 36 37 38 39 40 41 42 43 44 45 46 47 48 49 50 51 52 53 54 55 56 57 58 59 60 61 62 63 64 65 66 67 68 69 70 71 72 73 74 75 76 77 78 79 80 81 82 83 84 85 86 87 88 89 90 91 92 93 94 95 96 97 98 99 100 101 102 103 104 105 106 107 108 109 110 111 112 113 114 115 116 117 118 119 120 121 122 123 124 125 126 127 128 129 130 131 132 133 134 135 136 137 138 139 140 141 142 143 144 145 146 147 148 149 150 151 152 153 154 155 156 157 158 159 160 161 162 163 164 165 166 167 168 169 170 171
 done.
 running RMSDs...
 done.
 E lowest :   -62.18343


   ================================================
   |           Final Geometry Optimization        |
   ================================================
 ------------------------------------------------
 Ensemble optimization with very tight thresholds
 ------------------------------------------------
 Optimizing all 498 structures from file "crest_rotamers_5.xyz" ...
 1 2 3 4 5 6 7 8 9 10 11 12 13 14 15 16 17 18 19 20 21 22 23 24 25 26 27 28 29 30 31 32 33 34 35 36 37 38 39 40 41 42 43 44 45 46 47 48 49 50 51 52 53 54 55 56 57 58 59 60 61 62 63 64 65 66 67 68 69 70 71 72 73 74 75 76 77 78 79 80 81 82 83 84 85 86 87 88 89 90 91 92 93 94 95 96 97 98 99 100 101 102 103 104 105 106 107 108 109 110 111 112 113 114 115 116 117 118 119 120 121 122 123 124 125 126 127 128 129 130 131 132 133 134 135 136 137 138 139 140 141 142 143 144 145 146 147 148 149 150 151 152 153 154 155 156 157 158 159 160 161 162 163 164 165 166 167 168 169 170 171 172 173 174 175 176 177 178 179 180 181 182 183 184 185 186 187 188 189 190 191 192 193 194 195 196 197 198 199 200 201 202 203 204 205 206 207 208 209 210 211 212 213 214 215 216 217 218 219 220 221 222 223 224 225 226 227 228 229 230 231 232 233 234 235 236 237 238 239 240 241 242 243 244 245 246 247 248 249 250 251 252 253 254 255 256 257 258 259 260 261 262 263 264 265 266 267 268 269 270 271 272 273 274 275 276 277 278 279 280 281 282 283 284 285 286 287 288 289 290 291 292 293 294 295 296 297 298 299 300 301 302 303 304 305 306 307 308 309 310 311 312 313 314 315 316 317 318 319 320 321 322 323 324 325 326 327 328 329 330 331 332 333 334 335 336 337 338 339 340 341 342 343 344 345 346 347 348 349 350 351 352 353 354 355 356 357 358 359 360 361 362 363 364 365 366 367 368 369 370 371 372 373 374 375 376 377 378 379 380 381 382 383 384 385 386 387 388 389 390 391 392 393 394 395 396 397 398 399 400 401 402 403 404 405 406 407 408 409 410 411 412 413 414 415 416 417 418 419 420 421 422 423 424 425 426 427 428 429 430 431 432 433 434 435 436 437 438 439 440 441 442 443 444 445 446 447 448 449 450 451 452 453 454 455 456 457 458 459 460 461 462 463 464 465 466 467 468 469 470 471 472 473 474 475 476 477 478 479 480 481 482 483 484 485 486 487 488 489 490 491 492 493 494 495 496 497 498
 done.
 running RMSDs...
 done.
 E lowest :   -62.18343
 479 structures remain within     6.00 kcal/mol window

 input  file name : crest_rotamers_6.xyz
 output file name : crest_rotamers_7.xyz
 number of atoms                :   34
 number of points on xyz files  :   498
 RMSD threshold                 :   0.1250
 Bconst threshold               :   0.0100
 population threshold           :   0.0500
 conformer energy window  /kcal :   6.0000
 # fragment in coord            :     2
 # bonds in reference structure :    32
 number of reliable points      :   498
 reference state Etot :  -62.183426330000003
 number of doubles removed by rot/RMSD         :          19
 total number unique points considered further :         479
       Erel/kcal        Etot weight/tot  conformer     set   degen     origin
       1   0.000   -62.18343    0.01609    0.83595       1      52     mtd4
       2   0.000   -62.18343    0.01609                                gc
       3   0.000   -62.18343    0.01609                                gc
       4   0.000   -62.18343    0.01609                                mtd6
       5   0.000   -62.18343    0.01609                                gc
       6   0.000   -62.18343    0.01609                                gc
       7   0.000   -62.18343    0.01609                                gc
       8   0.000   -62.18343    0.01609                                gc
       9   0.000   -62.18343    0.01609                                mtd2
      10   0.000   -62.18343    0.01609                                gc
      11   0.000   -62.18343    0.01609                                mtd12
      12   0.000   -62.18343    0.01609                                gc
      13   0.000   -62.18343    0.01609                                gc
      14   0.000   -62.18343    0.01609                                gc
      15   0.000   -62.18343    0.01609                                gc
      16   0.000   -62.18343    0.01609                                md2
      17   0.000   -62.18343    0.01609                                mtd10
      18   0.000   -62.18343    0.01609                                gc
      19   0.000   -62.18343    0.01609                                gc
      20   0.000   -62.18343    0.01609                                gc
      21   0.000   -62.18343    0.01608                                gc
      22   0.000   -62.18343    0.01608                                gc
      23   0.000   -62.18343    0.01608                                mtd1
      24   0.000   -62.18343    0.01608                                gc
      25   0.000   -62.18343    0.01608                                gc
      26   0.000   -62.18343    0.01608                                gc
      27   0.000   -62.18343    0.01608                                gc
      28   0.000   -62.18343    0.01608                                gc
      29   0.000   -62.18343    0.01608                                gc
      30   0.000   -62.18343    0.01608                                mtd6
      31   0.000   -62.18343    0.01608                                gc
      32   0.000   -62.18343    0.01608                                gc
      33   0.000   -62.18343    0.01608                                gc
      34   0.000   -62.18343    0.01608                                gc
      35   0.000   -62.18343    0.01608                                gc
      36   0.000   -62.18343    0.01608                                gc
      37   0.000   -62.18343    0.01608                                gc
      38   0.000   -62.18343    0.01608                                gc
      39   0.000   -62.18343    0.01608                                gc
      40   0.000   -62.18343    0.01608                                gc
      41   0.000   -62.18343    0.01608                                gc
      42   0.000   -62.18343    0.01608                                md2
      43   0.000   -62.18343    0.01608                                gc
      44   0.001   -62.18343    0.01607                                mtd10
      45   0.001   -62.18343    0.01607                                mtd8
      46   0.001   -62.18343    0.01606                                mtd4
      47   0.001   -62.18342    0.01605                                gc
      48   0.002   -62.18342    0.01604                                mtd10
      49   0.002   -62.18342    0.01604                                gc
      50   0.002   -62.18342    0.01602                                gc
      51   0.003   -62.18342    0.01601                                gc
      52   0.003   -62.18342    0.01600                                gc
      53   0.519   -62.18260    0.00670    0.07372       2      11     md4
      54   0.519   -62.18260    0.00670                                md4
      55   0.519   -62.18260    0.00670                                md3
      56   0.519   -62.18260    0.00670                                md4
      57   0.519   -62.18260    0.00670                                gc
      58   0.519   -62.18260    0.00670                                gc
      59   0.519   -62.18260    0.00670                                gc
      60   0.519   -62.18260    0.00670                                md4
      61   0.519   -62.18260    0.00670                                md3
      62   0.519   -62.18260    0.00670                                md4
      63   0.520   -62.18260    0.00669                                gc
      64   1.668   -62.18077    0.00097    0.00667       3       7     mtd12
      65   1.672   -62.18076    0.00096                                md6
      66   1.679   -62.18075    0.00095                                md8
      67   1.679   -62.18075    0.00095                                mtd5
      68   1.676   -62.18076    0.00095                                md8
      69   1.680   -62.18075    0.00095                                md7
      70   1.676   -62.18076    0.00095                                md7
      71   1.688   -62.18074    0.00093    0.00745       4       8     md7
      72   1.676   -62.18076    0.00095                                mtd5
      73   1.689   -62.18073    0.00093                                md8
      74   1.694   -62.18073    0.00092                                md8
      75   1.695   -62.18073    0.00092                                md8
      76   1.702   -62.18071    0.00091                                md8
      77   1.697   -62.18072    0.00092                                mtd4
      78   1.677   -62.18075    0.00095                                md8
      79   1.703   -62.18071    0.00091    0.00444       5       5     mtd8
      80   1.677   -62.18075    0.00095                                mtd5
      81   1.731   -62.18067    0.00087                                md7
      82   1.735   -62.18066    0.00086                                gc
      83   1.745   -62.18065    0.00085                                md7
      84   1.718   -62.18069    0.00089    0.00177       6       2     mtd6
      85   1.725   -62.18068    0.00088                                md6
      86   1.731   -62.18067    0.00087    0.00252       7       3     mtd12
      87   1.766   -62.18061    0.00082                                mtd7
      88   1.759   -62.18062    0.00083                                mtd5
      89   1.734   -62.18066    0.00086    0.00086       8       1     md7
      90   1.929   -62.18035    0.00062    0.00976       9      16     gc
      91   1.930   -62.18035    0.00062                                mtd3
      92   1.930   -62.18035    0.00062                                mtd2
      93   1.931   -62.18035    0.00062                                mtd9
      94   1.932   -62.18035    0.00062                                mtd6
      95   1.935   -62.18034    0.00062                                mtd5
      96   1.938   -62.18034    0.00061                                mtd3
      97   1.940   -62.18034    0.00061                                mtd5
      98   1.945   -62.18033    0.00061                                mtd13
      99   1.946   -62.18033    0.00060                                mtd3
     100   1.946   -62.18033    0.00060                                mtd4
     101   1.946   -62.18032    0.00060                                mtd8
     102   1.949   -62.18032    0.00060                                mtd13
     103   1.951   -62.18032    0.00060                                mtd6
     104   1.952   -62.18032    0.00060                                mtd2
     105   1.953   -62.18031    0.00060                                md8
     106   1.956   -62.18031    0.00059    0.00758      10      13     mtd6
     107   1.957   -62.18031    0.00059                                gc
     108   1.979   -62.18027    0.00057                                mtd2
     109   1.958   -62.18031    0.00059                                mtd2
     110   1.960   -62.18030    0.00059                                mtd2
     111   1.962   -62.18030    0.00059                                mtd13
     112   1.963   -62.18030    0.00059                                mtd13
     113   1.966   -62.18029    0.00058                                md7
     114   1.953   -62.18031    0.00060                                mtd2
     115   1.980   -62.18027    0.00057                                mtd7
     116   1.985   -62.18026    0.00057                                md7
     117   1.970   -62.18029    0.00058                                mtd5
     118   1.986   -62.18026    0.00056                                mtd4
     119   1.970   -62.18029    0.00058    0.00343      11       6     mtd12
     120   1.970   -62.18029    0.00058                                mtd5
     121   1.974   -62.18028    0.00058                                mtd7
     122   1.996   -62.18025    0.00056                                mtd6
     123   1.992   -62.18025    0.00056                                mtd6
     124   1.975   -62.18028    0.00058                                mtd5
     125   1.992   -62.18025    0.00056    0.00056      12       1     md7
     126   2.006   -62.18023    0.00055    0.00163      13       3     mtd7
     127   2.009   -62.18023    0.00054                                mtd11
     128   2.015   -62.18022    0.00054                                mtd2
     129   2.016   -62.18021    0.00054    0.00108      14       2     mtd4
     130   2.014   -62.18022    0.00054                                mtd5
     131   2.025   -62.18020    0.00053    0.00053      15       1     mtd2
     132   2.209   -62.17991    0.00039    0.00268      16       7     mtd4
     133   2.212   -62.17990    0.00039                                mtd9
     134   2.213   -62.17990    0.00039                                mtd14
     135   2.219   -62.17989    0.00038                                mtd5
     136   2.220   -62.17989    0.00038                                gc
     137   2.224   -62.17988    0.00038                                mtd2
     138   2.216   -62.17990    0.00038                                md6
     139   2.216   -62.17989    0.00038    0.00263      17       7     mtd11
     140   2.226   -62.17988    0.00038                                mtd4
     141   2.237   -62.17986    0.00037                                mtd9
     142   2.217   -62.17989    0.00038                                mtd11
     143   2.217   -62.17989    0.00038                                mtd3
     144   2.241   -62.17985    0.00037                                mtd3
     145   2.249   -62.17984    0.00036                                md6
     146   2.268   -62.17981    0.00035    0.00070      18       2     md6
     147   2.276   -62.17980    0.00035                                mtd12
     148   2.278   -62.17980    0.00035    0.00543      19      16     mtd2
     149   2.294   -62.17977    0.00034                                mtd7
     150   2.294   -62.17977    0.00034                                md6
     151   2.296   -62.17977    0.00034                                mtd7
     152   2.296   -62.17977    0.00033                                mtd6
     153   2.297   -62.17977    0.00033                                mtd6
     154   2.278   -62.17980    0.00035                                mtd3
     155   2.297   -62.17977    0.00033                                mtd6
     156   2.299   -62.17976    0.00033                                mtd7
     157   2.278   -62.17980    0.00035                                mtd3
     158   2.279   -62.17979    0.00034                                mtd12
     159   2.299   -62.17976    0.00033                                mtd8
     160   2.279   -62.17979    0.00034                                mtd3
     161   2.279   -62.17979    0.00034                                mtd8
     162   2.279   -62.17979    0.00034                                mtd3
     163   2.281   -62.17979    0.00034                                mtd3
     164   2.301   -62.17976    0.00033    0.00402      20      12     mtd8
     165   2.282   -62.17979    0.00034                                mtd9
     166   2.302   -62.17976    0.00033                                mtd12
     167   2.284   -62.17979    0.00034                                mtd5
     168   2.285   -62.17979    0.00034                                mtd4
     169   2.306   -62.17975    0.00033                                mtd11
     170   2.309   -62.17975    0.00033                                mtd6
     171   2.286   -62.17978    0.00034                                mtd12
     172   2.290   -62.17978    0.00034                                mtd6
     173   2.314   -62.17974    0.00032                                mtd12
     174   2.276   -62.17980    0.00035                                md5
     175   2.315   -62.17974    0.00032                                mtd7
     176   2.316   -62.17974    0.00032    0.00224      21       7     md6
     177   2.325   -62.17972    0.00032                                mtd7
     178   2.291   -62.17978    0.00034                                mtd9
     179   2.294   -62.17977    0.00034                                mtd5
     180   2.336   -62.17970    0.00031                                gc
     181   2.345   -62.17969    0.00031                                mtd9
     182   2.352   -62.17968    0.00030                                mtd5
     183   2.348   -62.17968    0.00031    0.00031      22       1     mtd12
     184   2.367   -62.17965    0.00030    0.00030      23       1     gc
     185   2.464   -62.17950    0.00025    0.00605      24      24     mtd4
     186   2.464   -62.17950    0.00025                                mtd4
     187   2.464   -62.17950    0.00025                                mtd7
     188   2.464   -62.17950    0.00025                                gc
     189   2.464   -62.17950    0.00025                                mtd4
     190   2.464   -62.17950    0.00025                                md3
     191   2.464   -62.17950    0.00025                                gc
     192   2.464   -62.17950    0.00025                                mtd8
     193   2.464   -62.17950    0.00025                                md3
     194   2.464   -62.17950    0.00025                                md4
     195   2.464   -62.17950    0.00025                                mtd2
     196   2.464   -62.17950    0.00025                                mtd8
     197   2.464   -62.17950    0.00025                                md4
     198   2.464   -62.17950    0.00025                                mtd4
     199   2.464   -62.17950    0.00025                                md4
     200   2.464   -62.17950    0.00025                                gc
     201   2.464   -62.17950    0.00025                                mtd9
     202   2.464   -62.17950    0.00025                                md4
     203   2.464   -62.17950    0.00025                                md2
     204   2.464   -62.17950    0.00025                                gc
     205   2.464   -62.17950    0.00025                                mtd2
     206   2.465   -62.17950    0.00025                                mtd2
     207   2.465   -62.17950    0.00025                                gc
     208   2.465   -62.17950    0.00025                                md3
     209   2.497   -62.17945    0.00024    0.00326      25      14     md6
     210   2.498   -62.17945    0.00024                                mtd5
     211   2.498   -62.17945    0.00024                                mtd5
     212   2.503   -62.17944    0.00024                                mtd2
     213   2.506   -62.17943    0.00024                                mtd8
     214   2.507   -62.17943    0.00023                                mtd4
     215   2.507   -62.17943    0.00023                                mtd2
     216   2.507   -62.17943    0.00023                                mtd12
     217   2.516   -62.17942    0.00023                                mtd3
     218   2.521   -62.17941    0.00023                                md6
     219   2.525   -62.17940    0.00023                                mtd6
     220   2.528   -62.17940    0.00023                                mtd2
     221   2.528   -62.17940    0.00023                                mtd3
     222   2.534   -62.17939    0.00022                                mtd2
     223   2.538   -62.17938    0.00022    0.00175      26       8     mtd3
     224   2.539   -62.17938    0.00022                                mtd8
     225   2.533   -62.17939    0.00022                                mtd2
     226   2.547   -62.17937    0.00022                                mtd3
     227   2.554   -62.17936    0.00022                                mtd3
     228   2.563   -62.17934    0.00021                                mtd7
     229   2.567   -62.17934    0.00021                                mtd2
     230   2.549   -62.17936    0.00022                                mtd7
     231   2.549   -62.17936    0.00022    0.00086      27       4     gc
     232   2.552   -62.17936    0.00022                                mtd7
     233   2.553   -62.17936    0.00022                                mtd2
     234   2.583   -62.17931    0.00021                                mtd7
     235   2.613   -62.17926    0.00020    0.00020      28       1     mtd5
     236   2.633   -62.17923    0.00019    0.00019      29       1     mtd12
     237   2.715   -62.17910    0.00017    0.00017      30       1     mtd4
     238   2.722   -62.17909    0.00016    0.00245      31      15     mtd4
     239   2.722   -62.17909    0.00016                                mtd6
     240   2.722   -62.17909    0.00016                                mtd7
     241   2.722   -62.17909    0.00016                                mtd4
     242   2.723   -62.17909    0.00016                                mtd8
     243   2.723   -62.17909    0.00016                                mtd6
     244   2.723   -62.17909    0.00016                                mtd6
     245   2.723   -62.17909    0.00016                                mtd7
     246   2.723   -62.17909    0.00016                                mtd2
     247   2.723   -62.17909    0.00016                                mtd4
     248   2.723   -62.17909    0.00016                                mtd6
     249   2.723   -62.17909    0.00016                                mtd9
     250   2.723   -62.17909    0.00016                                mtd5
     251   2.723   -62.17909    0.00016                                mtd6
     252   2.724   -62.17909    0.00016                                mtd6
     253   2.792   -62.17898    0.00015    0.00015      32       1     mtd6
     254   2.816   -62.17894    0.00014    0.00014      33       1     mtd3
     255   2.839   -62.17890    0.00013    0.00027      34       2     mtd12
     256   2.841   -62.17890    0.00013                                mtd2
     257   2.843   -62.17890    0.00013    0.00040      35       3     mtd3
     258   2.844   -62.17889    0.00013                                mtd5
     259   2.845   -62.17889    0.00013                                mtd2
     260   2.862   -62.17887    0.00013    0.00112      36       9     mtd2
     261   2.862   -62.17887    0.00013                                mtd12
     262   2.873   -62.17885    0.00013                                mtd4
     263   2.881   -62.17884    0.00012                                mtd12
     264   2.886   -62.17883    0.00012                                mtd9
     265   2.888   -62.17882    0.00012                                md6
     266   2.891   -62.17882    0.00012                                mtd3
     267   2.893   -62.17882    0.00012                                md6
     268   2.896   -62.17881    0.00012                                md6
     269   2.909   -62.17879    0.00012    0.00012      37       1     mtd8
     270   2.965   -62.17870    0.00011    0.00011      38       1     mtd8
     271   2.991   -62.17866    0.00010    0.00073      39       7     mtd7
     272   2.991   -62.17866    0.00010                                mtd7
     273   2.991   -62.17866    0.00010                                mtd8
     274   2.991   -62.17866    0.00010                                mtd3
     275   2.991   -62.17866    0.00010                                mtd9
     276   2.991   -62.17866    0.00010                                mtd5
     277   2.991   -62.17866    0.00010                                mtd7
     278   3.046   -62.17857    0.00009    0.00028      40       3     mtd2
     279   3.056   -62.17856    0.00009                                mtd3
     280   3.069   -62.17854    0.00009                                md6
     281   3.079   -62.17852    0.00009    0.00009      41       1     mtd2
     282   3.093   -62.17850    0.00009    0.00017      42       2     gc
     283   3.100   -62.17849    0.00009                                gc
     284   3.120   -62.17845    0.00008    0.00025      43       3     mtd3
     285   3.129   -62.17844    0.00008                                mtd11
     286   3.130   -62.17844    0.00008                                mtd2
     287   3.218   -62.17830    0.00007    0.00021      44       3     mtd3
     288   3.237   -62.17827    0.00007                                mtd3
     289   3.256   -62.17824    0.00007                                md6
     290   3.416   -62.17798    0.00005    0.00278      45      55     gc
     291   3.416   -62.17798    0.00005                                gc
     292   3.416   -62.17798    0.00005                                mtd8
     293   3.416   -62.17798    0.00005                                gc
     294   3.416   -62.17798    0.00005                                gc
     295   3.416   -62.17798    0.00005                                gc
     296   3.416   -62.17798    0.00005                                gc
     297   3.416   -62.17798    0.00005                                gc
     298   3.416   -62.17798    0.00005                                gc
     299   3.416   -62.17798    0.00005                                gc
     300   3.416   -62.17798    0.00005                                gc
     301   3.416   -62.17798    0.00005                                mtd10
     302   3.416   -62.17798    0.00005                                gc
     303   3.416   -62.17798    0.00005                                gc
     304   3.416   -62.17798    0.00005                                gc
     305   3.416   -62.17798    0.00005                                mtd12
     306   3.416   -62.17798    0.00005                                mtd7
     307   3.416   -62.17798    0.00005                                mtd5
     308   3.416   -62.17798    0.00005                                mtd9
     309   3.416   -62.17798    0.00005                                gc
     310   3.416   -62.17798    0.00005                                gc
     311   3.416   -62.17798    0.00005                                gc
     312   3.417   -62.17798    0.00005                                gc
     313   3.417   -62.17798    0.00005                                mtd12
     314   3.417   -62.17798    0.00005                                gc
     315   3.417   -62.17798    0.00005                                gc
     316   3.417   -62.17798    0.00005                                mtd1
     317   3.417   -62.17798    0.00005                                gc
     318   3.417   -62.17798    0.00005                                gc
     319   3.417   -62.17798    0.00005                                gc
     320   3.417   -62.17798    0.00005                                gc
     321   3.417   -62.17798    0.00005                                gc
     322   3.417   -62.17798    0.00005                                gc
     323   3.417   -62.17798    0.00005                                gc
     324   3.417   -62.17798    0.00005                                gc
     325   3.417   -62.17798    0.00005                                gc
     326   3.417   -62.17798    0.00005                                gc
     327   3.417   -62.17798    0.00005                                gc
     328   3.417   -62.17798    0.00005                                gc
     329   3.417   -62.17798    0.00005                                gc
     330   3.417   -62.17798    0.00005                                gc
     331   3.417   -62.17798    0.00005                                gc
     332   3.417   -62.17798    0.00005                                gc
     333   3.417   -62.17798    0.00005                                gc
     334   3.417   -62.17798    0.00005                                gc
     335   3.417   -62.17798    0.00005                                gc
     336   3.417   -62.17798    0.00005                                gc
     337   3.417   -62.17798    0.00005                                mtd12
     338   3.417   -62.17798    0.00005                                gc
     339   3.417   -62.17798    0.00005                                gc
     340   3.417   -62.17798    0.00005                                mtd6
     341   3.417   -62.17798    0.00005                                gc
     342   3.418   -62.17798    0.00005                                mtd12
     343   3.418   -62.17798    0.00005                                mtd1
     344   3.419   -62.17798    0.00005                                gc
     345   3.424   -62.17797    0.00005    0.00010      46       2     mtd12
     346   3.432   -62.17796    0.00005                                mtd6
     347   3.424   -62.17797    0.00005    0.00005      47       1     mtd2
     348   3.449   -62.17793    0.00005    0.00028      48       6     md6
     349   3.452   -62.17792    0.00005                                mtd12
     350   3.453   -62.17792    0.00005                                mtd9
     351   3.454   -62.17792    0.00005                                gc
     352   3.465   -62.17790    0.00005                                mtd3
     353   3.466   -62.17790    0.00005                                mtd12
     354   3.551   -62.17777    0.00004    0.00008      49       2     mtd13
     355   3.559   -62.17775    0.00004                                mtd5
     356   3.562   -62.17775    0.00004    0.00004      50       1     md6
     357   3.580   -62.17772    0.00004    0.00023      51       6     mtd1
     358   3.580   -62.17772    0.00004                                mtd5
     359   3.580   -62.17772    0.00004                                gc
     360   3.580   -62.17772    0.00004                                mtd6
     361   3.580   -62.17772    0.00004                                mtd9
     362   3.581   -62.17772    0.00004                                mtd1
     363   3.607   -62.17768    0.00004    0.00004      52       1     mtd9
     364   3.660   -62.17759    0.00003    0.00052      53      16     hor
     365   3.660   -62.17759    0.00003                                hor
     366   3.661   -62.17759    0.00003                                hor
     367   3.662   -62.17759    0.00003                                hor
     368   3.664   -62.17759    0.00003                                hor
     369   3.666   -62.17758    0.00003                                hor
     370   3.667   -62.17758    0.00003                                hor
     371   3.675   -62.17757    0.00003                                hor
     372   3.681   -62.17756    0.00003                                hor
     373   3.684   -62.17756    0.00003                                hor
     374   3.687   -62.17755    0.00003                                hor
     375   3.688   -62.17755    0.00003                                hor
     376   3.691   -62.17754    0.00003                                hor
     377   3.691   -62.17754    0.00003                                gc
     378   3.691   -62.17754    0.00003                                hor
     379   3.692   -62.17754    0.00003                                hor
     380   3.701   -62.17753    0.00003    0.00018      54       6     hor
     381   3.709   -62.17751    0.00003                                hor
     382   3.716   -62.17750    0.00003                                hor
     383   3.722   -62.17750    0.00003                                hor
     384   3.728   -62.17749    0.00003                                hor
     385   3.733   -62.17748    0.00003                                hor
     386   3.770   -62.17742    0.00003    0.00006      55       2     mtd9
     387   3.775   -62.17741    0.00003                                mtd9
     388   3.781   -62.17740    0.00003    0.00003      56       1     mtd2
     389   3.887   -62.17723    0.00002    0.00007      57       3     hor
     390   3.913   -62.17719    0.00002                                hor
     391   3.915   -62.17719    0.00002                                hor
     392   3.931   -62.17716    0.00002    0.00008      58       4     hor
     393   3.952   -62.17713    0.00002                                hor
     394   3.955   -62.17712    0.00002                                hor
     395   3.962   -62.17711    0.00002                                hor
     396   4.121   -62.17686    0.00002    0.00002      59       1     mtd5
     397   4.291   -62.17659    0.00001    0.00003      60       3     hor
     398   4.293   -62.17658    0.00001                                hor
     399   4.294   -62.17658    0.00001                                hor
     400   4.406   -62.17640    0.00001    0.00002      61       2     hor
     401   4.412   -62.17640    0.00001                                hor
     402   4.449   -62.17634    0.00001    0.00002      62       2     hor
     403   4.476   -62.17629    0.00001                                hor
     404   4.480   -62.17629    0.00001    0.00003      63       4     hor
     405   4.485   -62.17628    0.00001                                hor
     406   4.491   -62.17627    0.00001                                hor
     407   4.511   -62.17624    0.00001                                hor
     408   4.649   -62.17602    0.00001    0.00001      64       2     hor
     409   4.660   -62.17600    0.00001                                hor
     410   4.691   -62.17595    0.00001    0.00001      65       1     hor
     411   4.720   -62.17591    0.00001    0.00001      66       2     hor
     412   4.720   -62.17590    0.00001                                hor
     413   4.758   -62.17584    0.00001    0.00001      67       1     hor
     414   5.014   -62.17544    0.00000    0.00001      68       2     hor
     415   5.016   -62.17543    0.00000                                hor
     416   5.014   -62.17544    0.00000    0.00000      69       1     hor
     417   5.065   -62.17535    0.00000    0.00002      70       6     hor
     418   5.066   -62.17535    0.00000                                hor
     419   5.067   -62.17535    0.00000                                hor
     420   5.082   -62.17533    0.00000                                hor
     421   5.088   -62.17532    0.00000                                hor
     422   5.083   -62.17533    0.00000                                hor
     423   5.088   -62.17532    0.00000    0.00002      71       5     hor
     424   5.091   -62.17531    0.00000                                hor
     425   5.094   -62.17531    0.00000                                hor
     426   5.085   -62.17532    0.00000                                hor
     427   5.095   -62.17531    0.00000                                hor
     428   5.099   -62.17530    0.00000    0.00002      72       7     hor
     429   5.101   -62.17530    0.00000                                hor
     430   5.110   -62.17528    0.00000                                hor
     431   5.123   -62.17526    0.00000                                hor
     432   5.128   -62.17525    0.00000                                hor
     433   5.132   -62.17525    0.00000                                hor
     434   5.136   -62.17524    0.00000                                hor
     435   5.248   -62.17506    0.00000    0.00002      73       8     hor
     436   5.249   -62.17506    0.00000                                hor
     437   5.249   -62.17506    0.00000                                hor
     438   5.251   -62.17506    0.00000                                hor
     439   5.252   -62.17506    0.00000                                hor
     440   5.252   -62.17506    0.00000                                hor
     441   5.273   -62.17502    0.00000                                hor
     442   5.277   -62.17502    0.00000                                hor
     443   5.302   -62.17498    0.00000    0.00001      74       7     hor
     444   5.304   -62.17497    0.00000                                hor
     445   5.305   -62.17497    0.00000                                hor
     446   5.308   -62.17497    0.00000                                hor
     447   5.313   -62.17496    0.00000                                hor
     448   5.318   -62.17495    0.00000                                hor
     449   5.325   -62.17494    0.00000                                hor
     450   5.699   -62.17434    0.00000    0.00000      75       3     hor
     451   5.701   -62.17434    0.00000                                hor
     452   5.703   -62.17434    0.00000                                hor
     453   5.703   -62.17434    0.00000    0.00001      76       9     hor
     454   5.703   -62.17434    0.00000                                hor
     455   5.703   -62.17434    0.00000                                hor
     456   5.703   -62.17434    0.00000                                hor
     457   5.703   -62.17434    0.00000                                hor
     458   5.703   -62.17434    0.00000                                hor
     459   5.703   -62.17434    0.00000                                hor
     460   5.703   -62.17434    0.00000                                gc
     461   5.703   -62.17434    0.00000                                gc
     462   5.847   -62.17411    0.00000    0.00000      77       5     hor
     463   5.853   -62.17410    0.00000                                hor
     464   5.854   -62.17410    0.00000                                hor
     465   5.887   -62.17405    0.00000                                hor
     466   5.888   -62.17404    0.00000                                hor
     467   5.858   -62.17409    0.00000    0.00000      78       1     hor
     468   5.883   -62.17405    0.00000    0.00000      79       2     hor
     469   5.900   -62.17402    0.00000                                hor
     470   5.916   -62.17400    0.00000    0.00000      80       3     mtd12
     471   5.916   -62.17400    0.00000                                mtd12
     472   5.916   -62.17400    0.00000                                mtd12
     473   5.925   -62.17398    0.00000    0.00000      81       3     hor
     474   5.928   -62.17398    0.00000                                hor
     475   5.933   -62.17397    0.00000                                hor
     476   5.941   -62.17396    0.00000    0.00000      82       2     hor
     477   5.949   -62.17395    0.00000                                hor
     478   5.993   -62.17388    0.00000    0.00000      83       2     mtd5
     479   5.993   -62.17388    0.00000                                mtd10
T /K                                  :   298.15
E lowest                              :   -62.18343
ensemble average energy (kcal)        :    0.236
ensemble entropy (J/mol K, cal/mol K) :   37.644    8.997
ensemble free energy (kcal/mol)       :   -2.682
population of lowest in %             :   83.595
 number of unique conformers for further calc           83
 list of relative energies saved as "crest.energies"

 -----------------
 Wall Time Summary
 -----------------
             test MD wall time :         0h : 0m : 8s
                 MTD wall time :         0h :19m :55s
      multilevel OPT wall time :         1h : 1m :51s
                  MD wall time :         0h :12m :59s
                  GC wall time :         0h :11m :18s
--------------------
Overall wall time  : 1h :51m :28s

 CREST terminated normally.
