****************************************************************
  Sure Independence Screening and Sparsifying Operator (SISSO)  
             Version SISSO.3.3, July, 2023.                
****************************************************************

Read in data from train.dat
Read in data from SISSO.in
Property type:     1
Number of tasks:        1
Descriptor dimension:        2
Number of samples for the task(s):     36
Restarts :  0
Number of scalar features:       23
Tier of the feature space:        3
Maximal feature complexity (number of operators in a feature):        6
Unit of input primary feature, each represented by a row vector: 
    1.00
    1.00
    1.00
    1.00
    1.00
    1.00
    1.00
    1.00
    1.00
    1.00
    1.00
    1.00
    1.00
    1.00
    1.00
    1.00
    1.00
    1.00
    1.00
    1.00
    1.00
    1.00
    1.00
The feature will be discarded if the minimum of the maximal abs. value in it <    0.10000E-02
The faature will be discarded if the maximum of the maximal abs. value in it >     0.10000E+06
Size of the SIS-selected (single) subspace :  10000 10000
Operators for feature construction: (+)(-)(*) (+)(-)(*) (+)(-)(*) 
Method for sparse regression:  L0        
Fitting intercept:      T
Metric for model selection: RMSE
Number of the top-ranked models to output:      100
--------------------------------------------------------------------------------

Dimension:   1
-------------------
Feature Construction (FC) starts ...
Population Standard Deviation (SD) of the task 001:   22.33959
Total number of features in the space phi00:             23
Total number of features in the space phi01:            898
Total number of features in the space phi02:         342104
Total number of features in the space phi03:    13284795685
Size of the SIS-selected subspace from phi03:      10000
Time (second) used for this FC:         2293.92

Descriptor Identification (DI) starts ...
Total number of SIS-selected features from all dimensions:      10000
 
  1D descriptor: 
     d001 = ((feature22*(feature15-feature3))+((feature11-feature17)*(feature21-feature17)))    feature_ID:000001

  1D model(y=sum(ci*di)+c0): 
     coeff.(ci)_task001:     0.5490518142E+02
             c0_task001:     0.2033015756E+02
     RMSE,MaxAE_task001:     0.1181782787E+02    0.2601580839E+02

     RMSE and MaxAE of the model:  11.817828 26.015808
--------------------------------------------------------------------------------
Time (second) used for this DI:            0.11

Dimension:   2
-------------------
Feature Construction (FC) starts ...
Total number of features in the space phi00:             23
Total number of features in the space phi01:            898
Total number of features in the space phi02:         342104
Total number of features in the space phi03:    13284795685
Size of the SIS-selected subspace from phi03:      10000
Time (second) used for this FC:         2208.36

Descriptor Identification (DI) starts ...
Total number of SIS-selected features from all dimensions:      20000
 
Final model/descriptor !
================================================================================
  2D descriptor: 
     d001 = ((feature17+(feature4+feature22))*((feature11+feature17)-(feature3+feature21)))    feature_ID:000015
     d002 = (((feature22-feature5)*(feature5+feature16))-(feature17*(feature16-feature5)))    feature_ID:015943

  2D model(y=sum(ci*di)+c0): 
     coeff.(ci)_task001:     0.3467860537E+02    0.7129136087E+02
             c0_task001:     0.3816520380E+02
     RMSE,MaxAE_task001:     0.8941990716E+01    0.2870214620E+02

     RMSE and MaxAE of the model:   8.941991 28.702146
================================================================================
Time (second) used for this DI:           25.60
Total time (second):         4544.30
Have a nice day !    

