****************************************************************
  Sure Independence Screening and Sparsifying Operator (SISSO)  
             Version SISSO.3.3, July, 2023.                
****************************************************************

Read in data from train.dat
Read in data from SISSO.in
Property type:     1
Number of tasks:        1
Descriptor dimension:        2
Number of samples for the task(s):     36
Restarts :  0
Number of scalar features:       20
Tier of the feature space:        3
Maximal feature complexity (number of operators in a feature):        6
Unit of input primary feature, each represented by a row vector: 
    1.00
    1.00
    1.00
    1.00
    1.00
    1.00
    1.00
    1.00
    1.00
    1.00
    1.00
    1.00
    1.00
    1.00
    1.00
    1.00
    1.00
    1.00
    1.00
    1.00
The feature will be discarded if the minimum of the maximal abs. value in it <    0.10000E-02
The faature will be discarded if the maximum of the maximal abs. value in it >     0.10000E+06
Size of the SIS-selected (single) subspace :  10000 10000
Operators for feature construction: (+)(-)(*) (+)(-)(*) (+)(-)(*) 
Method for sparse regression:  L0        
Fitting intercept:      T
Metric for model selection: RMSE
Number of the top-ranked models to output:      100
--------------------------------------------------------------------------------

Dimension:   1
-------------------
Feature Construction (FC) starts ...
Population Standard Deviation (SD) of the task 001:    9.17739
Total number of features in the space phi00:             20
Total number of features in the space phi01:            694
Total number of features in the space phi02:         231529
Total number of features in the space phi03:     6410968110
Size of the SIS-selected subspace from phi03:      10000
Time (second) used for this FC:         1169.88

Descriptor Identification (DI) starts ...
Total number of SIS-selected features from all dimensions:      10000
 
  1D descriptor: 
     d001 = ((feature13*(feature11*feature13))*((feature11+feature15)+(feature20-feature19)))    feature_ID:000001

  1D model(y=sum(ci*di)+c0): 
     coeff.(ci)_task001:     0.2968262222E+02
             c0_task001:     0.3988881317E+01
     RMSE,MaxAE_task001:     0.3274957418E+01    0.8142456987E+01

     RMSE and MaxAE of the model:   3.274957  8.142457
--------------------------------------------------------------------------------
Time (second) used for this DI:            0.12

Dimension:   2
-------------------
Feature Construction (FC) starts ...
Total number of features in the space phi00:             20
Total number of features in the space phi01:            694
Total number of features in the space phi02:         231529
Total number of features in the space phi03:     6410968110
Size of the SIS-selected subspace from phi03:      10000
Time (second) used for this FC:         1173.31

Descriptor Identification (DI) starts ...
Total number of SIS-selected features from all dimensions:      20000
 
Final model/descriptor !
================================================================================
  2D descriptor: 
     d001 = (((feature11-feature16)+(feature11-feature19))-(feature6+(feature9+feature18)))    feature_ID:000211
     d002 = (((feature1+feature14)-feature11)*((feature15-feature5)*(feature11-feature17)))    feature_ID:016667

  2D model(y=sum(ci*di)+c0): 
     coeff.(ci)_task001:     0.1033251186E+02   -0.3487214765E+02
             c0_task001:     0.1974395392E+02
     RMSE,MaxAE_task001:     0.2255755811E+01    0.5911217795E+01

     RMSE and MaxAE of the model:   2.255756  5.911218
================================================================================
Time (second) used for this DI:           25.72
Total time (second):         2369.70
Have a nice day !    

