****************************************************************
  Sure Independence Screening and Sparsifying Operator (SISSO)  
             Version SISSO.3.3, July, 2023.                
****************************************************************

Read in data from train.dat
Read in data from SISSO.in
Property type:     1
Number of tasks:        1
Descriptor dimension:        2
Number of samples for the task(s):     36
Restarts :  0
Number of scalar features:       17
Tier of the feature space:        3
Maximal feature complexity (number of operators in a feature):        6
Unit of input primary feature, each represented by a row vector: 
    1.00
    1.00
    1.00
    1.00
    1.00
    1.00
    1.00
    1.00
    1.00
    1.00
    1.00
    1.00
    1.00
    1.00
    1.00
    1.00
    1.00
The feature will be discarded if the minimum of the maximal abs. value in it <    0.10000E-02
The faature will be discarded if the maximum of the maximal abs. value in it >     0.10000E+06
Size of the SIS-selected (single) subspace :  10000 10000
Operators for feature construction: (+)(-)(*) (+)(-)(*) (+)(-)(*) 
Method for sparse regression:  L0        
Fitting intercept:      T
Metric for model selection: RMSE
Number of the top-ranked models to output:      100
--------------------------------------------------------------------------------

Dimension:   1
-------------------
Feature Construction (FC) starts ...
Population Standard Deviation (SD) of the task 001:   10.67706
Total number of features in the space phi00:             17
Total number of features in the space phi01:            513
Total number of features in the space phi02:         137449
Total number of features in the space phi03:     2510287144
Size of the SIS-selected subspace from phi03:      10000
Time (second) used for this FC:          443.95

Descriptor Identification (DI) starts ...
Total number of SIS-selected features from all dimensions:      10000
 
  1D descriptor: 
     d001 = ((feature16*(feature5+feature13))+((feature15-feature8)*(feature12+feature15)))    feature_ID:000001

  1D model(y=sum(ci*di)+c0): 
     coeff.(ci)_task001:    -0.2429492077E+02
             c0_task001:     0.2433179586E+02
     RMSE,MaxAE_task001:     0.5128805664E+01    0.1949751367E+02

     RMSE and MaxAE of the model:   5.128806 19.497514
--------------------------------------------------------------------------------
Time (second) used for this DI:            0.14

Dimension:   2
-------------------
Feature Construction (FC) starts ...
Total number of features in the space phi00:             17
Total number of features in the space phi01:            513
Total number of features in the space phi02:         137449
Total number of features in the space phi03:     2510287144
Size of the SIS-selected subspace from phi03:      10000
Time (second) used for this FC:          514.44

Descriptor Identification (DI) starts ...
Total number of SIS-selected features from all dimensions:      20000
 
Final model/descriptor !
================================================================================
  2D descriptor: 
     d001 = ((feature15*(feature5+feature9))+((feature16-feature8)*(feature11+feature17)))    feature_ID:002297
     d002 = ((feature8*(feature12-feature8))*((feature1-feature15)+(feature16-feature15)))    feature_ID:018760

  2D model(y=sum(ci*di)+c0): 
     coeff.(ci)_task001:    -0.2100937969E+02    0.4296248077E+02
             c0_task001:     0.1738839099E+02
     RMSE,MaxAE_task001:     0.3507320266E+01    0.1079597842E+02

     RMSE and MaxAE of the model:   3.507320 10.795978
================================================================================
Time (second) used for this DI:           25.61
Total time (second):          984.81
Have a nice day !    

