****************************************************************
  Sure Independence Screening and Sparsifying Operator (SISSO)  
             Version SISSO.3.3, July, 2023.                
****************************************************************

Read in data from train.dat
Read in data from SISSO.in
Property type:     1
Number of tasks:        1
Descriptor dimension:        2
Number of samples for the task(s):     36
Restarts :  0
Number of scalar features:       17
Tier of the feature space:        3
Maximal feature complexity (number of operators in a feature):        6
Unit of input primary feature, each represented by a row vector: 
    1.00
    1.00
    1.00
    1.00
    1.00
    1.00
    1.00
    1.00
    1.00
    1.00
    1.00
    1.00
    1.00
    1.00
    1.00
    1.00
    1.00
The feature will be discarded if the minimum of the maximal abs. value in it <    0.10000E-02
The faature will be discarded if the maximum of the maximal abs. value in it >     0.10000E+06
Size of the SIS-selected (single) subspace :  10000 10000
Operators for feature construction: (+)(-)(*) (+)(-)(*) (+)(-)(*) 
Method for sparse regression:  L0        
Fitting intercept:      T
Metric for model selection: RMSE
Number of the top-ranked models to output:      100
--------------------------------------------------------------------------------

Dimension:   1
-------------------
Feature Construction (FC) starts ...
Population Standard Deviation (SD) of the task 001:   22.43678
Total number of features in the space phi00:             17
Total number of features in the space phi01:            496
Total number of features in the space phi02:         112192
Total number of features in the space phi03:     1851657419
Size of the SIS-selected subspace from phi03:      10000
Time (second) used for this FC:          306.83

Descriptor Identification (DI) starts ...
Total number of SIS-selected features from all dimensions:      10000
 
  1D descriptor: 
     d001 = (((feature1+feature17)+(feature5-feature10))-((feature10+feature12)-feature7))    feature_ID:000001

  1D model(y=sum(ci*di)+c0): 
     coeff.(ci)_task001:    -0.1924839637E+02
             c0_task001:     0.2562525568E+02
     RMSE,MaxAE_task001:     0.1105023655E+02    0.3355777725E+02

     RMSE and MaxAE of the model:  11.050237 33.557777
--------------------------------------------------------------------------------
Time (second) used for this DI:            0.12

Dimension:   2
-------------------
Feature Construction (FC) starts ...
Total number of features in the space phi00:             17
Total number of features in the space phi01:            496
Total number of features in the space phi02:         112192
Total number of features in the space phi03:     1851657419
Size of the SIS-selected subspace from phi03:      10000
Time (second) used for this FC:          307.15

Descriptor Identification (DI) starts ...
Total number of SIS-selected features from all dimensions:      20000
 
Final model/descriptor !
================================================================================
  2D descriptor: 
     d001 = (((feature1+feature15)-feature10)+((feature17-feature10)-(feature10-feature7)))    feature_ID:000074
     d002 = (((feature12-feature14)-feature14)*((feature10-feature12)-(feature7+feature8)))    feature_ID:018046

  2D model(y=sum(ci*di)+c0): 
     coeff.(ci)_task001:    -0.2371399548E+02   -0.5388135392E+02
             c0_task001:     0.3320911211E+02
     RMSE,MaxAE_task001:     0.9066606200E+01    0.2960971662E+02

     RMSE and MaxAE of the model:   9.066606 29.609717
================================================================================
Time (second) used for this DI:           25.54
Total time (second):          641.11
Have a nice day !    

