****************************************************************
  Sure Independence Screening and Sparsifying Operator (SISSO)  
             Version SISSO.3.3, July, 2023.                
****************************************************************

Read in data from train.dat
Read in data from SISSO.in
Property type:     1
Number of tasks:        1
Descriptor dimension:        2
Number of samples for the task(s):     36
Restarts :  0
Number of scalar features:       20
Tier of the feature space:        3
Maximal feature complexity (number of operators in a feature):        6
Unit of input primary feature, each represented by a row vector: 
    1.00
    1.00
    1.00
    1.00
    1.00
    1.00
    1.00
    1.00
    1.00
    1.00
    1.00
    1.00
    1.00
    1.00
    1.00
    1.00
    1.00
    1.00
    1.00
    1.00
The feature will be discarded if the minimum of the maximal abs. value in it <    0.10000E-02
The faature will be discarded if the maximum of the maximal abs. value in it >     0.10000E+06
Size of the SIS-selected (single) subspace :  10000 10000
Operators for feature construction: (+)(-)(*) (+)(-)(*) (+)(-)(*) 
Method for sparse regression:  L0        
Fitting intercept:      T
Metric for model selection: RMSE
Number of the top-ranked models to output:      100
--------------------------------------------------------------------------------

Dimension:   1
-------------------
Feature Construction (FC) starts ...
Population Standard Deviation (SD) of the task 001:   20.73942
Total number of features in the space phi00:             20
Total number of features in the space phi01:            697
Total number of features in the space phi02:         234080
Total number of features in the space phi03:     6531669461
Size of the SIS-selected subspace from phi03:      10000
Time (second) used for this FC:         1181.62

Descriptor Identification (DI) starts ...
Total number of SIS-selected features from all dimensions:      10000
 
  1D descriptor: 
     d001 = (((feature12-feature14)-feature20)*((feature14+feature15)-(feature19-feature7)))    feature_ID:000001

  1D model(y=sum(ci*di)+c0): 
     coeff.(ci)_task001:    -0.3038025871E+02
             c0_task001:     0.2689159954E+02
     RMSE,MaxAE_task001:     0.1137227181E+02    0.3050107850E+02

     RMSE and MaxAE of the model:  11.372272 30.501078
--------------------------------------------------------------------------------
Time (second) used for this DI:            0.09

Dimension:   2
-------------------
Feature Construction (FC) starts ...
Total number of features in the space phi00:             20
Total number of features in the space phi01:            697
Total number of features in the space phi02:         234080
Total number of features in the space phi03:     6531669461
Size of the SIS-selected subspace from phi03:      10000
Time (second) used for this FC:         1183.00

Descriptor Identification (DI) starts ...
Total number of SIS-selected features from all dimensions:      20000
 
Final model/descriptor !
================================================================================
  2D descriptor: 
     d001 = (((feature18-feature14)-feature7)*((feature14-feature5)+(feature20-feature5)))    feature_ID:000238
     d002 = (((feature18-feature16)-feature3)*((feature11*feature12)-(feature13*feature15)))    feature_ID:013819

  2D model(y=sum(ci*di)+c0): 
     coeff.(ci)_task001:    -0.3151169451E+02    0.1402532005E+03
             c0_task001:     0.3902479404E+02
     RMSE,MaxAE_task001:     0.9420441847E+01    0.2718754245E+02

     RMSE and MaxAE of the model:   9.420442 27.187542
================================================================================
Time (second) used for this DI:           25.40
Total time (second):         2390.88
Have a nice day !    

