****************************************************************
  Sure Independence Screening and Sparsifying Operator (SISSO)  
             Version SISSO.3.3, July, 2023.                
****************************************************************

Read in data from train.dat
Read in data from SISSO.in
Property type:     1
Number of tasks:        1
Descriptor dimension:        2
Number of samples for the task(s):      6
Restarts :  0
Number of scalar features:        9
Tier of the feature space:        3
Maximal feature complexity (number of operators in a feature):        6
Unit of input primary feature, each represented by a row vector: 
    1.00
    1.00
    1.00
    1.00
    1.00
    1.00
    1.00
    1.00
    1.00
The feature will be discarded if the minimum of the maximal abs. value in it <    0.10000E-02
The faature will be discarded if the maximum of the maximal abs. value in it >     0.10000E+06
Size of the SIS-selected (single) subspace :  10000 10000
Operators for feature construction: (+)(-)(*) (+)(-)(*) (+)(-)(*) 
Method for sparse regression:  L0        
Fitting intercept:      T
Metric for model selection: RMSE
Number of the top-ranked models to output:      100
--------------------------------------------------------------------------------

Dimension:   1
-------------------
Feature Construction (FC) starts ...
Population Standard Deviation (SD) of the task 001:    6.16749
Total number of features in the space phi00:              9
Total number of features in the space phi01:            134
Total number of features in the space phi02:           8817
Total number of features in the space phi03:       21408104
Size of the SIS-selected subspace from phi03:      10000
Time (second) used for this FC:            5.98

Descriptor Identification (DI) starts ...
Total number of SIS-selected features from all dimensions:      10000
 
  1D descriptor: 
     d001 = ((feature4+(feature5+feature7))*((feature3-feature4)*(feature3-feature5)))    feature_ID:000001

  1D model(y=sum(ci*di)+c0): 
     coeff.(ci)_task001:     0.8249089296E+01
             c0_task001:     0.7080246708E+01
     RMSE,MaxAE_task001:     0.1328013911E+00    0.2461008284E+00

     RMSE and MaxAE of the model:   0.132801  0.246101
--------------------------------------------------------------------------------
Time (second) used for this DI:            0.10

Dimension:   2
-------------------
Feature Construction (FC) starts ...
Total number of features in the space phi00:              9
Total number of features in the space phi01:            134
Total number of features in the space phi02:           8817
Total number of features in the space phi03:       21408104
Size of the SIS-selected subspace from phi03:      10000
Time (second) used for this FC:            7.18

Descriptor Identification (DI) starts ...
Total number of SIS-selected features from all dimensions:      20000
 
Final model/descriptor !
================================================================================
  2D descriptor: 
     d001 = (((feature1+feature5)-feature3)*((feature4-feature7)+(feature4-feature8)))    feature_ID:000042
     d002 = (((feature1+feature9)-feature7)*((feature3*feature8)*(feature7+feature8)))    feature_ID:013188

  2D model(y=sum(ci*di)+c0): 
     coeff.(ci)_task001:     0.1241067087E+02    0.1948663335E+01
             c0_task001:     0.7507559433E+01
     RMSE,MaxAE_task001:     0.1159682570E-02    0.2174715642E-02

     RMSE and MaxAE of the model:   0.001160  0.002175
================================================================================
Time (second) used for this DI:           11.59
Total time (second):           25.73
Have a nice day !    

