****************************************************************
  Sure Independence Screening and Sparsifying Operator (SISSO)  
             Version SISSO.3.3, July, 2023.                
****************************************************************

Read in data from train.dat
Read in data from SISSO.in
Property type:     1
Number of tasks:        1
Descriptor dimension:        2
Number of samples for the task(s):     36
Restarts :  0
Number of scalar features:       23
Tier of the feature space:        3
Maximal feature complexity (number of operators in a feature):        6
Unit of input primary feature, each represented by a row vector: 
    1.00
    1.00
    1.00
    1.00
    1.00
    1.00
    1.00
    1.00
    1.00
    1.00
    1.00
    1.00
    1.00
    1.00
    1.00
    1.00
    1.00
    1.00
    1.00
    1.00
    1.00
    1.00
    1.00
The feature will be discarded if the minimum of the maximal abs. value in it <    0.10000E-02
The faature will be discarded if the maximum of the maximal abs. value in it >     0.10000E+06
Size of the SIS-selected (single) subspace :  10000 10000
Operators for feature construction: (+)(-)(*) (+)(-)(*) (+)(-)(*) 
Method for sparse regression:  L0        
Fitting intercept:      T
Metric for model selection: RMSE
Number of the top-ranked models to output:      100
--------------------------------------------------------------------------------

Dimension:   1
-------------------
Feature Construction (FC) starts ...
Population Standard Deviation (SD) of the task 001:   22.78361
Total number of features in the space phi00:             23
Total number of features in the space phi01:            926
Total number of features in the space phi02:         391719
Total number of features in the space phi03:    16345147300
Size of the SIS-selected subspace from phi03:      10000
Time (second) used for this FC:         2964.34

Descriptor Identification (DI) starts ...
Total number of SIS-selected features from all dimensions:      10000
 
  1D descriptor: 
     d001 = ((feature16*(feature13+feature15))+((feature16+feature23)*(feature22-feature17)))    feature_ID:000001

  1D model(y=sum(ci*di)+c0): 
     coeff.(ci)_task001:    -0.5955971178E+02
             c0_task001:     0.6483502688E+02
     RMSE,MaxAE_task001:     0.1059907523E+02    0.1991038801E+02

     RMSE and MaxAE of the model:  10.599075 19.910388
--------------------------------------------------------------------------------
Time (second) used for this DI:            0.11

Dimension:   2
-------------------
Feature Construction (FC) starts ...
Total number of features in the space phi00:             23
Total number of features in the space phi01:            926
Total number of features in the space phi02:         391719
Total number of features in the space phi03:    16345147300
Size of the SIS-selected subspace from phi03:      10000
Time (second) used for this FC:         2960.81

Descriptor Identification (DI) starts ...
Total number of SIS-selected features from all dimensions:      20000
 
Final model/descriptor !
================================================================================
  2D descriptor: 
     d001 = (((feature16+feature22)-feature17)*((feature13+feature15)+(feature23-feature20)))    feature_ID:005494
     d002 = (((feature16-feature19)-feature19)*((feature14-feature16)*(feature20-feature22)))    feature_ID:010016

  2D model(y=sum(ci*di)+c0): 
     coeff.(ci)_task001:    -0.6634953733E+02    0.2883885800E+03
             c0_task001:     0.6410808778E+02
     RMSE,MaxAE_task001:     0.7611917911E+01    0.1532635128E+02

     RMSE and MaxAE of the model:   7.611918 15.326351
================================================================================
Time (second) used for this DI:           26.93
Total time (second):         5954.57
Have a nice day !    

