****************************************************************
  Sure Independence Screening and Sparsifying Operator (SISSO)  
             Version SISSO.3.3, July, 2023.                
****************************************************************

Read in data from train.dat
Read in data from SISSO.in
Property type:     1
Number of tasks:        1
Descriptor dimension:        2
Number of samples for the task(s):     36
Restarts :  0
Number of scalar features:       21
Tier of the feature space:        3
Maximal feature complexity (number of operators in a feature):        6
Unit of input primary feature, each represented by a row vector: 
    1.00
    1.00
    1.00
    1.00
    1.00
    1.00
    1.00
    1.00
    1.00
    1.00
    1.00
    1.00
    1.00
    1.00
    1.00
    1.00
    1.00
    1.00
    1.00
    1.00
    1.00
The feature will be discarded if the minimum of the maximal abs. value in it <    0.10000E-02
The faature will be discarded if the maximum of the maximal abs. value in it >     0.10000E+06
Size of the SIS-selected (single) subspace :  10000 10000
Operators for feature construction: (+)(-)(*) (+)(-)(*) (+)(-)(*) 
Method for sparse regression:  L0        
Fitting intercept:      T
Metric for model selection: RMSE
Number of the top-ranked models to output:      100
--------------------------------------------------------------------------------

Dimension:   1
-------------------
Feature Construction (FC) starts ...
Population Standard Deviation (SD) of the task 001:   10.70737
Total number of features in the space phi00:             21
Total number of features in the space phi01:            753
Total number of features in the space phi02:         250576
Total number of features in the space phi03:     7636872291
Size of the SIS-selected subspace from phi03:      10000
Time (second) used for this FC:         1363.39

Descriptor Identification (DI) starts ...
Total number of SIS-selected features from all dimensions:      10000
 
  1D descriptor: 
     d001 = (((feature13-feature20)*(feature15+feature20))-(feature21*(feature1+feature18)))    feature_ID:000001

  1D model(y=sum(ci*di)+c0): 
     coeff.(ci)_task001:     0.1947298930E+02
             c0_task001:     0.1882981557E+02
     RMSE,MaxAE_task001:     0.4701542858E+01    0.1482364173E+02

     RMSE and MaxAE of the model:   4.701543 14.823642
--------------------------------------------------------------------------------
Time (second) used for this DI:            0.12

Dimension:   2
-------------------
Feature Construction (FC) starts ...
Total number of features in the space phi00:             21
Total number of features in the space phi01:            753
Total number of features in the space phi02:         250576
Total number of features in the space phi03:     7636872291
Size of the SIS-selected subspace from phi03:      10000
Time (second) used for this FC:         1352.00

Descriptor Identification (DI) starts ...
Total number of SIS-selected features from all dimensions:      20000
 
Final model/descriptor !
================================================================================
  2D descriptor: 
     d001 = (((feature13-feature20)*(feature18+feature20))-(feature18*(feature1+feature21)))    feature_ID:004245
     d002 = ((feature13*(feature15-feature17))*((feature13-feature15)-(feature8-feature2)))    feature_ID:017046

  2D model(y=sum(ci*di)+c0): 
     coeff.(ci)_task001:     0.2398622825E+02    0.3881905271E+02
             c0_task001:     0.2171523983E+02
     RMSE,MaxAE_task001:     0.3337687577E+01    0.7230689113E+01

     RMSE and MaxAE of the model:   3.337688  7.230689
================================================================================
Time (second) used for this DI:           25.42
Total time (second):         2741.96
Have a nice day !    

