****************************************************************
  Sure Independence Screening and Sparsifying Operator (SISSO)  
             Version SISSO.3.3, July, 2023.                
****************************************************************

Read in data from train.dat
Read in data from SISSO.in
Property type:     1
Number of tasks:        1
Descriptor dimension:        2
Number of samples for the task(s):     36
Restarts :  0
Number of scalar features:       17
Tier of the feature space:        3
Maximal feature complexity (number of operators in a feature):        6
Unit of input primary feature, each represented by a row vector: 
    1.00
    1.00
    1.00
    1.00
    1.00
    1.00
    1.00
    1.00
    1.00
    1.00
    1.00
    1.00
    1.00
    1.00
    1.00
    1.00
    1.00
The feature will be discarded if the minimum of the maximal abs. value in it <    0.10000E-02
The faature will be discarded if the maximum of the maximal abs. value in it >     0.10000E+06
Size of the SIS-selected (single) subspace :  10000 10000
Operators for feature construction: (+)(-)(*) (+)(-)(*) (+)(-)(*) 
Method for sparse regression:  L0        
Fitting intercept:      T
Metric for model selection: RMSE
Number of the top-ranked models to output:      100
--------------------------------------------------------------------------------

Dimension:   1
-------------------
Feature Construction (FC) starts ...
Population Standard Deviation (SD) of the task 001:   23.05206
Total number of features in the space phi00:             17
Total number of features in the space phi01:            499
Total number of features in the space phi02:         114782
Total number of features in the space phi03:     1912974004
Size of the SIS-selected subspace from phi03:      10000
Time (second) used for this FC:          337.38

Descriptor Identification (DI) starts ...
Total number of SIS-selected features from all dimensions:      10000
 
  1D descriptor: 
     d001 = (((feature14-feature16)*(feature15-feature17))-(feature12*(feature10-feature7)))    feature_ID:000001

  1D model(y=sum(ci*di)+c0): 
     coeff.(ci)_task001:    -0.6829213129E+02
             c0_task001:     0.1347639283E+02
     RMSE,MaxAE_task001:     0.1280803798E+02    0.3504134945E+02

     RMSE and MaxAE of the model:  12.808038 35.041349
--------------------------------------------------------------------------------
Time (second) used for this DI:            0.11

Dimension:   2
-------------------
Feature Construction (FC) starts ...
Total number of features in the space phi00:             17
Total number of features in the space phi01:            499
Total number of features in the space phi02:         114782
Total number of features in the space phi03:     1912974004
Size of the SIS-selected subspace from phi03:      10000
Time (second) used for this FC:          339.52

Descriptor Identification (DI) starts ...
Total number of SIS-selected features from all dimensions:      20000
 
Final model/descriptor !
================================================================================
  2D descriptor: 
     d001 = ((feature17*(feature10-feature15))+((feature11-feature12)*(feature13-feature12)))    feature_ID:002301
     d002 = (((feature12-feature2)-feature8)*((feature13-feature14)*(feature15-feature17)))    feature_ID:012707

  2D model(y=sum(ci*di)+c0): 
     coeff.(ci)_task001:     0.4151888076E+02    0.2886559790E+03
             c0_task001:     0.4334299329E+02
     RMSE,MaxAE_task001:     0.8186900078E+01    0.1994515957E+02

     RMSE and MaxAE of the model:   8.186900 19.945160
================================================================================
Time (second) used for this DI:           25.61
Total time (second):          703.23
Have a nice day !    

