forrtl: No such file or directory
forrtl: No such file or directory
forrtl: No such file or directory
forrtl: No such file or directory
forrtl: No such file or directory
forrtl: No such file or directory
forrtl: No such file or directory
forrtl: No such file or directory
forrtl: No such file or directory
forrtl: No such file or directory
forrtl: severe (29): file not found, unit 0, file /scratch/user/peterchao1/Plastic_Crystal/extra_molecules/update_42/v8/year_2/S/SISSO.in
Image              PC                Routine            Line        Source             
SISSO_3.3          0000000000493B3C  Unknown               Unknown  Unknown
SISSO_3.3          00000000004A9FCE  Unknown               Unknown  Unknown
SISSO_3.3          000000000048CF5F  Unknown               Unknown  Unknown
SISSO_3.3          000000000048557C  Unknown               Unknown  Unknown
SISSO_3.3          000000000040362E  Unknown               Unknown  Unknown
libc-2.17.so       00002BA06087D555  __libc_start_main     Unknown  Unknown
SISSO_3.3          0000000000403529  Unknown               Unknown  Unknown
forrtl: severe (29): file not found, unit 0, file /scratch/user/peterchao1/Plastic_Crystal/extra_molecules/update_42/v8/year_2/S/SISSO.in
Image              PC                Routine            Line        Source             
SISSO_3.3          0000000000493B3C  Unknown               Unknown  Unknown
SISSO_3.3          00000000004A9FCE  Unknown               Unknown  Unknown
SISSO_3.3          000000000048CF5F  Unknown               Unknown  Unknown
SISSO_3.3          000000000048557C  Unknown               Unknown  Unknown
SISSO_3.3          000000000040362E  Unknown               Unknown  Unknown
libc-2.17.so       00002AFA426A0555  __libc_start_main     Unknown  Unknown
SISSO_3.3          0000000000403529  Unknown               Unknown  Unknown
forrtl: severe (29): file not found, unit 0, file /scratch/user/peterchao1/Plastic_Crystal/extra_molecules/update_42/v8/year_2/S/SISSO.in
Image              PC                Routine            Line        Source             
SISSO_3.3          0000000000493B3C  Unknown               Unknown  Unknown
SISSO_3.3          00000000004A9FCE  Unknown               Unknown  Unknown
SISSO_3.3          000000000048CF5F  Unknown               Unknown  Unknown
SISSO_3.3          000000000048557C  Unknown               Unknown  Unknown
SISSO_3.3          000000000040362E  Unknown               Unknown  Unknown
libc-2.17.so       00002B66A2D20555  __libc_start_main     Unknown  Unknown
SISSO_3.3          0000000000403529  Unknown               Unknown  Unknown
forrtl: severe (29): file not found, unit 0, file /scratch/user/peterchao1/Plastic_Crystal/extra_molecules/update_42/v8/year_2/S/SISSO.in
Image              PC                Routine            Line        Source             
SISSO_3.3          0000000000493B3C  Unknown               Unknown  Unknown
SISSO_3.3          00000000004A9FCE  Unknown               Unknown  Unknown
SISSO_3.3          000000000048CF5F  Unknown               Unknown  Unknown
SISSO_3.3          000000000048557C  Unknown               Unknown  Unknown
SISSO_3.3          000000000040362E  Unknown               Unknown  Unknown
libc-2.17.so       00002B042505D555  __libc_start_main     Unknown  Unknown
SISSO_3.3          0000000000403529  Unknown               Unknown  Unknown
forrtl: severe (29): file not found, unit 0, file /scratch/user/peterchao1/Plastic_Crystal/extra_molecules/update_42/v8/year_2/S/SISSO.in
Image              PC                Routine            Line        Source             
SISSO_3.3          0000000000493B3C  Unknown               Unknown  Unknown
SISSO_3.3          00000000004A9FCE  Unknown               Unknown  Unknown
SISSO_3.3          000000000048CF5F  Unknown               Unknown  Unknown
SISSO_3.3          000000000048557C  Unknown               Unknown  Unknown
SISSO_3.3          000000000040362E  Unknown               Unknown  Unknown
libc-2.17.so       00002B0157258555  __libc_start_main     Unknown  Unknown
SISSO_3.3          0000000000403529  Unknown               Unknown  Unknown
forrtl: severe (29): file not found, unit 0, file /scratch/user/peterchao1/Plastic_Crystal/extra_molecules/update_42/v8/year_2/S/SISSO.in
Image              PC                Routine            Line        Source             
SISSO_3.3          0000000000493B3C  Unknown               Unknown  Unknown
SISSO_3.3          00000000004A9FCE  Unknown               Unknown  Unknown
SISSO_3.3          000000000048CF5F  Unknown               Unknown  Unknown
SISSO_3.3          000000000048557C  Unknown               Unknown  Unknown
SISSO_3.3          000000000040362E  Unknown               Unknown  Unknown
libc-2.17.so       00002B84416F3555  __libc_start_main     Unknown  Unknown
SISSO_3.3          0000000000403529  Unknown               Unknown  Unknown
forrtl: severe (29): file not found, unit 0, file /scratch/user/peterchao1/Plastic_Crystal/extra_molecules/update_42/v8/year_2/S/SISSO.in
Image              PC                Routine            Line        Source             
SISSO_3.3          0000000000493B3C  Unknown               Unknown  Unknown
SISSO_3.3          00000000004A9FCE  Unknown               Unknown  Unknown
SISSO_3.3          000000000048CF5F  Unknown               Unknown  Unknown
SISSO_3.3          000000000048557C  Unknown               Unknown  Unknown
SISSO_3.3          000000000040362E  Unknown               Unknown  Unknown
libc-2.17.so       00002B4875B72555  __libc_start_main     Unknown  Unknown
SISSO_3.3          0000000000403529  Unknown               Unknown  Unknown
forrtl: severe (29): file not found, unit 0, file /scratch/user/peterchao1/Plastic_Crystal/extra_molecules/update_42/v8/year_2/S/SISSO.in
Image              PC                Routine            Line        Source             
SISSO_3.3          0000000000493B3C  Unknown               Unknown  Unknown
SISSO_3.3          00000000004A9FCE  Unknown               Unknown  Unknown
SISSO_3.3          000000000048CF5F  Unknown               Unknown  Unknown
SISSO_3.3          000000000048557C  Unknown               Unknown  Unknown
SISSO_3.3          000000000040362E  Unknown               Unknown  Unknown
libc-2.17.so       00002B023BD04555  __libc_start_main     Unknown  Unknown
SISSO_3.3          0000000000403529  Unknown               Unknown  Unknown
forrtl: severe (29): file not found, unit 0, file /scratch/user/peterchao1/Plastic_Crystal/extra_molecules/update_42/v8/year_2/S/SISSO.in
Image              PC                Routine            Line        Source             
SISSO_3.3          0000000000493B3C  Unknown               Unknown  Unknown
SISSO_3.3          00000000004A9FCE  Unknown               Unknown  Unknown
SISSO_3.3          000000000048CF5F  Unknown               Unknown  Unknown
SISSO_3.3          000000000048557C  Unknown               Unknown  Unknown
SISSO_3.3          000000000040362E  Unknown               Unknown  Unknown
libc-2.17.so       00002B49A687A555  __libc_start_main     Unknown  Unknown
SISSO_3.3          0000000000403529  Unknown               Unknown  Unknown
forrtl: severe (29): file not found, unit 0, file /scratch/user/peterchao1/Plastic_Crystal/extra_molecules/update_42/v8/year_2/S/SISSO.in
Image              PC                Routine            Line        Source             
SISSO_3.3          0000000000493B3C  Unknown               Unknown  Unknown
SISSO_3.3          00000000004A9FCE  Unknown               Unknown  Unknown
SISSO_3.3          000000000048CF5F  Unknown               Unknown  Unknown
SISSO_3.3          000000000048557C  Unknown               Unknown  Unknown
SISSO_3.3          000000000040362E  Unknown               Unknown  Unknown
libc-2.17.so       00002B1D7A091555  __libc_start_main     Unknown  Unknown
SISSO_3.3          0000000000403529  Unknown               Unknown  Unknown
