****************************************************************
  Sure Independence Screening and Sparsifying Operator (SISSO)  
             Version SISSO.3.3, July, 2023.                
****************************************************************

Read in data from train.dat
Read in data from SISSO.in
Property type:     1
Number of tasks:        1
Descriptor dimension:        2
Number of samples for the task(s):     36
Restarts :  0
Number of scalar features:       19
Tier of the feature space:        3
Maximal feature complexity (number of operators in a feature):        6
Unit of input primary feature, each represented by a row vector: 
    1.00
    1.00
    1.00
    1.00
    1.00
    1.00
    1.00
    1.00
    1.00
    1.00
    1.00
    1.00
    1.00
    1.00
    1.00
    1.00
    1.00
    1.00
    1.00
The feature will be discarded if the minimum of the maximal abs. value in it <    0.10000E-02
The faature will be discarded if the maximum of the maximal abs. value in it >     0.10000E+06
Size of the SIS-selected (single) subspace :  10000 10000
Operators for feature construction: (+)(-)(*) (+)(-)(*) (+)(-)(*) 
Method for sparse regression:  L0        
Fitting intercept:      T
Metric for model selection: RMSE
Number of the top-ranked models to output:      100
--------------------------------------------------------------------------------

Dimension:   1
-------------------
Feature Construction (FC) starts ...
Population Standard Deviation (SD) of the task 001:   96.50613
Total number of features in the space phi00:             19
Total number of features in the space phi01:            636
Total number of features in the space phi02:         198801
Total number of features in the space phi03:     4873955199
Size of the SIS-selected subspace from phi03:      10000
Time (second) used for this FC:          895.67

Descriptor Identification (DI) starts ...
Total number of SIS-selected features from all dimensions:      10000
 
  1D descriptor: 
     d001 = (((feature1+feature18)-feature10)+((feature6+feature8)-(feature10+feature13)))    feature_ID:000001

  1D model(y=sum(ci*di)+c0): 
     coeff.(ci)_task001:    -0.1244995026E+03
             c0_task001:     0.1610752196E+03
     RMSE,MaxAE_task001:     0.3065627858E+02    0.6812102038E+02

     RMSE and MaxAE of the model:  30.656279 68.121020
--------------------------------------------------------------------------------
Time (second) used for this DI:            0.12

Dimension:   2
-------------------
Feature Construction (FC) starts ...
Total number of features in the space phi00:             19
Total number of features in the space phi01:            636
Total number of features in the space phi02:         198801
Total number of features in the space phi03:     4873955199
Size of the SIS-selected subspace from phi03:      10000
Time (second) used for this FC:          893.64

Descriptor Identification (DI) starts ...
Total number of SIS-selected features from all dimensions:      20000
 
Final model/descriptor !
================================================================================
  2D descriptor: 
     d001 = (((feature1+feature18)-feature10)+((feature6+feature8)-(feature13+feature15)))    feature_ID:000042
     d002 = (((feature17-feature18)-feature7)*((feature10+feature11)*(feature14-feature18)))    feature_ID:010366

  2D model(y=sum(ci*di)+c0): 
     coeff.(ci)_task001:    -0.1444983985E+03   -0.1822088043E+03
             c0_task001:     0.1690549906E+03
     RMSE,MaxAE_task001:     0.2024535415E+02    0.5493140016E+02

     RMSE and MaxAE of the model:  20.245354 54.931400
================================================================================
Time (second) used for this DI:           25.53
Total time (second):         1815.95
Have a nice day !    

